[2022-12-14 11:39:12] [INFO   ] cannot read configuration file config.properties trying from resources.
[2022-12-14 11:39:12] [INFO   ] configuration file was loaded from resources directory.
[2022-12-14 11:39:14] [SEVERE ] placing card 22 in slot 4
[2022-12-14 11:39:14] [SEVERE ] placing card 12 in slot 10
[2022-12-14 11:39:14] [SEVERE ] placing card 30 in slot 1
[2022-12-14 11:39:14] [SEVERE ] placing card 27 in slot 8
[2022-12-14 11:39:14] [SEVERE ] placing card 2 in slot 5
[2022-12-14 11:39:14] [SEVERE ] placing card 79 in slot 6
[2022-12-14 11:39:14] [SEVERE ] placing card 32 in slot 2
[2022-12-14 11:39:14] [SEVERE ] placing card 58 in slot 7
[2022-12-14 11:39:14] [SEVERE ] placing card 60 in slot 9
[2022-12-14 11:39:14] [SEVERE ] placing card 3 in slot 0
[2022-12-14 11:39:14] [SEVERE ] placing card 7 in slot 3
[2022-12-14 11:39:14] [SEVERE ] placing card 70 in slot 11
[2022-12-14 11:39:14] [SEVERE ] player 1 placing token on slot 11
[2022-12-14 11:39:14] [SEVERE ] player 2 placing token on slot 5
[2022-12-14 11:39:14] [SEVERE ] player 3 placing token on slot 6
[2022-12-14 11:39:14] [SEVERE ] player 0 placing token on slot 4
[2022-12-14 11:39:14] [SEVERE ] player 1 placing token on slot 9
[2022-12-14 11:39:14] [SEVERE ] player 2 placing token on slot 6
[2022-12-14 11:39:14] [SEVERE ] removing player 0 token from slot 4
[2022-12-14 11:39:15] [SEVERE ] player 3 placing token on slot 3
[2022-12-14 11:39:15] [SEVERE ] player 1 placing token on slot 10
[2022-12-14 11:39:15] [SEVERE ] player 2 placing token on slot 9
[2022-12-14 11:39:15] [SEVERE ] player 0 placing token on slot 1
[2022-12-14 11:39:15] [SEVERE ] player 3 placing token on slot 11
[2022-12-14 11:39:15] [SEVERE ] setting player 1 freeze to 0
[2022-12-14 11:39:15] [SEVERE ] setting player 2 freeze to 0
[2022-12-14 11:39:15] [SEVERE ] removing player 1 token from slot 11
[2022-12-14 11:39:15] [SEVERE ] removing player 2 token from slot 5
[2022-12-14 11:39:15] [SEVERE ] setting player 3 freeze to 0
[2022-12-14 11:39:15] [SEVERE ] player 0 placing token on slot 5
[2022-12-14 11:39:15] [SEVERE ] removing player 3 token from slot 6
[2022-12-14 11:39:15] [SEVERE ] player 0 placing token on slot 0
[2022-12-14 11:39:15] [SEVERE ] setting player 0 freeze to 0
[2022-12-14 11:39:15] [SEVERE ] removing player 0 token from slot 5
[2022-12-14 11:39:15] [SEVERE ] setting player 1 freeze to -829
[2022-12-14 11:39:15] [SEVERE ] setting player 2 freeze to -801
[2022-12-14 11:39:15] [SEVERE ] setting player 0 freeze to -682
[2022-12-14 11:39:15] [SEVERE ] setting player 3 freeze to -783
[2022-12-14 11:39:15] [SEVERE ] player 1 placing token on slot 5
[2022-12-14 11:39:15] [SEVERE ] player 2 placing token on slot 0
[2022-12-14 11:39:15] [SEVERE ] player 0 placing token on slot 11
[2022-12-14 11:39:15] [SEVERE ] player 3 placing token on slot 8
[2022-12-14 11:39:15] [SEVERE ] setting player 2 freeze to 0
[2022-12-14 11:39:15] [SEVERE ] setting player 1 freeze to 0
[2022-12-14 11:39:15] [SEVERE ] removing player 2 token from slot 6
[2022-12-14 11:39:15] [SEVERE ] removing player 3 token from slot 11
[2022-12-14 11:39:15] [SEVERE ] removing player 1 token from slot 5
[2022-12-14 11:39:15] [SEVERE ] removing player 0 token from slot 1
[2022-12-14 11:39:16] [SEVERE ] setting player 0 freeze to 0
[2022-12-14 11:39:16] [SEVERE ] setting player 3 freeze to 0
[2022-12-14 11:39:16] [SEVERE ] player 3 placing token on slot 10
[2022-12-14 11:39:16] [SEVERE ] player 0 placing token on slot 5
[2022-12-14 11:39:16] [SEVERE ] setting player 3 freeze to -879
[2022-12-14 11:39:16] [SEVERE ] setting player 0 freeze to -881
[2022-12-14 11:39:16] [SEVERE ] setting player 1 freeze to -894
[2022-12-14 11:39:16] [SEVERE ] setting player 2 freeze to -896
[2022-12-14 11:39:16] [SEVERE ] removing player 3 token from slot 3
[2022-12-14 11:39:16] [SEVERE ] removing player 0 token from slot 5
[2022-12-14 11:39:16] [SEVERE ] removing player 2 token from slot 9
[2022-12-14 11:39:16] [SEVERE ] player 1 placing token on slot 6
[2022-12-14 11:39:16] [SEVERE ] player 3 placing token on slot 5
[2022-12-14 11:39:16] [SEVERE ] player 0 placing token on slot 7
[2022-12-14 11:39:16] [SEVERE ] removing player 1 token from slot 10
[2022-12-14 11:39:16] [SEVERE ] player 2 placing token on slot 10
[2022-12-14 11:39:16] [SEVERE ] setting player 1 freeze to 0
[2022-12-14 11:39:17] [SEVERE ] setting player 3 freeze to 0
[2022-12-14 11:39:17] [SEVERE ] setting player 0 freeze to 0
[2022-12-14 11:39:17] [SEVERE ] removing player 3 token from slot 8
[2022-12-14 11:39:17] [SEVERE ] removing player 0 token from slot 0
[2022-12-14 11:39:17] [SEVERE ] player 2 placing token on slot 9
[2022-12-14 11:39:17] [SEVERE ] player 1 placing token on slot 11
[2022-12-14 11:39:17] [SEVERE ] setting player 2 freeze to 0
[2022-12-14 11:39:17] [SEVERE ] removing player 2 token from slot 9
[2022-12-14 11:39:17] [SEVERE ] setting player 3 freeze to -847
[2022-12-14 11:39:17] [SEVERE ] setting player 1 freeze to -889
[2022-12-14 11:39:17] [SEVERE ] setting player 0 freeze to -846
[2022-12-14 11:39:17] [SEVERE ] setting player 2 freeze to -796
[2022-12-14 11:39:17] [SEVERE ] removing player 1 token from slot 11
[2022-12-14 11:39:17] [SEVERE ] removing player 3 token from slot 5
[2022-12-14 11:39:17] [SEVERE ] player 2 placing token on slot 5
[2022-12-14 11:39:17] [SEVERE ] player 0 placing token on slot 3
[2022-12-14 11:39:17] [SEVERE ] player 3 placing token on slot 6
[2022-12-14 11:39:17] [SEVERE ] setting player 0 freeze to 0
[2022-12-14 11:39:17] [SEVERE ] setting player 2 freeze to 0
[2022-12-14 11:39:17] [SEVERE ] removing player 2 token from slot 10
[2022-12-14 11:39:17] [SEVERE ] removing player 0 token from slot 3
[2022-12-14 11:39:17] [SEVERE ] player 1 placing token on slot 5
[2022-12-14 11:39:18] [SEVERE ] setting player 1 freeze to 0
[2022-12-14 11:39:18] [SEVERE ] player 3 placing token on slot 9
[2022-12-14 11:39:18] [SEVERE ] removing player 1 token from slot 9
[2022-12-14 11:39:18] [SEVERE ] setting player 3 freeze to 0
[2022-12-14 11:39:18] [SEVERE ] removing player 3 token from slot 6
[2022-12-14 11:39:18] [SEVERE ] setting player 2 freeze to -895
[2022-12-14 11:39:18] [SEVERE ] setting player 0 freeze to -896
[2022-12-14 11:39:18] [SEVERE ] setting player 1 freeze to -849
[2022-12-14 11:39:18] [SEVERE ] setting player 3 freeze to -798
[2022-12-14 11:39:18] [SEVERE ] player 2 placing token on slot 3
[2022-12-14 11:39:18] [SEVERE ] removing player 1 token from slot 5
[2022-12-14 11:39:18] [SEVERE ] player 0 placing token on slot 8
[2022-12-14 11:39:18] [SEVERE ] player 3 placing token on slot 5
[2022-12-14 11:39:18] [SEVERE ] setting player 0 freeze to 0
[2022-12-14 11:39:18] [SEVERE ] player 1 placing token on slot 9
[2022-12-14 11:39:18] [SEVERE ] removing player 0 token from slot 8
[2022-12-14 11:39:18] [SEVERE ] removing player 2 token from slot 0
[2022-12-14 11:39:19] [SEVERE ] removing card from slot 0
[2022-12-14 11:39:19] [SEVERE ] removing player 2 token from slot 5
[2022-12-14 11:39:19] [SEVERE ] removing card from slot 5
[2022-12-14 11:39:19] [SEVERE ] removing player 3 token from slot 5
[2022-12-14 11:39:19] [SEVERE ] removing player 2 token from slot 3
[2022-12-14 11:39:19] [SEVERE ] removing card from slot 3
[2022-12-14 11:39:19] [SEVERE ] setting player 2 score to 1
[2022-12-14 11:39:19] [SEVERE ] removing player 2 token from slot 5
[2022-12-14 11:39:19] [SEVERE ] setting player 2 freeze to 0
[2022-12-14 11:39:19] [SEVERE ] player 1 placing token on slot 5
[2022-12-14 11:39:19] [SEVERE ] removing player 3 token from slot 9
[2022-12-14 11:39:19] [SEVERE ] player 3 placing token on slot 9
[2022-12-14 11:39:19] [SEVERE ] removing player 1 token from slot 6
[2022-12-14 11:39:19] [SEVERE ] removing player 3 token from slot 10
[2022-12-14 11:39:19] [SEVERE ] player 1 placing token on slot 1
[2022-12-14 11:39:19] [SEVERE ] removing player 1 token from slot 9
[2022-12-14 11:39:19] [SEVERE ] player 3 placing token on slot 4
[2022-12-14 11:39:19] [SEVERE ] player 1 placing token on slot 9
[2022-12-14 11:39:19] [SEVERE ] player 3 placing token on slot 2
[2022-12-14 11:39:19] [SEVERE ] removing player 1 token from slot 9
[2022-12-14 11:39:19] [SEVERE ] removing player 3 token from slot 9
[2022-12-14 11:39:19] [SEVERE ] player 1 placing token on slot 8
[2022-12-14 11:39:19] [SEVERE ] player 3 placing token on slot 11
[2022-12-14 11:39:19] [SEVERE ] removing player 1 token from slot 5
[2022-12-14 11:39:19] [SEVERE ] removing player 3 token from slot 4
[2022-12-14 11:39:19] [SEVERE ] player 1 placing token on slot 11
[2022-12-14 11:39:19] [SEVERE ] removing player 3 token from slot 2
[2022-12-14 11:39:19] [SEVERE ] removing player 1 token from slot 11
[2022-12-14 11:39:19] [SEVERE ] removing player 3 token from slot 11
[2022-12-14 11:39:19] [SEVERE ] removing player 1 token from slot 1
[2022-12-14 11:39:19] [SEVERE ] player 3 placing token on slot 1
[2022-12-14 11:39:19] [SEVERE ] player 1 placing token on slot 7
[2022-12-14 11:39:19] [SEVERE ] player 3 placing token on slot 4
[2022-12-14 11:39:19] [SEVERE ] removing player 1 token from slot 8
[2022-12-14 11:39:19] [SEVERE ] removing player 3 token from slot 1
[2022-12-14 11:39:19] [SEVERE ] setting player 2 freeze to -680
[2022-12-14 11:39:19] [SEVERE ] setting player 0 freeze to -897
[2022-12-14 11:39:19] [SEVERE ] setting player 3 freeze to 0
[2022-12-14 11:39:19] [SEVERE ] setting player 1 freeze to 0
[2022-12-14 11:39:19] [SEVERE ] player 1 placing token on slot 9
[2022-12-14 11:39:19] [SEVERE ] player 3 placing token on slot 11
[2022-12-14 11:39:19] [SEVERE ] placing card 55 in slot 3
[2022-12-14 11:39:19] [SEVERE ] placing card 15 in slot 5
[2022-12-14 11:39:20] [SEVERE ] placing card 51 in slot 0
[2022-12-14 11:39:20] [SEVERE ] player 0 placing token on slot 9
[2022-12-14 11:39:20] [SEVERE ] player 2 placing token on slot 6
[2022-12-14 11:39:20] [SEVERE ] setting player 0 freeze to 0
[2022-12-14 11:39:20] [SEVERE ] player 2 placing token on slot 10
[2022-12-14 11:39:20] [SEVERE ] removing player 0 token from slot 9
[2022-12-14 11:39:20] [SEVERE ] player 2 placing token on slot 7
[2022-12-14 11:39:20] [SEVERE ] setting player 2 freeze to 0
[2022-12-14 11:39:20] [SEVERE ] removing player 2 token from slot 7
[2022-12-14 11:39:20] [SEVERE ] setting player 2 freeze to -642
[2022-12-14 11:39:20] [SEVERE ] setting player 1 freeze to -1001
[2022-12-14 11:39:20] [SEVERE ] setting player 0 freeze to -789
[2022-12-14 11:39:20] [SEVERE ] setting player 3 freeze to -1001
[2022-12-14 11:39:20] [SEVERE ] player 1 placing token on slot 10
[2022-12-14 11:39:20] [SEVERE ] removing player 3 token from slot 11
[2022-12-14 11:39:20] [SEVERE ] player 2 placing token on slot 8
[2022-12-14 11:39:20] [SEVERE ] player 0 placing token on slot 2
[2022-12-14 11:39:20] [SEVERE ] removing player 1 token from slot 10
[2022-12-14 11:39:20] [SEVERE ] setting player 0 freeze to 0
[2022-12-14 11:39:20] [SEVERE ] player 3 placing token on slot 6
[2022-12-14 11:39:20] [SEVERE ] removing player 2 token from slot 6
[2022-12-14 11:39:20] [SEVERE ] removing player 0 token from slot 11
[2022-12-14 11:39:20] [SEVERE ] setting player 1 freeze to 0
[2022-12-14 11:39:20] [SEVERE ] setting player 2 freeze to 0
[2022-12-14 11:39:21] [SEVERE ] player 1 placing token on slot 11
[2022-12-14 11:39:21] [SEVERE ] player 3 placing token on slot 7
[2022-12-14 11:39:21] [SEVERE ] player 2 placing token on slot 3
[2022-12-14 11:39:21] [SEVERE ] setting player 3 freeze to 0
[2022-12-14 11:39:21] [SEVERE ] removing player 3 token from slot 7
[2022-12-14 11:39:21] [SEVERE ] setting player 3 freeze to -794
[2022-12-14 11:39:21] [SEVERE ] setting player 2 freeze to -891
[2022-12-14 11:39:21] [SEVERE ] setting player 0 freeze to -897
[2022-12-14 11:39:21] [SEVERE ] setting player 1 freeze to -892
[2022-12-14 11:39:21] [SEVERE ] player 3 placing token on slot 5
[2022-12-14 11:39:21] [SEVERE ] removing player 2 token from slot 10
[2022-12-14 11:39:21] [SEVERE ] player 0 placing token on slot 3
[2022-12-14 11:39:21] [SEVERE ] removing player 1 token from slot 9
[2022-12-14 11:39:21] [SEVERE ] removing player 3 token from slot 5
[2022-12-14 11:39:21] [SEVERE ] setting player 0 freeze to 0
[2022-12-14 11:39:21] [SEVERE ] removing player 0 token from slot 3
[2022-12-14 11:39:21] [SEVERE ] player 2 placing token on slot 4
[2022-12-14 11:39:21] [SEVERE ] setting player 3 freeze to 0
[2022-12-14 11:39:21] [SEVERE ] player 1 placing token on slot 1
[2022-12-14 11:39:22] [SEVERE ] setting player 2 freeze to 0
[2022-12-14 11:39:22] [SEVERE ] player 3 placing token on slot 10
[2022-12-14 11:39:22] [SEVERE ] setting player 1 freeze to 0
[2022-12-14 11:39:22] [SEVERE ] removing player 2 token from slot 8
[2022-12-14 11:39:22] [SEVERE ] removing player 1 token from slot 1
[2022-12-14 11:39:22] [SEVERE ] setting player 3 freeze to -894
[2022-12-14 11:39:22] [SEVERE ] setting player 0 freeze to -897
[2022-12-14 11:39:22] [SEVERE ] setting player 2 freeze to -849
[2022-12-14 11:39:22] [SEVERE ] setting player 1 freeze to -845
[2022-12-14 11:39:22] [SEVERE ] player 0 placing token on slot 1
[2022-12-14 11:39:22] [SEVERE ] player 2 placing token on slot 9
[2022-12-14 11:39:22] [SEVERE ] removing player 3 token from slot 10
[2022-12-14 11:39:22] [SEVERE ] player 1 placing token on slot 2
[2022-12-14 11:39:22] [SEVERE ] setting player 0 freeze to 0
[2022-12-14 11:39:22] [SEVERE ] removing player 0 token from slot 2
[2022-12-14 11:39:22] [SEVERE ] player 3 placing token on slot 3
[2022-12-14 11:39:22] [SEVERE ] removing player 2 token from slot 9
[2022-12-14 11:39:22] [SEVERE ] removing player 1 token from slot 2
[2022-12-14 11:39:22] [SEVERE ] setting player 2 freeze to 0
[2022-12-14 11:39:22] [SEVERE ] setting player 1 freeze to 0
[2022-12-14 11:39:23] [SEVERE ] setting player 3 freeze to 0
[2022-12-14 11:39:23] [SEVERE ] removing player 3 token from slot 6
[2022-12-14 11:39:23] [SEVERE ] player 1 placing token on slot 2
[2022-12-14 11:39:23] [SEVERE ] player 2 placing token on slot 0
[2022-12-14 11:39:23] [SEVERE ] setting player 0 freeze to -943
[2022-12-14 11:39:23] [SEVERE ] setting player 3 freeze to -844
[2022-12-14 11:39:23] [SEVERE ] setting player 2 freeze to -890
[2022-12-14 11:39:23] [SEVERE ] setting player 1 freeze to -889
[2022-12-14 11:39:23] [SEVERE ] removing player 2 token from slot 3
[2022-12-14 11:39:23] [SEVERE ] player 3 placing token on slot 9
[2022-12-14 11:39:23] [SEVERE ] player 0 placing token on slot 6
[2022-12-14 11:39:23] [SEVERE ] removing player 1 token from slot 7
[2022-12-14 11:39:23] [SEVERE ] player 2 placing token on slot 6
[2022-12-14 11:39:23] [SEVERE ] setting player 3 freeze to 0
[2022-12-14 11:39:23] [SEVERE ] setting player 0 freeze to 0
[2022-12-14 11:39:23] [SEVERE ] removing player 3 token from slot 4
[2022-12-14 11:39:23] [SEVERE ] removing player 0 token from slot 1
[2022-12-14 11:39:23] [SEVERE ] player 1 placing token on slot 10
[2022-12-14 11:39:24] [SEVERE ] setting player 2 freeze to 0
[2022-12-14 11:39:24] [SEVERE ] removing player 2 token from slot 0
[2022-12-14 11:39:24] [SEVERE ] setting player 1 freeze to 0
[2022-12-14 11:39:24] [SEVERE ] removing player 1 token from slot 2
[2022-12-14 11:39:24] [SEVERE ] setting player 0 freeze to -894
[2022-12-14 11:39:24] [SEVERE ] setting player 2 freeze to -847
[2022-12-14 11:39:24] [SEVERE ] setting player 3 freeze to -897
[2022-12-14 11:39:24] [SEVERE ] setting player 1 freeze to -845
[2022-12-14 11:39:24] [SEVERE ] player 0 placing token on slot 0
[2022-12-14 11:39:24] [SEVERE ] player 2 placing token on slot 2
[2022-12-14 11:39:24] [SEVERE ] player 1 placing token on slot 3
[2022-12-14 11:39:24] [SEVERE ] player 3 placing token on slot 8
[2022-12-14 11:39:24] [SEVERE ] removing player 0 token from slot 6
[2022-12-14 11:39:24] [SEVERE ] removing player 2 token from slot 6
[2022-12-14 11:39:24] [SEVERE ] setting player 0 freeze to 0
[2022-12-14 11:39:24] [SEVERE ] removing player 3 token from slot 9
[2022-12-14 11:39:24] [SEVERE ] removing player 1 token from slot 3
[2022-12-14 11:39:24] [SEVERE ] setting player 1 freeze to 0
[2022-12-14 11:39:25] [SEVERE ] player 0 placing token on slot 5
[2022-12-14 11:39:25] [SEVERE ] player 1 placing token on slot 7
[2022-12-14 11:39:25] [SEVERE ] player 2 placing token on slot 8
[2022-12-14 11:39:25] [SEVERE ] player 3 placing token on slot 0
[2022-12-14 11:39:25] [SEVERE ] removing player 2 token from slot 2
[2022-12-14 11:39:25] [SEVERE ] setting player 2 freeze to 0
[2022-12-14 11:39:25] [SEVERE ] setting player 3 freeze to 0
[2022-12-14 11:39:25] [SEVERE ] removing player 3 token from slot 0
[2022-12-14 11:39:25] [SEVERE ] setting player 3 freeze to -792
[2022-12-14 11:39:25] [SEVERE ] setting player 2 freeze to -793
[2022-12-14 11:39:25] [SEVERE ] setting player 1 freeze to -897
[2022-12-14 11:39:25] [SEVERE ] setting player 0 freeze to -899
[2022-12-14 11:39:25] [SEVERE ] player 3 placing token on slot 6
[2022-12-14 11:39:25] [SEVERE ] player 2 placing token on slot 7
[2022-12-14 11:39:25] [SEVERE ] removing player 1 token from slot 7
[2022-12-14 11:39:25] [SEVERE ] removing player 0 token from slot 7
[2022-12-14 11:39:25] [SEVERE ] removing player 3 token from slot 3
[2022-12-14 11:39:25] [SEVERE ] setting player 2 freeze to 0
[2022-12-14 11:39:25] [SEVERE ] setting player 3 freeze to 0
[2022-12-14 11:39:25] [SEVERE ] player 1 placing token on slot 4
[2022-12-14 11:39:25] [SEVERE ] player 0 placing token on slot 3
[2022-12-14 11:39:25] [SEVERE ] removing player 2 token from slot 7
[2022-12-14 11:39:26] [SEVERE ] removing player 3 token from slot 8
[2022-12-14 11:39:26] [SEVERE ] setting player 0 freeze to 0
[2022-12-14 11:39:26] [SEVERE ] removing player 1 token from slot 10
[2022-12-14 11:39:26] [SEVERE ] setting player 1 freeze to 0
[2022-12-14 11:39:26] [SEVERE ] removing player 0 token from slot 0
[2022-12-14 11:39:26] [SEVERE ] setting player 0 freeze to -845
[2022-12-14 11:39:26] [SEVERE ] setting player 3 freeze to -896
[2022-12-14 11:39:26] [SEVERE ] setting player 1 freeze to -843
[2022-12-14 11:39:26] [SEVERE ] setting player 2 freeze to -898
[2022-12-14 11:39:26] [SEVERE ] player 0 placing token on slot 4
[2022-12-14 11:39:26] [SEVERE ] removing player 1 token from slot 11
[2022-12-14 11:39:26] [SEVERE ] player 2 placing token on slot 1
[2022-12-14 11:39:26] [SEVERE ] player 3 placing token on slot 3
[2022-12-14 11:39:26] [SEVERE ] removing player 0 token from slot 4
[2022-12-14 11:39:26] [SEVERE ] player 1 placing token on slot 0
[2022-12-14 11:39:26] [SEVERE ] player 3 placing token on slot 10
[2022-12-14 11:39:26] [SEVERE ] setting player 2 freeze to 0
[2022-12-14 11:39:26] [SEVERE ] removing player 2 token from slot 4
[2022-12-14 11:39:27] [SEVERE ] removing player 0 token from slot 3
[2022-12-14 11:39:27] [SEVERE ] removing player 1 token from slot 4
[2022-12-14 11:39:27] [SEVERE ] removing player 3 token from slot 6
[2022-12-14 11:39:27] [SEVERE ] setting player 3 freeze to 0
[2022-12-14 11:39:27] [SEVERE ] player 0 placing token on slot 11
[2022-12-14 11:39:27] [SEVERE ] player 1 placing token on slot 4
[2022-12-14 11:39:27] [SEVERE ] player 3 placing token on slot 6
[2022-12-14 11:39:27] [SEVERE ] player 0 placing token on slot 3
[2022-12-14 11:39:27] [SEVERE ] player 1 placing token on slot 9
[2022-12-14 11:39:27] [SEVERE ] setting player 1 freeze to 0
[2022-12-14 11:39:27] [SEVERE ] setting player 0 freeze to 0
[2022-12-14 11:39:27] [SEVERE ] removing player 0 token from slot 11
[2022-12-14 11:39:27] [SEVERE ] removing player 1 token from slot 0
[2022-12-14 11:39:27] [SEVERE ] setting player 1 freeze to -692
[2022-12-14 11:39:27] [SEVERE ] setting player 2 freeze to -895
[2022-12-14 11:39:27] [SEVERE ] setting player 0 freeze to -692
[2022-12-14 11:39:27] [SEVERE ] setting player 3 freeze to -847
[2022-12-14 11:39:27] [SEVERE ] player 0 placing token on slot 1
[2022-12-14 11:39:27] [SEVERE ] player 2 placing token on slot 0
[2022-12-14 11:39:27] [SEVERE ] player 1 placing token on slot 8
[2022-12-14 11:39:27] [SEVERE ] removing player 3 token from slot 10
[2022-12-14 11:39:27] [SEVERE ] removing player 0 token from slot 3
[2022-12-14 11:39:27] [SEVERE ] removing player 2 token from slot 0
[2022-12-14 11:39:27] [SEVERE ] removing player 1 token from slot 8
[2022-12-14 11:39:27] [SEVERE ] player 3 placing token on slot 0
[2022-12-14 11:39:27] [SEVERE ] setting player 1 freeze to 0
[2022-12-14 11:39:28] [SEVERE ] player 0 placing token on slot 7
[2022-12-14 11:39:28] [SEVERE ] player 2 placing token on slot 7
[2022-12-14 11:39:28] [SEVERE ] setting player 3 freeze to 0
[2022-12-14 11:39:28] [SEVERE ] removing player 1 token from slot 9
[2022-12-14 11:39:28] [SEVERE ] removing player 3 token from slot 3
[2022-12-14 11:39:28] [SEVERE ] setting player 0 freeze to 0
[2022-12-14 11:39:28] [SEVERE ] removing player 0 token from slot 7
[2022-12-14 11:39:28] [SEVERE ] setting player 2 freeze to 0
[2022-12-14 11:39:28] [SEVERE ] removing player 2 token from slot 8
[2022-12-14 11:39:28] [SEVERE ] setting player 1 freeze to -894
[2022-12-14 11:39:28] [SEVERE ] setting player 0 freeze to -841
[2022-12-14 11:39:28] [SEVERE ] setting player 3 freeze to -845
[2022-12-14 11:39:28] [SEVERE ] setting player 2 freeze to -796
[2022-12-14 11:39:28] [SEVERE ] player 1 placing token on slot 9
[2022-12-14 11:39:28] [SEVERE ] removing player 0 token from slot 1
[2022-12-14 11:39:28] [SEVERE ] removing player 3 token from slot 0
[2022-12-14 11:39:28] [SEVERE ] player 2 placing token on slot 0
[2022-12-14 11:39:28] [SEVERE ] player 1 placing token on slot 6
[2022-12-14 11:39:28] [SEVERE ] player 0 placing token on slot 3
[2022-12-14 11:39:28] [SEVERE ] player 3 placing token on slot 1
[2022-12-14 11:39:28] [SEVERE ] removing player 2 token from slot 0
[2022-12-14 11:39:28] [SEVERE ] setting player 2 freeze to 0
[2022-12-14 11:39:29] [SEVERE ] setting player 1 freeze to -1
[2022-12-14 11:39:29] [SEVERE ] player 0 placing token on slot 10
[2022-12-14 11:39:29] [SEVERE ] removing player 1 token from slot 4
[2022-12-14 11:39:29] [SEVERE ] player 3 placing token on slot 2
[2022-12-14 11:39:29] [SEVERE ] removing player 2 token from slot 7
[2022-12-14 11:39:29] [SEVERE ] setting player 3 freeze to 0
[2022-12-14 11:39:29] [SEVERE ] setting player 0 freeze to 0
[2022-12-14 11:39:29] [SEVERE ] removing player 0 token from slot 3
[2022-12-14 11:39:29] [SEVERE ] removing player 3 token from slot 6
[2022-12-14 11:39:29] [SEVERE ] setting player 0 freeze to -798
[2022-12-14 11:39:29] [SEVERE ] setting player 3 freeze to -844
[2022-12-14 11:39:29] [SEVERE ] setting player 2 freeze to -895
[2022-12-14 11:39:29] [SEVERE ] setting player 1 freeze to -850
[2022-12-14 11:39:29] [SEVERE ] removing player 0 token from slot 5
[2022-12-14 11:39:29] [SEVERE ] player 2 placing token on slot 10
[2022-12-14 11:39:29] [SEVERE ] player 3 placing token on slot 6
[2022-12-14 11:39:29] [SEVERE ] removing player 1 token from slot 9
[2022-12-14 11:39:29] [SEVERE ] player 0 placing token on slot 6
[2022-12-14 11:39:29] [SEVERE ] player 1 placing token on slot 2
[2022-12-14 11:39:29] [SEVERE ] setting player 3 freeze to 0
[2022-12-14 11:39:29] [SEVERE ] removing player 3 token from slot 2
[2022-12-14 11:39:29] [SEVERE ] player 2 placing token on slot 9
[2022-12-14 11:39:30] [SEVERE ] removing player 0 token from slot 10
[2022-12-14 11:39:30] [SEVERE ] player 1 placing token on slot 7
[2022-12-14 11:39:30] [SEVERE ] setting player 2 freeze to 0
[2022-12-14 11:39:30] [SEVERE ] removing player 2 token from slot 9
[2022-12-14 11:39:30] [SEVERE ] setting player 1 freeze to 0
[2022-12-14 11:39:30] [SEVERE ] player 0 placing token on slot 1
[2022-12-14 11:39:30] [SEVERE ] removing player 1 token from slot 7
[2022-12-14 11:39:30] [SEVERE ] player 0 placing token on slot 3
[2022-12-14 11:39:30] [SEVERE ] setting player 0 freeze to 0
[2022-12-14 11:39:30] [SEVERE ] removing player 0 token from slot 3
[2022-12-14 11:39:30] [SEVERE ] setting player 1 freeze to -794
[2022-12-14 11:39:30] [SEVERE ] setting player 2 freeze to -843
[2022-12-14 11:39:30] [SEVERE ] setting player 3 freeze to -895
[2022-12-14 11:39:30] [SEVERE ] setting player 0 freeze to -697
[2022-12-14 11:39:30] [SEVERE ] player 1 placing token on slot 7
[2022-12-14 11:39:30] [SEVERE ] removing player 2 token from slot 10
[2022-12-14 11:39:30] [SEVERE ] removing player 0 token from slot 1
[2022-12-14 11:39:30] [SEVERE ] player 3 placing token on slot 10
[2022-12-14 11:39:30] [SEVERE ] removing player 1 token from slot 2
[2022-12-14 11:39:30] [SEVERE ] setting player 1 freeze to 0
[2022-12-14 11:39:30] [SEVERE ] player 2 placing token on slot 7
[2022-12-14 11:39:30] [SEVERE ] setting player 3 freeze to 0
[2022-12-14 11:39:30] [SEVERE ] player 0 placing token on slot 1
[2022-12-14 11:39:30] [SEVERE ] removing player 3 token from slot 1
[2022-12-14 11:39:31] [SEVERE ] player 2 placing token on slot 4
[2022-12-14 11:39:31] [SEVERE ] removing player 0 token from slot 6
[2022-12-14 11:39:31] [SEVERE ] setting player 2 freeze to 0
[2022-12-14 11:39:31] [SEVERE ] removing player 2 token from slot 7
[2022-12-14 11:39:31] [SEVERE ] player 0 placing token on slot 5
[2022-12-14 11:39:31] [SEVERE ] player 0 placing token on slot 8
[2022-12-14 11:39:31] [SEVERE ] setting player 0 freeze to 0
[2022-12-14 11:39:31] [SEVERE ] removing player 0 token from slot 5
[2022-12-14 11:39:31] [SEVERE ] setting player 3 freeze to -895
[2022-12-14 11:39:31] [SEVERE ] setting player 0 freeze to -693
[2022-12-14 11:39:31] [SEVERE ] setting player 1 freeze to -898
[2022-12-14 11:39:31] [SEVERE ] setting player 2 freeze to -797
[2022-12-14 11:39:31] [SEVERE ] player 2 placing token on slot 9
[2022-12-14 11:39:31] [SEVERE ] player 1 placing token on slot 4
[2022-12-14 11:39:31] [SEVERE ] player 0 placing token on slot 3
[2022-12-14 11:39:31] [SEVERE ] player 3 placing token on slot 3
[2022-12-14 11:39:31] [SEVERE ] removing player 2 token from slot 1
[2022-12-14 11:39:31] [SEVERE ] removing player 0 token from slot 8
[2022-12-14 11:39:31] [SEVERE ] setting player 0 freeze to 0
[2022-12-14 11:39:31] [SEVERE ] removing player 3 token from slot 10
[2022-12-14 11:39:31] [SEVERE ] setting player 3 freeze to 0
[2022-12-14 11:39:31] [SEVERE ] removing player 1 token from slot 6
[2022-12-14 11:39:31] [SEVERE ] setting player 1 freeze to 0
[2022-12-14 11:39:32] [SEVERE ] player 2 placing token on slot 8
[2022-12-14 11:39:32] [SEVERE ] player 0 placing token on slot 10
[2022-12-14 11:39:32] [SEVERE ] setting player 2 freeze to 0
[2022-12-14 11:39:32] [SEVERE ] removing player 2 token from slot 8
[2022-12-14 11:39:32] [SEVERE ] setting player 1 freeze to -886
[2022-12-14 11:39:32] [SEVERE ] setting player 2 freeze to -835
[2022-12-14 11:39:32] [SEVERE ] setting player 0 freeze to -890
[2022-12-14 11:39:32] [SEVERE ] setting player 3 freeze to -890
[2022-12-14 11:39:32] [SEVERE ] player 1 placing token on slot 5
[2022-12-14 11:39:32] [SEVERE ] removing player 0 token from slot 10
[2022-12-14 11:39:32] [SEVERE ] player 2 placing token on slot 5
[2022-12-14 11:39:32] [SEVERE ] player 3 placing token on slot 7
[2022-12-14 11:39:32] [SEVERE ] removing player 1 token from slot 5
[2022-12-14 11:39:32] [SEVERE ] setting player 1 freeze to 0
[2022-12-14 11:39:32] [SEVERE ] setting player 2 freeze to 0
[2022-12-14 11:39:32] [SEVERE ] player 0 placing token on slot 2
[2022-12-14 11:39:32] [SEVERE ] removing player 3 token from slot 7
[2022-12-14 11:39:32] [SEVERE ] removing player 2 token from slot 4
[2022-12-14 11:39:33] [SEVERE ] setting player 0 freeze to 0
[2022-12-14 11:39:33] [SEVERE ] removing player 0 token from slot 3
[2022-12-14 11:39:33] [SEVERE ] player 3 placing token on slot 2
[2022-12-14 11:39:33] [SEVERE ] removing player 3 token from slot 2
[2022-12-14 11:39:33] [SEVERE ] setting player 3 freeze to 0
[2022-12-14 11:39:33] [SEVERE ] setting player 0 freeze to -848
[2022-12-14 11:39:33] [SEVERE ] setting player 1 freeze to -899
[2022-12-14 11:39:33] [SEVERE ] setting player 2 freeze to -901
[2022-12-14 11:39:33] [SEVERE ] setting player 3 freeze to -796
[2022-12-14 11:39:33] [SEVERE ] player 1 placing token on slot 10
[2022-12-14 11:39:33] [SEVERE ] player 0 placing token on slot 6
[2022-12-14 11:39:33] [SEVERE ] player 3 placing token on slot 1
[2022-12-14 11:39:33] [SEVERE ] player 2 placing token on slot 1
[2022-12-14 11:39:33] [SEVERE ] setting player 0 freeze to 0
[2022-12-14 11:39:33] [SEVERE ] removing player 1 token from slot 7
[2022-12-14 11:39:33] [SEVERE ] setting player 1 freeze to 0
[2022-12-14 11:39:33] [SEVERE ] removing player 3 token from slot 6
[2022-12-14 11:39:33] [SEVERE ] removing player 0 token from slot 2
[2022-12-14 11:39:33] [SEVERE ] removing player 2 token from slot 1
[2022-12-14 11:39:33] [SEVERE ] setting player 3 freeze to 0
[2022-12-14 11:39:33] [SEVERE ] setting player 2 freeze to 0
[2022-12-14 11:39:34] [SEVERE ] player 3 placing token on slot 7
[2022-12-14 11:39:34] [SEVERE ] player 2 placing token on slot 1
[2022-12-14 11:39:34] [SEVERE ] setting player 2 freeze to -890
[2022-12-14 11:39:34] [SEVERE ] setting player 1 freeze to -896
[2022-12-14 11:39:34] [SEVERE ] setting player 0 freeze to -898
[2022-12-14 11:39:34] [SEVERE ] setting player 3 freeze to -893
[2022-12-14 11:39:34] [SEVERE ] removing player 2 token from slot 5
[2022-12-14 11:39:34] [SEVERE ] removing player 0 token from slot 6
[2022-12-14 11:39:34] [SEVERE ] removing player 1 token from slot 10
[2022-12-14 11:39:34] [SEVERE ] removing player 3 token from slot 1
[2022-12-14 11:39:34] [SEVERE ] player 2 placing token on slot 4
[2022-12-14 11:39:34] [SEVERE ] player 1 placing token on slot 11
[2022-12-14 11:39:34] [SEVERE ] removing player 0 token from slot 1
[2022-12-14 11:39:34] [SEVERE ] player 3 placing token on slot 6
[2022-12-14 11:39:35] [SEVERE ] removing player 2 token from slot 1
[2022-12-14 11:39:35] [SEVERE ] setting player 2 freeze to 0
[2022-12-14 11:39:35] [SEVERE ] setting player 3 freeze to 0
[2022-12-14 11:39:35] [SEVERE ] player 0 placing token on slot 2
[2022-12-14 11:39:35] [SEVERE ] player 1 placing token on slot 9
[2022-12-14 11:39:35] [SEVERE ] removing player 3 token from slot 6
[2022-12-14 11:39:35] [SEVERE ] setting player 1 freeze to 0
[2022-12-14 11:39:35] [SEVERE ] removing player 0 token from slot 2
[2022-12-14 11:39:35] [SEVERE ] removing player 1 token from slot 11
[2022-12-14 11:39:35] [SEVERE ] player 0 placing token on slot 5
[2022-12-14 11:39:35] [SEVERE ] player 0 placing token on slot 7
[2022-12-14 11:39:35] [SEVERE ] player 0 placing token on slot 8
[2022-12-14 11:39:35] [SEVERE ] setting player 0 freeze to 0
[2022-12-14 11:39:35] [SEVERE ] removing player 0 token from slot 5
[2022-12-14 11:39:35] [SEVERE ] setting player 2 freeze to -848
[2022-12-14 11:39:35] [SEVERE ] setting player 3 freeze to -845
[2022-12-14 11:39:35] [SEVERE ] setting player 1 freeze to -794
[2022-12-14 11:39:35] [SEVERE ] setting player 0 freeze to -593
[2022-12-14 11:39:35] [SEVERE ] removing player 2 token from slot 9
[2022-12-14 11:39:35] [SEVERE ] player 0 placing token on slot 4
[2022-12-14 11:39:35] [SEVERE ] player 1 placing token on slot 8
[2022-12-14 11:39:35] [SEVERE ] player 3 placing token on slot 5
[2022-12-14 11:39:35] [SEVERE ] setting player 1 freeze to 0
[2022-12-14 11:39:35] [SEVERE ] player 2 placing token on slot 0
[2022-12-14 11:39:35] [SEVERE ] setting player 0 freeze to 0
[2022-12-14 11:39:35] [SEVERE ] removing player 1 token from slot 8
[2022-12-14 11:39:35] [SEVERE ] removing player 3 token from slot 3
[2022-12-14 11:39:35] [SEVERE ] setting player 3 freeze to 0
[2022-12-14 11:39:35] [SEVERE ] removing player 0 token from slot 8
[2022-12-14 11:39:36] [SEVERE ] player 2 placing token on slot 6
[2022-12-14 11:39:36] [SEVERE ] setting player 2 freeze to 0
[2022-12-14 11:39:36] [SEVERE ] removing player 2 token from slot 0
[2022-12-14 11:39:36] [SEVERE ] setting player 2 freeze to -795
[2022-12-14 11:39:36] [SEVERE ] setting player 3 freeze to -894
[2022-12-14 11:39:36] [SEVERE ] setting player 0 freeze to -897
[2022-12-14 11:39:36] [SEVERE ] setting player 1 freeze to -898
[2022-12-14 11:39:36] [SEVERE ] player 3 placing token on slot 1
[2022-12-14 11:39:36] [SEVERE ] player 1 placing token on slot 7
[2022-12-14 11:39:36] [SEVERE ] player 0 placing token on slot 0
[2022-12-14 11:39:36] [SEVERE ] removing player 2 token from slot 4
[2022-12-14 11:39:36] [SEVERE ] removing player 3 token from slot 1
[2022-12-14 11:39:36] [SEVERE ] setting player 3 freeze to 0
[2022-12-14 11:39:36] [SEVERE ] removing player 0 token from slot 4
[2022-12-14 11:39:36] [SEVERE ] removing player 1 token from slot 7
[2022-12-14 11:39:36] [SEVERE ] setting player 0 freeze to 0
[2022-12-14 11:39:36] [SEVERE ] player 2 placing token on slot 1
[2022-12-14 11:39:36] [SEVERE ] setting player 1 freeze to 0
[2022-12-14 11:39:37] [SEVERE ] player 1 placing token on slot 3
[2022-12-14 11:39:37] [SEVERE ] removing player 0 token from slot 0
[2022-12-14 11:39:37] [SEVERE ] player 2 placing token on slot 7
[2022-12-14 11:39:37] [SEVERE ] setting player 2 freeze to 0
[2022-12-14 11:39:37] [SEVERE ] removing player 2 token from slot 7
[2022-12-14 11:39:37] [SEVERE ] setting player 1 freeze to -891
[2022-12-14 11:39:37] [SEVERE ] setting player 2 freeze to -795
[2022-12-14 11:39:37] [SEVERE ] setting player 0 freeze to -896
[2022-12-14 11:39:37] [SEVERE ] setting player 3 freeze to -899
[2022-12-14 11:39:37] [SEVERE ] removing player 1 token from slot 3
[2022-12-14 11:39:37] [SEVERE ] player 2 placing token on slot 3
[2022-12-14 11:39:37] [SEVERE ] player 0 placing token on slot 1
[2022-12-14 11:39:37] [SEVERE ] removing player 3 token from slot 5
[2022-12-14 11:39:37] [SEVERE ] setting player 2 freeze to 0
[2022-12-14 11:39:37] [SEVERE ] player 0 placing token on slot 6
[2022-12-14 11:39:37] [SEVERE ] removing player 3 token from slot 7
[2022-12-14 11:39:37] [SEVERE ] player 1 placing token on slot 10
[2022-12-14 11:39:37] [SEVERE ] removing player 2 token from slot 1
[2022-12-14 11:39:38] [SEVERE ] setting player 1 freeze to 0
[2022-12-14 11:39:38] [SEVERE ] setting player 0 freeze to 0
[2022-12-14 11:39:38] [SEVERE ] player 3 placing token on slot 2
[2022-12-14 11:39:38] [SEVERE ] removing player 0 token from slot 1
[2022-12-14 11:39:38] [SEVERE ] removing player 1 token from slot 4
[2022-12-14 11:39:38] [SEVERE ] player 3 placing token on slot 7
[2022-12-14 11:39:38] [SEVERE ] player 3 placing token on slot 11
[2022-12-14 11:39:38] [SEVERE ] setting player 3 freeze to 0
[2022-12-14 11:39:38] [SEVERE ] removing player 3 token from slot 7
[2022-12-14 11:39:38] [SEVERE ] setting player 0 freeze to -846
[2022-12-14 11:39:38] [SEVERE ] setting player 2 freeze to -897
[2022-12-14 11:39:38] [SEVERE ] setting player 3 freeze to -693
[2022-12-14 11:39:38] [SEVERE ] setting player 1 freeze to -849
[2022-12-14 11:39:38] [SEVERE ] player 0 placing token on slot 3
[2022-12-14 11:39:38] [SEVERE ] removing player 2 token from slot 6
[2022-12-14 11:39:38] [SEVERE ] player 3 placing token on slot 10
[2022-12-14 11:39:38] [SEVERE ] player 1 placing token on slot 8
[2022-12-14 11:39:38] [SEVERE ] removing player 0 token from slot 7
[2022-12-14 11:39:38] [SEVERE ] setting player 0 freeze to 0
[2022-12-14 11:39:38] [SEVERE ] removing player 3 token from slot 2
[2022-12-14 11:39:38] [SEVERE ] removing player 1 token from slot 8
[2022-12-14 11:39:38] [SEVERE ] player 2 placing token on slot 9
[2022-12-14 11:39:38] [SEVERE ] setting player 3 freeze to 0
[2022-12-14 11:39:39] [SEVERE ] player 1 placing token on slot 1
[2022-12-14 11:39:39] [SEVERE ] player 2 placing token on slot 11
[2022-12-14 11:39:39] [SEVERE ] player 3 placing token on slot 8
[2022-12-14 11:39:39] [SEVERE ] setting player 1 freeze to 0
[2022-12-14 11:39:39] [SEVERE ] setting player 2 freeze to 0
[2022-12-14 11:39:39] [SEVERE ] removing player 1 token from slot 1
[2022-12-14 11:39:39] [SEVERE ] removing player 2 token from slot 11
[2022-12-14 11:39:39] [SEVERE ] setting player 0 freeze to -898
[2022-12-14 11:39:39] [SEVERE ] setting player 2 freeze to -797
[2022-12-14 11:39:39] [SEVERE ] setting player 1 freeze to -841
[2022-12-14 11:39:39] [SEVERE ] setting player 3 freeze to -895
[2022-12-14 11:39:39] [SEVERE ] removing player 3 token from slot 8
[2022-12-14 11:39:39] [SEVERE ] player 0 placing token on slot 4
[2022-12-14 11:39:39] [SEVERE ] player 2 placing token on slot 8
[2022-12-14 11:39:39] [SEVERE ] removing player 1 token from slot 10
[2022-12-14 11:39:39] [SEVERE ] removing player 2 token from slot 9
[2022-12-14 11:39:39] [SEVERE ] setting player 0 freeze to 0
[2022-12-14 11:39:39] [SEVERE ] setting player 2 freeze to 0
[2022-12-14 11:39:39] [SEVERE ] removing player 0 token from slot 6
[2022-12-14 11:39:39] [SEVERE ] player 3 placing token on slot 2
[2022-12-14 11:39:39] [SEVERE ] player 1 placing token on slot 4
[2022-12-14 11:39:40] [SEVERE ] setting player 3 freeze to 0
[2022-12-14 11:39:40] [SEVERE ] player 2 placing token on slot 4
[2022-12-14 11:39:40] [SEVERE ] removing player 3 token from slot 11
[2022-12-14 11:39:40] [SEVERE ] removing player 1 token from slot 9
[2022-12-14 11:39:40] [SEVERE ] player 1 placing token on slot 5
[2022-12-14 11:39:40] [SEVERE ] player 1 placing token on slot 9
[2022-12-14 11:39:40] [SEVERE ] setting player 1 freeze to 0
[2022-12-14 11:39:40] [SEVERE ] removing player 1 token from slot 5
[2022-12-14 11:39:40] [SEVERE ] setting player 2 freeze to -897
[2022-12-14 11:39:40] [SEVERE ] setting player 0 freeze to -898
[2022-12-14 11:39:40] [SEVERE ] setting player 1 freeze to -742
[2022-12-14 11:39:40] [SEVERE ] setting player 3 freeze to -849
[2022-12-14 11:39:40] [SEVERE ] removing player 2 token from slot 3
[2022-12-14 11:39:40] [SEVERE ] player 0 placing token on slot 9
[2022-12-14 11:39:40] [SEVERE ] player 3 placing token on slot 1
[2022-12-14 11:39:40] [SEVERE ] removing player 1 token from slot 9
[2022-12-14 11:39:40] [SEVERE ] player 2 placing token on slot 10
[2022-12-14 11:39:40] [SEVERE ] removing player 0 token from slot 3
[2022-12-14 11:39:40] [SEVERE ] setting player 0 freeze to 0
[2022-12-14 11:39:40] [SEVERE ] removing player 3 token from slot 10
[2022-12-14 11:39:40] [SEVERE ] setting player 3 freeze to 0
[2022-12-14 11:39:40] [SEVERE ] player 1 placing token on slot 9
[2022-12-14 11:39:41] [SEVERE ] setting player 2 freeze to 0
[2022-12-14 11:39:41] [SEVERE ] removing player 2 token from slot 10
[2022-12-14 11:39:41] [SEVERE ] player 0 placing token on slot 10
[2022-12-14 11:39:41] [SEVERE ] player 1 placing token on slot 1
[2022-12-14 11:39:41] [SEVERE ] setting player 1 freeze to 0
[2022-12-14 11:39:41] [SEVERE ] removing player 1 token from slot 9
[2022-12-14 11:39:41] [SEVERE ] setting player 1 freeze to -795
[2022-12-14 11:39:41] [SEVERE ] setting player 2 freeze to -848
[2022-12-14 11:39:41] [SEVERE ] setting player 0 freeze to -900
[2022-12-14 11:39:41] [SEVERE ] setting player 3 freeze to -898
[2022-12-14 11:39:41] [SEVERE ] removing player 0 token from slot 9
[2022-12-14 11:39:41] [SEVERE ] player 1 placing token on slot 2
[2022-12-14 11:39:41] [SEVERE ] removing player 2 token from slot 8
[2022-12-14 11:39:41] [SEVERE ] removing player 3 token from slot 2
[2022-12-14 11:39:41] [SEVERE ] setting player 1 freeze to 0
[2022-12-14 11:39:41] [SEVERE ] player 0 placing token on slot 9
[2022-12-14 11:39:41] [SEVERE ] player 2 placing token on slot 2
[2022-12-14 11:39:41] [SEVERE ] player 3 placing token on slot 10
[2022-12-14 11:39:41] [SEVERE ] removing player 1 token from slot 4
[2022-12-14 11:39:42] [SEVERE ] setting player 0 freeze to 0
[2022-12-14 11:39:42] [SEVERE ] removing player 0 token from slot 9
[2022-12-14 11:39:42] [SEVERE ] player 2 placing token on slot 10
[2022-12-14 11:39:42] [SEVERE ] removing player 3 token from slot 10
[2022-12-14 11:39:42] [SEVERE ] setting player 2 freeze to 0
[2022-12-14 11:39:42] [SEVERE ] player 3 placing token on slot 4
[2022-12-14 11:39:42] [SEVERE ] removing player 2 token from slot 2
[2022-12-14 11:39:42] [SEVERE ] removing player 3 token from slot 4
[2022-12-14 11:39:42] [SEVERE ] player 3 placing token on slot 2
[2022-12-14 11:39:42] [SEVERE ] removing player 3 token from slot 1
[2022-12-14 11:39:42] [SEVERE ] removing player 3 token from slot 2
[2022-12-14 11:39:42] [SEVERE ] player 3 placing token on slot 8
[2022-12-14 11:39:42] [SEVERE ] player 3 placing token on slot 6
[2022-12-14 11:39:42] [SEVERE ] player 3 placing token on slot 4
[2022-12-14 11:39:42] [SEVERE ] setting player 3 freeze to 0
[2022-12-14 11:39:42] [SEVERE ] removing player 3 token from slot 6
[2022-12-14 11:39:42] [SEVERE ] setting player 1 freeze to -897
[2022-12-14 11:39:42] [SEVERE ] setting player 2 freeze to -796
[2022-12-14 11:39:42] [SEVERE ] setting player 3 freeze to -391
[2022-12-14 11:39:42] [SEVERE ] setting player 0 freeze to -848
[2022-12-14 11:39:42] [SEVERE ] player 1 placing token on slot 7
[2022-12-14 11:39:42] [SEVERE ] removing player 3 token from slot 4
[2022-12-14 11:39:42] [SEVERE ] player 2 placing token on slot 0
[2022-12-14 11:39:42] [SEVERE ] removing player 0 token from slot 4
[2022-12-14 11:39:42] [SEVERE ] removing player 1 token from slot 7
[2022-12-14 11:39:42] [SEVERE ] setting player 1 freeze to 0
[2022-12-14 11:39:42] [SEVERE ] player 3 placing token on slot 0
[2022-12-14 11:39:42] [SEVERE ] removing player 2 token from slot 10
[2022-12-14 11:39:42] [SEVERE ] player 0 placing token on slot 6
[2022-12-14 11:39:42] [SEVERE ] setting player 2 freeze to 0
[2022-12-14 11:39:43] [SEVERE ] player 3 placing token on slot 9
[2022-12-14 11:39:43] [SEVERE ] player 0 placing token on slot 0
[2022-12-14 11:39:43] [SEVERE ] player 2 placing token on slot 7
[2022-12-14 11:39:43] [SEVERE ] setting player 3 freeze to 0
[2022-12-14 11:39:43] [SEVERE ] setting player 0 freeze to 0
[2022-12-14 11:39:43] [SEVERE ] removing player 3 token from slot 9
[2022-12-14 11:39:43] [SEVERE ] removing player 0 token from slot 6
[2022-12-14 11:39:43] [SEVERE ] setting player 1 freeze to -898
[2022-12-14 11:39:43] [SEVERE ] setting player 2 freeze to -896
[2022-12-14 11:39:43] [SEVERE ] setting player 3 freeze to -800
[2022-12-14 11:39:43] [SEVERE ] setting player 0 freeze to -798
[2022-12-14 11:39:43] [SEVERE ] player 1 placing token on slot 0
[2022-12-14 11:39:43] [SEVERE ] removing player 2 token from slot 4
[2022-12-14 11:39:43] [SEVERE ] player 3 placing token on slot 1
[2022-12-14 11:39:43] [SEVERE ] player 0 placing token on slot 5
[2022-12-14 11:39:43] [SEVERE ] setting player 3 freeze to 0
[2022-12-14 11:39:43] [SEVERE ] setting player 1 freeze to 0
[2022-12-14 11:39:43] [SEVERE ] removing player 3 token from slot 1
[2022-12-14 11:39:43] [SEVERE ] removing player 1 token from slot 2
[2022-12-14 11:39:43] [SEVERE ] player 2 placing token on slot 10
[2022-12-14 11:39:43] [SEVERE ] removing player 0 token from slot 5
[2022-12-14 11:39:44] [SEVERE ] setting player 2 freeze to 0
[2022-12-14 11:39:44] [SEVERE ] player 0 placing token on slot 8
[2022-12-14 11:39:44] [SEVERE ] removing player 2 token from slot 0
[2022-12-14 11:39:44] [SEVERE ] setting player 0 freeze to 0
[2022-12-14 11:39:44] [SEVERE ] removing player 0 token from slot 0
[2022-12-14 11:39:44] [SEVERE ] setting player 1 freeze to -897
[2022-12-14 11:39:44] [SEVERE ] setting player 2 freeze to -849
[2022-12-14 11:39:44] [SEVERE ] setting player 0 freeze to -836
[2022-12-14 11:39:44] [SEVERE ] setting player 3 freeze to -946
[2022-12-14 11:39:44] [SEVERE ] removing player 1 token from slot 1
[2022-12-14 11:39:44] [SEVERE ] removing player 2 token from slot 7
[2022-12-14 11:39:44] [SEVERE ] player 0 placing token on slot 3
[2022-12-14 11:39:44] [SEVERE ] removing player 3 token from slot 0
[2022-12-14 11:39:44] [SEVERE ] setting player 0 freeze to 0
[2022-12-14 11:39:44] [SEVERE ] player 1 placing token on slot 3
[2022-12-14 11:39:44] [SEVERE ] player 2 placing token on slot 4
[2022-12-14 11:39:44] [SEVERE ] removing player 0 token from slot 10
[2022-12-14 11:39:45] [SEVERE ] setting player 0 freeze to -12
[2022-12-14 11:39:45] [SEVERE ] player 3 placing token on slot 0
[2022-12-14 11:39:45] [SEVERE ] player 1 placing token on slot 7
[2022-12-14 11:39:45] [SEVERE ] player 2 placing token on slot 7
[2022-12-14 11:39:45] [SEVERE ] player 0 placing token on slot 7
[2022-12-14 11:39:45] [SEVERE ] player 3 placing token on slot 2
[2022-12-14 11:39:45] [SEVERE ] setting player 3 freeze to 0
[2022-12-14 11:39:45] [SEVERE ] setting player 3 freeze to -15
[2022-12-14 11:39:45] [SEVERE ] setting player 2 freeze to 0
[2022-12-14 11:39:45] [SEVERE ] setting player 1 freeze to 0
[2022-12-14 11:39:45] [SEVERE ] removing player 1 token from slot 3
[2022-12-14 11:39:45] [SEVERE ] setting player 1 freeze to -14
[2022-12-14 11:39:45] [SEVERE ] removing player 2 token from slot 4
[2022-12-14 11:39:45] [SEVERE ] setting player 2 freeze to -15
[2022-12-14 11:39:45] [SEVERE ] removing player 0 token from slot 7
[2022-12-14 11:39:45] [SEVERE ] removing player 3 token from slot 2
[2022-12-14 11:39:45] [SEVERE ] player 2 placing token on slot 2
[2022-12-14 11:39:45] [SEVERE ] removing player 1 token from slot 7
[2022-12-14 11:39:45] [SEVERE ] player 0 placing token on slot 1
[2022-12-14 11:39:45] [SEVERE ] setting player 0 freeze to 0
[2022-12-14 11:39:45] [SEVERE ] setting player 0 freeze to -16
[2022-12-14 11:39:45] [SEVERE ] player 3 placing token on slot 10
[2022-12-14 11:39:45] [SEVERE ] setting player 3 freeze to 0
[2022-12-14 11:39:45] [SEVERE ] removing player 2 token from slot 2
[2022-12-14 11:39:45] [SEVERE ] setting player 3 freeze to -16
[2022-12-14 11:39:45] [SEVERE ] player 1 placing token on slot 3
[2022-12-14 11:39:45] [SEVERE ] removing player 0 token from slot 1
[2022-12-14 11:39:45] [SEVERE ] removing player 3 token from slot 0
[2022-12-14 11:39:45] [SEVERE ] player 1 placing token on slot 8
[2022-12-14 11:39:45] [SEVERE ] player 2 placing token on slot 8
[2022-12-14 11:39:45] [SEVERE ] removing player 0 token from slot 3
[2022-12-14 11:39:45] [SEVERE ] player 3 placing token on slot 5
[2022-12-14 11:39:45] [SEVERE ] removing player 1 token from slot 3
[2022-12-14 11:39:45] [SEVERE ] removing player 2 token from slot 8
[2022-12-14 11:39:45] [SEVERE ] setting player 3 freeze to 0
[2022-12-14 11:39:45] [SEVERE ] player 0 placing token on slot 4
[2022-12-14 11:39:45] [SEVERE ] setting player 3 freeze to -15
[2022-12-14 11:39:45] [SEVERE ] removing player 3 token from slot 5
[2022-12-14 11:39:45] [SEVERE ] player 2 placing token on slot 2
[2022-12-14 11:39:45] [SEVERE ] player 1 placing token on slot 2
[2022-12-14 11:39:45] [SEVERE ] setting player 1 freeze to 0
[2022-12-14 11:39:45] [SEVERE ] setting player 2 freeze to 0
[2022-12-14 11:39:45] [SEVERE ] player 0 placing token on slot 0
[2022-12-14 11:39:45] [SEVERE ] setting player 1 freeze to -15
[2022-12-14 11:39:45] [SEVERE ] setting player 2 freeze to -15
[2022-12-14 11:39:45] [SEVERE ] player 3 placing token on slot 7
[2022-12-14 11:39:45] [SEVERE ] removing player 2 token from slot 10
[2022-12-14 11:39:45] [SEVERE ] setting player 0 freeze to 0
[2022-12-14 11:39:45] [SEVERE ] removing player 1 token from slot 2
[2022-12-14 11:39:45] [SEVERE ] setting player 0 freeze to -20
[2022-12-14 11:39:45] [SEVERE ] removing player 0 token from slot 8
[2022-12-14 11:39:45] [SEVERE ] removing player 3 token from slot 7
[2022-12-14 11:39:45] [SEVERE ] setting player 3 freeze to 0
[2022-12-14 11:39:45] [SEVERE ] player 2 placing token on slot 1
[2022-12-14 11:39:45] [SEVERE ] removing player 1 token from slot 8
[2022-12-14 11:39:45] [SEVERE ] setting player 3 freeze to -18
[2022-12-14 11:39:45] [SEVERE ] removing player 0 token from slot 0
[2022-12-14 11:39:45] [SEVERE ] setting player 2 freeze to 0
[2022-12-14 11:39:45] [SEVERE ] setting player 2 freeze to -15
[2022-12-14 11:39:45] [SEVERE ] removing player 2 token from slot 2
[2022-12-14 11:39:45] [SEVERE ] player 3 placing token on slot 9
[2022-12-14 11:39:45] [SEVERE ] player 1 placing token on slot 1
[2022-12-14 11:39:45] [SEVERE ] player 0 placing token on slot 2
[2022-12-14 11:39:45] [SEVERE ] player 2 placing token on slot 0
[2022-12-14 11:39:45] [SEVERE ] removing player 3 token from slot 9
[2022-12-14 11:39:45] [SEVERE ] player 1 placing token on slot 11
[2022-12-14 11:39:45] [SEVERE ] player 0 placing token on slot 6
[2022-12-14 11:39:45] [SEVERE ] setting player 0 freeze to 0
[2022-12-14 11:39:45] [SEVERE ] setting player 0 freeze to -14
[2022-12-14 11:39:45] [SEVERE ] setting player 1 freeze to 0
[2022-12-14 11:39:45] [SEVERE ] setting player 2 freeze to 0
[2022-12-14 11:39:45] [SEVERE ] removing player 2 token from slot 7
[2022-12-14 11:39:45] [SEVERE ] setting player 1 freeze to -13
[2022-12-14 11:39:45] [SEVERE ] setting player 2 freeze to -13
[2022-12-14 11:39:45] [SEVERE ] player 3 placing token on slot 7
[2022-12-14 11:39:45] [SEVERE ] removing player 1 token from slot 0
[2022-12-14 11:39:45] [SEVERE ] setting player 3 freeze to 0
[2022-12-14 11:39:45] [SEVERE ] removing player 0 token from slot 6
[2022-12-14 11:39:45] [SEVERE ] setting player 3 freeze to -14
[2022-12-14 11:39:45] [SEVERE ] removing player 3 token from slot 10
[2022-12-14 11:39:45] [SEVERE ] removing player 2 token from slot 0
[2022-12-14 11:39:45] [SEVERE ] removing player 1 token from slot 1
[2022-12-14 11:39:45] [SEVERE ] player 0 placing token on slot 3
[2022-12-14 11:39:45] [SEVERE ] setting player 0 freeze to 0
[2022-12-14 11:39:45] [SEVERE ] setting player 0 freeze to -15
[2022-12-14 11:39:45] [SEVERE ] player 3 placing token on slot 4
[2022-12-14 11:39:45] [SEVERE ] player 2 placing token on slot 10
[2022-12-14 11:39:45] [SEVERE ] player 1 placing token on slot 4
[2022-12-14 11:39:45] [SEVERE ] removing player 0 token from slot 3
[2022-12-14 11:39:45] [SEVERE ] setting player 3 freeze to 0
[2022-12-14 11:39:45] [SEVERE ] removing player 3 token from slot 4
[2022-12-14 11:39:45] [SEVERE ] setting player 3 freeze to -14
[2022-12-14 11:39:45] [SEVERE ] player 2 placing token on slot 6
[2022-12-14 11:39:45] [SEVERE ] player 1 placing token on slot 7
[2022-12-14 11:39:45] [SEVERE ] setting player 1 freeze to 0
[2022-12-14 11:39:45] [SEVERE ] removing player 0 token from slot 2
[2022-12-14 11:39:45] [SEVERE ] setting player 1 freeze to -12
[2022-12-14 11:39:45] [SEVERE ] removing player 2 token from slot 6
[2022-12-14 11:39:45] [SEVERE ] setting player 2 freeze to 0
[2022-12-14 11:39:45] [SEVERE ] player 3 placing token on slot 0
[2022-12-14 11:39:45] [SEVERE ] setting player 2 freeze to -25
[2022-12-14 11:39:45] [SEVERE ] removing player 1 token from slot 7
[2022-12-14 11:39:45] [SEVERE ] player 0 placing token on slot 8
[2022-12-14 11:39:45] [SEVERE ] player 2 placing token on slot 11
[2022-12-14 11:39:45] [SEVERE ] removing player 3 token from slot 0
[2022-12-14 11:39:45] [SEVERE ] player 1 placing token on slot 3
[2022-12-14 11:39:45] [SEVERE ] setting player 2 freeze to 0
[2022-12-14 11:39:46] [SEVERE ] setting player 2 freeze to -14
[2022-12-14 11:39:46] [SEVERE ] player 0 placing token on slot 5
[2022-12-14 11:39:46] [SEVERE ] setting player 1 freeze to 0
[2022-12-14 11:39:46] [SEVERE ] setting player 1 freeze to -15
[2022-12-14 11:39:46] [SEVERE ] removing player 2 token from slot 10
[2022-12-14 11:39:46] [SEVERE ] player 3 placing token on slot 6
[2022-12-14 11:39:46] [SEVERE ] setting player 3 freeze to 0
[2022-12-14 11:39:46] [SEVERE ] setting player 0 freeze to 0
[2022-12-14 11:39:46] [SEVERE ] removing player 1 token from slot 4
[2022-12-14 11:39:46] [SEVERE ] setting player 0 freeze to -13
[2022-12-14 11:39:46] [SEVERE ] setting player 3 freeze to -13
[2022-12-14 11:39:46] [SEVERE ] removing player 0 token from slot 8
[2022-12-14 11:39:46] [SEVERE ] player 2 placing token on slot 6
[2022-12-14 11:39:46] [SEVERE ] removing player 3 token from slot 8
[2022-12-14 11:39:46] [SEVERE ] player 1 placing token on slot 7
[2022-12-14 11:39:46] [SEVERE ] player 0 placing token on slot 8
[2022-12-14 11:39:46] [SEVERE ] setting player 2 freeze to 0
[2022-12-14 11:39:46] [SEVERE ] removing player 2 token from slot 1
[2022-12-14 11:39:46] [SEVERE ] setting player 2 freeze to -14
[2022-12-14 11:39:46] [SEVERE ] player 3 placing token on slot 4
[2022-12-14 11:39:46] [SEVERE ] setting player 1 freeze to 0
[2022-12-14 11:39:46] [SEVERE ] setting player 1 freeze to -13
[2022-12-14 11:39:46] [SEVERE ] removing player 1 token from slot 11
[2022-12-14 11:39:46] [SEVERE ] removing player 0 token from slot 5
[2022-12-14 11:39:46] [SEVERE ] setting player 0 freeze to 0
[2022-12-14 11:39:46] [SEVERE ] setting player 3 freeze to 0
[2022-12-14 11:39:46] [SEVERE ] setting player 0 freeze to -13
[2022-12-14 11:39:46] [SEVERE ] setting player 3 freeze to -12
[2022-12-14 11:39:46] [SEVERE ] player 2 placing token on slot 3
[2022-12-14 11:39:46] [SEVERE ] removing player 3 token from slot 4
[2022-12-14 11:39:46] [SEVERE ] player 1 placing token on slot 5
[2022-12-14 11:39:46] [SEVERE ] player 0 placing token on slot 1
[2022-12-14 11:39:46] [SEVERE ] setting player 0 freeze to 0
[2022-12-14 11:39:46] [SEVERE ] removing player 2 token from slot 3
[2022-12-14 11:39:46] [SEVERE ] setting player 2 freeze to 0
[2022-12-14 11:39:46] [SEVERE ] player 3 placing token on slot 10
[2022-12-14 11:39:46] [SEVERE ] setting player 0 freeze to -25
[2022-12-14 11:39:46] [SEVERE ] setting player 2 freeze to -21
[2022-12-14 11:39:46] [SEVERE ] removing player 1 token from slot 3
[2022-12-14 11:39:46] [SEVERE ] removing player 0 token from slot 8
[2022-12-14 11:39:46] [SEVERE ] removing player 3 token from slot 7
[2022-12-14 11:39:46] [SEVERE ] setting player 3 freeze to 0
[2022-12-14 11:39:46] [SEVERE ] player 2 placing token on slot 8
[2022-12-14 11:39:46] [SEVERE ] setting player 3 freeze to -14
[2022-12-14 11:39:46] [SEVERE ] player 1 placing token on slot 8
[2022-12-14 11:39:46] [SEVERE ] setting player 1 freeze to 0
[2022-12-14 11:39:46] [SEVERE ] setting player 1 freeze to -14
[2022-12-14 11:39:46] [SEVERE ] player 0 placing token on slot 10
[2022-12-14 11:39:46] [SEVERE ] player 3 placing token on slot 5
[2022-12-14 11:39:46] [SEVERE ] removing player 1 token from slot 7
[2022-12-14 11:39:46] [SEVERE ] removing player 2 token from slot 8
[2022-12-14 11:39:46] [SEVERE ] setting player 0 freeze to 0
[2022-12-14 11:39:46] [SEVERE ] setting player 2 freeze to 0
[2022-12-14 11:39:46] [SEVERE ] setting player 3 freeze to 0
[2022-12-14 11:39:46] [SEVERE ] setting player 0 freeze to -13
[2022-12-14 11:39:46] [SEVERE ] setting player 2 freeze to -11
[2022-12-14 11:39:46] [SEVERE ] setting player 3 freeze to -11
[2022-12-14 11:39:46] [SEVERE ] removing player 0 token from slot 1
[2022-12-14 11:39:46] [SEVERE ] removing player 3 token from slot 5
[2022-12-14 11:39:46] [SEVERE ] removing player 2 token from slot 6
[2022-12-14 11:39:46] [SEVERE ] player 1 placing token on slot 7
[2022-12-14 11:39:46] [SEVERE ] player 0 placing token on slot 7
[2022-12-14 11:39:46] [SEVERE ] setting player 1 freeze to 0
[2022-12-14 11:39:46] [SEVERE ] player 2 placing token on slot 3
[2022-12-14 11:39:46] [SEVERE ] setting player 1 freeze to -16
[2022-12-14 11:39:46] [SEVERE ] player 3 placing token on slot 11
[2022-12-14 11:39:46] [SEVERE ] removing player 1 token from slot 5
[2022-12-14 11:39:46] [SEVERE ] setting player 0 freeze to 0
[2022-12-14 11:39:46] [SEVERE ] setting player 0 freeze to -15
[2022-12-14 11:39:46] [SEVERE ] setting player 3 freeze to 0
[2022-12-14 11:39:46] [SEVERE ] removing player 0 token from slot 4
[2022-12-14 11:39:46] [SEVERE ] setting player 3 freeze to -15
[2022-12-14 11:39:46] [SEVERE ] player 2 placing token on slot 6
[2022-12-14 11:39:46] [SEVERE ] player 1 placing token on slot 0
[2022-12-14 11:39:46] [SEVERE ] removing player 3 token from slot 6
[2022-12-14 11:39:46] [SEVERE ] setting player 2 freeze to 0
[2022-12-14 11:39:46] [SEVERE ] player 0 placing token on slot 6
[2022-12-14 11:39:46] [SEVERE ] setting player 2 freeze to -15
[2022-12-14 11:39:46] [SEVERE ] removing player 2 token from slot 6
[2022-12-14 11:39:46] [SEVERE ] setting player 1 freeze to 0
[2022-12-14 11:39:46] [SEVERE ] removing player 1 token from slot 0
[2022-12-14 11:39:46] [SEVERE ] removing player 3 token from slot 10
[2022-12-14 11:39:46] [SEVERE ] setting player 1 freeze to -15
[2022-12-14 11:39:46] [SEVERE ] removing player 0 token from slot 7
[2022-12-14 11:39:46] [SEVERE ] player 2 placing token on slot 0
[2022-12-14 11:39:46] [SEVERE ] player 3 placing token on slot 0
[2022-12-14 11:39:46] [SEVERE ] player 1 placing token on slot 3
[2022-12-14 11:39:46] [SEVERE ] player 0 placing token on slot 4
[2022-12-14 11:39:46] [SEVERE ] removing player 2 token from slot 3
[2022-12-14 11:39:46] [SEVERE ] player 3 placing token on slot 7
[2022-12-14 11:39:46] [SEVERE ] removing player 1 token from slot 8
[2022-12-14 11:39:46] [SEVERE ] setting player 1 freeze to 0
[2022-12-14 11:39:46] [SEVERE ] setting player 1 freeze to -14
[2022-12-14 11:39:46] [SEVERE ] setting player 0 freeze to 0
[2022-12-14 11:39:46] [SEVERE ] setting player 0 freeze to -13
[2022-12-14 11:39:46] [SEVERE ] player 2 placing token on slot 7
[2022-12-14 11:39:46] [SEVERE ] removing player 0 token from slot 6
[2022-12-14 11:39:46] [SEVERE ] setting player 3 freeze to 0
[2022-12-14 11:39:46] [SEVERE ] removing player 3 token from slot 0
[2022-12-14 11:39:46] [SEVERE ] setting player 2 freeze to 0
[2022-12-14 11:39:46] [SEVERE ] setting player 2 freeze to -14
[2022-12-14 11:39:46] [SEVERE ] removing player 1 token from slot 3
[2022-12-14 11:39:46] [SEVERE ] setting player 3 freeze to -22
[2022-12-14 11:39:46] [SEVERE ] removing player 2 token from slot 7
[2022-12-14 11:39:46] [SEVERE ] player 0 placing token on slot 5
[2022-12-14 11:39:46] [SEVERE ] player 3 placing token on slot 6
[2022-12-14 11:39:46] [SEVERE ] player 1 placing token on slot 3
[2022-12-14 11:39:46] [SEVERE ] player 2 placing token on slot 7
[2022-12-14 11:39:46] [SEVERE ] removing player 0 token from slot 5
[2022-12-14 11:39:46] [SEVERE ] setting player 2 freeze to 0
[2022-12-14 11:39:46] [SEVERE ] setting player 3 freeze to 0
[2022-12-14 11:39:46] [SEVERE ] player 1 placing token on slot 5
[2022-12-14 11:39:46] [SEVERE ] setting player 3 freeze to -11
[2022-12-14 11:39:46] [SEVERE ] setting player 2 freeze to -14
[2022-12-14 11:39:46] [SEVERE ] removing player 3 token from slot 6
[2022-12-14 11:39:46] [SEVERE ] removing player 2 token from slot 7
[2022-12-14 11:39:46] [SEVERE ] setting player 1 freeze to 0
[2022-12-14 11:39:46] [SEVERE ] player 0 placing token on slot 5
[2022-12-14 11:39:46] [SEVERE ] setting player 1 freeze to -14
[2022-12-14 11:39:46] [SEVERE ] setting player 0 freeze to 0
[2022-12-14 11:39:46] [SEVERE ] setting player 0 freeze to -15
[2022-12-14 11:39:47] [SEVERE ] removing player 1 token from slot 7
[2022-12-14 11:39:47] [SEVERE ] player 3 placing token on slot 6
[2022-12-14 11:39:47] [SEVERE ] player 2 placing token on slot 8
[2022-12-14 11:39:47] [SEVERE ] removing player 0 token from slot 5
[2022-12-14 11:39:47] [SEVERE ] player 1 placing token on slot 11
[2022-12-14 11:39:47] [SEVERE ] setting player 3 freeze to 0
[2022-12-14 11:39:47] [SEVERE ] setting player 2 freeze to 0
[2022-12-14 11:39:47] [SEVERE ] removing player 3 token from slot 6
[2022-12-14 11:39:47] [SEVERE ] setting player 3 freeze to -15
[2022-12-14 11:39:47] [SEVERE ] removing player 2 token from slot 8
[2022-12-14 11:39:47] [SEVERE ] setting player 2 freeze to -13
[2022-12-14 11:39:47] [SEVERE ] player 0 placing token on slot 6
[2022-12-14 11:39:47] [SEVERE ] setting player 1 freeze to 0
[2022-12-14 11:39:47] [SEVERE ] removing player 1 token from slot 11
[2022-12-14 11:39:47] [SEVERE ] setting player 1 freeze to -14
[2022-12-14 11:39:47] [SEVERE ] setting player 0 freeze to 0
[2022-12-14 11:39:47] [SEVERE ] setting player 0 freeze to -15
[2022-12-14 11:39:47] [SEVERE ] removing player 3 token from slot 7
[2022-12-14 11:39:47] [SEVERE ] player 2 placing token on slot 10
[2022-12-14 11:39:47] [SEVERE ] removing player 0 token from slot 6
[2022-12-14 11:39:47] [SEVERE ] player 1 placing token on slot 11
[2022-12-14 11:39:47] [SEVERE ] player 3 placing token on slot 10
[2022-12-14 11:39:47] [SEVERE ] setting player 2 freeze to 0
[2022-12-14 11:39:47] [SEVERE ] removing player 2 token from slot 0
[2022-12-14 11:39:47] [SEVERE ] player 0 placing token on slot 2
[2022-12-14 11:39:47] [SEVERE ] setting player 2 freeze to -24
[2022-12-14 11:39:47] [SEVERE ] player 3 placing token on slot 9
[2022-12-14 11:39:47] [SEVERE ] setting player 0 freeze to 0
[2022-12-14 11:39:47] [SEVERE ] removing player 1 token from slot 5
[2022-12-14 11:39:47] [SEVERE ] setting player 1 freeze to 0
[2022-12-14 11:39:47] [SEVERE ] setting player 3 freeze to 0
[2022-12-14 11:39:47] [SEVERE ] setting player 0 freeze to -20
[2022-12-14 11:39:47] [SEVERE ] setting player 3 freeze to -13
[2022-12-14 11:39:47] [SEVERE ] setting player 1 freeze to -14
[2022-12-14 11:39:47] [SEVERE ] player 2 placing token on slot 5
[2022-12-14 11:39:47] [SEVERE ] removing player 0 token from slot 10
[2022-12-14 11:39:47] [SEVERE ] removing player 3 token from slot 10
[2022-12-14 11:39:47] [SEVERE ] player 1 placing token on slot 6
[2022-12-14 11:39:47] [SEVERE ] setting player 1 freeze to 0
[2022-12-14 11:39:47] [SEVERE ] removing player 2 token from slot 11
[2022-12-14 11:39:47] [SEVERE ] setting player 2 freeze to 0
[2022-12-14 11:39:47] [SEVERE ] setting player 1 freeze to -15
[2022-12-14 11:39:47] [SEVERE ] player 0 placing token on slot 5
[2022-12-14 11:39:47] [SEVERE ] player 3 placing token on slot 5
[2022-12-14 11:39:47] [SEVERE ] setting player 2 freeze to -25
[2022-12-14 11:39:47] [SEVERE ] removing player 1 token from slot 11
[2022-12-14 11:39:47] [SEVERE ] setting player 0 freeze to 0
[2022-12-14 11:39:47] [SEVERE ] setting player 3 freeze to 0
[2022-12-14 11:39:47] [SEVERE ] setting player 0 freeze to -20
[2022-12-14 11:39:47] [SEVERE ] setting player 3 freeze to -14
[2022-12-14 11:39:47] [SEVERE ] player 2 placing token on slot 4
[2022-12-14 11:39:47] [SEVERE ] removing player 0 token from slot 5
[2022-12-14 11:39:47] [SEVERE ] removing player 3 token from slot 11
[2022-12-14 11:39:47] [SEVERE ] player 1 placing token on slot 4
[2022-12-14 11:39:47] [SEVERE ] setting player 2 freeze to 0
[2022-12-14 11:39:47] [SEVERE ] setting player 2 freeze to -14
[2022-12-14 11:39:47] [SEVERE ] removing player 2 token from slot 5
[2022-12-14 11:39:47] [SEVERE ] removing player 3 token from slot 9
[2022-12-14 11:39:47] [SEVERE ] player 0 placing token on slot 7
[2022-12-14 11:39:47] [SEVERE ] setting player 1 freeze to 0
[2022-12-14 11:39:47] [SEVERE ] setting player 1 freeze to -14
[2022-12-14 11:39:47] [SEVERE ] removing player 1 token from slot 6
[2022-12-14 11:39:47] [SEVERE ] setting player 0 freeze to 0
[2022-12-14 11:39:47] [SEVERE ] removing player 2 token from slot 4
[2022-12-14 11:39:47] [SEVERE ] setting player 0 freeze to -15
[2022-12-14 11:39:47] [SEVERE ] player 3 placing token on slot 8
[2022-12-14 11:39:47] [SEVERE ] removing player 0 token from slot 2
[2022-12-14 11:39:47] [SEVERE ] player 1 placing token on slot 10
[2022-12-14 11:39:47] [SEVERE ] player 2 placing token on slot 3
[2022-12-14 11:39:47] [SEVERE ] player 3 placing token on slot 1
[2022-12-14 11:39:47] [SEVERE ] player 0 placing token on slot 9
[2022-12-14 11:39:47] [SEVERE ] setting player 1 freeze to 0
[2022-12-14 11:39:47] [SEVERE ] removing player 1 token from slot 3
[2022-12-14 11:39:47] [SEVERE ] setting player 1 freeze to -14
[2022-12-14 11:39:47] [SEVERE ] setting player 0 freeze to 0
[2022-12-14 11:39:47] [SEVERE ] player 2 placing token on slot 11
[2022-12-14 11:39:47] [SEVERE ] removing player 3 token from slot 8
[2022-12-14 11:39:47] [SEVERE ] setting player 0 freeze to -12
[2022-12-14 11:39:47] [SEVERE ] setting player 3 freeze to 0
[2022-12-14 11:39:47] [SEVERE ] removing player 0 token from slot 7
[2022-12-14 11:39:47] [SEVERE ] setting player 3 freeze to -14
[2022-12-14 11:39:47] [SEVERE ] player 1 placing token on slot 5
[2022-12-14 11:39:47] [SEVERE ] removing player 2 token from slot 3
[2022-12-14 11:39:47] [SEVERE ] setting player 2 freeze to 0
[2022-12-14 11:39:47] [SEVERE ] player 0 placing token on slot 1
[2022-12-14 11:39:47] [SEVERE ] setting player 2 freeze to -14
[2022-12-14 11:39:47] [SEVERE ] player 3 placing token on slot 0
[2022-12-14 11:39:47] [SEVERE ] setting player 3 freeze to 0
[2022-12-14 11:39:47] [SEVERE ] setting player 3 freeze to -14
[2022-12-14 11:39:47] [SEVERE ] removing player 1 token from slot 4
[2022-12-14 11:39:47] [SEVERE ] setting player 1 freeze to 0
[2022-12-14 11:39:47] [SEVERE ] setting player 1 freeze to -13
[2022-12-14 11:39:47] [SEVERE ] player 2 placing token on slot 0
[2022-12-14 11:39:47] [SEVERE ] removing player 0 token from slot 1
[2022-12-14 11:39:47] [SEVERE ] setting player 2 freeze to 0
[2022-12-14 11:39:47] [SEVERE ] removing player 3 token from slot 1
[2022-12-14 11:39:47] [SEVERE ] setting player 2 freeze to -26
[2022-12-14 11:39:47] [SEVERE ] player 1 placing token on slot 8
[2022-12-14 11:39:47] [SEVERE ] player 0 placing token on slot 5
[2022-12-14 11:39:47] [SEVERE ] removing player 2 token from slot 10
[2022-12-14 11:39:47] [SEVERE ] setting player 1 freeze to 0
[2022-12-14 11:39:47] [SEVERE ] setting player 0 freeze to 0
[2022-12-14 11:39:47] [SEVERE ] setting player 0 freeze to -13
[2022-12-14 11:39:47] [SEVERE ] removing player 3 token from slot 5
[2022-12-14 11:39:47] [SEVERE ] setting player 1 freeze to -13
[2022-12-14 11:39:47] [SEVERE ] removing player 1 token from slot 8
[2022-12-14 11:39:47] [SEVERE ] removing player 0 token from slot 4
[2022-12-14 11:39:47] [SEVERE ] player 2 placing token on slot 9
[2022-12-14 11:39:47] [SEVERE ] player 3 placing token on slot 7
[2022-12-14 11:39:47] [SEVERE ] setting player 2 freeze to 0
[2022-12-14 11:39:47] [SEVERE ] player 1 placing token on slot 6
[2022-12-14 11:39:47] [SEVERE ] player 0 placing token on slot 1
[2022-12-14 11:39:47] [SEVERE ] setting player 2 freeze to -14
[2022-12-14 11:39:47] [SEVERE ] removing player 2 token from slot 0
[2022-12-14 11:39:47] [SEVERE ] setting player 0 freeze to 0
[2022-12-14 11:39:47] [SEVERE ] setting player 0 freeze to -15
[2022-12-14 11:39:47] [SEVERE ] player 3 placing token on slot 5
[2022-12-14 11:39:47] [SEVERE ] setting player 1 freeze to 0
[2022-12-14 11:39:47] [SEVERE ] removing player 1 token from slot 5
[2022-12-14 11:39:47] [SEVERE ] setting player 1 freeze to -15
[2022-12-14 11:39:47] [SEVERE ] setting player 3 freeze to 0
[2022-12-14 11:39:47] [SEVERE ] removing player 0 token from slot 9
[2022-12-14 11:39:47] [SEVERE ] setting player 3 freeze to -13
[2022-12-14 11:39:47] [SEVERE ] player 2 placing token on slot 6
[2022-12-14 11:39:48] [SEVERE ] removing player 3 token from slot 0
[2022-12-14 11:39:48] [SEVERE ] player 0 placing token on slot 2
[2022-12-14 11:39:48] [SEVERE ] player 1 placing token on slot 5
[2022-12-14 11:39:48] [SEVERE ] setting player 2 freeze to 0
[2022-12-14 11:39:48] [SEVERE ] removing player 2 token from slot 6
[2022-12-14 11:39:48] [SEVERE ] setting player 2 freeze to -26
[2022-12-14 11:39:48] [SEVERE ] setting player 0 freeze to 0
[2022-12-14 11:39:48] [SEVERE ] setting player 0 freeze to -14
[2022-12-14 11:39:48] [SEVERE ] player 3 placing token on slot 3
[2022-12-14 11:39:48] [SEVERE ] removing player 0 token from slot 2
[2022-12-14 11:39:48] [SEVERE ] removing player 1 token from slot 5
[2022-12-14 11:39:48] [SEVERE ] setting player 1 freeze to 0
[2022-12-14 11:39:48] [SEVERE ] player 2 placing token on slot 7
[2022-12-14 11:39:48] [SEVERE ] setting player 3 freeze to 0
[2022-12-14 11:39:48] [SEVERE ] removing player 3 token from slot 5
[2022-12-14 11:39:48] [SEVERE ] setting player 3 freeze to -32
[2022-12-14 11:39:48] [SEVERE ] setting player 1 freeze to -44
[2022-12-14 11:39:48] [SEVERE ] player 0 placing token on slot 3
[2022-12-14 11:39:48] [SEVERE ] player 1 placing token on slot 2
[2022-12-14 11:39:48] [SEVERE ] setting player 2 freeze to 0
[2022-12-14 11:39:48] [SEVERE ] removing player 2 token from slot 11
[2022-12-14 11:39:48] [SEVERE ] setting player 2 freeze to -12
[2022-12-14 11:39:48] [SEVERE ] player 3 placing token on slot 1
[2022-12-14 11:39:48] [SEVERE ] setting player 0 freeze to 0
[2022-12-14 11:39:48] [SEVERE ] setting player 1 freeze to 0
[2022-12-14 11:39:48] [SEVERE ] setting player 3 freeze to 0
[2022-12-14 11:39:48] [SEVERE ] removing player 0 token from slot 3
[2022-12-14 11:39:48] [SEVERE ] setting player 0 freeze to -12
[2022-12-14 11:39:48] [SEVERE ] removing player 1 token from slot 2
[2022-12-14 11:39:48] [SEVERE ] setting player 3 freeze to -22
[2022-12-14 11:39:48] [SEVERE ] setting player 1 freeze to -24
[2022-12-14 11:39:48] [SEVERE ] removing player 3 token from slot 1
[2022-12-14 11:39:48] [SEVERE ] player 2 placing token on slot 0
[2022-12-14 11:39:48] [SEVERE ] removing player 0 token from slot 1
[2022-12-14 11:39:48] [SEVERE ] player 1 placing token on slot 2
[2022-12-14 11:39:48] [SEVERE ] removing player 3 token from slot 7
[2022-12-14 11:39:48] [SEVERE ] removing player 2 token from slot 7
[2022-12-14 11:39:48] [SEVERE ] player 0 placing token on slot 3
[2022-12-14 11:39:48] [SEVERE ] removing player 1 token from slot 10
[2022-12-14 11:39:48] [SEVERE ] player 3 placing token on slot 9
[2022-12-14 11:39:48] [SEVERE ] removing player 2 token from slot 0
[2022-12-14 11:39:48] [SEVERE ] player 0 placing token on slot 1
[2022-12-14 11:39:48] [SEVERE ] player 1 placing token on slot 3
[2022-12-14 11:39:48] [SEVERE ] setting player 1 freeze to 0
[2022-12-14 11:39:48] [SEVERE ] setting player 1 freeze to -15
[2022-12-14 11:39:48] [SEVERE ] player 2 placing token on slot 2
[2022-12-14 11:39:48] [SEVERE ] player 3 placing token on slot 10
[2022-12-14 11:39:48] [SEVERE ] removing player 0 token from slot 3
[2022-12-14 11:39:48] [SEVERE ] removing player 1 token from slot 2
[2022-12-14 11:39:48] [SEVERE ] setting player 3 freeze to 0
[2022-12-14 11:39:48] [SEVERE ] setting player 3 freeze to -15
[2022-12-14 11:39:48] [SEVERE ] player 2 placing token on slot 6
[2022-12-14 11:39:48] [SEVERE ] removing player 3 token from slot 10
[2022-12-14 11:39:48] [SEVERE ] player 0 placing token on slot 11
[2022-12-14 11:39:48] [SEVERE ] setting player 2 freeze to 0
[2022-12-14 11:39:48] [SEVERE ] player 1 placing token on slot 5
[2022-12-14 11:39:48] [SEVERE ] setting player 2 freeze to -12
[2022-12-14 11:39:48] [SEVERE ] setting player 0 freeze to 0
[2022-12-14 11:39:48] [SEVERE ] setting player 0 freeze to -15
[2022-12-14 11:39:48] [SEVERE ] removing player 2 token from slot 9
[2022-12-14 11:39:48] [SEVERE ] setting player 1 freeze to 0
[2022-12-14 11:39:48] [SEVERE ] player 3 placing token on slot 2
[2022-12-14 11:39:48] [SEVERE ] setting player 1 freeze to -14
[2022-12-14 11:39:48] [SEVERE ] removing player 0 token from slot 1
[2022-12-14 11:39:48] [SEVERE ] removing player 1 token from slot 5
[2022-12-14 11:39:48] [SEVERE ] setting player 3 freeze to 0
[2022-12-14 11:39:48] [SEVERE ] removing player 2 token from slot 6
[2022-12-14 11:39:48] [SEVERE ] removing player 3 token from slot 9
[2022-12-14 11:39:48] [SEVERE ] setting player 3 freeze to -26
[2022-12-14 11:39:48] [SEVERE ] player 0 placing token on slot 1
[2022-12-14 11:39:48] [SEVERE ] player 1 placing token on slot 9
[2022-12-14 11:39:48] [SEVERE ] player 2 placing token on slot 6
[2022-12-14 11:39:48] [SEVERE ] setting player 0 freeze to 0
[2022-12-14 11:39:48] [SEVERE ] removing player 0 token from slot 5
[2022-12-14 11:39:48] [SEVERE ] setting player 1 freeze to 0
[2022-12-14 11:39:48] [SEVERE ] player 3 placing token on slot 7
[2022-12-14 11:39:48] [SEVERE ] setting player 0 freeze to -14
[2022-12-14 11:39:48] [SEVERE ] setting player 1 freeze to -22
[2022-12-14 11:39:48] [SEVERE ] removing player 1 token from slot 3
[2022-12-14 11:39:48] [SEVERE ] setting player 3 freeze to 0
[2022-12-14 11:39:48] [SEVERE ] player 2 placing token on slot 4
[2022-12-14 11:39:48] [SEVERE ] setting player 3 freeze to -21
[2022-12-14 11:39:48] [SEVERE ] player 0 placing token on slot 6
[2022-12-14 11:39:48] [SEVERE ] removing player 3 token from slot 7
[2022-12-14 11:39:48] [SEVERE ] player 1 placing token on slot 8
[2022-12-14 11:39:48] [SEVERE ] setting player 2 freeze to 0
[2022-12-14 11:39:48] [SEVERE ] removing player 2 token from slot 2
[2022-12-14 11:39:48] [SEVERE ] setting player 2 freeze to -15
[2022-12-14 11:39:48] [SEVERE ] removing player 0 token from slot 6
[2022-12-14 11:39:48] [SEVERE ] player 3 placing token on slot 5
[2022-12-14 11:39:48] [SEVERE ] removing player 1 token from slot 9
[2022-12-14 11:39:48] [SEVERE ] setting player 1 freeze to 0
[2022-12-14 11:39:48] [SEVERE ] setting player 1 freeze to -15
[2022-12-14 11:39:48] [SEVERE ] removing player 2 token from slot 6
[2022-12-14 11:39:48] [SEVERE ] setting player 3 freeze to 0
[2022-12-14 11:39:48] [SEVERE ] player 0 placing token on slot 6
[2022-12-14 11:39:48] [SEVERE ] setting player 3 freeze to -15
[2022-12-14 11:39:48] [SEVERE ] removing player 3 token from slot 5
[2022-12-14 11:39:48] [SEVERE ] setting player 0 freeze to 0
[2022-12-14 11:39:48] [SEVERE ] setting player 0 freeze to -15
[2022-12-14 11:39:48] [SEVERE ] player 1 placing token on slot 1
[2022-12-14 11:39:48] [SEVERE ] setting player 1 freeze to 0
[2022-12-14 11:39:48] [SEVERE ] removing player 0 token from slot 1
[2022-12-14 11:39:48] [SEVERE ] setting player 1 freeze to -15
[2022-12-14 11:39:48] [SEVERE ] player 2 placing token on slot 1
[2022-12-14 11:39:48] [SEVERE ] player 3 placing token on slot 8
[2022-12-14 11:39:48] [SEVERE ] removing player 1 token from slot 1
[2022-12-14 11:39:48] [SEVERE ] removing player 3 token from slot 2
[2022-12-14 11:39:48] [SEVERE ] removing player 2 token from slot 1
[2022-12-14 11:39:48] [SEVERE ] player 0 placing token on slot 10
[2022-12-14 11:39:48] [SEVERE ] player 1 placing token on slot 5
[2022-12-14 11:39:48] [SEVERE ] setting player 0 freeze to 0
[2022-12-14 11:39:49] [SEVERE ] setting player 0 freeze to -14
[2022-12-14 11:39:49] [SEVERE ] setting player 1 freeze to 0
[2022-12-14 11:39:49] [SEVERE ] player 3 placing token on slot 2
[2022-12-14 11:39:49] [SEVERE ] player 2 placing token on slot 8
[2022-12-14 11:39:49] [SEVERE ] setting player 3 freeze to 0
[2022-12-14 11:39:49] [SEVERE ] setting player 1 freeze to -14
[2022-12-14 11:39:49] [SEVERE ] removing player 0 token from slot 10
[2022-12-14 11:39:49] [SEVERE ] setting player 3 freeze to -25
[2022-12-14 11:39:49] [SEVERE ] removing player 1 token from slot 6
[2022-12-14 11:39:49] [SEVERE ] removing player 3 token from slot 3
[2022-12-14 11:39:49] [SEVERE ] removing player 2 token from slot 8
[2022-12-14 11:39:49] [SEVERE ] player 0 placing token on slot 1
[2022-12-14 11:39:49] [SEVERE ] player 1 placing token on slot 6
[2022-12-14 11:39:49] [SEVERE ] player 3 placing token on slot 4
[2022-12-14 11:39:49] [SEVERE ] player 2 placing token on slot 8
[2022-12-14 11:39:49] [SEVERE ] setting player 0 freeze to 0
[2022-12-14 11:39:49] [SEVERE ] removing player 0 token from slot 6
[2022-12-14 11:39:49] [SEVERE ] setting player 0 freeze to -16
[2022-12-14 11:39:49] [SEVERE ] setting player 1 freeze to 0
[2022-12-14 11:39:49] [SEVERE ] setting player 1 freeze to -14
[2022-12-14 11:39:49] [SEVERE ] removing player 1 token from slot 6
[2022-12-14 11:39:49] [SEVERE ] setting player 3 freeze to 0
[2022-12-14 11:39:49] [SEVERE ] player 2 placing token on slot 7
[2022-12-14 11:39:49] [SEVERE ] setting player 3 freeze to -15
[2022-12-14 11:39:49] [SEVERE ] removing player 3 token from slot 4
[2022-12-14 11:39:49] [SEVERE ] setting player 2 freeze to 0
[2022-12-14 11:39:49] [SEVERE ] setting player 2 freeze to -15
[2022-12-14 11:39:49] [SEVERE ] removing player 0 token from slot 11
[2022-12-14 11:39:49] [SEVERE ] player 1 placing token on slot 1
[2022-12-14 11:39:49] [SEVERE ] removing player 2 token from slot 4
[2022-12-14 11:39:49] [SEVERE ] player 3 placing token on slot 5
[2022-12-14 11:39:49] [SEVERE ] player 0 placing token on slot 9
[2022-12-14 11:39:49] [SEVERE ] removing player 1 token from slot 5
[2022-12-14 11:39:49] [SEVERE ] setting player 3 freeze to 0
[2022-12-14 11:39:49] [SEVERE ] player 2 placing token on slot 0
[2022-12-14 11:39:49] [SEVERE ] setting player 3 freeze to -12
[2022-12-14 11:39:49] [SEVERE ] removing player 3 token from slot 8
[2022-12-14 11:39:49] [SEVERE ] player 0 placing token on slot 3
[2022-12-14 11:39:49] [SEVERE ] setting player 2 freeze to 0
[2022-12-14 11:39:49] [SEVERE ] setting player 0 freeze to 0
[2022-12-14 11:39:49] [SEVERE ] removing player 1 token from slot 8
[2022-12-14 11:39:49] [SEVERE ] setting player 0 freeze to -13
[2022-12-14 11:39:49] [SEVERE ] setting player 2 freeze to -13
[2022-12-14 11:39:49] [SEVERE ] removing player 2 token from slot 7
[2022-12-14 11:39:49] [SEVERE ] player 3 placing token on slot 11
[2022-12-14 11:39:49] [SEVERE ] removing player 0 token from slot 9
[2022-12-14 11:39:49] [SEVERE ] player 1 placing token on slot 9
[2022-12-14 11:39:49] [SEVERE ] player 2 placing token on slot 3
[2022-12-14 11:39:49] [SEVERE ] setting player 3 freeze to 0
[2022-12-14 11:39:49] [SEVERE ] player 0 placing token on slot 11
[2022-12-14 11:39:49] [SEVERE ] setting player 3 freeze to -13
[2022-12-14 11:39:49] [SEVERE ] removing player 3 token from slot 2
[2022-12-14 11:39:49] [SEVERE ] player 1 placing token on slot 3
[2022-12-14 11:39:49] [SEVERE ] removing player 2 token from slot 3
[2022-12-14 11:39:49] [SEVERE ] setting player 0 freeze to 0
[2022-12-14 11:39:49] [SEVERE ] setting player 0 freeze to -11
[2022-12-14 11:39:49] [SEVERE ] player 3 placing token on slot 4
[2022-12-14 11:39:49] [SEVERE ] removing player 0 token from slot 3
[2022-12-14 11:39:49] [SEVERE ] setting player 1 freeze to 0
[2022-12-14 11:39:49] [SEVERE ] removing player 1 token from slot 3
[2022-12-14 11:39:49] [SEVERE ] player 2 placing token on slot 10
[2022-12-14 11:39:49] [SEVERE ] setting player 1 freeze to -15
[2022-12-14 11:39:49] [SEVERE ] removing player 3 token from slot 5
[2022-12-14 11:39:49] [SEVERE ] player 0 placing token on slot 2
[2022-12-14 11:39:49] [SEVERE ] removing player 2 token from slot 0
[2022-12-14 11:39:49] [SEVERE ] setting player 2 freeze to 0
[2022-12-14 11:39:49] [SEVERE ] player 3 placing token on slot 7
[2022-12-14 11:39:49] [SEVERE ] player 1 placing token on slot 4
[2022-12-14 11:39:49] [SEVERE ] setting player 2 freeze to -14
[2022-12-14 11:39:49] [SEVERE ] removing player 0 token from slot 2
[2022-12-14 11:39:49] [SEVERE ] setting player 3 freeze to 0
[2022-12-14 11:39:49] [SEVERE ] setting player 3 freeze to -15
[2022-12-14 11:39:49] [SEVERE ] player 2 placing token on slot 7
[2022-12-14 11:39:49] [SEVERE ] removing player 3 token from slot 4
[2022-12-14 11:39:49] [SEVERE ] removing player 1 token from slot 1
[2022-12-14 11:39:49] [SEVERE ] setting player 1 freeze to 0
[2022-12-14 11:39:49] [SEVERE ] player 0 placing token on slot 7
[2022-12-14 11:39:49] [SEVERE ] setting player 2 freeze to 0
[2022-12-14 11:39:49] [SEVERE ] setting player 1 freeze to -17
[2022-12-14 11:39:49] [SEVERE ] setting player 2 freeze to -15
[2022-12-14 11:39:49] [SEVERE ] setting player 0 freeze to 0
[2022-12-14 11:39:49] [SEVERE ] setting player 0 freeze to -24
[2022-12-14 11:39:49] [SEVERE ] removing player 2 token from slot 7
[2022-12-14 11:39:49] [SEVERE ] player 3 placing token on slot 3
[2022-12-14 11:39:49] [SEVERE ] removing player 0 token from slot 7
[2022-12-14 11:39:49] [SEVERE ] player 1 placing token on slot 8
[2022-12-14 11:39:49] [SEVERE ] player 2 placing token on slot 3
[2022-12-14 11:39:49] [SEVERE ] setting player 3 freeze to 0
[2022-12-14 11:39:49] [SEVERE ] removing player 3 token from slot 11
[2022-12-14 11:39:49] [SEVERE ] player 0 placing token on slot 8
[2022-12-14 11:39:49] [SEVERE ] setting player 3 freeze to -14
[2022-12-14 11:39:49] [SEVERE ] removing player 1 token from slot 8
[2022-12-14 11:39:49] [SEVERE ] setting player 2 freeze to 0
[2022-12-14 11:39:49] [SEVERE ] setting player 1 freeze to 0
[2022-12-14 11:39:49] [SEVERE ] setting player 1 freeze to -13
[2022-12-14 11:39:49] [SEVERE ] setting player 2 freeze to -14
[2022-12-14 11:39:49] [SEVERE ] removing player 2 token from slot 3
[2022-12-14 11:39:49] [SEVERE ] setting player 0 freeze to 0
[2022-12-14 11:39:49] [SEVERE ] player 3 placing token on slot 0
[2022-12-14 11:39:49] [SEVERE ] setting player 0 freeze to -15
[2022-12-14 11:39:49] [SEVERE ] removing player 0 token from slot 11
[2022-12-14 11:39:49] [SEVERE ] player 1 placing token on slot 2
[2022-12-14 11:39:49] [SEVERE ] setting player 1 freeze to 0
[2022-12-14 11:39:49] [SEVERE ] setting player 1 freeze to -12
[2022-12-14 11:39:49] [SEVERE ] player 2 placing token on slot 7
[2022-12-14 11:39:49] [SEVERE ] removing player 3 token from slot 7
[2022-12-14 11:39:49] [SEVERE ] player 0 placing token on slot 2
[2022-12-14 11:39:49] [SEVERE ] removing player 1 token from slot 4
[2022-12-14 11:39:49] [SEVERE ] setting player 2 freeze to 0
[2022-12-14 11:39:49] [SEVERE ] removing player 2 token from slot 7
[2022-12-14 11:39:49] [SEVERE ] setting player 2 freeze to -12
[2022-12-14 11:39:49] [SEVERE ] player 3 placing token on slot 7
[2022-12-14 11:39:49] [SEVERE ] removing player 0 token from slot 1
[2022-12-14 11:39:49] [SEVERE ] setting player 3 freeze to 0
[2022-12-14 11:39:49] [SEVERE ] removing card from slot 0
[2022-12-14 11:39:49] [SEVERE ] player 1 placing token on slot 0
[2022-12-14 11:39:49] [SEVERE ] setting player 3 freeze to -25
[2022-12-14 11:39:49] [SEVERE ] removing player 1 token from slot 9
[2022-12-14 11:39:50] [SEVERE ] removing card from slot 9
[2022-12-14 11:39:50] [SEVERE ] removing player 1 token from slot 2
[2022-12-14 11:39:50] [SEVERE ] removing card from slot 2
[2022-12-14 11:39:50] [SEVERE ] removing player 0 token from slot 2
[2022-12-14 11:39:50] [SEVERE ] removing player 1 token from slot 0
[2022-12-14 11:39:50] [SEVERE ] removing player 3 token from slot 0
[2022-12-14 11:39:50] [SEVERE ] setting player 1 score to 1
[2022-12-14 11:39:50] [SEVERE ] removing card from slot 1
[2022-12-14 11:39:50] [SEVERE ] setting player 1 freeze to 0
[2022-12-14 11:39:50] [SEVERE ] setting player 1 freeze to -16
[2022-12-14 11:39:50] [SEVERE ] removing card from slot 3
[2022-12-14 11:39:50] [SEVERE ] removing card from slot 4
[2022-12-14 11:39:50] [SEVERE ] removing card from slot 5
[2022-12-14 11:39:50] [SEVERE ] removing card from slot 6
[2022-12-14 11:39:50] [SEVERE ] removing card from slot 7
[2022-12-14 11:39:50] [SEVERE ] removing card from slot 8
[2022-12-14 11:39:50] [SEVERE ] removing card from slot 10
[2022-12-14 11:39:50] [SEVERE ] removing card from slot 11
[2022-12-14 11:39:50] [SEVERE ] removing player 0 token from slot 8
[2022-12-14 11:39:50] [SEVERE ] removing player 2 token from slot 8
[2022-12-14 11:39:50] [SEVERE ] removing player 2 token from slot 10
[2022-12-14 11:39:50] [SEVERE ] removing player 3 token from slot 3
[2022-12-14 11:39:50] [SEVERE ] removing player 3 token from slot 7
[2022-12-14 11:39:50] [SEVERE ] placing card 74 in slot 7
[2022-12-14 11:39:50] [SEVERE ] placing card 79 in slot 6
[2022-12-14 11:39:50] [SEVERE ] placing card 50 in slot 10
[2022-12-14 11:39:50] [SEVERE ] placing card 6 in slot 3
[2022-12-14 11:39:51] [SEVERE ] placing card 22 in slot 2
[2022-12-14 11:39:51] [SEVERE ] placing card 75 in slot 11
[2022-12-14 11:39:51] [SEVERE ] placing card 46 in slot 0
[2022-12-14 11:39:51] [SEVERE ] placing card 38 in slot 4
[2022-12-14 11:39:51] [SEVERE ] placing card 58 in slot 8
[2022-12-14 11:39:51] [SEVERE ] placing card 15 in slot 1
[2022-12-14 11:39:51] [SEVERE ] placing card 20 in slot 9
[2022-12-14 11:39:51] [SEVERE ] placing card 56 in slot 5
[2022-12-14 11:39:51] [SEVERE ] player 1 placing token on slot 11
[2022-12-14 11:39:51] [SEVERE ] player 0 placing token on slot 10
[2022-12-14 11:39:51] [SEVERE ] player 3 placing token on slot 4
[2022-12-14 11:39:51] [SEVERE ] player 2 placing token on slot 1
[2022-12-14 11:39:51] [SEVERE ] player 1 placing token on slot 3
[2022-12-14 11:39:51] [SEVERE ] player 3 placing token on slot 2
[2022-12-14 11:39:51] [SEVERE ] player 0 placing token on slot 11
[2022-12-14 11:39:51] [SEVERE ] player 2 placing token on slot 7
[2022-12-14 11:39:51] [SEVERE ] player 3 placing token on slot 11
[2022-12-14 11:39:51] [SEVERE ] player 1 placing token on slot 1
[2022-12-14 11:39:51] [SEVERE ] player 0 placing token on slot 4
[2022-12-14 11:39:51] [SEVERE ] player 2 placing token on slot 9
[2022-12-14 11:39:51] [SEVERE ] setting player 1 freeze to 0
[2022-12-14 11:39:51] [SEVERE ] setting player 0 freeze to 0
[2022-12-14 11:39:51] [SEVERE ] setting player 3 freeze to 0
[2022-12-14 11:39:51] [SEVERE ] removing player 3 token from slot 4
[2022-12-14 11:39:51] [SEVERE ] removing player 2 token from slot 7
[2022-12-14 11:39:51] [SEVERE ] removing player 0 token from slot 4
[2022-12-14 11:39:51] [SEVERE ] removing player 1 token from slot 1
[2022-12-14 11:39:51] [SEVERE ] setting player 2 freeze to 0
[2022-12-14 11:39:51] [SEVERE ] player 2 placing token on slot 2
[2022-12-14 11:39:52] [SEVERE ] setting player 1 freeze to -815
[2022-12-14 11:39:52] [SEVERE ] setting player 0 freeze to -816
[2022-12-14 11:39:52] [SEVERE ] setting player 3 freeze to -793
[2022-12-14 11:39:52] [SEVERE ] setting player 2 freeze to -770
[2022-12-14 11:39:52] [SEVERE ] player 1 placing token on slot 7
[2022-12-14 11:39:52] [SEVERE ] player 3 placing token on slot 3
[2022-12-14 11:39:52] [SEVERE ] removing player 2 token from slot 2
[2022-12-14 11:39:52] [SEVERE ] player 0 placing token on slot 0
[2022-12-14 11:39:52] [SEVERE ] removing player 1 token from slot 3
[2022-12-14 11:39:52] [SEVERE ] setting player 1 freeze to 0
[2022-12-14 11:39:52] [SEVERE ] removing player 0 token from slot 0
[2022-12-14 11:39:52] [SEVERE ] removing player 2 token from slot 1
[2022-12-14 11:39:52] [SEVERE ] removing player 3 token from slot 11
[2022-12-14 11:39:52] [SEVERE ] setting player 0 freeze to 0
[2022-12-14 11:39:52] [SEVERE ] setting player 3 freeze to 0
[2022-12-14 11:39:52] [SEVERE ] player 2 placing token on slot 4
[2022-12-14 11:39:52] [SEVERE ] player 0 placing token on slot 7
[2022-12-14 11:39:52] [SEVERE ] player 3 placing token on slot 10
[2022-12-14 11:39:52] [SEVERE ] player 2 placing token on slot 0
[2022-12-14 11:39:52] [SEVERE ] setting player 2 freeze to 0
[2022-12-14 11:39:52] [SEVERE ] removing player 2 token from slot 0
[2022-12-14 11:39:53] [SEVERE ] setting player 2 freeze to -745
[2022-12-14 11:39:53] [SEVERE ] setting player 1 freeze to -900
[2022-12-14 11:39:53] [SEVERE ] setting player 0 freeze to -898
[2022-12-14 11:39:53] [SEVERE ] setting player 3 freeze to -897
[2022-12-14 11:39:53] [SEVERE ] removing player 0 token from slot 7
[2022-12-14 11:39:53] [SEVERE ] removing player 3 token from slot 10
[2022-12-14 11:39:53] [SEVERE ] player 2 placing token on slot 0
[2022-12-14 11:39:53] [SEVERE ] player 1 placing token on slot 9
[2022-12-14 11:39:53] [SEVERE ] player 0 placing token on slot 9
[2022-12-14 11:39:53] [SEVERE ] removing player 2 token from slot 9
[2022-12-14 11:39:53] [SEVERE ] player 3 placing token on slot 0
[2022-12-14 11:39:53] [SEVERE ] setting player 1 freeze to 0
[2022-12-14 11:39:53] [SEVERE ] setting player 2 freeze to 0
[2022-12-14 11:39:53] [SEVERE ] removing player 1 token from slot 11
[2022-12-14 11:39:53] [SEVERE ] setting player 0 freeze to 0
[2022-12-14 11:39:53] [SEVERE ] removing player 0 token from slot 10
[2022-12-14 11:39:53] [SEVERE ] setting player 3 freeze to 0
[2022-12-14 11:39:53] [SEVERE ] player 2 placing token on slot 10
[2022-12-14 11:39:53] [SEVERE ] removing player 3 token from slot 3
[2022-12-14 11:39:54] [SEVERE ] setting player 1 freeze to -896
[2022-12-14 11:39:54] [SEVERE ] setting player 0 freeze to -848
[2022-12-14 11:39:54] [SEVERE ] setting player 2 freeze to -896
[2022-12-14 11:39:54] [SEVERE ] setting player 3 freeze to -847
[2022-12-14 11:39:54] [SEVERE ] player 1 placing token on slot 2
[2022-12-14 11:39:54] [SEVERE ] player 0 placing token on slot 7
[2022-12-14 11:39:54] [SEVERE ] player 3 placing token on slot 4
[2022-12-14 11:39:54] [SEVERE ] removing player 2 token from slot 0
[2022-12-14 11:39:54] [SEVERE ] removing player 1 token from slot 7
[2022-12-14 11:39:54] [SEVERE ] setting player 1 freeze to 0
[2022-12-14 11:39:54] [SEVERE ] setting player 0 freeze to 0
[2022-12-14 11:39:54] [SEVERE ] removing player 3 token from slot 2
[2022-12-14 11:39:54] [SEVERE ] removing player 0 token from slot 11
[2022-12-14 11:39:54] [SEVERE ] setting player 3 freeze to 0
[2022-12-14 11:39:54] [SEVERE ] player 2 placing token on slot 2
[2022-12-14 11:39:54] [SEVERE ] removing player 1 token from slot 9
[2022-12-14 11:39:54] [SEVERE ] player 3 placing token on slot 1
[2022-12-14 11:39:54] [SEVERE ] removing player 2 token from slot 2
[2022-12-14 11:39:54] [SEVERE ] setting player 2 freeze to 0
[2022-12-14 11:39:54] [SEVERE ] Exit button pressed
[2022-12-14 11:39:55] [SEVERE ] setting player 0 freeze to -896
[2022-12-14 11:39:55] [SEVERE ] setting player 3 freeze to -895
[2022-12-14 11:39:55] [SEVERE ] setting player 2 freeze to -844
[2022-12-14 11:39:55] [SEVERE ] setting player 1 freeze to -900
[2022-12-14 11:39:55] [SEVERE ] removing player 3 token from slot 0
[2022-12-14 11:39:55] [SEVERE ] removing player 2 token from slot 10
[2022-12-14 11:39:55] [SEVERE ] player 3 placing token on slot 0
[2022-12-14 11:39:56] [SEVERE ] removing card from slot 0
[2022-12-14 11:39:56] [SEVERE ] removing card from slot 1
[2022-12-14 11:39:56] [SEVERE ] removing card from slot 2
[2022-12-14 11:39:56] [SEVERE ] removing card from slot 3
[2022-12-14 11:39:56] [SEVERE ] removing card from slot 4
[2022-12-14 11:39:56] [SEVERE ] removing card from slot 5
[2022-12-14 11:39:56] [SEVERE ] removing card from slot 6
[2022-12-14 11:39:57] [SEVERE ] removing card from slot 7
[2022-12-14 11:39:57] [SEVERE ] removing card from slot 8
[2022-12-14 11:39:57] [SEVERE ] removing card from slot 9
[2022-12-14 11:39:57] [SEVERE ] removing card from slot 10
[2022-12-14 11:39:57] [SEVERE ] removing card from slot 11
[2022-12-14 11:39:57] [SEVERE ] removing player 0 token from slot 9
[2022-12-14 11:39:57] [SEVERE ] removing player 0 token from slot 7
[2022-12-14 11:39:57] [SEVERE ] removing player 1 token from slot 2
[2022-12-14 11:39:57] [SEVERE ] removing player 2 token from slot 4
[2022-12-14 11:39:57] [SEVERE ] removing player 3 token from slot 4
[2022-12-14 11:39:57] [SEVERE ] removing player 3 token from slot 1
[2022-12-14 11:39:57] [SEVERE ] removing player 3 token from slot 0
[2022-12-14 11:39:57] [SEVERE ] announcing winners: [2, 1]
[2022-12-14 11:39:57] [INFO   ] Thread main terminated.
