[2022-12-11 19:55:24] [INFO   ] cannot read configuration file config.properties trying from resources.
[2022-12-11 19:55:24] [INFO   ] configuration file was loaded from resources directory.
[2022-12-11 19:55:24] [SEVERE ] placing card 56 in slot 0
[2022-12-11 19:55:24] [SEVERE ] placing card 75 in slot 2
[2022-12-11 19:55:25] [SEVERE ] placing card 55 in slot 3
[2022-12-11 19:55:25] [SEVERE ] placing card 52 in slot 11
[2022-12-11 19:55:25] [SEVERE ] placing card 58 in slot 1
[2022-12-11 19:55:25] [SEVERE ] placing card 49 in slot 4
[2022-12-11 19:55:25] [SEVERE ] placing card 59 in slot 8
[2022-12-11 19:55:25] [SEVERE ] placing card 53 in slot 7
[2022-12-11 19:55:25] [SEVERE ] placing card 78 in slot 5
[2022-12-11 19:55:25] [SEVERE ] placing card 36 in slot 9
[2022-12-11 19:55:25] [SEVERE ] placing card 23 in slot 6
[2022-12-11 19:55:26] [SEVERE ] placing card 41 in slot 10
[2022-12-11 19:55:26] [SEVERE ] player 1 placing token on slot 6
[2022-12-11 19:55:26] [SEVERE ] player 3 placing token on slot 10
[2022-12-11 19:55:26] [SEVERE ] player 0 placing token on slot 1
[2022-12-11 19:55:26] [SEVERE ] player 2 placing token on slot 6
[2022-12-11 19:55:26] [SEVERE ] player 1 placing token on slot 1
[2022-12-11 19:55:26] [SEVERE ] player 2 placing token on slot 7
[2022-12-11 19:55:26] [SEVERE ] player 0 placing token on slot 0
[2022-12-11 19:55:26] [SEVERE ] player 3 placing token on slot 5
[2022-12-11 19:55:26] [SEVERE ] player 2 placing token on slot 9
[2022-12-11 19:55:26] [SEVERE ] removing player 1 token from slot 6
[2022-12-11 19:55:26] [SEVERE ] player 0 placing token on slot 3
[2022-12-11 19:55:26] [SEVERE ] setting player 2 freeze to 0
[2022-12-11 19:55:26] [SEVERE ] player 3 placing token on slot 8
[2022-12-11 19:55:26] [SEVERE ] setting player 3 freeze to 0
[2022-12-11 19:55:26] [SEVERE ] setting player 2 freeze to -107
[2022-12-11 19:55:26] [SEVERE ] setting player 0 freeze to 0
[2022-12-11 19:55:26] [SEVERE ] setting player 3 freeze to -115
[2022-12-11 19:55:26] [SEVERE ] setting player 0 freeze to -107
[2022-12-11 19:55:26] [SEVERE ] player 1 placing token on slot 3
[2022-12-11 19:55:26] [SEVERE ] player 1 placing token on slot 2
[2022-12-11 19:55:26] [SEVERE ] removing player 2 token from slot 6
[2022-12-11 19:55:27] [SEVERE ] setting player 1 freeze to 0
[2022-12-11 19:55:27] [SEVERE ] removing player 0 token from slot 1
[2022-12-11 19:55:27] [SEVERE ] setting player 1 freeze to -105
[2022-12-11 19:55:27] [SEVERE ] player 2 placing token on slot 8
[2022-12-11 19:55:27] [SEVERE ] player 0 placing token on slot 7
[2022-12-11 19:55:27] [SEVERE ] removing player 1 token from slot 1
[2022-12-11 19:55:27] [SEVERE ] setting player 2 freeze to 0
[2022-12-11 19:55:27] [SEVERE ] setting player 0 freeze to 0
[2022-12-11 19:55:27] [SEVERE ] setting player 2 freeze to -102
[2022-12-11 19:55:27] [SEVERE ] setting player 0 freeze to -108
[2022-12-11 19:55:27] [SEVERE ] removing player 2 token from slot 9
[2022-12-11 19:55:27] [SEVERE ] removing player 3 token from slot 8
[2022-12-11 19:55:27] [SEVERE ] player 1 placing token on slot 6
[2022-12-11 19:55:27] [SEVERE ] setting player 1 freeze to 0
[2022-12-11 19:55:27] [SEVERE ] player 2 placing token on slot 5
[2022-12-11 19:55:27] [SEVERE ] player 3 placing token on slot 11
[2022-12-11 19:55:27] [SEVERE ] setting player 1 freeze to -110
[2022-12-11 19:55:27] [SEVERE ] setting player 3 freeze to 0
[2022-12-11 19:55:27] [SEVERE ] setting player 2 freeze to 0
[2022-12-11 19:55:27] [SEVERE ] setting player 3 freeze to -110
[2022-12-11 19:55:27] [SEVERE ] setting player 2 freeze to -110
[2022-12-11 19:55:28] [SEVERE ] removing player 2 token from slot 8
[2022-12-11 19:55:28] [SEVERE ] removing player 2 token from slot 5
[2022-12-11 19:55:28] [SEVERE ] removing player 3 token from slot 11
[2022-12-11 19:55:28] [SEVERE ] removing player 0 token from slot 3
[2022-12-11 19:55:28] [SEVERE ] player 2 placing token on slot 1
[2022-12-11 19:55:28] [SEVERE ] player 3 placing token on slot 7
[2022-12-11 19:55:28] [SEVERE ] player 0 placing token on slot 4
[2022-12-11 19:55:28] [SEVERE ] setting player 3 freeze to 0
[2022-12-11 19:55:28] [SEVERE ] setting player 0 freeze to 0
[2022-12-11 19:55:28] [SEVERE ] setting player 0 freeze to -107
[2022-12-11 19:55:28] [SEVERE ] setting player 3 freeze to -107
[2022-12-11 19:55:28] [SEVERE ] removing player 1 token from slot 3
[2022-12-11 19:55:28] [SEVERE ] player 2 placing token on slot 10
[2022-12-11 19:55:28] [SEVERE ] setting player 2 freeze to 0
[2022-12-11 19:55:28] [SEVERE ] player 1 placing token on slot 1
[2022-12-11 19:55:28] [SEVERE ] setting player 2 freeze to -108
[2022-12-11 19:55:28] [SEVERE ] removing player 3 token from slot 5
[2022-12-11 19:55:29] [SEVERE ] removing player 0 token from slot 4
[2022-12-11 19:55:29] [SEVERE ] setting player 1 freeze to 0
[2022-12-11 19:55:29] [SEVERE ] setting player 1 freeze to -108
[2022-12-11 19:55:29] [SEVERE ] player 3 placing token on slot 9
[2022-12-11 19:55:29] [SEVERE ] removing player 0 token from slot 7
[2022-12-11 19:55:29] [SEVERE ] setting player 3 freeze to 0
[2022-12-11 19:55:29] [SEVERE ] removing player 1 token from slot 2
[2022-12-11 19:55:29] [SEVERE ] removing player 2 token from slot 10
[2022-12-11 19:55:29] [SEVERE ] setting player 3 freeze to -110
[2022-12-11 19:55:29] [SEVERE ] player 0 placing token on slot 7
[2022-12-11 19:55:29] [SEVERE ] player 1 placing token on slot 5
[2022-12-11 19:55:29] [SEVERE ] player 2 placing token on slot 9
[2022-12-11 19:55:29] [SEVERE ] setting player 1 freeze to 0
[2022-12-11 19:55:29] [SEVERE ] setting player 2 freeze to 0
[2022-12-11 19:55:29] [SEVERE ] removing player 3 token from slot 9
[2022-12-11 19:55:29] [SEVERE ] player 0 placing token on slot 11
[2022-12-11 19:55:29] [SEVERE ] setting player 1 freeze to -110
[2022-12-11 19:55:29] [SEVERE ] setting player 0 freeze to 0
[2022-12-11 19:55:29] [SEVERE ] setting player 2 freeze to -111
[2022-12-11 19:55:29] [SEVERE ] removing player 2 token from slot 9
[2022-12-11 19:55:29] [SEVERE ] setting player 0 freeze to -109
[2022-12-11 19:55:29] [SEVERE ] player 3 placing token on slot 4
[2022-12-11 19:55:29] [SEVERE ] setting player 3 freeze to 0
[2022-12-11 19:55:29] [SEVERE ] player 2 placing token on slot 9
[2022-12-11 19:55:30] [SEVERE ] removing player 0 token from slot 7
[2022-12-11 19:55:30] [SEVERE ] setting player 3 freeze to -107
[2022-12-11 19:55:30] [SEVERE ] setting player 2 freeze to 0
[2022-12-11 19:55:30] [SEVERE ] setting player 2 freeze to -109
[2022-12-11 19:55:30] [SEVERE ] player 0 placing token on slot 3
[2022-12-11 19:55:30] [SEVERE ] setting player 0 freeze to 0
[2022-12-11 19:55:30] [SEVERE ] setting player 0 freeze to -110
[2022-12-11 19:55:30] [SEVERE ] removing player 2 token from slot 9
[2022-12-11 19:55:30] [SEVERE ] removing player 3 token from slot 4
[2022-12-11 19:55:30] [SEVERE ] player 2 placing token on slot 11
[2022-12-11 19:55:30] [SEVERE ] player 3 placing token on slot 0
[2022-12-11 19:55:30] [SEVERE ] setting player 3 freeze to 0
[2022-12-11 19:55:30] [SEVERE ] setting player 2 freeze to 0
[2022-12-11 19:55:30] [SEVERE ] setting player 3 freeze to -110
[2022-12-11 19:55:30] [SEVERE ] setting player 2 freeze to -110
[2022-12-11 19:55:30] [SEVERE ] removing player 3 token from slot 0
[2022-12-11 19:55:31] [SEVERE ] removing player 0 token from slot 3
[2022-12-11 19:55:31] [SEVERE ] player 3 placing token on slot 5
[2022-12-11 19:55:31] [SEVERE ] setting player 3 freeze to 0
[2022-12-11 19:55:31] [SEVERE ] removing player 0 token from slot 0
[2022-12-11 19:55:31] [SEVERE ] setting player 3 freeze to -109
[2022-12-11 19:55:31] [SEVERE ] removing player 1 token from slot 5
[2022-12-11 19:55:31] [SEVERE ] removing player 2 token from slot 7
[2022-12-11 19:55:31] [SEVERE ] player 0 placing token on slot 0
[2022-12-11 19:55:31] [SEVERE ] removing player 1 token from slot 6
[2022-12-11 19:55:31] [SEVERE ] player 2 placing token on slot 7
[2022-12-11 19:55:31] [SEVERE ] setting player 2 freeze to 0
[2022-12-11 19:55:31] [SEVERE ] removing player 3 token from slot 10
[2022-12-11 19:55:31] [SEVERE ] player 0 placing token on slot 3
[2022-12-11 19:55:31] [SEVERE ] setting player 0 freeze to 0
[2022-12-11 19:55:31] [SEVERE ] player 1 placing token on slot 5
[2022-12-11 19:55:31] [SEVERE ] setting player 2 freeze to -110
[2022-12-11 19:55:31] [SEVERE ] setting player 0 freeze to -109
[2022-12-11 19:55:31] [SEVERE ] player 3 placing token on slot 0
[2022-12-11 19:55:31] [SEVERE ] setting player 3 freeze to 0
[2022-12-11 19:55:32] [SEVERE ] player 1 placing token on slot 10
[2022-12-11 19:55:32] [SEVERE ] setting player 3 freeze to -109
[2022-12-11 19:55:32] [SEVERE ] setting player 1 freeze to 0
[2022-12-11 19:55:32] [SEVERE ] removing player 0 token from slot 0
[2022-12-11 19:55:32] [SEVERE ] setting player 1 freeze to -107
[2022-12-11 19:55:32] [SEVERE ] removing player 3 token from slot 7
[2022-12-11 19:55:32] [SEVERE ] removing player 0 token from slot 11
[2022-12-11 19:55:32] [SEVERE ] removing player 1 token from slot 1
[2022-12-11 19:55:32] [SEVERE ] removing player 3 token from slot 5
[2022-12-11 19:55:32] [SEVERE ] player 0 placing token on slot 10
[2022-12-11 19:55:32] [SEVERE ] player 1 placing token on slot 6
[2022-12-11 19:55:32] [SEVERE ] player 3 placing token on slot 6
[2022-12-11 19:55:32] [SEVERE ] player 0 placing token on slot 9
[2022-12-11 19:55:32] [SEVERE ] setting player 0 freeze to 0
[2022-12-11 19:55:32] [SEVERE ] setting player 1 freeze to 0
[2022-12-11 19:55:32] [SEVERE ] setting player 0 freeze to -102
[2022-12-11 19:55:32] [SEVERE ] setting player 1 freeze to -109
[2022-12-11 19:55:32] [SEVERE ] removing player 2 token from slot 11
[2022-12-11 19:55:33] [SEVERE ] player 3 placing token on slot 11
[2022-12-11 19:55:33] [SEVERE ] setting player 3 freeze to 0
[2022-12-11 19:55:33] [SEVERE ] setting player 3 freeze to -108
[2022-12-11 19:55:33] [SEVERE ] player 2 placing token on slot 9
[2022-12-11 19:55:33] [SEVERE ] setting player 2 freeze to 0
[2022-12-11 19:55:33] [SEVERE ] removing player 1 token from slot 10
[2022-12-11 19:55:33] [SEVERE ] setting player 2 freeze to -109
[2022-12-11 19:55:33] [SEVERE ] player 1 placing token on slot 9
[2022-12-11 19:55:33] [SEVERE ] removing player 0 token from slot 3
[2022-12-11 19:55:33] [SEVERE ] setting player 1 freeze to 0
[2022-12-11 19:55:33] [SEVERE ] setting player 1 freeze to -109
[2022-12-11 19:55:33] [SEVERE ] removing player 2 token from slot 7
[2022-12-11 19:55:33] [SEVERE ] player 0 placing token on slot 0
[2022-12-11 19:55:34] [SEVERE ] setting player 0 freeze to 0
[2022-12-11 19:55:34] [SEVERE ] removing player 2 token from slot 1
[2022-12-11 19:55:34] [SEVERE ] setting player 0 freeze to -108
[2022-12-11 19:55:34] [SEVERE ] removing player 0 token from slot 10
[2022-12-11 19:55:34] [SEVERE ] removing player 2 token from slot 9
[2022-12-11 19:55:34] [SEVERE ] player 0 placing token on slot 5
[2022-12-11 19:55:34] [SEVERE ] removing player 1 token from slot 6
[2022-12-11 19:55:34] [SEVERE ] setting player 0 freeze to 0
[2022-12-11 19:55:34] [SEVERE ] player 2 placing token on slot 3
[2022-12-11 19:55:34] [SEVERE ] setting player 0 freeze to -107
[2022-12-11 19:55:34] [SEVERE ] removing player 1 token from slot 9
[2022-12-11 19:55:34] [SEVERE ] player 2 placing token on slot 7
[2022-12-11 19:55:34] [SEVERE ] player 1 placing token on slot 10
[2022-12-11 19:55:34] [SEVERE ] removing player 3 token from slot 0
[2022-12-11 19:55:34] [SEVERE ] player 2 placing token on slot 11
[2022-12-11 19:55:35] [SEVERE ] player 1 placing token on slot 9
[2022-12-11 19:55:35] [SEVERE ] setting player 2 freeze to 0
[2022-12-11 19:55:35] [SEVERE ] removing player 3 token from slot 11
[2022-12-11 19:55:35] [SEVERE ] setting player 1 freeze to 0
[2022-12-11 19:55:35] [SEVERE ] setting player 2 freeze to -109
[2022-12-11 19:55:35] [SEVERE ] setting player 1 freeze to -108
[2022-12-11 19:55:35] [SEVERE ] player 3 placing token on slot 9
[2022-12-11 19:55:35] [SEVERE ] removing player 1 token from slot 5
[2022-12-11 19:55:35] [SEVERE ] player 3 placing token on slot 8
[2022-12-11 19:55:35] [SEVERE ] removing player 0 token from slot 5
[2022-12-11 19:55:35] [SEVERE ] setting player 3 freeze to 0
[2022-12-11 19:55:35] [SEVERE ] setting player 3 freeze to -107
[2022-12-11 19:55:35] [SEVERE ] player 1 placing token on slot 5
[2022-12-11 19:55:35] [SEVERE ] player 0 placing token on slot 3
[2022-12-11 19:55:35] [SEVERE ] setting player 1 freeze to 0
[2022-12-11 19:55:35] [SEVERE ] setting player 0 freeze to 0
[2022-12-11 19:55:35] [SEVERE ] setting player 1 freeze to -110
[2022-12-11 19:55:35] [SEVERE ] setting player 0 freeze to -109
[2022-12-11 19:55:36] [SEVERE ] removing player 1 token from slot 10
[2022-12-11 19:55:36] [SEVERE ] removing player 0 token from slot 9
[2022-12-11 19:55:36] [SEVERE ] player 1 placing token on slot 3
[2022-12-11 19:55:36] [SEVERE ] removing player 3 token from slot 9
[2022-12-11 19:55:36] [SEVERE ] setting player 1 freeze to 0
[2022-12-11 19:55:36] [SEVERE ] removing player 0 token from slot 3
[2022-12-11 19:55:36] [SEVERE ] setting player 1 freeze to -109
[2022-12-11 19:55:36] [SEVERE ] removing player 3 token from slot 6
[2022-12-11 19:55:36] [SEVERE ] player 0 placing token on slot 4
[2022-12-11 19:55:36] [SEVERE ] player 3 placing token on slot 9
[2022-12-11 19:55:36] [SEVERE ] player 0 placing token on slot 11
[2022-12-11 19:55:36] [SEVERE ] removing player 1 token from slot 3
[2022-12-11 19:55:36] [SEVERE ] removing player 3 token from slot 8
[2022-12-11 19:55:36] [SEVERE ] setting player 0 freeze to 0
[2022-12-11 19:55:37] [SEVERE ] removing player 2 token from slot 7
[2022-12-11 19:55:37] [SEVERE ] setting player 0 freeze to -110
[2022-12-11 19:55:37] [SEVERE ] player 1 placing token on slot 10
[2022-12-11 19:55:37] [SEVERE ] player 3 placing token on slot 7
[2022-12-11 19:55:37] [SEVERE ] setting player 1 freeze to 0
[2022-12-11 19:55:37] [SEVERE ] player 2 placing token on slot 9
[2022-12-11 19:55:37] [SEVERE ] removing player 0 token from slot 0
[2022-12-11 19:55:37] [SEVERE ] setting player 1 freeze to -108
[2022-12-11 19:55:37] [SEVERE ] setting player 2 freeze to 0
[2022-12-11 19:55:37] [SEVERE ] player 3 placing token on slot 1
[2022-12-11 19:55:37] [SEVERE ] setting player 3 freeze to 0
[2022-12-11 19:55:37] [SEVERE ] setting player 2 freeze to -107
[2022-12-11 19:55:37] [SEVERE ] player 0 placing token on slot 2
[2022-12-11 19:55:37] [SEVERE ] setting player 3 freeze to -110
[2022-12-11 19:55:37] [SEVERE ] removing player 1 token from slot 10
[2022-12-11 19:55:37] [SEVERE ] setting player 0 freeze to 0
[2022-12-11 19:55:37] [SEVERE ] removing player 2 token from slot 3
[2022-12-11 19:55:37] [SEVERE ] setting player 0 freeze to -109
[2022-12-11 19:55:37] [SEVERE ] player 1 placing token on slot 11
[2022-12-11 19:55:37] [SEVERE ] setting player 1 freeze to 0
[2022-12-11 19:55:37] [SEVERE ] player 2 placing token on slot 5
[2022-12-11 19:55:37] [SEVERE ] setting player 1 freeze to -108
[2022-12-11 19:55:37] [SEVERE ] setting player 2 freeze to 0
[2022-12-11 19:55:38] [SEVERE ] removing player 3 token from slot 9
[2022-12-11 19:55:38] [SEVERE ] setting player 2 freeze to -108
[2022-12-11 19:55:38] [SEVERE ] player 3 placing token on slot 0
[2022-12-11 19:55:38] [SEVERE ] setting player 3 freeze to 0
[2022-12-11 19:55:38] [SEVERE ] setting player 3 freeze to -108
[2022-12-11 19:55:38] [SEVERE ] removing player 1 token from slot 5
[2022-12-11 19:55:38] [SEVERE ] removing player 0 token from slot 2
[2022-12-11 19:55:38] [SEVERE ] removing player 2 token from slot 5
[2022-12-11 19:55:38] [SEVERE ] player 1 placing token on slot 6
[2022-12-11 19:55:38] [SEVERE ] removing player 3 token from slot 0
[2022-12-11 19:55:38] [SEVERE ] player 0 placing token on slot 3
[2022-12-11 19:55:38] [SEVERE ] setting player 1 freeze to 0
[2022-12-11 19:55:38] [SEVERE ] player 2 placing token on slot 3
[2022-12-11 19:55:38] [SEVERE ] setting player 0 freeze to 0
[2022-12-11 19:55:38] [SEVERE ] setting player 1 freeze to -109
[2022-12-11 19:55:38] [SEVERE ] setting player 2 freeze to 0
[2022-12-11 19:55:38] [SEVERE ] player 3 placing token on slot 0
[2022-12-11 19:55:38] [SEVERE ] setting player 0 freeze to -109
[2022-12-11 19:55:38] [SEVERE ] setting player 3 freeze to 0
[2022-12-11 19:55:38] [SEVERE ] setting player 2 freeze to -109
[2022-12-11 19:55:39] [SEVERE ] setting player 3 freeze to -109
[2022-12-11 19:55:39] [SEVERE ] removing player 0 token from slot 3
[2022-12-11 19:55:39] [SEVERE ] removing player 2 token from slot 11
[2022-12-11 19:55:39] [SEVERE ] removing player 3 token from slot 7
[2022-12-11 19:55:39] [SEVERE ] player 0 placing token on slot 5
[2022-12-11 19:55:39] [SEVERE ] player 2 placing token on slot 10
[2022-12-11 19:55:39] [SEVERE ] player 3 placing token on slot 2
[2022-12-11 19:55:39] [SEVERE ] setting player 0 freeze to 0
[2022-12-11 19:55:39] [SEVERE ] setting player 3 freeze to 0
[2022-12-11 19:55:39] [SEVERE ] setting player 2 freeze to 0
[2022-12-11 19:55:39] [SEVERE ] setting player 0 freeze to -108
[2022-12-11 19:55:39] [SEVERE ] setting player 3 freeze to -109
[2022-12-11 19:55:39] [SEVERE ] setting player 2 freeze to -109
[2022-12-11 19:55:39] [SEVERE ] removing player 1 token from slot 6
[2022-12-11 19:55:39] [SEVERE ] removing player 0 token from slot 4
[2022-12-11 19:55:39] [SEVERE ] removing player 3 token from slot 1
[2022-12-11 19:55:39] [SEVERE ] removing card from slot 0
[2022-12-11 19:55:39] [SEVERE ] removing card from slot 1
[2022-12-11 19:55:40] [SEVERE ] removing card from slot 2
[2022-12-11 19:55:40] [SEVERE ] removing card from slot 3
[2022-12-11 19:55:40] [SEVERE ] removing card from slot 4
[2022-12-11 19:55:40] [SEVERE ] removing card from slot 5
[2022-12-11 19:55:40] [SEVERE ] removing card from slot 6
[2022-12-11 19:55:40] [SEVERE ] removing card from slot 7
[2022-12-11 19:55:40] [SEVERE ] removing card from slot 8
[2022-12-11 19:55:40] [SEVERE ] removing card from slot 9
[2022-12-11 19:55:40] [SEVERE ] removing card from slot 10
[2022-12-11 19:55:41] [SEVERE ] removing card from slot 11
[2022-12-11 19:55:41] [SEVERE ] removing player 0 token from slot 11
[2022-12-11 19:55:41] [SEVERE ] removing player 0 token from slot 5
[2022-12-11 19:55:41] [SEVERE ] removing player 1 token from slot 9
[2022-12-11 19:55:41] [SEVERE ] removing player 1 token from slot 11
[2022-12-11 19:55:41] [SEVERE ] removing player 2 token from slot 9
[2022-12-11 19:55:41] [SEVERE ] removing player 2 token from slot 3
[2022-12-11 19:55:41] [SEVERE ] removing player 2 token from slot 10
[2022-12-11 19:55:41] [SEVERE ] removing player 3 token from slot 0
[2022-12-11 19:55:41] [SEVERE ] removing player 3 token from slot 2
[2022-12-11 19:55:41] [SEVERE ] placing card 68 in slot 8
[2022-12-11 19:55:41] [SEVERE ] placing card 34 in slot 0
[2022-12-11 19:55:41] [SEVERE ] placing card 63 in slot 1
[2022-12-11 19:55:41] [SEVERE ] placing card 28 in slot 7
[2022-12-11 19:55:41] [SEVERE ] placing card 64 in slot 11
[2022-12-11 19:55:41] [SEVERE ] placing card 51 in slot 5
[2022-12-11 19:55:41] [SEVERE ] placing card 35 in slot 10
[2022-12-11 19:55:41] [SEVERE ] placing card 42 in slot 9
[2022-12-11 19:55:42] [SEVERE ] placing card 5 in slot 3
[2022-12-11 19:55:42] [SEVERE ] placing card 60 in slot 4
[2022-12-11 19:55:42] [SEVERE ] placing card 20 in slot 2
[2022-12-11 19:55:42] [SEVERE ] placing card 45 in slot 6
[2022-12-11 19:55:42] [SEVERE ] player 0 placing token on slot 2
[2022-12-11 19:55:42] [SEVERE ] player 1 placing token on slot 8
[2022-12-11 19:55:42] [SEVERE ] player 3 placing token on slot 9
[2022-12-11 19:55:42] [SEVERE ] player 2 placing token on slot 4
[2022-12-11 19:55:42] [SEVERE ] player 1 placing token on slot 11
[2022-12-11 19:55:42] [SEVERE ] player 3 placing token on slot 3
[2022-12-11 19:55:42] [SEVERE ] player 0 placing token on slot 8
[2022-12-11 19:55:42] [SEVERE ] player 2 placing token on slot 2
[2022-12-11 19:55:42] [SEVERE ] player 1 placing token on slot 0
[2022-12-11 19:55:42] [SEVERE ] player 3 placing token on slot 7
[2022-12-11 19:55:42] [SEVERE ] player 0 placing token on slot 7
[2022-12-11 19:55:42] [SEVERE ] player 2 placing token on slot 8
[2022-12-11 19:55:42] [SEVERE ] setting player 0 freeze to 0
[2022-12-11 19:55:42] [SEVERE ] setting player 1 freeze to 0
[2022-12-11 19:55:42] [SEVERE ] setting player 3 freeze to 0
[2022-12-11 19:55:43] [SEVERE ] setting player 2 freeze to 0
[2022-12-11 19:55:43] [SEVERE ] setting player 0 freeze to -108
[2022-12-11 19:55:43] [SEVERE ] setting player 3 freeze to -108
[2022-12-11 19:55:43] [SEVERE ] setting player 1 freeze to -108
[2022-12-11 19:55:43] [SEVERE ] setting player 2 freeze to -107
[2022-12-11 19:55:43] [SEVERE ] removing player 1 token from slot 11
[2022-12-11 19:55:43] [SEVERE ] removing player 3 token from slot 3
[2022-12-11 19:55:43] [SEVERE ] player 1 placing token on slot 10
[2022-12-11 19:55:43] [SEVERE ] player 3 placing token on slot 11
[2022-12-11 19:55:43] [SEVERE ] setting player 3 freeze to 0
[2022-12-11 19:55:43] [SEVERE ] setting player 1 freeze to 0
[2022-12-11 19:55:43] [SEVERE ] removing player 2 token from slot 8
[2022-12-11 19:55:43] [SEVERE ] setting player 3 freeze to -110
[2022-12-11 19:55:43] [SEVERE ] setting player 1 freeze to -109
[2022-12-11 19:55:43] [SEVERE ] removing player 0 token from slot 2
[2022-12-11 19:55:44] [SEVERE ] Exit button pressed
[2022-12-11 19:55:44] [SEVERE ] removing player 2 token from slot 2
[2022-12-11 19:55:44] [SEVERE ] removing player 1 token from slot 10
[2022-12-11 19:55:44] [SEVERE ] removing card from slot 0
[2022-12-11 19:55:44] [SEVERE ] removing card from slot 1
[2022-12-11 19:55:44] [SEVERE ] removing card from slot 2
[2022-12-11 19:55:44] [SEVERE ] removing card from slot 3
[2022-12-11 19:55:44] [SEVERE ] removing card from slot 4
[2022-12-11 19:55:44] [SEVERE ] removing card from slot 5
[2022-12-11 19:55:44] [SEVERE ] removing card from slot 6
[2022-12-11 19:55:44] [SEVERE ] removing card from slot 7
[2022-12-11 19:55:45] [SEVERE ] removing card from slot 8
[2022-12-11 19:55:45] [SEVERE ] removing card from slot 9
[2022-12-11 19:55:45] [SEVERE ] removing card from slot 10
[2022-12-11 19:55:45] [SEVERE ] removing card from slot 11
[2022-12-11 19:55:45] [SEVERE ] removing player 0 token from slot 8
[2022-12-11 19:55:45] [SEVERE ] removing player 0 token from slot 7
[2022-12-11 19:55:45] [SEVERE ] removing player 1 token from slot 8
[2022-12-11 19:55:45] [SEVERE ] removing player 1 token from slot 0
[2022-12-11 19:55:45] [SEVERE ] removing player 2 token from slot 4
[2022-12-11 19:55:45] [SEVERE ] removing player 3 token from slot 9
[2022-12-11 19:55:45] [SEVERE ] removing player 3 token from slot 7
[2022-12-11 19:55:45] [SEVERE ] removing player 3 token from slot 11
[2022-12-11 19:55:45] [SEVERE ] announcing winners: [3, 2, 1, 0]
[2022-12-11 19:55:45] [INFO   ] Thread main terminated.
