[2022-12-11 19:08:15] [INFO   ] cannot read configuration file config.properties trying from resources.
[2022-12-11 19:08:15] [INFO   ] configuration file was loaded from resources directory.
[2022-12-11 19:08:15] [SEVERE ] placing card 70 in slot 8
[2022-12-11 19:08:15] [SEVERE ] placing card 42 in slot 4
[2022-12-11 19:08:16] [SEVERE ] placing card 74 in slot 3
[2022-12-11 19:08:16] [SEVERE ] placing card 65 in slot 6
[2022-12-11 19:08:16] [SEVERE ] placing card 14 in slot 10
[2022-12-11 19:08:16] [SEVERE ] placing card 30 in slot 5
[2022-12-11 19:08:16] [SEVERE ] placing card 19 in slot 9
[2022-12-11 19:08:16] [SEVERE ] placing card 13 in slot 0
[2022-12-11 19:08:16] [SEVERE ] placing card 11 in slot 11
[2022-12-11 19:08:16] [SEVERE ] placing card 43 in slot 1
[2022-12-11 19:08:16] [SEVERE ] placing card 36 in slot 2
[2022-12-11 19:08:17] [SEVERE ] placing card 48 in slot 7
[2022-12-11 19:08:30] [SEVERE ] removing card from slot 0
[2022-12-11 19:08:31] [SEVERE ] removing card from slot 1
[2022-12-11 19:08:31] [SEVERE ] removing card from slot 2
[2022-12-11 19:08:31] [SEVERE ] removing card from slot 3
[2022-12-11 19:08:31] [SEVERE ] removing card from slot 4
[2022-12-11 19:08:31] [SEVERE ] removing card from slot 5
[2022-12-11 19:08:31] [SEVERE ] removing card from slot 6
[2022-12-11 19:08:31] [SEVERE ] removing card from slot 7
[2022-12-11 19:08:31] [SEVERE ] removing card from slot 8
[2022-12-11 19:08:31] [SEVERE ] removing card from slot 9
[2022-12-11 19:08:31] [SEVERE ] removing card from slot 10
[2022-12-11 19:08:32] [SEVERE ] removing card from slot 11
[2022-12-11 19:08:32] [SEVERE ] placing card 43 in slot 1
[2022-12-11 19:08:32] [SEVERE ] placing card 30 in slot 0
[2022-12-11 19:08:32] [SEVERE ] placing card 0 in slot 7
[2022-12-11 19:08:32] [SEVERE ] placing card 4 in slot 5
[2022-12-11 19:08:32] [SEVERE ] placing card 16 in slot 9
[2022-12-11 19:08:32] [SEVERE ] placing card 17 in slot 8
[2022-12-11 19:08:32] [SEVERE ] placing card 35 in slot 2
[2022-12-11 19:08:32] [SEVERE ] placing card 51 in slot 4
[2022-12-11 19:08:33] [SEVERE ] placing card 2 in slot 10
[2022-12-11 19:08:33] [SEVERE ] placing card 49 in slot 6
[2022-12-11 19:08:33] [SEVERE ] placing card 34 in slot 11
[2022-12-11 19:08:33] [SEVERE ] placing card 75 in slot 3
[2022-12-11 19:08:35] [SEVERE ] Exit button pressed
[2022-12-11 19:08:35] [SEVERE ] removing card from slot 0
[2022-12-11 19:08:35] [SEVERE ] removing card from slot 1
[2022-12-11 19:08:35] [SEVERE ] removing card from slot 2
[2022-12-11 19:08:35] [SEVERE ] removing card from slot 3
[2022-12-11 19:08:35] [SEVERE ] removing card from slot 4
[2022-12-11 19:08:35] [SEVERE ] removing card from slot 5
[2022-12-11 19:08:35] [SEVERE ] removing card from slot 6
[2022-12-11 19:08:36] [SEVERE ] removing card from slot 7
[2022-12-11 19:08:36] [SEVERE ] removing card from slot 8
[2022-12-11 19:08:36] [SEVERE ] removing card from slot 9
[2022-12-11 19:08:36] [SEVERE ] removing card from slot 10
[2022-12-11 19:08:36] [SEVERE ] removing card from slot 11
[2022-12-11 19:08:36] [SEVERE ] announcing winners: [0, 1]
[2022-12-11 19:08:36] [INFO   ] Thread main terminated.
