[2022-12-11 23:05:03] [INFO   ] cannot read configuration file config.properties trying from resources.
[2022-12-11 23:05:03] [INFO   ] configuration file was loaded from resources directory.
[2022-12-11 23:05:04] [SEVERE ] placing card 14 in slot 0
[2022-12-11 23:05:04] [SEVERE ] placing card 8 in slot 7
[2022-12-11 23:05:05] [SEVERE ] placing card 58 in slot 4
[2022-12-11 23:05:05] [SEVERE ] placing card 73 in slot 9
[2022-12-11 23:05:05] [SEVERE ] placing card 18 in slot 6
[2022-12-11 23:05:05] [SEVERE ] placing card 11 in slot 5
[2022-12-11 23:05:05] [SEVERE ] placing card 62 in slot 8
[2022-12-11 23:05:05] [SEVERE ] placing card 55 in slot 2
[2022-12-11 23:05:05] [SEVERE ] placing card 37 in slot 11
[2022-12-11 23:05:05] [SEVERE ] placing card 52 in slot 10
[2022-12-11 23:05:05] [SEVERE ] placing card 69 in slot 3
[2022-12-11 23:05:05] [SEVERE ] placing card 39 in slot 1
[2022-12-11 23:05:16] [SEVERE ] Key 81 was pressed by player 0
[2022-12-11 23:05:16] [SEVERE ] player 0 placing token on slot 0
[2022-12-11 23:05:16] [SEVERE ] Key 82 was pressed by player 0
[2022-12-11 23:05:16] [SEVERE ] player 0 placing token on slot 3
[2022-12-11 23:05:16] [SEVERE ] Key 86 was pressed by player 0
[2022-12-11 23:05:16] [SEVERE ] player 0 placing token on slot 11
[2022-12-11 23:05:16] [SEVERE ] removing player 0 token from slot 0
[2022-12-11 23:05:16] [SEVERE ] removing card from slot 0
[2022-12-11 23:05:16] [SEVERE ] removing player 0 token from slot 3
[2022-12-11 23:05:16] [SEVERE ] removing card from slot 3
[2022-12-11 23:05:16] [SEVERE ] removing player 0 token from slot 11
[2022-12-11 23:05:16] [SEVERE ] removing card from slot 11
[2022-12-11 23:05:16] [SEVERE ] setting player 0 score to 1
[2022-12-11 23:05:16] [SEVERE ] placing card 44 in slot 0
[2022-12-11 23:05:16] [SEVERE ] setting player 0 freeze to 0
[2022-12-11 23:05:17] [SEVERE ] setting player 0 freeze to -105
[2022-12-11 23:05:17] [SEVERE ] placing card 10 in slot 11
[2022-12-11 23:05:17] [SEVERE ] placing card 46 in slot 3
[2022-12-11 23:05:37] [SEVERE ] Key 69 was pressed by player 0
[2022-12-11 23:05:37] [SEVERE ] player 0 placing token on slot 2
[2022-12-11 23:05:37] [SEVERE ] Key 82 was pressed by player 0
[2022-12-11 23:05:37] [SEVERE ] player 0 placing token on slot 3
[2022-12-11 23:05:37] [SEVERE ] Key 86 was pressed by player 0
[2022-12-11 23:05:37] [SEVERE ] player 0 placing token on slot 11
[2022-12-11 23:05:37] [SEVERE ] removing player 0 token from slot 2
[2022-12-11 23:05:38] [SEVERE ] removing card from slot 2
[2022-12-11 23:05:38] [SEVERE ] removing player 0 token from slot 3
[2022-12-11 23:05:38] [SEVERE ] removing card from slot 3
[2022-12-11 23:05:38] [SEVERE ] removing player 0 token from slot 11
[2022-12-11 23:05:38] [SEVERE ] removing card from slot 11
[2022-12-11 23:05:38] [SEVERE ] setting player 0 score to 2
[2022-12-11 23:05:38] [SEVERE ] placing card 57 in slot 2
[2022-12-11 23:05:38] [SEVERE ] setting player 0 freeze to 0
[2022-12-11 23:05:38] [SEVERE ] setting player 0 freeze to -104
[2022-12-11 23:05:38] [SEVERE ] placing card 40 in slot 3
[2022-12-11 23:05:38] [SEVERE ] placing card 26 in slot 11
[2022-12-11 23:06:04] [SEVERE ] Key 65 was pressed by player 0
[2022-12-11 23:06:04] [SEVERE ] player 0 placing token on slot 4
[2022-12-11 23:06:04] [SEVERE ] Key 81 was pressed by player 0
[2022-12-11 23:06:04] [SEVERE ] player 0 placing token on slot 0
[2022-12-11 23:06:04] [SEVERE ] Key 68 was pressed by player 0
[2022-12-11 23:06:04] [SEVERE ] player 0 placing token on slot 6
[2022-12-11 23:06:04] [SEVERE ] removing player 0 token from slot 4
[2022-12-11 23:06:04] [SEVERE ] removing card from slot 4
[2022-12-11 23:06:04] [SEVERE ] removing player 0 token from slot 0
[2022-12-11 23:06:04] [SEVERE ] removing card from slot 0
[2022-12-11 23:06:04] [SEVERE ] removing player 0 token from slot 6
[2022-12-11 23:06:04] [SEVERE ] removing card from slot 6
[2022-12-11 23:06:04] [SEVERE ] setting player 0 score to 3
[2022-12-11 23:06:04] [SEVERE ] placing card 71 in slot 4
[2022-12-11 23:06:04] [SEVERE ] setting player 0 freeze to 0
[2022-12-11 23:06:04] [SEVERE ] setting player 0 freeze to -104
[2022-12-11 23:06:05] [SEVERE ] placing card 79 in slot 6
[2022-12-11 23:06:05] [SEVERE ] placing card 45 in slot 0
[2022-12-11 23:06:19] [SEVERE ] Key 65 was pressed by player 0
[2022-12-11 23:06:19] [SEVERE ] player 0 placing token on slot 4
[2022-12-11 23:06:19] [SEVERE ] Key 88 was pressed by player 0
[2022-12-11 23:06:19] [SEVERE ] player 0 placing token on slot 9
[2022-12-11 23:06:20] [SEVERE ] Key 82 was pressed by player 0
[2022-12-11 23:06:20] [SEVERE ] player 0 placing token on slot 3
[2022-12-11 23:06:20] [SEVERE ] setting player 0 freeze to 3000
[2022-12-11 23:06:20] [SEVERE ] setting player 0 freeze to 2893
[2022-12-11 23:06:20] [SEVERE ] setting player 0 freeze to 2784
[2022-12-11 23:06:20] [SEVERE ] setting player 0 freeze to 2676
[2022-12-11 23:06:20] [SEVERE ] setting player 0 freeze to 2566
[2022-12-11 23:06:20] [SEVERE ] setting player 0 freeze to 2456
[2022-12-11 23:06:20] [SEVERE ] setting player 0 freeze to 2330
[2022-12-11 23:06:21] [SEVERE ] setting player 0 freeze to 2219
[2022-12-11 23:06:21] [SEVERE ] setting player 0 freeze to 2110
[2022-12-11 23:06:21] [SEVERE ] setting player 0 freeze to 2001
[2022-12-11 23:06:21] [SEVERE ] setting player 0 freeze to 1892
[2022-12-11 23:06:21] [SEVERE ] setting player 0 freeze to 1782
[2022-12-11 23:06:21] [SEVERE ] setting player 0 freeze to 1671
[2022-12-11 23:06:21] [SEVERE ] setting player 0 freeze to 1560
[2022-12-11 23:06:21] [SEVERE ] setting player 0 freeze to 1451
[2022-12-11 23:06:21] [SEVERE ] setting player 0 freeze to 1341
[2022-12-11 23:06:21] [SEVERE ] setting player 0 freeze to 1232
[2022-12-11 23:06:22] [SEVERE ] setting player 0 freeze to 1125
[2022-12-11 23:06:22] [SEVERE ] setting player 0 freeze to 1017
[2022-12-11 23:06:22] [SEVERE ] setting player 0 freeze to 908
[2022-12-11 23:06:22] [SEVERE ] setting player 0 freeze to 800
[2022-12-11 23:06:22] [SEVERE ] setting player 0 freeze to 688
[2022-12-11 23:06:22] [SEVERE ] setting player 0 freeze to 578
[2022-12-11 23:06:22] [SEVERE ] setting player 0 freeze to 468
[2022-12-11 23:06:22] [SEVERE ] setting player 0 freeze to 358
[2022-12-11 23:06:22] [SEVERE ] setting player 0 freeze to 248
[2022-12-11 23:06:23] [SEVERE ] setting player 0 freeze to 138
[2022-12-11 23:06:23] [SEVERE ] setting player 0 freeze to 30
[2022-12-11 23:06:23] [SEVERE ] setting player 0 freeze to -80
[2022-12-11 23:06:23] [SEVERE ] Key 82 was pressed by player 0
[2022-12-11 23:06:23] [SEVERE ] removing player 0 token from slot 3
[2022-12-11 23:06:24] [SEVERE ] Key 69 was pressed by player 0
[2022-12-11 23:06:24] [SEVERE ] player 0 placing token on slot 2
[2022-12-11 23:06:24] [SEVERE ] removing player 0 token from slot 4
[2022-12-11 23:06:24] [SEVERE ] removing card from slot 4
[2022-12-11 23:06:24] [SEVERE ] removing player 0 token from slot 9
[2022-12-11 23:06:24] [SEVERE ] removing card from slot 9
[2022-12-11 23:06:24] [SEVERE ] removing player 0 token from slot 2
[2022-12-11 23:06:24] [SEVERE ] removing card from slot 2
[2022-12-11 23:06:24] [SEVERE ] setting player 0 score to 4
[2022-12-11 23:06:24] [SEVERE ] placing card 67 in slot 4
[2022-12-11 23:06:24] [SEVERE ] setting player 0 freeze to 0
[2022-12-11 23:06:24] [SEVERE ] setting player 0 freeze to -102
[2022-12-11 23:06:24] [SEVERE ] placing card 7 in slot 9
[2022-12-11 23:06:24] [SEVERE ] placing card 41 in slot 2
[2022-12-11 23:06:42] [SEVERE ] Key 87 was pressed by player 0
[2022-12-11 23:06:43] [SEVERE ] player 0 placing token on slot 1
[2022-12-11 23:06:43] [SEVERE ] Key 69 was pressed by player 0
[2022-12-11 23:06:43] [SEVERE ] player 0 placing token on slot 2
[2022-12-11 23:06:43] [SEVERE ] Key 82 was pressed by player 0
[2022-12-11 23:06:43] [SEVERE ] player 0 placing token on slot 3
[2022-12-11 23:06:43] [SEVERE ] removing player 0 token from slot 1
[2022-12-11 23:06:44] [SEVERE ] removing card from slot 1
[2022-12-11 23:06:44] [SEVERE ] removing player 0 token from slot 2
[2022-12-11 23:06:44] [SEVERE ] removing card from slot 2
[2022-12-11 23:06:44] [SEVERE ] removing player 0 token from slot 3
[2022-12-11 23:06:44] [SEVERE ] removing card from slot 3
[2022-12-11 23:06:44] [SEVERE ] setting player 0 score to 5
[2022-12-11 23:06:44] [SEVERE ] placing card 20 in slot 1
[2022-12-11 23:06:44] [SEVERE ] setting player 0 freeze to 0
[2022-12-11 23:06:44] [SEVERE ] setting player 0 freeze to -101
[2022-12-11 23:06:44] [SEVERE ] placing card 31 in slot 3
[2022-12-11 23:06:44] [SEVERE ] placing card 0 in slot 2
[2022-12-11 23:06:50] [SEVERE ] Key 82 was pressed by player 0
[2022-12-11 23:06:50] [SEVERE ] player 0 placing token on slot 3
[2022-12-11 23:06:50] [SEVERE ] Key 69 was pressed by player 0
[2022-12-11 23:06:50] [SEVERE ] player 0 placing token on slot 2
[2022-12-11 23:06:50] [SEVERE ] Key 90 was pressed by player 0
[2022-12-11 23:06:50] [SEVERE ] player 0 placing token on slot 8
[2022-12-11 23:06:50] [SEVERE ] removing player 0 token from slot 3
[2022-12-11 23:06:50] [SEVERE ] removing card from slot 3
[2022-12-11 23:06:50] [SEVERE ] removing player 0 token from slot 2
[2022-12-11 23:06:51] [SEVERE ] removing card from slot 2
[2022-12-11 23:06:51] [SEVERE ] removing player 0 token from slot 8
[2022-12-11 23:06:51] [SEVERE ] removing card from slot 8
[2022-12-11 23:06:51] [SEVERE ] setting player 0 score to 6
[2022-12-11 23:06:51] [SEVERE ] placing card 17 in slot 3
[2022-12-11 23:06:51] [SEVERE ] setting player 0 freeze to 0
[2022-12-11 23:06:51] [SEVERE ] setting player 0 freeze to -103
[2022-12-11 23:06:51] [SEVERE ] placing card 19 in slot 8
[2022-12-11 23:06:51] [SEVERE ] placing card 32 in slot 2
[2022-12-11 23:06:57] [SEVERE ] Key 69 was pressed by player 0
[2022-12-11 23:06:57] [SEVERE ] player 0 placing token on slot 2
[2022-12-11 23:06:58] [SEVERE ] Key 68 was pressed by player 0
[2022-12-11 23:06:58] [SEVERE ] player 0 placing token on slot 6
[2022-12-11 23:06:58] [SEVERE ] Key 68 was pressed by player 0
[2022-12-11 23:06:58] [SEVERE ] removing player 0 token from slot 6
[2022-12-11 23:06:58] [SEVERE ] Key 69 was pressed by player 0
[2022-12-11 23:06:58] [SEVERE ] removing player 0 token from slot 2
[2022-12-11 23:06:59] [SEVERE ] Key 82 was pressed by player 0
[2022-12-11 23:06:59] [SEVERE ] player 0 placing token on slot 3
[2022-12-11 23:06:59] [SEVERE ] Key 70 was pressed by player 0
[2022-12-11 23:06:59] [SEVERE ] player 0 placing token on slot 7
[2022-12-11 23:06:59] [SEVERE ] Key 86 was pressed by player 0
[2022-12-11 23:06:59] [SEVERE ] player 0 placing token on slot 11
[2022-12-11 23:06:59] [SEVERE ] removing player 0 token from slot 3
[2022-12-11 23:06:59] [SEVERE ] removing card from slot 3
[2022-12-11 23:06:59] [SEVERE ] removing player 0 token from slot 7
[2022-12-11 23:06:59] [SEVERE ] removing card from slot 7
[2022-12-11 23:06:59] [SEVERE ] removing player 0 token from slot 11
[2022-12-11 23:07:00] [SEVERE ] removing card from slot 11
[2022-12-11 23:07:00] [SEVERE ] setting player 0 score to 7
[2022-12-11 23:07:00] [SEVERE ] placing card 61 in slot 3
[2022-12-11 23:07:00] [SEVERE ] setting player 0 freeze to 0
[2022-12-11 23:07:00] [SEVERE ] setting player 0 freeze to -104
[2022-12-11 23:07:00] [SEVERE ] removing card from slot 0
[2022-12-11 23:07:00] [SEVERE ] removing card from slot 1
[2022-12-11 23:07:00] [SEVERE ] removing card from slot 2
[2022-12-11 23:07:00] [SEVERE ] removing card from slot 3
[2022-12-11 23:07:00] [SEVERE ] removing card from slot 4
[2022-12-11 23:07:00] [SEVERE ] removing card from slot 5
[2022-12-11 23:07:00] [SEVERE ] removing card from slot 6
[2022-12-11 23:07:00] [SEVERE ] removing card from slot 8
[2022-12-11 23:07:01] [SEVERE ] removing card from slot 9
[2022-12-11 23:07:01] [SEVERE ] removing card from slot 10
[2022-12-11 23:07:01] [SEVERE ] placing card 52 in slot 7
[2022-12-11 23:07:01] [SEVERE ] placing card 15 in slot 2
[2022-12-11 23:07:01] [SEVERE ] placing card 54 in slot 10
[2022-12-11 23:07:01] [SEVERE ] placing card 64 in slot 4
[2022-12-11 23:07:01] [SEVERE ] placing card 50 in slot 5
[2022-12-11 23:07:01] [SEVERE ] placing card 61 in slot 9
[2022-12-11 23:07:01] [SEVERE ] placing card 38 in slot 11
[2022-12-11 23:07:02] [SEVERE ] placing card 56 in slot 1
[2022-12-11 23:07:02] [SEVERE ] placing card 12 in slot 8
[2022-12-11 23:07:02] [SEVERE ] placing card 59 in slot 3
[2022-12-11 23:07:02] [SEVERE ] placing card 13 in slot 0
[2022-12-11 23:07:02] [SEVERE ] placing card 68 in slot 6
[2022-12-11 23:07:04] [SEVERE ] Exit button pressed
[2022-12-11 23:07:04] [SEVERE ] removing card from slot 0
[2022-12-11 23:07:04] [SEVERE ] removing card from slot 1
[2022-12-11 23:07:05] [SEVERE ] removing card from slot 2
[2022-12-11 23:07:05] [SEVERE ] removing card from slot 3
[2022-12-11 23:07:05] [SEVERE ] removing card from slot 4
[2022-12-11 23:07:05] [SEVERE ] removing card from slot 5
[2022-12-11 23:07:05] [SEVERE ] removing card from slot 6
[2022-12-11 23:07:05] [SEVERE ] removing card from slot 7
[2022-12-11 23:07:05] [SEVERE ] removing card from slot 8
[2022-12-11 23:07:05] [SEVERE ] removing card from slot 9
[2022-12-11 23:07:05] [SEVERE ] removing card from slot 10
[2022-12-11 23:07:06] [SEVERE ] removing card from slot 11
[2022-12-11 23:07:06] [SEVERE ] announcing winners: [0]
[2022-12-11 23:07:06] [INFO   ] Thread main terminated.
