[2022-12-11 19:04:44] [INFO   ] cannot read configuration file config.properties trying from resources.
[2022-12-11 19:04:44] [INFO   ] configuration file was loaded from resources directory.
[2022-12-11 19:04:44] [SEVERE ] placing card 75 in slot 11
[2022-12-11 19:04:44] [SEVERE ] placing card 31 in slot 7
[2022-12-11 19:04:45] [SEVERE ] placing card 68 in slot 4
[2022-12-11 19:04:45] [SEVERE ] placing card 71 in slot 9
[2022-12-11 19:04:45] [SEVERE ] placing card 4 in slot 0
[2022-12-11 19:04:45] [SEVERE ] placing card 80 in slot 1
[2022-12-11 19:04:45] [SEVERE ] placing card 28 in slot 2
[2022-12-11 19:04:45] [SEVERE ] placing card 77 in slot 10
[2022-12-11 19:04:45] [SEVERE ] placing card 43 in slot 3
[2022-12-11 19:04:45] [SEVERE ] placing card 11 in slot 8
[2022-12-11 19:04:45] [SEVERE ] placing card 72 in slot 5
[2022-12-11 19:04:46] [SEVERE ] placing card 52 in slot 6
[2022-12-11 19:04:53] [SEVERE ] Exit button pressed
[2022-12-11 19:04:53] [SEVERE ] removing card from slot 0
[2022-12-11 19:04:53] [SEVERE ] removing card from slot 1
[2022-12-11 19:04:53] [SEVERE ] removing card from slot 2
[2022-12-11 19:04:53] [SEVERE ] removing card from slot 3
[2022-12-11 19:04:53] [SEVERE ] removing card from slot 4
[2022-12-11 19:04:53] [SEVERE ] removing card from slot 5
[2022-12-11 19:04:53] [SEVERE ] removing card from slot 6
[2022-12-11 19:04:53] [SEVERE ] removing card from slot 7
[2022-12-11 19:04:54] [SEVERE ] removing card from slot 8
[2022-12-11 19:04:54] [SEVERE ] removing card from slot 9
[2022-12-11 19:04:54] [SEVERE ] removing card from slot 10
[2022-12-11 19:04:54] [SEVERE ] removing card from slot 11
[2022-12-11 19:04:54] [SEVERE ] announcing winners: [0, 1]
[2022-12-11 19:04:54] [INFO   ] Thread main terminated.
