[2022-12-11 23:03:35] [INFO   ] cannot read configuration file config.properties trying from resources.
[2022-12-11 23:03:35] [INFO   ] configuration file was loaded from resources directory.
[2022-12-11 23:03:36] [SEVERE ] placing card 39 in slot 0
[2022-12-11 23:03:36] [SEVERE ] placing card 5 in slot 5
[2022-12-11 23:03:36] [SEVERE ] placing card 13 in slot 7
[2022-12-11 23:03:36] [SEVERE ] placing card 45 in slot 8
[2022-12-11 23:03:36] [SEVERE ] placing card 3 in slot 1
[2022-12-11 23:03:37] [SEVERE ] placing card 47 in slot 9
[2022-12-11 23:03:37] [SEVERE ] placing card 18 in slot 4
[2022-12-11 23:03:37] [SEVERE ] placing card 11 in slot 2
[2022-12-11 23:03:37] [SEVERE ] placing card 0 in slot 10
[2022-12-11 23:03:37] [SEVERE ] placing card 33 in slot 11
[2022-12-11 23:03:37] [SEVERE ] placing card 24 in slot 6
[2022-12-11 23:03:37] [SEVERE ] placing card 62 in slot 3
[2022-12-11 23:03:40] [SEVERE ] Key 81 was pressed by player 0
[2022-12-11 23:03:40] [SEVERE ] player 0 placing token on slot 0
[2022-12-11 23:03:40] [SEVERE ] Key 87 was pressed by player 0
[2022-12-11 23:03:40] [SEVERE ] player 0 placing token on slot 1
[2022-12-11 23:03:41] [SEVERE ] Key 69 was pressed by player 0
[2022-12-11 23:03:41] [SEVERE ] player 0 placing token on slot 2
[2022-12-11 23:03:41] [SEVERE ] setting player 0 freeze to 3000
[2022-12-11 23:03:41] [SEVERE ] setting player 0 freeze to 2894
[2022-12-11 23:03:41] [SEVERE ] setting player 0 freeze to 2786
[2022-12-11 23:03:41] [SEVERE ] setting player 0 freeze to 2677
[2022-12-11 23:03:41] [SEVERE ] setting player 0 freeze to 2568
[2022-12-11 23:03:41] [SEVERE ] setting player 0 freeze to 2459
[2022-12-11 23:03:41] [SEVERE ] setting player 0 freeze to 2349
[2022-12-11 23:03:41] [SEVERE ] setting player 0 freeze to 2240
[2022-12-11 23:03:42] [SEVERE ] setting player 0 freeze to 2131
[2022-12-11 23:03:42] [SEVERE ] setting player 0 freeze to 2021
[2022-12-11 23:03:42] [SEVERE ] setting player 0 freeze to 1912
[2022-12-11 23:03:42] [SEVERE ] setting player 0 freeze to 1805
[2022-12-11 23:03:42] [SEVERE ] setting player 0 freeze to 1696
[2022-12-11 23:03:42] [SEVERE ] setting player 0 freeze to 1585
[2022-12-11 23:03:42] [SEVERE ] setting player 0 freeze to 1476
[2022-12-11 23:03:42] [SEVERE ] setting player 0 freeze to 1367
[2022-12-11 23:03:42] [SEVERE ] setting player 0 freeze to 1258
[2022-12-11 23:03:43] [SEVERE ] setting player 0 freeze to 1118
[2022-12-11 23:03:43] [SEVERE ] setting player 0 freeze to 1009
[2022-12-11 23:03:43] [SEVERE ] setting player 0 freeze to 900
[2022-12-11 23:03:43] [SEVERE ] setting player 0 freeze to 791
[2022-12-11 23:03:43] [SEVERE ] setting player 0 freeze to 665
[2022-12-11 23:03:43] [SEVERE ] setting player 0 freeze to 555
[2022-12-11 23:03:43] [SEVERE ] setting player 0 freeze to 446
[2022-12-11 23:03:43] [SEVERE ] setting player 0 freeze to 336
[2022-12-11 23:03:44] [SEVERE ] setting player 0 freeze to 227
[2022-12-11 23:03:44] [SEVERE ] setting player 0 freeze to 118
[2022-12-11 23:03:44] [SEVERE ] setting player 0 freeze to 10
[2022-12-11 23:03:44] [SEVERE ] setting player 0 freeze to -100
[2022-12-11 23:03:47] [SEVERE ] Exit button pressed
[2022-12-11 23:03:47] [SEVERE ] removing card from slot 0
[2022-12-11 23:03:47] [SEVERE ] removing card from slot 1
[2022-12-11 23:03:47] [SEVERE ] removing card from slot 2
[2022-12-11 23:03:47] [SEVERE ] removing card from slot 3
[2022-12-11 23:03:47] [SEVERE ] removing card from slot 4
[2022-12-11 23:03:47] [SEVERE ] removing card from slot 5
[2022-12-11 23:03:47] [SEVERE ] removing card from slot 6
[2022-12-11 23:03:48] [SEVERE ] removing card from slot 7
[2022-12-11 23:03:48] [SEVERE ] removing card from slot 8
[2022-12-11 23:03:48] [SEVERE ] removing card from slot 9
[2022-12-11 23:03:48] [SEVERE ] removing card from slot 10
[2022-12-11 23:03:48] [SEVERE ] removing card from slot 11
[2022-12-11 23:03:48] [SEVERE ] removing player 0 token from slot 0
[2022-12-11 23:03:48] [SEVERE ] removing player 0 token from slot 1
[2022-12-11 23:03:48] [SEVERE ] removing player 0 token from slot 2
[2022-12-11 23:03:48] [SEVERE ] announcing winners: [1, 0]
[2022-12-11 23:03:48] [INFO   ] Thread main terminated.
