[2022-12-14 11:12:21] [INFO   ] cannot read configuration file config.properties trying from resources.
[2022-12-14 11:12:21] [INFO   ] configuration file was loaded from resources directory.
[2022-12-14 11:12:23] [SEVERE ] placing card 63 in slot 1
[2022-12-14 11:12:23] [SEVERE ] placing card 29 in slot 8
[2022-12-14 11:12:23] [SEVERE ] placing card 55 in slot 3
[2022-12-14 11:12:23] [SEVERE ] placing card 8 in slot 6
[2022-12-14 11:12:23] [SEVERE ] placing card 78 in slot 2
[2022-12-14 11:12:23] [SEVERE ] placing card 58 in slot 7
[2022-12-14 11:12:23] [SEVERE ] placing card 1 in slot 10
[2022-12-14 11:12:24] [SEVERE ] placing card 42 in slot 0
[2022-12-14 11:12:24] [SEVERE ] placing card 37 in slot 9
[2022-12-14 11:12:24] [SEVERE ] placing card 0 in slot 4
[2022-12-14 11:12:24] [SEVERE ] placing card 20 in slot 5
[2022-12-14 11:12:24] [SEVERE ] placing card 22 in slot 11
[2022-12-14 11:12:24] [SEVERE ] player 3 placing token on slot 8
[2022-12-14 11:12:24] [SEVERE ] player 0 placing token on slot 9
[2022-12-14 11:12:24] [SEVERE ] player 1 placing token on slot 1
[2022-12-14 11:12:24] [SEVERE ] player 2 placing token on slot 2
[2022-12-14 11:12:24] [SEVERE ] player 3 placing token on slot 6
[2022-12-14 11:12:24] [SEVERE ] player 0 placing token on slot 8
[2022-12-14 11:12:24] [SEVERE ] player 1 placing token on slot 3
[2022-12-14 11:12:24] [SEVERE ] player 2 placing token on slot 1
[2022-12-14 11:12:24] [SEVERE ] player 0 placing token on slot 5
[2022-12-14 11:12:24] [SEVERE ] removing player 3 token from slot 8
[2022-12-14 11:12:24] [SEVERE ] removing player 2 token from slot 1
[2022-12-14 11:12:24] [SEVERE ] removing player 1 token from slot 3
[2022-12-14 11:12:24] [SEVERE ] setting player 0 freeze to 0
[2022-12-14 11:12:24] [SEVERE ] player 3 placing token on slot 1
[2022-12-14 11:12:24] [SEVERE ] removing player 0 token from slot 5
[2022-12-14 11:12:24] [SEVERE ] player 2 placing token on slot 4
[2022-12-14 11:12:24] [SEVERE ] player 1 placing token on slot 11
[2022-12-14 11:12:25] [SEVERE ] setting player 0 freeze to -108
[2022-12-14 11:12:25] [SEVERE ] player 3 placing token on slot 0
[2022-12-14 11:12:25] [SEVERE ] player 2 placing token on slot 0
[2022-12-14 11:12:25] [SEVERE ] player 1 placing token on slot 5
[2022-12-14 11:12:25] [SEVERE ] setting player 2 freeze to 0
[2022-12-14 11:12:25] [SEVERE ] player 0 placing token on slot 6
[2022-12-14 11:12:25] [SEVERE ] setting player 3 freeze to 0
[2022-12-14 11:12:25] [SEVERE ] setting player 1 freeze to 0
[2022-12-14 11:12:25] [SEVERE ] removing player 3 token from slot 6
[2022-12-14 11:12:25] [SEVERE ] removing player 2 token from slot 0
[2022-12-14 11:12:25] [SEVERE ] removing player 1 token from slot 5
[2022-12-14 11:12:25] [SEVERE ] setting player 0 freeze to 0
[2022-12-14 11:12:25] [SEVERE ] setting player 2 freeze to -119
[2022-12-14 11:12:25] [SEVERE ] removing player 0 token from slot 8
[2022-12-14 11:12:25] [SEVERE ] setting player 3 freeze to -103
[2022-12-14 11:12:25] [SEVERE ] setting player 1 freeze to -117
[2022-12-14 11:12:25] [SEVERE ] setting player 0 freeze to -104
[2022-12-14 11:12:25] [SEVERE ] player 2 placing token on slot 7
[2022-12-14 11:12:25] [SEVERE ] player 3 placing token on slot 11
[2022-12-14 11:12:25] [SEVERE ] player 1 placing token on slot 4
[2022-12-14 11:12:25] [SEVERE ] player 0 placing token on slot 5
[2022-12-14 11:12:25] [SEVERE ] removing player 2 token from slot 7
[2022-12-14 11:12:25] [SEVERE ] removing player 3 token from slot 11
[2022-12-14 11:12:25] [SEVERE ] removing player 1 token from slot 1
[2022-12-14 11:12:25] [SEVERE ] setting player 1 freeze to 0
[2022-12-14 11:12:25] [SEVERE ] removing player 0 token from slot 9
[2022-12-14 11:12:25] [SEVERE ] player 2 placing token on slot 9
[2022-12-14 11:12:25] [SEVERE ] setting player 2 freeze to 0
[2022-12-14 11:12:25] [SEVERE ] player 3 placing token on slot 10
[2022-12-14 11:12:25] [SEVERE ] setting player 3 freeze to 0
[2022-12-14 11:12:25] [SEVERE ] removing player 1 token from slot 11
[2022-12-14 11:12:25] [SEVERE ] setting player 1 freeze to -107
[2022-12-14 11:12:25] [SEVERE ] player 0 placing token on slot 0
[2022-12-14 11:12:25] [SEVERE ] removing player 2 token from slot 9
[2022-12-14 11:12:25] [SEVERE ] setting player 2 freeze to -108
[2022-12-14 11:12:25] [SEVERE ] setting player 0 freeze to 0
[2022-12-14 11:12:25] [SEVERE ] removing player 3 token from slot 0
[2022-12-14 11:12:25] [SEVERE ] setting player 3 freeze to -108
[2022-12-14 11:12:25] [SEVERE ] player 1 placing token on slot 7
[2022-12-14 11:12:25] [SEVERE ] removing player 0 token from slot 6
[2022-12-14 11:12:25] [SEVERE ] player 2 placing token on slot 9
[2022-12-14 11:12:25] [SEVERE ] setting player 0 freeze to -106
[2022-12-14 11:12:25] [SEVERE ] player 3 placing token on slot 8
[2022-12-14 11:12:25] [SEVERE ] removing player 1 token from slot 7
[2022-12-14 11:12:25] [SEVERE ] player 0 placing token on slot 6
[2022-12-14 11:12:25] [SEVERE ] removing player 2 token from slot 2
[2022-12-14 11:12:25] [SEVERE ] removing player 3 token from slot 10
[2022-12-14 11:12:25] [SEVERE ] setting player 3 freeze to 0
[2022-12-14 11:12:25] [SEVERE ] player 1 placing token on slot 11
[2022-12-14 11:12:26] [SEVERE ] removing player 0 token from slot 5
[2022-12-14 11:12:26] [SEVERE ] player 2 placing token on slot 6
[2022-12-14 11:12:26] [SEVERE ] player 3 placing token on slot 2
[2022-12-14 11:12:26] [SEVERE ] setting player 3 freeze to -107
[2022-12-14 11:12:26] [SEVERE ] player 1 placing token on slot 10
[2022-12-14 11:12:26] [SEVERE ] removing player 2 token from slot 6
[2022-12-14 11:12:26] [SEVERE ] player 0 placing token on slot 9
[2022-12-14 11:12:26] [SEVERE ] removing player 3 token from slot 2
[2022-12-14 11:12:26] [SEVERE ] removing player 1 token from slot 11
[2022-12-14 11:12:26] [SEVERE ] setting player 1 freeze to 0
[2022-12-14 11:12:26] [SEVERE ] player 2 placing token on slot 1
[2022-12-14 11:12:26] [SEVERE ] removing player 0 token from slot 0
[2022-12-14 11:12:26] [SEVERE ] setting player 0 freeze to 0
[2022-12-14 11:12:26] [SEVERE ] player 3 placing token on slot 10
[2022-12-14 11:12:26] [SEVERE ] player 1 placing token on slot 8
[2022-12-14 11:12:26] [SEVERE ] setting player 1 freeze to -107
[2022-12-14 11:12:26] [SEVERE ] removing player 2 token from slot 1
[2022-12-14 11:12:26] [SEVERE ] player 0 placing token on slot 7
[2022-12-14 11:12:26] [SEVERE ] setting player 0 freeze to -106
[2022-12-14 11:12:26] [SEVERE ] removing player 3 token from slot 8
[2022-12-14 11:12:26] [SEVERE ] setting player 3 freeze to 0
[2022-12-14 11:12:26] [SEVERE ] removing player 1 token from slot 8
[2022-12-14 11:12:26] [SEVERE ] removing player 2 token from slot 9
[2022-12-14 11:12:26] [SEVERE ] removing player 0 token from slot 7
[2022-12-14 11:12:26] [SEVERE ] player 3 placing token on slot 9
[2022-12-14 11:12:26] [SEVERE ] setting player 3 freeze to -108
[2022-12-14 11:12:26] [SEVERE ] player 1 placing token on slot 0
[2022-12-14 11:12:26] [SEVERE ] player 2 placing token on slot 10
[2022-12-14 11:12:26] [SEVERE ] player 0 placing token on slot 5
[2022-12-14 11:12:26] [SEVERE ] removing player 3 token from slot 1
[2022-12-14 11:12:26] [SEVERE ] setting player 1 freeze to 0
[2022-12-14 11:12:26] [SEVERE ] removing player 1 token from slot 10
[2022-12-14 11:12:26] [SEVERE ] player 2 placing token on slot 0
[2022-12-14 11:12:26] [SEVERE ] removing player 0 token from slot 6
[2022-12-14 11:12:26] [SEVERE ] setting player 2 freeze to 0
[2022-12-14 11:12:26] [SEVERE ] setting player 0 freeze to 0
[2022-12-14 11:12:26] [SEVERE ] player 3 placing token on slot 8
[2022-12-14 11:12:26] [SEVERE ] setting player 1 freeze to -108
[2022-12-14 11:12:26] [SEVERE ] removing player 2 token from slot 10
[2022-12-14 11:12:26] [SEVERE ] player 0 placing token on slot 3
[2022-12-14 11:12:26] [SEVERE ] setting player 2 freeze to -103
[2022-12-14 11:12:26] [SEVERE ] setting player 0 freeze to -103
[2022-12-14 11:12:26] [SEVERE ] removing player 3 token from slot 8
[2022-12-14 11:12:26] [SEVERE ] setting player 3 freeze to 0
[2022-12-14 11:12:26] [SEVERE ] player 1 placing token on slot 3
[2022-12-14 11:12:26] [SEVERE ] removing player 2 token from slot 0
[2022-12-14 11:12:26] [SEVERE ] removing player 0 token from slot 5
[2022-12-14 11:12:26] [SEVERE ] removing player 3 token from slot 10
[2022-12-14 11:12:26] [SEVERE ] setting player 3 freeze to -107
[2022-12-14 11:12:26] [SEVERE ] removing player 1 token from slot 0
[2022-12-14 11:12:26] [SEVERE ] player 2 placing token on slot 9
[2022-12-14 11:12:26] [SEVERE ] player 0 placing token on slot 4
[2022-12-14 11:12:27] [SEVERE ] player 3 placing token on slot 3
[2022-12-14 11:12:27] [SEVERE ] player 1 placing token on slot 2
[2022-12-14 11:12:27] [SEVERE ] setting player 1 freeze to 0
[2022-12-14 11:12:27] [SEVERE ] player 2 placing token on slot 10
[2022-12-14 11:12:27] [SEVERE ] removing player 0 token from slot 4
[2022-12-14 11:12:27] [SEVERE ] setting player 0 freeze to 0
[2022-12-14 11:12:27] [SEVERE ] removing player 3 token from slot 9
[2022-12-14 11:12:27] [SEVERE ] removing player 1 token from slot 2
[2022-12-14 11:12:27] [SEVERE ] setting player 1 freeze to -107
[2022-12-14 11:12:27] [SEVERE ] setting player 2 freeze to 0
[2022-12-14 11:12:27] [SEVERE ] removing player 2 token from slot 9
[2022-12-14 11:12:27] [SEVERE ] setting player 0 freeze to -106
[2022-12-14 11:12:27] [SEVERE ] removing player 0 token from slot 3
[2022-12-14 11:12:27] [SEVERE ] removing player 3 token from slot 3
[2022-12-14 11:12:27] [SEVERE ] player 1 placing token on slot 5
[2022-12-14 11:12:27] [SEVERE ] setting player 2 freeze to -110
[2022-12-14 11:12:27] [SEVERE ] player 0 placing token on slot 0
[2022-12-14 11:12:27] [SEVERE ] player 3 placing token on slot 11
[2022-12-14 11:12:27] [SEVERE ] removing player 1 token from slot 5
[2022-12-14 11:12:27] [SEVERE ] player 2 placing token on slot 2
[2022-12-14 11:12:27] [SEVERE ] player 0 placing token on slot 7
[2022-12-14 11:12:27] [SEVERE ] player 3 placing token on slot 1
[2022-12-14 11:12:27] [SEVERE ] player 1 placing token on slot 9
[2022-12-14 11:12:27] [SEVERE ] setting player 1 freeze to 0
[2022-12-14 11:12:27] [SEVERE ] removing player 2 token from slot 4
[2022-12-14 11:12:27] [SEVERE ] setting player 0 freeze to 0
[2022-12-14 11:12:27] [SEVERE ] removing player 0 token from slot 0
[2022-12-14 11:12:27] [SEVERE ] player 3 placing token on slot 3
[2022-12-14 11:12:27] [SEVERE ] removing player 1 token from slot 3
[2022-12-14 11:12:27] [SEVERE ] setting player 3 freeze to 0
[2022-12-14 11:12:27] [SEVERE ] setting player 1 freeze to -108
[2022-12-14 11:12:27] [SEVERE ] player 2 placing token on slot 9
[2022-12-14 11:12:27] [SEVERE ] setting player 0 freeze to -107
[2022-12-14 11:12:27] [SEVERE ] setting player 2 freeze to 0
[2022-12-14 11:12:27] [SEVERE ] removing player 3 token from slot 3
[2022-12-14 11:12:27] [SEVERE ] setting player 3 freeze to -106
[2022-12-14 11:12:27] [SEVERE ] removing player 1 token from slot 9
[2022-12-14 11:12:27] [SEVERE ] player 0 placing token on slot 2
[2022-12-14 11:12:27] [SEVERE ] setting player 2 freeze to -108
[2022-12-14 11:12:27] [SEVERE ] removing player 2 token from slot 2
[2022-12-14 11:12:27] [SEVERE ] player 3 placing token on slot 7
[2022-12-14 11:12:27] [SEVERE ] player 1 placing token on slot 3
[2022-12-14 11:12:27] [SEVERE ] setting player 0 freeze to 0
[2022-12-14 11:12:27] [SEVERE ] player 2 placing token on slot 2
[2022-12-14 11:12:27] [SEVERE ] removing player 0 token from slot 7
[2022-12-14 11:12:27] [SEVERE ] removing player 3 token from slot 11
[2022-12-14 11:12:27] [SEVERE ] removing player 1 token from slot 3
[2022-12-14 11:12:27] [SEVERE ] setting player 2 freeze to 0
[2022-12-14 11:12:27] [SEVERE ] setting player 0 freeze to -129
[2022-12-14 11:12:27] [SEVERE ] removing player 2 token from slot 10
[2022-12-14 11:12:27] [SEVERE ] removing player 3 token from slot 7
[2022-12-14 11:12:28] [SEVERE ] player 1 placing token on slot 0
[2022-12-14 11:12:28] [SEVERE ] setting player 2 freeze to -109
[2022-12-14 11:12:28] [SEVERE ] player 0 placing token on slot 10
[2022-12-14 11:12:28] [SEVERE ] removing player 3 token from slot 1
[2022-12-14 11:12:28] [SEVERE ] player 1 placing token on slot 7
[2022-12-14 11:12:28] [SEVERE ] removing player 2 token from slot 2
[2022-12-14 11:12:28] [SEVERE ] removing player 0 token from slot 9
[2022-12-14 11:12:28] [SEVERE ] player 3 placing token on slot 11
[2022-12-14 11:12:28] [SEVERE ] removing player 1 token from slot 4
[2022-12-14 11:12:28] [SEVERE ] player 2 placing token on slot 4
[2022-12-14 11:12:28] [SEVERE ] player 0 placing token on slot 0
[2022-12-14 11:12:28] [SEVERE ] setting player 0 freeze to 0
[2022-12-14 11:12:28] [SEVERE ] player 3 placing token on slot 1
[2022-12-14 11:12:28] [SEVERE ] removing player 1 token from slot 7
[2022-12-14 11:12:28] [SEVERE ] player 2 placing token on slot 0
[2022-12-14 11:12:28] [SEVERE ] setting player 2 freeze to 0
[2022-12-14 11:12:28] [SEVERE ] removing player 0 token from slot 2
[2022-12-14 11:12:28] [SEVERE ] setting player 0 freeze to -109
[2022-12-14 11:12:28] [SEVERE ] player 3 placing token on slot 0
[2022-12-14 11:12:28] [SEVERE ] player 1 placing token on slot 11
[2022-12-14 11:12:28] [SEVERE ] setting player 3 freeze to 0
[2022-12-14 11:12:28] [SEVERE ] setting player 2 freeze to -104
[2022-12-14 11:12:28] [SEVERE ] removing player 2 token from slot 0
[2022-12-14 11:12:28] [SEVERE ] player 0 placing token on slot 1
[2022-12-14 11:12:28] [SEVERE ] player 1 placing token on slot 3
[2022-12-14 11:12:28] [SEVERE ] removing player 3 token from slot 0
[2022-12-14 11:12:28] [SEVERE ] setting player 3 freeze to -107
[2022-12-14 11:12:28] [SEVERE ] setting player 1 freeze to 0
[2022-12-14 11:12:28] [SEVERE ] player 2 placing token on slot 8
[2022-12-14 11:12:28] [SEVERE ] removing player 0 token from slot 0
[2022-12-14 11:12:28] [SEVERE ] removing player 1 token from slot 11
[2022-12-14 11:12:28] [SEVERE ] player 3 placing token on slot 3
[2022-12-14 11:12:28] [SEVERE ] setting player 1 freeze to -107
[2022-12-14 11:12:28] [SEVERE ] setting player 2 freeze to 0
[2022-12-14 11:12:28] [SEVERE ] removing player 2 token from slot 8
[2022-12-14 11:12:28] [SEVERE ] player 0 placing token on slot 2
[2022-12-14 11:12:28] [SEVERE ] setting player 0 freeze to 0
[2022-12-14 11:12:28] [SEVERE ] removing player 3 token from slot 3
[2022-12-14 11:12:28] [SEVERE ] player 1 placing token on slot 4
[2022-12-14 11:12:28] [SEVERE ] setting player 2 freeze to -108
[2022-12-14 11:12:28] [SEVERE ] removing player 0 token from slot 1
[2022-12-14 11:12:28] [SEVERE ] setting player 0 freeze to -111
[2022-12-14 11:12:28] [SEVERE ] player 3 placing token on slot 7
[2022-12-14 11:12:28] [SEVERE ] setting player 3 freeze to 0
[2022-12-14 11:12:28] [SEVERE ] removing player 1 token from slot 3
[2022-12-14 11:12:28] [SEVERE ] player 2 placing token on slot 11
[2022-12-14 11:12:28] [SEVERE ] player 0 placing token on slot 7
[2022-12-14 11:12:28] [SEVERE ] removing player 3 token from slot 1
[2022-12-14 11:12:28] [SEVERE ] setting player 3 freeze to -109
[2022-12-14 11:12:29] [SEVERE ] player 1 placing token on slot 9
[2022-12-14 11:12:29] [SEVERE ] removing player 2 token from slot 9
[2022-12-14 11:12:29] [SEVERE ] removing player 0 token from slot 2
[2022-12-14 11:12:29] [SEVERE ] setting player 0 freeze to 0
[2022-12-14 11:12:29] [SEVERE ] player 3 placing token on slot 6
[2022-12-14 11:12:29] [SEVERE ] removing player 1 token from slot 9
[2022-12-14 11:12:29] [SEVERE ] setting player 1 freeze to 0
[2022-12-14 11:12:29] [SEVERE ] removing player 2 token from slot 4
[2022-12-14 11:12:29] [SEVERE ] setting player 0 freeze to -103
[2022-12-14 11:12:29] [SEVERE ] removing player 3 token from slot 7
[2022-12-14 11:12:29] [SEVERE ] setting player 1 freeze to -107
[2022-12-14 11:12:29] [SEVERE ] player 1 placing token on slot 5
[2022-12-14 11:12:29] [SEVERE ] player 2 placing token on slot 4
[2022-12-14 11:12:29] [SEVERE ] removing player 0 token from slot 10
[2022-12-14 11:12:29] [SEVERE ] player 3 placing token on slot 7
[2022-12-14 11:12:29] [SEVERE ] setting player 3 freeze to 0
[2022-12-14 11:12:29] [SEVERE ] removing player 1 token from slot 5
[2022-12-14 11:12:29] [SEVERE ] player 2 placing token on slot 7
[2022-12-14 11:12:29] [SEVERE ] setting player 2 freeze to 0
[2022-12-14 11:12:29] [SEVERE ] player 0 placing token on slot 9
[2022-12-14 11:12:29] [SEVERE ] removing player 3 token from slot 7
[2022-12-14 11:12:29] [SEVERE ] setting player 3 freeze to -110
[2022-12-14 11:12:29] [SEVERE ] player 1 placing token on slot 10
[2022-12-14 11:12:29] [SEVERE ] setting player 1 freeze to 0
[2022-12-14 11:12:29] [SEVERE ] removing player 2 token from slot 11
[2022-12-14 11:12:29] [SEVERE ] setting player 2 freeze to -110
[2022-12-14 11:12:29] [SEVERE ] player 0 placing token on slot 2
[2022-12-14 11:12:29] [SEVERE ] removing player 1 token from slot 10
[2022-12-14 11:12:29] [SEVERE ] removing player 3 token from slot 6
[2022-12-14 11:12:29] [SEVERE ] setting player 1 freeze to -109
[2022-12-14 11:12:29] [SEVERE ] player 2 placing token on slot 0
[2022-12-14 11:12:29] [SEVERE ] removing player 0 token from slot 7
[2022-12-14 11:12:29] [SEVERE ] player 3 placing token on slot 9
[2022-12-14 11:12:29] [SEVERE ] player 1 placing token on slot 6
[2022-12-14 11:12:29] [SEVERE ] removing player 2 token from slot 7
[2022-12-14 11:12:29] [SEVERE ] player 0 placing token on slot 4
[2022-12-14 11:12:29] [SEVERE ] setting player 0 freeze to 0
[2022-12-14 11:12:29] [SEVERE ] player 3 placing token on slot 0
[2022-12-14 11:12:29] [SEVERE ] setting player 3 freeze to 0
[2022-12-14 11:12:29] [SEVERE ] removing player 1 token from slot 0
[2022-12-14 11:12:29] [SEVERE ] setting player 1 freeze to 0
[2022-12-14 11:12:29] [SEVERE ] player 2 placing token on slot 9
[2022-12-14 11:12:29] [SEVERE ] setting player 2 freeze to 0
[2022-12-14 11:12:29] [SEVERE ] setting player 0 freeze to -109
[2022-12-14 11:12:29] [SEVERE ] removing player 0 token from slot 2
[2022-12-14 11:12:29] [SEVERE ] removing player 3 token from slot 9
[2022-12-14 11:12:29] [SEVERE ] setting player 3 freeze to -107
[2022-12-14 11:12:29] [SEVERE ] player 1 placing token on slot 10
[2022-12-14 11:12:29] [SEVERE ] setting player 1 freeze to -106
[2022-12-14 11:12:29] [SEVERE ] removing player 2 token from slot 4
[2022-12-14 11:12:29] [SEVERE ] setting player 2 freeze to -107
[2022-12-14 11:12:29] [SEVERE ] player 0 placing token on slot 11
[2022-12-14 11:12:29] [SEVERE ] player 3 placing token on slot 7
[2022-12-14 11:12:29] [SEVERE ] removing player 1 token from slot 10
[2022-12-14 11:12:30] [SEVERE ] player 2 placing token on slot 8
[2022-12-14 11:12:30] [SEVERE ] removing player 0 token from slot 4
[2022-12-14 11:12:30] [SEVERE ] removing player 3 token from slot 7
[2022-12-14 11:12:30] [SEVERE ] player 1 placing token on slot 3
[2022-12-14 11:12:30] [SEVERE ] removing player 2 token from slot 9
[2022-12-14 11:12:30] [SEVERE ] removing player 0 token from slot 11
[2022-12-14 11:12:30] [SEVERE ] player 3 placing token on slot 5
[2022-12-14 11:12:30] [SEVERE ] setting player 3 freeze to 0
[2022-12-14 11:12:30] [SEVERE ] removing player 1 token from slot 3
[2022-12-14 11:12:30] [SEVERE ] player 2 placing token on slot 2
[2022-12-14 11:12:30] [SEVERE ] setting player 2 freeze to 0
[2022-12-14 11:12:30] [SEVERE ] player 0 placing token on slot 5
[2022-12-14 11:12:30] [SEVERE ] removing player 3 token from slot 5
[2022-12-14 11:12:30] [SEVERE ] setting player 3 freeze to -106
[2022-12-14 11:12:30] [SEVERE ] player 1 placing token on slot 0
[2022-12-14 11:12:30] [SEVERE ] setting player 1 freeze to 0
[2022-12-14 11:12:30] [SEVERE ] removing player 2 token from slot 0
[2022-12-14 11:12:30] [SEVERE ] setting player 2 freeze to -119
[2022-12-14 11:12:30] [SEVERE ] player 0 placing token on slot 8
[2022-12-14 11:12:30] [SEVERE ] setting player 0 freeze to 0
[2022-12-14 11:12:30] [SEVERE ] player 3 placing token on slot 2
[2022-12-14 11:12:30] [SEVERE ] removing player 1 token from slot 6
[2022-12-14 11:12:30] [SEVERE ] setting player 1 freeze to -108
[2022-12-14 11:12:30] [SEVERE ] player 2 placing token on slot 0
[2022-12-14 11:12:30] [SEVERE ] removing player 0 token from slot 5
[2022-12-14 11:12:30] [SEVERE ] setting player 0 freeze to -107
[2022-12-14 11:12:30] [SEVERE ] removing player 3 token from slot 0
[2022-12-14 11:12:30] [SEVERE ] setting player 3 freeze to 0
[2022-12-14 11:12:30] [SEVERE ] player 1 placing token on slot 9
[2022-12-14 11:12:30] [SEVERE ] removing player 2 token from slot 0
[2022-12-14 11:12:30] [SEVERE ] player 0 placing token on slot 11
[2022-12-14 11:12:30] [SEVERE ] player 3 placing token on slot 3
[2022-12-14 11:12:30] [SEVERE ] setting player 3 freeze to -107
[2022-12-14 11:12:30] [SEVERE ] removing player 1 token from slot 9
[2022-12-14 11:12:30] [SEVERE ] setting player 0 freeze to 0
[2022-12-14 11:12:30] [SEVERE ] player 2 placing token on slot 5
[2022-12-14 11:12:30] [SEVERE ] removing player 0 token from slot 11
[2022-12-14 11:12:30] [SEVERE ] setting player 2 freeze to 0
[2022-12-14 11:12:30] [SEVERE ] removing player 3 token from slot 11
[2022-12-14 11:12:30] [SEVERE ] player 1 placing token on slot 9
[2022-12-14 11:12:30] [SEVERE ] setting player 0 freeze to -102
[2022-12-14 11:12:30] [SEVERE ] removing player 2 token from slot 5
[2022-12-14 11:12:30] [SEVERE ] setting player 2 freeze to -108
[2022-12-14 11:12:30] [SEVERE ] player 3 placing token on slot 6
[2022-12-14 11:12:30] [SEVERE ] removing player 1 token from slot 9
[2022-12-14 11:12:30] [SEVERE ] player 0 placing token on slot 2
[2022-12-14 11:12:30] [SEVERE ] player 2 placing token on slot 4
[2022-12-14 11:12:30] [SEVERE ] removing player 3 token from slot 3
[2022-12-14 11:12:30] [SEVERE ] player 1 placing token on slot 2
[2022-12-14 11:12:30] [SEVERE ] setting player 1 freeze to 0
[2022-12-14 11:12:31] [SEVERE ] removing player 0 token from slot 9
[2022-12-14 11:12:31] [SEVERE ] setting player 0 freeze to 0
[2022-12-14 11:12:31] [SEVERE ] removing player 2 token from slot 4
[2022-12-14 11:12:31] [SEVERE ] Exit button pressed
[2022-12-14 11:12:31] [SEVERE ] player 3 placing token on slot 0
[2022-12-14 11:12:31] [SEVERE ] removing player 1 token from slot 4
[2022-12-14 11:12:31] [SEVERE ] setting player 3 freeze to 0
[2022-12-14 11:12:31] [SEVERE ] setting player 1 freeze to -109
[2022-12-14 11:12:31] [SEVERE ] player 0 placing token on slot 7
[2022-12-14 11:12:31] [SEVERE ] setting player 0 freeze to -109
[2022-12-14 11:12:31] [SEVERE ] player 2 placing token on slot 0
[2022-12-14 11:12:31] [SEVERE ] setting player 2 freeze to 0
[2022-12-14 11:12:31] [SEVERE ] removing card from slot 0
[2022-12-14 11:12:31] [SEVERE ] setting player 3 freeze to -109
[2022-12-14 11:12:31] [SEVERE ] setting player 2 freeze to -112
[2022-12-14 11:12:31] [SEVERE ] removing card from slot 1
[2022-12-14 11:12:31] [SEVERE ] removing card from slot 2
[2022-12-14 11:12:31] [SEVERE ] removing card from slot 3
[2022-12-14 11:12:31] [SEVERE ] removing card from slot 4
[2022-12-14 11:12:31] [SEVERE ] removing card from slot 5
[2022-12-14 11:12:31] [SEVERE ] removing card from slot 6
[2022-12-14 11:12:31] [SEVERE ] removing card from slot 7
[2022-12-14 11:12:32] [SEVERE ] removing card from slot 8
[2022-12-14 11:12:32] [SEVERE ] removing card from slot 9
[2022-12-14 11:12:32] [SEVERE ] removing card from slot 10
[2022-12-14 11:12:32] [SEVERE ] removing card from slot 11
[2022-12-14 11:12:32] [SEVERE ] removing player 0 token from slot 8
[2022-12-14 11:12:32] [SEVERE ] removing player 0 token from slot 2
[2022-12-14 11:12:32] [SEVERE ] removing player 0 token from slot 7
[2022-12-14 11:12:32] [SEVERE ] removing player 1 token from slot 0
[2022-12-14 11:12:32] [SEVERE ] removing player 1 token from slot 2
[2022-12-14 11:12:32] [SEVERE ] removing player 2 token from slot 8
[2022-12-14 11:12:32] [SEVERE ] removing player 2 token from slot 2
[2022-12-14 11:12:32] [SEVERE ] removing player 2 token from slot 0
[2022-12-14 11:12:32] [SEVERE ] removing player 3 token from slot 2
[2022-12-14 11:12:32] [SEVERE ] removing player 3 token from slot 6
[2022-12-14 11:12:32] [SEVERE ] removing player 3 token from slot 0
[2022-12-14 11:12:32] [SEVERE ] announcing winners: [3, 2, 1, 0]
[2022-12-14 11:12:32] [INFO   ] Thread main terminated.
