[2022-12-11 19:15:49] [INFO   ] cannot read configuration file config.properties trying from resources.
[2022-12-11 19:15:49] [INFO   ] configuration file was loaded from resources directory.
[2022-12-11 19:15:49] [SEVERE ] placing card 36 in slot 7
[2022-12-11 19:15:49] [SEVERE ] placing card 73 in slot 5
[2022-12-11 19:15:50] [SEVERE ] placing card 62 in slot 1
[2022-12-11 19:15:50] [SEVERE ] placing card 30 in slot 10
[2022-12-11 19:15:50] [SEVERE ] placing card 43 in slot 2
[2022-12-11 19:15:50] [SEVERE ] placing card 59 in slot 4
[2022-12-11 19:15:50] [SEVERE ] placing card 71 in slot 9
[2022-12-11 19:15:50] [SEVERE ] placing card 66 in slot 0
[2022-12-11 19:15:50] [SEVERE ] placing card 55 in slot 3
[2022-12-11 19:15:50] [SEVERE ] placing card 80 in slot 11
[2022-12-11 19:15:50] [SEVERE ] placing card 46 in slot 6
[2022-12-11 19:15:50] [SEVERE ] placing card 19 in slot 8
[2022-12-11 19:15:51] [SEVERE ] player 3 placing token on slot 6
[2022-12-11 19:15:51] [SEVERE ] player 2 placing token on slot 2
[2022-12-11 19:15:51] [SEVERE ] player 3 placing token on slot 11
[2022-12-11 19:15:51] [SEVERE ] player 2 placing token on slot 6
[2022-12-11 19:15:51] [SEVERE ] player 3 placing token on slot 1
[2022-12-11 19:15:51] [SEVERE ] player 2 placing token on slot 7
[2022-12-11 19:15:51] [SEVERE ] setting player 2 freeze to 0
[2022-12-11 19:15:51] [SEVERE ] setting player 3 freeze to 0
[2022-12-11 19:15:51] [SEVERE ] setting player 3 freeze to -109
[2022-12-11 19:15:51] [SEVERE ] setting player 2 freeze to -109
[2022-12-11 19:15:51] [SEVERE ] removing player 2 token from slot 2
[2022-12-11 19:15:52] [SEVERE ] removing player 3 token from slot 1
[2022-12-11 19:15:52] [SEVERE ] removing player 2 token from slot 6
[2022-12-11 19:15:52] [SEVERE ] player 3 placing token on slot 9
[2022-12-11 19:15:52] [SEVERE ] player 2 placing token on slot 3
[2022-12-11 19:15:52] [SEVERE ] setting player 3 freeze to 0
[2022-12-11 19:15:52] [SEVERE ] setting player 3 freeze to -110
[2022-12-11 19:15:52] [SEVERE ] player 2 placing token on slot 11
[2022-12-11 19:15:52] [SEVERE ] removing player 3 token from slot 11
[2022-12-11 19:15:52] [SEVERE ] setting player 2 freeze to 0
[2022-12-11 19:15:52] [SEVERE ] setting player 2 freeze to -108
[2022-12-11 19:15:52] [SEVERE ] player 3 placing token on slot 10
[2022-12-11 19:15:53] [SEVERE ] setting player 3 freeze to 0
[2022-12-11 19:15:53] [SEVERE ] setting player 3 freeze to -108
[2022-12-11 19:15:53] [SEVERE ] removing player 2 token from slot 3
[2022-12-11 19:15:53] [SEVERE ] player 2 placing token on slot 6
[2022-12-11 19:15:53] [SEVERE ] setting player 2 freeze to 0
[2022-12-11 19:15:53] [SEVERE ] removing player 3 token from slot 6
[2022-12-11 19:15:53] [SEVERE ] setting player 2 freeze to -108
[2022-12-11 19:15:53] [SEVERE ] player 3 placing token on slot 7
[2022-12-11 19:15:53] [SEVERE ] setting player 3 freeze to 0
[2022-12-11 19:15:53] [SEVERE ] removing player 2 token from slot 6
[2022-12-11 19:15:54] [SEVERE ] setting player 3 freeze to -108
[2022-12-11 19:15:54] [SEVERE ] removing player 2 token from slot 7
[2022-12-11 19:15:54] [SEVERE ] player 2 placing token on slot 0
[2022-12-11 19:15:54] [SEVERE ] removing player 3 token from slot 9
[2022-12-11 19:15:54] [SEVERE ] removing player 2 token from slot 0
[2022-12-11 19:15:54] [SEVERE ] player 3 placing token on slot 11
[2022-12-11 19:15:54] [SEVERE ] setting player 3 freeze to 0
[2022-12-11 19:15:54] [SEVERE ] player 2 placing token on slot 7
[2022-12-11 19:15:54] [SEVERE ] setting player 3 freeze to -109
[2022-12-11 19:15:55] [SEVERE ] player 2 placing token on slot 10
[2022-12-11 19:15:55] [SEVERE ] setting player 2 freeze to 0
[2022-12-11 19:15:55] [SEVERE ] setting player 2 freeze to -109
[2022-12-11 19:15:55] [SEVERE ] removing player 3 token from slot 7
[2022-12-11 19:15:55] [SEVERE ] removing player 2 token from slot 10
[2022-12-11 19:15:55] [SEVERE ] removing player 3 token from slot 11
[2022-12-11 19:15:55] [SEVERE ] player 2 placing token on slot 6
[2022-12-11 19:15:55] [SEVERE ] setting player 2 freeze to 0
[2022-12-11 19:15:55] [SEVERE ] player 3 placing token on slot 2
[2022-12-11 19:15:55] [SEVERE ] setting player 2 freeze to -108
[2022-12-11 19:15:55] [SEVERE ] removing player 3 token from slot 10
[2022-12-11 19:15:56] [SEVERE ] player 3 placing token on slot 8
[2022-12-11 19:15:56] [SEVERE ] removing player 3 token from slot 8
[2022-12-11 19:15:56] [SEVERE ] player 3 placing token on slot 1
[2022-12-11 19:15:56] [SEVERE ] removing player 3 token from slot 1
[2022-12-11 19:15:57] [SEVERE ] player 3 placing token on slot 9
[2022-12-11 19:15:57] [SEVERE ] removing player 2 token from slot 6
[2022-12-11 19:15:57] [SEVERE ] player 3 placing token on slot 1
[2022-12-11 19:15:57] [SEVERE ] player 2 placing token on slot 8
[2022-12-11 19:15:57] [SEVERE ] setting player 3 freeze to 0
[2022-12-11 19:15:57] [SEVERE ] setting player 2 freeze to 0
[2022-12-11 19:15:57] [SEVERE ] setting player 3 freeze to -109
[2022-12-11 19:15:57] [SEVERE ] setting player 2 freeze to -109
[2022-12-11 19:15:57] [SEVERE ] removing player 2 token from slot 7
[2022-12-11 19:15:58] [SEVERE ] removing player 3 token from slot 9
[2022-12-11 19:15:58] [SEVERE ] removing player 2 token from slot 11
[2022-12-11 19:15:58] [SEVERE ] player 3 placing token on slot 9
[2022-12-11 19:15:58] [SEVERE ] player 2 placing token on slot 10
[2022-12-11 19:15:58] [SEVERE ] Exit button pressed
[2022-12-11 19:15:58] [SEVERE ] setting player 3 freeze to 0
[2022-12-11 19:15:58] [SEVERE ] setting player 3 freeze to -115
[2022-12-11 19:15:58] [SEVERE ] removing card from slot 0
[2022-12-11 19:15:58] [SEVERE ] removing card from slot 1
[2022-12-11 19:15:58] [SEVERE ] removing card from slot 2
[2022-12-11 19:15:58] [SEVERE ] removing card from slot 3
[2022-12-11 19:15:58] [SEVERE ] removing card from slot 4
[2022-12-11 19:15:59] [SEVERE ] removing card from slot 5
[2022-12-11 19:15:59] [SEVERE ] removing card from slot 6
[2022-12-11 19:15:59] [SEVERE ] removing card from slot 7
[2022-12-11 19:15:59] [SEVERE ] removing card from slot 8
[2022-12-11 19:15:59] [SEVERE ] removing card from slot 9
[2022-12-11 19:15:59] [SEVERE ] removing card from slot 10
[2022-12-11 19:15:59] [SEVERE ] removing card from slot 11
[2022-12-11 19:15:59] [SEVERE ] removing player 2 token from slot 8
[2022-12-11 19:15:59] [SEVERE ] removing player 2 token from slot 10
[2022-12-11 19:15:59] [SEVERE ] removing player 3 token from slot 2
[2022-12-11 19:15:59] [SEVERE ] removing player 3 token from slot 1
[2022-12-11 19:15:59] [SEVERE ] removing player 3 token from slot 9
[2022-12-11 19:15:59] [SEVERE ] announcing winners: [0, 1]
[2022-12-11 19:15:59] [INFO   ] Thread main terminated.
