[2022-12-11 18:47:05] [INFO   ] cannot read configuration file config.properties trying from resources.
[2022-12-11 18:47:05] [INFO   ] configuration file was loaded from resources directory.
[2022-12-11 18:47:05] [SEVERE ] placing card 14 in slot 8
[2022-12-11 18:47:06] [SEVERE ] placing card 63 in slot 7
[2022-12-11 18:47:06] [SEVERE ] placing card 9 in slot 9
[2022-12-11 18:47:06] [SEVERE ] placing card 20 in slot 4
[2022-12-11 18:47:06] [SEVERE ] placing card 42 in slot 2
[2022-12-11 18:47:06] [SEVERE ] placing card 55 in slot 11
[2022-12-11 18:47:06] [SEVERE ] placing card 28 in slot 6
[2022-12-11 18:47:06] [SEVERE ] placing card 59 in slot 0
[2022-12-11 18:47:06] [SEVERE ] placing card 25 in slot 3
[2022-12-11 18:47:06] [SEVERE ] placing card 24 in slot 5
[2022-12-11 18:47:07] [SEVERE ] placing card 68 in slot 10
[2022-12-11 18:47:07] [SEVERE ] placing card 23 in slot 1
[2022-12-11 18:47:07] [SEVERE ] player 0 placing token on slot 1
[2022-12-11 18:47:07] [SEVERE ] player 1 placing token on slot 6
[2022-12-11 18:47:07] [SEVERE ] player 2 placing token on slot 10
[2022-12-11 18:47:07] [SEVERE ] player 3 placing token on slot 11
[2022-12-11 18:47:07] [SEVERE ] player 0 placing token on slot 10
[2022-12-11 18:47:07] [SEVERE ] removing player 2 token from slot 10
[2022-12-11 18:47:07] [SEVERE ] player 3 placing token on slot 6
[2022-12-11 18:47:07] [SEVERE ] player 1 placing token on slot 2
[2022-12-11 18:47:07] [SEVERE ] player 0 placing token on slot 9
[2022-12-11 18:47:07] [SEVERE ] player 2 placing token on slot 7
[2022-12-11 18:47:07] [SEVERE ] player 1 placing token on slot 10
[2022-12-11 18:47:07] [SEVERE ] player 3 placing token on slot 9
[2022-12-11 18:47:07] [SEVERE ] setting player 0 freeze to 0
[2022-12-11 18:47:07] [SEVERE ] setting player 1 freeze to 0
[2022-12-11 18:47:07] [SEVERE ] setting player 3 freeze to 0
[2022-12-11 18:47:07] [SEVERE ] player 2 placing token on slot 2
[2022-12-11 18:47:07] [SEVERE ] removing player 3 token from slot 6
[2022-12-11 18:47:07] [SEVERE ] removing player 1 token from slot 6
[2022-12-11 18:47:07] [SEVERE ] removing player 0 token from slot 9
[2022-12-11 18:47:07] [SEVERE ] setting player 0 freeze to -110
[2022-12-11 18:47:07] [SEVERE ] setting player 1 freeze to -109
[2022-12-11 18:47:07] [SEVERE ] setting player 3 freeze to -109
[2022-12-11 18:47:07] [SEVERE ] player 2 placing token on slot 3
[2022-12-11 18:47:07] [SEVERE ] player 1 placing token on slot 9
[2022-12-11 18:47:07] [SEVERE ] player 0 placing token on slot 11
[2022-12-11 18:47:07] [SEVERE ] removing player 3 token from slot 9
[2022-12-11 18:47:07] [SEVERE ] setting player 0 freeze to 0
[2022-12-11 18:47:07] [SEVERE ] setting player 1 freeze to 0
[2022-12-11 18:47:07] [SEVERE ] setting player 2 freeze to 0
[2022-12-11 18:47:07] [SEVERE ] removing player 1 token from slot 9
[2022-12-11 18:47:07] [SEVERE ] player 3 placing token on slot 7
[2022-12-11 18:47:07] [SEVERE ] removing player 2 token from slot 2
[2022-12-11 18:47:07] [SEVERE ] removing player 0 token from slot 10
[2022-12-11 18:47:07] [SEVERE ] setting player 0 freeze to -108
[2022-12-11 18:47:07] [SEVERE ] setting player 1 freeze to -108
[2022-12-11 18:47:07] [SEVERE ] setting player 2 freeze to -109
[2022-12-11 18:47:07] [SEVERE ] player 3 placing token on slot 4
[2022-12-11 18:47:07] [SEVERE ] removing player 2 token from slot 7
[2022-12-11 18:47:07] [SEVERE ] player 0 placing token on slot 8
[2022-12-11 18:47:07] [SEVERE ] removing player 1 token from slot 2
[2022-12-11 18:47:08] [SEVERE ] setting player 0 freeze to 0
[2022-12-11 18:47:08] [SEVERE ] removing player 3 token from slot 11
[2022-12-11 18:47:08] [SEVERE ] setting player 3 freeze to 0
[2022-12-11 18:47:08] [SEVERE ] player 1 placing token on slot 8
[2022-12-11 18:47:08] [SEVERE ] player 2 placing token on slot 9
[2022-12-11 18:47:08] [SEVERE ] removing player 0 token from slot 8
[2022-12-11 18:47:08] [SEVERE ] setting player 0 freeze to -109
[2022-12-11 18:47:08] [SEVERE ] removing player 3 token from slot 4
[2022-12-11 18:47:08] [SEVERE ] setting player 3 freeze to -108
[2022-12-11 18:47:08] [SEVERE ] player 2 placing token on slot 4
[2022-12-11 18:47:08] [SEVERE ] player 1 placing token on slot 1
[2022-12-11 18:47:08] [SEVERE ] player 0 placing token on slot 9
[2022-12-11 18:47:08] [SEVERE ] setting player 0 freeze to 0
[2022-12-11 18:47:08] [SEVERE ] player 3 placing token on slot 6
[2022-12-11 18:47:08] [SEVERE ] setting player 1 freeze to 0
[2022-12-11 18:47:08] [SEVERE ] removing player 2 token from slot 9
[2022-12-11 18:47:08] [SEVERE ] removing player 1 token from slot 10
[2022-12-11 18:47:08] [SEVERE ] removing player 0 token from slot 9
[2022-12-11 18:47:08] [SEVERE ] setting player 0 freeze to -111
[2022-12-11 18:47:08] [SEVERE ] player 3 placing token on slot 4
[2022-12-11 18:47:08] [SEVERE ] setting player 1 freeze to -110
[2022-12-11 18:47:08] [SEVERE ] player 2 placing token on slot 0
[2022-12-11 18:47:08] [SEVERE ] removing player 3 token from slot 7
[2022-12-11 18:47:08] [SEVERE ] removing card from slot 7
[2022-12-11 18:47:08] [SEVERE ] removing player 3 token from slot 6
[2022-12-11 18:47:08] [SEVERE ] removing card from slot 6
[2022-12-11 18:47:08] [SEVERE ] removing player 3 token from slot 4
[2022-12-11 18:47:08] [SEVERE ] removing card from slot 4
[2022-12-11 18:47:08] [SEVERE ] removing player 2 token from slot 4
[2022-12-11 18:47:08] [SEVERE ] setting player 3 score to 1
[2022-12-11 18:47:08] [SEVERE ] placing card 19 in slot 7
[2022-12-11 18:47:08] [SEVERE ] setting player 3 freeze to 0
[2022-12-11 18:47:08] [SEVERE ] removing player 2 token from slot 3
[2022-12-11 18:47:08] [SEVERE ] player 1 placing token on slot 5
[2022-12-11 18:47:08] [SEVERE ] removing player 3 token from slot 6
[2022-12-11 18:47:08] [SEVERE ] removing player 0 token from slot 11
[2022-12-11 18:47:08] [SEVERE ] Exit button pressed
[2022-12-11 18:47:08] [SEVERE ] player 2 placing token on slot 8
[2022-12-11 18:47:08] [SEVERE ] setting player 3 freeze to -103
[2022-12-11 18:47:08] [SEVERE ] player 3 placing token on slot 8
[2022-12-11 18:47:08] [SEVERE ] setting player 1 freeze to 0
[2022-12-11 18:47:08] [SEVERE ] player 0 placing token on slot 10
[2022-12-11 18:47:08] [SEVERE ] removing player 1 token from slot 1
[2022-12-11 18:47:08] [SEVERE ] placing card 62 in slot 6
[2022-12-11 18:47:08] [SEVERE ] setting player 1 freeze to -103
[2022-12-11 18:47:09] [SEVERE ] placing card 22 in slot 4
[2022-12-11 18:47:09] [SEVERE ] removing card from slot 0
[2022-12-11 18:47:09] [SEVERE ] removing card from slot 1
[2022-12-11 18:47:09] [SEVERE ] removing card from slot 2
[2022-12-11 18:47:09] [SEVERE ] removing card from slot 3
[2022-12-11 18:47:09] [SEVERE ] removing card from slot 4
[2022-12-11 18:47:09] [SEVERE ] removing card from slot 5
[2022-12-11 18:47:09] [SEVERE ] removing card from slot 6
[2022-12-11 18:47:09] [SEVERE ] removing card from slot 7
[2022-12-11 18:47:10] [SEVERE ] removing card from slot 8
[2022-12-11 18:47:10] [SEVERE ] removing card from slot 9
[2022-12-11 18:47:10] [SEVERE ] removing card from slot 10
[2022-12-11 18:47:10] [SEVERE ] removing card from slot 11
[2022-12-11 18:47:10] [SEVERE ] removing player 0 token from slot 1
[2022-12-11 18:47:10] [SEVERE ] removing player 0 token from slot 10
[2022-12-11 18:47:10] [SEVERE ] removing player 1 token from slot 8
[2022-12-11 18:47:10] [SEVERE ] removing player 1 token from slot 5
[2022-12-11 18:47:10] [SEVERE ] removing player 2 token from slot 0
[2022-12-11 18:47:10] [SEVERE ] removing player 2 token from slot 8
[2022-12-11 18:47:10] [SEVERE ] removing player 3 token from slot 8
[2022-12-11 18:47:10] [SEVERE ] announcing winners: [0, 1]
[2022-12-11 18:47:10] [INFO   ] Thread main terminated.
