[2022-12-11 19:56:15] [INFO   ] cannot read configuration file config.properties trying from resources.
[2022-12-11 19:56:15] [INFO   ] configuration file was loaded from resources directory.
[2022-12-11 19:56:16] [SEVERE ] placing card 76 in slot 9
[2022-12-11 19:56:16] [SEVERE ] placing card 0 in slot 6
[2022-12-11 19:56:16] [SEVERE ] placing card 28 in slot 1
[2022-12-11 19:56:16] [SEVERE ] placing card 46 in slot 3
[2022-12-11 19:56:16] [SEVERE ] placing card 18 in slot 10
[2022-12-11 19:56:16] [SEVERE ] placing card 40 in slot 8
[2022-12-11 19:56:17] [SEVERE ] placing card 20 in slot 4
[2022-12-11 19:56:17] [SEVERE ] placing card 47 in slot 0
[2022-12-11 19:56:17] [SEVERE ] placing card 16 in slot 7
[2022-12-11 19:56:17] [SEVERE ] placing card 80 in slot 5
[2022-12-11 19:56:17] [SEVERE ] placing card 62 in slot 2
[2022-12-11 19:56:17] [SEVERE ] placing card 22 in slot 11
[2022-12-11 19:56:17] [SEVERE ] player 0 placing token on slot 10
[2022-12-11 19:56:17] [SEVERE ] player 2 placing token on slot 10
[2022-12-11 19:56:17] [SEVERE ] player 3 placing token on slot 11
[2022-12-11 19:56:17] [SEVERE ] player 1 placing token on slot 9
[2022-12-11 19:56:17] [SEVERE ] player 2 placing token on slot 4
[2022-12-11 19:56:17] [SEVERE ] player 1 placing token on slot 2
[2022-12-11 19:56:17] [SEVERE ] player 3 placing token on slot 10
[2022-12-11 19:56:17] [SEVERE ] player 0 placing token on slot 0
[2022-12-11 19:56:17] [SEVERE ] player 1 placing token on slot 10
[2022-12-11 19:56:17] [SEVERE ] player 3 placing token on slot 6
[2022-12-11 19:56:17] [SEVERE ] player 0 placing token on slot 2
[2022-12-11 19:56:17] [SEVERE ] player 2 placing token on slot 8
[2022-12-11 19:56:17] [SEVERE ] setting player 3 freeze to 0
[2022-12-11 19:56:18] [SEVERE ] setting player 1 freeze to 0
[2022-12-11 19:56:18] [SEVERE ] removing player 3 token from slot 11
[2022-12-11 19:56:18] [SEVERE ] removing player 2 token from slot 8
[2022-12-11 19:56:18] [SEVERE ] setting player 2 freeze to 0
[2022-12-11 19:56:18] [SEVERE ] setting player 3 freeze to -107
[2022-12-11 19:56:18] [SEVERE ] removing player 0 token from slot 0
[2022-12-11 19:56:18] [SEVERE ] removing player 1 token from slot 10
[2022-12-11 19:56:18] [SEVERE ] setting player 0 freeze to 0
[2022-12-11 19:56:18] [SEVERE ] setting player 1 freeze to -104
[2022-12-11 19:56:18] [SEVERE ] player 3 placing token on slot 5
[2022-12-11 19:56:18] [SEVERE ] player 0 placing token on slot 9
[2022-12-11 19:56:18] [SEVERE ] setting player 0 freeze to -102
[2022-12-11 19:56:18] [SEVERE ] setting player 2 freeze to -113
[2022-12-11 19:56:18] [SEVERE ] removing player 1 token from slot 9
[2022-12-11 19:56:18] [SEVERE ] setting player 3 freeze to 0
[2022-12-11 19:56:18] [SEVERE ] removing player 3 token from slot 10
[2022-12-11 19:56:18] [SEVERE ] player 2 placing token on slot 2
[2022-12-11 19:56:18] [SEVERE ] removing player 0 token from slot 9
[2022-12-11 19:56:18] [SEVERE ] removing player 1 token from slot 2
[2022-12-11 19:56:18] [SEVERE ] setting player 3 freeze to -106
[2022-12-11 19:56:18] [SEVERE ] player 0 placing token on slot 6
[2022-12-11 19:56:18] [SEVERE ] removing player 2 token from slot 10
[2022-12-11 19:56:18] [SEVERE ] setting player 0 freeze to 0
[2022-12-11 19:56:18] [SEVERE ] setting player 2 freeze to 0
[2022-12-11 19:56:18] [SEVERE ] player 1 placing token on slot 4
[2022-12-11 19:56:18] [SEVERE ] removing player 3 token from slot 5
[2022-12-11 19:56:18] [SEVERE ] player 2 placing token on slot 9
[2022-12-11 19:56:18] [SEVERE ] setting player 2 freeze to -110
[2022-12-11 19:56:18] [SEVERE ] setting player 0 freeze to -110
[2022-12-11 19:56:18] [SEVERE ] removing player 0 token from slot 10
[2022-12-11 19:56:18] [SEVERE ] player 1 placing token on slot 9
[2022-12-11 19:56:18] [SEVERE ] player 3 placing token on slot 2
[2022-12-11 19:56:18] [SEVERE ] player 0 placing token on slot 4
[2022-12-11 19:56:18] [SEVERE ] setting player 0 freeze to 0
[2022-12-11 19:56:18] [SEVERE ] removing player 2 token from slot 2
[2022-12-11 19:56:18] [SEVERE ] player 1 placing token on slot 2
[2022-12-11 19:56:18] [SEVERE ] setting player 1 freeze to 0
[2022-12-11 19:56:18] [SEVERE ] removing player 0 token from slot 4
[2022-12-11 19:56:18] [SEVERE ] player 3 placing token on slot 3
[2022-12-11 19:56:18] [SEVERE ] setting player 0 freeze to -102
[2022-12-11 19:56:18] [SEVERE ] player 2 placing token on slot 10
[2022-12-11 19:56:18] [SEVERE ] removing player 1 token from slot 4
[2022-12-11 19:56:18] [SEVERE ] setting player 1 freeze to -109
[2022-12-11 19:56:18] [SEVERE ] removing player 3 token from slot 6
[2022-12-11 19:56:18] [SEVERE ] player 0 placing token on slot 3
[2022-12-11 19:56:18] [SEVERE ] setting player 2 freeze to 0
[2022-12-11 19:56:18] [SEVERE ] removing player 2 token from slot 9
[2022-12-11 19:56:18] [SEVERE ] player 1 placing token on slot 1
[2022-12-11 19:56:18] [SEVERE ] player 3 placing token on slot 8
[2022-12-11 19:56:18] [SEVERE ] removing player 0 token from slot 6
[2022-12-11 19:56:18] [SEVERE ] setting player 2 freeze to -108
[2022-12-11 19:56:18] [SEVERE ] setting player 3 freeze to 0
[2022-12-11 19:56:18] [SEVERE ] removing player 1 token from slot 9
[2022-12-11 19:56:18] [SEVERE ] player 0 placing token on slot 0
[2022-12-11 19:56:18] [SEVERE ] removing player 3 token from slot 3
[2022-12-11 19:56:18] [SEVERE ] setting player 3 freeze to -110
[2022-12-11 19:56:18] [SEVERE ] player 2 placing token on slot 7
[2022-12-11 19:56:18] [SEVERE ] setting player 0 freeze to 0
[2022-12-11 19:56:19] [SEVERE ] player 1 placing token on slot 8
[2022-12-11 19:56:19] [SEVERE ] removing player 0 token from slot 0
[2022-12-11 19:56:19] [SEVERE ] setting player 1 freeze to 0
[2022-12-11 19:56:19] [SEVERE ] removing player 3 token from slot 8
[2022-12-11 19:56:19] [SEVERE ] removing player 2 token from slot 7
[2022-12-11 19:56:19] [SEVERE ] setting player 0 freeze to -108
[2022-12-11 19:56:19] [SEVERE ] setting player 1 freeze to -107
[2022-12-11 19:56:19] [SEVERE ] removing player 1 token from slot 8
[2022-12-11 19:56:19] [SEVERE ] removing player 3 token from slot 2
[2022-12-11 19:56:19] [SEVERE ] player 2 placing token on slot 2
[2022-12-11 19:56:19] [SEVERE ] player 0 placing token on slot 0
[2022-12-11 19:56:19] [SEVERE ] player 3 placing token on slot 3
[2022-12-11 19:56:19] [SEVERE ] player 1 placing token on slot 11
[2022-12-11 19:56:19] [SEVERE ] removing player 2 token from slot 10
[2022-12-11 19:56:19] [SEVERE ] removing player 0 token from slot 3
[2022-12-11 19:56:19] [SEVERE ] setting player 0 freeze to 0
[2022-12-11 19:56:19] [SEVERE ] player 3 placing token on slot 9
[2022-12-11 19:56:19] [SEVERE ] removing player 1 token from slot 11
[2022-12-11 19:56:19] [SEVERE ] setting player 1 freeze to 0
[2022-12-11 19:56:19] [SEVERE ] removing player 0 token from slot 0
[2022-12-11 19:56:19] [SEVERE ] setting player 0 freeze to -108
[2022-12-11 19:56:19] [SEVERE ] player 2 placing token on slot 9
[2022-12-11 19:56:19] [SEVERE ] removing player 3 token from slot 3
[2022-12-11 19:56:19] [SEVERE ] player 1 placing token on slot 4
[2022-12-11 19:56:19] [SEVERE ] setting player 1 freeze to -109
[2022-12-11 19:56:19] [SEVERE ] removing player 2 token from slot 4
[2022-12-11 19:56:19] [SEVERE ] player 0 placing token on slot 4
[2022-12-11 19:56:19] [SEVERE ] player 3 placing token on slot 11
[2022-12-11 19:56:19] [SEVERE ] removing player 1 token from slot 2
[2022-12-11 19:56:19] [SEVERE ] player 0 placing token on slot 6
[2022-12-11 19:56:19] [SEVERE ] player 2 placing token on slot 5
[2022-12-11 19:56:19] [SEVERE ] setting player 0 freeze to 0
[2022-12-11 19:56:19] [SEVERE ] player 3 placing token on slot 10
[2022-12-11 19:56:19] [SEVERE ] player 1 placing token on slot 9
[2022-12-11 19:56:19] [SEVERE ] setting player 1 freeze to 0
[2022-12-11 19:56:19] [SEVERE ] setting player 3 freeze to 0
[2022-12-11 19:56:19] [SEVERE ] removing player 0 token from slot 2
[2022-12-11 19:56:19] [SEVERE ] removing player 2 token from slot 2
[2022-12-11 19:56:19] [SEVERE ] setting player 0 freeze to -109
[2022-12-11 19:56:19] [SEVERE ] removing player 3 token from slot 9
[2022-12-11 19:56:19] [SEVERE ] removing player 1 token from slot 4
[2022-12-11 19:56:19] [SEVERE ] setting player 1 freeze to -109
[2022-12-11 19:56:19] [SEVERE ] setting player 3 freeze to -109
[2022-12-11 19:56:19] [SEVERE ] removing player 2 token from slot 5
[2022-12-11 19:56:19] [SEVERE ] player 0 placing token on slot 11
[2022-12-11 19:56:19] [SEVERE ] player 3 placing token on slot 9
[2022-12-11 19:56:19] [SEVERE ] removing player 1 token from slot 9
[2022-12-11 19:56:19] [SEVERE ] player 2 placing token on slot 7
[2022-12-11 19:56:19] [SEVERE ] removing player 0 token from slot 6
[2022-12-11 19:56:20] [SEVERE ] removing player 3 token from slot 9
[2022-12-11 19:56:20] [SEVERE ] player 1 placing token on slot 7
[2022-12-11 19:56:20] [SEVERE ] player 2 placing token on slot 5
[2022-12-11 19:56:20] [SEVERE ] player 0 placing token on slot 10
[2022-12-11 19:56:20] [SEVERE ] setting player 2 freeze to 0
[2022-12-11 19:56:20] [SEVERE ] player 3 placing token on slot 9
[2022-12-11 19:56:20] [SEVERE ] player 1 placing token on slot 10
[2022-12-11 19:56:20] [SEVERE ] setting player 3 freeze to 0
[2022-12-11 19:56:20] [SEVERE ] setting player 0 freeze to 0
[2022-12-11 19:56:20] [SEVERE ] removing player 2 token from slot 9
[2022-12-11 19:56:20] [SEVERE ] removing player 0 token from slot 11
[2022-12-11 19:56:20] [SEVERE ] setting player 2 freeze to -109
[2022-12-11 19:56:20] [SEVERE ] removing player 3 token from slot 11
[2022-12-11 19:56:20] [SEVERE ] setting player 1 freeze to 0
[2022-12-11 19:56:20] [SEVERE ] setting player 3 freeze to -107
[2022-12-11 19:56:20] [SEVERE ] removing player 1 token from slot 1
[2022-12-11 19:56:20] [SEVERE ] setting player 0 freeze to -108
[2022-12-11 19:56:20] [SEVERE ] player 2 placing token on slot 8
[2022-12-11 19:56:20] [SEVERE ] setting player 1 freeze to -109
[2022-12-11 19:56:20] [SEVERE ] removing player 3 token from slot 10
[2022-12-11 19:56:20] [SEVERE ] player 0 placing token on slot 2
[2022-12-11 19:56:20] [SEVERE ] removing player 2 token from slot 8
[2022-12-11 19:56:20] [SEVERE ] removing player 1 token from slot 10
[2022-12-11 19:56:20] [SEVERE ] player 3 placing token on slot 2
[2022-12-11 19:56:20] [SEVERE ] removing player 0 token from slot 2
[2022-12-11 19:56:20] [SEVERE ] removing player 2 token from slot 5
[2022-12-11 19:56:20] [SEVERE ] player 1 placing token on slot 2
[2022-12-11 19:56:20] [SEVERE ] removing player 3 token from slot 2
[2022-12-11 19:56:20] [SEVERE ] player 0 placing token on slot 5
[2022-12-11 19:56:20] [SEVERE ] player 2 placing token on slot 11
[2022-12-11 19:56:20] [SEVERE ] setting player 0 freeze to 0
[2022-12-11 19:56:20] [SEVERE ] player 1 placing token on slot 4
[2022-12-11 19:56:20] [SEVERE ] setting player 1 freeze to 0
[2022-12-11 19:56:20] [SEVERE ] player 3 placing token on slot 1
[2022-12-11 19:56:20] [SEVERE ] removing player 0 token from slot 10
[2022-12-11 19:56:20] [SEVERE ] player 2 placing token on slot 0
[2022-12-11 19:56:20] [SEVERE ] setting player 0 freeze to -109
[2022-12-11 19:56:20] [SEVERE ] setting player 2 freeze to 0
[2022-12-11 19:56:20] [SEVERE ] removing player 1 token from slot 4
[2022-12-11 19:56:20] [SEVERE ] setting player 1 freeze to -110
[2022-12-11 19:56:20] [SEVERE ] player 3 placing token on slot 10
[2022-12-11 19:56:20] [SEVERE ] removing player 2 token from slot 11
[2022-12-11 19:56:20] [SEVERE ] setting player 3 freeze to 0
[2022-12-11 19:56:20] [SEVERE ] player 0 placing token on slot 10
[2022-12-11 19:56:20] [SEVERE ] setting player 2 freeze to -110
[2022-12-11 19:56:20] [SEVERE ] removing player 3 token from slot 1
[2022-12-11 19:56:20] [SEVERE ] removing player 1 token from slot 7
[2022-12-11 19:56:20] [SEVERE ] setting player 3 freeze to -108
[2022-12-11 19:56:20] [SEVERE ] removing player 0 token from slot 5
[2022-12-11 19:56:20] [SEVERE ] player 2 placing token on slot 6
[2022-12-11 19:56:21] [SEVERE ] player 1 placing token on slot 6
[2022-12-11 19:56:21] [SEVERE ] player 3 placing token on slot 11
[2022-12-11 19:56:21] [SEVERE ] removing player 0 token from slot 4
[2022-12-11 19:56:21] [SEVERE ] removing player 2 token from slot 7
[2022-12-11 19:56:21] [SEVERE ] player 1 placing token on slot 8
[2022-12-11 19:56:21] [SEVERE ] setting player 1 freeze to 0
[2022-12-11 19:56:21] [SEVERE ] removing player 3 token from slot 10
[2022-12-11 19:56:21] [SEVERE ] player 0 placing token on slot 11
[2022-12-11 19:56:21] [SEVERE ] removing player 2 token from slot 0
[2022-12-11 19:56:21] [SEVERE ] removing player 1 token from slot 2
[2022-12-11 19:56:21] [SEVERE ] setting player 1 freeze to -107
[2022-12-11 19:56:21] [SEVERE ] player 3 placing token on slot 2
[2022-12-11 19:56:21] [SEVERE ] player 0 placing token on slot 1
[2022-12-11 19:56:21] [SEVERE ] setting player 3 freeze to 0
[2022-12-11 19:56:21] [SEVERE ] setting player 0 freeze to 0
[2022-12-11 19:56:21] [SEVERE ] player 2 placing token on slot 3
[2022-12-11 19:56:21] [SEVERE ] player 1 placing token on slot 10
[2022-12-11 19:56:21] [SEVERE ] removing player 0 token from slot 10
[2022-12-11 19:56:21] [SEVERE ] removing player 3 token from slot 9
[2022-12-11 19:56:21] [SEVERE ] setting player 3 freeze to -104
[2022-12-11 19:56:21] [SEVERE ] setting player 0 freeze to -105
[2022-12-11 19:56:21] [SEVERE ] player 2 placing token on slot 2
[2022-12-11 19:56:21] [SEVERE ] setting player 2 freeze to 0
[2022-12-11 19:56:21] [SEVERE ] removing player 1 token from slot 10
[2022-12-11 19:56:21] [SEVERE ] player 3 placing token on slot 4
[2022-12-11 19:56:21] [SEVERE ] player 0 placing token on slot 4
[2022-12-11 19:56:21] [SEVERE ] removing player 2 token from slot 6
[2022-12-11 19:56:21] [SEVERE ] setting player 2 freeze to -108
[2022-12-11 19:56:21] [SEVERE ] player 1 placing token on slot 9
[2022-12-11 19:56:21] [SEVERE ] setting player 1 freeze to 0
[2022-12-11 19:56:21] [SEVERE ] removing player 3 token from slot 11
[2022-12-11 19:56:21] [SEVERE ] removing player 0 token from slot 4
[2022-12-11 19:56:21] [SEVERE ] setting player 0 freeze to 0
[2022-12-11 19:56:21] [SEVERE ] player 2 placing token on slot 6
[2022-12-11 19:56:21] [SEVERE ] removing player 1 token from slot 8
[2022-12-11 19:56:21] [SEVERE ] setting player 1 freeze to -109
[2022-12-11 19:56:21] [SEVERE ] player 3 placing token on slot 7
[2022-12-11 19:56:21] [SEVERE ] setting player 3 freeze to 0
[2022-12-11 19:56:21] [SEVERE ] removing player 0 token from slot 1
[2022-12-11 19:56:21] [SEVERE ] setting player 0 freeze to -109
[2022-12-11 19:56:21] [SEVERE ] removing player 2 token from slot 6
[2022-12-11 19:56:21] [SEVERE ] setting player 2 freeze to 0
[2022-12-11 19:56:21] [SEVERE ] player 1 placing token on slot 11
[2022-12-11 19:56:21] [SEVERE ] setting player 3 freeze to -108
[2022-12-11 19:56:21] [SEVERE ] removing player 3 token from slot 4
[2022-12-11 19:56:21] [SEVERE ] player 0 placing token on slot 2
[2022-12-11 19:56:21] [SEVERE ] player 2 placing token on slot 6
[2022-12-11 19:56:21] [SEVERE ] setting player 2 freeze to -108
[2022-12-11 19:56:21] [SEVERE ] removing player 1 token from slot 6
[2022-12-11 19:56:21] [SEVERE ] player 3 placing token on slot 4
[2022-12-11 19:56:21] [SEVERE ] player 0 placing token on slot 0
[2022-12-11 19:56:21] [SEVERE ] setting player 0 freeze to 0
[2022-12-11 19:56:21] [SEVERE ] removing player 2 token from slot 6
[2022-12-11 19:56:21] [SEVERE ] removing player 1 token from slot 9
[2022-12-11 19:56:22] [SEVERE ] removing player 3 token from slot 4
[2022-12-11 19:56:22] [SEVERE ] removing player 0 token from slot 2
[2022-12-11 19:56:22] [SEVERE ] setting player 0 freeze to -110
[2022-12-11 19:56:22] [SEVERE ] player 2 placing token on slot 0
[2022-12-11 19:56:22] [SEVERE ] player 1 placing token on slot 9
[2022-12-11 19:56:22] [SEVERE ] player 3 placing token on slot 5
[2022-12-11 19:56:22] [SEVERE ] setting player 3 freeze to 0
[2022-12-11 19:56:22] [SEVERE ] player 0 placing token on slot 2
[2022-12-11 19:56:22] [SEVERE ] removing player 2 token from slot 0
[2022-12-11 19:56:22] [SEVERE ] player 1 placing token on slot 5
[2022-12-11 19:56:22] [SEVERE ] setting player 1 freeze to 0
[2022-12-11 19:56:22] [SEVERE ] setting player 3 freeze to -108
[2022-12-11 19:56:22] [SEVERE ] removing player 3 token from slot 2
[2022-12-11 19:56:22] [SEVERE ] removing player 0 token from slot 11
[2022-12-11 19:56:22] [SEVERE ] player 2 placing token on slot 4
[2022-12-11 19:56:22] [SEVERE ] setting player 2 freeze to 0
[2022-12-11 19:56:22] [SEVERE ] removing player 1 token from slot 11
[2022-12-11 19:56:22] [SEVERE ] setting player 1 freeze to -110
[2022-12-11 19:56:22] [SEVERE ] player 3 placing token on slot 6
[2022-12-11 19:56:22] [SEVERE ] player 0 placing token on slot 9
[2022-12-11 19:56:22] [SEVERE ] removing player 2 token from slot 2
[2022-12-11 19:56:22] [SEVERE ] setting player 0 freeze to 0
[2022-12-11 19:56:22] [SEVERE ] setting player 2 freeze to -110
[2022-12-11 19:56:22] [SEVERE ] player 1 placing token on slot 11
[2022-12-11 19:56:22] [SEVERE ] removing player 3 token from slot 6
[2022-12-11 19:56:22] [SEVERE ] setting player 3 freeze to 0
[2022-12-11 19:56:22] [SEVERE ] removing player 0 token from slot 2
[2022-12-11 19:56:22] [SEVERE ] setting player 0 freeze to -108
[2022-12-11 19:56:22] [SEVERE ] player 2 placing token on slot 2
[2022-12-11 19:56:22] [SEVERE ] removing player 1 token from slot 5
[2022-12-11 19:56:22] [SEVERE ] player 3 placing token on slot 10
[2022-12-11 19:56:22] [SEVERE ] setting player 3 freeze to -102
[2022-12-11 19:56:22] [SEVERE ] removing player 0 token from slot 9
[2022-12-11 19:56:22] [SEVERE ] removing player 2 token from slot 3
[2022-12-11 19:56:22] [SEVERE ] removing player 1 token from slot 9
[2022-12-11 19:56:22] [SEVERE ] removing player 3 token from slot 7
[2022-12-11 19:56:22] [SEVERE ] player 0 placing token on slot 11
[2022-12-11 19:56:22] [SEVERE ] player 2 placing token on slot 5
[2022-12-11 19:56:22] [SEVERE ] setting player 2 freeze to 0
[2022-12-11 19:56:22] [SEVERE ] player 1 placing token on slot 9
[2022-12-11 19:56:22] [SEVERE ] player 3 placing token on slot 4
[2022-12-11 19:56:22] [SEVERE ] player 0 placing token on slot 1
[2022-12-11 19:56:22] [SEVERE ] removing player 2 token from slot 5
[2022-12-11 19:56:22] [SEVERE ] setting player 0 freeze to 0
[2022-12-11 19:56:22] [SEVERE ] setting player 2 freeze to -109
[2022-12-11 19:56:22] [SEVERE ] player 1 placing token on slot 6
[2022-12-11 19:56:22] [SEVERE ] removing player 3 token from slot 5
[2022-12-11 19:56:22] [SEVERE ] setting player 3 freeze to 0
[2022-12-11 19:56:22] [SEVERE ] setting player 1 freeze to 0
[2022-12-11 19:56:22] [SEVERE ] removing player 0 token from slot 1
[2022-12-11 19:56:22] [SEVERE ] setting player 0 freeze to -110
[2022-12-11 19:56:22] [SEVERE ] player 2 placing token on slot 3
[2022-12-11 19:56:22] [SEVERE ] removing player 1 token from slot 11
[2022-12-11 19:56:22] [SEVERE ] player 3 placing token on slot 6
[2022-12-11 19:56:22] [SEVERE ] setting player 1 freeze to -109
[2022-12-11 19:56:22] [SEVERE ] setting player 3 freeze to -110
[2022-12-11 19:56:22] [SEVERE ] player 0 placing token on slot 9
[2022-12-11 19:56:23] [SEVERE ] removing player 2 token from slot 2
[2022-12-11 19:56:23] [SEVERE ] removing player 3 token from slot 4
[2022-12-11 19:56:23] [SEVERE ] player 1 placing token on slot 7
[2022-12-11 19:56:23] [SEVERE ] removing player 0 token from slot 9
[2022-12-11 19:56:23] [SEVERE ] player 2 placing token on slot 8
[2022-12-11 19:56:23] [SEVERE ] setting player 2 freeze to 0
[2022-12-11 19:56:23] [SEVERE ] player 3 placing token on slot 4
[2022-12-11 19:56:23] [SEVERE ] removing player 1 token from slot 7
[2022-12-11 19:56:23] [SEVERE ] setting player 1 freeze to 0
[2022-12-11 19:56:23] [SEVERE ] setting player 3 freeze to 0
[2022-12-11 19:56:23] [SEVERE ] player 0 placing token on slot 5
[2022-12-11 19:56:23] [SEVERE ] setting player 0 freeze to 0
[2022-12-11 19:56:23] [SEVERE ] setting player 2 freeze to -108
[2022-12-11 19:56:23] [SEVERE ] removing player 2 token from slot 4
[2022-12-11 19:56:23] [SEVERE ] player 1 placing token on slot 7
[2022-12-11 19:56:23] [SEVERE ] setting player 1 freeze to -105
[2022-12-11 19:56:23] [SEVERE ] removing player 3 token from slot 4
[2022-12-11 19:56:23] [SEVERE ] setting player 3 freeze to -104
[2022-12-11 19:56:23] [SEVERE ] removing player 0 token from slot 5
[2022-12-11 19:56:23] [SEVERE ] setting player 0 freeze to -110
[2022-12-11 19:56:23] [SEVERE ] player 2 placing token on slot 9
[2022-12-11 19:56:23] [SEVERE ] player 3 placing token on slot 7
[2022-12-11 19:56:23] [SEVERE ] removing player 1 token from slot 9
[2022-12-11 19:56:23] [SEVERE ] removing player 0 token from slot 0
[2022-12-11 19:56:23] [SEVERE ] setting player 2 freeze to 0
[2022-12-11 19:56:23] [SEVERE ] removing player 2 token from slot 3
[2022-12-11 19:56:23] [SEVERE ] removing player 3 token from slot 10
[2022-12-11 19:56:23] [SEVERE ] removing player 1 token from slot 6
[2022-12-11 19:56:23] [SEVERE ] player 0 placing token on slot 8
[2022-12-11 19:56:23] [SEVERE ] setting player 2 freeze to -108
[2022-12-11 19:56:23] [SEVERE ] player 1 placing token on slot 8
[2022-12-11 19:56:23] [SEVERE ] player 3 placing token on slot 10
[2022-12-11 19:56:23] [SEVERE ] player 0 placing token on slot 4
[2022-12-11 19:56:23] [SEVERE ] player 2 placing token on slot 3
[2022-12-11 19:56:23] [SEVERE ] player 1 placing token on slot 0
[2022-12-11 19:56:23] [SEVERE ] removing player 3 token from slot 10
[2022-12-11 19:56:23] [SEVERE ] removing player 0 token from slot 11
[2022-12-11 19:56:23] [SEVERE ] removing player 2 token from slot 8
[2022-12-11 19:56:23] [SEVERE ] setting player 1 freeze to 0
[2022-12-11 19:56:23] [SEVERE ] player 3 placing token on slot 2
[2022-12-11 19:56:23] [SEVERE ] removing player 1 token from slot 0
[2022-12-11 19:56:23] [SEVERE ] setting player 3 freeze to 0
[2022-12-11 19:56:23] [SEVERE ] player 2 placing token on slot 5
[2022-12-11 19:56:23] [SEVERE ] player 0 placing token on slot 7
[2022-12-11 19:56:23] [SEVERE ] setting player 2 freeze to 0
[2022-12-11 19:56:23] [SEVERE ] removing player 3 token from slot 7
[2022-12-11 19:56:23] [SEVERE ] setting player 1 freeze to -107
[2022-12-11 19:56:23] [SEVERE ] setting player 3 freeze to -108
[2022-12-11 19:56:23] [SEVERE ] removing player 2 token from slot 9
[2022-12-11 19:56:23] [SEVERE ] setting player 0 freeze to 0
[2022-12-11 19:56:23] [SEVERE ] setting player 2 freeze to -110
[2022-12-11 19:56:23] [SEVERE ] removing player 0 token from slot 8
[2022-12-11 19:56:24] [SEVERE ] player 1 placing token on slot 5
[2022-12-11 19:56:24] [SEVERE ] player 3 placing token on slot 5
[2022-12-11 19:56:24] [SEVERE ] setting player 0 freeze to -110
[2022-12-11 19:56:24] [SEVERE ] removing player 2 token from slot 5
[2022-12-11 19:56:24] [SEVERE ] removing player 1 token from slot 8
[2022-12-11 19:56:24] [SEVERE ] removing player 3 token from slot 2
[2022-12-11 19:56:24] [SEVERE ] player 0 placing token on slot 10
[2022-12-11 19:56:24] [SEVERE ] player 2 placing token on slot 0
[2022-12-11 19:56:24] [SEVERE ] player 1 placing token on slot 11
[2022-12-11 19:56:24] [SEVERE ] player 3 placing token on slot 4
[2022-12-11 19:56:24] [SEVERE ] setting player 3 freeze to 0
[2022-12-11 19:56:24] [SEVERE ] setting player 1 freeze to 0
[2022-12-11 19:56:24] [SEVERE ] removing player 0 token from slot 10
[2022-12-11 19:56:24] [SEVERE ] player 2 placing token on slot 8
[2022-12-11 19:56:24] [SEVERE ] removing player 3 token from slot 5
[2022-12-11 19:56:24] [SEVERE ] removing player 1 token from slot 7
[2022-12-11 19:56:24] [SEVERE ] setting player 1 freeze to -108
[2022-12-11 19:56:24] [SEVERE ] setting player 3 freeze to -108
[2022-12-11 19:56:24] [SEVERE ] player 0 placing token on slot 11
[2022-12-11 19:56:24] [SEVERE ] setting player 2 freeze to 0
[2022-12-11 19:56:24] [SEVERE ] removing player 2 token from slot 8
[2022-12-11 19:56:24] [SEVERE ] player 1 placing token on slot 1
[2022-12-11 19:56:24] [SEVERE ] setting player 0 freeze to 0
[2022-12-11 19:56:24] [SEVERE ] removing player 0 token from slot 4
[2022-12-11 19:56:24] [SEVERE ] player 3 placing token on slot 10
[2022-12-11 19:56:24] [SEVERE ] setting player 2 freeze to -110
[2022-12-11 19:56:24] [SEVERE ] removing player 1 token from slot 11
[2022-12-11 19:56:24] [SEVERE ] removing player 3 token from slot 4
[2022-12-11 19:56:24] [SEVERE ] setting player 0 freeze to -109
[2022-12-11 19:56:24] [SEVERE ] setting player 3 freeze to 0
[2022-12-11 19:56:24] [SEVERE ] player 2 placing token on slot 1
[2022-12-11 19:56:24] [SEVERE ] player 1 placing token on slot 6
[2022-12-11 19:56:24] [SEVERE ] setting player 1 freeze to 0
[2022-12-11 19:56:24] [SEVERE ] player 3 placing token on slot 7
[2022-12-11 19:56:24] [SEVERE ] player 0 placing token on slot 0
[2022-12-11 19:56:24] [SEVERE ] setting player 3 freeze to -110
[2022-12-11 19:56:24] [SEVERE ] removing player 2 token from slot 1
[2022-12-11 19:56:24] [SEVERE ] setting player 2 freeze to 0
[2022-12-11 19:56:24] [SEVERE ] removing player 1 token from slot 1
[2022-12-11 19:56:24] [SEVERE ] setting player 1 freeze to -110
[2022-12-11 19:56:24] [SEVERE ] removing player 3 token from slot 6
[2022-12-11 19:56:24] [SEVERE ] removing player 0 token from slot 7
[2022-12-11 19:56:24] [SEVERE ] setting player 0 freeze to 0
[2022-12-11 19:56:24] [SEVERE ] player 2 placing token on slot 2
[2022-12-11 19:56:24] [SEVERE ] setting player 2 freeze to -110
[2022-12-11 19:56:24] [SEVERE ] removing player 1 token from slot 5
[2022-12-11 19:56:24] [SEVERE ] player 3 placing token on slot 1
[2022-12-11 19:56:24] [SEVERE ] player 0 placing token on slot 7
[2022-12-11 19:56:24] [SEVERE ] setting player 0 freeze to -110
[2022-12-11 19:56:24] [SEVERE ] removing player 2 token from slot 0
[2022-12-11 19:56:25] [SEVERE ] setting player 3 freeze to 0
[2022-12-11 19:56:25] [SEVERE ] player 1 placing token on slot 11
[2022-12-11 19:56:25] [SEVERE ] removing player 3 token from slot 7
[2022-12-11 19:56:25] [SEVERE ] removing player 0 token from slot 11
[2022-12-11 19:56:25] [SEVERE ] player 2 placing token on slot 9
[2022-12-11 19:56:25] [SEVERE ] player 1 placing token on slot 7
[2022-12-11 19:56:25] [SEVERE ] setting player 3 freeze to -112
[2022-12-11 19:56:25] [SEVERE ] setting player 1 freeze to 0
[2022-12-11 19:56:25] [SEVERE ] player 0 placing token on slot 6
[2022-12-11 19:56:25] [SEVERE ] removing player 2 token from slot 9
[2022-12-11 19:56:25] [SEVERE ] setting player 2 freeze to 0
[2022-12-11 19:56:25] [SEVERE ] setting player 1 freeze to -108
[2022-12-11 19:56:25] [SEVERE ] removing player 1 token from slot 6
[2022-12-11 19:56:25] [SEVERE ] player 3 placing token on slot 11
[2022-12-11 19:56:25] [SEVERE ] removing player 0 token from slot 7
[2022-12-11 19:56:25] [SEVERE ] player 2 placing token on slot 7
[2022-12-11 19:56:25] [SEVERE ] setting player 2 freeze to -108
[2022-12-11 19:56:25] [SEVERE ] player 1 placing token on slot 2
[2022-12-11 19:56:25] [SEVERE ] removing player 3 token from slot 10
[2022-12-11 19:56:25] [SEVERE ] player 0 placing token on slot 5
[2022-12-11 19:56:25] [SEVERE ] setting player 0 freeze to 0
[2022-12-11 19:56:25] [SEVERE ] removing player 2 token from slot 3
[2022-12-11 19:56:25] [SEVERE ] removing player 1 token from slot 2
[2022-12-11 19:56:25] [SEVERE ] removing player 3 token from slot 11
[2022-12-11 19:56:25] [SEVERE ] removing player 0 token from slot 0
[2022-12-11 19:56:25] [SEVERE ] setting player 0 freeze to -109
[2022-12-11 19:56:25] [SEVERE ] player 2 placing token on slot 8
[2022-12-11 19:56:25] [SEVERE ] player 1 placing token on slot 10
[2022-12-11 19:56:25] [SEVERE ] setting player 1 freeze to 0
[2022-12-11 19:56:25] [SEVERE ] player 3 placing token on slot 5
[2022-12-11 19:56:25] [SEVERE ] removing player 0 token from slot 6
[2022-12-11 19:56:25] [SEVERE ] removing player 2 token from slot 2
[2022-12-11 19:56:25] [SEVERE ] setting player 2 freeze to 0
[2022-12-11 19:56:25] [SEVERE ] setting player 1 freeze to -109
[2022-12-11 19:56:25] [SEVERE ] removing player 1 token from slot 7
[2022-12-11 19:56:25] [SEVERE ] removing player 3 token from slot 1
[2022-12-11 19:56:25] [SEVERE ] removing player 0 token from slot 5
[2022-12-11 19:56:25] [SEVERE ] player 2 placing token on slot 9
[2022-12-11 19:56:25] [SEVERE ] setting player 2 freeze to -109
[2022-12-11 19:56:25] [SEVERE ] player 1 placing token on slot 9
[2022-12-11 19:56:25] [SEVERE ] removing player 3 token from slot 5
[2022-12-11 19:56:25] [SEVERE ] player 0 placing token on slot 9
[2022-12-11 19:56:25] [SEVERE ] removing player 2 token from slot 7
[2022-12-11 19:56:25] [SEVERE ] setting player 1 freeze to 0
[2022-12-11 19:56:25] [SEVERE ] removing player 1 token from slot 10
[2022-12-11 19:56:25] [SEVERE ] player 3 placing token on slot 10
[2022-12-11 19:56:25] [SEVERE ] player 0 placing token on slot 11
[2022-12-11 19:56:25] [SEVERE ] player 2 placing token on slot 10
[2022-12-11 19:56:25] [SEVERE ] setting player 1 freeze to -109
[2022-12-11 19:56:26] [SEVERE ] player 3 placing token on slot 11
[2022-12-11 19:56:26] [SEVERE ] player 0 placing token on slot 2
[2022-12-11 19:56:26] [SEVERE ] removing player 2 token from slot 9
[2022-12-11 19:56:26] [SEVERE ] player 1 placing token on slot 4
[2022-12-11 19:56:26] [SEVERE ] player 3 placing token on slot 4
[2022-12-11 19:56:26] [SEVERE ] setting player 3 freeze to 0
[2022-12-11 19:56:26] [SEVERE ] removing player 0 token from slot 11
[2022-12-11 19:56:26] [SEVERE ] player 2 placing token on slot 3
[2022-12-11 19:56:26] [SEVERE ] setting player 2 freeze to 0
[2022-12-11 19:56:26] [SEVERE ] removing player 1 token from slot 9
[2022-12-11 19:56:26] [SEVERE ] removing player 3 token from slot 4
[2022-12-11 19:56:26] [SEVERE ] setting player 3 freeze to -107
[2022-12-11 19:56:26] [SEVERE ] player 0 placing token on slot 10
[2022-12-11 19:56:26] [SEVERE ] setting player 0 freeze to 0
[2022-12-11 19:56:26] [SEVERE ] removing player 2 token from slot 3
[2022-12-11 19:56:26] [SEVERE ] setting player 2 freeze to -109
[2022-12-11 19:56:26] [SEVERE ] player 1 placing token on slot 2
[2022-12-11 19:56:26] [SEVERE ] setting player 1 freeze to 0
[2022-12-11 19:56:26] [SEVERE ] player 3 placing token on slot 2
[2022-12-11 19:56:26] [SEVERE ] removing player 0 token from slot 9
[2022-12-11 19:56:26] [SEVERE ] setting player 0 freeze to -102
[2022-12-11 19:56:26] [SEVERE ] player 2 placing token on slot 5
[2022-12-11 19:56:26] [SEVERE ] removing player 1 token from slot 2
[2022-12-11 19:56:26] [SEVERE ] setting player 1 freeze to -109
[2022-12-11 19:56:26] [SEVERE ] setting player 3 freeze to 0
[2022-12-11 19:56:26] [SEVERE ] removing player 3 token from slot 10
[2022-12-11 19:56:26] [SEVERE ] player 0 placing token on slot 8
[2022-12-11 19:56:26] [SEVERE ] removing player 2 token from slot 5
[2022-12-11 19:56:26] [SEVERE ] player 1 placing token on slot 0
[2022-12-11 19:56:26] [SEVERE ] setting player 3 freeze to -101
[2022-12-11 19:56:26] [SEVERE ] removing player 0 token from slot 2
[2022-12-11 19:56:26] [SEVERE ] removing player 2 token from slot 8
[2022-12-11 19:56:26] [SEVERE ] removing player 1 token from slot 11
[2022-12-11 19:56:26] [SEVERE ] player 3 placing token on slot 6
[2022-12-11 19:56:26] [SEVERE ] player 0 placing token on slot 7
[2022-12-11 19:56:26] [SEVERE ] player 2 placing token on slot 6
[2022-12-11 19:56:26] [SEVERE ] setting player 0 freeze to 0
[2022-12-11 19:56:26] [SEVERE ] player 1 placing token on slot 9
[2022-12-11 19:56:26] [SEVERE ] setting player 1 freeze to 0
[2022-12-11 19:56:26] [SEVERE ] removing player 3 token from slot 6
[2022-12-11 19:56:26] [SEVERE ] removing player 2 token from slot 10
[2022-12-11 19:56:26] [SEVERE ] setting player 0 freeze to -109
[2022-12-11 19:56:26] [SEVERE ] removing player 0 token from slot 10
[2022-12-11 19:56:26] [SEVERE ] removing player 1 token from slot 0
[2022-12-11 19:56:26] [SEVERE ] setting player 1 freeze to -110
[2022-12-11 19:56:26] [SEVERE ] player 3 placing token on slot 3
[2022-12-11 19:56:26] [SEVERE ] setting player 3 freeze to 0
[2022-12-11 19:56:26] [SEVERE ] player 2 placing token on slot 7
[2022-12-11 19:56:26] [SEVERE ] player 0 placing token on slot 6
[2022-12-11 19:56:26] [SEVERE ] removing player 3 token from slot 3
[2022-12-11 19:56:26] [SEVERE ] player 1 placing token on slot 10
[2022-12-11 19:56:26] [SEVERE ] setting player 3 freeze to -110
[2022-12-11 19:56:26] [SEVERE ] player 2 placing token on slot 11
[2022-12-11 19:56:26] [SEVERE ] setting player 0 freeze to 0
[2022-12-11 19:56:26] [SEVERE ] removing player 0 token from slot 7
[2022-12-11 19:56:27] [SEVERE ] setting player 2 freeze to 0
[2022-12-11 19:56:27] [SEVERE ] setting player 1 freeze to 0
[2022-12-11 19:56:27] [SEVERE ] removing player 1 token from slot 4
[2022-12-11 19:56:27] [SEVERE ] removing player 3 token from slot 11
[2022-12-11 19:56:27] [SEVERE ] removing player 2 token from slot 11
[2022-12-11 19:56:27] [SEVERE ] setting player 0 freeze to -110
[2022-12-11 19:56:27] [SEVERE ] setting player 2 freeze to -110
[2022-12-11 19:56:27] [SEVERE ] setting player 1 freeze to -104
[2022-12-11 19:56:27] [SEVERE ] removing player 3 token from slot 2
[2022-12-11 19:56:27] [SEVERE ] player 0 placing token on slot 7
[2022-12-11 19:56:27] [SEVERE ] player 2 placing token on slot 10
[2022-12-11 19:56:27] [SEVERE ] player 1 placing token on slot 4
[2022-12-11 19:56:27] [SEVERE ] player 3 placing token on slot 3
[2022-12-11 19:56:27] [SEVERE ] removing player 0 token from slot 6
[2022-12-11 19:56:27] [SEVERE ] removing player 2 token from slot 6
[2022-12-11 19:56:27] [SEVERE ] setting player 2 freeze to 0
[2022-12-11 19:56:27] [SEVERE ] removing player 1 token from slot 4
[2022-12-11 19:56:27] [SEVERE ] player 3 placing token on slot 7
[2022-12-11 19:56:27] [SEVERE ] player 0 placing token on slot 6
[2022-12-11 19:56:27] [SEVERE ] setting player 0 freeze to 0
[2022-12-11 19:56:27] [SEVERE ] player 2 placing token on slot 3
[2022-12-11 19:56:27] [SEVERE ] setting player 2 freeze to -107
[2022-12-11 19:56:27] [SEVERE ] player 1 placing token on slot 8
[2022-12-11 19:56:27] [SEVERE ] setting player 1 freeze to 0
[2022-12-11 19:56:27] [SEVERE ] removing player 3 token from slot 7
[2022-12-11 19:56:27] [SEVERE ] removing player 0 token from slot 6
[2022-12-11 19:56:27] [SEVERE ] setting player 0 freeze to -107
[2022-12-11 19:56:27] [SEVERE ] removing player 2 token from slot 3
[2022-12-11 19:56:27] [SEVERE ] removing player 1 token from slot 8
[2022-12-11 19:56:27] [SEVERE ] setting player 1 freeze to -110
[2022-12-11 19:56:27] [SEVERE ] player 3 placing token on slot 10
[2022-12-11 19:56:27] [SEVERE ] player 0 placing token on slot 6
[2022-12-11 19:56:27] [SEVERE ] player 2 placing token on slot 2
[2022-12-11 19:56:27] [SEVERE ] player 1 placing token on slot 2
[2022-12-11 19:56:27] [SEVERE ] removing player 3 token from slot 3
[2022-12-11 19:56:27] [SEVERE ] removing player 0 token from slot 7
[2022-12-11 19:56:27] [SEVERE ] removing player 2 token from slot 10
[2022-12-11 19:56:27] [SEVERE ] removing player 1 token from slot 10
[2022-12-11 19:56:27] [SEVERE ] player 3 placing token on slot 1
[2022-12-11 19:56:27] [SEVERE ] player 0 placing token on slot 2
[2022-12-11 19:56:27] [SEVERE ] setting player 0 freeze to 0
[2022-12-11 19:56:27] [SEVERE ] player 2 placing token on slot 9
[2022-12-11 19:56:27] [SEVERE ] setting player 2 freeze to 0
[2022-12-11 19:56:27] [SEVERE ] player 1 placing token on slot 4
[2022-12-11 19:56:27] [SEVERE ] setting player 1 freeze to 0
[2022-12-11 19:56:27] [SEVERE ] player 3 placing token on slot 9
[2022-12-11 19:56:27] [SEVERE ] setting player 3 freeze to 0
[2022-12-11 19:56:27] [SEVERE ] setting player 0 freeze to -108
[2022-12-11 19:56:27] [SEVERE ] removing player 0 token from slot 8
[2022-12-11 19:56:27] [SEVERE ] setting player 2 freeze to -108
[2022-12-11 19:56:27] [SEVERE ] removing player 2 token from slot 9
[2022-12-11 19:56:28] [SEVERE ] removing player 1 token from slot 2
[2022-12-11 19:56:28] [SEVERE ] setting player 1 freeze to -108
[2022-12-11 19:56:28] [SEVERE ] removing player 3 token from slot 1
[2022-12-11 19:56:28] [SEVERE ] setting player 3 freeze to -109
[2022-12-11 19:56:28] [SEVERE ] player 0 placing token on slot 10
[2022-12-11 19:56:28] [SEVERE ] player 2 placing token on slot 8
[2022-12-11 19:56:28] [SEVERE ] player 1 placing token on slot 10
[2022-12-11 19:56:28] [SEVERE ] player 3 placing token on slot 6
[2022-12-11 19:56:28] [SEVERE ] setting player 0 freeze to 0
[2022-12-11 19:56:28] [SEVERE ] removing player 0 token from slot 2
[2022-12-11 19:56:28] [SEVERE ] setting player 2 freeze to 0
[2022-12-11 19:56:28] [SEVERE ] removing player 2 token from slot 2
[2022-12-11 19:56:28] [SEVERE ] removing player 1 token from slot 4
[2022-12-11 19:56:28] [SEVERE ] setting player 1 freeze to 0
[2022-12-11 19:56:28] [SEVERE ] removing player 3 token from slot 6
[2022-12-11 19:56:28] [SEVERE ] setting player 0 freeze to -110
[2022-12-11 19:56:28] [SEVERE ] setting player 2 freeze to -111
[2022-12-11 19:56:28] [SEVERE ] player 1 placing token on slot 8
[2022-12-11 19:56:28] [SEVERE ] setting player 1 freeze to -110
[2022-12-11 19:56:28] [SEVERE ] player 3 placing token on slot 4
[2022-12-11 19:56:28] [SEVERE ] player 0 placing token on slot 8
[2022-12-11 19:56:28] [SEVERE ] setting player 3 freeze to 0
[2022-12-11 19:56:28] [SEVERE ] player 2 placing token on slot 6
[2022-12-11 19:56:28] [SEVERE ] removing player 1 token from slot 8
[2022-12-11 19:56:28] [SEVERE ] removing player 3 token from slot 4
[2022-12-11 19:56:28] [SEVERE ] removing player 0 token from slot 10
[2022-12-11 19:56:28] [SEVERE ] setting player 3 freeze to -110
[2022-12-11 19:56:28] [SEVERE ] removing player 2 token from slot 8
[2022-12-11 19:56:28] [SEVERE ] player 1 placing token on slot 0
[2022-12-11 19:56:28] [SEVERE ] player 0 placing token on slot 3
[2022-12-11 19:56:28] [SEVERE ] player 3 placing token on slot 7
[2022-12-11 19:56:28] [SEVERE ] setting player 0 freeze to 0
[2022-12-11 19:56:28] [SEVERE ] player 2 placing token on slot 10
[2022-12-11 19:56:28] [SEVERE ] setting player 2 freeze to 0
[2022-12-11 19:56:28] [SEVERE ] removing player 1 token from slot 9
[2022-12-11 19:56:28] [SEVERE ] setting player 1 freeze to 0
[2022-12-11 19:56:28] [SEVERE ] removing player 0 token from slot 3
[2022-12-11 19:56:28] [SEVERE ] removing player 3 token from slot 9
[2022-12-11 19:56:28] [SEVERE ] setting player 0 freeze to -109
[2022-12-11 19:56:28] [SEVERE ] removing player 2 token from slot 6
[2022-12-11 19:56:28] [SEVERE ] setting player 2 freeze to -108
[2022-12-11 19:56:28] [SEVERE ] player 1 placing token on slot 6
[2022-12-11 19:56:28] [SEVERE ] setting player 1 freeze to -107
[2022-12-11 19:56:28] [SEVERE ] player 3 placing token on slot 4
[2022-12-11 19:56:28] [SEVERE ] player 0 placing token on slot 3
[2022-12-11 19:56:28] [SEVERE ] player 2 placing token on slot 9
[2022-12-11 19:56:28] [SEVERE ] removing player 1 token from slot 0
[2022-12-11 19:56:28] [SEVERE ] removing player 3 token from slot 7
[2022-12-11 19:56:28] [SEVERE ] removing player 0 token from slot 6
[2022-12-11 19:56:28] [SEVERE ] setting player 0 freeze to 0
[2022-12-11 19:56:28] [SEVERE ] removing player 2 token from slot 9
[2022-12-11 19:56:29] [SEVERE ] player 1 placing token on slot 0
[2022-12-11 19:56:29] [SEVERE ] player 0 placing token on slot 10
[2022-12-11 19:56:29] [SEVERE ] setting player 0 freeze to -107
[2022-12-11 19:56:29] [SEVERE ] player 3 placing token on slot 2
[2022-12-11 19:56:29] [SEVERE ] player 2 placing token on slot 0
[2022-12-11 19:56:29] [SEVERE ] setting player 2 freeze to 0
[2022-12-11 19:56:29] [SEVERE ] removing player 1 token from slot 10
[2022-12-11 19:56:29] [SEVERE ] removing player 3 token from slot 2
[2022-12-11 19:56:29] [SEVERE ] removing player 0 token from slot 8
[2022-12-11 19:56:29] [SEVERE ] removing player 2 token from slot 0
[2022-12-11 19:56:29] [SEVERE ] setting player 2 freeze to -108
[2022-12-11 19:56:29] [SEVERE ] player 1 placing token on slot 7
[2022-12-11 19:56:29] [SEVERE ] setting player 1 freeze to 0
[2022-12-11 19:56:29] [SEVERE ] player 0 placing token on slot 9
[2022-12-11 19:56:29] [SEVERE ] removing player 3 token from slot 10
[2022-12-11 19:56:29] [SEVERE ] setting player 0 freeze to 0
[2022-12-11 19:56:29] [SEVERE ] player 2 placing token on slot 3
[2022-12-11 19:56:29] [SEVERE ] removing player 1 token from slot 7
[2022-12-11 19:56:29] [SEVERE ] setting player 1 freeze to -109
[2022-12-11 19:56:29] [SEVERE ] removing player 0 token from slot 10
[2022-12-11 19:56:29] [SEVERE ] player 3 placing token on slot 10
[2022-12-11 19:56:29] [SEVERE ] setting player 0 freeze to -109
[2022-12-11 19:56:29] [SEVERE ] removing player 2 token from slot 7
[2022-12-11 19:56:29] [SEVERE ] player 1 placing token on slot 1
[2022-12-11 19:56:29] [SEVERE ] removing player 0 token from slot 3
[2022-12-11 19:56:29] [SEVERE ] player 3 placing token on slot 11
[2022-12-11 19:56:29] [SEVERE ] player 2 placing token on slot 11
[2022-12-11 19:56:29] [SEVERE ] setting player 2 freeze to 0
[2022-12-11 19:56:29] [SEVERE ] removing player 1 token from slot 6
[2022-12-11 19:56:29] [SEVERE ] setting player 3 freeze to 0
[2022-12-11 19:56:29] [SEVERE ] player 0 placing token on slot 0
[2022-12-11 19:56:29] [SEVERE ] removing player 3 token from slot 10
[2022-12-11 19:56:29] [SEVERE ] removing player 2 token from slot 10
[2022-12-11 19:56:29] [SEVERE ] setting player 2 freeze to -108
[2022-12-11 19:56:29] [SEVERE ] player 1 placing token on slot 5
[2022-12-11 19:56:29] [SEVERE ] setting player 1 freeze to 0
[2022-12-11 19:56:29] [SEVERE ] setting player 3 freeze to -108
[2022-12-11 19:56:29] [SEVERE ] player 0 placing token on slot 3
[2022-12-11 19:56:29] [SEVERE ] setting player 0 freeze to 0
[2022-12-11 19:56:29] [SEVERE ] removing player 2 token from slot 3
[2022-12-11 19:56:29] [SEVERE ] removing player 1 token from slot 0
[2022-12-11 19:56:29] [SEVERE ] setting player 1 freeze to -110
[2022-12-11 19:56:29] [SEVERE ] player 3 placing token on slot 3
[2022-12-11 19:56:29] [SEVERE ] removing player 0 token from slot 3
[2022-12-11 19:56:29] [SEVERE ] setting player 0 freeze to -110
[2022-12-11 19:56:29] [SEVERE ] player 2 placing token on slot 3
[2022-12-11 19:56:29] [SEVERE ] removing player 3 token from slot 11
[2022-12-11 19:56:29] [SEVERE ] player 1 placing token on slot 8
[2022-12-11 19:56:29] [SEVERE ] player 0 placing token on slot 4
[2022-12-11 19:56:29] [SEVERE ] player 2 placing token on slot 4
[2022-12-11 19:56:29] [SEVERE ] player 3 placing token on slot 1
[2022-12-11 19:56:29] [SEVERE ] removing player 1 token from slot 1
[2022-12-11 19:56:29] [SEVERE ] setting player 1 freeze to 0
[2022-12-11 19:56:30] [SEVERE ] removing player 0 token from slot 0
[2022-12-11 19:56:30] [SEVERE ] removing player 2 token from slot 4
[2022-12-11 19:56:30] [SEVERE ] player 1 placing token on slot 2
[2022-12-11 19:56:30] [SEVERE ] setting player 1 freeze to -107
[2022-12-11 19:56:30] [SEVERE ] removing player 3 token from slot 4
[2022-12-11 19:56:30] [SEVERE ] setting player 3 freeze to 0
[2022-12-11 19:56:30] [SEVERE ] player 0 placing token on slot 3
[2022-12-11 19:56:30] [SEVERE ] setting player 0 freeze to 0
[2022-12-11 19:56:30] [SEVERE ] player 2 placing token on slot 10
[2022-12-11 19:56:30] [SEVERE ] player 3 placing token on slot 5
[2022-12-11 19:56:30] [SEVERE ] setting player 3 freeze to -109
[2022-12-11 19:56:30] [SEVERE ] removing player 1 token from slot 2
[2022-12-11 19:56:30] [SEVERE ] removing player 0 token from slot 4
[2022-12-11 19:56:30] [SEVERE ] setting player 0 freeze to -110
[2022-12-11 19:56:30] [SEVERE ] removing player 2 token from slot 3
[2022-12-11 19:56:30] [SEVERE ] player 1 placing token on slot 7
[2022-12-11 19:56:30] [SEVERE ] removing player 3 token from slot 3
[2022-12-11 19:56:30] [SEVERE ] player 0 placing token on slot 7
[2022-12-11 19:56:30] [SEVERE ] player 2 placing token on slot 5
[2022-12-11 19:56:30] [SEVERE ] setting player 2 freeze to 0
[2022-12-11 19:56:30] [SEVERE ] removing player 1 token from slot 7
[2022-12-11 19:56:30] [SEVERE ] player 3 placing token on slot 6
[2022-12-11 19:56:30] [SEVERE ] removing player 0 token from slot 3
[2022-12-11 19:56:30] [SEVERE ] removing player 2 token from slot 5
[2022-12-11 19:56:30] [SEVERE ] setting player 2 freeze to -107
[2022-12-11 19:56:30] [SEVERE ] removing player 1 token from slot 5
[2022-12-11 19:56:30] [SEVERE ] setting player 3 freeze to 0
[2022-12-11 19:56:30] [SEVERE ] removing player 3 token from slot 5
[2022-12-11 19:56:30] [SEVERE ] removing player 0 token from slot 7
[2022-12-11 19:56:30] [SEVERE ] player 2 placing token on slot 6
[2022-12-11 19:56:30] [SEVERE ] player 1 placing token on slot 3
[2022-12-11 19:56:30] [SEVERE ] setting player 3 freeze to -109
[2022-12-11 19:56:30] [SEVERE ] player 0 placing token on slot 0
[2022-12-11 19:56:30] [SEVERE ] removing player 2 token from slot 6
[2022-12-11 19:56:30] [SEVERE ] player 1 placing token on slot 2
[2022-12-11 19:56:30] [SEVERE ] player 3 placing token on slot 0
[2022-12-11 19:56:30] [SEVERE ] setting player 1 freeze to 0
[2022-12-11 19:56:30] [SEVERE ] removing player 0 token from slot 0
[2022-12-11 19:56:30] [SEVERE ] player 2 placing token on slot 0
[2022-12-11 19:56:30] [SEVERE ] setting player 2 freeze to 0
[2022-12-11 19:56:30] [SEVERE ] removing player 1 token from slot 3
[2022-12-11 19:56:30] [SEVERE ] setting player 1 freeze to -108
[2022-12-11 19:56:30] [SEVERE ] removing player 3 token from slot 0
[2022-12-11 19:56:30] [SEVERE ] setting player 3 freeze to 0
[2022-12-11 19:56:30] [SEVERE ] player 0 placing token on slot 6
[2022-12-11 19:56:30] [SEVERE ] removing player 2 token from slot 11
[2022-12-11 19:56:30] [SEVERE ] setting player 2 freeze to -108
[2022-12-11 19:56:30] [SEVERE ] removing player 3 token from slot 1
[2022-12-11 19:56:30] [SEVERE ] setting player 3 freeze to -108
[2022-12-11 19:56:30] [SEVERE ] player 1 placing token on slot 0
[2022-12-11 19:56:30] [SEVERE ] player 0 placing token on slot 10
[2022-12-11 19:56:30] [SEVERE ] setting player 0 freeze to 0
[2022-12-11 19:56:31] [SEVERE ] player 2 placing token on slot 6
[2022-12-11 19:56:31] [SEVERE ] removing player 1 token from slot 2
[2022-12-11 19:56:31] [SEVERE ] setting player 1 freeze to 0
[2022-12-11 19:56:31] [SEVERE ] player 3 placing token on slot 1
[2022-12-11 19:56:31] [SEVERE ] removing player 0 token from slot 9
[2022-12-11 19:56:31] [SEVERE ] setting player 0 freeze to -111
[2022-12-11 19:56:31] [SEVERE ] removing player 2 token from slot 0
[2022-12-11 19:56:31] [SEVERE ] player 1 placing token on slot 5
[2022-12-11 19:56:31] [SEVERE ] setting player 1 freeze to -102
[2022-12-11 19:56:31] [SEVERE ] player 3 placing token on slot 2
[2022-12-11 19:56:31] [SEVERE ] setting player 3 freeze to 0
[2022-12-11 19:56:31] [SEVERE ] player 0 placing token on slot 7
[2022-12-11 19:56:31] [SEVERE ] player 2 placing token on slot 0
[2022-12-11 19:56:31] [SEVERE ] setting player 2 freeze to 0
[2022-12-11 19:56:31] [SEVERE ] removing player 1 token from slot 5
[2022-12-11 19:56:31] [SEVERE ] removing player 3 token from slot 6
[2022-12-11 19:56:31] [SEVERE ] setting player 3 freeze to -110
[2022-12-11 19:56:31] [SEVERE ] removing player 0 token from slot 6
[2022-12-11 19:56:31] [SEVERE ] setting player 0 freeze to 0
[2022-12-11 19:56:31] [SEVERE ] removing player 2 token from slot 6
[2022-12-11 19:56:31] [SEVERE ] setting player 2 freeze to -109
[2022-12-11 19:56:31] [SEVERE ] player 1 placing token on slot 2
[2022-12-11 19:56:31] [SEVERE ] player 3 placing token on slot 10
[2022-12-11 19:56:31] [SEVERE ] setting player 0 freeze to -108
[2022-12-11 19:56:31] [SEVERE ] player 0 placing token on slot 2
[2022-12-11 19:56:31] [SEVERE ] player 2 placing token on slot 9
[2022-12-11 19:56:31] [SEVERE ] removing card from slot 0
[2022-12-11 19:56:31] [SEVERE ] removing player 1 token from slot 8
[2022-12-11 19:56:31] [SEVERE ] setting player 1 freeze to 0
[2022-12-11 19:56:31] [SEVERE ] setting player 3 freeze to 0
[2022-12-11 19:56:31] [SEVERE ] setting player 0 freeze to 0
[2022-12-11 19:56:31] [SEVERE ] setting player 2 freeze to 0
[2022-12-11 19:56:31] [SEVERE ] removing card from slot 1
[2022-12-11 19:56:31] [SEVERE ] setting player 1 freeze to -110
[2022-12-11 19:56:31] [SEVERE ] setting player 3 freeze to -111
[2022-12-11 19:56:31] [SEVERE ] setting player 0 freeze to -102
[2022-12-11 19:56:31] [SEVERE ] removing card from slot 2
[2022-12-11 19:56:31] [SEVERE ] setting player 2 freeze to -108
[2022-12-11 19:56:31] [SEVERE ] removing card from slot 3
[2022-12-11 19:56:31] [SEVERE ] removing card from slot 4
[2022-12-11 19:56:31] [SEVERE ] removing card from slot 5
[2022-12-11 19:56:32] [SEVERE ] removing card from slot 6
[2022-12-11 19:56:32] [SEVERE ] removing card from slot 7
[2022-12-11 19:56:32] [SEVERE ] removing card from slot 8
[2022-12-11 19:56:32] [SEVERE ] removing card from slot 9
[2022-12-11 19:56:32] [SEVERE ] removing card from slot 10
[2022-12-11 19:56:32] [SEVERE ] removing card from slot 11
[2022-12-11 19:56:32] [SEVERE ] removing player 0 token from slot 10
[2022-12-11 19:56:32] [SEVERE ] removing player 0 token from slot 7
[2022-12-11 19:56:32] [SEVERE ] removing player 0 token from slot 2
[2022-12-11 19:56:32] [SEVERE ] removing player 1 token from slot 0
[2022-12-11 19:56:32] [SEVERE ] removing player 1 token from slot 2
[2022-12-11 19:56:32] [SEVERE ] removing player 2 token from slot 10
[2022-12-11 19:56:32] [SEVERE ] removing player 2 token from slot 0
[2022-12-11 19:56:32] [SEVERE ] removing player 2 token from slot 9
[2022-12-11 19:56:32] [SEVERE ] removing player 3 token from slot 1
[2022-12-11 19:56:32] [SEVERE ] removing player 3 token from slot 2
[2022-12-11 19:56:32] [SEVERE ] removing player 3 token from slot 10
[2022-12-11 19:56:32] [SEVERE ] placing card 50 in slot 6
[2022-12-11 19:56:32] [SEVERE ] placing card 23 in slot 3
[2022-12-11 19:56:32] [SEVERE ] placing card 44 in slot 11
[2022-12-11 19:56:33] [SEVERE ] placing card 26 in slot 7
[2022-12-11 19:56:33] [SEVERE ] placing card 38 in slot 1
[2022-12-11 19:56:33] [SEVERE ] placing card 2 in slot 8
[2022-12-11 19:56:33] [SEVERE ] placing card 52 in slot 9
[2022-12-11 19:56:33] [SEVERE ] placing card 4 in slot 0
[2022-12-11 19:56:33] [SEVERE ] placing card 25 in slot 10
[2022-12-11 19:56:33] [SEVERE ] placing card 16 in slot 5
[2022-12-11 19:56:33] [SEVERE ] placing card 3 in slot 2
[2022-12-11 19:56:33] [SEVERE ] placing card 61 in slot 4
[2022-12-11 19:56:34] [SEVERE ] player 1 placing token on slot 8
[2022-12-11 19:56:34] [SEVERE ] player 2 placing token on slot 2
[2022-12-11 19:56:34] [SEVERE ] player 3 placing token on slot 11
[2022-12-11 19:56:34] [SEVERE ] player 0 placing token on slot 8
[2022-12-11 19:56:34] [SEVERE ] player 1 placing token on slot 4
[2022-12-11 19:56:34] [SEVERE ] player 2 placing token on slot 11
[2022-12-11 19:56:34] [SEVERE ] player 3 placing token on slot 0
[2022-12-11 19:56:34] [SEVERE ] player 0 placing token on slot 3
[2022-12-11 19:56:34] [SEVERE ] player 1 placing token on slot 0
[2022-12-11 19:56:34] [SEVERE ] removing player 2 token from slot 2
[2022-12-11 19:56:34] [SEVERE ] player 0 placing token on slot 7
[2022-12-11 19:56:34] [SEVERE ] player 3 placing token on slot 6
[2022-12-11 19:56:34] [SEVERE ] setting player 1 freeze to 0
[2022-12-11 19:56:34] [SEVERE ] setting player 3 freeze to 0
[2022-12-11 19:56:34] [SEVERE ] setting player 0 freeze to 0
[2022-12-11 19:56:34] [SEVERE ] removing player 1 token from slot 4
[2022-12-11 19:56:34] [SEVERE ] player 2 placing token on slot 4
[2022-12-11 19:56:34] [SEVERE ] removing player 0 token from slot 3
[2022-12-11 19:56:34] [SEVERE ] removing player 3 token from slot 11
[2022-12-11 19:56:34] [SEVERE ] setting player 1 freeze to -110
[2022-12-11 19:56:34] [SEVERE ] setting player 3 freeze to -110
[2022-12-11 19:56:34] [SEVERE ] setting player 0 freeze to -109
[2022-12-11 19:56:34] [SEVERE ] player 2 placing token on slot 9
[2022-12-11 19:56:34] [SEVERE ] player 1 placing token on slot 7
[2022-12-11 19:56:34] [SEVERE ] player 3 placing token on slot 3
[2022-12-11 19:56:34] [SEVERE ] player 0 placing token on slot 3
[2022-12-11 19:56:34] [SEVERE ] removing player 2 token from slot 4
[2022-12-11 19:56:34] [SEVERE ] setting player 2 freeze to 0
[2022-12-11 19:56:34] [SEVERE ] removing player 1 token from slot 7
[2022-12-11 19:56:34] [SEVERE ] setting player 1 freeze to 0
[2022-12-11 19:56:34] [SEVERE ] removing player 3 token from slot 3
[2022-12-11 19:56:34] [SEVERE ] removing player 0 token from slot 8
[2022-12-11 19:56:34] [SEVERE ] player 2 placing token on slot 10
[2022-12-11 19:56:34] [SEVERE ] setting player 2 freeze to -110
[2022-12-11 19:56:34] [SEVERE ] removing player 1 token from slot 8
[2022-12-11 19:56:34] [SEVERE ] setting player 1 freeze to -109
[2022-12-11 19:56:34] [SEVERE ] player 3 placing token on slot 1
[2022-12-11 19:56:34] [SEVERE ] setting player 3 freeze to 0
[2022-12-11 19:56:34] [SEVERE ] player 0 placing token on slot 6
[2022-12-11 19:56:34] [SEVERE ] setting player 0 freeze to 0
[2022-12-11 19:56:34] [SEVERE ] removing player 2 token from slot 10
[2022-12-11 19:56:34] [SEVERE ] player 1 placing token on slot 3
[2022-12-11 19:56:34] [SEVERE ] removing player 3 token from slot 6
[2022-12-11 19:56:34] [SEVERE ] setting player 3 freeze to -109
[2022-12-11 19:56:34] [SEVERE ] removing player 0 token from slot 7
[2022-12-11 19:56:34] [SEVERE ] setting player 0 freeze to -109
[2022-12-11 19:56:34] [SEVERE ] player 2 placing token on slot 5
[2022-12-11 19:56:34] [SEVERE ] player 1 placing token on slot 8
[2022-12-11 19:56:34] [SEVERE ] setting player 1 freeze to 0
[2022-12-11 19:56:34] [SEVERE ] player 3 placing token on slot 2
[2022-12-11 19:56:35] [SEVERE ] player 0 placing token on slot 5
[2022-12-11 19:56:35] [SEVERE ] removing player 2 token from slot 11
[2022-12-11 19:56:35] [SEVERE ] removing player 1 token from slot 8
[2022-12-11 19:56:35] [SEVERE ] setting player 1 freeze to -110
[2022-12-11 19:56:35] [SEVERE ] removing player 3 token from slot 0
[2022-12-11 19:56:35] [SEVERE ] removing player 0 token from slot 5
[2022-12-11 19:56:35] [SEVERE ] player 2 placing token on slot 0
[2022-12-11 19:56:35] [SEVERE ] setting player 2 freeze to 0
[2022-12-11 19:56:35] [SEVERE ] player 1 placing token on slot 5
[2022-12-11 19:56:35] [SEVERE ] player 3 placing token on slot 4
[2022-12-11 19:56:35] [SEVERE ] setting player 3 freeze to 0
[2022-12-11 19:56:35] [SEVERE ] player 0 placing token on slot 5
[2022-12-11 19:56:35] [SEVERE ] setting player 0 freeze to 0
[2022-12-11 19:56:35] [SEVERE ] removing player 2 token from slot 9
[2022-12-11 19:56:35] [SEVERE ] setting player 2 freeze to -110
[2022-12-11 19:56:35] [SEVERE ] removing player 1 token from slot 5
[2022-12-11 19:56:35] [SEVERE ] removing player 3 token from slot 2
[2022-12-11 19:56:35] [SEVERE ] setting player 3 freeze to -110
[2022-12-11 19:56:35] [SEVERE ] removing player 0 token from slot 5
[2022-12-11 19:56:35] [SEVERE ] setting player 0 freeze to -108
[2022-12-11 19:56:35] [SEVERE ] player 2 placing token on slot 9
[2022-12-11 19:56:35] [SEVERE ] player 1 placing token on slot 8
[2022-12-11 19:56:35] [SEVERE ] setting player 1 freeze to 0
[2022-12-11 19:56:35] [SEVERE ] player 3 placing token on slot 6
[2022-12-11 19:56:35] [SEVERE ] player 0 placing token on slot 10
[2022-12-11 19:56:35] [SEVERE ] removing player 2 token from slot 9
[2022-12-11 19:56:35] [SEVERE ] removing player 1 token from slot 8
[2022-12-11 19:56:35] [SEVERE ] setting player 1 freeze to -109
[2022-12-11 19:56:35] [SEVERE ] removing player 3 token from slot 6
[2022-12-11 19:56:35] [SEVERE ] removing player 0 token from slot 3
[2022-12-11 19:56:35] [SEVERE ] removing player 2 token from slot 5
[2022-12-11 19:56:35] [SEVERE ] removing player 1 token from slot 3
[2022-12-11 19:56:35] [SEVERE ] player 3 placing token on slot 0
[2022-12-11 19:56:35] [SEVERE ] setting player 3 freeze to 0
[2022-12-11 19:56:35] [SEVERE ] player 0 placing token on slot 8
[2022-12-11 19:56:35] [SEVERE ] setting player 0 freeze to 0
[2022-12-11 19:56:35] [SEVERE ] player 2 placing token on slot 9
[2022-12-11 19:56:35] [SEVERE ] player 1 placing token on slot 8
[2022-12-11 19:56:35] [SEVERE ] removing player 3 token from slot 4
[2022-12-11 19:56:35] [SEVERE ] setting player 3 freeze to -110
[2022-12-11 19:56:35] [SEVERE ] removing player 0 token from slot 10
[2022-12-11 19:56:35] [SEVERE ] setting player 0 freeze to -110
[2022-12-11 19:56:35] [SEVERE ] player 2 placing token on slot 2
[2022-12-11 19:56:35] [SEVERE ] setting player 2 freeze to 0
[2022-12-11 19:56:35] [SEVERE ] player 1 placing token on slot 3
[2022-12-11 19:56:35] [SEVERE ] removing player 3 token from slot 1
[2022-12-11 19:56:35] [SEVERE ] player 0 placing token on slot 0
[2022-12-11 19:56:35] [SEVERE ] removing player 2 token from slot 2
[2022-12-11 19:56:35] [SEVERE ] setting player 2 freeze to -108
[2022-12-11 19:56:35] [SEVERE ] removing player 1 token from slot 0
[2022-12-11 19:56:35] [SEVERE ] setting player 1 freeze to 0
[2022-12-11 19:56:35] [SEVERE ] player 3 placing token on slot 8
[2022-12-11 19:56:35] [SEVERE ] removing player 0 token from slot 0
[2022-12-11 19:56:36] [SEVERE ] player 2 placing token on slot 5
[2022-12-11 19:56:36] [SEVERE ] player 1 placing token on slot 7
[2022-12-11 19:56:36] [SEVERE ] setting player 1 freeze to -109
[2022-12-11 19:56:36] [SEVERE ] player 3 placing token on slot 4
[2022-12-11 19:56:36] [SEVERE ] setting player 3 freeze to 0
[2022-12-11 19:56:36] [SEVERE ] Exit button pressed
[2022-12-11 19:56:36] [SEVERE ] player 0 placing token on slot 10
[2022-12-11 19:56:36] [SEVERE ] removing player 2 token from slot 0
[2022-12-11 19:56:36] [SEVERE ] removing player 1 token from slot 7
[2022-12-11 19:56:36] [SEVERE ] removing player 3 token from slot 4
[2022-12-11 19:56:36] [SEVERE ] setting player 3 freeze to -111
[2022-12-11 19:56:36] [SEVERE ] setting player 0 freeze to 0
[2022-12-11 19:56:36] [SEVERE ] removing card from slot 0
[2022-12-11 19:56:36] [SEVERE ] setting player 0 freeze to -110
[2022-12-11 19:56:36] [SEVERE ] removing card from slot 1
[2022-12-11 19:56:36] [SEVERE ] removing card from slot 2
[2022-12-11 19:56:36] [SEVERE ] removing card from slot 3
[2022-12-11 19:56:36] [SEVERE ] removing card from slot 4
[2022-12-11 19:56:36] [SEVERE ] removing card from slot 5
[2022-12-11 19:56:36] [SEVERE ] removing card from slot 6
[2022-12-11 19:56:36] [SEVERE ] removing card from slot 7
[2022-12-11 19:56:37] [SEVERE ] removing card from slot 8
[2022-12-11 19:56:37] [SEVERE ] removing card from slot 9
[2022-12-11 19:56:37] [SEVERE ] removing card from slot 10
[2022-12-11 19:56:37] [SEVERE ] removing card from slot 11
[2022-12-11 19:56:37] [SEVERE ] removing player 0 token from slot 6
[2022-12-11 19:56:37] [SEVERE ] removing player 0 token from slot 8
[2022-12-11 19:56:37] [SEVERE ] removing player 0 token from slot 10
[2022-12-11 19:56:37] [SEVERE ] removing player 1 token from slot 8
[2022-12-11 19:56:37] [SEVERE ] removing player 1 token from slot 3
[2022-12-11 19:56:37] [SEVERE ] removing player 2 token from slot 9
[2022-12-11 19:56:37] [SEVERE ] removing player 2 token from slot 5
[2022-12-11 19:56:37] [SEVERE ] removing player 3 token from slot 0
[2022-12-11 19:56:37] [SEVERE ] removing player 3 token from slot 8
[2022-12-11 19:56:37] [SEVERE ] announcing winners: [3, 2, 1, 0]
[2022-12-11 19:56:37] [INFO   ] Thread main terminated.
