[2022-12-14 11:05:35] [INFO   ] cannot read configuration file config.properties trying from resources.
[2022-12-14 11:05:35] [INFO   ] configuration file was loaded from resources directory.
[2022-12-14 11:05:36] [SEVERE ] placing card 21 in slot 7
[2022-12-14 11:05:36] [SEVERE ] placing card 73 in slot 4
[2022-12-14 11:05:36] [SEVERE ] placing card 11 in slot 5
[2022-12-14 11:05:36] [SEVERE ] placing card 40 in slot 8
[2022-12-14 11:05:36] [SEVERE ] placing card 44 in slot 9
[2022-12-14 11:05:37] [SEVERE ] placing card 16 in slot 1
[2022-12-14 11:05:37] [SEVERE ] placing card 3 in slot 2
[2022-12-14 11:05:37] [SEVERE ] placing card 23 in slot 3
[2022-12-14 11:05:37] [SEVERE ] placing card 69 in slot 0
[2022-12-14 11:05:37] [SEVERE ] placing card 39 in slot 10
[2022-12-14 11:05:37] [SEVERE ] placing card 13 in slot 11
[2022-12-14 11:05:37] [SEVERE ] placing card 33 in slot 6
[2022-12-14 11:05:37] [SEVERE ] player 2 placing token on slot 4
[2022-12-14 11:05:37] [SEVERE ] player 3 placing token on slot 7
[2022-12-14 11:05:37] [SEVERE ] player 0 placing token on slot 10
[2022-12-14 11:05:37] [SEVERE ] player 1 placing token on slot 1
[2022-12-14 11:05:38] [SEVERE ] player 0 placing token on slot 3
[2022-12-14 11:05:38] [SEVERE ] player 2 placing token on slot 1
[2022-12-14 11:05:38] [SEVERE ] player 3 placing token on slot 0
[2022-12-14 11:05:38] [SEVERE ] player 1 placing token on slot 11
[2022-12-14 11:05:38] [SEVERE ] player 2 placing token on slot 5
[2022-12-14 11:05:38] [SEVERE ] player 0 placing token on slot 5
[2022-12-14 11:05:38] [SEVERE ] player 1 placing token on slot 7
[2022-12-14 11:05:38] [SEVERE ] player 3 placing token on slot 2
[2022-12-14 11:05:38] [SEVERE ] setting player 2 freeze to 0
[2022-12-14 11:05:38] [SEVERE ] removing player 0 token from slot 3
[2022-12-14 11:05:38] [SEVERE ] removing player 2 token from slot 1
[2022-12-14 11:05:38] [SEVERE ] setting player 3 freeze to 0
[2022-12-14 11:05:38] [SEVERE ] removing player 3 token from slot 0
[2022-12-14 11:05:38] [SEVERE ] setting player 2 freeze to -104
[2022-12-14 11:05:38] [SEVERE ] setting player 1 freeze to 0
[2022-12-14 11:05:38] [SEVERE ] removing player 1 token from slot 1
[2022-12-14 11:05:38] [SEVERE ] removing player 0 token from slot 5
[2022-12-14 11:05:38] [SEVERE ] setting player 3 freeze to -105
[2022-12-14 11:05:38] [SEVERE ] removing player 2 token from slot 4
[2022-12-14 11:05:38] [SEVERE ] setting player 1 freeze to -115
[2022-12-14 11:05:38] [SEVERE ] player 0 placing token on slot 11
[2022-12-14 11:05:38] [SEVERE ] player 3 placing token on slot 1
[2022-12-14 11:05:38] [SEVERE ] player 2 placing token on slot 7
[2022-12-14 11:05:38] [SEVERE ] player 1 placing token on slot 4
[2022-12-14 11:05:38] [SEVERE ] player 0 placing token on slot 3
[2022-12-14 11:05:38] [SEVERE ] setting player 0 freeze to 0
[2022-12-14 11:05:38] [SEVERE ] removing player 3 token from slot 1
[2022-12-14 11:05:38] [SEVERE ] removing player 2 token from slot 7
[2022-12-14 11:05:38] [SEVERE ] removing player 1 token from slot 11
[2022-12-14 11:05:38] [SEVERE ] removing player 0 token from slot 11
[2022-12-14 11:05:38] [SEVERE ] player 3 placing token on slot 10
[2022-12-14 11:05:38] [SEVERE ] setting player 0 freeze to -121
[2022-12-14 11:05:38] [SEVERE ] setting player 3 freeze to 0
[2022-12-14 11:05:38] [SEVERE ] player 2 placing token on slot 3
[2022-12-14 11:05:38] [SEVERE ] removing player 1 token from slot 4
[2022-12-14 11:05:38] [SEVERE ] player 0 placing token on slot 5
[2022-12-14 11:05:38] [SEVERE ] setting player 3 freeze to -108
[2022-12-14 11:05:38] [SEVERE ] removing player 3 token from slot 2
[2022-12-14 11:05:38] [SEVERE ] player 2 placing token on slot 11
[2022-12-14 11:05:38] [SEVERE ] setting player 2 freeze to 0
[2022-12-14 11:05:38] [SEVERE ] player 1 placing token on slot 9
[2022-12-14 11:05:38] [SEVERE ] removing player 0 token from slot 3
[2022-12-14 11:05:38] [SEVERE ] removing player 3 token from slot 7
[2022-12-14 11:05:38] [SEVERE ] removing player 2 token from slot 3
[2022-12-14 11:05:38] [SEVERE ] setting player 2 freeze to -107
[2022-12-14 11:05:38] [SEVERE ] player 1 placing token on slot 3
[2022-12-14 11:05:38] [SEVERE ] setting player 1 freeze to 0
[2022-12-14 11:05:39] [SEVERE ] player 3 placing token on slot 11
[2022-12-14 11:05:39] [SEVERE ] player 0 placing token on slot 3
[2022-12-14 11:05:39] [SEVERE ] player 2 placing token on slot 7
[2022-12-14 11:05:39] [SEVERE ] removing player 1 token from slot 9
[2022-12-14 11:05:39] [SEVERE ] setting player 1 freeze to -114
[2022-12-14 11:05:39] [SEVERE ] player 3 placing token on slot 1
[2022-12-14 11:05:39] [SEVERE ] removing player 0 token from slot 5
[2022-12-14 11:05:39] [SEVERE ] setting player 3 freeze to 0
[2022-12-14 11:05:39] [SEVERE ] removing player 2 token from slot 7
[2022-12-14 11:05:39] [SEVERE ] player 1 placing token on slot 5
[2022-12-14 11:05:39] [SEVERE ] removing player 3 token from slot 1
[2022-12-14 11:05:39] [SEVERE ] removing player 0 token from slot 3
[2022-12-14 11:05:39] [SEVERE ] setting player 3 freeze to -114
[2022-12-14 11:05:39] [SEVERE ] player 2 placing token on slot 4
[2022-12-14 11:05:39] [SEVERE ] setting player 2 freeze to 0
[2022-12-14 11:05:39] [SEVERE ] setting player 1 freeze to 0
[2022-12-14 11:05:39] [SEVERE ] removing player 1 token from slot 3
[2022-12-14 11:05:39] [SEVERE ] removing player 0 token from slot 10
[2022-12-14 11:05:39] [SEVERE ] player 3 placing token on slot 7
[2022-12-14 11:05:39] [SEVERE ] removing player 2 token from slot 11
[2022-12-14 11:05:39] [SEVERE ] setting player 2 freeze to -114
[2022-12-14 11:05:39] [SEVERE ] setting player 1 freeze to -107
[2022-12-14 11:05:39] [SEVERE ] player 0 placing token on slot 4
[2022-12-14 11:05:39] [SEVERE ] removing player 3 token from slot 11
[2022-12-14 11:05:39] [SEVERE ] setting player 3 freeze to 0
[2022-12-14 11:05:39] [SEVERE ] player 2 placing token on slot 3
[2022-12-14 11:05:39] [SEVERE ] player 1 placing token on slot 8
[2022-12-14 11:05:39] [SEVERE ] removing player 0 token from slot 4
[2022-12-14 11:05:39] [SEVERE ] player 3 placing token on slot 4
[2022-12-14 11:05:39] [SEVERE ] setting player 3 freeze to -108
[2022-12-14 11:05:39] [SEVERE ] removing player 2 token from slot 3
[2022-12-14 11:05:39] [SEVERE ] removing player 1 token from slot 7
[2022-12-14 11:05:39] [SEVERE ] player 0 placing token on slot 0
[2022-12-14 11:05:39] [SEVERE ] removing player 3 token from slot 10
[2022-12-14 11:05:39] [SEVERE ] player 2 placing token on slot 1
[2022-12-14 11:05:39] [SEVERE ] setting player 2 freeze to 0
[2022-12-14 11:05:39] [SEVERE ] player 1 placing token on slot 2
[2022-12-14 11:05:39] [SEVERE ] player 0 placing token on slot 4
[2022-12-14 11:05:39] [SEVERE ] player 3 placing token on slot 11
[2022-12-14 11:05:39] [SEVERE ] removing player 2 token from slot 4
[2022-12-14 11:05:39] [SEVERE ] setting player 2 freeze to -106
[2022-12-14 11:05:39] [SEVERE ] removing player 1 token from slot 8
[2022-12-14 11:05:39] [SEVERE ] setting player 1 freeze to 0
[2022-12-14 11:05:39] [SEVERE ] player 0 placing token on slot 8
[2022-12-14 11:05:39] [SEVERE ] setting player 0 freeze to 0
[2022-12-14 11:05:39] [SEVERE ] removing player 3 token from slot 11
[2022-12-14 11:05:39] [SEVERE ] player 2 placing token on slot 8
[2022-12-14 11:05:39] [SEVERE ] removing player 1 token from slot 5
[2022-12-14 11:05:39] [SEVERE ] setting player 1 freeze to -108
[2022-12-14 11:05:40] [SEVERE ] removing player 0 token from slot 4
[2022-12-14 11:05:40] [SEVERE ] setting player 0 freeze to -107
[2022-12-14 11:05:40] [SEVERE ] removing player 3 token from slot 4
[2022-12-14 11:05:40] [SEVERE ] removing player 2 token from slot 8
[2022-12-14 11:05:40] [SEVERE ] player 1 placing token on slot 3
[2022-12-14 11:05:40] [SEVERE ] player 0 placing token on slot 3
[2022-12-14 11:05:40] [SEVERE ] player 3 placing token on slot 10
[2022-12-14 11:05:40] [SEVERE ] player 2 placing token on slot 6
[2022-12-14 11:05:40] [SEVERE ] setting player 2 freeze to 0
[2022-12-14 11:05:40] [SEVERE ] player 1 placing token on slot 1
[2022-12-14 11:05:40] [SEVERE ] setting player 1 freeze to 0
[2022-12-14 11:05:40] [SEVERE ] removing player 0 token from slot 0
[2022-12-14 11:05:40] [SEVERE ] player 3 placing token on slot 3
[2022-12-14 11:05:40] [SEVERE ] setting player 3 freeze to 0
[2022-12-14 11:05:40] [SEVERE ] removing player 2 token from slot 6
[2022-12-14 11:05:40] [SEVERE ] setting player 2 freeze to -108
[2022-12-14 11:05:40] [SEVERE ] setting player 1 freeze to -105
[2022-12-14 11:05:40] [SEVERE ] removing player 1 token from slot 2
[2022-12-14 11:05:40] [SEVERE ] removing player 0 token from slot 3
[2022-12-14 11:05:40] [SEVERE ] removing player 3 token from slot 3
[2022-12-14 11:05:40] [SEVERE ] setting player 3 freeze to -103
[2022-12-14 11:05:40] [SEVERE ] player 2 placing token on slot 4
[2022-12-14 11:05:40] [SEVERE ] player 1 placing token on slot 0
[2022-12-14 11:05:40] [SEVERE ] player 0 placing token on slot 11
[2022-12-14 11:05:40] [SEVERE ] player 3 placing token on slot 5
[2022-12-14 11:05:40] [SEVERE ] removing player 2 token from slot 1
[2022-12-14 11:05:40] [SEVERE ] removing player 1 token from slot 0
[2022-12-14 11:05:40] [SEVERE ] player 0 placing token on slot 10
[2022-12-14 11:05:40] [SEVERE ] setting player 0 freeze to 0
[2022-12-14 11:05:40] [SEVERE ] removing player 3 token from slot 10
[2022-12-14 11:05:40] [SEVERE ] setting player 3 freeze to 0
[2022-12-14 11:05:40] [SEVERE ] player 2 placing token on slot 11
[2022-12-14 11:05:40] [SEVERE ] setting player 2 freeze to 0
[2022-12-14 11:05:40] [SEVERE ] player 1 placing token on slot 9
[2022-12-14 11:05:40] [SEVERE ] setting player 1 freeze to 0
[2022-12-14 11:05:40] [SEVERE ] removing player 0 token from slot 10
[2022-12-14 11:05:40] [SEVERE ] setting player 0 freeze to -105
[2022-12-14 11:05:40] [SEVERE ] player 3 placing token on slot 8
[2022-12-14 11:05:40] [SEVERE ] setting player 3 freeze to -105
[2022-12-14 11:05:40] [SEVERE ] setting player 2 freeze to -107
[2022-12-14 11:05:40] [SEVERE ] removing player 2 token from slot 11
[2022-12-14 11:05:40] [SEVERE ] removing player 1 token from slot 9
[2022-12-14 11:05:40] [SEVERE ] setting player 1 freeze to -116
[2022-12-14 11:05:40] [SEVERE ] player 0 placing token on slot 9
[2022-12-14 11:05:40] [SEVERE ] removing player 3 token from slot 8
[2022-12-14 11:05:40] [SEVERE ] player 2 placing token on slot 11
[2022-12-14 11:05:40] [SEVERE ] player 1 placing token on slot 0
[2022-12-14 11:05:40] [SEVERE ] removing player 0 token from slot 11
[2022-12-14 11:05:40] [SEVERE ] setting player 0 freeze to 0
[2022-12-14 11:05:40] [SEVERE ] player 3 placing token on slot 2
[2022-12-14 11:05:40] [SEVERE ] removing player 2 token from slot 11
[2022-12-14 11:05:40] [SEVERE ] removing player 1 token from slot 1
[2022-12-14 11:05:40] [SEVERE ] setting player 1 freeze to 0
[2022-12-14 11:05:40] [SEVERE ] player 0 placing token on slot 7
[2022-12-14 11:05:40] [SEVERE ] setting player 0 freeze to -106
[2022-12-14 11:05:41] [SEVERE ] removing player 3 token from slot 5
[2022-12-14 11:05:41] [SEVERE ] player 2 placing token on slot 6
[2022-12-14 11:05:41] [SEVERE ] setting player 2 freeze to 0
[2022-12-14 11:05:41] [SEVERE ] player 1 placing token on slot 7
[2022-12-14 11:05:41] [SEVERE ] setting player 1 freeze to -106
[2022-12-14 11:05:41] [SEVERE ] removing player 0 token from slot 8
[2022-12-14 11:05:41] [SEVERE ] removing player 3 token from slot 2
[2022-12-14 11:05:41] [SEVERE ] removing player 2 token from slot 4
[2022-12-14 11:05:41] [SEVERE ] setting player 2 freeze to -107
[2022-12-14 11:05:41] [SEVERE ] removing player 1 token from slot 0
[2022-12-14 11:05:41] [SEVERE ] player 0 placing token on slot 10
[2022-12-14 11:05:41] [SEVERE ] player 3 placing token on slot 0
[2022-12-14 11:05:41] [SEVERE ] player 2 placing token on slot 3
[2022-12-14 11:05:41] [SEVERE ] player 1 placing token on slot 11
[2022-12-14 11:05:41] [SEVERE ] removing player 0 token from slot 7
[2022-12-14 11:05:41] [SEVERE ] player 3 placing token on slot 3
[2022-12-14 11:05:41] [SEVERE ] removing player 2 token from slot 5
[2022-12-14 11:05:41] [SEVERE ] removing player 1 token from slot 3
[2022-12-14 11:05:41] [SEVERE ] setting player 1 freeze to 0
[2022-12-14 11:05:41] [SEVERE ] player 0 placing token on slot 3
[2022-12-14 11:05:41] [SEVERE ] setting player 0 freeze to 0
[2022-12-14 11:05:41] [SEVERE ] removing player 3 token from slot 3
[2022-12-14 11:05:41] [SEVERE ] player 2 placing token on slot 4
[2022-12-14 11:05:41] [SEVERE ] setting player 2 freeze to 0
[2022-12-14 11:05:41] [SEVERE ] player 1 placing token on slot 0
[2022-12-14 11:05:41] [SEVERE ] setting player 1 freeze to -107
[2022-12-14 11:05:41] [SEVERE ] setting player 0 freeze to -108
[2022-12-14 11:05:41] [SEVERE ] removing player 0 token from slot 10
[2022-12-14 11:05:41] [SEVERE ] player 3 placing token on slot 1
[2022-12-14 11:05:41] [SEVERE ] setting player 3 freeze to 0
[2022-12-14 11:05:41] [SEVERE ] setting player 2 freeze to -108
[2022-12-14 11:05:41] [SEVERE ] removing player 2 token from slot 4
[2022-12-14 11:05:41] [SEVERE ] removing player 1 token from slot 0
[2022-12-14 11:05:41] [SEVERE ] removing player 3 token from slot 7
[2022-12-14 11:05:41] [SEVERE ] player 0 placing token on slot 5
[2022-12-14 11:05:41] [SEVERE ] setting player 3 freeze to -110
[2022-12-14 11:05:41] [SEVERE ] player 2 placing token on slot 2
[2022-12-14 11:05:41] [SEVERE ] player 1 placing token on slot 9
[2022-12-14 11:05:41] [SEVERE ] removing player 0 token from slot 3
[2022-12-14 11:05:41] [SEVERE ] player 3 placing token on slot 2
[2022-12-14 11:05:41] [SEVERE ] setting player 2 freeze to 0
[2022-12-14 11:05:41] [SEVERE ] removing player 2 token from slot 6
[2022-12-14 11:05:41] [SEVERE ] removing player 1 token from slot 9
[2022-12-14 11:05:41] [SEVERE ] player 0 placing token on slot 8
[2022-12-14 11:05:41] [SEVERE ] setting player 0 freeze to 0
[2022-12-14 11:05:41] [SEVERE ] removing player 3 token from slot 0
[2022-12-14 11:05:41] [SEVERE ] setting player 2 freeze to -105
[2022-12-14 11:05:41] [SEVERE ] player 1 placing token on slot 4
[2022-12-14 11:05:41] [SEVERE ] setting player 1 freeze to 0
[2022-12-14 11:05:41] [SEVERE ] setting player 0 freeze to -105
[2022-12-14 11:05:41] [SEVERE ] removing player 0 token from slot 5
[2022-12-14 11:05:41] [SEVERE ] removing player 3 token from slot 2
[2022-12-14 11:05:42] [SEVERE ] player 2 placing token on slot 11
[2022-12-14 11:05:42] [SEVERE ] setting player 1 freeze to -110
[2022-12-14 11:05:42] [SEVERE ] removing player 1 token from slot 7
[2022-12-14 11:05:42] [SEVERE ] player 0 placing token on slot 2
[2022-12-14 11:05:42] [SEVERE ] player 3 placing token on slot 0
[2022-12-14 11:05:42] [SEVERE ] removing player 2 token from slot 2
[2022-12-14 11:05:42] [SEVERE ] removing player 1 token from slot 11
[2022-12-14 11:05:42] [SEVERE ] setting player 0 freeze to 0
[2022-12-14 11:05:42] [SEVERE ] removing player 0 token from slot 9
[2022-12-14 11:05:42] [SEVERE ] player 3 placing token on slot 5
[2022-12-14 11:05:42] [SEVERE ] setting player 3 freeze to 0
[2022-12-14 11:05:42] [SEVERE ] player 2 placing token on slot 8
[2022-12-14 11:05:42] [SEVERE ] player 1 placing token on slot 8
[2022-12-14 11:05:42] [SEVERE ] setting player 0 freeze to -109
[2022-12-14 11:05:42] [SEVERE ] removing player 3 token from slot 5
[2022-12-14 11:05:42] [SEVERE ] setting player 3 freeze to -106
[2022-12-14 11:05:42] [SEVERE ] setting player 2 freeze to 0
[2022-12-14 11:05:42] [SEVERE ] removing player 2 token from slot 3
[2022-12-14 11:05:42] [SEVERE ] player 1 placing token on slot 5
[2022-12-14 11:05:42] [SEVERE ] player 0 placing token on slot 4
[2022-12-14 11:05:42] [SEVERE ] player 3 placing token on slot 9
[2022-12-14 11:05:42] [SEVERE ] setting player 2 freeze to -110
[2022-12-14 11:05:42] [SEVERE ] removing player 1 token from slot 5
[2022-12-14 11:05:42] [SEVERE ] removing player 0 token from slot 4
[2022-12-14 11:05:42] [SEVERE ] setting player 0 freeze to 0
[2022-12-14 11:05:42] [SEVERE ] removing player 3 token from slot 9
[2022-12-14 11:05:42] [SEVERE ] player 2 placing token on slot 9
[2022-12-14 11:05:42] [SEVERE ] removing player 1 token from slot 4
[2022-12-14 11:05:42] [SEVERE ] player 0 placing token on slot 0
[2022-12-14 11:05:42] [SEVERE ] setting player 0 freeze to -104
[2022-12-14 11:05:42] [SEVERE ] player 3 placing token on slot 3
[2022-12-14 11:05:42] [SEVERE ] setting player 3 freeze to 0
[2022-12-14 11:05:42] [SEVERE ] removing player 2 token from slot 9
[2022-12-14 11:05:42] [SEVERE ] player 1 placing token on slot 6
[2022-12-14 11:05:42] [SEVERE ] removing player 0 token from slot 2
[2022-12-14 11:05:42] [SEVERE ] setting player 3 freeze to -107
[2022-12-14 11:05:42] [SEVERE ] removing player 3 token from slot 3
[2022-12-14 11:05:42] [SEVERE ] removing player 2 token from slot 8
[2022-12-14 11:05:42] [SEVERE ] removing player 1 token from slot 8
[2022-12-14 11:05:42] [SEVERE ] player 0 placing token on slot 2
[2022-12-14 11:05:42] [SEVERE ] setting player 0 freeze to 0
[2022-12-14 11:05:42] [SEVERE ] player 3 placing token on slot 10
[2022-12-14 11:05:42] [SEVERE ] player 2 placing token on slot 9
[2022-12-14 11:05:42] [SEVERE ] removing player 0 token from slot 0
[2022-12-14 11:05:42] [SEVERE ] player 1 placing token on slot 1
[2022-12-14 11:05:42] [SEVERE ] setting player 0 freeze to -107
[2022-12-14 11:05:42] [SEVERE ] removing player 3 token from slot 10
[2022-12-14 11:05:43] [SEVERE ] removing player 2 token from slot 11
[2022-12-14 11:05:43] [SEVERE ] player 1 placing token on slot 11
[2022-12-14 11:05:43] [SEVERE ] player 0 placing token on slot 5
[2022-12-14 11:05:43] [SEVERE ] setting player 1 freeze to 0
[2022-12-14 11:05:43] [SEVERE ] player 3 placing token on slot 5
[2022-12-14 11:05:43] [SEVERE ] setting player 3 freeze to 0
[2022-12-14 11:05:43] [SEVERE ] player 2 placing token on slot 8
[2022-12-14 11:05:43] [SEVERE ] removing player 1 token from slot 6
[2022-12-14 11:05:43] [SEVERE ] removing player 0 token from slot 5
[2022-12-14 11:05:43] [SEVERE ] setting player 1 freeze to -110
[2022-12-14 11:05:43] [SEVERE ] removing player 3 token from slot 0
[2022-12-14 11:05:43] [SEVERE ] setting player 3 freeze to -111
[2022-12-14 11:05:43] [SEVERE ] removing player 2 token from slot 9
[2022-12-14 11:05:43] [SEVERE ] player 0 placing token on slot 1
[2022-12-14 11:05:43] [SEVERE ] player 1 placing token on slot 6
[2022-12-14 11:05:43] [SEVERE ] setting player 0 freeze to 0
[2022-12-14 11:05:43] [SEVERE ] removing player 3 token from slot 1
[2022-12-14 11:05:43] [SEVERE ] player 2 placing token on slot 7
[2022-12-14 11:05:43] [SEVERE ] removing player 0 token from slot 8
[2022-12-14 11:05:43] [SEVERE ] removing player 1 token from slot 11
[2022-12-14 11:05:43] [SEVERE ] setting player 0 freeze to -108
[2022-12-14 11:05:43] [SEVERE ] player 3 placing token on slot 10
[2022-12-14 11:05:43] [SEVERE ] player 2 placing token on slot 5
[2022-12-14 11:05:43] [SEVERE ] setting player 2 freeze to 0
[2022-12-14 11:05:43] [SEVERE ] removing player 1 token from slot 6
[2022-12-14 11:05:43] [SEVERE ] player 0 placing token on slot 7
[2022-12-14 11:05:43] [SEVERE ] player 3 placing token on slot 1
[2022-12-14 11:05:43] [SEVERE ] removing player 2 token from slot 5
[2022-12-14 11:05:43] [SEVERE ] setting player 2 freeze to -110
[2022-12-14 11:05:43] [SEVERE ] player 1 placing token on slot 9
[2022-12-14 11:05:43] [SEVERE ] removing player 0 token from slot 7
[2022-12-14 11:05:43] [SEVERE ] removing player 3 token from slot 5
[2022-12-14 11:05:43] [SEVERE ] setting player 3 freeze to 0
[2022-12-14 11:05:43] [SEVERE ] player 2 placing token on slot 11
[2022-12-14 11:05:43] [SEVERE ] player 1 placing token on slot 3
[2022-12-14 11:05:43] [SEVERE ] player 0 placing token on slot 10
[2022-12-14 11:05:43] [SEVERE ] setting player 1 freeze to 0
[2022-12-14 11:05:43] [SEVERE ] setting player 0 freeze to 0
[2022-12-14 11:05:43] [SEVERE ] player 3 placing token on slot 11
[2022-12-14 11:05:43] [SEVERE ] setting player 3 freeze to -108
[2022-12-14 11:05:43] [SEVERE ] removing player 2 token from slot 11
[2022-12-14 11:05:43] [SEVERE ] removing player 1 token from slot 3
[2022-12-14 11:05:43] [SEVERE ] removing player 0 token from slot 10
[2022-12-14 11:05:43] [SEVERE ] setting player 1 freeze to -102
[2022-12-14 11:05:43] [SEVERE ] setting player 0 freeze to -107
[2022-12-14 11:05:43] [SEVERE ] removing player 3 token from slot 1
[2022-12-14 11:05:43] [SEVERE ] player 2 placing token on slot 0
[2022-12-14 11:05:43] [SEVERE ] setting player 2 freeze to 0
[2022-12-14 11:05:43] [SEVERE ] player 1 placing token on slot 3
[2022-12-14 11:05:43] [SEVERE ] removing player 3 token from slot 10
[2022-12-14 11:05:43] [SEVERE ] player 0 placing token on slot 11
[2022-12-14 11:05:43] [SEVERE ] removing player 2 token from slot 8
[2022-12-14 11:05:44] [SEVERE ] setting player 2 freeze to -108
[2022-12-14 11:05:44] [SEVERE ] removing player 1 token from slot 9
[2022-12-14 11:05:44] [SEVERE ] setting player 1 freeze to 0
[2022-12-14 11:05:44] [SEVERE ] removing player 0 token from slot 11
[2022-12-14 11:05:44] [SEVERE ] player 3 placing token on slot 0
[2022-12-14 11:05:44] [SEVERE ] player 2 placing token on slot 9
[2022-12-14 11:05:44] [SEVERE ] player 1 placing token on slot 4
[2022-12-14 11:05:44] [SEVERE ] setting player 1 freeze to -108
[2022-12-14 11:05:44] [SEVERE ] player 0 placing token on slot 6
[2022-12-14 11:05:44] [SEVERE ] player 3 placing token on slot 7
[2022-12-14 11:05:44] [SEVERE ] setting player 0 freeze to 0
[2022-12-14 11:05:44] [SEVERE ] removing player 2 token from slot 0
[2022-12-14 11:05:44] [SEVERE ] setting player 2 freeze to 0
[2022-12-14 11:05:44] [SEVERE ] removing player 1 token from slot 4
[2022-12-14 11:05:44] [SEVERE ] removing player 0 token from slot 1
[2022-12-14 11:05:44] [SEVERE ] setting player 3 freeze to 0
[2022-12-14 11:05:44] [SEVERE ] setting player 0 freeze to -107
[2022-12-14 11:05:44] [SEVERE ] removing player 3 token from slot 11
[2022-12-14 11:05:44] [SEVERE ] player 2 placing token on slot 0
[2022-12-14 11:05:44] [SEVERE ] setting player 2 freeze to -107
[2022-12-14 11:05:44] [SEVERE ] player 1 placing token on slot 8
[2022-12-14 11:05:44] [SEVERE ] setting player 3 freeze to -107
[2022-12-14 11:05:44] [SEVERE ] player 0 placing token on slot 4
[2022-12-14 11:05:44] [SEVERE ] removing player 2 token from slot 7
[2022-12-14 11:05:44] [SEVERE ] removing player 1 token from slot 1
[2022-12-14 11:05:44] [SEVERE ] player 3 placing token on slot 4
[2022-12-14 11:05:44] [SEVERE ] removing player 0 token from slot 6
[2022-12-14 11:05:44] [SEVERE ] removing player 2 token from slot 9
[2022-12-14 11:05:44] [SEVERE ] player 1 placing token on slot 2
[2022-12-14 11:05:44] [SEVERE ] setting player 1 freeze to 0
[2022-12-14 11:05:44] [SEVERE ] removing player 3 token from slot 7
[2022-12-14 11:05:44] [SEVERE ] player 0 placing token on slot 6
[2022-12-14 11:05:44] [SEVERE ] removing player 2 token from slot 0
[2022-12-14 11:05:44] [SEVERE ] removing player 1 token from slot 3
[2022-12-14 11:05:44] [SEVERE ] setting player 1 freeze to -110
[2022-12-14 11:05:44] [SEVERE ] player 3 placing token on slot 10
[2022-12-14 11:05:44] [SEVERE ] setting player 3 freeze to 0
[2022-12-14 11:05:44] [SEVERE ] removing player 0 token from slot 4
[2022-12-14 11:05:44] [SEVERE ] player 2 placing token on slot 7
[2022-12-14 11:05:44] [SEVERE ] player 1 placing token on slot 11
[2022-12-14 11:05:44] [SEVERE ] removing player 3 token from slot 0
[2022-12-14 11:05:44] [SEVERE ] setting player 3 freeze to -105
[2022-12-14 11:05:44] [SEVERE ] player 0 placing token on slot 1
[2022-12-14 11:05:44] [SEVERE ] setting player 0 freeze to 0
[2022-12-14 11:05:44] [SEVERE ] player 2 placing token on slot 10
[2022-12-14 11:05:44] [SEVERE ] removing player 1 token from slot 2
[2022-12-14 11:05:44] [SEVERE ] removing player 3 token from slot 4
[2022-12-14 11:05:44] [SEVERE ] removing player 0 token from slot 6
[2022-12-14 11:05:44] [SEVERE ] setting player 0 freeze to -108
[2022-12-14 11:05:44] [SEVERE ] removing player 2 token from slot 7
[2022-12-14 11:05:45] [SEVERE ] player 1 placing token on slot 5
[2022-12-14 11:05:45] [SEVERE ] setting player 1 freeze to 0
[2022-12-14 11:05:45] [SEVERE ] player 3 placing token on slot 3
[2022-12-14 11:05:45] [SEVERE ] player 0 placing token on slot 9
[2022-12-14 11:05:45] [SEVERE ] removing player 2 token from slot 10
[2022-12-14 11:05:45] [SEVERE ] removing player 1 token from slot 8
[2022-12-14 11:05:45] [SEVERE ] setting player 1 freeze to -108
[2022-12-14 11:05:45] [SEVERE ] player 3 placing token on slot 7
[2022-12-14 11:05:45] [SEVERE ] removing player 0 token from slot 1
[2022-12-14 11:05:45] [SEVERE ] player 2 placing token on slot 9
[2022-12-14 11:05:45] [SEVERE ] player 1 placing token on slot 3
[2022-12-14 11:05:45] [SEVERE ] removing player 3 token from slot 10
[2022-12-14 11:05:45] [SEVERE ] player 0 placing token on slot 3
[2022-12-14 11:05:45] [SEVERE ] player 2 placing token on slot 10
[2022-12-14 11:05:45] [SEVERE ] setting player 0 freeze to 0
[2022-12-14 11:05:45] [SEVERE ] removing player 1 token from slot 3
[2022-12-14 11:05:45] [SEVERE ] setting player 1 freeze to 0
[2022-12-14 11:05:45] [SEVERE ] player 3 placing token on slot 0
[2022-12-14 11:05:45] [SEVERE ] removing player 0 token from slot 3
[2022-12-14 11:05:45] [SEVERE ] removing player 2 token from slot 10
[2022-12-14 11:05:45] [SEVERE ] setting player 0 freeze to -109
[2022-12-14 11:05:45] [SEVERE ] player 1 placing token on slot 7
[2022-12-14 11:05:45] [SEVERE ] setting player 1 freeze to -109
[2022-12-14 11:05:45] [SEVERE ] removing player 3 token from slot 3
[2022-12-14 11:05:45] [SEVERE ] player 2 placing token on slot 11
[2022-12-14 11:05:45] [SEVERE ] player 0 placing token on slot 5
[2022-12-14 11:05:45] [SEVERE ] Exit button pressed
[2022-12-14 11:05:45] [SEVERE ] removing player 1 token from slot 11
[2022-12-14 11:05:45] [SEVERE ] player 3 placing token on slot 5
[2022-12-14 11:05:45] [SEVERE ] setting player 3 freeze to 0
[2022-12-14 11:05:45] [SEVERE ] player 2 placing token on slot 10
[2022-12-14 11:05:45] [SEVERE ] removing player 0 token from slot 2
[2022-12-14 11:05:45] [SEVERE ] setting player 0 freeze to 0
[2022-12-14 11:05:45] [SEVERE ] setting player 2 freeze to 0
[2022-12-14 11:05:45] [SEVERE ] setting player 3 freeze to -108
[2022-12-14 11:05:45] [SEVERE ] setting player 0 freeze to -109
[2022-12-14 11:05:45] [SEVERE ] setting player 2 freeze to -109
[2022-12-14 11:05:45] [SEVERE ] removing card from slot 0
[2022-12-14 11:05:45] [SEVERE ] removing card from slot 1
[2022-12-14 11:05:46] [SEVERE ] removing card from slot 2
[2022-12-14 11:05:46] [SEVERE ] removing card from slot 3
[2022-12-14 11:05:46] [SEVERE ] removing card from slot 4
[2022-12-14 11:05:46] [SEVERE ] removing card from slot 5
[2022-12-14 11:05:46] [SEVERE ] removing card from slot 6
[2022-12-14 11:05:46] [SEVERE ] removing card from slot 7
[2022-12-14 11:05:46] [SEVERE ] removing card from slot 8
[2022-12-14 11:05:46] [SEVERE ] removing card from slot 9
[2022-12-14 11:05:46] [SEVERE ] removing card from slot 10
[2022-12-14 11:05:46] [SEVERE ] removing card from slot 11
[2022-12-14 11:05:46] [SEVERE ] removing player 0 token from slot 9
[2022-12-14 11:05:46] [SEVERE ] removing player 0 token from slot 5
[2022-12-14 11:05:46] [SEVERE ] removing player 1 token from slot 5
[2022-12-14 11:05:46] [SEVERE ] removing player 1 token from slot 7
[2022-12-14 11:05:46] [SEVERE ] removing player 2 token from slot 9
[2022-12-14 11:05:46] [SEVERE ] removing player 2 token from slot 11
[2022-12-14 11:05:46] [SEVERE ] removing player 2 token from slot 10
[2022-12-14 11:05:46] [SEVERE ] removing player 3 token from slot 7
[2022-12-14 11:05:46] [SEVERE ] removing player 3 token from slot 0
[2022-12-14 11:05:46] [SEVERE ] removing player 3 token from slot 5
[2022-12-14 11:05:46] [SEVERE ] announcing winners: [3, 2, 1, 0]
[2022-12-14 11:05:46] [INFO   ] Thread main terminated.
