[2022-12-11 19:11:08] [INFO   ] cannot read configuration file config.properties trying from resources.
[2022-12-11 19:11:08] [INFO   ] configuration file was loaded from resources directory.
[2022-12-11 19:11:09] [SEVERE ] placing card 13 in slot 7
[2022-12-11 19:11:09] [SEVERE ] placing card 7 in slot 8
[2022-12-11 19:11:09] [SEVERE ] placing card 62 in slot 5
[2022-12-11 19:11:09] [SEVERE ] placing card 36 in slot 4
[2022-12-11 19:11:09] [SEVERE ] placing card 35 in slot 9
[2022-12-11 19:11:09] [SEVERE ] placing card 30 in slot 0
[2022-12-11 19:11:10] [SEVERE ] placing card 68 in slot 6
[2022-12-11 19:11:10] [SEVERE ] placing card 29 in slot 1
[2022-12-11 19:11:10] [SEVERE ] placing card 52 in slot 2
[2022-12-11 19:11:10] [SEVERE ] placing card 48 in slot 11
[2022-12-11 19:11:10] [SEVERE ] placing card 18 in slot 10
[2022-12-11 19:11:10] [SEVERE ] placing card 11 in slot 3
[2022-12-11 19:11:10] [SEVERE ] player 1 placing token on slot 6
[2022-12-11 19:11:10] [SEVERE ] player 2 placing token on slot 6
[2022-12-11 19:11:10] [SEVERE ] player 0 placing token on slot 7
[2022-12-11 19:11:10] [SEVERE ] player 3 placing token on slot 2
[2022-12-11 19:11:10] [SEVERE ] player 0 placing token on slot 10
[2022-12-11 19:11:10] [SEVERE ] player 1 placing token on slot 0
[2022-12-11 19:11:10] [SEVERE ] player 2 placing token on slot 10
[2022-12-11 19:11:10] [SEVERE ] player 3 placing token on slot 11
[2022-12-11 19:11:10] [SEVERE ] player 1 placing token on slot 3
[2022-12-11 19:11:10] [SEVERE ] player 0 placing token on slot 11
[2022-12-11 19:11:10] [SEVERE ] player 3 placing token on slot 7
[2022-12-11 19:11:10] [SEVERE ] player 2 placing token on slot 9
[2022-12-11 19:11:11] [SEVERE ] setting player 0 freeze to 5000
[2022-12-11 19:11:11] [SEVERE ] setting player 2 freeze to 5000
[2022-12-11 19:11:11] [SEVERE ] setting player 1 freeze to 5000
[2022-12-11 19:11:11] [SEVERE ] setting player 3 freeze to 5000
[2022-12-11 19:11:11] [SEVERE ] removing player 1 token from slot 6
[2022-12-11 19:11:11] [SEVERE ] removing player 3 token from slot 11
[2022-12-11 19:11:11] [SEVERE ] removing player 2 token from slot 10
[2022-12-11 19:11:11] [SEVERE ] removing player 0 token from slot 11
[2022-12-11 19:11:11] [SEVERE ] setting player 2 freeze to 4897
[2022-12-11 19:11:11] [SEVERE ] setting player 0 freeze to 4895
[2022-12-11 19:11:11] [SEVERE ] setting player 1 freeze to 4886
[2022-12-11 19:11:11] [SEVERE ] setting player 3 freeze to 4896
[2022-12-11 19:11:11] [SEVERE ] setting player 2 freeze to 4787
[2022-12-11 19:11:11] [SEVERE ] setting player 0 freeze to 4785
[2022-12-11 19:11:11] [SEVERE ] setting player 1 freeze to 4786
[2022-12-11 19:11:11] [SEVERE ] setting player 3 freeze to 4786
[2022-12-11 19:11:11] [SEVERE ] setting player 0 freeze to 4676
[2022-12-11 19:11:11] [SEVERE ] setting player 1 freeze to 4682
[2022-12-11 19:11:11] [SEVERE ] setting player 2 freeze to 4678
[2022-12-11 19:11:11] [SEVERE ] setting player 3 freeze to 4677
[2022-12-11 19:11:11] [SEVERE ] setting player 0 freeze to 4574
[2022-12-11 19:11:11] [SEVERE ] setting player 1 freeze to 4572
[2022-12-11 19:11:11] [SEVERE ] setting player 2 freeze to 4568
[2022-12-11 19:11:11] [SEVERE ] setting player 3 freeze to 4567
[2022-12-11 19:11:11] [SEVERE ] setting player 0 freeze to 4472
[2022-12-11 19:11:11] [SEVERE ] setting player 1 freeze to 4463
[2022-12-11 19:11:11] [SEVERE ] setting player 2 freeze to 4459
[2022-12-11 19:11:11] [SEVERE ] setting player 3 freeze to 4458
[2022-12-11 19:11:11] [SEVERE ] setting player 0 freeze to 4363
[2022-12-11 19:11:11] [SEVERE ] setting player 2 freeze to 4349
[2022-12-11 19:11:11] [SEVERE ] setting player 1 freeze to 4353
[2022-12-11 19:11:11] [SEVERE ] setting player 3 freeze to 4348
[2022-12-11 19:11:11] [SEVERE ] setting player 0 freeze to 4254
[2022-12-11 19:11:11] [SEVERE ] setting player 1 freeze to 4245
[2022-12-11 19:11:11] [SEVERE ] setting player 2 freeze to 4241
[2022-12-11 19:11:11] [SEVERE ] setting player 3 freeze to 4240
[2022-12-11 19:11:11] [SEVERE ] setting player 0 freeze to 4145
[2022-12-11 19:11:11] [SEVERE ] setting player 2 freeze to 4131
[2022-12-11 19:11:11] [SEVERE ] setting player 1 freeze to 4135
[2022-12-11 19:11:11] [SEVERE ] setting player 3 freeze to 4130
[2022-12-11 19:11:11] [SEVERE ] setting player 0 freeze to 4035
[2022-12-11 19:11:11] [SEVERE ] setting player 2 freeze to 4021
[2022-12-11 19:11:11] [SEVERE ] setting player 1 freeze to 4025
[2022-12-11 19:11:12] [SEVERE ] setting player 3 freeze to 4020
[2022-12-11 19:11:12] [SEVERE ] setting player 0 freeze to 3924
[2022-12-11 19:11:12] [SEVERE ] setting player 2 freeze to 3911
[2022-12-11 19:11:12] [SEVERE ] setting player 1 freeze to 3915
[2022-12-11 19:11:12] [SEVERE ] setting player 3 freeze to 3910
[2022-12-11 19:11:12] [SEVERE ] setting player 0 freeze to 3814
[2022-12-11 19:11:12] [SEVERE ] setting player 2 freeze to 3801
[2022-12-11 19:11:12] [SEVERE ] setting player 1 freeze to 3805
[2022-12-11 19:11:12] [SEVERE ] setting player 3 freeze to 3800
[2022-12-11 19:11:12] [SEVERE ] setting player 0 freeze to 3706
[2022-12-11 19:11:12] [SEVERE ] setting player 1 freeze to 3697
[2022-12-11 19:11:12] [SEVERE ] setting player 2 freeze to 3693
[2022-12-11 19:11:12] [SEVERE ] setting player 3 freeze to 3692
[2022-12-11 19:11:12] [SEVERE ] setting player 0 freeze to 3598
[2022-12-11 19:11:12] [SEVERE ] setting player 2 freeze to 3584
[2022-12-11 19:11:12] [SEVERE ] setting player 1 freeze to 3588
[2022-12-11 19:11:12] [SEVERE ] setting player 3 freeze to 3583
[2022-12-11 19:11:12] [SEVERE ] setting player 0 freeze to 3487
[2022-12-11 19:11:12] [SEVERE ] setting player 1 freeze to 3477
[2022-12-11 19:11:12] [SEVERE ] setting player 2 freeze to 3473
[2022-12-11 19:11:12] [SEVERE ] setting player 3 freeze to 3472
[2022-12-11 19:11:12] [SEVERE ] setting player 0 freeze to 3377
[2022-12-11 19:11:12] [SEVERE ] setting player 1 freeze to 3367
[2022-12-11 19:11:12] [SEVERE ] setting player 2 freeze to 3363
[2022-12-11 19:11:12] [SEVERE ] setting player 3 freeze to 3363
[2022-12-11 19:11:12] [SEVERE ] setting player 0 freeze to 3268
[2022-12-11 19:11:12] [SEVERE ] setting player 2 freeze to 3254
[2022-12-11 19:11:12] [SEVERE ] setting player 1 freeze to 3258
[2022-12-11 19:11:12] [SEVERE ] setting player 3 freeze to 3254
[2022-12-11 19:11:12] [SEVERE ] setting player 0 freeze to 3159
[2022-12-11 19:11:12] [SEVERE ] setting player 1 freeze to 3149
[2022-12-11 19:11:12] [SEVERE ] setting player 2 freeze to 3145
[2022-12-11 19:11:12] [SEVERE ] setting player 3 freeze to 3144
[2022-12-11 19:11:12] [SEVERE ] setting player 0 freeze to 3049
[2022-12-11 19:11:12] [SEVERE ] setting player 2 freeze to 3036
[2022-12-11 19:11:12] [SEVERE ] setting player 1 freeze to 3040
[2022-12-11 19:11:12] [SEVERE ] setting player 3 freeze to 3035
[2022-12-11 19:11:13] [SEVERE ] setting player 0 freeze to 2939
[2022-12-11 19:11:13] [SEVERE ] setting player 1 freeze to 2929
[2022-12-11 19:11:13] [SEVERE ] setting player 2 freeze to 2925
[2022-12-11 19:11:13] [SEVERE ] setting player 3 freeze to 2925
[2022-12-11 19:11:13] [SEVERE ] setting player 0 freeze to 2830
[2022-12-11 19:11:13] [SEVERE ] setting player 2 freeze to 2816
[2022-12-11 19:11:13] [SEVERE ] setting player 1 freeze to 2820
[2022-12-11 19:11:13] [SEVERE ] setting player 3 freeze to 2815
[2022-12-11 19:11:13] [SEVERE ] setting player 0 freeze to 2719
[2022-12-11 19:11:13] [SEVERE ] setting player 2 freeze to 2705
[2022-12-11 19:11:13] [SEVERE ] setting player 1 freeze to 2709
[2022-12-11 19:11:13] [SEVERE ] setting player 3 freeze to 2704
[2022-12-11 19:11:13] [SEVERE ] setting player 0 freeze to 2608
[2022-12-11 19:11:13] [SEVERE ] setting player 2 freeze to 2594
[2022-12-11 19:11:13] [SEVERE ] setting player 1 freeze to 2598
[2022-12-11 19:11:13] [SEVERE ] setting player 3 freeze to 2594
[2022-12-11 19:11:13] [SEVERE ] setting player 0 freeze to 2498
[2022-12-11 19:11:13] [SEVERE ] setting player 2 freeze to 2484
[2022-12-11 19:11:13] [SEVERE ] setting player 1 freeze to 2488
[2022-12-11 19:11:13] [SEVERE ] setting player 3 freeze to 2484
[2022-12-11 19:11:13] [SEVERE ] setting player 0 freeze to 2388
[2022-12-11 19:11:13] [SEVERE ] setting player 1 freeze to 2378
[2022-12-11 19:11:13] [SEVERE ] setting player 2 freeze to 2374
[2022-12-11 19:11:13] [SEVERE ] setting player 3 freeze to 2374
[2022-12-11 19:11:13] [SEVERE ] setting player 0 freeze to 2278
[2022-12-11 19:11:13] [SEVERE ] setting player 2 freeze to 2265
[2022-12-11 19:11:13] [SEVERE ] setting player 1 freeze to 2269
[2022-12-11 19:11:13] [SEVERE ] setting player 3 freeze to 2264
[2022-12-11 19:11:13] [SEVERE ] setting player 0 freeze to 2167
[2022-12-11 19:11:13] [SEVERE ] setting player 1 freeze to 2158
[2022-12-11 19:11:13] [SEVERE ] setting player 2 freeze to 2154
[2022-12-11 19:11:13] [SEVERE ] setting player 3 freeze to 2153
[2022-12-11 19:11:13] [SEVERE ] setting player 0 freeze to 2058
[2022-12-11 19:11:13] [SEVERE ] setting player 2 freeze to 2044
[2022-12-11 19:11:13] [SEVERE ] setting player 1 freeze to 2048
[2022-12-11 19:11:13] [SEVERE ] setting player 3 freeze to 2044
[2022-12-11 19:11:14] [SEVERE ] setting player 0 freeze to 1946
[2022-12-11 19:11:14] [SEVERE ] setting player 1 freeze to 1937
[2022-12-11 19:11:14] [SEVERE ] setting player 2 freeze to 1933
[2022-12-11 19:11:14] [SEVERE ] setting player 3 freeze to 1933
[2022-12-11 19:11:14] [SEVERE ] setting player 0 freeze to 1837
[2022-12-11 19:11:14] [SEVERE ] setting player 1 freeze to 1827
[2022-12-11 19:11:14] [SEVERE ] setting player 2 freeze to 1823
[2022-12-11 19:11:14] [SEVERE ] setting player 3 freeze to 1823
[2022-12-11 19:11:14] [SEVERE ] setting player 0 freeze to 1728
[2022-12-11 19:11:14] [SEVERE ] setting player 2 freeze to 1715
[2022-12-11 19:11:14] [SEVERE ] setting player 1 freeze to 1719
[2022-12-11 19:11:14] [SEVERE ] setting player 3 freeze to 1714
[2022-12-11 19:11:14] [SEVERE ] setting player 0 freeze to 1618
[2022-12-11 19:11:14] [SEVERE ] setting player 1 freeze to 1609
[2022-12-11 19:11:14] [SEVERE ] setting player 2 freeze to 1605
[2022-12-11 19:11:14] [SEVERE ] setting player 3 freeze to 1604
[2022-12-11 19:11:14] [SEVERE ] setting player 0 freeze to 1508
[2022-12-11 19:11:14] [SEVERE ] setting player 2 freeze to 1495
[2022-12-11 19:11:14] [SEVERE ] setting player 1 freeze to 1499
[2022-12-11 19:11:14] [SEVERE ] setting player 3 freeze to 1495
[2022-12-11 19:11:14] [SEVERE ] setting player 0 freeze to 1400
[2022-12-11 19:11:14] [SEVERE ] setting player 2 freeze to 1386
[2022-12-11 19:11:14] [SEVERE ] setting player 1 freeze to 1390
[2022-12-11 19:11:14] [SEVERE ] setting player 3 freeze to 1385
[2022-12-11 19:11:14] [SEVERE ] setting player 0 freeze to 1290
[2022-12-11 19:11:14] [SEVERE ] setting player 1 freeze to 1280
[2022-12-11 19:11:14] [SEVERE ] setting player 2 freeze to 1276
[2022-12-11 19:11:14] [SEVERE ] setting player 3 freeze to 1260
[2022-12-11 19:11:14] [SEVERE ] setting player 0 freeze to 1180
[2022-12-11 19:11:14] [SEVERE ] setting player 1 freeze to 1171
[2022-12-11 19:11:14] [SEVERE ] setting player 2 freeze to 1167
[2022-12-11 19:11:14] [SEVERE ] setting player 3 freeze to 1151
[2022-12-11 19:11:14] [SEVERE ] setting player 0 freeze to 1071
[2022-12-11 19:11:14] [SEVERE ] setting player 2 freeze to 1058
[2022-12-11 19:11:14] [SEVERE ] setting player 1 freeze to 1062
[2022-12-11 19:11:14] [SEVERE ] setting player 3 freeze to 1042
[2022-12-11 19:11:15] [SEVERE ] setting player 0 freeze to 962
[2022-12-11 19:11:15] [SEVERE ] setting player 2 freeze to 949
[2022-12-11 19:11:15] [SEVERE ] setting player 1 freeze to 953
[2022-12-11 19:11:15] [SEVERE ] setting player 3 freeze to 932
[2022-12-11 19:11:15] [SEVERE ] setting player 0 freeze to 853
[2022-12-11 19:11:15] [SEVERE ] setting player 2 freeze to 839
[2022-12-11 19:11:15] [SEVERE ] setting player 1 freeze to 843
[2022-12-11 19:11:15] [SEVERE ] setting player 3 freeze to 823
[2022-12-11 19:11:15] [SEVERE ] setting player 0 freeze to 744
[2022-12-11 19:11:15] [SEVERE ] setting player 2 freeze to 730
[2022-12-11 19:11:15] [SEVERE ] setting player 1 freeze to 734
[2022-12-11 19:11:15] [SEVERE ] setting player 3 freeze to 713
[2022-12-11 19:11:15] [SEVERE ] setting player 0 freeze to 633
[2022-12-11 19:11:15] [SEVERE ] setting player 1 freeze to 624
[2022-12-11 19:11:15] [SEVERE ] setting player 2 freeze to 620
[2022-12-11 19:11:15] [SEVERE ] setting player 3 freeze to 604
[2022-12-11 19:11:15] [SEVERE ] setting player 0 freeze to 525
[2022-12-11 19:11:15] [SEVERE ] setting player 2 freeze to 512
[2022-12-11 19:11:15] [SEVERE ] setting player 1 freeze to 516
[2022-12-11 19:11:15] [SEVERE ] setting player 3 freeze to 496
[2022-12-11 19:11:15] [SEVERE ] setting player 0 freeze to 416
[2022-12-11 19:11:15] [SEVERE ] setting player 1 freeze to 407
[2022-12-11 19:11:15] [SEVERE ] setting player 2 freeze to 403
[2022-12-11 19:11:15] [SEVERE ] setting player 3 freeze to 386
[2022-12-11 19:11:15] [SEVERE ] setting player 0 freeze to 306
[2022-12-11 19:11:15] [SEVERE ] setting player 1 freeze to 297
[2022-12-11 19:11:15] [SEVERE ] setting player 2 freeze to 293
[2022-12-11 19:11:15] [SEVERE ] setting player 3 freeze to 277
[2022-12-11 19:11:15] [SEVERE ] setting player 0 freeze to 198
[2022-12-11 19:11:15] [SEVERE ] setting player 1 freeze to 188
[2022-12-11 19:11:15] [SEVERE ] setting player 2 freeze to 184
[2022-12-11 19:11:15] [SEVERE ] setting player 3 freeze to 168
[2022-12-11 19:11:15] [SEVERE ] setting player 0 freeze to 90
[2022-12-11 19:11:15] [SEVERE ] setting player 1 freeze to 80
[2022-12-11 19:11:15] [SEVERE ] setting player 2 freeze to 76
[2022-12-11 19:11:15] [SEVERE ] setting player 3 freeze to 60
[2022-12-11 19:11:16] [SEVERE ] setting player 0 freeze to -19
[2022-12-11 19:11:16] [SEVERE ] setting player 2 freeze to -33
[2022-12-11 19:11:16] [SEVERE ] setting player 1 freeze to -29
[2022-12-11 19:11:16] [SEVERE ] setting player 3 freeze to -50
[2022-12-11 19:11:16] [SEVERE ] player 2 placing token on slot 8
[2022-12-11 19:11:16] [SEVERE ] player 0 placing token on slot 8
[2022-12-11 19:11:16] [SEVERE ] player 1 placing token on slot 9
[2022-12-11 19:11:16] [SEVERE ] player 3 placing token on slot 6
[2022-12-11 19:11:16] [SEVERE ] setting player 0 freeze to 5000
[2022-12-11 19:11:16] [SEVERE ] removing player 2 token from slot 9
[2022-12-11 19:11:16] [SEVERE ] removing player 0 token from slot 7
[2022-12-11 19:11:16] [SEVERE ] removing player 1 token from slot 0
[2022-12-11 19:11:16] [SEVERE ] setting player 2 freeze to 5000
[2022-12-11 19:11:16] [SEVERE ] setting player 1 freeze to 5000
[2022-12-11 19:11:16] [SEVERE ] setting player 3 freeze to 5000
[2022-12-11 19:11:16] [SEVERE ] removing player 3 token from slot 2
[2022-12-11 19:11:16] [SEVERE ] setting player 0 freeze to 4891
[2022-12-11 19:11:16] [SEVERE ] player 2 placing token on slot 11
[2022-12-11 19:11:16] [SEVERE ] setting player 2 freeze to 4895
[2022-12-11 19:11:16] [SEVERE ] player 1 placing token on slot 8
[2022-12-11 19:11:16] [SEVERE ] setting player 1 freeze to 4889
[2022-12-11 19:11:16] [SEVERE ] setting player 3 freeze to 4891
[2022-12-11 19:11:16] [SEVERE ] setting player 0 freeze to 4782
[2022-12-11 19:11:16] [SEVERE ] setting player 2 freeze to 4785
[2022-12-11 19:11:16] [SEVERE ] setting player 1 freeze to 4780
[2022-12-11 19:11:16] [SEVERE ] setting player 3 freeze to 4781
[2022-12-11 19:11:16] [SEVERE ] setting player 0 freeze to 4672
[2022-12-11 19:11:16] [SEVERE ] setting player 2 freeze to 4675
[2022-12-11 19:11:16] [SEVERE ] setting player 1 freeze to 4669
[2022-12-11 19:11:16] [SEVERE ] setting player 3 freeze to 4671
[2022-12-11 19:11:16] [SEVERE ] setting player 0 freeze to 4562
[2022-12-11 19:11:16] [SEVERE ] setting player 2 freeze to 4565
[2022-12-11 19:11:16] [SEVERE ] setting player 1 freeze to 4560
[2022-12-11 19:11:16] [SEVERE ] setting player 3 freeze to 4561
[2022-12-11 19:11:16] [SEVERE ] setting player 0 freeze to 4453
[2022-12-11 19:11:16] [SEVERE ] setting player 2 freeze to 4455
[2022-12-11 19:11:16] [SEVERE ] setting player 1 freeze to 4449
[2022-12-11 19:11:16] [SEVERE ] setting player 3 freeze to 4451
[2022-12-11 19:11:16] [SEVERE ] setting player 0 freeze to 4341
[2022-12-11 19:11:16] [SEVERE ] setting player 2 freeze to 4345
[2022-12-11 19:11:16] [SEVERE ] setting player 1 freeze to 4339
[2022-12-11 19:11:16] [SEVERE ] setting player 3 freeze to 4340
[2022-12-11 19:11:17] [SEVERE ] setting player 0 freeze to 4231
[2022-12-11 19:11:17] [SEVERE ] setting player 2 freeze to 4234
[2022-12-11 19:11:17] [SEVERE ] setting player 1 freeze to 4229
[2022-12-11 19:11:17] [SEVERE ] setting player 3 freeze to 4230
[2022-12-11 19:11:17] [SEVERE ] setting player 0 freeze to 4120
[2022-12-11 19:11:17] [SEVERE ] setting player 2 freeze to 4124
[2022-12-11 19:11:17] [SEVERE ] setting player 1 freeze to 4118
[2022-12-11 19:11:17] [SEVERE ] setting player 3 freeze to 4120
[2022-12-11 19:11:17] [SEVERE ] setting player 0 freeze to 4011
[2022-12-11 19:11:17] [SEVERE ] setting player 2 freeze to 4014
[2022-12-11 19:11:17] [SEVERE ] setting player 1 freeze to 4009
[2022-12-11 19:11:17] [SEVERE ] setting player 3 freeze to 4010
[2022-12-11 19:11:17] [SEVERE ] setting player 0 freeze to 3900
[2022-12-11 19:11:17] [SEVERE ] setting player 2 freeze to 3904
[2022-12-11 19:11:17] [SEVERE ] setting player 1 freeze to 3899
[2022-12-11 19:11:17] [SEVERE ] setting player 3 freeze to 3900
[2022-12-11 19:11:17] [SEVERE ] setting player 0 freeze to 3791
[2022-12-11 19:11:17] [SEVERE ] setting player 2 freeze to 3795
[2022-12-11 19:11:17] [SEVERE ] setting player 1 freeze to 3773
[2022-12-11 19:11:17] [SEVERE ] setting player 3 freeze to 3790
[2022-12-11 19:11:17] [SEVERE ] setting player 0 freeze to 3683
[2022-12-11 19:11:17] [SEVERE ] setting player 2 freeze to 3686
[2022-12-11 19:11:17] [SEVERE ] setting player 1 freeze to 3665
[2022-12-11 19:11:17] [SEVERE ] setting player 3 freeze to 3682
[2022-12-11 19:11:17] [SEVERE ] setting player 0 freeze to 3573
[2022-12-11 19:11:17] [SEVERE ] setting player 2 freeze to 3576
[2022-12-11 19:11:17] [SEVERE ] setting player 1 freeze to 3554
[2022-12-11 19:11:17] [SEVERE ] setting player 3 freeze to 3571
[2022-12-11 19:11:17] [SEVERE ] setting player 0 freeze to 3463
[2022-12-11 19:11:17] [SEVERE ] setting player 2 freeze to 3466
[2022-12-11 19:11:17] [SEVERE ] setting player 3 freeze to 3462
[2022-12-11 19:11:17] [SEVERE ] setting player 1 freeze to 3445
[2022-12-11 19:11:17] [SEVERE ] setting player 0 freeze to 3353
[2022-12-11 19:11:17] [SEVERE ] setting player 2 freeze to 3356
[2022-12-11 19:11:17] [SEVERE ] setting player 1 freeze to 3335
[2022-12-11 19:11:17] [SEVERE ] setting player 3 freeze to 3352
[2022-12-11 19:11:18] [SEVERE ] setting player 0 freeze to 3244
[2022-12-11 19:11:18] [SEVERE ] setting player 2 freeze to 3248
[2022-12-11 19:11:18] [SEVERE ] setting player 1 freeze to 3234
[2022-12-11 19:11:18] [SEVERE ] setting player 3 freeze to 3244
[2022-12-11 19:11:18] [SEVERE ] setting player 0 freeze to 3136
[2022-12-11 19:11:18] [SEVERE ] setting player 2 freeze to 3139
[2022-12-11 19:11:18] [SEVERE ] setting player 3 freeze to 3136
[2022-12-11 19:11:18] [SEVERE ] setting player 1 freeze to 3119
[2022-12-11 19:11:18] [SEVERE ] Exit button pressed
[2022-12-11 19:11:18] [SEVERE ] setting player 0 freeze to 3028
[2022-12-11 19:11:18] [SEVERE ] setting player 2 freeze to 3031
[2022-12-11 19:11:18] [SEVERE ] setting player 3 freeze to 3027
[2022-12-11 19:11:18] [SEVERE ] setting player 1 freeze to 3010
[2022-12-11 19:11:18] [SEVERE ] removing card from slot 0
[2022-12-11 19:11:18] [SEVERE ] setting player 0 freeze to 2919
[2022-12-11 19:11:18] [SEVERE ] setting player 2 freeze to 2922
[2022-12-11 19:11:18] [SEVERE ] setting player 3 freeze to 2926
[2022-12-11 19:11:18] [SEVERE ] setting player 1 freeze to 2902
[2022-12-11 19:11:18] [SEVERE ] setting player 0 freeze to 2809
[2022-12-11 19:11:18] [SEVERE ] removing card from slot 1
[2022-12-11 19:11:18] [SEVERE ] setting player 2 freeze to 2812
[2022-12-11 19:11:18] [SEVERE ] setting player 3 freeze to 2823
[2022-12-11 19:11:18] [SEVERE ] setting player 1 freeze to 2791
[2022-12-11 19:11:18] [SEVERE ] setting player 0 freeze to 2707
[2022-12-11 19:11:18] [SEVERE ] removing card from slot 2
[2022-12-11 19:11:18] [SEVERE ] setting player 2 freeze to 2703
[2022-12-11 19:11:18] [SEVERE ] setting player 3 freeze to 2714
[2022-12-11 19:11:18] [SEVERE ] setting player 1 freeze to 2681
[2022-12-11 19:11:18] [SEVERE ] setting player 0 freeze to 2606
[2022-12-11 19:11:18] [SEVERE ] removing card from slot 3
[2022-12-11 19:11:18] [SEVERE ] setting player 2 freeze to 2594
[2022-12-11 19:11:18] [SEVERE ] setting player 3 freeze to 2605
[2022-12-11 19:11:18] [SEVERE ] setting player 1 freeze to 2572
[2022-12-11 19:11:18] [SEVERE ] setting player 0 freeze to 2496
[2022-12-11 19:11:18] [SEVERE ] removing card from slot 4
[2022-12-11 19:11:18] [SEVERE ] setting player 2 freeze to 2484
[2022-12-11 19:11:18] [SEVERE ] setting player 3 freeze to 2495
[2022-12-11 19:11:18] [SEVERE ] setting player 1 freeze to 2463
[2022-12-11 19:11:18] [SEVERE ] setting player 0 freeze to 2388
[2022-12-11 19:11:18] [SEVERE ] removing card from slot 5
[2022-12-11 19:11:18] [SEVERE ] setting player 2 freeze to 2376
[2022-12-11 19:11:18] [SEVERE ] setting player 3 freeze to 2387
[2022-12-11 19:11:18] [SEVERE ] setting player 1 freeze to 2354
[2022-12-11 19:11:18] [SEVERE ] setting player 0 freeze to 2279
[2022-12-11 19:11:18] [SEVERE ] removing card from slot 6
[2022-12-11 19:11:19] [SEVERE ] setting player 2 freeze to 2267
[2022-12-11 19:11:19] [SEVERE ] setting player 3 freeze to 2278
[2022-12-11 19:11:19] [SEVERE ] setting player 1 freeze to 2246
[2022-12-11 19:11:19] [SEVERE ] setting player 0 freeze to 2170
[2022-12-11 19:11:19] [SEVERE ] removing card from slot 7
[2022-12-11 19:11:19] [SEVERE ] setting player 2 freeze to 2156
[2022-12-11 19:11:19] [SEVERE ] setting player 3 freeze to 2168
[2022-12-11 19:11:19] [SEVERE ] setting player 1 freeze to 2135
[2022-12-11 19:11:19] [SEVERE ] setting player 0 freeze to 2060
[2022-12-11 19:11:19] [SEVERE ] removing card from slot 8
[2022-12-11 19:11:19] [SEVERE ] setting player 2 freeze to 2047
[2022-12-11 19:11:19] [SEVERE ] setting player 3 freeze to 2059
[2022-12-11 19:11:19] [SEVERE ] setting player 1 freeze to 2027
[2022-12-11 19:11:19] [SEVERE ] setting player 0 freeze to 1951
[2022-12-11 19:11:19] [SEVERE ] removing card from slot 9
[2022-12-11 19:11:19] [SEVERE ] setting player 2 freeze to 1938
[2022-12-11 19:11:19] [SEVERE ] setting player 3 freeze to 1949
[2022-12-11 19:11:19] [SEVERE ] setting player 1 freeze to 1916
[2022-12-11 19:11:19] [SEVERE ] setting player 0 freeze to 1840
[2022-12-11 19:11:19] [SEVERE ] removing card from slot 10
[2022-12-11 19:11:19] [SEVERE ] setting player 2 freeze to 1828
[2022-12-11 19:11:19] [SEVERE ] setting player 3 freeze to 1839
[2022-12-11 19:11:19] [SEVERE ] setting player 1 freeze to 1806
[2022-12-11 19:11:19] [SEVERE ] setting player 0 freeze to 1731
[2022-12-11 19:11:19] [SEVERE ] removing card from slot 11
[2022-12-11 19:11:19] [SEVERE ] removing player 0 token from slot 10
[2022-12-11 19:11:19] [SEVERE ] removing player 0 token from slot 8
[2022-12-11 19:11:19] [SEVERE ] removing player 1 token from slot 3
[2022-12-11 19:11:19] [SEVERE ] removing player 1 token from slot 9
[2022-12-11 19:11:19] [SEVERE ] removing player 1 token from slot 8
[2022-12-11 19:11:19] [SEVERE ] removing player 2 token from slot 6
[2022-12-11 19:11:19] [SEVERE ] removing player 2 token from slot 8
[2022-12-11 19:11:19] [SEVERE ] removing player 2 token from slot 11
[2022-12-11 19:11:19] [SEVERE ] removing player 3 token from slot 7
[2022-12-11 19:11:19] [SEVERE ] removing player 3 token from slot 6
[2022-12-11 19:11:19] [SEVERE ] announcing winners: [0, 1]
[2022-12-11 19:11:19] [INFO   ] Thread main terminated.
