[2022-12-14 11:38:45] [INFO   ] cannot read configuration file config.properties trying from resources.
[2022-12-14 11:38:45] [INFO   ] configuration file was loaded from resources directory.
[2022-12-14 11:38:47] [SEVERE ] placing card 16 in slot 3
[2022-12-14 11:38:47] [SEVERE ] placing card 46 in slot 10
[2022-12-14 11:38:47] [SEVERE ] placing card 12 in slot 7
[2022-12-14 11:38:47] [SEVERE ] placing card 30 in slot 2
[2022-12-14 11:38:47] [SEVERE ] placing card 5 in slot 6
[2022-12-14 11:38:47] [SEVERE ] placing card 44 in slot 8
[2022-12-14 11:38:47] [SEVERE ] placing card 14 in slot 4
[2022-12-14 11:38:47] [SEVERE ] placing card 61 in slot 5
[2022-12-14 11:38:47] [SEVERE ] placing card 33 in slot 11
[2022-12-14 11:38:48] [SEVERE ] placing card 71 in slot 9
[2022-12-14 11:38:48] [SEVERE ] placing card 48 in slot 0
[2022-12-14 11:38:48] [SEVERE ] placing card 15 in slot 1
[2022-12-14 11:38:49] [SEVERE ] Exit button pressed
[2022-12-14 11:38:50] [SEVERE ] removing card from slot 0
[2022-12-14 11:38:50] [SEVERE ] removing card from slot 1
[2022-12-14 11:38:50] [SEVERE ] removing card from slot 2
[2022-12-14 11:38:50] [SEVERE ] removing card from slot 3
[2022-12-14 11:38:50] [SEVERE ] removing card from slot 4
[2022-12-14 11:38:50] [SEVERE ] removing card from slot 5
[2022-12-14 11:38:51] [SEVERE ] removing card from slot 6
[2022-12-14 11:38:51] [SEVERE ] removing card from slot 7
[2022-12-14 11:38:51] [SEVERE ] removing card from slot 8
[2022-12-14 11:38:51] [SEVERE ] removing card from slot 9
[2022-12-14 11:38:51] [SEVERE ] removing card from slot 10
[2022-12-14 11:38:51] [SEVERE ] removing card from slot 11
[2022-12-14 11:38:51] [SEVERE ] announcing winners: [1, 0]
[2022-12-14 11:38:51] [INFO   ] Thread main terminated.
