[2022-12-11 22:15:16] [INFO   ] cannot read configuration file config.properties trying from resources.
[2022-12-11 22:15:16] [INFO   ] configuration file was loaded from resources directory.
[2022-12-11 22:15:17] [SEVERE ] placing card 56 in slot 7
[2022-12-11 22:15:18] [SEVERE ] placing card 43 in slot 11
[2022-12-11 22:15:18] [SEVERE ] placing card 67 in slot 0
[2022-12-11 22:15:18] [SEVERE ] placing card 15 in slot 3
[2022-12-11 22:15:18] [SEVERE ] placing card 60 in slot 1
[2022-12-11 22:15:18] [SEVERE ] placing card 77 in slot 5
[2022-12-11 22:15:18] [SEVERE ] placing card 59 in slot 10
[2022-12-11 22:15:18] [SEVERE ] placing card 20 in slot 2
[2022-12-11 22:15:18] [SEVERE ] placing card 76 in slot 9
[2022-12-11 22:15:18] [SEVERE ] placing card 74 in slot 4
[2022-12-11 22:15:19] [SEVERE ] placing card 3 in slot 8
[2022-12-11 22:15:19] [SEVERE ] placing card 70 in slot 6
[2022-12-11 22:15:19] [SEVERE ] player 1 placing token on slot 8
[2022-12-11 22:15:19] [SEVERE ] player 3 placing token on slot 9
[2022-12-11 22:15:19] [SEVERE ] player 0 placing token on slot 9
[2022-12-11 22:15:19] [SEVERE ] player 2 placing token on slot 10
[2022-12-11 22:15:19] [SEVERE ] removing player 1 token from slot 8
[2022-12-11 22:15:19] [SEVERE ] player 3 placing token on slot 4
[2022-12-11 22:15:19] [SEVERE ] player 2 placing token on slot 11
[2022-12-11 22:15:19] [SEVERE ] player 0 placing token on slot 0
[2022-12-11 22:15:19] [SEVERE ] player 1 placing token on slot 2
[2022-12-11 22:15:19] [SEVERE ] player 3 placing token on slot 0
[2022-12-11 22:15:19] [SEVERE ] player 2 placing token on slot 5
[2022-12-11 22:15:19] [SEVERE ] setting player 2 freeze to 3000
[2022-12-11 22:15:19] [SEVERE ] player 0 placing token on slot 6
[2022-12-11 22:15:19] [SEVERE ] removing player 2 token from slot 11
[2022-12-11 22:15:19] [SEVERE ] player 1 placing token on slot 5
[2022-12-11 22:15:19] [SEVERE ] removing player 3 token from slot 0
[2022-12-11 22:15:19] [SEVERE ] setting player 3 freeze to 3000
[2022-12-11 22:15:19] [SEVERE ] setting player 2 freeze to 2892
[2022-12-11 22:15:19] [SEVERE ] setting player 0 freeze to 3000
[2022-12-11 22:15:19] [SEVERE ] removing player 0 token from slot 9
[2022-12-11 22:15:19] [SEVERE ] setting player 3 freeze to 2895
[2022-12-11 22:15:19] [SEVERE ] player 1 placing token on slot 1
[2022-12-11 22:15:19] [SEVERE ] setting player 2 freeze to 2782
[2022-12-11 22:15:19] [SEVERE ] setting player 1 freeze to 3000
[2022-12-11 22:15:19] [SEVERE ] setting player 0 freeze to 2883
[2022-12-11 22:15:19] [SEVERE ] setting player 3 freeze to 2786
[2022-12-11 22:15:19] [SEVERE ] removing player 1 token from slot 5
[2022-12-11 22:15:19] [SEVERE ] setting player 1 freeze to 2891
[2022-12-11 22:15:19] [SEVERE ] setting player 2 freeze to 2673
[2022-12-11 22:15:19] [SEVERE ] setting player 0 freeze to 2774
[2022-12-11 22:15:19] [SEVERE ] setting player 3 freeze to 2677
[2022-12-11 22:15:19] [SEVERE ] setting player 1 freeze to 2783
[2022-12-11 22:15:19] [SEVERE ] setting player 2 freeze to 2565
[2022-12-11 22:15:19] [SEVERE ] setting player 0 freeze to 2666
[2022-12-11 22:15:20] [SEVERE ] setting player 3 freeze to 2568
[2022-12-11 22:15:20] [SEVERE ] setting player 1 freeze to 2672
[2022-12-11 22:15:20] [SEVERE ] setting player 2 freeze to 2454
[2022-12-11 22:15:20] [SEVERE ] setting player 0 freeze to 2554
[2022-12-11 22:15:20] [SEVERE ] setting player 3 freeze to 2457
[2022-12-11 22:15:20] [SEVERE ] setting player 2 freeze to 2344
[2022-12-11 22:15:20] [SEVERE ] setting player 1 freeze to 2562
[2022-12-11 22:15:20] [SEVERE ] setting player 0 freeze to 2445
[2022-12-11 22:15:20] [SEVERE ] setting player 3 freeze to 2349
[2022-12-11 22:15:20] [SEVERE ] setting player 1 freeze to 2454
[2022-12-11 22:15:20] [SEVERE ] setting player 2 freeze to 2236
[2022-12-11 22:15:20] [SEVERE ] setting player 0 freeze to 2337
[2022-12-11 22:15:20] [SEVERE ] setting player 3 freeze to 2238
[2022-12-11 22:15:20] [SEVERE ] setting player 2 freeze to 2125
[2022-12-11 22:15:20] [SEVERE ] setting player 1 freeze to 2343
[2022-12-11 22:15:20] [SEVERE ] setting player 0 freeze to 2226
[2022-12-11 22:15:20] [SEVERE ] setting player 3 freeze to 2128
[2022-12-11 22:15:20] [SEVERE ] setting player 1 freeze to 2233
[2022-12-11 22:15:20] [SEVERE ] setting player 2 freeze to 2015
[2022-12-11 22:15:20] [SEVERE ] setting player 0 freeze to 2115
[2022-12-11 22:15:20] [SEVERE ] setting player 3 freeze to 2017
[2022-12-11 22:15:20] [SEVERE ] setting player 1 freeze to 2123
[2022-12-11 22:15:20] [SEVERE ] setting player 2 freeze to 1905
[2022-12-11 22:15:20] [SEVERE ] setting player 0 freeze to 2005
[2022-12-11 22:15:20] [SEVERE ] setting player 3 freeze to 1907
[2022-12-11 22:15:20] [SEVERE ] setting player 1 freeze to 2013
[2022-12-11 22:15:20] [SEVERE ] setting player 2 freeze to 1795
[2022-12-11 22:15:20] [SEVERE ] setting player 0 freeze to 1895
[2022-12-11 22:15:20] [SEVERE ] setting player 3 freeze to 1797
[2022-12-11 22:15:20] [SEVERE ] setting player 1 freeze to 1904
[2022-12-11 22:15:20] [SEVERE ] setting player 2 freeze to 1686
[2022-12-11 22:15:20] [SEVERE ] Exit button pressed
[2022-12-11 22:15:20] [SEVERE ] setting player 0 freeze to 1786
[2022-12-11 22:15:20] [SEVERE ] setting player 3 freeze to 1690
[2022-12-11 22:15:20] [SEVERE ] setting player 2 freeze to 1578
[2022-12-11 22:15:20] [SEVERE ] setting player 1 freeze to 1796
[2022-12-11 22:15:20] [SEVERE ] setting player 0 freeze to 1678
[2022-12-11 22:15:20] [SEVERE ] removing card from slot 0
[2022-12-11 22:15:20] [SEVERE ] setting player 3 freeze to 1581
[2022-12-11 22:15:20] [SEVERE ] setting player 2 freeze to 1474
[2022-12-11 22:15:21] [SEVERE ] setting player 1 freeze to 1687
[2022-12-11 22:15:21] [SEVERE ] setting player 0 freeze to 1569
[2022-12-11 22:15:21] [SEVERE ] removing card from slot 1
[2022-12-11 22:15:21] [SEVERE ] setting player 3 freeze to 1474
[2022-12-11 22:15:21] [SEVERE ] setting player 2 freeze to 1361
[2022-12-11 22:15:21] [SEVERE ] setting player 1 freeze to 1579
[2022-12-11 22:15:21] [SEVERE ] setting player 0 freeze to 1462
[2022-12-11 22:15:21] [SEVERE ] removing card from slot 2
[2022-12-11 22:15:21] [SEVERE ] setting player 3 freeze to 1365
[2022-12-11 22:15:21] [SEVERE ] setting player 2 freeze to 1259
[2022-12-11 22:15:21] [SEVERE ] setting player 1 freeze to 1470
[2022-12-11 22:15:21] [SEVERE ] setting player 0 freeze to 1353
[2022-12-11 22:15:21] [SEVERE ] removing card from slot 3
[2022-12-11 22:15:21] [SEVERE ] setting player 3 freeze to 1258
[2022-12-11 22:15:21] [SEVERE ] setting player 2 freeze to 1146
[2022-12-11 22:15:21] [SEVERE ] setting player 1 freeze to 1364
[2022-12-11 22:15:21] [SEVERE ] setting player 0 freeze to 1247
[2022-12-11 22:15:21] [SEVERE ] removing card from slot 4
[2022-12-11 22:15:21] [SEVERE ] setting player 3 freeze to 1152
[2022-12-11 22:15:21] [SEVERE ] setting player 2 freeze to 1044
[2022-12-11 22:15:21] [SEVERE ] setting player 1 freeze to 1257
[2022-12-11 22:15:21] [SEVERE ] setting player 0 freeze to 1140
[2022-12-11 22:15:21] [SEVERE ] removing card from slot 5
[2022-12-11 22:15:21] [SEVERE ] setting player 3 freeze to 1043
[2022-12-11 22:15:21] [SEVERE ] setting player 2 freeze to 931
[2022-12-11 22:15:21] [SEVERE ] setting player 1 freeze to 1149
[2022-12-11 22:15:21] [SEVERE ] setting player 0 freeze to 1031
[2022-12-11 22:15:21] [SEVERE ] removing card from slot 6
[2022-12-11 22:15:21] [SEVERE ] setting player 3 freeze to 934
[2022-12-11 22:15:21] [SEVERE ] setting player 1 freeze to 1040
[2022-12-11 22:15:21] [SEVERE ] setting player 2 freeze to 822
[2022-12-11 22:15:21] [SEVERE ] setting player 0 freeze to 923
[2022-12-11 22:15:21] [SEVERE ] removing card from slot 7
[2022-12-11 22:15:21] [SEVERE ] setting player 3 freeze to 827
[2022-12-11 22:15:21] [SEVERE ] setting player 1 freeze to 933
[2022-12-11 22:15:21] [SEVERE ] setting player 2 freeze to 715
[2022-12-11 22:15:21] [SEVERE ] setting player 0 freeze to 816
[2022-12-11 22:15:21] [SEVERE ] removing card from slot 8
[2022-12-11 22:15:21] [SEVERE ] setting player 3 freeze to 718
[2022-12-11 22:15:21] [SEVERE ] setting player 1 freeze to 824
[2022-12-11 22:15:21] [SEVERE ] setting player 2 freeze to 606
[2022-12-11 22:15:21] [SEVERE ] setting player 0 freeze to 706
[2022-12-11 22:15:21] [SEVERE ] removing card from slot 9
[2022-12-11 22:15:21] [SEVERE ] setting player 3 freeze to 609
[2022-12-11 22:15:21] [SEVERE ] setting player 2 freeze to 496
[2022-12-11 22:15:21] [SEVERE ] setting player 1 freeze to 714
[2022-12-11 22:15:21] [SEVERE ] setting player 0 freeze to 596
[2022-12-11 22:15:22] [SEVERE ] removing card from slot 10
[2022-12-11 22:15:22] [SEVERE ] setting player 3 freeze to 499
[2022-12-11 22:15:22] [SEVERE ] setting player 2 freeze to 387
[2022-12-11 22:15:22] [SEVERE ] setting player 0 freeze to 487
[2022-12-11 22:15:22] [SEVERE ] setting player 1 freeze to 605
[2022-12-11 22:15:22] [SEVERE ] removing card from slot 11
[2022-12-11 22:15:22] [SEVERE ] removing player 0 token from slot 0
[2022-12-11 22:15:22] [SEVERE ] removing player 0 token from slot 6
[2022-12-11 22:15:22] [SEVERE ] removing player 1 token from slot 2
[2022-12-11 22:15:22] [SEVERE ] removing player 1 token from slot 1
[2022-12-11 22:15:22] [SEVERE ] removing player 2 token from slot 10
[2022-12-11 22:15:22] [SEVERE ] removing player 2 token from slot 5
[2022-12-11 22:15:22] [SEVERE ] removing player 3 token from slot 9
[2022-12-11 22:15:22] [SEVERE ] removing player 3 token from slot 4
[2022-12-11 22:15:22] [SEVERE ] announcing winners: [3, 2, 1, 0]
[2022-12-11 22:15:22] [SEVERE ] setting player 3 freeze to 390
[2022-12-11 22:15:22] [INFO   ] Thread main terminated.
