[2022-12-14 11:28:50] [INFO   ] cannot read configuration file config.properties trying from resources.
[2022-12-14 11:28:50] [INFO   ] configuration file was loaded from resources directory.
[2022-12-14 11:28:51] [SEVERE ] placing card 78 in slot 7
[2022-12-14 11:28:51] [SEVERE ] placing card 22 in slot 1
[2022-12-14 11:28:51] [SEVERE ] placing card 39 in slot 6
[2022-12-14 11:28:52] [SEVERE ] placing card 36 in slot 0
[2022-12-14 11:28:52] [SEVERE ] placing card 76 in slot 9
[2022-12-14 11:28:52] [SEVERE ] placing card 1 in slot 11
[2022-12-14 11:28:52] [SEVERE ] placing card 13 in slot 3
[2022-12-14 11:28:52] [SEVERE ] placing card 8 in slot 5
[2022-12-14 11:28:52] [SEVERE ] placing card 65 in slot 2
[2022-12-14 11:28:52] [SEVERE ] placing card 56 in slot 8
[2022-12-14 11:28:52] [SEVERE ] placing card 27 in slot 10
[2022-12-14 11:28:53] [SEVERE ] placing card 44 in slot 4
[2022-12-14 11:28:54] [SEVERE ] Key 81 was pressed by player 0
[2022-12-14 11:28:54] [SEVERE ] player 0 placing token on slot 0
[2022-12-14 11:28:54] [SEVERE ] Key 87 was pressed by player 0
[2022-12-14 11:28:54] [SEVERE ] player 0 placing token on slot 1
[2022-12-14 11:28:54] [SEVERE ] Key 69 was pressed by player 0
[2022-12-14 11:28:54] [SEVERE ] player 0 placing token on slot 2
[2022-12-14 11:28:54] [SEVERE ] setting player 0 freeze to 0
[2022-12-14 11:29:01] [SEVERE ] Key 81 was pressed by player 0
[2022-12-14 11:29:02] [SEVERE ] Key 87 was pressed by player 0
[2022-12-14 11:29:02] [SEVERE ] Key 69 was pressed by player 0
[2022-12-14 11:29:03] [SEVERE ] Key 81 was pressed by player 0
[2022-12-14 11:29:04] [SEVERE ] Key 73 was pressed by player 1
[2022-12-14 11:29:04] [SEVERE ] player 1 placing token on slot 1
[2022-12-14 11:29:04] [SEVERE ] Key 79 was pressed by player 1
[2022-12-14 11:29:04] [SEVERE ] player 1 placing token on slot 2
[2022-12-14 11:29:04] [SEVERE ] Key 80 was pressed by player 1
[2022-12-14 11:29:04] [SEVERE ] player 1 placing token on slot 3
[2022-12-14 11:29:04] [SEVERE ] setting player 1 freeze to 0
[2022-12-14 11:29:05] [SEVERE ] Key 83 was pressed by player 0
[2022-12-14 11:29:05] [SEVERE ] Key 65 was pressed by player 0
[2022-12-14 11:29:06] [SEVERE ] Key 68 was pressed by player 0
[2022-12-14 11:29:06] [SEVERE ] Key 83 was pressed by player 0
[2022-12-14 11:29:06] [SEVERE ] Key 65 was pressed by player 0
[2022-12-14 11:29:12] [SEVERE ] Exit button pressed
[2022-12-14 11:29:12] [SEVERE ] removing card from slot 0
[2022-12-14 11:29:12] [SEVERE ] removing card from slot 1
[2022-12-14 11:29:12] [SEVERE ] removing card from slot 2
[2022-12-14 11:29:13] [SEVERE ] removing card from slot 3
[2022-12-14 11:29:13] [SEVERE ] removing card from slot 4
[2022-12-14 11:29:13] [SEVERE ] removing card from slot 5
[2022-12-14 11:29:13] [SEVERE ] removing card from slot 6
[2022-12-14 11:29:13] [SEVERE ] removing card from slot 7
[2022-12-14 11:29:13] [SEVERE ] removing card from slot 8
[2022-12-14 11:29:13] [SEVERE ] removing card from slot 9
[2022-12-14 11:29:13] [SEVERE ] removing card from slot 10
[2022-12-14 11:29:13] [SEVERE ] removing card from slot 11
[2022-12-14 11:29:13] [SEVERE ] removing player 0 token from slot 0
[2022-12-14 11:29:13] [SEVERE ] removing player 0 token from slot 1
[2022-12-14 11:29:13] [SEVERE ] removing player 0 token from slot 2
[2022-12-14 11:29:13] [SEVERE ] removing player 1 token from slot 1
[2022-12-14 11:29:13] [SEVERE ] removing player 1 token from slot 2
[2022-12-14 11:29:13] [SEVERE ] removing player 1 token from slot 3
[2022-12-14 11:29:13] [SEVERE ] announcing winners: [1, 0]
[2022-12-14 11:29:13] [INFO   ] Thread main terminated.
