[2022-12-14 11:21:25] [INFO   ] cannot read configuration file config.properties trying from resources.
[2022-12-14 11:21:25] [INFO   ] configuration file was loaded from resources directory.
[2022-12-14 11:21:26] [SEVERE ] placing card 67 in slot 4
[2022-12-14 11:21:26] [SEVERE ] placing card 66 in slot 10
[2022-12-14 11:21:26] [SEVERE ] placing card 15 in slot 3
[2022-12-14 11:21:26] [SEVERE ] placing card 3 in slot 9
[2022-12-14 11:21:26] [SEVERE ] placing card 20 in slot 0
[2022-12-14 11:21:26] [SEVERE ] placing card 8 in slot 2
[2022-12-14 11:21:27] [SEVERE ] placing card 7 in slot 7
[2022-12-14 11:21:27] [SEVERE ] placing card 74 in slot 6
[2022-12-14 11:21:27] [SEVERE ] placing card 17 in slot 11
[2022-12-14 11:21:27] [SEVERE ] placing card 37 in slot 5
[2022-12-14 11:21:27] [SEVERE ] placing card 36 in slot 8
[2022-12-14 11:21:27] [SEVERE ] placing card 63 in slot 1
[2022-12-14 11:21:27] [SEVERE ] player 2 placing token on slot 9
[2022-12-14 11:21:27] [SEVERE ] player 0 placing token on slot 3
[2022-12-14 11:21:27] [SEVERE ] player 3 placing token on slot 11
[2022-12-14 11:21:27] [SEVERE ] player 1 placing token on slot 10
[2022-12-14 11:21:27] [SEVERE ] player 2 placing token on slot 10
[2022-12-14 11:21:27] [SEVERE ] removing player 0 token from slot 3
[2022-12-14 11:21:27] [SEVERE ] player 3 placing token on slot 6
[2022-12-14 11:21:27] [SEVERE ] removing player 1 token from slot 10
[2022-12-14 11:21:28] [SEVERE ] player 0 placing token on slot 4
[2022-12-14 11:21:28] [SEVERE ] player 3 placing token on slot 4
[2022-12-14 11:21:28] [SEVERE ] player 2 placing token on slot 2
[2022-12-14 11:21:28] [SEVERE ] player 1 placing token on slot 4
[2022-12-14 11:21:28] [SEVERE ] setting player 2 freeze to 0
[2022-12-14 11:21:28] [SEVERE ] setting player 3 freeze to 0
[2022-12-14 11:21:28] [SEVERE ] removing player 3 token from slot 6
[2022-12-14 11:21:28] [SEVERE ] removing player 2 token from slot 9
[2022-12-14 11:21:28] [SEVERE ] player 0 placing token on slot 6
[2022-12-14 11:21:28] [SEVERE ] player 1 placing token on slot 0
[2022-12-14 11:21:28] [SEVERE ] setting player 2 freeze to -103
[2022-12-14 11:21:28] [SEVERE ] setting player 3 freeze to -104
[2022-12-14 11:21:28] [SEVERE ] player 0 placing token on slot 10
[2022-12-14 11:21:28] [SEVERE ] player 1 placing token on slot 1
[2022-12-14 11:21:28] [SEVERE ] setting player 1 freeze to 0
[2022-12-14 11:21:28] [SEVERE ] setting player 0 freeze to 0
[2022-12-14 11:21:28] [SEVERE ] player 2 placing token on slot 7
[2022-12-14 11:21:28] [SEVERE ] player 3 placing token on slot 2
[2022-12-14 11:21:28] [SEVERE ] removing player 0 token from slot 6
[2022-12-14 11:21:28] [SEVERE ] removing player 1 token from slot 0
[2022-12-14 11:21:28] [SEVERE ] setting player 1 freeze to -103
[2022-12-14 11:21:28] [SEVERE ] setting player 0 freeze to -103
[2022-12-14 11:21:28] [SEVERE ] setting player 2 freeze to 0
[2022-12-14 11:21:28] [SEVERE ] removing player 3 token from slot 11
[2022-12-14 11:21:28] [SEVERE ] setting player 3 freeze to 0
[2022-12-14 11:21:28] [SEVERE ] removing player 2 token from slot 7
[2022-12-14 11:21:28] [SEVERE ] player 1 placing token on slot 6
[2022-12-14 11:21:28] [SEVERE ] player 0 placing token on slot 3
[2022-12-14 11:21:28] [SEVERE ] setting player 2 freeze to -104
[2022-12-14 11:21:28] [SEVERE ] setting player 3 freeze to -103
[2022-12-14 11:21:28] [SEVERE ] removing player 1 token from slot 4
[2022-12-14 11:21:28] [SEVERE ] setting player 0 freeze to 0
[2022-12-14 11:21:28] [SEVERE ] removing player 0 token from slot 4
[2022-12-14 11:21:28] [SEVERE ] player 2 placing token on slot 11
[2022-12-14 11:21:28] [SEVERE ] removing player 3 token from slot 4
[2022-12-14 11:21:28] [SEVERE ] player 1 placing token on slot 2
[2022-12-14 11:21:28] [SEVERE ] setting player 0 freeze to -102
[2022-12-14 11:21:28] [SEVERE ] setting player 2 freeze to 0
[2022-12-14 11:21:28] [SEVERE ] removing player 2 token from slot 10
[2022-12-14 11:21:28] [SEVERE ] player 3 placing token on slot 8
[2022-12-14 11:21:28] [SEVERE ] setting player 1 freeze to 0
[2022-12-14 11:21:28] [SEVERE ] removing player 1 token from slot 6
[2022-12-14 11:21:28] [SEVERE ] player 0 placing token on slot 2
[2022-12-14 11:21:28] [SEVERE ] setting player 2 freeze to -103
[2022-12-14 11:21:28] [SEVERE ] player 3 placing token on slot 7
[2022-12-14 11:21:28] [SEVERE ] setting player 1 freeze to -102
[2022-12-14 11:21:28] [SEVERE ] setting player 0 freeze to 0
[2022-12-14 11:21:28] [SEVERE ] removing player 0 token from slot 2
[2022-12-14 11:21:28] [SEVERE ] player 2 placing token on slot 6
[2022-12-14 11:21:28] [SEVERE ] setting player 3 freeze to 0
[2022-12-14 11:21:28] [SEVERE ] removing player 3 token from slot 8
[2022-12-14 11:21:28] [SEVERE ] player 1 placing token on slot 5
[2022-12-14 11:21:28] [SEVERE ] setting player 0 freeze to -102
[2022-12-14 11:21:28] [SEVERE ] removing player 2 token from slot 11
[2022-12-14 11:21:28] [SEVERE ] setting player 3 freeze to -110
