[2022-12-11 18:49:52] [INFO   ] cannot read configuration file config.properties trying from resources.
[2022-12-11 18:49:52] [INFO   ] configuration file was loaded from resources directory.
[2022-12-11 18:49:53] [SEVERE ] placing card 12 in slot 0
[2022-12-11 18:49:53] [SEVERE ] placing card 25 in slot 3
[2022-12-11 18:49:53] [SEVERE ] placing card 79 in slot 6
[2022-12-11 18:49:53] [SEVERE ] placing card 33 in slot 5
[2022-12-11 18:49:53] [SEVERE ] placing card 53 in slot 11
[2022-12-11 18:49:54] [SEVERE ] placing card 44 in slot 9
[2022-12-11 18:49:54] [SEVERE ] placing card 69 in slot 2
[2022-12-11 18:49:54] [SEVERE ] placing card 62 in slot 10
[2022-12-11 18:49:54] [SEVERE ] placing card 20 in slot 1
[2022-12-11 18:49:54] [SEVERE ] placing card 22 in slot 7
[2022-12-11 18:49:54] [SEVERE ] placing card 8 in slot 4
[2022-12-11 18:49:54] [SEVERE ] placing card 17 in slot 8
[2022-12-11 18:49:54] [SEVERE ] player 3 placing token on slot 6
[2022-12-11 18:49:54] [SEVERE ] player 2 placing token on slot 4
[2022-12-11 18:49:54] [SEVERE ] player 1 placing token on slot 1
[2022-12-11 18:49:54] [SEVERE ] player 0 placing token on slot 0
[2022-12-11 18:49:54] [SEVERE ] player 1 placing token on slot 11
[2022-12-11 18:49:54] [SEVERE ] player 0 placing token on slot 11
[2022-12-11 18:49:54] [SEVERE ] player 3 placing token on slot 3
[2022-12-11 18:49:54] [SEVERE ] player 2 placing token on slot 2
[2022-12-11 18:49:55] [SEVERE ] player 0 placing token on slot 2
[2022-12-11 18:49:55] [SEVERE ] player 1 placing token on slot 3
[2022-12-11 18:49:55] [SEVERE ] player 2 placing token on slot 0
[2022-12-11 18:49:55] [SEVERE ] player 3 placing token on slot 10
[2022-12-11 18:49:55] [SEVERE ] setting player 3 freeze to 0
[2022-12-11 18:49:55] [SEVERE ] removing player 0 token from slot 11
[2022-12-11 18:49:55] [SEVERE ] setting player 2 freeze to 0
[2022-12-11 18:49:55] [SEVERE ] setting player 0 freeze to 0
[2022-12-11 18:49:55] [SEVERE ] setting player 1 freeze to 0
[2022-12-11 18:49:55] [SEVERE ] removing player 1 token from slot 11
[2022-12-11 18:49:55] [SEVERE ] removing player 3 token from slot 6
[2022-12-11 18:49:55] [SEVERE ] removing player 2 token from slot 4
[2022-12-11 18:49:55] [SEVERE ] setting player 1 freeze to -104
[2022-12-11 18:49:55] [SEVERE ] setting player 0 freeze to -104
[2022-12-11 18:49:55] [SEVERE ] player 0 placing token on slot 1
[2022-12-11 18:49:55] [SEVERE ] setting player 3 freeze to -107
[2022-12-11 18:49:55] [SEVERE ] setting player 2 freeze to -106
[2022-12-11 18:49:55] [SEVERE ] player 3 placing token on slot 9
[2022-12-11 18:49:55] [SEVERE ] player 1 placing token on slot 6
[2022-12-11 18:49:55] [SEVERE ] removing player 2 token from slot 0
[2022-12-11 18:49:55] [SEVERE ] setting player 1 freeze to 0
[2022-12-11 18:49:55] [SEVERE ] setting player 0 freeze to 0
[2022-12-11 18:49:55] [SEVERE ] removing player 0 token from slot 1
[2022-12-11 18:49:55] [SEVERE ] removing player 3 token from slot 3
[2022-12-11 18:49:55] [SEVERE ] removing player 1 token from slot 6
[2022-12-11 18:49:55] [SEVERE ] removing player 2 token from slot 2
[2022-12-11 18:49:55] [SEVERE ] setting player 1 freeze to -101
[2022-12-11 18:49:55] [SEVERE ] player 0 placing token on slot 10
[2022-12-11 18:49:55] [SEVERE ] player 3 placing token on slot 7
[2022-12-11 18:49:55] [SEVERE ] setting player 0 freeze to -114
[2022-12-11 18:49:55] [SEVERE ] setting player 3 freeze to 0
[2022-12-11 18:49:55] [SEVERE ] removing player 1 token from slot 3
[2022-12-11 18:49:55] [SEVERE ] player 2 placing token on slot 3
[2022-12-11 18:49:55] [SEVERE ] removing player 0 token from slot 0
[2022-12-11 18:49:55] [SEVERE ] removing player 3 token from slot 7
[2022-12-11 18:49:55] [SEVERE ] setting player 3 freeze to -108
[2022-12-11 18:49:55] [SEVERE ] removing player 1 token from slot 1
[2022-12-11 18:49:55] [SEVERE ] player 2 placing token on slot 4
[2022-12-11 18:49:55] [SEVERE ] player 0 placing token on slot 4
[2022-12-11 18:49:55] [SEVERE ] player 3 placing token on slot 3
[2022-12-11 18:49:55] [SEVERE ] setting player 0 freeze to 0
[2022-12-11 18:49:55] [SEVERE ] player 1 placing token on slot 2
[2022-12-11 18:49:55] [SEVERE ] player 2 placing token on slot 2
[2022-12-11 18:49:55] [SEVERE ] removing player 0 token from slot 2
[2022-12-11 18:49:55] [SEVERE ] removing player 3 token from slot 3
[2022-12-11 18:49:55] [SEVERE ] setting player 0 freeze to -104
[2022-12-11 18:49:55] [SEVERE ] setting player 2 freeze to 0
[2022-12-11 18:49:55] [SEVERE ] removing player 1 token from slot 2
[2022-12-11 18:49:55] [SEVERE ] removing player 2 token from slot 4
[2022-12-11 18:49:55] [SEVERE ] removing player 0 token from slot 10
[2022-12-11 18:49:55] [SEVERE ] player 3 placing token on slot 8
[2022-12-11 18:49:55] [SEVERE ] setting player 2 freeze to -107
[2022-12-11 18:49:55] [SEVERE ] player 1 placing token on slot 2
[2022-12-11 18:49:55] [SEVERE ] player 0 placing token on slot 8
[2022-12-11 18:49:55] [SEVERE ] removing player 2 token from slot 3
[2022-12-11 18:49:56] [SEVERE ] removing player 3 token from slot 10
[2022-12-11 18:49:56] [SEVERE ] player 1 placing token on slot 5
[2022-12-11 18:49:56] [SEVERE ] player 0 placing token on slot 9
[2022-12-11 18:49:56] [SEVERE ] player 2 placing token on slot 7
[2022-12-11 18:49:56] [SEVERE ] removing player 3 token from slot 9
[2022-12-11 18:49:56] [SEVERE ] setting player 0 freeze to 0
[2022-12-11 18:49:56] [SEVERE ] player 1 placing token on slot 6
[2022-12-11 18:49:56] [SEVERE ] removing player 0 token from slot 8
[2022-12-11 18:49:56] [SEVERE ] player 2 placing token on slot 10
[2022-12-11 18:49:56] [SEVERE ] player 3 placing token on slot 6
[2022-12-11 18:49:56] [SEVERE ] setting player 1 freeze to 0
[2022-12-11 18:49:56] [SEVERE ] removing player 1 token from slot 2
[2022-12-11 18:49:56] [SEVERE ] setting player 0 freeze to -115
[2022-12-11 18:49:56] [SEVERE ] setting player 2 freeze to 0
[2022-12-11 18:49:56] [SEVERE ] player 0 placing token on slot 10
[2022-12-11 18:49:56] [SEVERE ] removing player 2 token from slot 10
[2022-12-11 18:49:56] [SEVERE ] setting player 1 freeze to -108
[2022-12-11 18:49:56] [SEVERE ] player 3 placing token on slot 9
[2022-12-11 18:49:56] [SEVERE ] setting player 2 freeze to -109
[2022-12-11 18:49:56] [SEVERE ] setting player 0 freeze to 0
[2022-12-11 18:49:56] [SEVERE ] removing player 0 token from slot 9
[2022-12-11 18:49:56] [SEVERE ] player 2 placing token on slot 0
[2022-12-11 18:49:56] [SEVERE ] player 1 placing token on slot 4
[2022-12-11 18:49:56] [SEVERE ] setting player 3 freeze to 0
[2022-12-11 18:49:56] [SEVERE ] setting player 1 freeze to 0
[2022-12-11 18:49:56] [SEVERE ] removing player 3 token from slot 9
[2022-12-11 18:49:56] [SEVERE ] setting player 0 freeze to -110
[2022-12-11 18:49:56] [SEVERE ] setting player 2 freeze to 0
[2022-12-11 18:49:56] [SEVERE ] removing player 0 token from slot 10
[2022-12-11 18:49:56] [SEVERE ] removing player 2 token from slot 7
[2022-12-11 18:49:56] [SEVERE ] removing player 1 token from slot 5
[2022-12-11 18:49:56] [SEVERE ] setting player 3 freeze to -107
[2022-12-11 18:49:56] [SEVERE ] setting player 1 freeze to -103
[2022-12-11 18:49:56] [SEVERE ] setting player 2 freeze to -111
[2022-12-11 18:49:56] [SEVERE ] removing player 0 token from slot 4
[2022-12-11 18:49:56] [SEVERE ] player 1 placing token on slot 11
[2022-12-11 18:49:56] [SEVERE ] player 3 placing token on slot 5
[2022-12-11 18:49:56] [SEVERE ] player 2 placing token on slot 9
[2022-12-11 18:49:56] [SEVERE ] removing player 3 token from slot 8
[2022-12-11 18:49:56] [SEVERE ] removing card from slot 8
[2022-12-11 18:49:56] [SEVERE ] removing player 3 token from slot 6
[2022-12-11 18:49:56] [SEVERE ] removing card from slot 6
[2022-12-11 18:49:56] [SEVERE ] removing player 1 token from slot 6
[2022-12-11 18:49:56] [SEVERE ] removing player 3 token from slot 5
[2022-12-11 18:49:57] [SEVERE ] removing card from slot 5
[2022-12-11 18:49:57] [SEVERE ] setting player 3 score to 1
[2022-12-11 18:49:57] [SEVERE ] placing card 57 in slot 8
[2022-12-11 18:49:57] [SEVERE ] setting player 3 freeze to 0
[2022-12-11 18:49:57] [SEVERE ] removing player 3 token from slot 5
[2022-12-11 18:49:57] [SEVERE ] removing player 2 token from slot 9
[2022-12-11 18:49:57] [SEVERE ] removing player 1 token from slot 11
[2022-12-11 18:49:57] [SEVERE ] player 0 placing token on slot 0
[2022-12-11 18:49:57] [SEVERE ] setting player 3 freeze to -102
[2022-12-11 18:49:57] [SEVERE ] placing card 11 in slot 6
[2022-12-11 18:49:57] [SEVERE ] player 3 placing token on slot 1
[2022-12-11 18:49:57] [SEVERE ] player 2 placing token on slot 6
[2022-12-11 18:49:57] [SEVERE ] player 0 placing token on slot 9
[2022-12-11 18:49:57] [SEVERE ] player 1 placing token on slot 8
[2022-12-11 18:49:57] [SEVERE ] placing card 72 in slot 5
[2022-12-11 18:49:57] [SEVERE ] setting player 2 freeze to 0
[2022-12-11 18:49:57] [SEVERE ] player 1 placing token on slot 7
[2022-12-11 18:49:57] [SEVERE ] player 0 placing token on slot 1
[2022-12-11 18:49:57] [SEVERE ] removing player 2 token from slot 6
[2022-12-11 18:49:57] [SEVERE ] setting player 2 freeze to -109
[2022-12-11 18:49:57] [SEVERE ] player 3 placing token on slot 7
[2022-12-11 18:49:57] [SEVERE ] setting player 1 freeze to 0
[2022-12-11 18:49:57] [SEVERE ] setting player 0 freeze to 0
[2022-12-11 18:49:57] [SEVERE ] removing player 1 token from slot 4
[2022-12-11 18:49:57] [SEVERE ] removing player 0 token from slot 9
[2022-12-11 18:49:57] [SEVERE ] player 2 placing token on slot 5
[2022-12-11 18:49:57] [SEVERE ] player 3 placing token on slot 10
[2022-12-11 18:49:57] [SEVERE ] setting player 2 freeze to 0
[2022-12-11 18:49:57] [SEVERE ] setting player 1 freeze to -108
[2022-12-11 18:49:57] [SEVERE ] setting player 0 freeze to -109
[2022-12-11 18:49:57] [SEVERE ] removing player 2 token from slot 5
[2022-12-11 18:49:57] [SEVERE ] player 0 placing token on slot 7
[2022-12-11 18:49:57] [SEVERE ] player 1 placing token on slot 2
[2022-12-11 18:49:57] [SEVERE ] setting player 3 freeze to 0
[2022-12-11 18:49:57] [SEVERE ] removing player 3 token from slot 7
[2022-12-11 18:49:57] [SEVERE ] setting player 2 freeze to -105
[2022-12-11 18:49:57] [SEVERE ] setting player 1 freeze to 0
[2022-12-11 18:49:57] [SEVERE ] setting player 0 freeze to 0
[2022-12-11 18:49:57] [SEVERE ] removing player 0 token from slot 0
[2022-12-11 18:49:57] [SEVERE ] setting player 3 freeze to -104
[2022-12-11 18:49:57] [SEVERE ] removing player 1 token from slot 2
[2022-12-11 18:49:57] [SEVERE ] player 2 placing token on slot 7
[2022-12-11 18:49:57] [SEVERE ] setting player 2 freeze to 0
[2022-12-11 18:49:57] [SEVERE ] setting player 1 freeze to -108
[2022-12-11 18:49:57] [SEVERE ] setting player 0 freeze to -109
[2022-12-11 18:49:57] [SEVERE ] player 3 placing token on slot 7
[2022-12-11 18:49:57] [SEVERE ] setting player 3 freeze to 0
[2022-12-11 18:49:57] [SEVERE ] player 0 placing token on slot 3
[2022-12-11 18:49:57] [SEVERE ] player 1 placing token on slot 10
[2022-12-11 18:49:57] [SEVERE ] removing player 2 token from slot 0
[2022-12-11 18:49:57] [SEVERE ] setting player 2 freeze to -109
[2022-12-11 18:49:57] [SEVERE ] setting player 1 freeze to 0
[2022-12-11 18:49:57] [SEVERE ] setting player 0 freeze to 0
[2022-12-11 18:49:57] [SEVERE ] removing player 3 token from slot 1
[2022-12-11 18:49:57] [SEVERE ] setting player 3 freeze to -102
[2022-12-11 18:49:57] [SEVERE ] removing player 0 token from slot 3
[2022-12-11 18:49:58] [SEVERE ] player 2 placing token on slot 1
[2022-12-11 18:49:58] [SEVERE ] removing player 1 token from slot 8
[2022-12-11 18:49:58] [SEVERE ] setting player 2 freeze to 0
[2022-12-11 18:49:58] [SEVERE ] setting player 1 freeze to -111
[2022-12-11 18:49:58] [SEVERE ] setting player 0 freeze to -111
[2022-12-11 18:49:58] [SEVERE ] player 3 placing token on slot 2
[2022-12-11 18:49:58] [SEVERE ] player 0 placing token on slot 4
[2022-12-11 18:49:58] [SEVERE ] setting player 3 freeze to 0
[2022-12-11 18:49:58] [SEVERE ] removing player 2 token from slot 2
[2022-12-11 18:49:58] [SEVERE ] player 1 placing token on slot 11
[2022-12-11 18:49:58] [SEVERE ] setting player 2 freeze to -109
[2022-12-11 18:49:58] [SEVERE ] setting player 1 freeze to 0
[2022-12-11 18:49:58] [SEVERE ] setting player 0 freeze to 0
[2022-12-11 18:49:58] [SEVERE ] removing player 3 token from slot 7
[2022-12-11 18:49:58] [SEVERE ] removing player 0 token from slot 4
[2022-12-11 18:49:58] [SEVERE ] setting player 3 freeze to -109
[2022-12-11 18:49:58] [SEVERE ] player 2 placing token on slot 8
[2022-12-11 18:49:58] [SEVERE ] removing player 1 token from slot 10
[2022-12-11 18:49:58] [SEVERE ] setting player 2 freeze to 0
[2022-12-11 18:49:58] [SEVERE ] setting player 1 freeze to -110
[2022-12-11 18:49:58] [SEVERE ] setting player 0 freeze to -109
[2022-12-11 18:49:58] [SEVERE ] player 3 placing token on slot 0
[2022-12-11 18:49:58] [SEVERE ] player 0 placing token on slot 8
[2022-12-11 18:49:58] [SEVERE ] removing player 2 token from slot 1
[2022-12-11 18:49:58] [SEVERE ] setting player 3 freeze to 0
[2022-12-11 18:49:58] [SEVERE ] player 1 placing token on slot 9
[2022-12-11 18:49:58] [SEVERE ] setting player 2 freeze to -109
[2022-12-11 18:49:58] [SEVERE ] setting player 1 freeze to 0
[2022-12-11 18:49:58] [SEVERE ] setting player 0 freeze to 0
[2022-12-11 18:49:58] [SEVERE ] removing player 3 token from slot 10
[2022-12-11 18:49:58] [SEVERE ] removing player 0 token from slot 1
[2022-12-11 18:49:58] [SEVERE ] player 2 placing token on slot 0
[2022-12-11 18:49:58] [SEVERE ] setting player 3 freeze to -108
[2022-12-11 18:49:58] [SEVERE ] removing player 1 token from slot 7
[2022-12-11 18:49:58] [SEVERE ] setting player 2 freeze to 0
[2022-12-11 18:49:58] [SEVERE ] setting player 1 freeze to -108
[2022-12-11 18:49:58] [SEVERE ] setting player 0 freeze to -109
[2022-12-11 18:49:58] [SEVERE ] removing player 3 token from slot 0
[2022-12-11 18:49:58] [SEVERE ] removing player 2 token from slot 7
[2022-12-11 18:49:58] [SEVERE ] player 0 placing token on slot 5
[2022-12-11 18:49:58] [SEVERE ] player 1 placing token on slot 10
[2022-12-11 18:49:58] [SEVERE ] setting player 2 freeze to -107
[2022-12-11 18:49:58] [SEVERE ] setting player 1 freeze to 0
[2022-12-11 18:49:58] [SEVERE ] setting player 0 freeze to 0
[2022-12-11 18:49:58] [SEVERE ] player 3 placing token on slot 4
[2022-12-11 18:49:58] [SEVERE ] player 2 placing token on slot 1
[2022-12-11 18:49:58] [SEVERE ] removing player 0 token from slot 8
[2022-12-11 18:49:58] [SEVERE ] removing player 1 token from slot 10
[2022-12-11 18:49:58] [SEVERE ] setting player 2 freeze to 0
[2022-12-11 18:49:58] [SEVERE ] setting player 1 freeze to -109
[2022-12-11 18:49:58] [SEVERE ] setting player 0 freeze to -107
[2022-12-11 18:49:58] [SEVERE ] player 3 placing token on slot 11
[2022-12-11 18:49:58] [SEVERE ] removing player 2 token from slot 1
[2022-12-11 18:49:58] [SEVERE ] player 0 placing token on slot 8
[2022-12-11 18:49:58] [SEVERE ] setting player 3 freeze to 0
[2022-12-11 18:49:58] [SEVERE ] player 1 placing token on slot 7
[2022-12-11 18:49:58] [SEVERE ] setting player 2 freeze to -106
[2022-12-11 18:49:58] [SEVERE ] setting player 1 freeze to 0
[2022-12-11 18:49:58] [SEVERE ] setting player 0 freeze to 0
[2022-12-11 18:49:58] [SEVERE ] removing player 3 token from slot 11
[2022-12-11 18:49:58] [SEVERE ] player 2 placing token on slot 7
[2022-12-11 18:49:58] [SEVERE ] removing player 0 token from slot 5
[2022-12-11 18:49:58] [SEVERE ] setting player 3 freeze to -106
[2022-12-11 18:49:58] [SEVERE ] removing player 1 token from slot 7
[2022-12-11 18:49:58] [SEVERE ] setting player 2 freeze to 0
[2022-12-11 18:49:58] [SEVERE ] setting player 1 freeze to -108
[2022-12-11 18:49:58] [SEVERE ] setting player 0 freeze to -108
[2022-12-11 18:49:58] [SEVERE ] removing player 3 token from slot 2
[2022-12-11 18:49:58] [SEVERE ] removing player 2 token from slot 7
[2022-12-11 18:49:58] [SEVERE ] player 0 placing token on slot 10
[2022-12-11 18:49:58] [SEVERE ] player 1 placing token on slot 8
[2022-12-11 18:49:58] [SEVERE ] setting player 2 freeze to -108
[2022-12-11 18:49:59] [SEVERE ] setting player 1 freeze to 0
[2022-12-11 18:49:59] [SEVERE ] setting player 0 freeze to 0
[2022-12-11 18:49:59] [SEVERE ] player 3 placing token on slot 5
[2022-12-11 18:49:59] [SEVERE ] player 2 placing token on slot 10
[2022-12-11 18:49:59] [SEVERE ] removing player 0 token from slot 10
[2022-12-11 18:49:59] [SEVERE ] removing player 1 token from slot 8
[2022-12-11 18:49:59] [SEVERE ] setting player 2 freeze to 0
[2022-12-11 18:49:59] [SEVERE ] setting player 1 freeze to -107
[2022-12-11 18:49:59] [SEVERE ] setting player 0 freeze to -107
[2022-12-11 18:49:59] [SEVERE ] player 3 placing token on slot 2
[2022-12-11 18:49:59] [SEVERE ] removing player 2 token from slot 8
[2022-12-11 18:49:59] [SEVERE ] player 0 placing token on slot 10
[2022-12-11 18:49:59] [SEVERE ] setting player 3 freeze to 0
[2022-12-11 18:49:59] [SEVERE ] player 1 placing token on slot 7
[2022-12-11 18:49:59] [SEVERE ] setting player 2 freeze to -110
[2022-12-11 18:49:59] [SEVERE ] setting player 1 freeze to 0
[2022-12-11 18:49:59] [SEVERE ] setting player 0 freeze to 0
[2022-12-11 18:49:59] [SEVERE ] removing player 3 token from slot 4
[2022-12-11 18:49:59] [SEVERE ] removing player 2 token from slot 10
[2022-12-11 18:49:59] [SEVERE ] removing player 0 token from slot 7
[2022-12-11 18:49:59] [SEVERE ] setting player 3 freeze to -109
[2022-12-11 18:49:59] [SEVERE ] removing player 1 token from slot 11
[2022-12-11 18:49:59] [SEVERE ] setting player 1 freeze to -108
[2022-12-11 18:49:59] [SEVERE ] setting player 0 freeze to -107
[2022-12-11 18:49:59] [SEVERE ] player 3 placing token on slot 4
[2022-12-11 18:49:59] [SEVERE ] player 2 placing token on slot 6
[2022-12-11 18:49:59] [SEVERE ] removing player 0 token from slot 10
[2022-12-11 18:49:59] [SEVERE ] setting player 3 freeze to 0
[2022-12-11 18:49:59] [SEVERE ] removing player 1 token from slot 9
[2022-12-11 18:49:59] [SEVERE ] removing player 3 token from slot 4
[2022-12-11 18:49:59] [SEVERE ] removing player 2 token from slot 6
[2022-12-11 18:49:59] [SEVERE ] player 0 placing token on slot 6
[2022-12-11 18:49:59] [SEVERE ] setting player 3 freeze to -109
[2022-12-11 18:49:59] [SEVERE ] player 1 placing token on slot 0
[2022-12-11 18:49:59] [SEVERE ] removing player 3 token from slot 5
[2022-12-11 18:49:59] [SEVERE ] player 2 placing token on slot 5
[2022-12-11 18:49:59] [SEVERE ] player 0 placing token on slot 9
[2022-12-11 18:49:59] [SEVERE ] player 1 placing token on slot 8
[2022-12-11 18:49:59] [SEVERE ] setting player 1 freeze to 0
[2022-12-11 18:49:59] [SEVERE ] setting player 0 freeze to 0
[2022-12-11 18:49:59] [SEVERE ] player 3 placing token on slot 7
[2022-12-11 18:49:59] [SEVERE ] player 2 placing token on slot 8
[2022-12-11 18:49:59] [SEVERE ] removing player 0 token from slot 6
[2022-12-11 18:49:59] [SEVERE ] removing player 1 token from slot 8
[2022-12-11 18:49:59] [SEVERE ] setting player 2 freeze to 0
[2022-12-11 18:49:59] [SEVERE ] setting player 1 freeze to -110
[2022-12-11 18:49:59] [SEVERE ] player 3 placing token on slot 1
[2022-12-11 18:49:59] [SEVERE ] setting player 0 freeze to -109
[2022-12-11 18:49:59] [SEVERE ] removing player 2 token from slot 5
[2022-12-11 18:49:59] [SEVERE ] setting player 3 freeze to 0
[2022-12-11 18:49:59] [SEVERE ] player 1 placing token on slot 3
[2022-12-11 18:49:59] [SEVERE ] setting player 2 freeze to -109
[2022-12-11 18:49:59] [SEVERE ] player 0 placing token on slot 2
[2022-12-11 18:49:59] [SEVERE ] setting player 1 freeze to 0
[2022-12-11 18:49:59] [SEVERE ] removing player 3 token from slot 7
[2022-12-11 18:49:59] [SEVERE ] setting player 0 freeze to 0
[2022-12-11 18:49:59] [SEVERE ] player 2 placing token on slot 7
[2022-12-11 18:49:59] [SEVERE ] setting player 3 freeze to -110
[2022-12-11 18:49:59] [SEVERE ] removing player 1 token from slot 0
[2022-12-11 18:49:59] [SEVERE ] setting player 2 freeze to 0
[2022-12-11 18:49:59] [SEVERE ] removing player 0 token from slot 2
[2022-12-11 18:49:59] [SEVERE ] setting player 1 freeze to -110
[2022-12-11 18:49:59] [SEVERE ] player 3 placing token on slot 5
[2022-12-11 18:50:00] [SEVERE ] setting player 0 freeze to -110
[2022-12-11 18:50:00] [SEVERE ] removing player 2 token from slot 8
[2022-12-11 18:50:00] [SEVERE ] setting player 3 freeze to 0
[2022-12-11 18:50:00] [SEVERE ] player 1 placing token on slot 6
[2022-12-11 18:50:00] [SEVERE ] setting player 2 freeze to -109
[2022-12-11 18:50:00] [SEVERE ] removing player 3 token from slot 1
[2022-12-11 18:50:00] [SEVERE ] setting player 1 freeze to 0
[2022-12-11 18:50:00] [SEVERE ] player 0 placing token on slot 3
[2022-12-11 18:50:00] [SEVERE ] player 2 placing token on slot 1
[2022-12-11 18:50:00] [SEVERE ] setting player 3 freeze to -109
[2022-12-11 18:50:00] [SEVERE ] removing player 1 token from slot 7
[2022-12-11 18:50:00] [SEVERE ] setting player 2 freeze to 0
[2022-12-11 18:50:00] [SEVERE ] setting player 1 freeze to -110
[2022-12-11 18:50:00] [SEVERE ] removing player 0 token from slot 3
[2022-12-11 18:50:00] [SEVERE ] player 3 placing token on slot 10
[2022-12-11 18:50:00] [SEVERE ] removing player 2 token from slot 1
[2022-12-11 18:50:00] [SEVERE ] setting player 3 freeze to 0
[2022-12-11 18:50:00] [SEVERE ] player 1 placing token on slot 8
[2022-12-11 18:50:00] [SEVERE ] setting player 2 freeze to -110
[2022-12-11 18:50:00] [SEVERE ] player 0 placing token on slot 10
[2022-12-11 18:50:00] [SEVERE ] setting player 1 freeze to 0
[2022-12-11 18:50:00] [SEVERE ] removing player 3 token from slot 10
[2022-12-11 18:50:00] [SEVERE ] setting player 0 freeze to 0
[2022-12-11 18:50:00] [SEVERE ] player 2 placing token on slot 1
[2022-12-11 18:50:00] [SEVERE ] setting player 3 freeze to -110
[2022-12-11 18:50:00] [SEVERE ] removing player 1 token from slot 3
[2022-12-11 18:50:00] [SEVERE ] setting player 2 freeze to 0
[2022-12-11 18:50:00] [SEVERE ] removing player 0 token from slot 9
[2022-12-11 18:50:00] [SEVERE ] setting player 1 freeze to -107
[2022-12-11 18:50:00] [SEVERE ] removing player 3 token from slot 2
[2022-12-11 18:50:00] [SEVERE ] setting player 0 freeze to -106
[2022-12-11 18:50:00] [SEVERE ] Exit button pressed
[2022-12-11 18:50:00] [SEVERE ] removing player 2 token from slot 7
[2022-12-11 18:50:00] [SEVERE ] player 1 placing token on slot 10
[2022-12-11 18:50:00] [SEVERE ] setting player 2 freeze to -109
[2022-12-11 18:50:00] [SEVERE ] player 3 placing token on slot 0
[2022-12-11 18:50:00] [SEVERE ] setting player 1 freeze to 0
[2022-12-11 18:50:00] [SEVERE ] player 0 placing token on slot 0
[2022-12-11 18:50:00] [SEVERE ] setting player 0 freeze to 0
[2022-12-11 18:50:00] [SEVERE ] setting player 1 freeze to -101
[2022-12-11 18:50:00] [SEVERE ] removing card from slot 0
[2022-12-11 18:50:00] [SEVERE ] setting player 0 freeze to -107
[2022-12-11 18:50:00] [SEVERE ] removing card from slot 1
[2022-12-11 18:50:00] [SEVERE ] removing card from slot 2
[2022-12-11 18:50:00] [SEVERE ] removing card from slot 3
[2022-12-11 18:50:01] [SEVERE ] removing card from slot 4
[2022-12-11 18:50:01] [SEVERE ] removing card from slot 5
[2022-12-11 18:50:01] [SEVERE ] removing card from slot 6
[2022-12-11 18:50:01] [SEVERE ] removing card from slot 7
[2022-12-11 18:50:01] [SEVERE ] removing card from slot 8
[2022-12-11 18:50:01] [SEVERE ] removing card from slot 9
[2022-12-11 18:50:01] [SEVERE ] removing card from slot 10
[2022-12-11 18:50:01] [SEVERE ] removing card from slot 11
[2022-12-11 18:50:01] [SEVERE ] removing player 0 token from slot 8
[2022-12-11 18:50:01] [SEVERE ] removing player 0 token from slot 10
[2022-12-11 18:50:01] [SEVERE ] removing player 0 token from slot 0
[2022-12-11 18:50:01] [SEVERE ] removing player 1 token from slot 6
[2022-12-11 18:50:01] [SEVERE ] removing player 1 token from slot 8
[2022-12-11 18:50:01] [SEVERE ] removing player 1 token from slot 10
[2022-12-11 18:50:01] [SEVERE ] removing player 2 token from slot 0
[2022-12-11 18:50:01] [SEVERE ] removing player 2 token from slot 1
[2022-12-11 18:50:01] [SEVERE ] removing player 3 token from slot 5
[2022-12-11 18:50:01] [SEVERE ] removing player 3 token from slot 0
[2022-12-11 18:50:01] [SEVERE ] announcing winners: [0, 1]
[2022-12-11 18:50:01] [INFO   ] Thread main terminated.
