[2022-12-11 18:56:37] [INFO   ] cannot read configuration file config.properties trying from resources.
[2022-12-11 18:56:37] [INFO   ] configuration file was loaded from resources directory.
[2022-12-11 18:56:38] [SEVERE ] placing card 67 in slot 0
[2022-12-11 18:56:38] [SEVERE ] placing card 3 in slot 2
[2022-12-11 18:56:38] [SEVERE ] placing card 65 in slot 4
[2022-12-11 18:56:38] [SEVERE ] placing card 69 in slot 1
[2022-12-11 18:56:38] [SEVERE ] placing card 30 in slot 3
[2022-12-11 18:56:38] [SEVERE ] placing card 26 in slot 7
[2022-12-11 18:56:39] [SEVERE ] placing card 41 in slot 11
[2022-12-11 18:56:39] [SEVERE ] placing card 29 in slot 8
[2022-12-11 18:56:39] [SEVERE ] placing card 39 in slot 9
[2022-12-11 18:56:39] [SEVERE ] placing card 33 in slot 10
[2022-12-11 18:56:39] [SEVERE ] placing card 16 in slot 5
[2022-12-11 18:56:39] [SEVERE ] placing card 10 in slot 6
[2022-12-11 18:56:39] [SEVERE ] player 0 placing token on slot 0
[2022-12-11 18:56:39] [SEVERE ] player 3 placing token on slot 9
[2022-12-11 18:56:39] [SEVERE ] player 2 placing token on slot 5
[2022-12-11 18:56:39] [SEVERE ] player 1 placing token on slot 4
[2022-12-11 18:56:39] [SEVERE ] player 2 placing token on slot 10
[2022-12-11 18:56:39] [SEVERE ] player 0 placing token on slot 8
[2022-12-11 18:56:39] [SEVERE ] removing player 1 token from slot 4
[2022-12-11 18:56:39] [SEVERE ] player 3 placing token on slot 4
[2022-12-11 18:56:39] [SEVERE ] removing player 0 token from slot 8
[2022-12-11 18:56:39] [SEVERE ] player 2 placing token on slot 4
[2022-12-11 18:56:39] [SEVERE ] player 1 placing token on slot 1
[2022-12-11 18:56:39] [SEVERE ] player 3 placing token on slot 7
[2022-12-11 18:56:40] [SEVERE ] player 0 placing token on slot 11
[2022-12-11 18:56:40] [SEVERE ] setting player 2 freeze to 2000
[2022-12-11 18:56:40] [SEVERE ] removing player 2 token from slot 4
[2022-12-11 18:56:40] [SEVERE ] setting player 3 freeze to 2000
[2022-12-11 18:56:40] [SEVERE ] removing player 3 token from slot 4
[2022-12-11 18:56:40] [SEVERE ] player 1 placing token on slot 2
[2022-12-11 18:56:40] [SEVERE ] player 0 placing token on slot 7
[2022-12-11 18:56:40] [SEVERE ] setting player 3 freeze to 1898
[2022-12-11 18:56:40] [SEVERE ] setting player 2 freeze to 1890
[2022-12-11 18:56:40] [SEVERE ] setting player 0 freeze to 2000
[2022-12-11 18:56:40] [SEVERE ] player 1 placing token on slot 7
[2022-12-11 18:56:40] [SEVERE ] player 2 placing token on slot 8
[2022-12-11 18:56:40] [SEVERE ] removing player 3 token from slot 9
[2022-12-11 18:56:40] [SEVERE ] removing player 0 token from slot 7
[2022-12-11 18:56:40] [SEVERE ] setting player 3 freeze to 1795
[2022-12-11 18:56:40] [SEVERE ] setting player 0 freeze to 1888
[2022-12-11 18:56:40] [SEVERE ] setting player 2 freeze to 1778
[2022-12-11 18:56:40] [SEVERE ] removing player 1 token from slot 1
[2022-12-11 18:56:40] [SEVERE ] removing player 2 token from slot 5
[2022-12-11 18:56:40] [SEVERE ] player 0 placing token on slot 9
[2022-12-11 18:56:40] [SEVERE ] setting player 3 freeze to 1691
[2022-12-11 18:56:40] [SEVERE ] player 3 placing token on slot 10
[2022-12-11 18:56:40] [SEVERE ] setting player 0 freeze to 1777
[2022-12-11 18:56:40] [SEVERE ] setting player 2 freeze to 1667
[2022-12-11 18:56:40] [SEVERE ] player 1 placing token on slot 8
[2022-12-11 18:56:40] [SEVERE ] setting player 1 freeze to 2000
[2022-12-11 18:56:40] [SEVERE ] player 2 placing token on slot 2
[2022-12-11 18:56:40] [SEVERE ] removing player 0 token from slot 9
[2022-12-11 18:56:40] [SEVERE ] setting player 3 freeze to 1581
[2022-12-11 18:56:40] [SEVERE ] player 3 placing token on slot 4
[2022-12-11 18:56:40] [SEVERE ] setting player 2 freeze to 1557
[2022-12-11 18:56:40] [SEVERE ] removing player 1 token from slot 7
[2022-12-11 18:56:40] [SEVERE ] setting player 0 freeze to 1667
[2022-12-11 18:56:40] [SEVERE ] setting player 1 freeze to 1891
[2022-12-11 18:56:40] [SEVERE ] removing player 2 token from slot 2
[2022-12-11 18:56:40] [SEVERE ] removing player 3 token from slot 4
[2022-12-11 18:56:40] [SEVERE ] setting player 3 freeze to 1473
[2022-12-11 18:56:40] [SEVERE ] player 0 placing token on slot 6
[2022-12-11 18:56:40] [SEVERE ] setting player 2 freeze to 1455
[2022-12-11 18:56:40] [SEVERE ] player 1 placing token on slot 5
[2022-12-11 18:56:40] [SEVERE ] setting player 0 freeze to 1559
[2022-12-11 18:56:40] [SEVERE ] setting player 1 freeze to 1782
[2022-12-11 18:56:40] [SEVERE ] player 2 placing token on slot 4
[2022-12-11 18:56:40] [SEVERE ] player 3 placing token on slot 0
[2022-12-11 18:56:40] [SEVERE ] removing player 0 token from slot 11
[2022-12-11 18:56:40] [SEVERE ] setting player 3 freeze to 1363
[2022-12-11 18:56:40] [SEVERE ] removing player 1 token from slot 8
[2022-12-11 18:56:40] [SEVERE ] setting player 0 freeze to 1450
[2022-12-11 18:56:40] [SEVERE ] setting player 2 freeze to 1340
[2022-12-11 18:56:40] [SEVERE ] setting player 1 freeze to 1673
[2022-12-11 18:56:40] [SEVERE ] removing player 2 token from slot 10
[2022-12-11 18:56:40] [SEVERE ] removing player 3 token from slot 0
[2022-12-11 18:56:40] [SEVERE ] player 0 placing token on slot 11
[2022-12-11 18:56:40] [SEVERE ] setting player 3 freeze to 1256
[2022-12-11 18:56:40] [SEVERE ] player 1 placing token on slot 10
[2022-12-11 18:56:40] [SEVERE ] setting player 2 freeze to 1232
[2022-12-11 18:56:40] [SEVERE ] setting player 0 freeze to 1342
[2022-12-11 18:56:40] [SEVERE ] setting player 1 freeze to 1565
[2022-12-11 18:56:40] [SEVERE ] player 2 placing token on slot 2
[2022-12-11 18:56:40] [SEVERE ] player 3 placing token on slot 9
[2022-12-11 18:56:40] [SEVERE ] setting player 3 freeze to 1147
[2022-12-11 18:56:40] [SEVERE ] removing player 0 token from slot 0
[2022-12-11 18:56:40] [SEVERE ] removing player 1 token from slot 2
[2022-12-11 18:56:40] [SEVERE ] setting player 2 freeze to 1131
[2022-12-11 18:56:40] [SEVERE ] setting player 0 freeze to 1233
[2022-12-11 18:56:40] [SEVERE ] setting player 1 freeze to 1457
[2022-12-11 18:56:41] [SEVERE ] removing player 2 token from slot 8
[2022-12-11 18:56:41] [SEVERE ] removing player 3 token from slot 7
[2022-12-11 18:56:41] [SEVERE ] setting player 3 freeze to 1045
[2022-12-11 18:56:41] [SEVERE ] player 0 placing token on slot 1
[2022-12-11 18:56:41] [SEVERE ] player 1 placing token on slot 8
[2022-12-11 18:56:41] [SEVERE ] setting player 2 freeze to 1015
[2022-12-11 18:56:41] [SEVERE ] setting player 0 freeze to 1125
[2022-12-11 18:56:41] [SEVERE ] setting player 1 freeze to 1348
[2022-12-11 18:56:41] [SEVERE ] player 2 placing token on slot 6
[2022-12-11 18:56:41] [SEVERE ] player 3 placing token on slot 4
[2022-12-11 18:56:41] [SEVERE ] removing player 0 token from slot 11
[2022-12-11 18:56:41] [SEVERE ] setting player 3 freeze to 930
[2022-12-11 18:56:41] [SEVERE ] removing player 1 token from slot 5
[2022-12-11 18:56:41] [SEVERE ] setting player 2 freeze to 907
[2022-12-11 18:56:41] [SEVERE ] setting player 0 freeze to 1017
[2022-12-11 18:56:41] [SEVERE ] setting player 1 freeze to 1240
[2022-12-11 18:56:41] [SEVERE ] removing player 2 token from slot 6
[2022-12-11 18:56:41] [SEVERE ] removing player 3 token from slot 9
[2022-12-11 18:56:41] [SEVERE ] setting player 3 freeze to 822
[2022-12-11 18:56:41] [SEVERE ] player 1 placing token on slot 7
[2022-12-11 18:56:41] [SEVERE ] player 0 placing token on slot 9
[2022-12-11 18:56:41] [SEVERE ] setting player 0 freeze to 908
[2022-12-11 18:56:41] [SEVERE ] setting player 2 freeze to 798
[2022-12-11 18:56:41] [SEVERE ] setting player 1 freeze to 1132
[2022-12-11 18:56:41] [SEVERE ] removing player 2 token from slot 2
[2022-12-11 18:56:41] [SEVERE ] removing player 3 token from slot 4
[2022-12-11 18:56:41] [SEVERE ] removing player 1 token from slot 7
[2022-12-11 18:56:41] [SEVERE ] setting player 3 freeze to 720
[2022-12-11 18:56:41] [SEVERE ] removing player 0 token from slot 9
[2022-12-11 18:56:41] [SEVERE ] setting player 0 freeze to 798
[2022-12-11 18:56:41] [SEVERE ] setting player 2 freeze to 688
[2022-12-11 18:56:41] [SEVERE ] setting player 1 freeze to 1022
[2022-12-11 18:56:41] [SEVERE ] player 2 placing token on slot 1
[2022-12-11 18:56:41] [SEVERE ] setting player 3 freeze to 619
[2022-12-11 18:56:41] [SEVERE ] player 3 placing token on slot 9
[2022-12-11 18:56:41] [SEVERE ] player 1 placing token on slot 3
[2022-12-11 18:56:41] [SEVERE ] player 0 placing token on slot 8
[2022-12-11 18:56:41] [SEVERE ] setting player 0 freeze to 698
[2022-12-11 18:56:41] [SEVERE ] setting player 2 freeze to 580
[2022-12-11 18:56:41] [SEVERE ] setting player 1 freeze to 913
[2022-12-11 18:56:41] [SEVERE ] player 2 placing token on slot 0
[2022-12-11 18:56:41] [SEVERE ] setting player 3 freeze to 517
[2022-12-11 18:56:41] [SEVERE ] player 3 placing token on slot 2
[2022-12-11 18:56:41] [SEVERE ] removing player 1 token from slot 10
[2022-12-11 18:56:41] [SEVERE ] setting player 0 freeze to 596
[2022-12-11 18:56:41] [SEVERE ] removing player 0 token from slot 6
[2022-12-11 18:56:41] [SEVERE ] setting player 2 freeze to 470
[2022-12-11 18:56:41] [SEVERE ] setting player 1 freeze to 804
[2022-12-11 18:56:41] [SEVERE ] removing player 2 token from slot 0
[2022-12-11 18:56:41] [SEVERE ] setting player 3 freeze to 415
[2022-12-11 18:56:41] [SEVERE ] removing player 3 token from slot 9
[2022-12-11 18:56:41] [SEVERE ] removing player 1 token from slot 3
[2022-12-11 18:56:41] [SEVERE ] setting player 0 freeze to 496
[2022-12-11 18:56:41] [SEVERE ] player 0 placing token on slot 3
[2022-12-11 18:56:41] [SEVERE ] setting player 2 freeze to 362
[2022-12-11 18:56:41] [SEVERE ] setting player 1 freeze to 695
[2022-12-11 18:56:41] [SEVERE ] player 2 placing token on slot 9
[2022-12-11 18:56:41] [SEVERE ] setting player 3 freeze to 307
[2022-12-11 18:56:41] [SEVERE ] player 3 placing token on slot 7
[2022-12-11 18:56:41] [SEVERE ] setting player 0 freeze to 393
[2022-12-11 18:56:41] [SEVERE ] player 1 placing token on slot 11
[2022-12-11 18:56:41] [SEVERE ] removing player 0 token from slot 8
[2022-12-11 18:56:41] [SEVERE ] setting player 2 freeze to 252
[2022-12-11 18:56:41] [SEVERE ] setting player 1 freeze to 585
[2022-12-11 18:56:41] [SEVERE ] removing player 2 token from slot 4
[2022-12-11 18:56:41] [SEVERE ] setting player 3 freeze to 198
[2022-12-11 18:56:41] [SEVERE ] player 1 placing token on slot 4
[2022-12-11 18:56:41] [SEVERE ] setting player 0 freeze to 285
[2022-12-11 18:56:41] [SEVERE ] removing player 3 token from slot 2
[2022-12-11 18:56:41] [SEVERE ] player 0 placing token on slot 9
[2022-12-11 18:56:41] [SEVERE ] setting player 2 freeze to 144
[2022-12-11 18:56:41] [SEVERE ] setting player 1 freeze to 478
[2022-12-11 18:56:41] [SEVERE ] setting player 3 freeze to 90
[2022-12-11 18:56:41] [SEVERE ] removing player 2 token from slot 1
[2022-12-11 18:56:41] [SEVERE ] removing player 1 token from slot 11
[2022-12-11 18:56:42] [SEVERE ] setting player 0 freeze to 176
[2022-12-11 18:56:42] [SEVERE ] player 3 placing token on slot 9
[2022-12-11 18:56:42] [SEVERE ] removing player 0 token from slot 3
[2022-12-11 18:56:42] [SEVERE ] setting player 2 freeze to 36
[2022-12-11 18:56:42] [SEVERE ] setting player 1 freeze to 370
[2022-12-11 18:56:42] [SEVERE ] setting player 3 freeze to -12
[2022-12-11 18:56:42] [SEVERE ] player 2 placing token on slot 3
[2022-12-11 18:56:42] [SEVERE ] removing player 3 token from slot 10
[2022-12-11 18:56:42] [SEVERE ] setting player 0 freeze to 70
[2022-12-11 18:56:42] [SEVERE ] player 1 placing token on slot 7
[2022-12-11 18:56:42] [SEVERE ] player 0 placing token on slot 0
[2022-12-11 18:56:42] [SEVERE ] setting player 2 freeze to -71
[2022-12-11 18:56:42] [SEVERE ] setting player 1 freeze to 262
[2022-12-11 18:56:42] [SEVERE ] player 2 placing token on slot 10
[2022-12-11 18:56:42] [SEVERE ] removing player 3 token from slot 7
[2022-12-11 18:56:42] [SEVERE ] setting player 0 freeze to -39
[2022-12-11 18:56:42] [SEVERE ] removing player 1 token from slot 4
[2022-12-11 18:56:42] [SEVERE ] removing player 0 token from slot 1
[2022-12-11 18:56:42] [SEVERE ] setting player 2 freeze to 2000
[2022-12-11 18:56:42] [SEVERE ] setting player 1 freeze to 155
[2022-12-11 18:56:42] [SEVERE ] removing player 2 token from slot 9
[2022-12-11 18:56:42] [SEVERE ] player 3 placing token on slot 5
[2022-12-11 18:56:42] [SEVERE ] player 1 placing token on slot 4
[2022-12-11 18:56:42] [SEVERE ] player 0 placing token on slot 5
[2022-12-11 18:56:42] [SEVERE ] setting player 2 freeze to 1892
[2022-12-11 18:56:42] [SEVERE ] setting player 1 freeze to 46
[2022-12-11 18:56:42] [SEVERE ] player 2 placing token on slot 11
[2022-12-11 18:56:42] [SEVERE ] removing player 3 token from slot 5
[2022-12-11 18:56:42] [SEVERE ] removing player 1 token from slot 8
[2022-12-11 18:56:42] [SEVERE ] setting player 0 freeze to 2000
[2022-12-11 18:56:42] [SEVERE ] removing player 0 token from slot 9
[2022-12-11 18:56:42] [SEVERE ] setting player 2 freeze to 1783
[2022-12-11 18:56:42] [SEVERE ] setting player 1 freeze to -62
[2022-12-11 18:56:42] [SEVERE ] removing player 2 token from slot 11
[2022-12-11 18:56:42] [SEVERE ] player 3 placing token on slot 8
[2022-12-11 18:56:42] [SEVERE ] player 1 placing token on slot 3
[2022-12-11 18:56:42] [SEVERE ] setting player 0 freeze to 1892
[2022-12-11 18:56:42] [SEVERE ] setting player 2 freeze to 1674
[2022-12-11 18:56:42] [SEVERE ] setting player 1 freeze to 2000
[2022-12-11 18:56:42] [SEVERE ] removing player 0 token from slot 0
[2022-12-11 18:56:42] [SEVERE ] player 3 placing token on slot 5
[2022-12-11 18:56:42] [SEVERE ] player 2 placing token on slot 4
[2022-12-11 18:56:42] [SEVERE ] setting player 3 freeze to 2000
[2022-12-11 18:56:42] [SEVERE ] removing player 1 token from slot 3
[2022-12-11 18:56:42] [SEVERE ] setting player 0 freeze to 1784
[2022-12-11 18:56:42] [SEVERE ] setting player 2 freeze to 1566
[2022-12-11 18:56:42] [SEVERE ] setting player 1 freeze to 1892
[2022-12-11 18:56:42] [SEVERE ] player 0 placing token on slot 10
[2022-12-11 18:56:42] [SEVERE ] removing player 3 token from slot 8
[2022-12-11 18:56:42] [SEVERE ] removing player 2 token from slot 10
[2022-12-11 18:56:42] [SEVERE ] setting player 3 freeze to 1892
[2022-12-11 18:56:42] [SEVERE ] player 1 placing token on slot 10
[2022-12-11 18:56:42] [SEVERE ] setting player 0 freeze to 1676
[2022-12-11 18:56:42] [SEVERE ] setting player 2 freeze to 1458
[2022-12-11 18:56:42] [SEVERE ] setting player 1 freeze to 1784
[2022-12-11 18:56:42] [SEVERE ] removing player 3 token from slot 9
[2022-12-11 18:56:42] [SEVERE ] player 0 placing token on slot 9
[2022-12-11 18:56:42] [SEVERE ] player 2 placing token on slot 8
[2022-12-11 18:56:42] [SEVERE ] setting player 3 freeze to 1784
[2022-12-11 18:56:42] [SEVERE ] removing player 1 token from slot 10
[2022-12-11 18:56:42] [SEVERE ] setting player 0 freeze to 1567
[2022-12-11 18:56:42] [SEVERE ] setting player 2 freeze to 1349
[2022-12-11 18:56:42] [SEVERE ] setting player 1 freeze to 1675
[2022-12-11 18:56:42] [SEVERE ] player 3 placing token on slot 11
[2022-12-11 18:56:42] [SEVERE ] removing player 0 token from slot 5
[2022-12-11 18:56:42] [SEVERE ] removing player 2 token from slot 3
[2022-12-11 18:56:42] [SEVERE ] setting player 3 freeze to 1675
[2022-12-11 18:56:42] [SEVERE ] player 1 placing token on slot 1
[2022-12-11 18:56:42] [SEVERE ] setting player 0 freeze to 1458
[2022-12-11 18:56:43] [SEVERE ] setting player 2 freeze to 1241
[2022-12-11 18:56:43] [SEVERE ] setting player 1 freeze to 1567
[2022-12-11 18:56:43] [SEVERE ] player 3 placing token on slot 6
[2022-12-11 18:56:43] [SEVERE ] removing player 0 token from slot 10
[2022-12-11 18:56:43] [SEVERE ] setting player 3 freeze to 1568
[2022-12-11 18:56:43] [SEVERE ] player 2 placing token on slot 11
[2022-12-11 18:56:43] [SEVERE ] setting player 0 freeze to 1351
[2022-12-11 18:56:43] [SEVERE ] removing player 1 token from slot 7
[2022-12-11 18:56:43] [SEVERE ] setting player 2 freeze to 1132
[2022-12-11 18:56:43] [SEVERE ] setting player 1 freeze to 1459
[2022-12-11 18:56:43] [SEVERE ] removing player 3 token from slot 11
[2022-12-11 18:56:43] [SEVERE ] player 0 placing token on slot 10
[2022-12-11 18:56:43] [SEVERE ] setting player 3 freeze to 1467
[2022-12-11 18:56:43] [SEVERE ] removing player 2 token from slot 8
[2022-12-11 18:56:43] [SEVERE ] setting player 0 freeze to 1249
[2022-12-11 18:56:43] [SEVERE ] player 1 placing token on slot 2
[2022-12-11 18:56:43] [SEVERE ] setting player 2 freeze to 1022
[2022-12-11 18:56:43] [SEVERE ] setting player 1 freeze to 1348
[2022-12-11 18:56:43] [SEVERE ] player 3 placing token on slot 7
[2022-12-11 18:56:43] [SEVERE ] setting player 3 freeze to 1362
[2022-12-11 18:56:43] [SEVERE ] player 0 placing token on slot 11
[2022-12-11 18:56:43] [SEVERE ] player 2 placing token on slot 5
[2022-12-11 18:56:43] [SEVERE ] setting player 0 freeze to 1145
[2022-12-11 18:56:43] [SEVERE ] removing player 1 token from slot 2
[2022-12-11 18:56:43] [SEVERE ] setting player 2 freeze to 911
[2022-12-11 18:56:43] [SEVERE ] setting player 1 freeze to 1238
[2022-12-11 18:56:43] [SEVERE ] removing player 3 token from slot 6
[2022-12-11 18:56:43] [SEVERE ] removing player 0 token from slot 11
[2022-12-11 18:56:43] [SEVERE ] setting player 3 freeze to 1253
[2022-12-11 18:56:43] [SEVERE ] setting player 0 freeze to 1037
[2022-12-11 18:56:43] [SEVERE ] removing player 2 token from slot 5
[2022-12-11 18:56:43] [SEVERE ] player 1 placing token on slot 3
[2022-12-11 18:56:43] [SEVERE ] setting player 2 freeze to 804
[2022-12-11 18:56:43] [SEVERE ] setting player 1 freeze to 1130
[2022-12-11 18:56:43] [SEVERE ] player 3 placing token on slot 4
[2022-12-11 18:56:43] [SEVERE ] player 0 placing token on slot 0
[2022-12-11 18:56:43] [SEVERE ] setting player 3 freeze to 1146
[2022-12-11 18:56:43] [SEVERE ] setting player 0 freeze to 935
[2022-12-11 18:56:43] [SEVERE ] player 2 placing token on slot 8
[2022-12-11 18:56:43] [SEVERE ] removing player 1 token from slot 4
[2022-12-11 18:56:43] [SEVERE ] setting player 2 freeze to 696
[2022-12-11 18:56:43] [SEVERE ] setting player 1 freeze to 1023
[2022-12-11 18:56:43] [SEVERE ] removing player 3 token from slot 5
[2022-12-11 18:56:43] [SEVERE ] removing player 0 token from slot 0
[2022-12-11 18:56:43] [SEVERE ] setting player 3 freeze to 1039
[2022-12-11 18:56:43] [SEVERE ] removing player 2 token from slot 8
[2022-12-11 18:56:43] [SEVERE ] setting player 0 freeze to 822
[2022-12-11 18:56:43] [SEVERE ] player 1 placing token on slot 11
[2022-12-11 18:56:43] [SEVERE ] setting player 2 freeze to 590
[2022-12-11 18:56:43] [SEVERE ] setting player 1 freeze to 916
[2022-12-11 18:56:43] [SEVERE ] player 3 placing token on slot 11
[2022-12-11 18:56:43] [SEVERE ] player 2 placing token on slot 5
[2022-12-11 18:56:43] [SEVERE ] setting player 0 freeze to 716
[2022-12-11 18:56:43] [SEVERE ] setting player 3 freeze to 917
[2022-12-11 18:56:43] [SEVERE ] player 0 placing token on slot 0
[2022-12-11 18:56:43] [SEVERE ] removing player 1 token from slot 11
[2022-12-11 18:56:43] [SEVERE ] setting player 2 freeze to 482
[2022-12-11 18:56:43] [SEVERE ] setting player 1 freeze to 809
[2022-12-11 18:56:43] [SEVERE ] removing player 3 token from slot 11
[2022-12-11 18:56:43] [SEVERE ] removing player 2 token from slot 4
[2022-12-11 18:56:43] [SEVERE ] setting player 0 freeze to 608
[2022-12-11 18:56:43] [SEVERE ] setting player 3 freeze to 809
[2022-12-11 18:56:43] [SEVERE ] removing player 0 token from slot 9
[2022-12-11 18:56:43] [SEVERE ] player 1 placing token on slot 9
[2022-12-11 18:56:43] [SEVERE ] setting player 2 freeze to 374
[2022-12-11 18:56:43] [SEVERE ] setting player 1 freeze to 700
[2022-12-11 18:56:43] [SEVERE ] removing player 3 token from slot 4
[2022-12-11 18:56:43] [SEVERE ] player 2 placing token on slot 9
[2022-12-11 18:56:43] [SEVERE ] setting player 0 freeze to 506
[2022-12-11 18:56:43] [SEVERE ] setting player 3 freeze to 707
[2022-12-11 18:56:43] [SEVERE ] player 0 placing token on slot 11
[2022-12-11 18:56:43] [SEVERE ] removing player 1 token from slot 3
[2022-12-11 18:56:43] [SEVERE ] setting player 2 freeze to 265
[2022-12-11 18:56:44] [SEVERE ] setting player 1 freeze to 591
[2022-12-11 18:56:44] [SEVERE ] player 3 placing token on slot 8
[2022-12-11 18:56:44] [SEVERE ] removing player 2 token from slot 9
[2022-12-11 18:56:44] [SEVERE ] setting player 0 freeze to 402
[2022-12-11 18:56:44] [SEVERE ] removing player 0 token from slot 0
[2022-12-11 18:56:44] [SEVERE ] setting player 3 freeze to 591
[2022-12-11 18:56:44] [SEVERE ] removing player 1 token from slot 1
[2022-12-11 18:56:44] [SEVERE ] setting player 2 freeze to 156
[2022-12-11 18:56:44] [SEVERE ] setting player 1 freeze to 482
[2022-12-11 18:56:44] [SEVERE ] player 3 placing token on slot 6
[2022-12-11 18:56:44] [SEVERE ] player 2 placing token on slot 1
[2022-12-11 18:56:44] [SEVERE ] setting player 0 freeze to 297
[2022-12-11 18:56:44] [SEVERE ] player 0 placing token on slot 6
[2022-12-11 18:56:44] [SEVERE ] setting player 3 freeze to 482
[2022-12-11 18:56:44] [SEVERE ] player 1 placing token on slot 6
[2022-12-11 18:56:44] [SEVERE ] setting player 2 freeze to 47
[2022-12-11 18:56:44] [SEVERE ] setting player 1 freeze to 374
[2022-12-11 18:56:44] [SEVERE ] removing player 3 token from slot 6
[2022-12-11 18:56:44] [SEVERE ] removing player 2 token from slot 1
[2022-12-11 18:56:44] [SEVERE ] setting player 0 freeze to 188
[2022-12-11 18:56:44] [SEVERE ] setting player 3 freeze to 373
[2022-12-11 18:56:44] [SEVERE ] removing player 0 token from slot 6
[2022-12-11 18:56:44] [SEVERE ] player 1 placing token on slot 1
[2022-12-11 18:56:44] [SEVERE ] setting player 2 freeze to -60
[2022-12-11 18:56:44] [SEVERE ] setting player 1 freeze to 266
[2022-12-11 18:56:44] [SEVERE ] player 3 placing token on slot 10
[2022-12-11 18:56:44] [SEVERE ] player 2 placing token on slot 4
[2022-12-11 18:56:44] [SEVERE ] setting player 0 freeze to 80
[2022-12-11 18:56:44] [SEVERE ] setting player 3 freeze to 271
[2022-12-11 18:56:44] [SEVERE ] player 0 placing token on slot 3
[2022-12-11 18:56:44] [SEVERE ] removing player 1 token from slot 6
[2022-12-11 18:56:44] [SEVERE ] setting player 2 freeze to 2000
[2022-12-11 18:56:44] [SEVERE ] setting player 1 freeze to 157
[2022-12-11 18:56:44] [SEVERE ] removing player 3 token from slot 8
[2022-12-11 18:56:44] [SEVERE ] removing player 2 token from slot 11
[2022-12-11 18:56:44] [SEVERE ] setting player 0 freeze to -30
[2022-12-11 18:56:44] [SEVERE ] removing player 0 token from slot 11
[2022-12-11 18:56:44] [SEVERE ] setting player 3 freeze to 155
[2022-12-11 18:56:44] [SEVERE ] removing player 1 token from slot 9
[2022-12-11 18:56:44] [SEVERE ] setting player 2 freeze to 1890
[2022-12-11 18:56:44] [SEVERE ] setting player 1 freeze to 46
[2022-12-11 18:56:44] [SEVERE ] player 2 placing token on slot 3
[2022-12-11 18:56:44] [SEVERE ] removing player 3 token from slot 10
[2022-12-11 18:56:44] [SEVERE ] setting player 3 freeze to 46
[2022-12-11 18:56:44] [SEVERE ] player 0 placing token on slot 0
[2022-12-11 18:56:44] [SEVERE ] removing player 1 token from slot 1
[2022-12-11 18:56:44] [SEVERE ] setting player 2 freeze to 1781
[2022-12-11 18:56:44] [SEVERE ] removing player 2 token from slot 4
[2022-12-11 18:56:44] [SEVERE ] setting player 1 freeze to -63
[2022-12-11 18:56:44] [SEVERE ] player 3 placing token on slot 1
[2022-12-11 18:56:44] [SEVERE ] setting player 0 freeze to 2000
[2022-12-11 18:56:44] [SEVERE ] setting player 3 freeze to -55
[2022-12-11 18:56:44] [SEVERE ] removing player 0 token from slot 3
[2022-12-11 18:56:44] [SEVERE ] player 1 placing token on slot 10
[2022-12-11 18:56:44] [SEVERE ] setting player 2 freeze to 1671
[2022-12-11 18:56:44] [SEVERE ] player 2 placing token on slot 1
[2022-12-11 18:56:44] [SEVERE ] player 3 placing token on slot 3
[2022-12-11 18:56:44] [SEVERE ] setting player 0 freeze to 1891
[2022-12-11 18:56:44] [SEVERE ] setting player 3 freeze to 2000
[2022-12-11 18:56:44] [SEVERE ] player 1 placing token on slot 1
[2022-12-11 18:56:44] [SEVERE ] player 0 placing token on slot 3
[2022-12-11 18:56:44] [SEVERE ] setting player 2 freeze to 1563
[2022-12-11 18:56:44] [SEVERE ] removing player 2 token from slot 1
[2022-12-11 18:56:44] [SEVERE ] removing player 3 token from slot 7
[2022-12-11 18:56:44] [SEVERE ] setting player 0 freeze to 1783
[2022-12-11 18:56:44] [SEVERE ] setting player 3 freeze to 1892
[2022-12-11 18:56:44] [SEVERE ] player 1 placing token on slot 6
[2022-12-11 18:56:44] [SEVERE ] removing player 0 token from slot 3
[2022-12-11 18:56:44] [SEVERE ] setting player 2 freeze to 1454
[2022-12-11 18:56:44] [SEVERE ] player 2 placing token on slot 9
[2022-12-11 18:56:44] [SEVERE ] setting player 1 freeze to 2000
[2022-12-11 18:56:44] [SEVERE ] player 3 placing token on slot 5
[2022-12-11 18:56:45] [SEVERE ] setting player 3 freeze to 1783
[2022-12-11 18:56:45] [SEVERE ] setting player 0 freeze to 1674
[2022-12-11 18:56:45] [SEVERE ] removing player 1 token from slot 10
[2022-12-11 18:56:45] [SEVERE ] player 0 placing token on slot 3
[2022-12-11 18:56:45] [SEVERE ] removing player 2 token from slot 5
[2022-12-11 18:56:45] [SEVERE ] setting player 2 freeze to 1329
[2022-12-11 18:56:45] [SEVERE ] setting player 1 freeze to 1890
[2022-12-11 18:56:45] [SEVERE ] removing player 3 token from slot 5
[2022-12-11 18:56:45] [SEVERE ] setting player 3 freeze to 1681
[2022-12-11 18:56:45] [SEVERE ] setting player 0 freeze to 1564
[2022-12-11 18:56:45] [SEVERE ] player 1 placing token on slot 2
[2022-12-11 18:56:45] [SEVERE ] removing player 0 token from slot 10
[2022-12-11 18:56:45] [SEVERE ] player 2 placing token on slot 4
[2022-12-11 18:56:45] [SEVERE ] setting player 2 freeze to 1220
[2022-12-11 18:56:45] [SEVERE ] setting player 1 freeze to 1781
[2022-12-11 18:56:45] [SEVERE ] player 3 placing token on slot 9
[2022-12-11 18:56:45] [SEVERE ] setting player 3 freeze to 1579
[2022-12-11 18:56:45] [SEVERE ] setting player 0 freeze to 1453
[2022-12-11 18:56:45] [SEVERE ] removing player 1 token from slot 1
[2022-12-11 18:56:45] [SEVERE ] removing player 2 token from slot 3
[2022-12-11 18:56:45] [SEVERE ] player 0 placing token on slot 4
[2022-12-11 18:56:45] [SEVERE ] setting player 1 freeze to 1671
[2022-12-11 18:56:45] [SEVERE ] setting player 2 freeze to 1110
[2022-12-11 18:56:45] [SEVERE ] setting player 3 freeze to 1470
[2022-12-11 18:56:45] [SEVERE ] removing player 3 token from slot 1
[2022-12-11 18:56:45] [SEVERE ] setting player 0 freeze to 1346
[2022-12-11 18:56:45] [SEVERE ] removing player 1 token from slot 6
[2022-12-11 18:56:45] [SEVERE ] player 2 placing token on slot 1
[2022-12-11 18:56:45] [SEVERE ] removing player 0 token from slot 3
[2022-12-11 18:56:45] [SEVERE ] setting player 2 freeze to 1003
[2022-12-11 18:56:45] [SEVERE ] setting player 1 freeze to 1564
[2022-12-11 18:56:45] [SEVERE ] setting player 3 freeze to 1369
[2022-12-11 18:56:45] [SEVERE ] removing player 3 token from slot 9
[2022-12-11 18:56:45] [SEVERE ] setting player 0 freeze to 1237
[2022-12-11 18:56:45] [SEVERE ] player 1 placing token on slot 6
[2022-12-11 18:56:45] [SEVERE ] removing player 2 token from slot 9
[2022-12-11 18:56:45] [SEVERE ] player 0 placing token on slot 9
[2022-12-11 18:56:45] [SEVERE ] setting player 2 freeze to 901
[2022-12-11 18:56:45] [SEVERE ] setting player 1 freeze to 1454
[2022-12-11 18:56:45] [SEVERE ] setting player 3 freeze to 1268
[2022-12-11 18:56:45] [SEVERE ] player 3 placing token on slot 1
[2022-12-11 18:56:45] [SEVERE ] setting player 0 freeze to 1127
[2022-12-11 18:56:45] [SEVERE ] player 1 placing token on slot 0
[2022-12-11 18:56:45] [SEVERE ] removing player 2 token from slot 4
[2022-12-11 18:56:45] [SEVERE ] setting player 2 freeze to 800
[2022-12-11 18:56:45] [SEVERE ] removing player 0 token from slot 4
[2022-12-11 18:56:45] [SEVERE ] setting player 1 freeze to 1353
[2022-12-11 18:56:45] [SEVERE ] setting player 3 freeze to 1159
[2022-12-11 18:56:45] [SEVERE ] player 3 placing token on slot 10
[2022-12-11 18:56:45] [SEVERE ] setting player 0 freeze to 1018
[2022-12-11 18:56:45] [SEVERE ] removing player 1 token from slot 6
[2022-12-11 18:56:45] [SEVERE ] player 2 placing token on slot 9
[2022-12-11 18:56:45] [SEVERE ] setting player 2 freeze to 691
[2022-12-11 18:56:45] [SEVERE ] setting player 1 freeze to 1252
[2022-12-11 18:56:45] [SEVERE ] player 0 placing token on slot 5
[2022-12-11 18:56:45] [SEVERE ] setting player 3 freeze to 1050
[2022-12-11 18:56:45] [SEVERE ] removing player 3 token from slot 3
[2022-12-11 18:56:45] [SEVERE ] setting player 0 freeze to 909
[2022-12-11 18:56:45] [SEVERE ] player 1 placing token on slot 9
[2022-12-11 18:56:45] [SEVERE ] removing player 2 token from slot 9
[2022-12-11 18:56:45] [SEVERE ] setting player 2 freeze to 588
[2022-12-11 18:56:45] [SEVERE ] setting player 1 freeze to 1142
[2022-12-11 18:56:45] [SEVERE ] removing player 0 token from slot 0
[2022-12-11 18:56:45] [SEVERE ] setting player 3 freeze to 941
[2022-12-11 18:56:45] [SEVERE ] player 3 placing token on slot 9
[2022-12-11 18:56:45] [SEVERE ] setting player 0 freeze to 800
[2022-12-11 18:56:45] [SEVERE ] removing player 1 token from slot 9
[2022-12-11 18:56:45] [SEVERE ] player 2 placing token on slot 7
[2022-12-11 18:56:45] [SEVERE ] setting player 2 freeze to 488
[2022-12-11 18:56:45] [SEVERE ] setting player 1 freeze to 1033
[2022-12-11 18:56:45] [SEVERE ] player 0 placing token on slot 11
[2022-12-11 18:56:45] [SEVERE ] setting player 3 freeze to 831
[2022-12-11 18:56:45] [SEVERE ] removing player 3 token from slot 10
[2022-12-11 18:56:45] [SEVERE ] setting player 0 freeze to 691
[2022-12-11 18:56:46] [SEVERE ] player 1 placing token on slot 5
[2022-12-11 18:56:46] [SEVERE ] player 2 placing token on slot 6
[2022-12-11 18:56:46] [SEVERE ] setting player 2 freeze to 379
[2022-12-11 18:56:46] [SEVERE ] setting player 1 freeze to 931
[2022-12-11 18:56:46] [SEVERE ] removing player 0 token from slot 5
[2022-12-11 18:56:46] [SEVERE ] setting player 3 freeze to 723
[2022-12-11 18:56:46] [SEVERE ] player 3 placing token on slot 3
[2022-12-11 18:56:46] [SEVERE ] setting player 0 freeze to 582
[2022-12-11 18:56:46] [SEVERE ] removing player 1 token from slot 5
[2022-12-11 18:56:46] [SEVERE ] removing player 2 token from slot 7
[2022-12-11 18:56:46] [SEVERE ] setting player 2 freeze to 269
[2022-12-11 18:56:46] [SEVERE ] setting player 1 freeze to 827
[2022-12-11 18:56:46] [SEVERE ] player 0 placing token on slot 10
[2022-12-11 18:56:46] [SEVERE ] setting player 3 freeze to 613
[2022-12-11 18:56:46] [SEVERE ] removing player 3 token from slot 9
[2022-12-11 18:56:46] [SEVERE ] setting player 0 freeze to 474
[2022-12-11 18:56:46] [SEVERE ] player 1 placing token on slot 7
[2022-12-11 18:56:46] [SEVERE ] setting player 2 freeze to 168
[2022-12-11 18:56:46] [SEVERE ] removing player 2 token from slot 1
[2022-12-11 18:56:46] [SEVERE ] setting player 1 freeze to 722
[2022-12-11 18:56:46] [SEVERE ] removing player 0 token from slot 10
[2022-12-11 18:56:46] [SEVERE ] setting player 3 freeze to 505
[2022-12-11 18:56:46] [SEVERE ] player 3 placing token on slot 4
[2022-12-11 18:56:46] [SEVERE ] setting player 0 freeze to 365
[2022-12-11 18:56:46] [SEVERE ] removing player 1 token from slot 2
[2022-12-11 18:56:46] [SEVERE ] removing player 2 token from slot 6
[2022-12-11 18:56:46] [SEVERE ] setting player 2 freeze to 53
[2022-12-11 18:56:46] [SEVERE ] setting player 1 freeze to 614
[2022-12-11 18:56:46] [SEVERE ] player 0 placing token on slot 8
[2022-12-11 18:56:46] [SEVERE ] setting player 3 freeze to 397
[2022-12-11 18:56:46] [SEVERE ] removing player 3 token from slot 3
[2022-12-11 18:56:46] [SEVERE ] setting player 0 freeze to 257
[2022-12-11 18:56:46] [SEVERE ] player 1 placing token on slot 3
[2022-12-11 18:56:46] [SEVERE ] setting player 2 freeze to -48
[2022-12-11 18:56:46] [SEVERE ] player 2 placing token on slot 2
[2022-12-11 18:56:46] [SEVERE ] setting player 1 freeze to 505
[2022-12-11 18:56:46] [SEVERE ] removing player 0 token from slot 9
[2022-12-11 18:56:46] [SEVERE ] setting player 3 freeze to 288
[2022-12-11 18:56:46] [SEVERE ] player 3 placing token on slot 8
[2022-12-11 18:56:46] [SEVERE ] setting player 0 freeze to 148
[2022-12-11 18:56:46] [SEVERE ] removing player 1 token from slot 7
[2022-12-11 18:56:46] [SEVERE ] removing player 2 token from slot 2
[2022-12-11 18:56:46] [SEVERE ] setting player 1 freeze to 397
[2022-12-11 18:56:46] [SEVERE ] player 0 placing token on slot 5
[2022-12-11 18:56:46] [SEVERE ] setting player 3 freeze to 179
[2022-12-11 18:56:46] [SEVERE ] removing player 3 token from slot 1
[2022-12-11 18:56:46] [SEVERE ] setting player 0 freeze to 39
[2022-12-11 18:56:46] [SEVERE ] removing player 1 token from slot 0
[2022-12-11 18:56:46] [SEVERE ] player 2 placing token on slot 10
[2022-12-11 18:56:46] [SEVERE ] setting player 1 freeze to 288
[2022-12-11 18:56:46] [SEVERE ] removing player 0 token from slot 11
[2022-12-11 18:56:46] [SEVERE ] setting player 3 freeze to 71
[2022-12-11 18:56:46] [SEVERE ] removing player 3 token from slot 8
[2022-12-11 18:56:46] [SEVERE ] setting player 0 freeze to -70
[2022-12-11 18:56:46] [SEVERE ] player 1 placing token on slot 10
[2022-12-11 18:56:46] [SEVERE ] setting player 1 freeze to 179
[2022-12-11 18:56:46] [SEVERE ] removing player 2 token from slot 10
[2022-12-11 18:56:46] [SEVERE ] player 0 placing token on slot 7
[2022-12-11 18:56:46] [SEVERE ] setting player 3 freeze to -39
[2022-12-11 18:56:46] [SEVERE ] player 3 placing token on slot 6
[2022-12-11 18:56:46] [SEVERE ] setting player 0 freeze to 2000
[2022-12-11 18:56:46] [SEVERE ] player 1 placing token on slot 9
[2022-12-11 18:56:46] [SEVERE ] setting player 1 freeze to 77
[2022-12-11 18:56:46] [SEVERE ] player 2 placing token on slot 8
[2022-12-11 18:56:46] [SEVERE ] removing player 0 token from slot 7
[2022-12-11 18:56:46] [SEVERE ] player 3 placing token on slot 2
[2022-12-11 18:56:46] [SEVERE ] setting player 0 freeze to 1891
[2022-12-11 18:56:47] [SEVERE ] setting player 1 freeze to -24
[2022-12-11 18:56:47] [SEVERE ] removing player 1 token from slot 10
[2022-12-11 18:56:47] [SEVERE ] player 2 placing token on slot 2
[2022-12-11 18:56:47] [SEVERE ] player 0 placing token on slot 10
[2022-12-11 18:56:47] [SEVERE ] setting player 3 freeze to 2000
[2022-12-11 18:56:47] [SEVERE ] removing player 3 token from slot 6
[2022-12-11 18:56:47] [SEVERE ] setting player 0 freeze to 1782
[2022-12-11 18:56:47] [SEVERE ] player 1 placing token on slot 10
[2022-12-11 18:56:47] [SEVERE ] player 2 placing token on slot 9
[2022-12-11 18:56:47] [SEVERE ] removing player 0 token from slot 10
[2022-12-11 18:56:47] [SEVERE ] setting player 3 freeze to 1892
[2022-12-11 18:56:47] [SEVERE ] setting player 0 freeze to 1673
[2022-12-11 18:56:47] [SEVERE ] removing player 1 token from slot 3
[2022-12-11 18:56:47] [SEVERE ] player 3 placing token on slot 0
[2022-12-11 18:56:47] [SEVERE ] setting player 2 freeze to 2000
[2022-12-11 18:56:47] [SEVERE ] removing player 2 token from slot 2
[2022-12-11 18:56:47] [SEVERE ] player 0 placing token on slot 2
[2022-12-11 18:56:47] [SEVERE ] setting player 3 freeze to 1782
[2022-12-11 18:56:47] [SEVERE ] setting player 0 freeze to 1563
[2022-12-11 18:56:47] [SEVERE ] player 1 placing token on slot 5
[2022-12-11 18:56:47] [SEVERE ] removing player 3 token from slot 2
[2022-12-11 18:56:47] [SEVERE ] setting player 2 freeze to 1891
[2022-12-11 18:56:47] [SEVERE ] removing player 0 token from slot 5
[2022-12-11 18:56:47] [SEVERE ] setting player 3 freeze to 1674
[2022-12-11 18:56:47] [SEVERE ] removing player 1 token from slot 5
[2022-12-11 18:56:47] [SEVERE ] player 2 placing token on slot 11
[2022-12-11 18:56:47] [SEVERE ] setting player 0 freeze to 1455
[2022-12-11 18:56:47] [SEVERE ] player 3 placing token on slot 8
[2022-12-11 18:56:47] [SEVERE ] setting player 2 freeze to 1784
[2022-12-11 18:56:47] [SEVERE ] player 0 placing token on slot 4
[2022-12-11 18:56:47] [SEVERE ] setting player 3 freeze to 1565
[2022-12-11 18:56:47] [SEVERE ] removing player 2 token from slot 8
[2022-12-11 18:56:47] [SEVERE ] player 1 placing token on slot 1
[2022-12-11 18:56:47] [SEVERE ] setting player 0 freeze to 1347
[2022-12-11 18:56:47] [SEVERE ] removing player 3 token from slot 8
[2022-12-11 18:56:47] [SEVERE ] setting player 2 freeze to 1675
[2022-12-11 18:56:47] [SEVERE ] removing player 0 token from slot 8
[2022-12-11 18:56:47] [SEVERE ] setting player 3 freeze to 1457
[2022-12-11 18:56:47] [SEVERE ] removing player 1 token from slot 1
[2022-12-11 18:56:47] [SEVERE ] setting player 0 freeze to 1239
[2022-12-11 18:56:47] [SEVERE ] player 2 placing token on slot 6
[2022-12-11 18:56:47] [SEVERE ] removing player 3 token from slot 0
[2022-12-11 18:56:47] [SEVERE ] setting player 2 freeze to 1567
[2022-12-11 18:56:47] [SEVERE ] player 0 placing token on slot 10
[2022-12-11 18:56:47] [SEVERE ] setting player 3 freeze to 1347
[2022-12-11 18:56:47] [SEVERE ] player 1 placing token on slot 5
[2022-12-11 18:56:47] [SEVERE ] setting player 0 freeze to 1136
[2022-12-11 18:56:47] [SEVERE ] removing player 2 token from slot 9
[2022-12-11 18:56:47] [SEVERE ] setting player 1 freeze to 2000
[2022-12-11 18:56:47] [SEVERE ] player 3 placing token on slot 3
[2022-12-11 18:56:47] [SEVERE ] setting player 2 freeze to 1456
[2022-12-11 18:56:47] [SEVERE ] removing player 0 token from slot 10
[2022-12-11 18:56:47] [SEVERE ] setting player 3 freeze to 1237
[2022-12-11 18:56:47] [SEVERE ] removing player 1 token from slot 10
[2022-12-11 18:56:47] [SEVERE ] setting player 0 freeze to 1033
[2022-12-11 18:56:47] [SEVERE ] player 2 placing token on slot 9
[2022-12-11 18:56:47] [SEVERE ] setting player 1 freeze to 1893
[2022-12-11 18:56:47] [SEVERE ] player 3 placing token on slot 0
[2022-12-11 18:56:47] [SEVERE ] setting player 2 freeze to 1347
[2022-12-11 18:56:47] [SEVERE ] setting player 3 freeze to 1128
[2022-12-11 18:56:47] [SEVERE ] player 0 placing token on slot 9
[2022-12-11 18:56:47] [SEVERE ] player 1 placing token on slot 0
[2022-12-11 18:56:47] [SEVERE ] setting player 0 freeze to 925
[2022-12-11 18:56:47] [SEVERE ] setting player 1 freeze to 1784
[2022-12-11 18:56:47] [SEVERE ] removing player 2 token from slot 11
[2022-12-11 18:56:47] [SEVERE ] removing player 3 token from slot 4
[2022-12-11 18:56:47] [SEVERE ] setting player 2 freeze to 1238
[2022-12-11 18:56:48] [SEVERE ] setting player 3 freeze to 1026
[2022-12-11 18:56:48] [SEVERE ] removing player 0 token from slot 9
[2022-12-11 18:56:48] [SEVERE ] setting player 0 freeze to 818
[2022-12-11 18:56:48] [SEVERE ] removing player 1 token from slot 9
[2022-12-11 18:56:48] [SEVERE ] setting player 1 freeze to 1683
[2022-12-11 18:56:48] [SEVERE ] player 2 placing token on slot 10
[2022-12-11 18:56:48] [SEVERE ] player 3 placing token on slot 4
[2022-12-11 18:56:48] [SEVERE ] setting player 2 freeze to 1130
[2022-12-11 18:56:48] [SEVERE ] setting player 3 freeze to 911
[2022-12-11 18:56:48] [SEVERE ] player 0 placing token on slot 6
[2022-12-11 18:56:48] [SEVERE ] setting player 0 freeze to 709
[2022-12-11 18:56:48] [SEVERE ] player 1 placing token on slot 11
[2022-12-11 18:56:48] [SEVERE ] setting player 1 freeze to 1568
[2022-12-11 18:56:48] [SEVERE ] removing player 2 token from slot 6
[2022-12-11 18:56:48] [SEVERE ] removing player 3 token from slot 0
[2022-12-11 18:56:48] [SEVERE ] setting player 2 freeze to 1022
[2022-12-11 18:56:48] [SEVERE ] setting player 3 freeze to 803
[2022-12-11 18:56:48] [SEVERE ] removing player 0 token from slot 6
[2022-12-11 18:56:48] [SEVERE ] setting player 0 freeze to 607
[2022-12-11 18:56:48] [SEVERE ] removing player 1 token from slot 11
[2022-12-11 18:56:48] [SEVERE ] player 2 placing token on slot 8
[2022-12-11 18:56:48] [SEVERE ] setting player 1 freeze to 1459
[2022-12-11 18:56:48] [SEVERE ] player 3 placing token on slot 5
[2022-12-11 18:56:48] [SEVERE ] setting player 2 freeze to 912
[2022-12-11 18:56:48] [SEVERE ] setting player 3 freeze to 701
[2022-12-11 18:56:48] [SEVERE ] player 0 placing token on slot 10
[2022-12-11 18:56:48] [SEVERE ] setting player 0 freeze to 505
[2022-12-11 18:56:48] [SEVERE ] player 1 placing token on slot 10
[2022-12-11 18:56:48] [SEVERE ] removing player 2 token from slot 9
[2022-12-11 18:56:48] [SEVERE ] setting player 1 freeze to 1348
[2022-12-11 18:56:48] [SEVERE ] removing player 3 token from slot 5
[2022-12-11 18:56:48] [SEVERE ] setting player 2 freeze to 801
[2022-12-11 18:56:48] [SEVERE ] setting player 3 freeze to 598
[2022-12-11 18:56:48] [SEVERE ] setting player 0 freeze to 395
[2022-12-11 18:56:48] [SEVERE ] removing player 0 token from slot 4
[2022-12-11 18:56:48] [SEVERE ] removing player 1 token from slot 5
[2022-12-11 18:56:48] [SEVERE ] player 2 placing token on slot 0
[2022-12-11 18:56:48] [SEVERE ] setting player 1 freeze to 1239
[2022-12-11 18:56:48] [SEVERE ] player 3 placing token on slot 5
[2022-12-11 18:56:48] [SEVERE ] setting player 2 freeze to 692
[2022-12-11 18:56:48] [SEVERE ] setting player 3 freeze to 488
[2022-12-11 18:56:48] [SEVERE ] setting player 0 freeze to 294
[2022-12-11 18:56:48] [SEVERE ] player 0 placing token on slot 6
[2022-12-11 18:56:48] [SEVERE ] player 1 placing token on slot 1
[2022-12-11 18:56:48] [SEVERE ] removing player 2 token from slot 8
[2022-12-11 18:56:48] [SEVERE ] setting player 1 freeze to 1130
[2022-12-11 18:56:48] [SEVERE ] removing player 3 token from slot 5
[2022-12-11 18:56:48] [SEVERE ] setting player 2 freeze to 584
[2022-12-11 18:56:48] [SEVERE ] setting player 0 freeze to 193
[2022-12-11 18:56:48] [SEVERE ] setting player 3 freeze to 380
[2022-12-11 18:56:48] [SEVERE ] removing player 0 token from slot 2
[2022-12-11 18:56:48] [SEVERE ] removing player 1 token from slot 10
[2022-12-11 18:56:48] [SEVERE ] setting player 1 freeze to 1021
[2022-12-11 18:56:48] [SEVERE ] player 2 placing token on slot 11
[2022-12-11 18:56:48] [SEVERE ] player 3 placing token on slot 8
[2022-12-11 18:56:48] [SEVERE ] setting player 2 freeze to 475
[2022-12-11 18:56:48] [SEVERE ] setting player 0 freeze to 85
[2022-12-11 18:56:48] [SEVERE ] setting player 3 freeze to 272
[2022-12-11 18:56:48] [SEVERE ] player 0 placing token on slot 3
[2022-12-11 18:56:48] [SEVERE ] removing player 1 token from slot 0
[2022-12-11 18:56:48] [SEVERE ] removing player 2 token from slot 11
[2022-12-11 18:56:48] [SEVERE ] setting player 1 freeze to 912
[2022-12-11 18:56:48] [SEVERE ] removing player 3 token from slot 3
[2022-12-11 18:56:48] [SEVERE ] setting player 2 freeze to 367
[2022-12-11 18:56:48] [SEVERE ] setting player 0 freeze to -24
[2022-12-11 18:56:48] [SEVERE ] setting player 3 freeze to 163
[2022-12-11 18:56:48] [SEVERE ] removing player 0 token from slot 10
[2022-12-11 18:56:48] [SEVERE ] player 1 placing token on slot 2
[2022-12-11 18:56:48] [SEVERE ] player 2 placing token on slot 8
[2022-12-11 18:56:48] [SEVERE ] setting player 1 freeze to 804
[2022-12-11 18:56:48] [SEVERE ] player 3 placing token on slot 7
[2022-12-11 18:56:48] [SEVERE ] setting player 2 freeze to 257
[2022-12-11 18:56:48] [SEVERE ] setting player 3 freeze to 54
[2022-12-11 18:56:49] [SEVERE ] player 0 placing token on slot 10
[2022-12-11 18:56:49] [SEVERE ] player 1 placing token on slot 7
[2022-12-11 18:56:49] [SEVERE ] removing player 2 token from slot 0
[2022-12-11 18:56:49] [SEVERE ] setting player 1 freeze to 695
[2022-12-11 18:56:49] [SEVERE ] removing player 3 token from slot 8
[2022-12-11 18:56:49] [SEVERE ] setting player 2 freeze to 150
[2022-12-11 18:56:49] [SEVERE ] setting player 3 freeze to -54
[2022-12-11 18:56:49] [SEVERE ] setting player 0 freeze to 2000
[2022-12-11 18:56:49] [SEVERE ] removing player 0 token from slot 3
[2022-12-11 18:56:49] [SEVERE ] removing player 1 token from slot 2
[2022-12-11 18:56:49] [SEVERE ] player 2 placing token on slot 11
[2022-12-11 18:56:49] [SEVERE ] setting player 1 freeze to 587
[2022-12-11 18:56:49] [SEVERE ] setting player 2 freeze to 41
[2022-12-11 18:56:49] [SEVERE ] player 3 placing token on slot 5
[2022-12-11 18:56:49] [SEVERE ] setting player 0 freeze to 1893
[2022-12-11 18:56:49] [SEVERE ] setting player 3 freeze to 2000
[2022-12-11 18:56:49] [SEVERE ] player 1 placing token on slot 4
[2022-12-11 18:56:49] [SEVERE ] player 0 placing token on slot 3
[2022-12-11 18:56:49] [SEVERE ] removing player 2 token from slot 8
[2022-12-11 18:56:49] [SEVERE ] setting player 1 freeze to 480
[2022-12-11 18:56:49] [SEVERE ] setting player 2 freeze to -60
[2022-12-11 18:56:49] [SEVERE ] removing player 3 token from slot 7
[2022-12-11 18:56:49] [SEVERE ] setting player 0 freeze to 1786
[2022-12-11 18:56:49] [SEVERE ] setting player 3 freeze to 1893
[2022-12-11 18:56:49] [SEVERE ] removing player 0 token from slot 6
[2022-12-11 18:56:49] [SEVERE ] removing player 1 token from slot 1
[2022-12-11 18:56:49] [SEVERE ] setting player 1 freeze to 372
[2022-12-11 18:56:49] [SEVERE ] removing player 2 token from slot 11
[2022-12-11 18:56:49] [SEVERE ] player 3 placing token on slot 9
[2022-12-11 18:56:49] [SEVERE ] setting player 0 freeze to 1685
[2022-12-11 18:56:49] [SEVERE ] setting player 3 freeze to 1782
[2022-12-11 18:56:49] [SEVERE ] player 0 placing token on slot 9
[2022-12-11 18:56:49] [SEVERE ] player 1 placing token on slot 10
[2022-12-11 18:56:49] [SEVERE ] setting player 1 freeze to 269
[2022-12-11 18:56:49] [SEVERE ] player 2 placing token on slot 3
[2022-12-11 18:56:49] [SEVERE ] removing player 3 token from slot 9
[2022-12-11 18:56:49] [SEVERE ] setting player 0 freeze to 1583
[2022-12-11 18:56:49] [SEVERE ] setting player 3 freeze to 1675
[2022-12-11 18:56:49] [SEVERE ] removing player 0 token from slot 9
[2022-12-11 18:56:49] [SEVERE ] removing player 1 token from slot 4
[2022-12-11 18:56:49] [SEVERE ] player 2 placing token on slot 4
[2022-12-11 18:56:49] [SEVERE ] setting player 1 freeze to 154
[2022-12-11 18:56:49] [SEVERE ] player 3 placing token on slot 3
[2022-12-11 18:56:49] [SEVERE ] setting player 2 freeze to 2000
[2022-12-11 18:56:49] [SEVERE ] setting player 0 freeze to 1475
[2022-12-11 18:56:49] [SEVERE ] setting player 3 freeze to 1566
[2022-12-11 18:56:49] [SEVERE ] player 0 placing token on slot 9
[2022-12-11 18:56:49] [SEVERE ] player 1 placing token on slot 9
[2022-12-11 18:56:49] [SEVERE ] setting player 1 freeze to 46
[2022-12-11 18:56:49] [SEVERE ] removing player 2 token from slot 10
[2022-12-11 18:56:49] [SEVERE ] removing player 3 token from slot 4
[2022-12-11 18:56:49] [SEVERE ] setting player 2 freeze to 1893
[2022-12-11 18:56:49] [SEVERE ] setting player 0 freeze to 1367
[2022-12-11 18:56:49] [SEVERE ] setting player 3 freeze to 1458
[2022-12-11 18:56:49] [SEVERE ] removing player 0 token from slot 3
[2022-12-11 18:56:49] [SEVERE ] removing player 1 token from slot 10
[2022-12-11 18:56:49] [SEVERE ] setting player 1 freeze to -56
[2022-12-11 18:56:49] [SEVERE ] removing player 2 token from slot 3
[2022-12-11 18:56:49] [SEVERE ] player 3 placing token on slot 8
[2022-12-11 18:56:49] [SEVERE ] setting player 2 freeze to 1784
[2022-12-11 18:56:49] [SEVERE ] setting player 0 freeze to 1257
[2022-12-11 18:56:49] [SEVERE ] setting player 3 freeze to 1349
[2022-12-11 18:56:49] [SEVERE ] player 0 placing token on slot 5
[2022-12-11 18:56:49] [SEVERE ] player 1 placing token on slot 10
[2022-12-11 18:56:49] [SEVERE ] setting player 1 freeze to 2000
[2022-12-11 18:56:49] [SEVERE ] player 2 placing token on slot 3
[2022-12-11 18:56:49] [SEVERE ] removing player 3 token from slot 3
[2022-12-11 18:56:49] [SEVERE ] setting player 2 freeze to 1675
[2022-12-11 18:56:49] [SEVERE ] setting player 0 freeze to 1148
[2022-12-11 18:56:49] [SEVERE ] setting player 3 freeze to 1239
[2022-12-11 18:56:49] [SEVERE ] removing player 0 token from slot 10
[2022-12-11 18:56:49] [SEVERE ] removing player 1 token from slot 10
[2022-12-11 18:56:50] [SEVERE ] setting player 1 freeze to 1893
[2022-12-11 18:56:50] [SEVERE ] player 2 placing token on slot 7
[2022-12-11 18:56:50] [SEVERE ] player 3 placing token on slot 0
[2022-12-11 18:56:50] [SEVERE ] setting player 2 freeze to 1566
[2022-12-11 18:56:50] [SEVERE ] setting player 0 freeze to 1040
[2022-12-11 18:56:50] [SEVERE ] setting player 3 freeze to 1131
[2022-12-11 18:56:50] [SEVERE ] player 0 placing token on slot 0
[2022-12-11 18:56:50] [SEVERE ] player 1 placing token on slot 6
[2022-12-11 18:56:50] [SEVERE ] setting player 1 freeze to 1786
[2022-12-11 18:56:50] [SEVERE ] removing player 2 token from slot 4
[2022-12-11 18:56:50] [SEVERE ] removing player 3 token from slot 5
[2022-12-11 18:56:50] [SEVERE ] setting player 2 freeze to 1458
[2022-12-11 18:56:50] [SEVERE ] setting player 0 freeze to 932
[2022-12-11 18:56:50] [SEVERE ] setting player 3 freeze to 1024
[2022-12-11 18:56:50] [SEVERE ] removing player 0 token from slot 0
[2022-12-11 18:56:50] [SEVERE ] removing player 1 token from slot 6
[2022-12-11 18:56:50] [SEVERE ] setting player 1 freeze to 1678
[2022-12-11 18:56:50] [SEVERE ] player 2 placing token on slot 6
[2022-12-11 18:56:50] [SEVERE ] player 3 placing token on slot 11
[2022-12-11 18:56:50] [SEVERE ] setting player 2 freeze to 1350
[2022-12-11 18:56:50] [SEVERE ] setting player 0 freeze to 823
[2022-12-11 18:56:50] [SEVERE ] setting player 3 freeze to 915
[2022-12-11 18:56:50] [SEVERE ] player 0 placing token on slot 4
[2022-12-11 18:56:50] [SEVERE ] player 1 placing token on slot 2
[2022-12-11 18:56:50] [SEVERE ] setting player 1 freeze to 1569
[2022-12-11 18:56:50] [SEVERE ] removing player 2 token from slot 6
[2022-12-11 18:56:50] [SEVERE ] removing player 3 token from slot 8
[2022-12-11 18:56:50] [SEVERE ] setting player 2 freeze to 1242
[2022-12-11 18:56:50] [SEVERE ] setting player 0 freeze to 716
[2022-12-11 18:56:50] [SEVERE ] setting player 3 freeze to 807
[2022-12-11 18:56:50] [SEVERE ] removing player 1 token from slot 7
[2022-12-11 18:56:50] [SEVERE ] removing player 0 token from slot 4
[2022-12-11 18:56:50] [SEVERE ] setting player 1 freeze to 1461
[2022-12-11 18:56:50] [SEVERE ] player 2 placing token on slot 1
[2022-12-11 18:56:50] [SEVERE ] player 3 placing token on slot 3
[2022-12-11 18:56:50] [SEVERE ] setting player 2 freeze to 1134
[2022-12-11 18:56:50] [SEVERE ] setting player 0 freeze to 606
[2022-12-11 18:56:50] [SEVERE ] setting player 3 freeze to 698
[2022-12-11 18:56:50] [SEVERE ] player 1 placing token on slot 4
[2022-12-11 18:56:50] [SEVERE ] removing player 0 token from slot 5
[2022-12-11 18:56:50] [SEVERE ] setting player 1 freeze to 1352
[2022-12-11 18:56:50] [SEVERE ] removing player 2 token from slot 1
[2022-12-11 18:56:50] [SEVERE ] removing player 3 token from slot 3
[2022-12-11 18:56:50] [SEVERE ] setting player 2 freeze to 1024
[2022-12-11 18:56:50] [SEVERE ] setting player 0 freeze to 498
[2022-12-11 18:56:50] [SEVERE ] setting player 3 freeze to 589
[2022-12-11 18:56:50] [SEVERE ] removing player 1 token from slot 9
[2022-12-11 18:56:50] [SEVERE ] player 0 placing token on slot 3
[2022-12-11 18:56:50] [SEVERE ] setting player 1 freeze to 1243
[2022-12-11 18:56:50] [SEVERE ] removing player 2 token from slot 3
[2022-12-11 18:56:50] [SEVERE ] removing player 3 token from slot 0
[2022-12-11 18:56:50] [SEVERE ] setting player 2 freeze to 915
[2022-12-11 18:56:50] [SEVERE ] setting player 0 freeze to 389
[2022-12-11 18:56:50] [SEVERE ] setting player 3 freeze to 481
[2022-12-11 18:56:50] [SEVERE ] player 1 placing token on slot 3
[2022-12-11 18:56:50] [SEVERE ] removing player 0 token from slot 3
[2022-12-11 18:56:50] [SEVERE ] setting player 1 freeze to 1135
[2022-12-11 18:56:50] [SEVERE ] player 2 placing token on slot 0
[2022-12-11 18:56:50] [SEVERE ] player 3 placing token on slot 9
[2022-12-11 18:56:50] [SEVERE ] setting player 2 freeze to 807
[2022-12-11 18:56:50] [SEVERE ] setting player 0 freeze to 280
[2022-12-11 18:56:50] [SEVERE ] setting player 3 freeze to 372
[2022-12-11 18:56:50] [SEVERE ] removing player 1 token from slot 2
[2022-12-11 18:56:50] [SEVERE ] player 0 placing token on slot 0
[2022-12-11 18:56:50] [SEVERE ] setting player 1 freeze to 1026
[2022-12-11 18:56:50] [SEVERE ] player 2 placing token on slot 8
[2022-12-11 18:56:50] [SEVERE ] player 3 placing token on slot 10
[2022-12-11 18:56:50] [SEVERE ] setting player 2 freeze to 699
[2022-12-11 18:56:50] [SEVERE ] setting player 0 freeze to 172
[2022-12-11 18:56:50] [SEVERE ] setting player 3 freeze to 263
[2022-12-11 18:56:50] [SEVERE ] player 1 placing token on slot 11
[2022-12-11 18:56:50] [SEVERE ] player 0 placing token on slot 6
[2022-12-11 18:56:50] [SEVERE ] setting player 1 freeze to 918
[2022-12-11 18:56:50] [SEVERE ] removing player 2 token from slot 8
[2022-12-11 18:56:51] [SEVERE ] removing player 3 token from slot 10
[2022-12-11 18:56:51] [SEVERE ] setting player 2 freeze to 589
[2022-12-11 18:56:51] [SEVERE ] setting player 0 freeze to 62
[2022-12-11 18:56:51] [SEVERE ] setting player 3 freeze to 153
[2022-12-11 18:56:51] [SEVERE ] removing player 1 token from slot 4
[2022-12-11 18:56:51] [SEVERE ] setting player 1 freeze to 808
[2022-12-11 18:56:51] [SEVERE ] removing player 0 token from slot 9
[2022-12-11 18:56:51] [SEVERE ] player 2 placing token on slot 10
[2022-12-11 18:56:51] [SEVERE ] player 3 placing token on slot 3
[2022-12-11 18:56:51] [SEVERE ] setting player 2 freeze to 479
[2022-12-11 18:56:51] [SEVERE ] setting player 0 freeze to -47
[2022-12-11 18:56:51] [SEVERE ] setting player 3 freeze to 44
[2022-12-11 18:56:51] [SEVERE ] player 1 placing token on slot 2
[2022-12-11 18:56:51] [SEVERE ] setting player 1 freeze to 698
[2022-12-11 18:56:51] [SEVERE ] player 0 placing token on slot 7
[2022-12-11 18:56:51] [SEVERE ] removing player 2 token from slot 10
[2022-12-11 18:56:51] [SEVERE ] removing player 3 token from slot 3
[2022-12-11 18:56:51] [SEVERE ] setting player 2 freeze to 371
[2022-12-11 18:56:51] [SEVERE ] setting player 0 freeze to 2000
[2022-12-11 18:56:51] [SEVERE ] setting player 3 freeze to -64
[2022-12-11 18:56:51] [SEVERE ] removing player 1 token from slot 11
[2022-12-11 18:56:51] [SEVERE ] setting player 1 freeze to 597
[2022-12-11 18:56:51] [SEVERE ] removing player 0 token from slot 0
[2022-12-11 18:56:51] [SEVERE ] player 2 placing token on slot 1
[2022-12-11 18:56:51] [SEVERE ] player 3 placing token on slot 2
[2022-12-11 18:56:51] [SEVERE ] setting player 2 freeze to 262
[2022-12-11 18:56:51] [SEVERE ] setting player 0 freeze to 1892
[2022-12-11 18:56:51] [SEVERE ] setting player 3 freeze to 2000
[2022-12-11 18:56:51] [SEVERE ] setting player 1 freeze to 496
[2022-12-11 18:56:51] [SEVERE ] player 1 placing token on slot 0
[2022-12-11 18:56:51] [SEVERE ] player 0 placing token on slot 4
[2022-12-11 18:56:51] [SEVERE ] removing player 2 token from slot 1
[2022-12-11 18:56:51] [SEVERE ] removing player 3 token from slot 2
[2022-12-11 18:56:51] [SEVERE ] setting player 2 freeze to 153
[2022-12-11 18:56:51] [SEVERE ] setting player 0 freeze to 1783
[2022-12-11 18:56:51] [SEVERE ] setting player 3 freeze to 1893
[2022-12-11 18:56:51] [SEVERE ] setting player 1 freeze to 387
[2022-12-11 18:56:51] [SEVERE ] removing player 1 token from slot 0
[2022-12-11 18:56:51] [SEVERE ] removing player 0 token from slot 6
[2022-12-11 18:56:51] [SEVERE ] player 2 placing token on slot 3
[2022-12-11 18:56:51] [SEVERE ] player 3 placing token on slot 1
[2022-12-11 18:56:51] [SEVERE ] setting player 2 freeze to 44
[2022-12-11 18:56:51] [SEVERE ] setting player 0 freeze to 1675
[2022-12-11 18:56:51] [SEVERE ] setting player 3 freeze to 1784
[2022-12-11 18:56:51] [SEVERE ] setting player 1 freeze to 285
[2022-12-11 18:56:51] [SEVERE ] player 1 placing token on slot 9
[2022-12-11 18:56:51] [SEVERE ] player 0 placing token on slot 0
[2022-12-11 18:56:51] [SEVERE ] removing player 2 token from slot 7
[2022-12-11 18:56:51] [SEVERE ] removing player 3 token from slot 1
[2022-12-11 18:56:51] [SEVERE ] setting player 2 freeze to -65
[2022-12-11 18:56:51] [SEVERE ] setting player 0 freeze to 1566
[2022-12-11 18:56:51] [SEVERE ] setting player 3 freeze to 1676
[2022-12-11 18:56:51] [SEVERE ] setting player 1 freeze to 185
[2022-12-11 18:56:51] [SEVERE ] removing player 1 token from slot 2
[2022-12-11 18:56:51] [SEVERE ] removing player 0 token from slot 7
[2022-12-11 18:56:51] [SEVERE ] removing player 2 token from slot 0
[2022-12-11 18:56:51] [SEVERE ] player 3 placing token on slot 8
[2022-12-11 18:56:51] [SEVERE ] setting player 0 freeze to 1458
[2022-12-11 18:56:51] [SEVERE ] setting player 3 freeze to 1574
[2022-12-11 18:56:51] [SEVERE ] setting player 1 freeze to 77
[2022-12-11 18:56:51] [SEVERE ] player 1 placing token on slot 4
[2022-12-11 18:56:51] [SEVERE ] player 0 placing token on slot 11
[2022-12-11 18:56:51] [SEVERE ] player 2 placing token on slot 8
[2022-12-11 18:56:51] [SEVERE ] removing player 3 token from slot 11
[2022-12-11 18:56:51] [SEVERE ] setting player 0 freeze to 1350
[2022-12-11 18:56:51] [SEVERE ] setting player 1 freeze to -31
[2022-12-11 18:56:51] [SEVERE ] setting player 3 freeze to 1460
[2022-12-11 18:56:51] [SEVERE ] removing player 1 token from slot 4
[2022-12-11 18:56:51] [SEVERE ] removing player 0 token from slot 4
[2022-12-11 18:56:51] [SEVERE ] player 2 placing token on slot 0
[2022-12-11 18:56:51] [SEVERE ] removing player 3 token from slot 8
[2022-12-11 18:56:52] [SEVERE ] setting player 2 freeze to 2000
[2022-12-11 18:56:52] [SEVERE ] setting player 0 freeze to 1240
[2022-12-11 18:56:52] [SEVERE ] setting player 3 freeze to 1351
[2022-12-11 18:56:52] [SEVERE ] player 1 placing token on slot 5
[2022-12-11 18:56:52] [SEVERE ] player 0 placing token on slot 4
[2022-12-11 18:56:52] [SEVERE ] removing player 2 token from slot 8
[2022-12-11 18:56:52] [SEVERE ] player 3 placing token on slot 0
[2022-12-11 18:56:52] [SEVERE ] setting player 2 freeze to 1890
[2022-12-11 18:56:52] [SEVERE ] setting player 0 freeze to 1131
[2022-12-11 18:56:52] [SEVERE ] setting player 3 freeze to 1241
[2022-12-11 18:56:52] [SEVERE ] setting player 1 freeze to 2000
[2022-12-11 18:56:52] [SEVERE ] removing player 1 token from slot 3
[2022-12-11 18:56:52] [SEVERE ] removing player 0 token from slot 11
[2022-12-11 18:56:52] [SEVERE ] player 2 placing token on slot 1
[2022-12-11 18:56:52] [SEVERE ] player 3 placing token on slot 7
[2022-12-11 18:56:52] [SEVERE ] setting player 2 freeze to 1782
[2022-12-11 18:56:52] [SEVERE ] setting player 0 freeze to 1022
[2022-12-11 18:56:52] [SEVERE ] setting player 1 freeze to 1891
[2022-12-11 18:56:52] [SEVERE ] setting player 3 freeze to 1132
[2022-12-11 18:56:52] [SEVERE ] player 1 placing token on slot 1
[2022-12-11 18:56:52] [SEVERE ] player 0 placing token on slot 1
[2022-12-11 18:56:52] [SEVERE ] removing player 2 token from slot 0
[2022-12-11 18:56:52] [SEVERE ] removing player 3 token from slot 0
[2022-12-11 18:56:52] [SEVERE ] setting player 2 freeze to 1671
[2022-12-11 18:56:52] [SEVERE ] setting player 0 freeze to 912
[2022-12-11 18:56:52] [SEVERE ] setting player 1 freeze to 1782
[2022-12-11 18:56:52] [SEVERE ] setting player 3 freeze to 1023
[2022-12-11 18:56:52] [SEVERE ] removing player 1 token from slot 9
[2022-12-11 18:56:52] [SEVERE ] removing player 0 token from slot 1
[2022-12-11 18:56:52] [SEVERE ] player 2 placing token on slot 8
[2022-12-11 18:56:52] [SEVERE ] player 3 placing token on slot 8
[2022-12-11 18:56:52] [SEVERE ] setting player 2 freeze to 1563
[2022-12-11 18:56:52] [SEVERE ] setting player 0 freeze to 803
[2022-12-11 18:56:52] [SEVERE ] setting player 1 freeze to 1681
[2022-12-11 18:56:52] [SEVERE ] setting player 3 freeze to 914
[2022-12-11 18:56:52] [SEVERE ] player 1 placing token on slot 3
[2022-12-11 18:56:52] [SEVERE ] player 0 placing token on slot 7
[2022-12-11 18:56:52] [SEVERE ] removing player 2 token from slot 3
[2022-12-11 18:56:52] [SEVERE ] removing player 3 token from slot 9
[2022-12-11 18:56:52] [SEVERE ] setting player 2 freeze to 1454
[2022-12-11 18:56:52] [SEVERE ] setting player 1 freeze to 1580
[2022-12-11 18:56:52] [SEVERE ] setting player 0 freeze to 695
[2022-12-11 18:56:52] [SEVERE ] setting player 3 freeze to 805
[2022-12-11 18:56:52] [SEVERE ] removing player 1 token from slot 3
[2022-12-11 18:56:52] [SEVERE ] removing player 0 token from slot 7
[2022-12-11 18:56:52] [SEVERE ] player 2 placing token on slot 3
[2022-12-11 18:56:52] [SEVERE ] player 3 placing token on slot 2
[2022-12-11 18:56:52] [SEVERE ] setting player 2 freeze to 1345
[2022-12-11 18:56:52] [SEVERE ] setting player 1 freeze to 1479
[2022-12-11 18:56:52] [SEVERE ] setting player 0 freeze to 585
[2022-12-11 18:56:52] [SEVERE ] setting player 3 freeze to 695
[2022-12-11 18:56:52] [SEVERE ] removing player 1 token from slot 5
[2022-12-11 18:56:52] [SEVERE ] player 0 placing token on slot 10
[2022-12-11 18:56:52] [SEVERE ] removing player 2 token from slot 1
[2022-12-11 18:56:52] [SEVERE ] removing player 3 token from slot 7
[2022-12-11 18:56:52] [SEVERE ] setting player 2 freeze to 1236
[2022-12-11 18:56:52] [SEVERE ] setting player 1 freeze to 1377
[2022-12-11 18:56:52] [SEVERE ] setting player 0 freeze to 476
[2022-12-11 18:56:52] [SEVERE ] setting player 3 freeze to 586
[2022-12-11 18:56:52] [SEVERE ] player 1 placing token on slot 8
[2022-12-11 18:56:52] [SEVERE ] removing player 0 token from slot 10
[2022-12-11 18:56:52] [SEVERE ] player 2 placing token on slot 6
[2022-12-11 18:56:52] [SEVERE ] removing player 3 token from slot 2
[2022-12-11 18:56:52] [SEVERE ] setting player 1 freeze to 1267
[2022-12-11 18:56:52] [SEVERE ] setting player 2 freeze to 1126
[2022-12-11 18:56:52] [SEVERE ] setting player 0 freeze to 367
[2022-12-11 18:56:52] [SEVERE ] setting player 3 freeze to 476
[2022-12-11 18:56:52] [SEVERE ] player 1 placing token on slot 6
[2022-12-11 18:56:52] [SEVERE ] removing player 0 token from slot 4
[2022-12-11 18:56:52] [SEVERE ] removing player 2 token from slot 8
[2022-12-11 18:56:52] [SEVERE ] player 3 placing token on slot 4
[2022-12-11 18:56:52] [SEVERE ] setting player 1 freeze to 1158
[2022-12-11 18:56:52] [SEVERE ] setting player 2 freeze to 1017
[2022-12-11 18:56:53] [SEVERE ] setting player 0 freeze to 258
[2022-12-11 18:56:53] [SEVERE ] setting player 3 freeze to 368
[2022-12-11 18:56:53] [SEVERE ] removing player 1 token from slot 8
[2022-12-11 18:56:53] [SEVERE ] player 0 placing token on slot 9
[2022-12-11 18:56:53] [SEVERE ] player 2 placing token on slot 10
[2022-12-11 18:56:53] [SEVERE ] removing player 3 token from slot 8
[2022-12-11 18:56:53] [SEVERE ] setting player 1 freeze to 1057
[2022-12-11 18:56:53] [SEVERE ] setting player 2 freeze to 909
[2022-12-11 18:56:53] [SEVERE ] setting player 0 freeze to 150
[2022-12-11 18:56:53] [SEVERE ] setting player 3 freeze to 260
[2022-12-11 18:56:53] [SEVERE ] player 1 placing token on slot 9
[2022-12-11 18:56:53] [SEVERE ] removing player 0 token from slot 9
[2022-12-11 18:56:53] [SEVERE ] removing player 2 token from slot 3
[2022-12-11 18:56:53] [SEVERE ] player 3 placing token on slot 5
[2022-12-11 18:56:53] [SEVERE ] setting player 2 freeze to 801
[2022-12-11 18:56:53] [SEVERE ] setting player 1 freeze to 942
[2022-12-11 18:56:53] [SEVERE ] setting player 0 freeze to 41
[2022-12-11 18:56:53] [SEVERE ] setting player 3 freeze to 152
[2022-12-11 18:56:53] [SEVERE ] removing player 1 token from slot 9
[2022-12-11 18:56:53] [SEVERE ] player 0 placing token on slot 8
[2022-12-11 18:56:53] [SEVERE ] player 2 placing token on slot 3
[2022-12-11 18:56:53] [SEVERE ] player 3 placing token on slot 9
[2022-12-11 18:56:53] [SEVERE ] setting player 2 freeze to 699
[2022-12-11 18:56:53] [SEVERE ] setting player 1 freeze to 832
[2022-12-11 18:56:53] [SEVERE ] setting player 0 freeze to -69
[2022-12-11 18:56:53] [SEVERE ] setting player 3 freeze to 42
[2022-12-11 18:56:53] [SEVERE ] removing player 1 token from slot 1
[2022-12-11 18:56:53] [SEVERE ] player 0 placing token on slot 2
[2022-12-11 18:56:53] [SEVERE ] removing player 2 token from slot 6
[2022-12-11 18:56:53] [SEVERE ] removing player 3 token from slot 4
[2022-12-11 18:56:53] [SEVERE ] setting player 2 freeze to 597
[2022-12-11 18:56:53] [SEVERE ] setting player 1 freeze to 723
[2022-12-11 18:56:53] [SEVERE ] setting player 0 freeze to 2000
[2022-12-11 18:56:53] [SEVERE ] setting player 3 freeze to -67
[2022-12-11 18:56:53] [SEVERE ] removing card from slot 0
[2022-12-11 18:56:53] [SEVERE ] setting player 2 freeze to 488
[2022-12-11 18:56:53] [SEVERE ] setting player 1 freeze to 613
[2022-12-11 18:56:53] [SEVERE ] setting player 0 freeze to 1890
[2022-12-11 18:56:53] [SEVERE ] player 3 placing token on slot 2
[2022-12-11 18:56:53] [SEVERE ] removing card from slot 1
[2022-12-11 18:56:53] [SEVERE ] setting player 2 freeze to 377
[2022-12-11 18:56:53] [SEVERE ] setting player 1 freeze to 502
[2022-12-11 18:56:53] [SEVERE ] setting player 0 freeze to 1780
[2022-12-11 18:56:53] [SEVERE ] removing player 3 token from slot 2
[2022-12-11 18:56:53] [SEVERE ] removing card from slot 2
[2022-12-11 18:56:53] [SEVERE ] setting player 2 freeze to 268
[2022-12-11 18:56:53] [SEVERE ] setting player 1 freeze to 394
[2022-12-11 18:56:53] [SEVERE ] setting player 0 freeze to 1672
[2022-12-11 18:56:53] [SEVERE ] player 3 placing token on slot 8
[2022-12-11 18:56:53] [SEVERE ] removing card from slot 3
[2022-12-11 18:56:53] [SEVERE ] setting player 2 freeze to 159
[2022-12-11 18:56:53] [SEVERE ] setting player 1 freeze to 285
[2022-12-11 18:56:53] [SEVERE ] setting player 0 freeze to 1561
[2022-12-11 18:56:53] [SEVERE ] removing player 3 token from slot 9
[2022-12-11 18:56:53] [SEVERE ] removing card from slot 4
[2022-12-11 18:56:53] [SEVERE ] setting player 2 freeze to 51
[2022-12-11 18:56:53] [SEVERE ] setting player 1 freeze to 176
[2022-12-11 18:56:53] [SEVERE ] setting player 0 freeze to 1453
[2022-12-11 18:56:54] [SEVERE ] removing player 3 token from slot 8
[2022-12-11 18:56:54] [SEVERE ] removing card from slot 5
[2022-12-11 18:56:54] [SEVERE ] setting player 2 freeze to -58
[2022-12-11 18:56:54] [SEVERE ] setting player 1 freeze to 67
[2022-12-11 18:56:54] [SEVERE ] setting player 0 freeze to 1344
[2022-12-11 18:56:54] [SEVERE ] player 3 placing token on slot 7
[2022-12-11 18:56:54] [SEVERE ] removing card from slot 6
[2022-12-11 18:56:54] [SEVERE ] removing player 2 token from slot 10
[2022-12-11 18:56:54] [SEVERE ] setting player 1 freeze to -43
[2022-12-11 18:56:54] [SEVERE ] setting player 0 freeze to 1234
[2022-12-11 18:56:54] [SEVERE ] player 3 placing token on slot 10
[2022-12-11 18:56:54] [SEVERE ] setting player 3 freeze to 2000
[2022-12-11 18:56:54] [SEVERE ] removing card from slot 7
[2022-12-11 18:56:54] [SEVERE ] player 2 placing token on slot 11
[2022-12-11 18:56:54] [SEVERE ] removing player 1 token from slot 6
[2022-12-11 18:56:54] [SEVERE ] setting player 0 freeze to 1122
[2022-12-11 18:56:54] [SEVERE ] removing player 3 token from slot 7
[2022-12-11 18:56:54] [SEVERE ] setting player 3 freeze to 1888
[2022-12-11 18:56:54] [SEVERE ] removing card from slot 8
[2022-12-11 18:56:54] [SEVERE ] player 2 placing token on slot 9
[2022-12-11 18:56:54] [SEVERE ] setting player 2 freeze to 2000
[2022-12-11 18:56:54] [SEVERE ] player 1 placing token on slot 8
[2022-12-11 18:56:54] [SEVERE ] setting player 0 freeze to 1011
[2022-12-11 18:56:54] [SEVERE ] setting player 3 freeze to 1778
[2022-12-11 18:56:54] [SEVERE ] removing card from slot 9
[2022-12-11 18:56:54] [SEVERE ] removing player 2 token from slot 9
[2022-12-11 18:56:54] [SEVERE ] setting player 2 freeze to 1890
[2022-12-11 18:56:54] [SEVERE ] player 1 placing token on slot 9
[2022-12-11 18:56:54] [SEVERE ] setting player 0 freeze to 902
[2022-12-11 18:56:54] [SEVERE ] setting player 3 freeze to 1669
[2022-12-11 18:56:54] [SEVERE ] removing card from slot 10
[2022-12-11 18:56:54] [SEVERE ] removing player 1 token from slot 8
[2022-12-11 18:56:54] [SEVERE ] setting player 2 freeze to 1766
[2022-12-11 18:56:54] [SEVERE ] setting player 0 freeze to 793
[2022-12-11 18:56:54] [SEVERE ] setting player 3 freeze to 1559
[2022-12-11 18:56:54] [SEVERE ] removing card from slot 11
[2022-12-11 18:56:54] [SEVERE ] removing player 0 token from slot 0
[2022-12-11 18:56:54] [SEVERE ] removing player 0 token from slot 8
[2022-12-11 18:56:54] [SEVERE ] removing player 0 token from slot 2
[2022-12-11 18:56:54] [SEVERE ] removing player 1 token from slot 9
[2022-12-11 18:56:54] [SEVERE ] removing player 2 token from slot 3
[2022-12-11 18:56:54] [SEVERE ] removing player 2 token from slot 11
[2022-12-11 18:56:54] [SEVERE ] removing player 3 token from slot 5
[2022-12-11 18:56:54] [SEVERE ] removing player 3 token from slot 10
[2022-12-11 18:56:54] [SEVERE ] setting player 2 freeze to 1655
[2022-12-11 18:56:54] [SEVERE ] removing player 1 token from slot 9
[2022-12-11 18:56:54] [SEVERE ] setting player 0 freeze to 682
[2022-12-11 18:56:54] [SEVERE ] setting player 3 freeze to 1449
[2022-12-11 18:56:54] [SEVERE ] placing card 25 in slot 10
[2022-12-11 18:56:54] [SEVERE ] setting player 2 freeze to 1547
[2022-12-11 18:56:54] [SEVERE ] setting player 0 freeze to 574
[2022-12-11 18:56:54] [SEVERE ] setting player 3 freeze to 1340
[2022-12-11 18:56:54] [SEVERE ] placing card 34 in slot 2
[2022-12-11 18:56:54] [SEVERE ] setting player 2 freeze to 1438
[2022-12-11 18:56:54] [SEVERE ] setting player 0 freeze to 465
[2022-12-11 18:56:54] [SEVERE ] setting player 3 freeze to 1231
[2022-12-11 18:56:55] [SEVERE ] placing card 20 in slot 8
[2022-12-11 18:56:55] [SEVERE ] setting player 2 freeze to 1327
[2022-12-11 18:56:55] [SEVERE ] setting player 0 freeze to 354
[2022-12-11 18:56:55] [SEVERE ] setting player 3 freeze to 1120
[2022-12-11 18:56:55] [SEVERE ] placing card 2 in slot 5
[2022-12-11 18:56:55] [SEVERE ] setting player 2 freeze to 1217
[2022-12-11 18:56:55] [SEVERE ] setting player 0 freeze to 244
[2022-12-11 18:56:55] [SEVERE ] setting player 3 freeze to 1010
[2022-12-11 18:56:55] [SEVERE ] placing card 8 in slot 4
[2022-12-11 18:56:55] [SEVERE ] setting player 2 freeze to 1107
[2022-12-11 18:56:55] [SEVERE ] setting player 0 freeze to 134
[2022-12-11 18:56:55] [SEVERE ] setting player 3 freeze to 900
[2022-12-11 18:56:55] [SEVERE ] placing card 45 in slot 1
[2022-12-11 18:56:55] [SEVERE ] setting player 2 freeze to 998
[2022-12-11 18:56:55] [SEVERE ] setting player 0 freeze to 25
[2022-12-11 18:56:55] [SEVERE ] setting player 3 freeze to 792
[2022-12-11 18:56:55] [SEVERE ] placing card 31 in slot 6
[2022-12-11 18:56:55] [SEVERE ] setting player 2 freeze to 889
[2022-12-11 18:56:55] [SEVERE ] setting player 0 freeze to -83
[2022-12-11 18:56:55] [SEVERE ] setting player 3 freeze to 683
[2022-12-11 18:56:55] [SEVERE ] placing card 71 in slot 7
[2022-12-11 18:56:55] [SEVERE ] setting player 2 freeze to 781
[2022-12-11 18:56:55] [SEVERE ] player 0 placing token on slot 1
[2022-12-11 18:56:55] [SEVERE ] setting player 3 freeze to 575
[2022-12-11 18:56:55] [SEVERE ] placing card 73 in slot 9
[2022-12-11 18:56:55] [SEVERE ] setting player 2 freeze to 671
[2022-12-11 18:56:55] [SEVERE ] player 0 placing token on slot 8
[2022-12-11 18:56:55] [SEVERE ] setting player 3 freeze to 466
[2022-12-11 18:56:55] [SEVERE ] placing card 68 in slot 0
[2022-12-11 18:56:55] [SEVERE ] setting player 2 freeze to 562
[2022-12-11 18:56:55] [SEVERE ] player 0 placing token on slot 7
[2022-12-11 18:56:55] [SEVERE ] setting player 0 freeze to 2000
[2022-12-11 18:56:55] [SEVERE ] setting player 3 freeze to 355
[2022-12-11 18:56:55] [SEVERE ] placing card 32 in slot 3
[2022-12-11 18:56:55] [SEVERE ] setting player 2 freeze to 453
[2022-12-11 18:56:55] [SEVERE ] removing player 0 token from slot 7
[2022-12-11 18:56:55] [SEVERE ] setting player 0 freeze to 1892
[2022-12-11 18:56:55] [SEVERE ] placing card 36 in slot 11
[2022-12-11 18:56:55] [SEVERE ] setting player 3 freeze to 231
[2022-12-11 18:56:56] [SEVERE ] setting player 2 freeze to 345
[2022-12-11 18:56:56] [SEVERE ] setting player 0 freeze to 1784
[2022-12-11 18:56:56] [SEVERE ] player 3 placing token on slot 7
[2022-12-11 18:56:56] [SEVERE ] setting player 3 freeze to 123
[2022-12-11 18:56:56] [SEVERE ] player 2 placing token on slot 4
[2022-12-11 18:56:56] [SEVERE ] player 0 placing token on slot 2
[2022-12-11 18:56:56] [SEVERE ] player 1 placing token on slot 11
[2022-12-11 18:56:56] [SEVERE ] setting player 2 freeze to 237
[2022-12-11 18:56:56] [SEVERE ] setting player 0 freeze to 1675
[2022-12-11 18:56:56] [SEVERE ] player 3 placing token on slot 2
[2022-12-11 18:56:56] [SEVERE ] setting player 3 freeze to 22
[2022-12-11 18:56:56] [SEVERE ] player 2 placing token on slot 6
[2022-12-11 18:56:56] [SEVERE ] player 1 placing token on slot 6
[2022-12-11 18:56:56] [SEVERE ] removing player 0 token from slot 1
[2022-12-11 18:56:56] [SEVERE ] setting player 2 freeze to 127
[2022-12-11 18:56:56] [SEVERE ] setting player 0 freeze to 1566
[2022-12-11 18:56:56] [SEVERE ] setting player 3 freeze to -79
[2022-12-11 18:56:56] [SEVERE ] player 3 placing token on slot 5
[2022-12-11 18:56:56] [SEVERE ] player 2 placing token on slot 8
[2022-12-11 18:56:56] [SEVERE ] player 1 placing token on slot 2
[2022-12-11 18:56:56] [SEVERE ] player 0 placing token on slot 4
[2022-12-11 18:56:56] [SEVERE ] setting player 1 freeze to 2000
[2022-12-11 18:56:56] [SEVERE ] setting player 2 freeze to 20
[2022-12-11 18:56:56] [SEVERE ] setting player 0 freeze to 1459
[2022-12-11 18:56:56] [SEVERE ] removing player 3 token from slot 5
[2022-12-11 18:56:56] [SEVERE ] setting player 3 freeze to 2000
[2022-12-11 18:56:56] [SEVERE ] removing player 1 token from slot 6
[2022-12-11 18:56:56] [SEVERE ] removing player 0 token from slot 4
[2022-12-11 18:56:56] [SEVERE ] removing player 2 token from slot 6
[2022-12-11 18:56:56] [SEVERE ] setting player 1 freeze to 1893
[2022-12-11 18:56:56] [SEVERE ] setting player 2 freeze to -88
[2022-12-11 18:56:56] [SEVERE ] setting player 0 freeze to 1351
[2022-12-11 18:56:56] [SEVERE ] player 3 placing token on slot 10
[2022-12-11 18:56:56] [SEVERE ] setting player 3 freeze to 1893
[2022-12-11 18:56:56] [SEVERE ] removing player 1 token from slot 11
[2022-12-11 18:56:56] [SEVERE ] player 0 placing token on slot 10
[2022-12-11 18:56:56] [SEVERE ] player 2 placing token on slot 6
[2022-12-11 18:56:56] [SEVERE ] setting player 1 freeze to 1786
[2022-12-11 18:56:56] [SEVERE ] setting player 2 freeze to 2000
[2022-12-11 18:56:56] [SEVERE ] setting player 0 freeze to 1243
[2022-12-11 18:56:56] [SEVERE ] setting player 3 freeze to 1786
[2022-12-11 18:56:56] [SEVERE ] removing player 3 token from slot 10
[2022-12-11 18:56:56] [SEVERE ] player 1 placing token on slot 6
[2022-12-11 18:56:56] [SEVERE ] removing player 0 token from slot 8
[2022-12-11 18:56:56] [SEVERE ] removing player 2 token from slot 8
[2022-12-11 18:56:56] [SEVERE ] setting player 1 freeze to 1677
[2022-12-11 18:56:56] [SEVERE ] setting player 2 freeze to 1892
[2022-12-11 18:56:56] [SEVERE ] setting player 0 freeze to 1136
[2022-12-11 18:56:56] [SEVERE ] setting player 3 freeze to 1686
[2022-12-11 18:56:56] [SEVERE ] removing player 1 token from slot 2
[2022-12-11 18:56:56] [SEVERE ] player 3 placing token on slot 9
[2022-12-11 18:56:56] [SEVERE ] player 0 placing token on slot 7
[2022-12-11 18:56:56] [SEVERE ] player 2 placing token on slot 11
[2022-12-11 18:56:56] [SEVERE ] setting player 1 freeze to 1569
[2022-12-11 18:56:56] [SEVERE ] setting player 2 freeze to 1784
[2022-12-11 18:56:56] [SEVERE ] setting player 3 freeze to 1585
[2022-12-11 18:56:56] [SEVERE ] setting player 0 freeze to 1027
[2022-12-11 18:56:56] [SEVERE ] player 1 placing token on slot 11
[2022-12-11 18:56:56] [SEVERE ] removing player 3 token from slot 7
[2022-12-11 18:56:56] [SEVERE ] removing player 2 token from slot 11
[2022-12-11 18:56:56] [SEVERE ] removing player 0 token from slot 2
[2022-12-11 18:56:56] [SEVERE ] setting player 1 freeze to 1460
[2022-12-11 18:56:56] [SEVERE ] setting player 2 freeze to 1675
[2022-12-11 18:56:56] [SEVERE ] setting player 3 freeze to 1484
[2022-12-11 18:56:56] [SEVERE ] setting player 0 freeze to 918
[2022-12-11 18:56:56] [SEVERE ] removing player 1 token from slot 6
[2022-12-11 18:56:56] [SEVERE ] player 3 placing token on slot 5
[2022-12-11 18:56:56] [SEVERE ] player 2 placing token on slot 9
[2022-12-11 18:56:56] [SEVERE ] player 0 placing token on slot 1
[2022-12-11 18:56:57] [SEVERE ] setting player 1 freeze to 1352
[2022-12-11 18:56:57] [SEVERE ] setting player 2 freeze to 1566
[2022-12-11 18:56:57] [SEVERE ] setting player 3 freeze to 1383
[2022-12-11 18:56:57] [SEVERE ] setting player 0 freeze to 810
[2022-12-11 18:56:57] [SEVERE ] player 1 placing token on slot 1
[2022-12-11 18:56:57] [SEVERE ] removing player 3 token from slot 5
[2022-12-11 18:56:57] [SEVERE ] removing player 2 token from slot 4
[2022-12-11 18:56:57] [SEVERE ] removing player 0 token from slot 1
[2022-12-11 18:56:57] [SEVERE ] setting player 1 freeze to 1242
[2022-12-11 18:56:57] [SEVERE ] setting player 2 freeze to 1465
[2022-12-11 18:56:57] [SEVERE ] setting player 3 freeze to 1273
[2022-12-11 18:56:57] [SEVERE ] setting player 0 freeze to 708
[2022-12-11 18:56:57] [SEVERE ] player 1 placing token on slot 3
[2022-12-11 18:56:57] [SEVERE ] player 2 placing token on slot 5
[2022-12-11 18:56:57] [SEVERE ] player 3 placing token on slot 5
[2022-12-11 18:56:57] [SEVERE ] player 0 placing token on slot 3
[2022-12-11 18:56:57] [SEVERE ] setting player 2 freeze to 1364
[2022-12-11 18:56:57] [SEVERE ] setting player 1 freeze to 1134
[2022-12-11 18:56:57] [SEVERE ] setting player 0 freeze to 607
[2022-12-11 18:56:57] [SEVERE ] setting player 3 freeze to 1165
[2022-12-11 18:56:57] [SEVERE ] removing player 1 token from slot 3
[2022-12-11 18:56:57] [SEVERE ] removing player 2 token from slot 5
[2022-12-11 18:56:57] [SEVERE ] removing player 3 token from slot 5
[2022-12-11 18:56:57] [SEVERE ] removing player 0 token from slot 3
[2022-12-11 18:56:57] [SEVERE ] setting player 2 freeze to 1262
[2022-12-11 18:56:57] [SEVERE ] setting player 1 freeze to 1023
[2022-12-11 18:56:57] [SEVERE ] setting player 0 freeze to 505
[2022-12-11 18:56:57] [SEVERE ] setting player 3 freeze to 1054
[2022-12-11 18:56:57] [SEVERE ] removing player 1 token from slot 11
[2022-12-11 18:56:57] [SEVERE ] player 2 placing token on slot 0
[2022-12-11 18:56:57] [SEVERE ] player 3 placing token on slot 3
[2022-12-11 18:56:57] [SEVERE ] player 0 placing token on slot 3
[2022-12-11 18:56:57] [SEVERE ] setting player 2 freeze to 1161
[2022-12-11 18:56:57] [SEVERE ] setting player 1 freeze to 915
[2022-12-11 18:56:57] [SEVERE ] setting player 0 freeze to 404
[2022-12-11 18:56:57] [SEVERE ] setting player 3 freeze to 947
[2022-12-11 18:56:57] [SEVERE ] player 1 placing token on slot 9
[2022-12-11 18:56:57] [SEVERE ] removing player 2 token from slot 0
[2022-12-11 18:56:57] [SEVERE ] removing player 3 token from slot 3
[2022-12-11 18:56:57] [SEVERE ] removing player 0 token from slot 10
[2022-12-11 18:56:57] [SEVERE ] setting player 2 freeze to 1052
[2022-12-11 18:56:57] [SEVERE ] setting player 1 freeze to 807
[2022-12-11 18:56:57] [SEVERE ] setting player 0 freeze to 296
[2022-12-11 18:56:57] [SEVERE ] setting player 3 freeze to 839
[2022-12-11 18:56:57] [SEVERE ] player 1 placing token on slot 2
[2022-12-11 18:56:57] [SEVERE ] player 2 placing token on slot 5
[2022-12-11 18:56:57] [SEVERE ] player 3 placing token on slot 0
[2022-12-11 18:56:57] [SEVERE ] player 0 placing token on slot 2
[2022-12-11 18:56:57] [SEVERE ] setting player 2 freeze to 945
[2022-12-11 18:56:57] [SEVERE ] setting player 1 freeze to 706
[2022-12-11 18:56:57] [SEVERE ] setting player 0 freeze to 189
[2022-12-11 18:56:57] [SEVERE ] setting player 3 freeze to 731
[2022-12-11 18:56:57] [SEVERE ] removing player 1 token from slot 9
[2022-12-11 18:56:57] [SEVERE ] removing player 2 token from slot 9
[2022-12-11 18:56:57] [SEVERE ] removing player 3 token from slot 9
[2022-12-11 18:56:57] [SEVERE ] removing player 0 token from slot 3
[2022-12-11 18:56:57] [SEVERE ] setting player 2 freeze to 837
[2022-12-11 18:56:57] [SEVERE ] setting player 0 freeze to 81
[2022-12-11 18:56:57] [SEVERE ] setting player 1 freeze to 592
[2022-12-11 18:56:57] [SEVERE ] setting player 3 freeze to 623
[2022-12-11 18:56:57] [SEVERE ] player 1 placing token on slot 5
[2022-12-11 18:56:57] [SEVERE ] removing player 2 token from slot 6
[2022-12-11 18:56:57] [SEVERE ] player 3 placing token on slot 9
[2022-12-11 18:56:57] [SEVERE ] removing player 0 token from slot 7
[2022-12-11 18:56:57] [SEVERE ] setting player 2 freeze to 728
[2022-12-11 18:56:57] [SEVERE ] setting player 0 freeze to -20
[2022-12-11 18:56:57] [SEVERE ] setting player 1 freeze to 482
[2022-12-11 18:56:57] [SEVERE ] setting player 3 freeze to 521
[2022-12-11 18:56:57] [SEVERE ] removing player 1 token from slot 1
[2022-12-11 18:56:57] [SEVERE ] player 2 placing token on slot 7
[2022-12-11 18:56:57] [SEVERE ] removing player 3 token from slot 0
[2022-12-11 18:56:57] [SEVERE ] player 0 placing token on slot 10
[2022-12-11 18:56:57] [SEVERE ] setting player 2 freeze to 619
[2022-12-11 18:56:57] [SEVERE ] setting player 3 freeze to 420
[2022-12-11 18:56:57] [SEVERE ] setting player 1 freeze to 373
[2022-12-11 18:56:58] [SEVERE ] player 1 placing token on slot 4
[2022-12-11 18:56:58] [SEVERE ] removing player 2 token from slot 5
[2022-12-11 18:56:58] [SEVERE ] player 3 placing token on slot 4
[2022-12-11 18:56:58] [SEVERE ] player 0 placing token on slot 4
[2022-12-11 18:56:58] [SEVERE ] setting player 2 freeze to 512
[2022-12-11 18:56:58] [SEVERE ] setting player 0 freeze to 2000
[2022-12-11 18:56:58] [SEVERE ] setting player 3 freeze to 320
[2022-12-11 18:56:58] [SEVERE ] setting player 1 freeze to 266
[2022-12-11 18:56:58] [SEVERE ] removing player 1 token from slot 5
[2022-12-11 18:56:58] [SEVERE ] player 2 placing token on slot 1
[2022-12-11 18:56:58] [SEVERE ] removing player 3 token from slot 9
[2022-12-11 18:56:58] [SEVERE ] removing player 0 token from slot 4
[2022-12-11 18:56:58] [SEVERE ] setting player 2 freeze to 402
[2022-12-11 18:56:58] [SEVERE ] setting player 3 freeze to 219
[2022-12-11 18:56:58] [SEVERE ] setting player 0 freeze to 1890
[2022-12-11 18:56:58] [SEVERE ] setting player 1 freeze to 156
[2022-12-11 18:56:58] [SEVERE ] removing player 1 token from slot 2
[2022-12-11 18:56:58] [SEVERE ] removing player 2 token from slot 1
[2022-12-11 18:56:58] [SEVERE ] player 3 placing token on slot 1
[2022-12-11 18:56:58] [SEVERE ] player 0 placing token on slot 5
[2022-12-11 18:56:58] [SEVERE ] setting player 3 freeze to 117
[2022-12-11 18:56:58] [SEVERE ] setting player 2 freeze to 300
[2022-12-11 18:56:58] [SEVERE ] setting player 0 freeze to 1778
[2022-12-11 18:56:58] [SEVERE ] setting player 1 freeze to 45
[2022-12-11 18:56:58] [SEVERE ] player 1 placing token on slot 7
[2022-12-11 18:56:58] [SEVERE ] player 2 placing token on slot 11
[2022-12-11 18:56:58] [SEVERE ] removing player 3 token from slot 1
[2022-12-11 18:56:58] [SEVERE ] removing player 0 token from slot 10
[2022-12-11 18:56:58] [SEVERE ] setting player 3 freeze to 17
[2022-12-11 18:56:58] [SEVERE ] setting player 2 freeze to 198
[2022-12-11 18:56:58] [SEVERE ] setting player 0 freeze to 1670
[2022-12-11 18:56:58] [SEVERE ] setting player 1 freeze to -63
[2022-12-11 18:56:58] [SEVERE ] player 1 placing token on slot 9
[2022-12-11 18:56:58] [SEVERE ] player 2 placing token on slot 9
[2022-12-11 18:56:58] [SEVERE ] player 3 placing token on slot 5
[2022-12-11 18:56:58] [SEVERE ] player 0 placing token on slot 8
[2022-12-11 18:56:58] [SEVERE ] setting player 3 freeze to -93
[2022-12-11 18:56:58] [SEVERE ] setting player 2 freeze to 90
[2022-12-11 18:56:58] [SEVERE ] setting player 0 freeze to 1563
[2022-12-11 18:56:58] [SEVERE ] setting player 1 freeze to 2000
[2022-12-11 18:56:58] [SEVERE ] removing player 1 token from slot 7
[2022-12-11 18:56:58] [SEVERE ] removing player 2 token from slot 7
[2022-12-11 18:56:58] [SEVERE ] removing player 3 token from slot 5
[2022-12-11 18:56:58] [SEVERE ] removing player 0 token from slot 8
[2022-12-11 18:56:58] [SEVERE ] setting player 2 freeze to -19
[2022-12-11 18:56:58] [SEVERE ] setting player 0 freeze to 1453
[2022-12-11 18:56:58] [SEVERE ] setting player 1 freeze to 1891
[2022-12-11 18:56:58] [SEVERE ] player 2 placing token on slot 2
[2022-12-11 18:56:58] [SEVERE ] player 3 placing token on slot 6
[2022-12-11 18:56:58] [SEVERE ] player 0 placing token on slot 3
[2022-12-11 18:56:58] [SEVERE ] player 1 placing token on slot 10
[2022-12-11 18:56:58] [SEVERE ] setting player 3 freeze to 2000
[2022-12-11 18:56:58] [SEVERE ] setting player 2 freeze to 2000
[2022-12-11 18:56:58] [SEVERE ] setting player 0 freeze to 1345
[2022-12-11 18:56:58] [SEVERE ] setting player 1 freeze to 1782
[2022-12-11 18:56:58] [SEVERE ] removing player 2 token from slot 11
[2022-12-11 18:56:58] [SEVERE ] removing player 3 token from slot 2
[2022-12-11 18:56:58] [SEVERE ] removing player 0 token from slot 3
[2022-12-11 18:56:58] [SEVERE ] removing player 1 token from slot 9
[2022-12-11 18:56:58] [SEVERE ] setting player 2 freeze to 1893
[2022-12-11 18:56:58] [SEVERE ] setting player 3 freeze to 1892
[2022-12-11 18:56:58] [SEVERE ] setting player 0 freeze to 1236
[2022-12-11 18:56:58] [SEVERE ] setting player 1 freeze to 1673
[2022-12-11 18:56:58] [SEVERE ] removing player 0 token from slot 5
[2022-12-11 18:56:58] [SEVERE ] player 3 placing token on slot 1
[2022-12-11 18:56:58] [SEVERE ] removing player 2 token from slot 2
[2022-12-11 18:56:58] [SEVERE ] player 1 placing token on slot 6
[2022-12-11 18:56:58] [SEVERE ] setting player 3 freeze to 1784
[2022-12-11 18:56:58] [SEVERE ] setting player 2 freeze to 1785
[2022-12-11 18:56:58] [SEVERE ] setting player 0 freeze to 1127
[2022-12-11 18:56:58] [SEVERE ] setting player 1 freeze to 1565
[2022-12-11 18:56:59] [SEVERE ] player 0 placing token on slot 9
[2022-12-11 18:56:59] [SEVERE ] removing player 3 token from slot 6
[2022-12-11 18:56:59] [SEVERE ] player 2 placing token on slot 7
[2022-12-11 18:56:59] [SEVERE ] removing player 1 token from slot 10
[2022-12-11 18:56:59] [SEVERE ] setting player 3 freeze to 1683
[2022-12-11 18:56:59] [SEVERE ] setting player 2 freeze to 1676
[2022-12-11 18:56:59] [SEVERE ] setting player 0 freeze to 1018
[2022-12-11 18:56:59] [SEVERE ] setting player 1 freeze to 1455
[2022-12-11 18:56:59] [SEVERE ] player 0 placing token on slot 5
[2022-12-11 18:56:59] [SEVERE ] player 3 placing token on slot 2
[2022-12-11 18:56:59] [SEVERE ] player 2 placing token on slot 3
[2022-12-11 18:56:59] [SEVERE ] removing player 1 token from slot 4
[2022-12-11 18:56:59] [SEVERE ] setting player 3 freeze to 1580
[2022-12-11 18:56:59] [SEVERE ] setting player 2 freeze to 1566
[2022-12-11 18:56:59] [SEVERE ] setting player 0 freeze to 908
[2022-12-11 18:56:59] [SEVERE ] setting player 1 freeze to 1345
[2022-12-11 18:56:59] [SEVERE ] removing player 0 token from slot 5
[2022-12-11 18:56:59] [SEVERE ] removing player 3 token from slot 2
[2022-12-11 18:56:59] [SEVERE ] removing player 2 token from slot 9
[2022-12-11 18:56:59] [SEVERE ] setting player 3 freeze to 1471
[2022-12-11 18:56:59] [SEVERE ] player 1 placing token on slot 1
[2022-12-11 18:56:59] [SEVERE ] setting player 2 freeze to 1457
[2022-12-11 18:56:59] [SEVERE ] setting player 0 freeze to 799
[2022-12-11 18:56:59] [SEVERE ] setting player 1 freeze to 1237
[2022-12-11 18:56:59] [SEVERE ] removing player 3 token from slot 1
[2022-12-11 18:56:59] [SEVERE ] removing player 0 token from slot 9
[2022-12-11 18:56:59] [SEVERE ] player 2 placing token on slot 4
[2022-12-11 18:56:59] [SEVERE ] setting player 3 freeze to 1371
[2022-12-11 18:56:59] [SEVERE ] player 1 placing token on slot 8
[2022-12-11 18:56:59] [SEVERE ] setting player 2 freeze to 1348
[2022-12-11 18:56:59] [SEVERE ] setting player 0 freeze to 690
[2022-12-11 18:56:59] [SEVERE ] setting player 1 freeze to 1128
[2022-12-11 18:56:59] [SEVERE ] player 3 placing token on slot 7
[2022-12-11 18:56:59] [SEVERE ] player 0 placing token on slot 3
[2022-12-11 18:56:59] [SEVERE ] removing player 2 token from slot 3
[2022-12-11 18:56:59] [SEVERE ] setting player 3 freeze to 1269
[2022-12-11 18:56:59] [SEVERE ] removing player 1 token from slot 8
[2022-12-11 18:56:59] [SEVERE ] setting player 2 freeze to 1240
[2022-12-11 18:56:59] [SEVERE ] setting player 0 freeze to 583
[2022-12-11 18:56:59] [SEVERE ] setting player 1 freeze to 1020
[2022-12-11 18:56:59] [SEVERE ] player 0 placing token on slot 1
[2022-12-11 18:56:59] [SEVERE ] player 3 placing token on slot 1
[2022-12-11 18:56:59] [SEVERE ] player 2 placing token on slot 0
[2022-12-11 18:56:59] [SEVERE ] setting player 3 freeze to 1160
[2022-12-11 18:56:59] [SEVERE ] player 1 placing token on slot 9
[2022-12-11 18:56:59] [SEVERE ] setting player 2 freeze to 1130
[2022-12-11 18:56:59] [SEVERE ] setting player 0 freeze to 472
[2022-12-11 18:56:59] [SEVERE ] setting player 1 freeze to 909
[2022-12-11 18:56:59] [SEVERE ] removing player 0 token from slot 2
[2022-12-11 18:56:59] [SEVERE ] removing player 3 token from slot 4
[2022-12-11 18:56:59] [SEVERE ] removing player 2 token from slot 0
[2022-12-11 18:56:59] [SEVERE ] setting player 3 freeze to 1051
[2022-12-11 18:56:59] [SEVERE ] removing player 1 token from slot 9
[2022-12-11 18:56:59] [SEVERE ] setting player 2 freeze to 1021
[2022-12-11 18:56:59] [SEVERE ] setting player 0 freeze to 363
[2022-12-11 18:56:59] [SEVERE ] setting player 1 freeze to 800
[2022-12-11 18:56:59] [SEVERE ] removing player 0 token from slot 3
[2022-12-11 18:56:59] [SEVERE ] player 3 placing token on slot 3
[2022-12-11 18:56:59] [SEVERE ] removing player 2 token from slot 7
[2022-12-11 18:56:59] [SEVERE ] setting player 3 freeze to 942
[2022-12-11 18:56:59] [SEVERE ] player 1 placing token on slot 3
[2022-12-11 18:56:59] [SEVERE ] setting player 2 freeze to 912
[2022-12-11 18:56:59] [SEVERE ] setting player 0 freeze to 254
[2022-12-11 18:56:59] [SEVERE ] setting player 1 freeze to 692
[2022-12-11 18:56:59] [SEVERE ] player 0 placing token on slot 2
[2022-12-11 18:56:59] [SEVERE ] removing player 3 token from slot 1
[2022-12-11 18:56:59] [SEVERE ] player 2 placing token on slot 0
[2022-12-11 18:56:59] [SEVERE ] setting player 3 freeze to 833
[2022-12-11 18:56:59] [SEVERE ] removing player 1 token from slot 1
[2022-12-11 18:56:59] [SEVERE ] setting player 2 freeze to 803
[2022-12-11 18:56:59] [SEVERE ] setting player 0 freeze to 145
[2022-12-11 18:56:59] [SEVERE ] setting player 1 freeze to 582
[2022-12-11 18:56:59] [SEVERE ] player 0 placing token on slot 10
[2022-12-11 18:56:59] [SEVERE ] player 2 placing token on slot 3
[2022-12-11 18:56:59] [SEVERE ] player 3 placing token on slot 4
[2022-12-11 18:56:59] [SEVERE ] setting player 3 freeze to 724
[2022-12-11 18:57:00] [SEVERE ] player 1 placing token on slot 7
[2022-12-11 18:57:00] [SEVERE ] setting player 2 freeze to 694
[2022-12-11 18:57:00] [SEVERE ] setting player 0 freeze to 37
[2022-12-11 18:57:00] [SEVERE ] setting player 1 freeze to 475
[2022-12-11 18:57:00] [SEVERE ] removing player 2 token from slot 0
[2022-12-11 18:57:00] [SEVERE ] removing player 0 token from slot 1
[2022-12-11 18:57:00] [SEVERE ] removing player 3 token from slot 3
[2022-12-11 18:57:00] [SEVERE ] setting player 3 freeze to 615
[2022-12-11 18:57:00] [SEVERE ] removing player 1 token from slot 6
[2022-12-11 18:57:00] [SEVERE ] setting player 2 freeze to 586
[2022-12-11 18:57:00] [SEVERE ] setting player 0 freeze to -72
[2022-12-11 18:57:00] [SEVERE ] setting player 1 freeze to 365
[2022-12-11 18:57:00] [SEVERE ] player 2 placing token on slot 11
[2022-12-11 18:57:00] [SEVERE ] removing player 0 token from slot 2
[2022-12-11 18:57:00] [SEVERE ] player 3 placing token on slot 6
[2022-12-11 18:57:00] [SEVERE ] setting player 3 freeze to 507
[2022-12-11 18:57:00] [SEVERE ] removing player 1 token from slot 3
[2022-12-11 18:57:00] [SEVERE ] setting player 2 freeze to 477
[2022-12-11 18:57:00] [SEVERE ] setting player 1 freeze to 256
[2022-12-11 18:57:00] [SEVERE ] removing player 2 token from slot 11
[2022-12-11 18:57:00] [SEVERE ] player 0 placing token on slot 2
[2022-12-11 18:57:00] [SEVERE ] removing player 3 token from slot 6
[2022-12-11 18:57:00] [SEVERE ] setting player 3 freeze to 398
[2022-12-11 18:57:00] [SEVERE ] player 1 placing token on slot 4
[2022-12-11 18:57:00] [SEVERE ] setting player 2 freeze to 367
[2022-12-11 18:57:00] [SEVERE ] setting player 1 freeze to 148
[2022-12-11 18:57:00] [SEVERE ] player 2 placing token on slot 8
[2022-12-11 18:57:00] [SEVERE ] player 0 placing token on slot 8
[2022-12-11 18:57:00] [SEVERE ] player 3 placing token on slot 6
[2022-12-11 18:57:00] [SEVERE ] setting player 3 freeze to 289
[2022-12-11 18:57:00] [SEVERE ] player 1 placing token on slot 11
[2022-12-11 18:57:00] [SEVERE ] setting player 2 freeze to 259
[2022-12-11 18:57:00] [SEVERE ] setting player 0 freeze to 2000
[2022-12-11 18:57:00] [SEVERE ] setting player 1 freeze to 39
[2022-12-11 18:57:00] [SEVERE ] removing player 0 token from slot 2
[2022-12-11 18:57:00] [SEVERE ] removing player 2 token from slot 8
[2022-12-11 18:57:00] [SEVERE ] removing player 3 token from slot 7
[2022-12-11 18:57:00] [SEVERE ] setting player 3 freeze to 180
[2022-12-11 18:57:00] [SEVERE ] Exit button pressed
[2022-12-11 18:57:00] [SEVERE ] removing player 1 token from slot 4
[2022-12-11 18:57:00] [SEVERE ] setting player 2 freeze to 149
[2022-12-11 18:57:00] [SEVERE ] setting player 0 freeze to 1890
[2022-12-11 18:57:00] [SEVERE ] setting player 1 freeze to -71
[2022-12-11 18:57:00] [SEVERE ] player 2 placing token on slot 8
[2022-12-11 18:57:00] [SEVERE ] player 3 placing token on slot 1
[2022-12-11 18:57:00] [SEVERE ] setting player 3 freeze to 69
[2022-12-11 18:57:00] [SEVERE ] removing card from slot 0
[2022-12-11 18:57:00] [SEVERE ] setting player 2 freeze to 39
[2022-12-11 18:57:00] [SEVERE ] setting player 0 freeze to 1780
[2022-12-11 18:57:00] [SEVERE ] setting player 3 freeze to -39
[2022-12-11 18:57:00] [SEVERE ] removing card from slot 1
[2022-12-11 18:57:00] [SEVERE ] setting player 2 freeze to -70
[2022-12-11 18:57:00] [SEVERE ] setting player 0 freeze to 1671
[2022-12-11 18:57:00] [SEVERE ] removing card from slot 2
[2022-12-11 18:57:00] [SEVERE ] setting player 0 freeze to 1559
[2022-12-11 18:57:00] [SEVERE ] removing card from slot 3
[2022-12-11 18:57:01] [SEVERE ] setting player 0 freeze to 1450
[2022-12-11 18:57:01] [SEVERE ] removing card from slot 4
[2022-12-11 18:57:01] [SEVERE ] setting player 0 freeze to 1342
[2022-12-11 18:57:01] [SEVERE ] removing card from slot 5
[2022-12-11 18:57:01] [SEVERE ] setting player 0 freeze to 1233
[2022-12-11 18:57:01] [SEVERE ] removing card from slot 6
[2022-12-11 18:57:01] [SEVERE ] setting player 0 freeze to 1124
[2022-12-11 18:57:01] [SEVERE ] removing card from slot 7
[2022-12-11 18:57:01] [SEVERE ] setting player 0 freeze to 1015
[2022-12-11 18:57:01] [SEVERE ] removing card from slot 8
[2022-12-11 18:57:01] [SEVERE ] setting player 0 freeze to 905
[2022-12-11 18:57:01] [SEVERE ] removing card from slot 9
[2022-12-11 18:57:01] [SEVERE ] setting player 0 freeze to 796
[2022-12-11 18:57:01] [SEVERE ] removing card from slot 10
[2022-12-11 18:57:01] [SEVERE ] setting player 0 freeze to 687
[2022-12-11 18:57:01] [SEVERE ] removing card from slot 11
[2022-12-11 18:57:01] [SEVERE ] removing player 0 token from slot 10
[2022-12-11 18:57:01] [SEVERE ] removing player 0 token from slot 8
[2022-12-11 18:57:01] [SEVERE ] removing player 1 token from slot 7
[2022-12-11 18:57:01] [SEVERE ] removing player 1 token from slot 11
[2022-12-11 18:57:01] [SEVERE ] removing player 2 token from slot 4
[2022-12-11 18:57:01] [SEVERE ] removing player 2 token from slot 3
[2022-12-11 18:57:01] [SEVERE ] removing player 2 token from slot 8
[2022-12-11 18:57:01] [SEVERE ] removing player 3 token from slot 4
[2022-12-11 18:57:01] [SEVERE ] removing player 3 token from slot 6
[2022-12-11 18:57:01] [SEVERE ] removing player 3 token from slot 1
[2022-12-11 18:57:01] [SEVERE ] announcing winners: [0, 1]
[2022-12-11 18:57:01] [INFO   ] Thread main terminated.
