[2022-12-14 11:34:03] [INFO   ] cannot read configuration file config.properties trying from resources.
[2022-12-14 11:34:03] [INFO   ] configuration file was loaded from resources directory.
[2022-12-14 11:34:05] [SEVERE ] placing card 13 in slot 7
[2022-12-14 11:34:05] [SEVERE ] placing card 19 in slot 4
[2022-12-14 11:34:05] [SEVERE ] placing card 24 in slot 10
[2022-12-14 11:34:05] [SEVERE ] placing card 5 in slot 6
[2022-12-14 11:34:05] [SEVERE ] placing card 20 in slot 8
[2022-12-14 11:34:05] [SEVERE ] placing card 16 in slot 9
[2022-12-14 11:34:06] [SEVERE ] placing card 36 in slot 3
[2022-12-14 11:34:06] [SEVERE ] placing card 45 in slot 2
[2022-12-14 11:34:06] [SEVERE ] placing card 14 in slot 5
[2022-12-14 11:34:06] [SEVERE ] placing card 52 in slot 11
[2022-12-14 11:34:06] [SEVERE ] placing card 68 in slot 0
[2022-12-14 11:34:06] [SEVERE ] placing card 30 in slot 1
[2022-12-14 11:34:36] [SEVERE ] removing card from slot 0
[2022-12-14 11:34:36] [SEVERE ] removing card from slot 1
[2022-12-14 11:34:36] [SEVERE ] removing card from slot 2
[2022-12-14 11:34:37] [SEVERE ] removing card from slot 3
[2022-12-14 11:34:37] [SEVERE ] removing card from slot 4
[2022-12-14 11:34:37] [SEVERE ] removing card from slot 5
[2022-12-14 11:34:37] [SEVERE ] removing card from slot 6
[2022-12-14 11:34:37] [SEVERE ] removing card from slot 7
[2022-12-14 11:34:37] [SEVERE ] removing card from slot 8
[2022-12-14 11:34:37] [SEVERE ] removing card from slot 9
[2022-12-14 11:34:37] [SEVERE ] removing card from slot 10
[2022-12-14 11:34:37] [SEVERE ] removing card from slot 11
[2022-12-14 11:34:38] [SEVERE ] placing card 66 in slot 9
[2022-12-14 11:34:38] [SEVERE ] placing card 55 in slot 3
[2022-12-14 11:34:38] [SEVERE ] placing card 62 in slot 5
[2022-12-14 11:34:38] [SEVERE ] placing card 79 in slot 0
[2022-12-14 11:34:38] [SEVERE ] placing card 65 in slot 4
[2022-12-14 11:34:38] [SEVERE ] placing card 45 in slot 2
[2022-12-14 11:34:38] [SEVERE ] placing card 32 in slot 1
[2022-12-14 11:34:38] [SEVERE ] placing card 23 in slot 11
[2022-12-14 11:34:38] [SEVERE ] placing card 14 in slot 10
[2022-12-14 11:34:39] [SEVERE ] placing card 13 in slot 6
[2022-12-14 11:34:39] [SEVERE ] placing card 35 in slot 8
[2022-12-14 11:34:39] [SEVERE ] placing card 58 in slot 7
[2022-12-14 11:34:45] [SEVERE ] Exit button pressed
[2022-12-14 11:34:45] [SEVERE ] removing card from slot 0
[2022-12-14 11:34:45] [SEVERE ] removing card from slot 1
[2022-12-14 11:34:45] [SEVERE ] removing card from slot 2
[2022-12-14 11:34:45] [SEVERE ] removing card from slot 3
[2022-12-14 11:34:45] [SEVERE ] removing card from slot 4
[2022-12-14 11:34:45] [SEVERE ] removing card from slot 5
[2022-12-14 11:34:46] [SEVERE ] removing card from slot 6
[2022-12-14 11:34:46] [SEVERE ] removing card from slot 7
[2022-12-14 11:34:46] [SEVERE ] removing card from slot 8
[2022-12-14 11:34:46] [SEVERE ] removing card from slot 9
[2022-12-14 11:34:46] [SEVERE ] removing card from slot 10
[2022-12-14 11:34:46] [SEVERE ] removing card from slot 11
[2022-12-14 11:34:46] [SEVERE ] announcing winners: [1, 0]
[2022-12-14 11:34:46] [INFO   ] Thread main terminated.
