[2022-12-14 11:16:36] [INFO   ] cannot read configuration file config.properties trying from resources.
[2022-12-14 11:16:36] [INFO   ] configuration file was loaded from resources directory.
[2022-12-14 11:16:38] [SEVERE ] placing card 3 in slot 4
[2022-12-14 11:16:38] [SEVERE ] placing card 68 in slot 0
[2022-12-14 11:16:38] [SEVERE ] placing card 75 in slot 3
[2022-12-14 11:16:38] [SEVERE ] placing card 65 in slot 8
[2022-12-14 11:16:38] [SEVERE ] placing card 12 in slot 11
[2022-12-14 11:16:38] [SEVERE ] placing card 15 in slot 9
[2022-12-14 11:16:39] [SEVERE ] placing card 38 in slot 1
[2022-12-14 11:16:39] [SEVERE ] placing card 33 in slot 5
[2022-12-14 11:16:39] [SEVERE ] placing card 53 in slot 2
[2022-12-14 11:16:39] [SEVERE ] placing card 42 in slot 7
[2022-12-14 11:16:39] [SEVERE ] placing card 48 in slot 10
[2022-12-14 11:16:39] [SEVERE ] placing card 56 in slot 6
[2022-12-14 11:16:39] [SEVERE ] player 2 placing token on slot 2
[2022-12-14 11:16:39] [SEVERE ] player 3 placing token on slot 11
[2022-12-14 11:16:39] [SEVERE ] player 0 placing token on slot 3
[2022-12-14 11:16:39] [SEVERE ] player 1 placing token on slot 5
[2022-12-14 11:16:39] [SEVERE ] player 3 placing token on slot 5
[2022-12-14 11:16:39] [SEVERE ] player 0 placing token on slot 6
[2022-12-14 11:16:39] [SEVERE ] player 2 placing token on slot 5
[2022-12-14 11:16:39] [SEVERE ] player 1 placing token on slot 0
[2022-12-14 11:16:39] [SEVERE ] player 3 placing token on slot 0
[2022-12-14 11:16:39] [SEVERE ] player 2 placing token on slot 7
[2022-12-14 11:16:39] [SEVERE ] player 0 placing token on slot 0
[2022-12-14 11:16:39] [SEVERE ] player 1 placing token on slot 2
[2022-12-14 11:16:39] [SEVERE ] setting player 0 freeze to 0
[2022-12-14 11:16:39] [SEVERE ] setting player 2 freeze to 0
[2022-12-14 11:16:40] [SEVERE ] removing player 3 token from slot 0
[2022-12-14 11:16:40] [SEVERE ] removing player 2 token from slot 7
[2022-12-14 11:16:40] [SEVERE ] removing player 0 token from slot 6
[2022-12-14 11:16:40] [SEVERE ] removing player 1 token from slot 2
[2022-12-14 11:16:40] [SEVERE ] setting player 3 freeze to 0
[2022-12-14 11:16:40] [SEVERE ] setting player 1 freeze to 0
[2022-12-14 11:16:40] [SEVERE ] setting player 2 freeze to -104
[2022-12-14 11:16:40] [SEVERE ] setting player 0 freeze to -104
[2022-12-14 11:16:40] [SEVERE ] player 3 placing token on slot 9
[2022-12-14 11:16:40] [SEVERE ] setting player 1 freeze to -104
[2022-12-14 11:16:40] [SEVERE ] setting player 3 freeze to -102
[2022-12-14 11:16:40] [SEVERE ] player 0 placing token on slot 1
[2022-12-14 11:16:40] [SEVERE ] player 2 placing token on slot 0
[2022-12-14 11:16:40] [SEVERE ] player 1 placing token on slot 6
[2022-12-14 11:16:40] [SEVERE ] setting player 2 freeze to 0
[2022-12-14 11:16:40] [SEVERE ] setting player 0 freeze to 0
[2022-12-14 11:16:40] [SEVERE ] setting player 1 freeze to 0
[2022-12-14 11:16:40] [SEVERE ] removing player 0 token from slot 0
[2022-12-14 11:16:40] [SEVERE ] removing player 3 token from slot 11
[2022-12-14 11:16:40] [SEVERE ] removing player 1 token from slot 0
[2022-12-14 11:16:40] [SEVERE ] removing player 2 token from slot 0
[2022-12-14 11:16:40] [SEVERE ] setting player 2 freeze to -102
[2022-12-14 11:16:40] [SEVERE ] setting player 0 freeze to -104
[2022-12-14 11:16:40] [SEVERE ] setting player 1 freeze to -103
[2022-12-14 11:16:40] [SEVERE ] player 3 placing token on slot 7
[2022-12-14 11:16:40] [SEVERE ] player 2 placing token on slot 11
[2022-12-14 11:16:40] [SEVERE ] player 0 placing token on slot 10
[2022-12-14 11:16:40] [SEVERE ] setting player 3 freeze to 0
[2022-12-14 11:16:40] [SEVERE ] player 1 placing token on slot 10
[2022-12-14 11:16:40] [SEVERE ] removing player 3 token from slot 5
[2022-12-14 11:16:40] [SEVERE ] setting player 2 freeze to 0
[2022-12-14 11:16:40] [SEVERE ] removing player 2 token from slot 5
[2022-12-14 11:16:40] [SEVERE ] setting player 0 freeze to 0
[2022-12-14 11:16:40] [SEVERE ] setting player 3 freeze to -102
[2022-12-14 11:16:40] [SEVERE ] removing player 0 token from slot 3
[2022-12-14 11:16:40] [SEVERE ] setting player 1 freeze to 0
[2022-12-14 11:16:40] [SEVERE ] removing player 1 token from slot 5
[2022-12-14 11:16:40] [SEVERE ] setting player 2 freeze to -102
[2022-12-14 11:16:40] [SEVERE ] setting player 0 freeze to -103
[2022-12-14 11:16:40] [SEVERE ] player 3 placing token on slot 5
[2022-12-14 11:16:40] [SEVERE ] setting player 1 freeze to -102
[2022-12-14 11:16:40] [SEVERE ] player 2 placing token on slot 8
[2022-12-14 11:16:40] [SEVERE ] setting player 2 freeze to 0
[2022-12-14 11:16:40] [SEVERE ] player 0 placing token on slot 9
[2022-12-14 11:16:40] [SEVERE ] setting player 3 freeze to 0
[2022-12-14 11:16:40] [SEVERE ] removing player 3 token from slot 7
[2022-12-14 11:16:40] [SEVERE ] player 1 placing token on slot 0
[2022-12-14 11:16:40] [SEVERE ] removing player 2 token from slot 8
[2022-12-14 11:16:40] [SEVERE ] removing player 0 token from slot 10
[2022-12-14 11:16:40] [SEVERE ] setting player 2 freeze to -102
[2022-12-14 11:16:40] [SEVERE ] setting player 1 freeze to 0
[2022-12-14 11:16:40] [SEVERE ] setting player 3 freeze to -103
[2022-12-14 11:16:40] [SEVERE ] removing player 1 token from slot 6
[2022-12-14 11:16:40] [SEVERE ] player 0 placing token on slot 0
[2022-12-14 11:16:40] [SEVERE ] player 2 placing token on slot 7
[2022-12-14 11:16:40] [SEVERE ] setting player 1 freeze to -103
[2022-12-14 11:16:40] [SEVERE ] removing player 3 token from slot 5
[2022-12-14 11:16:41] [SEVERE ] removing player 0 token from slot 0
[2022-12-14 11:16:41] [SEVERE ] setting player 0 freeze to 0
[2022-12-14 11:16:41] [SEVERE ] removing player 2 token from slot 7
[2022-12-14 11:16:41] [SEVERE ] setting player 2 freeze to 0
[2022-12-14 11:16:41] [SEVERE ] player 1 placing token on slot 4
[2022-12-14 11:16:41] [SEVERE ] player 3 placing token on slot 10
[2022-12-14 11:16:41] [SEVERE ] setting player 0 freeze to -104
[2022-12-14 11:16:41] [SEVERE ] player 2 placing token on slot 3
[2022-12-14 11:16:41] [SEVERE ] setting player 2 freeze to -102
[2022-12-14 11:16:41] [SEVERE ] setting player 1 freeze to 0
[2022-12-14 11:16:41] [SEVERE ] player 3 placing token on slot 11
[2022-12-14 11:16:41] [SEVERE ] removing player 1 token from slot 10
[2022-12-14 11:16:41] [SEVERE ] player 0 placing token on slot 7
[2022-12-14 11:16:41] [SEVERE ] removing player 2 token from slot 2
[2022-12-14 11:16:41] [SEVERE ] setting player 1 freeze to -102
[2022-12-14 11:16:41] [SEVERE ] setting player 3 freeze to 0
[2022-12-14 11:16:41] [SEVERE ] removing player 3 token from slot 9
[2022-12-14 11:16:41] [SEVERE ] setting player 0 freeze to 0
[2022-12-14 11:16:41] [SEVERE ] removing player 2 token from slot 3
[2022-12-14 11:16:41] [SEVERE ] removing player 0 token from slot 9
[2022-12-14 11:16:41] [SEVERE ] setting player 3 freeze to -101
[2022-12-14 11:16:41] [SEVERE ] player 1 placing token on slot 7
[2022-12-14 11:16:41] [SEVERE ] setting player 0 freeze to -101
[2022-12-14 11:16:41] [SEVERE ] player 2 placing token on slot 4
[2022-12-14 11:16:41] [SEVERE ] setting player 1 freeze to 0
[2022-12-14 11:16:41] [SEVERE ] removing player 1 token from slot 7
[2022-12-14 11:16:41] [SEVERE ] removing player 3 token from slot 11
[2022-12-14 11:16:41] [SEVERE ] player 0 placing token on slot 2
[2022-12-14 11:16:41] [SEVERE ] removing player 2 token from slot 4
[2022-12-14 11:16:41] [SEVERE ] setting player 1 freeze to -102
[2022-12-14 11:16:41] [SEVERE ] player 3 placing token on slot 6
[2022-12-14 11:16:41] [SEVERE ] setting player 0 freeze to 0
[2022-12-14 11:16:41] [SEVERE ] removing player 0 token from slot 7
[2022-12-14 11:16:41] [SEVERE ] player 2 placing token on slot 5
[2022-12-14 11:16:41] [SEVERE ] player 1 placing token on slot 3
[2022-12-14 11:16:41] [SEVERE ] player 3 placing token on slot 9
[2022-12-14 11:16:41] [SEVERE ] setting player 0 freeze to -102
[2022-12-14 11:16:41] [SEVERE ] player 2 placing token on slot 4
[2022-12-14 11:16:41] [SEVERE ] removing player 1 token from slot 4
[2022-12-14 11:16:41] [SEVERE ] removing player 3 token from slot 10
[2022-12-14 11:16:41] [SEVERE ] setting player 1 freeze to 0
[2022-12-14 11:16:41] [SEVERE ] setting player 3 freeze to 0
[2022-12-14 11:16:41] [SEVERE ] setting player 2 freeze to 0
[2022-12-14 11:16:41] [SEVERE ] player 0 placing token on slot 4
[2022-12-14 11:16:41] [SEVERE ] removing player 2 token from slot 5
[2022-12-14 11:16:41] [SEVERE ] player 1 placing token on slot 9
[2022-12-14 11:16:41] [SEVERE ] player 3 placing token on slot 11
[2022-12-14 11:16:41] [SEVERE ] setting player 1 freeze to -101
[2022-12-14 11:16:41] [SEVERE ] setting player 3 freeze to -101
[2022-12-14 11:16:41] [SEVERE ] setting player 2 freeze to -104
[2022-12-14 11:16:41] [SEVERE ] setting player 0 freeze to 0
[2022-12-14 11:16:41] [SEVERE ] removing player 0 token from slot 1
[2022-12-14 11:16:42] [SEVERE ] removing player 1 token from slot 3
[2022-12-14 11:16:42] [SEVERE ] removing player 3 token from slot 6
[2022-12-14 11:16:42] [SEVERE ] player 2 placing token on slot 0
[2022-12-14 11:16:42] [SEVERE ] setting player 0 freeze to -101
[2022-12-14 11:16:42] [SEVERE ] player 1 placing token on slot 8
[2022-12-14 11:16:42] [SEVERE ] player 3 placing token on slot 8
[2022-12-14 11:16:42] [SEVERE ] removing player 2 token from slot 0
[2022-12-14 11:16:42] [SEVERE ] player 0 placing token on slot 7
[2022-12-14 11:16:42] [SEVERE ] setting player 2 freeze to 0
[2022-12-14 11:16:42] [SEVERE ] setting player 1 freeze to 0
[2022-12-14 11:16:42] [SEVERE ] removing player 1 token from slot 9
[2022-12-14 11:16:42] [SEVERE ] setting player 3 freeze to 0
[2022-12-14 11:16:42] [SEVERE ] removing player 3 token from slot 9
[2022-12-14 11:16:42] [SEVERE ] removing player 2 token from slot 11
[2022-12-14 11:16:42] [SEVERE ] setting player 0 freeze to 0
[2022-12-14 11:16:42] [SEVERE ] removing player 0 token from slot 4
[2022-12-14 11:16:42] [SEVERE ] setting player 2 freeze to -104
[2022-12-14 11:16:42] [SEVERE ] setting player 1 freeze to -103
[2022-12-14 11:16:42] [SEVERE ] setting player 3 freeze to -104
[2022-12-14 11:16:42] [SEVERE ] setting player 0 freeze to -102
[2022-12-14 11:16:42] [SEVERE ] player 2 placing token on slot 2
[2022-12-14 11:16:42] [SEVERE ] player 1 placing token on slot 7
[2022-12-14 11:16:42] [SEVERE ] player 3 placing token on slot 4
[2022-12-14 11:16:42] [SEVERE ] player 0 placing token on slot 8
[2022-12-14 11:16:42] [SEVERE ] player 2 placing token on slot 9
[2022-12-14 11:16:42] [SEVERE ] setting player 2 freeze to 0
[2022-12-14 11:16:42] [SEVERE ] removing player 1 token from slot 0
[2022-12-14 11:16:42] [SEVERE ] removing player 3 token from slot 4
[2022-12-14 11:16:42] [SEVERE ] setting player 1 freeze to 0
[2022-12-14 11:16:42] [SEVERE ] setting player 3 freeze to 0
[2022-12-14 11:16:42] [SEVERE ] setting player 0 freeze to 0
[2022-12-14 11:16:42] [SEVERE ] removing player 0 token from slot 8
[2022-12-14 11:16:42] [SEVERE ] removing player 2 token from slot 4
[2022-12-14 11:16:42] [SEVERE ] setting player 2 freeze to -102
[2022-12-14 11:16:42] [SEVERE ] player 1 placing token on slot 0
[2022-12-14 11:16:42] [SEVERE ] removing player 3 token from slot 8
[2022-12-14 11:16:42] [SEVERE ] setting player 1 freeze to -102
[2022-12-14 11:16:42] [SEVERE ] setting player 3 freeze to -103
[2022-12-14 11:16:42] [SEVERE ] setting player 0 freeze to -104
[2022-12-14 11:16:42] [SEVERE ] player 2 placing token on slot 3
[2022-12-14 11:16:42] [SEVERE ] removing player 1 token from slot 7
[2022-12-14 11:16:42] [SEVERE ] player 3 placing token on slot 8
[2022-12-14 11:16:42] [SEVERE ] player 0 placing token on slot 4
[2022-12-14 11:16:42] [SEVERE ] removing player 2 token from slot 9
[2022-12-14 11:16:42] [SEVERE ] setting player 2 freeze to 0
[2022-12-14 11:16:42] [SEVERE ] player 1 placing token on slot 7
[2022-12-14 11:16:42] [SEVERE ] player 3 placing token on slot 1
[2022-12-14 11:16:42] [SEVERE ] setting player 3 freeze to 0
[2022-12-14 11:16:42] [SEVERE ] removing player 0 token from slot 4
[2022-12-14 11:16:42] [SEVERE ] setting player 0 freeze to 0
[2022-12-14 11:16:42] [SEVERE ] player 2 placing token on slot 6
[2022-12-14 11:16:42] [SEVERE ] setting player 2 freeze to -102
[2022-12-14 11:16:42] [SEVERE ] setting player 1 freeze to 0
[2022-12-14 11:16:42] [SEVERE ] removing player 1 token from slot 7
[2022-12-14 11:16:42] [SEVERE ] removing player 3 token from slot 11
[2022-12-14 11:16:42] [SEVERE ] setting player 3 freeze to -101
[2022-12-14 11:16:43] [SEVERE ] setting player 0 freeze to -104
[2022-12-14 11:16:43] [SEVERE ] removing player 2 token from slot 6
[2022-12-14 11:16:43] [SEVERE ] setting player 1 freeze to -102
[2022-12-14 11:16:43] [SEVERE ] player 3 placing token on slot 2
[2022-12-14 11:16:43] [SEVERE ] setting player 3 freeze to 0
[2022-12-14 11:16:43] [SEVERE ] removing player 0 token from slot 2
[2022-12-14 11:16:43] [SEVERE ] player 2 placing token on slot 9
[2022-12-14 11:16:43] [SEVERE ] player 1 placing token on slot 9
[2022-12-14 11:16:43] [SEVERE ] removing player 3 token from slot 1
[2022-12-14 11:16:43] [SEVERE ] setting player 3 freeze to -103
[2022-12-14 11:16:43] [SEVERE ] player 0 placing token on slot 4
[2022-12-14 11:16:43] [SEVERE ] removing player 2 token from slot 9
[2022-12-14 11:16:43] [SEVERE ] setting player 2 freeze to 0
[2022-12-14 11:16:43] [SEVERE ] removing player 1 token from slot 0
[2022-12-14 11:16:43] [SEVERE ] setting player 1 freeze to 0
[2022-12-14 11:16:43] [SEVERE ] removing player 3 token from slot 8
[2022-12-14 11:16:43] [SEVERE ] player 0 placing token on slot 11
[2022-12-14 11:16:43] [SEVERE ] player 2 placing token on slot 8
[2022-12-14 11:16:43] [SEVERE ] setting player 2 freeze to -103
[2022-12-14 11:16:43] [SEVERE ] setting player 1 freeze to -103
[2022-12-14 11:16:43] [SEVERE ] player 3 placing token on slot 7
[2022-12-14 11:16:43] [SEVERE ] setting player 0 freeze to 0
[2022-12-14 11:16:43] [SEVERE ] removing player 0 token from slot 4
[2022-12-14 11:16:43] [SEVERE ] removing player 2 token from slot 8
[2022-12-14 11:16:43] [SEVERE ] player 1 placing token on slot 11
[2022-12-14 11:16:43] [SEVERE ] player 3 placing token on slot 4
[2022-12-14 11:16:43] [SEVERE ] setting player 0 freeze to -102
[2022-12-14 11:16:43] [SEVERE ] player 2 placing token on slot 6
[2022-12-14 11:16:43] [SEVERE ] setting player 1 freeze to 0
[2022-12-14 11:16:43] [SEVERE ] removing player 1 token from slot 8
[2022-12-14 11:16:43] [SEVERE ] setting player 3 freeze to 0
[2022-12-14 11:16:43] [SEVERE ] removing player 3 token from slot 2
[2022-12-14 11:16:43] [SEVERE ] player 0 placing token on slot 9
[2022-12-14 11:16:43] [SEVERE ] setting player 2 freeze to 0
[2022-12-14 11:16:43] [SEVERE ] removing player 2 token from slot 6
[2022-12-14 11:16:43] [SEVERE ] setting player 1 freeze to -101
[2022-12-14 11:16:43] [SEVERE ] setting player 3 freeze to -101
[2022-12-14 11:16:43] [SEVERE ] setting player 0 freeze to 0
[2022-12-14 11:16:43] [SEVERE ] removing player 0 token from slot 11
[2022-12-14 11:16:43] [SEVERE ] setting player 2 freeze to -101
[2022-12-14 11:16:43] [SEVERE ] player 1 placing token on slot 10
[2022-12-14 11:16:43] [SEVERE ] player 3 placing token on slot 3
[2022-12-14 11:16:43] [SEVERE ] setting player 0 freeze to -102
[2022-12-14 11:16:43] [SEVERE ] player 2 placing token on slot 10
[2022-12-14 11:16:43] [SEVERE ] removing player 1 token from slot 11
[2022-12-14 11:16:43] [SEVERE ] setting player 1 freeze to 0
[2022-12-14 11:16:43] [SEVERE ] setting player 3 freeze to 0
[2022-12-14 11:16:43] [SEVERE ] removing player 3 token from slot 3
[2022-12-14 11:16:43] [SEVERE ] player 0 placing token on slot 3
[2022-12-14 11:16:43] [SEVERE ] setting player 2 freeze to 0
[2022-12-14 11:16:43] [SEVERE ] removing player 2 token from slot 2
[2022-12-14 11:16:43] [SEVERE ] player 1 placing token on slot 3
[2022-12-14 11:16:43] [SEVERE ] setting player 1 freeze to -103
[2022-12-14 11:16:43] [SEVERE ] setting player 3 freeze to -101
[2022-12-14 11:16:44] [SEVERE ] removing player 0 token from slot 3
[2022-12-14 11:16:44] [SEVERE ] setting player 0 freeze to 0
[2022-12-14 11:16:44] [SEVERE ] setting player 2 freeze to -102
[2022-12-14 11:16:44] [SEVERE ] removing player 1 token from slot 9
[2022-12-14 11:16:44] [SEVERE ] player 3 placing token on slot 11
[2022-12-14 11:16:44] [SEVERE ] player 0 placing token on slot 3
[2022-12-14 11:16:44] [SEVERE ] setting player 0 freeze to -102
[2022-12-14 11:16:44] [SEVERE ] player 2 placing token on slot 7
[2022-12-14 11:16:44] [SEVERE ] player 1 placing token on slot 2
[2022-12-14 11:16:44] [SEVERE ] removing player 3 token from slot 4
[2022-12-14 11:16:44] [SEVERE ] setting player 3 freeze to 0
[2022-12-14 11:16:44] [SEVERE ] removing player 0 token from slot 9
[2022-12-14 11:16:44] [SEVERE ] removing player 1 token from slot 2
[2022-12-14 11:16:44] [SEVERE ] removing player 2 token from slot 7
[2022-12-14 11:16:44] [SEVERE ] setting player 3 freeze to -103
[2022-12-14 11:16:44] [SEVERE ] player 0 placing token on slot 1
[2022-12-14 11:16:44] [SEVERE ] player 2 placing token on slot 8
[2022-12-14 11:16:44] [SEVERE ] player 1 placing token on slot 1
[2022-12-14 11:16:44] [SEVERE ] player 3 placing token on slot 3
[2022-12-14 11:16:44] [SEVERE ] setting player 0 freeze to 0
[2022-12-14 11:16:44] [SEVERE ] removing player 0 token from slot 7
[2022-12-14 11:16:44] [SEVERE ] removing player 2 token from slot 10
[2022-12-14 11:16:44] [SEVERE ] removing player 3 token from slot 3
[2022-12-14 11:16:44] [SEVERE ] removing player 1 token from slot 3
[2022-12-14 11:16:44] [SEVERE ] setting player 1 freeze to 0
[2022-12-14 11:16:44] [SEVERE ] setting player 2 freeze to 0
[2022-12-14 11:16:44] [SEVERE ] setting player 0 freeze to -102
[2022-12-14 11:16:44] [SEVERE ] player 2 placing token on slot 6
[2022-12-14 11:16:44] [SEVERE ] player 3 placing token on slot 1
[2022-12-14 11:16:44] [SEVERE ] setting player 1 freeze to -102
[2022-12-14 11:16:44] [SEVERE ] setting player 3 freeze to 0
[2022-12-14 11:16:44] [SEVERE ] setting player 2 freeze to -102
[2022-12-14 11:16:44] [SEVERE ] player 0 placing token on slot 5
[2022-12-14 11:16:44] [SEVERE ] removing player 3 token from slot 1
[2022-12-14 11:16:44] [SEVERE ] player 1 placing token on slot 3
[2022-12-14 11:16:44] [SEVERE ] setting player 3 freeze to -101
[2022-12-14 11:16:44] [SEVERE ] removing player 2 token from slot 8
[2022-12-14 11:16:44] [SEVERE ] removing player 0 token from slot 5
[2022-12-14 11:16:44] [SEVERE ] setting player 0 freeze to 0
[2022-12-14 11:16:44] [SEVERE ] removing player 1 token from slot 1
[2022-12-14 11:16:44] [SEVERE ] setting player 1 freeze to 0
[2022-12-14 11:16:44] [SEVERE ] player 3 placing token on slot 0
[2022-12-14 11:16:44] [SEVERE ] removing player 2 token from slot 3
[2022-12-14 11:16:44] [SEVERE ] setting player 0 freeze to -101
[2022-12-14 11:16:44] [SEVERE ] setting player 3 freeze to 0
[2022-12-14 11:16:44] [SEVERE ] setting player 1 freeze to -103
[2022-12-14 11:16:44] [SEVERE ] removing player 3 token from slot 7
[2022-12-14 11:16:44] [SEVERE ] player 2 placing token on slot 10
[2022-12-14 11:16:44] [SEVERE ] player 0 placing token on slot 7
[2022-12-14 11:16:44] [SEVERE ] setting player 3 freeze to -102
[2022-12-14 11:16:44] [SEVERE ] removing player 1 token from slot 3
[2022-12-14 11:16:44] [SEVERE ] player 2 placing token on slot 2
[2022-12-14 11:16:45] [SEVERE ] removing player 0 token from slot 7
[2022-12-14 11:16:45] [SEVERE ] setting player 0 freeze to 0
[2022-12-14 11:16:45] [SEVERE ] setting player 2 freeze to 0
[2022-12-14 11:16:45] [SEVERE ] removing player 3 token from slot 11
[2022-12-14 11:16:45] [SEVERE ] player 1 placing token on slot 11
[2022-12-14 11:16:45] [SEVERE ] removing player 2 token from slot 6
[2022-12-14 11:16:45] [SEVERE ] Exit button pressed
[2022-12-14 11:16:45] [SEVERE ] player 0 placing token on slot 7
[2022-12-14 11:16:45] [SEVERE ] setting player 0 freeze to -101
[2022-12-14 11:16:45] [SEVERE ] setting player 2 freeze to -101
[2022-12-14 11:16:45] [SEVERE ] player 3 placing token on slot 2
[2022-12-14 11:16:45] [SEVERE ] removing player 1 token from slot 10
