[2022-12-11 17:10:15] [INFO   ] cannot read configuration file config.properties trying from resources.
[2022-12-11 17:10:15] [INFO   ] configuration file was loaded from resources directory.
[2022-12-11 17:10:16] [SEVERE ] placing card 66 in slot 8
[2022-12-11 17:10:16] [SEVERE ] placing card 80 in slot 0
[2022-12-11 17:10:16] [SEVERE ] placing card 73 in slot 5
[2022-12-11 17:10:16] [SEVERE ] placing card 77 in slot 4
[2022-12-11 17:10:16] [SEVERE ] placing card 42 in slot 6
[2022-12-11 17:10:16] [SEVERE ] placing card 2 in slot 9
[2022-12-11 17:10:17] [SEVERE ] placing card 9 in slot 1
[2022-12-11 17:10:17] [SEVERE ] placing card 53 in slot 11
[2022-12-11 17:10:17] [SEVERE ] placing card 13 in slot 3
[2022-12-11 17:10:17] [SEVERE ] placing card 72 in slot 10
[2022-12-11 17:10:17] [SEVERE ] placing card 71 in slot 2
[2022-12-11 17:10:17] [SEVERE ] placing card 79 in slot 7
[2022-12-11 17:10:24] [SEVERE ] Exit button pressed
[2022-12-11 17:10:24] [SEVERE ] removing card from slot 0
[2022-12-11 17:10:25] [SEVERE ] removing card from slot 1
[2022-12-11 17:10:25] [SEVERE ] removing card from slot 2
[2022-12-11 17:10:25] [SEVERE ] removing card from slot 3
[2022-12-11 17:10:25] [SEVERE ] removing card from slot 4
[2022-12-11 17:10:25] [SEVERE ] removing card from slot 5
[2022-12-11 17:10:25] [SEVERE ] removing card from slot 6
[2022-12-11 17:10:25] [SEVERE ] removing card from slot 7
[2022-12-11 17:10:25] [SEVERE ] removing card from slot 8
[2022-12-11 17:10:25] [SEVERE ] removing card from slot 9
[2022-12-11 17:10:26] [SEVERE ] removing card from slot 10
[2022-12-11 17:10:26] [SEVERE ] removing card from slot 11
[2022-12-11 17:10:26] [SEVERE ] removing player 0 token from slot 0
[2022-12-11 17:10:26] [SEVERE ] removing player 0 token from slot 1
[2022-12-11 17:10:26] [SEVERE ] removing player 0 token from slot 2
[2022-12-11 17:10:26] [SEVERE ] removing player 0 token from slot 3
[2022-12-11 17:10:26] [SEVERE ] removing player 0 token from slot 4
[2022-12-11 17:10:26] [SEVERE ] removing player 0 token from slot 5
[2022-12-11 17:10:26] [SEVERE ] removing player 0 token from slot 6
[2022-12-11 17:10:27] [SEVERE ] removing player 0 token from slot 7
