[2022-12-14 11:13:57] [INFO   ] cannot read configuration file config.properties trying from resources.
[2022-12-14 11:13:57] [INFO   ] configuration file was loaded from resources directory.
[2022-12-14 11:14:00] [SEVERE ] placing card 34 in slot 0
[2022-12-14 11:14:02] [SEVERE ] placing card 67 in slot 9
[2022-12-14 11:14:04] [SEVERE ] placing card 77 in slot 3
[2022-12-14 11:14:06] [SEVERE ] placing card 58 in slot 5
[2022-12-14 11:14:08] [SEVERE ] placing card 69 in slot 6
[2022-12-14 11:14:10] [SEVERE ] placing card 75 in slot 2
[2022-12-14 11:14:12] [SEVERE ] placing card 37 in slot 8
[2022-12-14 11:14:14] [SEVERE ] placing card 17 in slot 4
[2022-12-14 11:14:16] [SEVERE ] placing card 3 in slot 10
[2022-12-14 11:14:18] [SEVERE ] placing card 15 in slot 7
[2022-12-14 11:14:20] [SEVERE ] placing card 30 in slot 11
[2022-12-14 11:14:22] [SEVERE ] placing card 65 in slot 1
[2022-12-14 11:14:24] [SEVERE ] player 3 placing token on slot 4
[2022-12-14 11:14:24] [SEVERE ] player 0 placing token on slot 7
[2022-12-14 11:14:24] [SEVERE ] player 2 placing token on slot 9
[2022-12-14 11:14:24] [SEVERE ] player 1 placing token on slot 6
[2022-12-14 11:14:26] [SEVERE ] player 3 placing token on slot 2
[2022-12-14 11:14:26] [SEVERE ] player 0 placing token on slot 0
[2022-12-14 11:14:26] [SEVERE ] player 2 placing token on slot 4
[2022-12-14 11:14:26] [SEVERE ] player 1 placing token on slot 11
[2022-12-14 11:14:28] [SEVERE ] player 3 placing token on slot 3
[2022-12-14 11:14:28] [SEVERE ] player 0 placing token on slot 11
[2022-12-14 11:14:28] [SEVERE ] player 2 placing token on slot 8
[2022-12-14 11:14:28] [SEVERE ] player 1 placing token on slot 7
[2022-12-14 11:14:30] [SEVERE ] setting player 3 freeze to 0
[2022-12-14 11:14:30] [SEVERE ] setting player 2 freeze to 0
[2022-12-14 11:14:30] [SEVERE ] setting player 0 freeze to 0
[2022-12-14 11:14:30] [SEVERE ] setting player 1 freeze to 0
[2022-12-14 11:14:30] [SEVERE ] removing player 3 token from slot 4
[2022-12-14 11:14:30] [SEVERE ] removing player 1 token from slot 11
[2022-12-14 11:14:30] [SEVERE ] removing player 2 token from slot 9
[2022-12-14 11:14:30] [SEVERE ] removing player 0 token from slot 7
[2022-12-14 11:14:32] [SEVERE ] setting player 3 freeze to -2002
[2022-12-14 11:14:32] [SEVERE ] setting player 2 freeze to -2003
[2022-12-14 11:14:32] [SEVERE ] setting player 0 freeze to -2003
[2022-12-14 11:14:32] [SEVERE ] setting player 1 freeze to -2004
[2022-12-14 11:14:34] [SEVERE ] player 3 placing token on slot 7
[2022-12-14 11:14:34] [SEVERE ] player 2 placing token on slot 10
[2022-12-14 11:14:34] [SEVERE ] player 0 placing token on slot 5
[2022-12-14 11:14:34] [SEVERE ] player 1 placing token on slot 10
[2022-12-14 11:14:35] [SEVERE ] Exit button pressed
[2022-12-14 11:14:36] [SEVERE ] setting player 3 freeze to 0
[2022-12-14 11:14:36] [SEVERE ] removing player 3 token from slot 7
[2022-12-14 11:14:36] [SEVERE ] setting player 2 freeze to 0
[2022-12-14 11:14:36] [SEVERE ] removing player 2 token from slot 4
[2022-12-14 11:14:36] [SEVERE ] removing player 1 token from slot 10
[2022-12-14 11:14:36] [SEVERE ] removing player 0 token from slot 11
[2022-12-14 11:14:38] [SEVERE ] setting player 3 freeze to -2003
[2022-12-14 11:14:38] [SEVERE ] setting player 2 freeze to -2004
