[2022-12-14 11:16:11] [INFO   ] cannot read configuration file config.properties trying from resources.
[2022-12-14 11:16:11] [INFO   ] configuration file was loaded from resources directory.
[2022-12-14 11:16:12] [SEVERE ] placing card 10 in slot 4
[2022-12-14 11:16:13] [SEVERE ] placing card 68 in slot 9
[2022-12-14 11:16:13] [SEVERE ] placing card 27 in slot 2
[2022-12-14 11:16:13] [SEVERE ] placing card 1 in slot 8
[2022-12-14 11:16:13] [SEVERE ] placing card 11 in slot 5
[2022-12-14 11:16:13] [SEVERE ] placing card 66 in slot 10
[2022-12-14 11:16:13] [SEVERE ] placing card 67 in slot 3
[2022-12-14 11:16:13] [SEVERE ] placing card 63 in slot 7
[2022-12-14 11:16:13] [SEVERE ] placing card 48 in slot 6
[2022-12-14 11:16:13] [SEVERE ] placing card 37 in slot 1
[2022-12-14 11:16:14] [SEVERE ] placing card 74 in slot 11
[2022-12-14 11:16:14] [SEVERE ] placing card 56 in slot 0
[2022-12-14 11:16:14] [SEVERE ] player 3 placing token on slot 7
[2022-12-14 11:16:14] [SEVERE ] player 1 placing token on slot 6
[2022-12-14 11:16:14] [SEVERE ] player 0 placing token on slot 10
[2022-12-14 11:16:14] [SEVERE ] player 2 placing token on slot 8
[2022-12-14 11:16:14] [SEVERE ] player 3 placing token on slot 0
[2022-12-14 11:16:14] [SEVERE ] player 1 placing token on slot 5
[2022-12-14 11:16:14] [SEVERE ] player 2 placing token on slot 2
[2022-12-14 11:16:14] [SEVERE ] player 0 placing token on slot 2
[2022-12-14 11:16:14] [SEVERE ] player 3 placing token on slot 10
[2022-12-14 11:16:14] [SEVERE ] player 1 placing token on slot 8
[2022-12-14 11:16:14] [SEVERE ] player 2 placing token on slot 4
[2022-12-14 11:16:14] [SEVERE ] player 0 placing token on slot 8
[2022-12-14 11:16:14] [SEVERE ] setting player 3 freeze to 0
[2022-12-14 11:16:14] [SEVERE ] setting player 1 freeze to 0
[2022-12-14 11:16:14] [SEVERE ] setting player 2 freeze to 0
[2022-12-14 11:16:14] [SEVERE ] setting player 0 freeze to 0
[2022-12-14 11:16:14] [SEVERE ] removing player 3 token from slot 0
[2022-12-14 11:16:14] [SEVERE ] removing player 1 token from slot 6
[2022-12-14 11:16:14] [SEVERE ] removing player 2 token from slot 2
[2022-12-14 11:16:14] [SEVERE ] removing player 0 token from slot 2
[2022-12-14 11:16:14] [SEVERE ] setting player 3 freeze to -105
[2022-12-14 11:16:14] [SEVERE ] setting player 1 freeze to -103
[2022-12-14 11:16:14] [SEVERE ] setting player 2 freeze to -103
[2022-12-14 11:16:14] [SEVERE ] setting player 0 freeze to -108
[2022-12-14 11:16:14] [SEVERE ] removing player 3 token from slot 10
[2022-12-14 11:16:14] [SEVERE ] player 1 placing token on slot 7
[2022-12-14 11:16:14] [SEVERE ] player 2 placing token on slot 0
[2022-12-14 11:16:14] [SEVERE ] player 0 placing token on slot 2
[2022-12-14 11:16:14] [SEVERE ] setting player 1 freeze to 0
[2022-12-14 11:16:14] [SEVERE ] player 3 placing token on slot 9
[2022-12-14 11:16:14] [SEVERE ] removing player 2 token from slot 4
[2022-12-14 11:16:14] [SEVERE ] removing player 1 token from slot 7
[2022-12-14 11:16:14] [SEVERE ] removing player 0 token from slot 8
[2022-12-14 11:16:14] [SEVERE ] setting player 0 freeze to 0
[2022-12-14 11:16:14] [SEVERE ] setting player 2 freeze to 0
[2022-12-14 11:16:14] [SEVERE ] setting player 1 freeze to -105
[2022-12-14 11:16:14] [SEVERE ] player 3 placing token on slot 0
[2022-12-14 11:16:14] [SEVERE ] player 2 placing token on slot 1
[2022-12-14 11:16:14] [SEVERE ] player 0 placing token on slot 0
[2022-12-14 11:16:14] [SEVERE ] setting player 0 freeze to -105
[2022-12-14 11:16:14] [SEVERE ] setting player 2 freeze to -104
[2022-12-14 11:16:15] [SEVERE ] setting player 3 freeze to 0
[2022-12-14 11:16:15] [SEVERE ] removing player 1 token from slot 5
[2022-12-14 11:16:15] [SEVERE ] removing player 3 token from slot 0
[2022-12-14 11:16:15] [SEVERE ] removing player 0 token from slot 0
[2022-12-14 11:16:15] [SEVERE ] removing player 2 token from slot 0
[2022-12-14 11:16:15] [SEVERE ] setting player 3 freeze to -104
[2022-12-14 11:16:15] [SEVERE ] player 1 placing token on slot 5
[2022-12-14 11:16:15] [SEVERE ] player 0 placing token on slot 4
[2022-12-14 11:16:15] [SEVERE ] player 2 placing token on slot 0
[2022-12-14 11:16:15] [SEVERE ] player 3 placing token on slot 10
[2022-12-14 11:16:15] [SEVERE ] removing player 1 token from slot 8
[2022-12-14 11:16:15] [SEVERE ] setting player 0 freeze to 0
[2022-12-14 11:16:15] [SEVERE ] removing player 0 token from slot 4
[2022-12-14 11:16:15] [SEVERE ] setting player 2 freeze to 0
[2022-12-14 11:16:15] [SEVERE ] removing player 2 token from slot 1
[2022-12-14 11:16:15] [SEVERE ] setting player 3 freeze to 0
[2022-12-14 11:16:15] [SEVERE ] removing player 3 token from slot 7
[2022-12-14 11:16:15] [SEVERE ] player 1 placing token on slot 9
[2022-12-14 11:16:15] [SEVERE ] setting player 0 freeze to -102
[2022-12-14 11:16:15] [SEVERE ] setting player 2 freeze to -103
[2022-12-14 11:16:15] [SEVERE ] setting player 3 freeze to -104
[2022-12-14 11:16:15] [SEVERE ] player 1 placing token on slot 0
[2022-12-14 11:16:15] [SEVERE ] player 0 placing token on slot 4
[2022-12-14 11:16:15] [SEVERE ] removing player 2 token from slot 8
[2022-12-14 11:16:15] [SEVERE ] player 3 placing token on slot 6
[2022-12-14 11:16:15] [SEVERE ] removing player 1 token from slot 0
[2022-12-14 11:16:15] [SEVERE ] setting player 1 freeze to 0
[2022-12-14 11:16:15] [SEVERE ] player 2 placing token on slot 7
[2022-12-14 11:16:15] [SEVERE ] removing player 0 token from slot 2
[2022-12-14 11:16:15] [SEVERE ] setting player 3 freeze to 0
[2022-12-14 11:16:15] [SEVERE ] removing player 3 token from slot 6
[2022-12-14 11:16:15] [SEVERE ] setting player 1 freeze to -144
[2022-12-14 11:16:15] [SEVERE ] player 2 placing token on slot 2
[2022-12-14 11:16:15] [SEVERE ] player 0 placing token on slot 7
[2022-12-14 11:16:15] [SEVERE ] setting player 3 freeze to -110
[2022-12-14 11:16:15] [SEVERE ] setting player 2 freeze to 0
[2022-12-14 11:16:15] [SEVERE ] removing player 1 token from slot 9
[2022-12-14 11:16:15] [SEVERE ] removing player 2 token from slot 7
[2022-12-14 11:16:15] [SEVERE ] removing player 0 token from slot 4
[2022-12-14 11:16:15] [SEVERE ] setting player 0 freeze to 0
[2022-12-14 11:16:15] [SEVERE ] player 3 placing token on slot 3
[2022-12-14 11:16:15] [SEVERE ] setting player 2 freeze to -101
[2022-12-14 11:16:15] [SEVERE ] player 1 placing token on slot 8
[2022-12-14 11:16:15] [SEVERE ] player 0 placing token on slot 6
[2022-12-14 11:16:15] [SEVERE ] setting player 0 freeze to -104
[2022-12-14 11:16:15] [SEVERE ] removing player 3 token from slot 3
[2022-12-14 11:16:15] [SEVERE ] removing player 3 token from slot 9
[2022-12-14 11:16:16] [SEVERE ] removing card from slot 9
[2022-12-14 11:16:16] [SEVERE ] removing player 3 token from slot 10
[2022-12-14 11:16:16] [SEVERE ] removing card from slot 10
[2022-12-14 11:16:16] [SEVERE ] removing player 0 token from slot 10
[2022-12-14 11:16:16] [SEVERE ] removing player 0 token from slot 6
[2022-12-14 11:16:16] [SEVERE ] setting player 3 score to 1
[2022-12-14 11:16:16] [SEVERE ] player 3 placing token on slot 1
[2022-12-14 11:16:16] [SEVERE ] setting player 3 freeze to 0
[2022-12-14 11:16:16] [SEVERE ] player 1 placing token on slot 11
[2022-12-14 11:16:16] [SEVERE ] player 2 placing token on slot 1
[2022-12-14 11:16:16] [SEVERE ] player 0 placing token on slot 1
[2022-12-14 11:16:16] [SEVERE ] setting player 3 freeze to -102
[2022-12-14 11:16:16] [SEVERE ] setting player 1 freeze to 0
[2022-12-14 11:16:16] [SEVERE ] removing player 2 token from slot 1
[2022-12-14 11:16:16] [SEVERE ] setting player 2 freeze to 0
[2022-12-14 11:16:16] [SEVERE ] removing player 1 token from slot 8
[2022-12-14 11:16:16] [SEVERE ] removing player 0 token from slot 7
[2022-12-14 11:16:16] [SEVERE ] player 3 placing token on slot 11
[2022-12-14 11:16:16] [SEVERE ] setting player 1 freeze to -102
[2022-12-14 11:16:16] [SEVERE ] setting player 2 freeze to -102
[2022-12-14 11:16:16] [SEVERE ] player 3 placing token on slot 3
[2022-12-14 11:16:16] [SEVERE ] player 2 placing token on slot 6
[2022-12-14 11:16:16] [SEVERE ] player 1 placing token on slot 1
[2022-12-14 11:16:16] [SEVERE ] player 0 placing token on slot 0
[2022-12-14 11:16:16] [SEVERE ] setting player 3 freeze to 0
[2022-12-14 11:16:16] [SEVERE ] removing player 3 token from slot 3
[2022-12-14 11:16:16] [SEVERE ] setting player 1 freeze to 0
[2022-12-14 11:16:16] [SEVERE ] removing player 2 token from slot 0
[2022-12-14 11:16:16] [SEVERE ] player 0 placing token on slot 3
[2022-12-14 11:16:16] [SEVERE ] removing player 1 token from slot 11
[2022-12-14 11:16:16] [SEVERE ] setting player 0 freeze to 0
[2022-12-14 11:16:16] [SEVERE ] setting player 3 freeze to -102
[2022-12-14 11:16:16] [SEVERE ] setting player 1 freeze to -103
[2022-12-14 11:16:16] [SEVERE ] removing player 2 token from slot 2
[2022-12-14 11:16:16] [SEVERE ] removing player 0 token from slot 3
[2022-12-14 11:16:16] [SEVERE ] setting player 0 freeze to -103
[2022-12-14 11:16:16] [SEVERE ] player 3 placing token on slot 7
[2022-12-14 11:16:16] [SEVERE ] player 1 placing token on slot 0
[2022-12-14 11:16:16] [SEVERE ] player 2 placing token on slot 4
[2022-12-14 11:16:16] [SEVERE ] player 0 placing token on slot 6
[2022-12-14 11:16:16] [SEVERE ] removing player 3 token from slot 1
[2022-12-14 11:16:16] [SEVERE ] removing player 1 token from slot 0
[2022-12-14 11:16:16] [SEVERE ] setting player 3 freeze to 0
[2022-12-14 11:16:16] [SEVERE ] setting player 1 freeze to 0
[2022-12-14 11:16:16] [SEVERE ] player 2 placing token on slot 7
[2022-12-14 11:16:17] [SEVERE ] removing player 0 token from slot 1
[2022-12-14 11:16:17] [SEVERE ] setting player 0 freeze to 0
[2022-12-14 11:16:17] [SEVERE ] player 3 placing token on slot 3
[2022-12-14 11:16:17] [SEVERE ] removing player 1 token from slot 5
[2022-12-14 11:16:17] [SEVERE ] setting player 3 freeze to -102
[2022-12-14 11:16:17] [SEVERE ] setting player 2 freeze to 0
[2022-12-14 11:16:17] [SEVERE ] removing player 2 token from slot 6
[2022-12-14 11:16:17] [SEVERE ] setting player 1 freeze to -103
[2022-12-14 11:16:17] [SEVERE ] setting player 0 freeze to -103
[2022-12-14 11:16:17] [SEVERE ] removing player 3 token from slot 7
[2022-12-14 11:16:17] [SEVERE ] setting player 2 freeze to -102
[2022-12-14 11:16:17] [SEVERE ] player 1 placing token on slot 3
[2022-12-14 11:16:17] [SEVERE ] player 0 placing token on slot 7
[2022-12-14 11:16:17] [SEVERE ] removing player 3 token from slot 3
[2022-12-14 11:16:17] [SEVERE ] player 2 placing token on slot 3
[2022-12-14 11:16:17] [SEVERE ] player 1 placing token on slot 5
[2022-12-14 11:16:17] [SEVERE ] removing player 0 token from slot 7
[2022-12-14 11:16:17] [SEVERE ] setting player 0 freeze to 0
[2022-12-14 11:16:17] [SEVERE ] player 3 placing token on slot 7
[2022-12-14 11:16:17] [SEVERE ] removing player 2 token from slot 3
[2022-12-14 11:16:17] [SEVERE ] setting player 2 freeze to 0
[2022-12-14 11:16:17] [SEVERE ] setting player 1 freeze to 0
[2022-12-14 11:16:17] [SEVERE ] removing player 1 token from slot 1
[2022-12-14 11:16:17] [SEVERE ] setting player 0 freeze to -104
[2022-12-14 11:16:17] [SEVERE ] player 3 placing token on slot 4
[2022-12-14 11:16:17] [SEVERE ] player 2 placing token on slot 0
[2022-12-14 11:16:17] [SEVERE ] setting player 2 freeze to -103
[2022-12-14 11:16:17] [SEVERE ] setting player 1 freeze to -102
[2022-12-14 11:16:17] [SEVERE ] player 0 placing token on slot 1
[2022-12-14 11:16:17] [SEVERE ] setting player 3 freeze to 0
[2022-12-14 11:16:17] [SEVERE ] removing player 3 token from slot 11
[2022-12-14 11:16:17] [SEVERE ] removing player 2 token from slot 0
[2022-12-14 11:16:17] [SEVERE ] player 1 placing token on slot 0
[2022-12-14 11:16:17] [SEVERE ] removing player 0 token from slot 1
[2022-12-14 11:16:17] [SEVERE ] setting player 0 freeze to 0
[2022-12-14 11:16:17] [SEVERE ] setting player 3 freeze to -103
[2022-12-14 11:16:17] [SEVERE ] player 2 placing token on slot 1
[2022-12-14 11:16:17] [SEVERE ] removing player 1 token from slot 5
[2022-12-14 11:16:17] [SEVERE ] setting player 1 freeze to 0
[2022-12-14 11:16:17] [SEVERE ] setting player 0 freeze to -102
[2022-12-14 11:16:17] [SEVERE ] removing player 3 token from slot 4
[2022-12-14 11:16:17] [SEVERE ] setting player 2 freeze to 0
[2022-12-14 11:16:17] [SEVERE ] removing player 2 token from slot 4
[2022-12-14 11:16:17] [SEVERE ] setting player 1 freeze to -103
[2022-12-14 11:16:17] [SEVERE ] player 0 placing token on slot 4
[2022-12-14 11:16:17] [SEVERE ] player 3 placing token on slot 4
[2022-12-14 11:16:17] [SEVERE ] setting player 2 freeze to -102
[2022-12-14 11:16:17] [SEVERE ] player 1 placing token on slot 8
[2022-12-14 11:16:17] [SEVERE ] removing player 0 token from slot 0
[2022-12-14 11:16:17] [SEVERE ] setting player 0 freeze to 0
[2022-12-14 11:16:18] [SEVERE ] player 3 placing token on slot 11
[2022-12-14 11:16:18] [SEVERE ] removing player 2 token from slot 1
[2022-12-14 11:16:18] [SEVERE ] removing player 1 token from slot 3
[2022-12-14 11:16:18] [SEVERE ] setting player 0 freeze to -104
[2022-12-14 11:16:18] [SEVERE ] setting player 3 freeze to 0
[2022-12-14 11:16:18] [SEVERE ] removing player 3 token from slot 4
[2022-12-14 11:16:18] [SEVERE ] player 2 placing token on slot 4
[2022-12-14 11:16:18] [SEVERE ] player 1 placing token on slot 11
[2022-12-14 11:16:18] [SEVERE ] player 0 placing token on slot 8
[2022-12-14 11:16:18] [SEVERE ] setting player 3 freeze to -102
[2022-12-14 11:16:18] [SEVERE ] player 2 placing token on slot 1
[2022-12-14 11:16:18] [SEVERE ] removing player 1 token from slot 11
[2022-12-14 11:16:18] [SEVERE ] setting player 0 freeze to 0
[2022-12-14 11:16:18] [SEVERE ] removing player 0 token from slot 6
[2022-12-14 11:16:18] [SEVERE ] player 3 placing token on slot 1
[2022-12-14 11:16:18] [SEVERE ] setting player 2 freeze to 0
[2022-12-14 11:16:18] [SEVERE ] removing player 2 token from slot 7
[2022-12-14 11:16:18] [SEVERE ] player 1 placing token on slot 11
[2022-12-14 11:16:18] [SEVERE ] setting player 0 freeze to -102
[2022-12-14 11:16:18] [SEVERE ] setting player 3 freeze to 0
[2022-12-14 11:16:18] [SEVERE ] removing player 3 token from slot 11
[2022-12-14 11:16:18] [SEVERE ] setting player 2 freeze to -100
[2022-12-14 11:16:18] [SEVERE ] setting player 1 freeze to 0
[2022-12-14 11:16:18] [SEVERE ] removing player 1 token from slot 11
[2022-12-14 11:16:18] [SEVERE ] player 0 placing token on slot 3
[2022-12-14 11:16:18] [SEVERE ] setting player 3 freeze to -102
[2022-12-14 11:16:18] [SEVERE ] player 2 placing token on slot 6
[2022-12-14 11:16:18] [SEVERE ] setting player 1 freeze to -102
[2022-12-14 11:16:18] [SEVERE ] setting player 0 freeze to 0
[2022-12-14 11:16:18] [SEVERE ] removing player 0 token from slot 4
[2022-12-14 11:16:18] [SEVERE ] player 3 placing token on slot 11
[2022-12-14 11:16:18] [SEVERE ] setting player 2 freeze to 0
[2022-12-14 11:16:18] [SEVERE ] removing player 2 token from slot 6
[2022-12-14 11:16:18] [SEVERE ] player 1 placing token on slot 4
[2022-12-14 11:16:18] [SEVERE ] setting player 0 freeze to -102
[2022-12-14 11:16:18] [SEVERE ] setting player 3 freeze to 0
[2022-12-14 11:16:18] [SEVERE ] removing player 3 token from slot 11
[2022-12-14 11:16:18] [SEVERE ] setting player 2 freeze to -103
[2022-12-14 11:16:18] [SEVERE ] setting player 1 freeze to 0
[2022-12-14 11:16:18] [SEVERE ] removing player 1 token from slot 8
[2022-12-14 11:16:18] [SEVERE ] removing player 0 token from slot 8
[2022-12-14 11:16:18] [SEVERE ] setting player 3 freeze to -101
[2022-12-14 11:16:18] [SEVERE ] player 2 placing token on slot 3
[2022-12-14 11:16:18] [SEVERE ] setting player 1 freeze to -103
[2022-12-14 11:16:18] [SEVERE ] player 0 placing token on slot 2
[2022-12-14 11:16:18] [SEVERE ] player 3 placing token on slot 2
[2022-12-14 11:16:18] [SEVERE ] removing player 2 token from slot 1
[2022-12-14 11:16:18] [SEVERE ] setting player 2 freeze to 0
[2022-12-14 11:16:18] [SEVERE ] removing player 1 token from slot 4
[2022-12-14 11:16:19] [SEVERE ] player 0 placing token on slot 1
[2022-12-14 11:16:19] [SEVERE ] removing player 3 token from slot 7
[2022-12-14 11:16:19] [SEVERE ] setting player 2 freeze to -102
[2022-12-14 11:16:19] [SEVERE ] player 1 placing token on slot 8
[2022-12-14 11:16:19] [SEVERE ] removing player 0 token from slot 3
[2022-12-14 11:16:19] [SEVERE ] setting player 0 freeze to 0
[2022-12-14 11:16:19] [SEVERE ] player 3 placing token on slot 0
[2022-12-14 11:16:19] [SEVERE ] player 2 placing token on slot 8
[2022-12-14 11:16:19] [SEVERE ] player 1 placing token on slot 6
[2022-12-14 11:16:19] [SEVERE ] setting player 0 freeze to -104
[2022-12-14 11:16:19] [SEVERE ] setting player 3 freeze to 0
[2022-12-14 11:16:19] [SEVERE ] removing player 3 token from slot 2
[2022-12-14 11:16:19] [SEVERE ] removing player 2 token from slot 8
[2022-12-14 11:16:19] [SEVERE ] setting player 1 freeze to 0
[2022-12-14 11:16:19] [SEVERE ] removing player 1 token from slot 8
[2022-12-14 11:16:19] [SEVERE ] player 0 placing token on slot 11
[2022-12-14 11:16:19] [SEVERE ] setting player 3 freeze to -102
[2022-12-14 11:16:19] [SEVERE ] removing player 2 token from slot 3
[2022-12-14 11:16:19] [SEVERE ] setting player 1 freeze to -103
[2022-12-14 11:16:19] [SEVERE ] removing player 0 token from slot 2
[2022-12-14 11:16:19] [SEVERE ] setting player 0 freeze to 0
[2022-12-14 11:16:19] [SEVERE ] player 3 placing token on slot 5
[2022-12-14 11:16:19] [SEVERE ] player 2 placing token on slot 8
[2022-12-14 11:16:19] [SEVERE ] player 1 placing token on slot 8
[2022-12-14 11:16:19] [SEVERE ] player 0 placing token on slot 5
[2022-12-14 11:16:19] [SEVERE ] setting player 0 freeze to -102
[2022-12-14 11:16:19] [SEVERE ] setting player 3 freeze to 0
[2022-12-14 11:16:19] [SEVERE ] removing player 3 token from slot 5
[2022-12-14 11:16:19] [SEVERE ] player 2 placing token on slot 7
[2022-12-14 11:16:19] [SEVERE ] setting player 1 freeze to 0
[2022-12-14 11:16:19] [SEVERE ] removing player 1 token from slot 0
[2022-12-14 11:16:19] [SEVERE ] removing player 0 token from slot 5
[2022-12-14 11:16:19] [SEVERE ] setting player 3 freeze to -102
[2022-12-14 11:16:19] [SEVERE ] setting player 2 freeze to 0
[2022-12-14 11:16:19] [SEVERE ] removing player 2 token from slot 8
[2022-12-14 11:16:19] [SEVERE ] setting player 1 freeze to -103
[2022-12-14 11:16:19] [SEVERE ] player 0 placing token on slot 0
[2022-12-14 11:16:19] [SEVERE ] player 3 placing token on slot 8
[2022-12-14 11:16:19] [SEVERE ] setting player 2 freeze to -102
[2022-12-14 11:16:19] [SEVERE ] removing player 1 token from slot 6
[2022-12-14 11:16:19] [SEVERE ] removing player 3 token from slot 0
[2022-12-14 11:16:19] [SEVERE ] setting player 0 freeze to 0
[2022-12-14 11:16:19] [SEVERE ] removing player 0 token from slot 0
[2022-12-14 11:16:19] [SEVERE ] setting player 3 freeze to 0
[2022-12-14 11:16:19] [SEVERE ] player 2 placing token on slot 11
[2022-12-14 11:16:19] [SEVERE ] player 1 placing token on slot 7
[2022-12-14 11:16:19] [SEVERE ] player 3 placing token on slot 2
[2022-12-14 11:16:19] [SEVERE ] setting player 0 freeze to -104
[2022-12-14 11:16:19] [SEVERE ] setting player 3 freeze to -103
[2022-12-14 11:16:19] [SEVERE ] setting player 2 freeze to 0
[2022-12-14 11:16:19] [SEVERE ] removing player 2 token from slot 4
[2022-12-14 11:16:19] [SEVERE ] player 1 placing token on slot 5
[2022-12-14 11:16:20] [SEVERE ] player 0 placing token on slot 2
[2022-12-14 11:16:20] [SEVERE ] removing player 3 token from slot 2
[2022-12-14 11:16:20] [SEVERE ] setting player 2 freeze to -102
[2022-12-14 11:16:20] [SEVERE ] setting player 1 freeze to 0
[2022-12-14 11:16:20] [SEVERE ] removing player 1 token from slot 8
[2022-12-14 11:16:20] [SEVERE ] removing player 0 token from slot 1
[2022-12-14 11:16:20] [SEVERE ] setting player 0 freeze to 0
[2022-12-14 11:16:20] [SEVERE ] player 3 placing token on slot 4
[2022-12-14 11:16:20] [SEVERE ] player 2 placing token on slot 1
[2022-12-14 11:16:20] [SEVERE ] setting player 1 freeze to -102
[2022-12-14 11:16:20] [SEVERE ] setting player 3 freeze to 0
[2022-12-14 11:16:20] [SEVERE ] setting player 0 freeze to -103
[2022-12-14 11:16:20] [SEVERE ] removing player 3 token from slot 8
[2022-12-14 11:16:20] [SEVERE ] setting player 2 freeze to 0
[2022-12-14 11:16:20] [SEVERE ] removing player 2 token from slot 7
[2022-12-14 11:16:20] [SEVERE ] player 1 placing token on slot 3
[2022-12-14 11:16:20] [SEVERE ] player 0 placing token on slot 4
[2022-12-14 11:16:20] [SEVERE ] setting player 3 freeze to -102
[2022-12-14 11:16:20] [SEVERE ] setting player 2 freeze to -102
[2022-12-14 11:16:20] [SEVERE ] setting player 1 freeze to 0
[2022-12-14 11:16:20] [SEVERE ] removing player 1 token from slot 3
[2022-12-14 11:16:20] [SEVERE ] removing player 0 token from slot 4
[2022-12-14 11:16:20] [SEVERE ] player 3 placing token on slot 3
[2022-12-14 11:16:20] [SEVERE ] removing player 2 token from slot 11
[2022-12-14 11:16:20] [SEVERE ] setting player 1 freeze to -101
[2022-12-14 11:16:20] [SEVERE ] player 0 placing token on slot 6
[2022-12-14 11:16:20] [SEVERE ] removing player 3 token from slot 3
[2022-12-14 11:16:20] [SEVERE ] removing player 2 token from slot 1
[2022-12-14 11:16:20] [SEVERE ] setting player 3 freeze to 0
[2022-12-14 11:16:20] [SEVERE ] setting player 0 freeze to 0
[2022-12-14 11:16:20] [SEVERE ] player 1 placing token on slot 0
[2022-12-14 11:16:20] [SEVERE ] removing player 0 token from slot 2
[2022-12-14 11:16:20] [SEVERE ] player 3 placing token on slot 11
[2022-12-14 11:16:20] [SEVERE ] player 2 placing token on slot 5
[2022-12-14 11:16:20] [SEVERE ] setting player 3 freeze to -102
[2022-12-14 11:16:20] [SEVERE ] setting player 0 freeze to -102
[2022-12-14 11:16:20] [SEVERE ] removing player 1 token from slot 7
[2022-12-14 11:16:20] [SEVERE ] setting player 1 freeze to 0
[2022-12-14 11:16:20] [SEVERE ] removing player 3 token from slot 11
[2022-12-14 11:16:20] [SEVERE ] player 2 placing token on slot 8
[2022-12-14 11:16:20] [SEVERE ] player 0 placing token on slot 4
[2022-12-14 11:16:20] [SEVERE ] setting player 1 freeze to -104
[2022-12-14 11:16:20] [SEVERE ] removing player 3 token from slot 1
[2022-12-14 11:16:20] [SEVERE ] removing player 2 token from slot 8
[2022-12-14 11:16:20] [SEVERE ] setting player 0 freeze to 0
[2022-12-14 11:16:20] [SEVERE ] removing player 0 token from slot 6
[2022-12-14 11:16:20] [SEVERE ] removing player 1 token from slot 5
[2022-12-14 11:16:20] [SEVERE ] player 3 placing token on slot 1
[2022-12-14 11:16:20] [SEVERE ] player 2 placing token on slot 4
[2022-12-14 11:16:20] [SEVERE ] setting player 0 freeze to -104
[2022-12-14 11:16:20] [SEVERE ] removing player 1 token from slot 0
[2022-12-14 11:16:21] [SEVERE ] removing player 2 token from slot 5
[2022-12-14 11:16:21] [SEVERE ] player 3 placing token on slot 6
[2022-12-14 11:16:21] [SEVERE ] player 0 placing token on slot 5
[2022-12-14 11:16:21] [SEVERE ] player 1 placing token on slot 3
[2022-12-14 11:16:21] [SEVERE ] setting player 3 freeze to 0
[2022-12-14 11:16:21] [SEVERE ] removing player 3 token from slot 1
[2022-12-14 11:16:21] [SEVERE ] player 2 placing token on slot 2
[2022-12-14 11:16:21] [SEVERE ] setting player 0 freeze to 0
[2022-12-14 11:16:21] [SEVERE ] player 1 placing token on slot 5
[2022-12-14 11:16:21] [SEVERE ] removing player 0 token from slot 4
[2022-12-14 11:16:21] [SEVERE ] setting player 3 freeze to -102
[2022-12-14 11:16:21] [SEVERE ] player 2 placing token on slot 6
[2022-12-14 11:16:21] [SEVERE ] setting player 0 freeze to -102
[2022-12-14 11:16:21] [SEVERE ] player 1 placing token on slot 0
[2022-12-14 11:16:21] [SEVERE ] setting player 2 freeze to 0
[2022-12-14 11:16:21] [SEVERE ] player 3 placing token on slot 0
[2022-12-14 11:16:21] [SEVERE ] player 0 placing token on slot 7
[2022-12-14 11:16:21] [SEVERE ] removing player 2 token from slot 6
[2022-12-14 11:16:21] [SEVERE ] setting player 1 freeze to 0
[2022-12-14 11:16:21] [SEVERE ] removing player 1 token from slot 3
[2022-12-14 11:16:21] [SEVERE ] setting player 2 freeze to -101
[2022-12-14 11:16:21] [SEVERE ] setting player 3 freeze to 0
[2022-12-14 11:16:21] [SEVERE ] removing player 3 token from slot 4
[2022-12-14 11:16:21] [SEVERE ] removing player 0 token from slot 5
[2022-12-14 11:16:21] [SEVERE ] setting player 0 freeze to 0
[2022-12-14 11:16:21] [SEVERE ] setting player 1 freeze to -101
[2022-12-14 11:16:21] [SEVERE ] player 2 placing token on slot 5
[2022-12-14 11:16:21] [SEVERE ] setting player 3 freeze to -102
[2022-12-14 11:16:21] [SEVERE ] player 0 placing token on slot 0
[2022-12-14 11:16:21] [SEVERE ] setting player 0 freeze to -102
[2022-12-14 11:16:21] [SEVERE ] player 1 placing token on slot 2
[2022-12-14 11:16:21] [SEVERE ] removing player 2 token from slot 5
[2022-12-14 11:16:21] [SEVERE ] setting player 2 freeze to 0
[2022-12-14 11:16:21] [SEVERE ] player 3 placing token on slot 3
[2022-12-14 11:16:21] [SEVERE ] removing player 0 token from slot 0
[2022-12-14 11:16:21] [SEVERE ] removing player 1 token from slot 2
[2022-12-14 11:16:21] [SEVERE ] setting player 1 freeze to 0
[2022-12-14 11:16:21] [SEVERE ] player 2 placing token on slot 5
[2022-12-14 11:16:21] [SEVERE ] setting player 2 freeze to -103
[2022-12-14 11:16:21] [SEVERE ] setting player 3 freeze to 0
[2022-12-14 11:16:21] [SEVERE ] removing player 3 token from slot 6
[2022-12-14 11:16:21] [SEVERE ] player 0 placing token on slot 2
[2022-12-14 11:16:21] [SEVERE ] setting player 1 freeze to -103
[2022-12-14 11:16:21] [SEVERE ] removing player 2 token from slot 4
[2022-12-14 11:16:21] [SEVERE ] setting player 3 freeze to -103
[2022-12-14 11:16:21] [SEVERE ] setting player 0 freeze to 0
[2022-12-14 11:16:21] [SEVERE ] removing player 0 token from slot 7
[2022-12-14 11:16:21] [SEVERE ] player 1 placing token on slot 3
[2022-12-14 11:16:21] [SEVERE ] player 2 placing token on slot 7
[2022-12-14 11:16:21] [SEVERE ] player 3 placing token on slot 11
[2022-12-14 11:16:21] [SEVERE ] setting player 0 freeze to -101
[2022-12-14 11:16:21] [SEVERE ] setting player 1 freeze to 0
[2022-12-14 11:16:21] [SEVERE ] removing player 1 token from slot 3
[2022-12-14 11:16:22] [SEVERE ] removing player 2 token from slot 7
[2022-12-14 11:16:22] [SEVERE ] setting player 2 freeze to 0
[2022-12-14 11:16:22] [SEVERE ] removing player 3 token from slot 11
[2022-12-14 11:16:22] [SEVERE ] player 0 placing token on slot 4
[2022-12-14 11:16:22] [SEVERE ] setting player 1 freeze to -102
[2022-12-14 11:16:22] [SEVERE ] setting player 2 freeze to -102
[2022-12-14 11:16:22] [SEVERE ] player 2 placing token on slot 11
[2022-12-14 11:16:22] [SEVERE ] removing player 3 token from slot 3
[2022-12-14 11:16:22] [SEVERE ] removing player 0 token from slot 11
[2022-12-14 11:16:22] [SEVERE ] player 1 placing token on slot 1
[2022-12-14 11:16:22] [SEVERE ] removing player 2 token from slot 5
[2022-12-14 11:16:22] [SEVERE ] player 3 placing token on slot 8
[2022-12-14 11:16:22] [SEVERE ] player 0 placing token on slot 11
[2022-12-14 11:16:22] [SEVERE ] setting player 1 freeze to 0
[2022-12-14 11:16:22] [SEVERE ] removing player 1 token from slot 1
[2022-12-14 11:16:22] [SEVERE ] player 2 placing token on slot 7
[2022-12-14 11:16:22] [SEVERE ] removing player 3 token from slot 0
[2022-12-14 11:16:22] [SEVERE ] setting player 2 freeze to 0
[2022-12-14 11:16:22] [SEVERE ] removing player 0 token from slot 2
[2022-12-14 11:16:22] [SEVERE ] removing player 0 token from slot 4
[2022-12-14 11:16:22] [SEVERE ] setting player 1 freeze to -103
[2022-12-14 11:16:22] [SEVERE ] setting player 2 freeze to -102
[2022-12-14 11:16:22] [SEVERE ] removing card from slot 4
[2022-12-14 11:16:22] [SEVERE ] removing player 0 token from slot 11
[2022-12-14 11:16:22] [SEVERE ] removing card from slot 11
[2022-12-14 11:16:22] [SEVERE ] removing player 2 token from slot 11
[2022-12-14 11:16:22] [SEVERE ] setting player 0 score to 1
[2022-12-14 11:16:22] [SEVERE ] player 0 placing token on slot 0
[2022-12-14 11:16:22] [SEVERE ] setting player 0 freeze to 0
[2022-12-14 11:16:22] [SEVERE ] player 3 placing token on slot 1
[2022-12-14 11:16:22] [SEVERE ] removing player 2 token from slot 7
[2022-12-14 11:16:22] [SEVERE ] setting player 0 freeze to -103
[2022-12-14 11:16:22] [SEVERE ] removing player 3 token from slot 8
[2022-12-14 11:16:22] [SEVERE ] player 2 placing token on slot 5
[2022-12-14 11:16:22] [SEVERE ] player 1 placing token on slot 6
[2022-12-14 11:16:22] [SEVERE ] player 0 placing token on slot 7
[2022-12-14 11:16:22] [SEVERE ] removing player 2 token from slot 5
[2022-12-14 11:16:22] [SEVERE ] removing player 1 token from slot 0
[2022-12-14 11:16:22] [SEVERE ] player 3 placing token on slot 6
[2022-12-14 11:16:22] [SEVERE ] setting player 1 freeze to 0
[2022-12-14 11:16:22] [SEVERE ] player 0 placing token on slot 3
[2022-12-14 11:16:22] [SEVERE ] player 2 placing token on slot 3
[2022-12-14 11:16:22] [SEVERE ] removing player 1 token from slot 6
[2022-12-14 11:16:22] [SEVERE ] removing player 3 token from slot 6
[2022-12-14 11:16:22] [SEVERE ] setting player 0 freeze to 0
[2022-12-14 11:16:22] [SEVERE ] setting player 1 freeze to -102
[2022-12-14 11:16:23] [SEVERE ] removing player 0 token from slot 7
[2022-12-14 11:16:23] [SEVERE ] player 2 placing token on slot 0
[2022-12-14 11:16:23] [SEVERE ] player 3 placing token on slot 7
[2022-12-14 11:16:23] [SEVERE ] setting player 0 freeze to -104
[2022-12-14 11:16:23] [SEVERE ] player 1 placing token on slot 0
[2022-12-14 11:16:23] [SEVERE ] setting player 2 freeze to 0
[2022-12-14 11:16:23] [SEVERE ] removing player 2 token from slot 0
[2022-12-14 11:16:23] [SEVERE ] player 3 placing token on slot 5
[2022-12-14 11:16:23] [SEVERE ] removing player 0 token from slot 3
[2022-12-14 11:16:23] [SEVERE ] player 1 placing token on slot 7
[2022-12-14 11:16:23] [SEVERE ] setting player 2 freeze to -101
[2022-12-14 11:16:23] [SEVERE ] removing player 3 token from slot 1
[2022-12-14 11:16:23] [SEVERE ] removing card from slot 1
[2022-12-14 11:16:23] [SEVERE ] removing player 3 token from slot 7
[2022-12-14 11:16:23] [SEVERE ] removing card from slot 7
[2022-12-14 11:16:23] [SEVERE ] removing player 1 token from slot 7
[2022-12-14 11:16:23] [SEVERE ] removing player 3 token from slot 5
[2022-12-14 11:16:23] [SEVERE ] removing card from slot 5
[2022-12-14 11:16:23] [SEVERE ] removing player 1 token from slot 5
[2022-12-14 11:16:23] [SEVERE ] setting player 3 score to 2
[2022-12-14 11:16:23] [SEVERE ] player 2 placing token on slot 0
[2022-12-14 11:16:23] [SEVERE ] setting player 3 freeze to 0
[2022-12-14 11:16:23] [SEVERE ] removing player 1 token from slot 7
[2022-12-14 11:16:23] [SEVERE ] removing player 0 token from slot 0
[2022-12-14 11:16:23] [SEVERE ] removing player 3 token from slot 7
[2022-12-14 11:16:23] [SEVERE ] removing player 2 token from slot 0
[2022-12-14 11:16:23] [SEVERE ] setting player 3 freeze to -102
[2022-12-14 11:16:23] [SEVERE ] player 0 placing token on slot 0
[2022-12-14 11:16:23] [SEVERE ] setting player 2 freeze to 0
[2022-12-14 11:16:23] [SEVERE ] removing player 1 token from slot 0
