[2022-12-14 11:18:07] [INFO   ] cannot read configuration file config.properties trying from resources.
[2022-12-14 11:18:07] [INFO   ] configuration file was loaded from resources directory.
[2022-12-14 11:18:08] [SEVERE ] placing card 20 in slot 10
[2022-12-14 11:18:09] [SEVERE ] placing card 19 in slot 3
[2022-12-14 11:18:09] [SEVERE ] placing card 21 in slot 11
[2022-12-14 11:18:09] [SEVERE ] placing card 41 in slot 1
[2022-12-14 11:18:09] [SEVERE ] placing card 53 in slot 7
[2022-12-14 11:18:09] [SEVERE ] placing card 34 in slot 6
[2022-12-14 11:18:09] [SEVERE ] placing card 23 in slot 2
[2022-12-14 11:18:09] [SEVERE ] placing card 36 in slot 4
[2022-12-14 11:18:09] [SEVERE ] placing card 74 in slot 8
[2022-12-14 11:18:10] [SEVERE ] placing card 39 in slot 5
[2022-12-14 11:18:10] [SEVERE ] placing card 58 in slot 0
[2022-12-14 11:18:10] [SEVERE ] placing card 22 in slot 9
[2022-12-14 11:18:10] [SEVERE ] player 0 placing token on slot 0
[2022-12-14 11:18:10] [SEVERE ] player 1 placing token on slot 0
[2022-12-14 11:18:10] [SEVERE ] player 3 placing token on slot 2
[2022-12-14 11:18:10] [SEVERE ] player 2 placing token on slot 2
[2022-12-14 11:18:10] [SEVERE ] player 1 placing token on slot 3
[2022-12-14 11:18:10] [SEVERE ] player 3 placing token on slot 4
[2022-12-14 11:18:10] [SEVERE ] player 2 placing token on slot 0
[2022-12-14 11:18:10] [SEVERE ] player 0 placing token on slot 4
[2022-12-14 11:18:10] [SEVERE ] removing player 1 token from slot 0
[2022-12-14 11:18:10] [SEVERE ] player 3 placing token on slot 7
[2022-12-14 11:18:10] [SEVERE ] player 2 placing token on slot 11
[2022-12-14 11:18:10] [SEVERE ] player 0 placing token on slot 7
[2022-12-14 11:18:10] [SEVERE ] setting player 0 freeze to 0
[2022-12-14 11:18:10] [SEVERE ] setting player 2 freeze to 0
[2022-12-14 11:18:10] [SEVERE ] setting player 3 freeze to 0
[2022-12-14 11:18:10] [SEVERE ] player 1 placing token on slot 6
[2022-12-14 11:18:10] [SEVERE ] removing player 3 token from slot 7
[2022-12-14 11:18:10] [SEVERE ] removing player 2 token from slot 11
[2022-12-14 11:18:10] [SEVERE ] removing player 0 token from slot 4
[2022-12-14 11:18:10] [SEVERE ] setting player 0 freeze to -104
[2022-12-14 11:18:10] [SEVERE ] setting player 2 freeze to -105
[2022-12-14 11:18:10] [SEVERE ] setting player 3 freeze to -104
[2022-12-14 11:18:10] [SEVERE ] player 1 placing token on slot 7
[2022-12-14 11:18:10] [SEVERE ] player 0 placing token on slot 9
[2022-12-14 11:18:10] [SEVERE ] setting player 1 freeze to 0
[2022-12-14 11:18:10] [SEVERE ] removing player 2 token from slot 0
[2022-12-14 11:18:10] [SEVERE ] player 3 placing token on slot 9
[2022-12-14 11:18:10] [SEVERE ] removing player 1 token from slot 6
[2022-12-14 11:18:10] [SEVERE ] removing player 0 token from slot 7
[2022-12-14 11:18:10] [SEVERE ] setting player 0 freeze to 0
[2022-12-14 11:18:10] [SEVERE ] setting player 1 freeze to -103
[2022-12-14 11:18:10] [SEVERE ] setting player 3 freeze to 0
[2022-12-14 11:18:10] [SEVERE ] removing player 3 token from slot 9
[2022-12-14 11:18:10] [SEVERE ] player 2 placing token on slot 11
[2022-12-14 11:18:10] [SEVERE ] setting player 0 freeze to -104
[2022-12-14 11:18:11] [SEVERE ] player 1 placing token on slot 8
[2022-12-14 11:18:11] [SEVERE ] setting player 3 freeze to -103
[2022-12-14 11:18:11] [SEVERE ] player 2 placing token on slot 8
[2022-12-14 11:18:11] [SEVERE ] player 0 placing token on slot 5
[2022-12-14 11:18:11] [SEVERE ] setting player 2 freeze to 0
[2022-12-14 11:18:11] [SEVERE ] setting player 1 freeze to 0
[2022-12-14 11:18:11] [SEVERE ] removing player 1 token from slot 8
[2022-12-14 11:18:11] [SEVERE ] player 3 placing token on slot 10
[2022-12-14 11:18:11] [SEVERE ] removing player 2 token from slot 8
[2022-12-14 11:18:11] [SEVERE ] setting player 0 freeze to 0
[2022-12-14 11:18:11] [SEVERE ] removing player 0 token from slot 0
[2022-12-14 11:18:11] [SEVERE ] setting player 2 freeze to -103
[2022-12-14 11:18:11] [SEVERE ] setting player 1 freeze to -103
[2022-12-14 11:18:11] [SEVERE ] setting player 3 freeze to 0
[2022-12-14 11:18:11] [SEVERE ] removing player 3 token from slot 2
[2022-12-14 11:18:11] [SEVERE ] setting player 0 freeze to -102
[2022-12-14 11:18:11] [SEVERE ] player 2 placing token on slot 1
[2022-12-14 11:18:11] [SEVERE ] player 1 placing token on slot 0
[2022-12-14 11:18:11] [SEVERE ] setting player 3 freeze to -102
[2022-12-14 11:18:11] [SEVERE ] player 0 placing token on slot 0
[2022-12-14 11:18:11] [SEVERE ] removing player 2 token from slot 1
[2022-12-14 11:18:11] [SEVERE ] setting player 2 freeze to 0
[2022-12-14 11:18:11] [SEVERE ] setting player 1 freeze to 0
[2022-12-14 11:18:11] [SEVERE ] removing player 1 token from slot 3
[2022-12-14 11:18:11] [SEVERE ] removing player 3 token from slot 10
[2022-12-14 11:18:11] [SEVERE ] setting player 0 freeze to 0
[2022-12-14 11:18:11] [SEVERE ] removing player 0 token from slot 9
[2022-12-14 11:18:11] [SEVERE ] setting player 2 freeze to -104
[2022-12-14 11:18:11] [SEVERE ] setting player 1 freeze to -103
[2022-12-14 11:18:11] [SEVERE ] player 3 placing token on slot 3
[2022-12-14 11:18:11] [SEVERE ] setting player 0 freeze to -102
[2022-12-14 11:18:11] [SEVERE ] player 2 placing token on slot 7
[2022-12-14 11:18:11] [SEVERE ] removing player 3 token from slot 4
[2022-12-14 11:18:11] [SEVERE ] player 1 placing token on slot 4
[2022-12-14 11:18:11] [SEVERE ] removing player 0 token from slot 5
[2022-12-14 11:18:11] [SEVERE ] removing player 2 token from slot 11
[2022-12-14 11:18:11] [SEVERE ] setting player 2 freeze to 0
[2022-12-14 11:18:11] [SEVERE ] setting player 1 freeze to 0
[2022-12-14 11:18:11] [SEVERE ] player 3 placing token on slot 1
[2022-12-14 11:18:11] [SEVERE ] removing player 1 token from slot 0
[2022-12-14 11:18:11] [SEVERE ] removing player 0 token from slot 0
[2022-12-14 11:18:11] [SEVERE ] setting player 2 freeze to -103
[2022-12-14 11:18:11] [SEVERE ] setting player 1 freeze to -103
[2022-12-14 11:18:11] [SEVERE ] player 3 placing token on slot 6
[2022-12-14 11:18:11] [SEVERE ] player 0 placing token on slot 2
[2022-12-14 11:18:11] [SEVERE ] player 2 placing token on slot 4
[2022-12-14 11:18:11] [SEVERE ] setting player 3 freeze to 0
[2022-12-14 11:18:11] [SEVERE ] player 1 placing token on slot 11
[2022-12-14 11:18:11] [SEVERE ] removing player 3 token from slot 1
[2022-12-14 11:18:12] [SEVERE ] player 0 placing token on slot 10
[2022-12-14 11:18:12] [SEVERE ] setting player 2 freeze to 0
[2022-12-14 11:18:12] [SEVERE ] removing player 2 token from slot 7
[2022-12-14 11:18:12] [SEVERE ] setting player 3 freeze to -104
[2022-12-14 11:18:12] [SEVERE ] setting player 1 freeze to 0
[2022-12-14 11:18:12] [SEVERE ] removing player 1 token from slot 7
[2022-12-14 11:18:12] [SEVERE ] player 0 placing token on slot 0
[2022-12-14 11:18:12] [SEVERE ] setting player 2 freeze to -103
[2022-12-14 11:18:12] [SEVERE ] player 3 placing token on slot 9
[2022-12-14 11:18:12] [SEVERE ] setting player 1 freeze to -103
[2022-12-14 11:18:12] [SEVERE ] setting player 0 freeze to 0
[2022-12-14 11:18:12] [SEVERE ] removing player 0 token from slot 10
[2022-12-14 11:18:12] [SEVERE ] player 2 placing token on slot 1
[2022-12-14 11:18:12] [SEVERE ] removing player 3 token from slot 3
[2022-12-14 11:18:12] [SEVERE ] setting player 3 freeze to 0
[2022-12-14 11:18:12] [SEVERE ] player 1 placing token on slot 3
[2022-12-14 11:18:12] [SEVERE ] setting player 0 freeze to -105
[2022-12-14 11:18:12] [SEVERE ] setting player 2 freeze to 0
[2022-12-14 11:18:12] [SEVERE ] removing player 2 token from slot 4
[2022-12-14 11:18:12] [SEVERE ] player 3 placing token on slot 8
[2022-12-14 11:18:12] [SEVERE ] setting player 3 freeze to -102
[2022-12-14 11:18:12] [SEVERE ] removing player 1 token from slot 4
[2022-12-14 11:18:12] [SEVERE ] setting player 1 freeze to 0
[2022-12-14 11:18:12] [SEVERE ] player 0 placing token on slot 1
[2022-12-14 11:18:12] [SEVERE ] setting player 2 freeze to -102
[2022-12-14 11:18:12] [SEVERE ] removing player 3 token from slot 6
[2022-12-14 11:18:12] [SEVERE ] setting player 1 freeze to -104
[2022-12-14 11:18:12] [SEVERE ] removing player 0 token from slot 0
[2022-12-14 11:18:12] [SEVERE ] setting player 0 freeze to 0
[2022-12-14 11:18:12] [SEVERE ] player 2 placing token on slot 0
[2022-12-14 11:18:12] [SEVERE ] player 3 placing token on slot 1
[2022-12-14 11:18:12] [SEVERE ] removing player 1 token from slot 11
[2022-12-14 11:18:12] [SEVERE ] setting player 0 freeze to -104
[2022-12-14 11:18:12] [SEVERE ] setting player 2 freeze to 0
[2022-12-14 11:18:12] [SEVERE ] removing player 2 token from slot 2
[2022-12-14 11:18:12] [SEVERE ] setting player 3 freeze to 0
[2022-12-14 11:18:12] [SEVERE ] removing player 3 token from slot 9
[2022-12-14 11:18:12] [SEVERE ] player 1 placing token on slot 4
[2022-12-14 11:18:12] [SEVERE ] player 0 placing token on slot 10
[2022-12-14 11:18:12] [SEVERE ] setting player 2 freeze to -102
[2022-12-14 11:18:12] [SEVERE ] setting player 3 freeze to -103
[2022-12-14 11:18:12] [SEVERE ] player 1 placing token on slot 6
[2022-12-14 11:18:12] [SEVERE ] removing player 0 token from slot 1
[2022-12-14 11:18:12] [SEVERE ] setting player 0 freeze to 0
[2022-12-14 11:18:12] [SEVERE ] player 2 placing token on slot 7
[2022-12-14 11:18:12] [SEVERE ] player 3 placing token on slot 11
[2022-12-14 11:18:12] [SEVERE ] setting player 1 freeze to 0
[2022-12-14 11:18:12] [SEVERE ] removing player 1 token from slot 6
[2022-12-14 11:18:12] [SEVERE ] setting player 0 freeze to -102
[2022-12-14 11:18:12] [SEVERE ] setting player 2 freeze to 0
[2022-12-14 11:18:12] [SEVERE ] removing player 2 token from slot 1
[2022-12-14 11:18:12] [SEVERE ] removing player 3 token from slot 11
[2022-12-14 11:18:12] [SEVERE ] setting player 3 freeze to 0
[2022-12-14 11:18:12] [SEVERE ] setting player 1 freeze to -104
[2022-12-14 11:18:13] [SEVERE ] player 0 placing token on slot 8
[2022-12-14 11:18:13] [SEVERE ] setting player 2 freeze to -103
[2022-12-14 11:18:13] [SEVERE ] player 3 placing token on slot 10
[2022-12-14 11:18:13] [SEVERE ] setting player 3 freeze to -102
[2022-12-14 11:18:13] [SEVERE ] removing player 1 token from slot 4
[2022-12-14 11:18:13] [SEVERE ] setting player 0 freeze to 0
[2022-12-14 11:18:13] [SEVERE ] removing player 0 token from slot 8
[2022-12-14 11:18:13] [SEVERE ] player 2 placing token on slot 11
[2022-12-14 11:18:13] [SEVERE ] removing player 3 token from slot 8
[2022-12-14 11:18:13] [SEVERE ] player 1 placing token on slot 10
[2022-12-14 11:18:13] [SEVERE ] setting player 0 freeze to -102
[2022-12-14 11:18:13] [SEVERE ] setting player 2 freeze to 0
[2022-12-14 11:18:13] [SEVERE ] removing player 2 token from slot 7
[2022-12-14 11:18:13] [SEVERE ] player 3 placing token on slot 5
[2022-12-14 11:18:13] [SEVERE ] player 1 placing token on slot 2
[2022-12-14 11:18:13] [SEVERE ] player 0 placing token on slot 6
[2022-12-14 11:18:13] [SEVERE ] setting player 2 freeze to -102
[2022-12-14 11:18:13] [SEVERE ] setting player 3 freeze to 0
[2022-12-14 11:18:13] [SEVERE ] removing player 3 token from slot 5
[2022-12-14 11:18:13] [SEVERE ] setting player 1 freeze to 0
[2022-12-14 11:18:13] [SEVERE ] removing player 1 token from slot 3
[2022-12-14 11:18:13] [SEVERE ] setting player 0 freeze to 0
[2022-12-14 11:18:13] [SEVERE ] removing player 0 token from slot 6
[2022-12-14 11:18:13] [SEVERE ] player 2 placing token on slot 2
[2022-12-14 11:18:13] [SEVERE ] setting player 3 freeze to -103
[2022-12-14 11:18:13] [SEVERE ] setting player 1 freeze to -103
[2022-12-14 11:18:13] [SEVERE ] setting player 0 freeze to -102
[2022-12-14 11:18:13] [SEVERE ] setting player 2 freeze to 0
[2022-12-14 11:18:13] [SEVERE ] removing player 2 token from slot 0
[2022-12-14 11:18:13] [SEVERE ] removing player 3 token from slot 10
[2022-12-14 11:18:13] [SEVERE ] player 1 placing token on slot 4
[2022-12-14 11:18:13] [SEVERE ] player 0 placing token on slot 9
[2022-12-14 11:18:13] [SEVERE ] setting player 2 freeze to -102
[2022-12-14 11:18:13] [SEVERE ] player 3 placing token on slot 0
[2022-12-14 11:18:13] [SEVERE ] removing player 1 token from slot 2
[2022-12-14 11:18:13] [SEVERE ] setting player 1 freeze to 0
[2022-12-14 11:18:13] [SEVERE ] setting player 0 freeze to 0
[2022-12-14 11:18:13] [SEVERE ] removing player 0 token from slot 10
[2022-12-14 11:18:13] [SEVERE ] player 2 placing token on slot 8
[2022-12-14 11:18:13] [SEVERE ] player 3 placing token on slot 5
[2022-12-14 11:18:13] [SEVERE ] player 1 placing token on slot 5
[2022-12-14 11:18:13] [SEVERE ] setting player 1 freeze to -102
[2022-12-14 11:18:13] [SEVERE ] setting player 0 freeze to -103
[2022-12-14 11:18:13] [SEVERE ] setting player 2 freeze to 0
[2022-12-14 11:18:13] [SEVERE ] removing player 2 token from slot 2
[2022-12-14 11:18:13] [SEVERE ] setting player 3 freeze to 0
[2022-12-14 11:18:13] [SEVERE ] removing player 3 token from slot 5
[2022-12-14 11:18:13] [SEVERE ] removing player 1 token from slot 10
[2022-12-14 11:18:13] [SEVERE ] player 0 placing token on slot 0
[2022-12-14 11:18:13] [SEVERE ] setting player 2 freeze to -103
[2022-12-14 11:18:13] [SEVERE ] setting player 3 freeze to -102
[2022-12-14 11:18:13] [SEVERE ] player 1 placing token on slot 9
[2022-12-14 11:18:14] [SEVERE ] setting player 0 freeze to 0
[2022-12-14 11:18:14] [SEVERE ] removing player 0 token from slot 2
[2022-12-14 11:18:14] [SEVERE ] player 2 placing token on slot 5
[2022-12-14 11:18:14] [SEVERE ] player 3 placing token on slot 5
[2022-12-14 11:18:14] [SEVERE ] setting player 1 freeze to 0
[2022-12-14 11:18:14] [SEVERE ] removing player 1 token from slot 4
[2022-12-14 11:18:14] [SEVERE ] setting player 0 freeze to -103
[2022-12-14 11:18:14] [SEVERE ] removing player 2 token from slot 5
[2022-12-14 11:18:14] [SEVERE ] setting player 2 freeze to 0
[2022-12-14 11:18:14] [SEVERE ] setting player 3 freeze to 0
[2022-12-14 11:18:14] [SEVERE ] removing player 3 token from slot 5
[2022-12-14 11:18:14] [SEVERE ] setting player 1 freeze to -102
[2022-12-14 11:18:14] [SEVERE ] player 0 placing token on slot 11
[2022-12-14 11:18:14] [SEVERE ] setting player 3 freeze to -103
[2022-12-14 11:18:14] [SEVERE ] setting player 2 freeze to -103
[2022-12-14 11:18:14] [SEVERE ] player 1 placing token on slot 2
[2022-12-14 11:18:14] [SEVERE ] setting player 0 freeze to 0
[2022-12-14 11:18:14] [SEVERE ] player 3 placing token on slot 3
[2022-12-14 11:18:14] [SEVERE ] player 2 placing token on slot 6
[2022-12-14 11:18:14] [SEVERE ] removing player 0 token from slot 11
[2022-12-14 11:18:14] [SEVERE ] removing player 1 token from slot 9
[2022-12-14 11:18:14] [SEVERE ] setting player 0 freeze to -101
[2022-12-14 11:18:14] [SEVERE ] setting player 3 freeze to 0
[2022-12-14 11:18:14] [SEVERE ] removing player 2 token from slot 6
[2022-12-14 11:18:14] [SEVERE ] setting player 2 freeze to 0
[2022-12-14 11:18:14] [SEVERE ] removing player 3 token from slot 0
[2022-12-14 11:18:14] [SEVERE ] player 1 placing token on slot 3
[2022-12-14 11:18:14] [SEVERE ] player 0 placing token on slot 11
[2022-12-14 11:18:14] [SEVERE ] setting player 3 freeze to -103
[2022-12-14 11:18:14] [SEVERE ] setting player 2 freeze to -102
[2022-12-14 11:18:14] [SEVERE ] removing player 1 token from slot 3
[2022-12-14 11:18:14] [SEVERE ] setting player 0 freeze to 0
[2022-12-14 11:18:14] [SEVERE ] removing player 0 token from slot 0
[2022-12-14 11:18:14] [SEVERE ] player 3 placing token on slot 7
[2022-12-14 11:18:14] [SEVERE ] player 2 placing token on slot 7
[2022-12-14 11:18:14] [SEVERE ] player 1 placing token on slot 8
[2022-12-14 11:18:14] [SEVERE ] setting player 0 freeze to -102
[2022-12-14 11:18:14] [SEVERE ] setting player 3 freeze to 0
[2022-12-14 11:18:14] [SEVERE ] setting player 2 freeze to 0
[2022-12-14 11:18:14] [SEVERE ] removing player 3 token from slot 3
[2022-12-14 11:18:14] [SEVERE ] removing player 2 token from slot 11
[2022-12-14 11:18:14] [SEVERE ] removing player 1 token from slot 5
[2022-12-14 11:18:14] [SEVERE ] player 0 placing token on slot 10
[2022-12-14 11:18:14] [SEVERE ] setting player 3 freeze to -101
[2022-12-14 11:18:14] [SEVERE ] setting player 2 freeze to -102
[2022-12-14 11:18:14] [SEVERE ] removing player 1 token from slot 8
[2022-12-14 11:18:14] [SEVERE ] removing player 0 token from slot 9
[2022-12-14 11:18:14] [SEVERE ] setting player 0 freeze to 0
[2022-12-14 11:18:14] [SEVERE ] player 3 placing token on slot 4
[2022-12-14 11:18:14] [SEVERE ] player 2 placing token on slot 9
[2022-12-14 11:18:15] [SEVERE ] removing player 1 token from slot 2
[2022-12-14 11:18:15] [SEVERE ] setting player 0 freeze to -102
[2022-12-14 11:18:15] [SEVERE ] removing player 2 token from slot 7
[2022-12-14 11:18:15] [SEVERE ] setting player 3 freeze to 0
[2022-12-14 11:18:15] [SEVERE ] removing player 3 token from slot 7
[2022-12-14 11:18:15] [SEVERE ] setting player 2 freeze to 0
[2022-12-14 11:18:15] [SEVERE ] player 1 placing token on slot 0
[2022-12-14 11:18:15] [SEVERE ] player 0 placing token on slot 1
[2022-12-14 11:18:15] [SEVERE ] setting player 3 freeze to -101
[2022-12-14 11:18:15] [SEVERE ] player 2 placing token on slot 7
[2022-12-14 11:18:15] [SEVERE ] setting player 2 freeze to -101
[2022-12-14 11:18:15] [SEVERE ] player 1 placing token on slot 4
[2022-12-14 11:18:15] [SEVERE ] removing player 0 token from slot 10
[2022-12-14 11:18:15] [SEVERE ] player 3 placing token on slot 7
[2022-12-14 11:18:15] [SEVERE ] removing player 2 token from slot 9
[2022-12-14 11:18:15] [SEVERE ] player 1 placing token on slot 5
[2022-12-14 11:18:15] [SEVERE ] setting player 1 freeze to 0
[2022-12-14 11:18:15] [SEVERE ] removing player 0 token from slot 11
[2022-12-14 11:18:15] [SEVERE ] setting player 3 freeze to 0
[2022-12-14 11:18:15] [SEVERE ] removing player 3 token from slot 1
[2022-12-14 11:18:15] [SEVERE ] player 2 placing token on slot 1
[2022-12-14 11:18:15] [SEVERE ] removing player 1 token from slot 4
[2022-12-14 11:18:15] [SEVERE ] setting player 1 freeze to -101
[2022-12-14 11:18:15] [SEVERE ] player 0 placing token on slot 5
[2022-12-14 11:18:15] [SEVERE ] setting player 3 freeze to -101
[2022-12-14 11:18:15] [SEVERE ] setting player 2 freeze to 0
[2022-12-14 11:18:15] [SEVERE ] removing player 2 token from slot 8
[2022-12-14 11:18:15] [SEVERE ] player 1 placing token on slot 10
[2022-12-14 11:18:15] [SEVERE ] player 0 placing token on slot 9
[2022-12-14 11:18:15] [SEVERE ] player 3 placing token on slot 2
[2022-12-14 11:18:15] [SEVERE ] setting player 2 freeze to -102
[2022-12-14 11:18:15] [SEVERE ] setting player 1 freeze to 0
[2022-12-14 11:18:15] [SEVERE ] removing player 1 token from slot 10
[2022-12-14 11:18:15] [SEVERE ] setting player 0 freeze to 0
[2022-12-14 11:18:15] [SEVERE ] removing player 0 token from slot 9
[2022-12-14 11:18:15] [SEVERE ] removing player 3 token from slot 4
[2022-12-14 11:18:15] [SEVERE ] player 2 placing token on slot 6
[2022-12-14 11:18:15] [SEVERE ] setting player 1 freeze to -123
[2022-12-14 11:18:15] [SEVERE ] setting player 0 freeze to -102
[2022-12-14 11:18:15] [SEVERE ] player 3 placing token on slot 11
[2022-12-14 11:18:15] [SEVERE ] removing player 2 token from slot 7
[2022-12-14 11:18:15] [SEVERE ] setting player 2 freeze to 0
[2022-12-14 11:18:15] [SEVERE ] player 1 placing token on slot 4
[2022-12-14 11:18:15] [SEVERE ] player 0 placing token on slot 2
[2022-12-14 11:18:15] [SEVERE ] removing player 3 token from slot 7
[2022-12-14 11:18:15] [SEVERE ] player 2 placing token on slot 5
[2022-12-14 11:18:15] [SEVERE ] setting player 2 freeze to -102
[2022-12-14 11:18:15] [SEVERE ] removing player 1 token from slot 0
[2022-12-14 11:18:15] [SEVERE ] setting player 1 freeze to 0
[2022-12-14 11:18:15] [SEVERE ] removing player 0 token from slot 5
[2022-12-14 11:18:15] [SEVERE ] setting player 0 freeze to 0
[2022-12-14 11:18:16] [SEVERE ] removing player 3 token from slot 2
[2022-12-14 11:18:16] [SEVERE ] removing player 2 token from slot 6
[2022-12-14 11:18:16] [SEVERE ] setting player 1 freeze to -103
[2022-12-14 11:18:16] [SEVERE ] setting player 0 freeze to -104
[2022-12-14 11:18:16] [SEVERE ] player 3 placing token on slot 10
[2022-12-14 11:18:16] [SEVERE ] player 2 placing token on slot 6
[2022-12-14 11:18:16] [SEVERE ] player 1 placing token on slot 6
[2022-12-14 11:18:16] [SEVERE ] player 0 placing token on slot 0
[2022-12-14 11:18:16] [SEVERE ] player 3 placing token on slot 9
[2022-12-14 11:18:16] [SEVERE ] setting player 2 freeze to 0
[2022-12-14 11:18:16] [SEVERE ] removing player 2 token from slot 5
[2022-12-14 11:18:16] [SEVERE ] setting player 1 freeze to 0
[2022-12-14 11:18:16] [SEVERE ] removing player 1 token from slot 4
[2022-12-14 11:18:16] [SEVERE ] removing player 0 token from slot 2
[2022-12-14 11:18:16] [SEVERE ] setting player 3 freeze to 0
[2022-12-14 11:18:16] [SEVERE ] removing player 3 token from slot 11
[2022-12-14 11:18:16] [SEVERE ] setting player 2 freeze to -102
[2022-12-14 11:18:16] [SEVERE ] setting player 1 freeze to -103
[2022-12-14 11:18:16] [SEVERE ] player 0 placing token on slot 5
[2022-12-14 11:18:16] [SEVERE ] setting player 3 freeze to -104
[2022-12-14 11:18:16] [SEVERE ] player 2 placing token on slot 2
[2022-12-14 11:18:16] [SEVERE ] player 1 placing token on slot 7
[2022-12-14 11:18:16] [SEVERE ] removing player 0 token from slot 1
[2022-12-14 11:18:16] [SEVERE ] setting player 0 freeze to 0
[2022-12-14 11:18:16] [SEVERE ] removing player 3 token from slot 9
[2022-12-14 11:18:16] [SEVERE ] removing player 2 token from slot 6
[2022-12-14 11:18:16] [SEVERE ] setting player 2 freeze to 0
[2022-12-14 11:18:16] [SEVERE ] removing player 1 token from slot 6
[2022-12-14 11:18:16] [SEVERE ] setting player 1 freeze to 0
[2022-12-14 11:18:16] [SEVERE ] setting player 0 freeze to -104
[2022-12-14 11:18:16] [SEVERE ] player 3 placing token on slot 5
[2022-12-14 11:18:16] [SEVERE ] player 2 placing token on slot 6
[2022-12-14 11:18:16] [SEVERE ] setting player 2 freeze to -102
[2022-12-14 11:18:16] [SEVERE ] setting player 1 freeze to -103
[2022-12-14 11:18:16] [SEVERE ] removing player 0 token from slot 0
[2022-12-14 11:18:16] [SEVERE ] player 3 placing token on slot 0
[2022-12-14 11:18:16] [SEVERE ] removing player 2 token from slot 1
[2022-12-14 11:18:16] [SEVERE ] player 1 placing token on slot 9
[2022-12-14 11:18:16] [SEVERE ] player 0 placing token on slot 9
[2022-12-14 11:18:16] [SEVERE ] setting player 3 freeze to 0
[2022-12-14 11:18:16] [SEVERE ] removing player 3 token from slot 0
[2022-12-14 11:18:16] [SEVERE ] player 2 placing token on slot 4
[2022-12-14 11:18:16] [SEVERE ] removing player 1 token from slot 5
[2022-12-14 11:18:16] [SEVERE ] setting player 1 freeze to 0
[2022-12-14 11:18:16] [SEVERE ] player 0 placing token on slot 3
[2022-12-14 11:18:16] [SEVERE ] setting player 3 freeze to -104
[2022-12-14 11:18:16] [SEVERE ] setting player 2 freeze to 0
[2022-12-14 11:18:16] [SEVERE ] removing player 2 token from slot 6
[2022-12-14 11:18:16] [SEVERE ] setting player 1 freeze to -103
[2022-12-14 11:18:17] [SEVERE ] setting player 0 freeze to 0
[2022-12-14 11:18:17] [SEVERE ] removing player 0 token from slot 5
[2022-12-14 11:18:17] [SEVERE ] player 3 placing token on slot 3
[2022-12-14 11:18:17] [SEVERE ] setting player 2 freeze to -103
[2022-12-14 11:18:17] [SEVERE ] removing player 1 token from slot 9
[2022-12-14 11:18:17] [SEVERE ] setting player 0 freeze to -103
[2022-12-14 11:18:17] [SEVERE ] setting player 3 freeze to 0
[2022-12-14 11:18:17] [SEVERE ] removing player 3 token from slot 5
[2022-12-14 11:18:17] [SEVERE ] player 2 placing token on slot 5
[2022-12-14 11:18:17] [SEVERE ] player 1 placing token on slot 4
[2022-12-14 11:18:17] [SEVERE ] player 0 placing token on slot 8
[2022-12-14 11:18:17] [SEVERE ] setting player 3 freeze to -103
[2022-12-14 11:18:17] [SEVERE ] removing player 2 token from slot 2
[2022-12-14 11:18:17] [SEVERE ] removing player 1 token from slot 7
[2022-12-14 11:18:17] [SEVERE ] setting player 0 freeze to 0
[2022-12-14 11:18:17] [SEVERE ] removing player 0 token from slot 3
[2022-12-14 11:18:17] [SEVERE ] removing player 3 token from slot 3
[2022-12-14 11:18:17] [SEVERE ] player 2 placing token on slot 6
[2022-12-14 11:18:17] [SEVERE ] player 1 placing token on slot 7
[2022-12-14 11:18:17] [SEVERE ] setting player 0 freeze to -101
[2022-12-14 11:18:17] [SEVERE ] player 3 placing token on slot 5
[2022-12-14 11:18:17] [SEVERE ] removing player 2 token from slot 6
[2022-12-14 11:18:17] [SEVERE ] setting player 2 freeze to 0
[2022-12-14 11:18:17] [SEVERE ] player 1 placing token on slot 11
[2022-12-14 11:18:17] [SEVERE ] player 0 placing token on slot 11
[2022-12-14 11:18:17] [SEVERE ] setting player 1 freeze to 0
[2022-12-14 11:18:17] [SEVERE ] player 3 placing token on slot 1
[2022-12-14 11:18:17] [SEVERE ] setting player 3 freeze to 0
[2022-12-14 11:18:17] [SEVERE ] player 2 placing token on slot 3
[2022-12-14 11:18:17] [SEVERE ] setting player 2 freeze to -102
[2022-12-14 11:18:17] [SEVERE ] removing player 1 token from slot 4
[2022-12-14 11:18:17] [SEVERE ] removing player 0 token from slot 11
[2022-12-14 11:18:17] [SEVERE ] setting player 1 freeze to -102
[2022-12-14 11:18:17] [SEVERE ] removing player 3 token from slot 1
[2022-12-14 11:18:17] [SEVERE ] setting player 3 freeze to -102
[2022-12-14 11:18:17] [SEVERE ] removing player 2 token from slot 5
[2022-12-14 11:18:17] [SEVERE ] removing player 0 token from slot 8
[2022-12-14 11:18:17] [SEVERE ] player 1 placing token on slot 1
[2022-12-14 11:18:17] [SEVERE ] player 3 placing token on slot 3
[2022-12-14 11:18:17] [SEVERE ] player 2 placing token on slot 0
[2022-12-14 11:18:17] [SEVERE ] player 0 placing token on slot 1
[2022-12-14 11:18:17] [SEVERE ] removing player 1 token from slot 7
[2022-12-14 11:18:17] [SEVERE ] setting player 1 freeze to 0
[2022-12-14 11:18:17] [SEVERE ] removing player 3 token from slot 10
[2022-12-14 11:18:17] [SEVERE ] removing player 2 token from slot 0
[2022-12-14 11:18:17] [SEVERE ] setting player 3 freeze to 0
[2022-12-14 11:18:17] [SEVERE ] removing player 0 token from slot 9
[2022-12-14 11:18:17] [SEVERE ] player 1 placing token on slot 4
[2022-12-14 11:18:17] [SEVERE ] setting player 1 freeze to -103
[2022-12-14 11:18:17] [SEVERE ] player 3 placing token on slot 11
[2022-12-14 11:18:17] [SEVERE ] player 2 placing token on slot 1
[2022-12-14 11:18:17] [SEVERE ] setting player 3 freeze to -103
[2022-12-14 11:18:18] [SEVERE ] player 0 placing token on slot 10
[2022-12-14 11:18:18] [SEVERE ] removing player 1 token from slot 4
[2022-12-14 11:18:18] [SEVERE ] removing player 2 token from slot 3
[2022-12-14 11:18:18] [SEVERE ] setting player 2 freeze to 0
[2022-12-14 11:18:18] [SEVERE ] removing player 3 token from slot 5
[2022-12-14 11:18:18] [SEVERE ] player 0 placing token on slot 6
[2022-12-14 11:18:18] [SEVERE ] player 1 placing token on slot 5
[2022-12-14 11:18:18] [SEVERE ] setting player 2 freeze to -101
[2022-12-14 11:18:18] [SEVERE ] removing player 3 token from slot 3
[2022-12-14 11:18:18] [SEVERE ] setting player 0 freeze to 0
[2022-12-14 11:18:18] [SEVERE ] removing player 0 token from slot 6
[2022-12-14 11:18:18] [SEVERE ] setting player 1 freeze to 0
[2022-12-14 11:18:18] [SEVERE ] removing player 1 token from slot 1
[2022-12-14 11:18:18] [SEVERE ] player 3 placing token on slot 10
[2022-12-14 11:18:18] [SEVERE ] player 2 placing token on slot 11
[2022-12-14 11:18:18] [SEVERE ] setting player 0 freeze to -102
[2022-12-14 11:18:18] [SEVERE ] setting player 1 freeze to -102
[2022-12-14 11:18:18] [SEVERE ] setting player 2 freeze to 0
[2022-12-14 11:18:18] [SEVERE ] player 3 placing token on slot 6
[2022-12-14 11:18:18] [SEVERE ] removing player 2 token from slot 4
[2022-12-14 11:18:18] [SEVERE ] player 0 placing token on slot 0
[2022-12-14 11:18:18] [SEVERE ] player 1 placing token on slot 3
[2022-12-14 11:18:18] [SEVERE ] setting player 3 freeze to 0
[2022-12-14 11:18:18] [SEVERE ] setting player 2 freeze to -127
[2022-12-14 11:18:18] [SEVERE ] removing player 3 token from slot 11
[2022-12-14 11:18:18] [SEVERE ] setting player 0 freeze to 0
[2022-12-14 11:18:18] [SEVERE ] removing player 0 token from slot 1
[2022-12-14 11:18:18] [SEVERE ] setting player 1 freeze to 0
[2022-12-14 11:18:18] [SEVERE ] removing player 1 token from slot 5
[2022-12-14 11:18:18] [SEVERE ] setting player 3 freeze to -102
[2022-12-14 11:18:18] [SEVERE ] removing player 2 token from slot 11
[2022-12-14 11:18:18] [SEVERE ] setting player 0 freeze to -101
[2022-12-14 11:18:18] [SEVERE ] setting player 1 freeze to -102
[2022-12-14 11:18:18] [SEVERE ] player 3 placing token on slot 4
[2022-12-14 11:18:18] [SEVERE ] player 2 placing token on slot 3
[2022-12-14 11:18:18] [SEVERE ] removing player 0 token from slot 0
[2022-12-14 11:18:18] [SEVERE ] player 1 placing token on slot 2
[2022-12-14 11:18:18] [SEVERE ] removing player 3 token from slot 6
[2022-12-14 11:18:18] [SEVERE ] setting player 3 freeze to 0
[2022-12-14 11:18:18] [SEVERE ] player 2 placing token on slot 2
[2022-12-14 11:18:18] [SEVERE ] player 0 placing token on slot 9
[2022-12-14 11:18:18] [SEVERE ] removing player 1 token from slot 11
[2022-12-14 11:18:18] [SEVERE ] setting player 1 freeze to 0
[2022-12-14 11:18:18] [SEVERE ] setting player 3 freeze to -102
[2022-12-14 11:18:18] [SEVERE ] removing player 2 token from slot 1
[2022-12-14 11:18:18] [SEVERE ] setting player 2 freeze to 0
[2022-12-14 11:18:18] [SEVERE ] player 0 placing token on slot 0
[2022-12-14 11:18:18] [SEVERE ] setting player 0 freeze to 0
[2022-12-14 11:18:18] [SEVERE ] setting player 1 freeze to -102
[2022-12-14 11:18:18] [SEVERE ] player 3 placing token on slot 9
[2022-12-14 11:18:18] [SEVERE ] setting player 2 freeze to -103
[2022-12-14 11:18:19] [SEVERE ] removing player 0 token from slot 10
[2022-12-14 11:18:19] [SEVERE ] setting player 0 freeze to -103
[2022-12-14 11:18:19] [SEVERE ] player 1 placing token on slot 7
[2022-12-14 11:18:19] [SEVERE ] removing player 3 token from slot 4
[2022-12-14 11:18:19] [SEVERE ] setting player 3 freeze to 0
[2022-12-14 11:18:19] [SEVERE ] player 2 placing token on slot 4
[2022-12-14 11:18:19] [SEVERE ] player 0 placing token on slot 1
[2022-12-14 11:18:19] [SEVERE ] removing player 1 token from slot 3
[2022-12-14 11:18:19] [SEVERE ] player 3 placing token on slot 6
[2022-12-14 11:18:19] [SEVERE ] setting player 3 freeze to -102
[2022-12-14 11:18:19] [SEVERE ] setting player 2 freeze to 0
[2022-12-14 11:18:19] [SEVERE ] removing player 2 token from slot 3
[2022-12-14 11:18:19] [SEVERE ] Exit button pressed
[2022-12-14 11:18:19] [SEVERE ] removing player 0 token from slot 1
[2022-12-14 11:18:19] [SEVERE ] setting player 0 freeze to 0
[2022-12-14 11:18:19] [SEVERE ] player 1 placing token on slot 4
[2022-12-14 11:18:19] [SEVERE ] removing player 3 token from slot 6
[2022-12-14 11:18:19] [SEVERE ] setting player 2 freeze to -102
[2022-12-14 11:18:19] [SEVERE ] setting player 0 freeze to -101
[2022-12-14 11:18:19] [SEVERE ] setting player 1 freeze to 0
[2022-12-14 11:18:19] [SEVERE ] setting player 1 freeze to -105
