[2022-12-12 18:32:09] [INFO   ] cannot read configuration file config.properties trying from resources.
[2022-12-12 18:32:09] [INFO   ] configuration file was loaded from resources directory.
[2022-12-12 18:32:10] [SEVERE ] placing card 34 in slot 11
[2022-12-12 18:32:10] [SEVERE ] placing card 57 in slot 6
[2022-12-12 18:32:10] [SEVERE ] placing card 4 in slot 9
[2022-12-12 18:32:10] [SEVERE ] placing card 30 in slot 1
[2022-12-12 18:32:10] [SEVERE ] placing card 3 in slot 2
[2022-12-12 18:32:10] [SEVERE ] placing card 26 in slot 3
[2022-12-12 18:32:11] [SEVERE ] placing card 53 in slot 5
[2022-12-12 18:32:11] [SEVERE ] placing card 6 in slot 10
[2022-12-12 18:32:11] [SEVERE ] placing card 58 in slot 4
[2022-12-12 18:32:11] [SEVERE ] placing card 17 in slot 7
[2022-12-12 18:32:11] [SEVERE ] placing card 46 in slot 8
[2022-12-12 18:32:11] [SEVERE ] placing card 78 in slot 0
[2022-12-12 18:32:11] [SEVERE ] player 3 placing token on slot 9
[2022-12-12 18:32:11] [SEVERE ] player 0 placing token on slot 8
[2022-12-12 18:32:11] [SEVERE ] player 2 placing token on slot 11
[2022-12-12 18:32:11] [SEVERE ] player 1 placing token on slot 10
[2022-12-12 18:32:11] [SEVERE ] player 2 placing token on slot 3
[2022-12-12 18:32:11] [SEVERE ] player 3 placing token on slot 8
[2022-12-12 18:32:11] [SEVERE ] player 0 placing token on slot 11
[2022-12-12 18:32:11] [SEVERE ] player 1 placing token on slot 4
[2022-12-12 18:32:11] [SEVERE ] player 2 placing token on slot 6
[2022-12-12 18:32:11] [SEVERE ] removing player 0 token from slot 11
[2022-12-12 18:32:11] [SEVERE ] player 3 placing token on slot 1
[2022-12-12 18:32:11] [SEVERE ] player 1 placing token on slot 11
[2022-12-12 18:32:12] [SEVERE ] setting player 1 freeze to 0
[2022-12-12 18:32:12] [SEVERE ] setting player 3 freeze to 0
[2022-12-12 18:32:12] [SEVERE ] setting player 2 freeze to 0
[2022-12-12 18:32:12] [SEVERE ] removing player 1 token from slot 10
[2022-12-12 18:32:12] [SEVERE ] removing player 3 token from slot 8
[2022-12-12 18:32:12] [SEVERE ] removing player 2 token from slot 3
[2022-12-12 18:32:12] [SEVERE ] player 0 placing token on slot 1
[2022-12-12 18:32:12] [SEVERE ] setting player 1 freeze to -103
[2022-12-12 18:32:12] [SEVERE ] setting player 2 freeze to -105
[2022-12-12 18:32:12] [SEVERE ] setting player 3 freeze to -104
[2022-12-12 18:32:12] [SEVERE ] player 0 placing token on slot 4
[2022-12-12 18:32:12] [SEVERE ] player 2 placing token on slot 1
[2022-12-12 18:32:12] [SEVERE ] player 1 placing token on slot 2
[2022-12-12 18:32:12] [SEVERE ] removing player 3 token from slot 1
[2022-12-12 18:32:12] [SEVERE ] setting player 0 freeze to 0
[2022-12-12 18:32:12] [SEVERE ] removing player 0 token from slot 4
[2022-12-12 18:32:12] [SEVERE ] removing player 2 token from slot 6
[2022-12-12 18:32:12] [SEVERE ] removing player 1 token from slot 2
[2022-12-12 18:32:12] [SEVERE ] setting player 0 freeze to -108
[2022-12-12 18:32:12] [SEVERE ] player 3 placing token on slot 6
[2022-12-12 18:32:12] [SEVERE ] player 2 placing token on slot 2
[2022-12-12 18:32:12] [SEVERE ] removing player 1 token from slot 11
[2022-12-12 18:32:12] [SEVERE ] player 3 placing token on slot 3
[2022-12-12 18:32:12] [SEVERE ] setting player 2 freeze to 0
[2022-12-12 18:32:12] [SEVERE ] player 0 placing token on slot 5
[2022-12-12 18:32:12] [SEVERE ] setting player 3 freeze to 0
[2022-12-12 18:32:12] [SEVERE ] removing player 2 token from slot 2
[2022-12-12 18:32:12] [SEVERE ] player 1 placing token on slot 3
[2022-12-12 18:32:12] [SEVERE ] removing player 3 token from slot 9
[2022-12-12 18:32:12] [SEVERE ] setting player 2 freeze to -114
[2022-12-12 18:32:12] [SEVERE ] removing player 0 token from slot 8
[2022-12-12 18:32:12] [SEVERE ] player 1 placing token on slot 8
[2022-12-12 18:32:12] [SEVERE ] setting player 3 freeze to -110
[2022-12-12 18:32:12] [SEVERE ] removing player 0 token from slot 1
[2022-12-12 18:32:12] [SEVERE ] removing player 2 token from slot 11
[2022-12-12 18:32:12] [SEVERE ] setting player 1 freeze to 0
[2022-12-12 18:32:12] [SEVERE ] player 3 placing token on slot 1
[2022-12-12 18:32:12] [SEVERE ] removing player 1 token from slot 8
[2022-12-12 18:32:12] [SEVERE ] player 0 placing token on slot 7
[2022-12-12 18:32:12] [SEVERE ] removing player 2 token from slot 1
[2022-12-12 18:32:12] [SEVERE ] setting player 1 freeze to -106
[2022-12-12 18:32:12] [SEVERE ] removing player 3 token from slot 3
[2022-12-12 18:32:12] [SEVERE ] player 0 placing token on slot 4
[2022-12-12 18:32:12] [SEVERE ] player 2 placing token on slot 1
[2022-12-12 18:32:12] [SEVERE ] player 1 placing token on slot 6
[2022-12-12 18:32:12] [SEVERE ] setting player 0 freeze to 0
[2022-12-12 18:32:12] [SEVERE ] player 3 placing token on slot 8
[2022-12-12 18:32:12] [SEVERE ] removing player 0 token from slot 4
[2022-12-12 18:32:12] [SEVERE ] removing player 1 token from slot 4
[2022-12-12 18:32:12] [SEVERE ] setting player 0 freeze to -107
[2022-12-12 18:32:12] [SEVERE ] player 2 placing token on slot 11
[2022-12-12 18:32:13] [SEVERE ] removing player 3 token from slot 8
[2022-12-12 18:32:13] [SEVERE ] setting player 3 freeze to 0
[2022-12-12 18:32:13] [SEVERE ] player 2 placing token on slot 10
[2022-12-12 18:32:13] [SEVERE ] player 0 placing token on slot 6
[2022-12-12 18:32:13] [SEVERE ] player 1 placing token on slot 10
[2022-12-12 18:32:13] [SEVERE ] setting player 2 freeze to 0
[2022-12-12 18:32:13] [SEVERE ] player 3 placing token on slot 2
[2022-12-12 18:32:13] [SEVERE ] setting player 3 freeze to -107
[2022-12-12 18:32:13] [SEVERE ] removing player 0 token from slot 7
[2022-12-12 18:32:13] [SEVERE ] removing player 1 token from slot 6
[2022-12-12 18:32:13] [SEVERE ] setting player 2 freeze to -106
[2022-12-12 18:32:13] [SEVERE ] removing player 2 token from slot 11
[2022-12-12 18:32:13] [SEVERE ] player 0 placing token on slot 7
[2022-12-12 18:32:13] [SEVERE ] removing player 1 token from slot 3
[2022-12-12 18:32:13] [SEVERE ] setting player 0 freeze to 0
[2022-12-12 18:32:13] [SEVERE ] removing player 3 token from slot 1
[2022-12-12 18:32:13] [SEVERE ] player 2 placing token on slot 11
[2022-12-12 18:32:13] [SEVERE ] removing player 0 token from slot 7
[2022-12-12 18:32:13] [SEVERE ] player 1 placing token on slot 2
[2022-12-12 18:32:13] [SEVERE ] player 3 placing token on slot 4
[2022-12-12 18:32:13] [SEVERE ] setting player 0 freeze to -112
[2022-12-12 18:32:13] [SEVERE ] removing player 2 token from slot 10
[2022-12-12 18:32:13] [SEVERE ] setting player 3 freeze to 0
[2022-12-12 18:32:13] [SEVERE ] setting player 2 freeze to 0
[2022-12-12 18:32:13] [SEVERE ] player 1 placing token on slot 1
[2022-12-12 18:32:13] [SEVERE ] setting player 3 freeze to -101
[2022-12-12 18:32:13] [SEVERE ] player 0 placing token on slot 11
[2022-12-12 18:32:13] [SEVERE ] setting player 2 freeze to -106
[2022-12-12 18:32:13] [SEVERE ] removing player 3 token from slot 6
[2022-12-12 18:32:13] [SEVERE ] player 2 placing token on slot 5
[2022-12-12 18:32:13] [SEVERE ] setting player 1 freeze to 0
[2022-12-12 18:32:13] [SEVERE ] removing player 1 token from slot 1
[2022-12-12 18:32:13] [SEVERE ] setting player 0 freeze to 0
[2022-12-12 18:32:13] [SEVERE ] removing player 0 token from slot 6
[2022-12-12 18:32:13] [SEVERE ] setting player 2 freeze to 0
[2022-12-12 18:32:13] [SEVERE ] removing player 2 token from slot 5
[2022-12-12 18:32:13] [SEVERE ] player 3 placing token on slot 7
[2022-12-12 18:32:13] [SEVERE ] setting player 1 freeze to -108
[2022-12-12 18:32:13] [SEVERE ] setting player 3 freeze to 0
[2022-12-12 18:32:13] [SEVERE ] setting player 0 freeze to -104
[2022-12-12 18:32:13] [SEVERE ] setting player 2 freeze to -102
[2022-12-12 18:32:13] [SEVERE ] removing player 3 token from slot 7
[2022-12-12 18:32:13] [SEVERE ] setting player 3 freeze to -106
[2022-12-12 18:32:13] [SEVERE ] player 1 placing token on slot 7
[2022-12-12 18:32:13] [SEVERE ] player 0 placing token on slot 6
[2022-12-12 18:32:13] [SEVERE ] player 2 placing token on slot 4
[2022-12-12 18:32:13] [SEVERE ] setting player 1 freeze to 0
[2022-12-12 18:32:13] [SEVERE ] removing player 1 token from slot 10
[2022-12-12 18:32:13] [SEVERE ] player 3 placing token on slot 0
[2022-12-12 18:32:13] [SEVERE ] Exit button pressed
[2022-12-12 18:32:13] [SEVERE ] removing player 0 token from slot 5
[2022-12-12 18:32:13] [SEVERE ] setting player 2 freeze to 0
[2022-12-12 18:32:13] [SEVERE ] removing player 2 token from slot 1
[2022-12-12 18:32:13] [SEVERE ] setting player 1 freeze to -101
[2022-12-12 18:32:13] [SEVERE ] removing player 3 token from slot 0
[2022-12-12 18:32:14] [SEVERE ] setting player 2 freeze to -114
[2022-12-12 18:32:14] [SEVERE ] removing card from slot 0
[2022-12-12 18:32:14] [SEVERE ] removing card from slot 1
[2022-12-12 18:32:14] [SEVERE ] removing card from slot 2
[2022-12-12 18:32:14] [SEVERE ] removing card from slot 3
[2022-12-12 18:32:14] [SEVERE ] removing card from slot 4
[2022-12-12 18:32:14] [SEVERE ] removing card from slot 5
[2022-12-12 18:32:14] [SEVERE ] removing card from slot 6
[2022-12-12 18:32:14] [SEVERE ] removing card from slot 7
[2022-12-12 18:32:15] [SEVERE ] removing card from slot 8
[2022-12-12 18:32:15] [SEVERE ] removing card from slot 9
[2022-12-12 18:32:15] [SEVERE ] removing card from slot 10
[2022-12-12 18:32:15] [SEVERE ] removing card from slot 11
[2022-12-12 18:32:15] [SEVERE ] removing player 0 token from slot 11
[2022-12-12 18:32:15] [SEVERE ] removing player 0 token from slot 6
[2022-12-12 18:32:15] [SEVERE ] removing player 1 token from slot 2
[2022-12-12 18:32:15] [SEVERE ] removing player 1 token from slot 7
[2022-12-12 18:32:15] [SEVERE ] removing player 2 token from slot 11
[2022-12-12 18:32:15] [SEVERE ] removing player 2 token from slot 4
[2022-12-12 18:32:15] [SEVERE ] removing player 3 token from slot 2
[2022-12-12 18:32:15] [SEVERE ] removing player 3 token from slot 4
[2022-12-12 18:32:15] [SEVERE ] announcing winners: [3, 2, 1, 0]
[2022-12-12 18:32:15] [INFO   ] Thread main terminated.
