[2022-12-12 18:31:37] [INFO   ] cannot read configuration file config.properties trying from resources.
[2022-12-12 18:31:37] [INFO   ] configuration file was loaded from resources directory.
[2022-12-12 18:31:37] [SEVERE ] placing card 40 in slot 1
[2022-12-12 18:31:37] [SEVERE ] placing card 66 in slot 5
[2022-12-12 18:31:37] [SEVERE ] placing card 38 in slot 2
[2022-12-12 18:31:37] [SEVERE ] placing card 4 in slot 9
[2022-12-12 18:31:37] [SEVERE ] placing card 55 in slot 3
[2022-12-12 18:31:37] [SEVERE ] placing card 73 in slot 6
[2022-12-12 18:31:37] [SEVERE ] placing card 23 in slot 0
[2022-12-12 18:31:38] [SEVERE ] placing card 51 in slot 11
[2022-12-12 18:31:38] [SEVERE ] placing card 48 in slot 8
[2022-12-12 18:31:38] [SEVERE ] placing card 77 in slot 10
[2022-12-12 18:31:38] [SEVERE ] placing card 53 in slot 4
[2022-12-12 18:31:38] [SEVERE ] placing card 76 in slot 7
[2022-12-12 18:31:38] [SEVERE ] player 2 placing token on slot 11
[2022-12-12 18:31:38] [SEVERE ] player 3 placing token on slot 8
[2022-12-12 18:31:38] [SEVERE ] player 0 placing token on slot 11
[2022-12-12 18:31:38] [SEVERE ] player 1 placing token on slot 8
[2022-12-12 18:31:38] [SEVERE ] player 2 placing token on slot 7
[2022-12-12 18:31:38] [SEVERE ] removing player 0 token from slot 11
[2022-12-12 18:31:38] [SEVERE ] player 1 placing token on slot 0
[2022-12-12 18:31:38] [SEVERE ] player 3 placing token on slot 10
[2022-12-12 18:31:38] [SEVERE ] player 1 placing token on slot 4
[2022-12-12 18:31:38] [SEVERE ] removing player 3 token from slot 8
[2022-12-12 18:31:38] [SEVERE ] removing player 2 token from slot 7
[2022-12-12 18:31:38] [SEVERE ] player 0 placing token on slot 2
[2022-12-12 18:31:38] [SEVERE ] setting player 1 freeze to 0
[2022-12-12 18:31:38] [SEVERE ] player 3 placing token on slot 1
[2022-12-12 18:31:38] [SEVERE ] player 2 placing token on slot 10
[2022-12-12 18:31:38] [SEVERE ] setting player 1 freeze to -12
[2022-12-12 18:31:38] [SEVERE ] removing player 1 token from slot 8
[2022-12-12 18:31:38] [SEVERE ] player 0 placing token on slot 4
[2022-12-12 18:31:38] [SEVERE ] removing player 2 token from slot 10
[2022-12-12 18:31:38] [SEVERE ] player 0 placing token on slot 8
[2022-12-12 18:31:38] [SEVERE ] player 3 placing token on slot 6
[2022-12-12 18:31:38] [SEVERE ] removing player 1 token from slot 0
[2022-12-12 18:31:38] [SEVERE ] removing player 0 token from slot 8
[2022-12-12 18:31:38] [SEVERE ] removing player 3 token from slot 10
[2022-12-12 18:31:38] [SEVERE ] player 1 placing token on slot 9
[2022-12-12 18:31:38] [SEVERE ] player 2 placing token on slot 2
[2022-12-12 18:31:38] [SEVERE ] removing player 1 token from slot 4
[2022-12-12 18:31:38] [SEVERE ] player 2 placing token on slot 6
[2022-12-12 18:31:38] [SEVERE ] player 3 placing token on slot 2
[2022-12-12 18:31:38] [SEVERE ] player 0 placing token on slot 5
[2022-12-12 18:31:38] [SEVERE ] setting player 2 freeze to 0
[2022-12-12 18:31:38] [SEVERE ] removing player 2 token from slot 11
[2022-12-12 18:31:38] [SEVERE ] setting player 3 freeze to 0
[2022-12-12 18:31:38] [SEVERE ] removing player 3 token from slot 1
[2022-12-12 18:31:38] [SEVERE ] setting player 2 freeze to -15
[2022-12-12 18:31:38] [SEVERE ] player 1 placing token on slot 5
[2022-12-12 18:31:38] [SEVERE ] removing player 0 token from slot 5
[2022-12-12 18:31:38] [SEVERE ] setting player 0 freeze to 0
[2022-12-12 18:31:38] [SEVERE ] setting player 0 freeze to -14
[2022-12-12 18:31:38] [SEVERE ] setting player 3 freeze to -19
[2022-12-12 18:31:38] [SEVERE ] removing player 1 token from slot 5
[2022-12-12 18:31:38] [SEVERE ] player 0 placing token on slot 0
[2022-12-12 18:31:38] [SEVERE ] removing player 2 token from slot 6
[2022-12-12 18:31:38] [SEVERE ] player 1 placing token on slot 3
[2022-12-12 18:31:38] [SEVERE ] player 3 placing token on slot 10
[2022-12-12 18:31:38] [SEVERE ] removing player 0 token from slot 2
[2022-12-12 18:31:38] [SEVERE ] setting player 0 freeze to 0
[2022-12-12 18:31:38] [SEVERE ] player 2 placing token on slot 4
[2022-12-12 18:31:38] [SEVERE ] setting player 3 freeze to 0
[2022-12-12 18:31:38] [SEVERE ] removing player 2 token from slot 2
[2022-12-12 18:31:38] [SEVERE ] setting player 0 freeze to -15
[2022-12-12 18:31:38] [SEVERE ] player 1 placing token on slot 2
[2022-12-12 18:31:38] [SEVERE ] removing player 3 token from slot 10
[2022-12-12 18:31:38] [SEVERE ] player 2 placing token on slot 6
[2022-12-12 18:31:38] [SEVERE ] setting player 3 freeze to -22
[2022-12-12 18:31:38] [SEVERE ] removing player 1 token from slot 2
[2022-12-12 18:31:38] [SEVERE ] player 0 placing token on slot 10
[2022-12-12 18:31:38] [SEVERE ] removing player 3 token from slot 6
[2022-12-12 18:31:38] [SEVERE ] player 1 placing token on slot 10
[2022-12-12 18:31:38] [SEVERE ] removing player 0 token from slot 4
[2022-12-12 18:31:38] [SEVERE ] player 2 placing token on slot 9
[2022-12-12 18:31:38] [SEVERE ] setting player 0 freeze to 0
[2022-12-12 18:31:38] [SEVERE ] player 3 placing token on slot 10
[2022-12-12 18:31:38] [SEVERE ] player 0 placing token on slot 3
[2022-12-12 18:31:38] [SEVERE ] removing player 1 token from slot 10
[2022-12-12 18:31:38] [SEVERE ] setting player 0 freeze to -14
[2022-12-12 18:31:38] [SEVERE ] removing player 2 token from slot 4
[2022-12-12 18:31:38] [SEVERE ] setting player 2 freeze to 0
[2022-12-12 18:31:38] [SEVERE ] removing player 0 token from slot 0
[2022-12-12 18:31:38] [SEVERE ] player 1 placing token on slot 7
[2022-12-12 18:31:38] [SEVERE ] setting player 2 freeze to -13
[2022-12-12 18:31:38] [SEVERE ] player 3 placing token on slot 3
[2022-12-12 18:31:38] [SEVERE ] setting player 3 freeze to 0
[2022-12-12 18:31:38] [SEVERE ] player 0 placing token on slot 0
[2022-12-12 18:31:38] [SEVERE ] removing player 3 token from slot 10
[2022-12-12 18:31:38] [SEVERE ] player 2 placing token on slot 1
[2022-12-12 18:31:38] [SEVERE ] setting player 1 freeze to 0
[2022-12-12 18:31:38] [SEVERE ] removing player 1 token from slot 9
[2022-12-12 18:31:38] [SEVERE ] removing player 2 token from slot 9
[2022-12-12 18:31:38] [SEVERE ] setting player 1 freeze to -12
[2022-12-12 18:31:38] [SEVERE ] removing player 0 token from slot 0
[2022-12-12 18:31:38] [SEVERE ] setting player 3 freeze to -24
[2022-12-12 18:31:38] [SEVERE ] player 0 placing token on slot 6
[2022-12-12 18:31:38] [SEVERE ] player 3 placing token on slot 11
[2022-12-12 18:31:38] [SEVERE ] player 1 placing token on slot 0
[2022-12-12 18:31:38] [SEVERE ] player 2 placing token on slot 10
[2022-12-12 18:31:38] [SEVERE ] setting player 0 freeze to 0
[2022-12-12 18:31:38] [SEVERE ] removing player 3 token from slot 3
[2022-12-12 18:31:38] [SEVERE ] removing player 1 token from slot 3
[2022-12-12 18:31:38] [SEVERE ] setting player 0 freeze to -14
[2022-12-12 18:31:38] [SEVERE ] removing player 2 token from slot 10
[2022-12-12 18:31:38] [SEVERE ] removing player 0 token from slot 10
[2022-12-12 18:31:38] [SEVERE ] player 3 placing token on slot 9
[2022-12-12 18:31:38] [SEVERE ] player 2 placing token on slot 7
[2022-12-12 18:31:38] [SEVERE ] player 0 placing token on slot 8
[2022-12-12 18:31:38] [SEVERE ] player 1 placing token on slot 10
[2022-12-12 18:31:38] [SEVERE ] setting player 2 freeze to 0
[2022-12-12 18:31:38] [SEVERE ] setting player 3 freeze to 0
[2022-12-12 18:31:38] [SEVERE ] setting player 0 freeze to 0
[2022-12-12 18:31:38] [SEVERE ] removing player 1 token from slot 7
[2022-12-12 18:31:38] [SEVERE ] removing player 0 token from slot 3
[2022-12-12 18:31:38] [SEVERE ] removing player 2 token from slot 6
[2022-12-12 18:31:38] [SEVERE ] setting player 2 freeze to -15
[2022-12-12 18:31:38] [SEVERE ] setting player 3 freeze to -14
[2022-12-12 18:31:38] [SEVERE ] removing player 3 token from slot 2
[2022-12-12 18:31:38] [SEVERE ] player 1 placing token on slot 5
[2022-12-12 18:31:38] [SEVERE ] setting player 0 freeze to -24
[2022-12-12 18:31:38] [SEVERE ] player 3 placing token on slot 10
[2022-12-12 18:31:38] [SEVERE ] player 2 placing token on slot 9
[2022-12-12 18:31:38] [SEVERE ] setting player 1 freeze to 0
[2022-12-12 18:31:38] [SEVERE ] removing player 3 token from slot 11
[2022-12-12 18:31:38] [SEVERE ] player 0 placing token on slot 11
[2022-12-12 18:31:38] [SEVERE ] removing player 2 token from slot 1
[2022-12-12 18:31:38] [SEVERE ] setting player 1 freeze to -15
[2022-12-12 18:31:38] [SEVERE ] removing player 1 token from slot 10
[2022-12-12 18:31:38] [SEVERE ] setting player 0 freeze to 0
[2022-12-12 18:31:38] [SEVERE ] player 3 placing token on slot 8
[2022-12-12 18:31:38] [SEVERE ] removing player 2 token from slot 9
[2022-12-12 18:31:38] [SEVERE ] removing player 0 token from slot 6
[2022-12-12 18:31:38] [SEVERE ] removing player 1 token from slot 5
[2022-12-12 18:31:38] [SEVERE ] setting player 0 freeze to -12
[2022-12-12 18:31:38] [SEVERE ] removing player 3 token from slot 8
[2022-12-12 18:31:38] [SEVERE ] setting player 3 freeze to 0
[2022-12-12 18:31:38] [SEVERE ] player 1 placing token on slot 10
[2022-12-12 18:31:38] [SEVERE ] player 2 placing token on slot 10
[2022-12-12 18:31:38] [SEVERE ] player 1 placing token on slot 11
[2022-12-12 18:31:38] [SEVERE ] setting player 3 freeze to -25
[2022-12-12 18:31:38] [SEVERE ] player 0 placing token on slot 4
[2022-12-12 18:31:38] [SEVERE ] player 2 placing token on slot 0
[2022-12-12 18:31:38] [SEVERE ] setting player 1 freeze to 0
[2022-12-12 18:31:38] [SEVERE ] setting player 0 freeze to 0
[2022-12-12 18:31:38] [SEVERE ] removing player 1 token from slot 10
[2022-12-12 18:31:38] [SEVERE ] setting player 1 freeze to -13
[2022-12-12 18:31:38] [SEVERE ] player 3 placing token on slot 3
[2022-12-12 18:31:38] [SEVERE ] removing player 0 token from slot 4
[2022-12-12 18:31:38] [SEVERE ] removing player 2 token from slot 7
[2022-12-12 18:31:38] [SEVERE ] setting player 2 freeze to 0
[2022-12-12 18:31:38] [SEVERE ] setting player 0 freeze to -13
[2022-12-12 18:31:38] [SEVERE ] removing player 3 token from slot 3
[2022-12-12 18:31:38] [SEVERE ] player 1 placing token on slot 2
[2022-12-12 18:31:38] [SEVERE ] setting player 1 freeze to 0
[2022-12-12 18:31:38] [SEVERE ] removing player 2 token from slot 0
[2022-12-12 18:31:38] [SEVERE ] setting player 2 freeze to -14
[2022-12-12 18:31:38] [SEVERE ] removing player 1 token from slot 2
[2022-12-12 18:31:38] [SEVERE ] player 3 placing token on slot 0
[2022-12-12 18:31:38] [SEVERE ] player 2 placing token on slot 4
[2022-12-12 18:31:38] [SEVERE ] setting player 1 freeze to -19
[2022-12-12 18:31:38] [SEVERE ] player 0 placing token on slot 0
[2022-12-12 18:31:38] [SEVERE ] setting player 3 freeze to 0
[2022-12-12 18:31:38] [SEVERE ] removing player 2 token from slot 10
[2022-12-12 18:31:38] [SEVERE ] removing player 0 token from slot 0
[2022-12-12 18:31:38] [SEVERE ] setting player 3 freeze to -14
[2022-12-12 18:31:38] [SEVERE ] player 1 placing token on slot 9
[2022-12-12 18:31:38] [SEVERE ] removing player 3 token from slot 10
[2022-12-12 18:31:38] [SEVERE ] player 2 placing token on slot 2
[2022-12-12 18:31:38] [SEVERE ] removing player 1 token from slot 0
[2022-12-12 18:31:38] [SEVERE ] player 0 placing token on slot 0
[2022-12-12 18:31:38] [SEVERE ] setting player 0 freeze to 0
[2022-12-12 18:31:38] [SEVERE ] player 1 placing token on slot 2
[2022-12-12 18:31:38] [SEVERE ] removing player 3 token from slot 9
[2022-12-12 18:31:38] [SEVERE ] removing player 0 token from slot 11
[2022-12-12 18:31:38] [SEVERE ] removing player 2 token from slot 2
[2022-12-12 18:31:38] [SEVERE ] setting player 1 freeze to 0
[2022-12-12 18:31:38] [SEVERE ] player 3 placing token on slot 4
[2022-12-12 18:31:38] [SEVERE ] setting player 0 freeze to -21
[2022-12-12 18:31:38] [SEVERE ] setting player 1 freeze to -12
[2022-12-12 18:31:38] [SEVERE ] removing player 1 token from slot 2
[2022-12-12 18:31:38] [SEVERE ] player 2 placing token on slot 1
[2022-12-12 18:31:38] [SEVERE ] player 1 placing token on slot 2
[2022-12-12 18:31:38] [SEVERE ] player 0 placing token on slot 6
[2022-12-12 18:31:38] [SEVERE ] player 2 placing token on slot 5
[2022-12-12 18:31:38] [SEVERE ] player 3 placing token on slot 3
[2022-12-12 18:31:38] [SEVERE ] removing player 1 token from slot 11
[2022-12-12 18:31:38] [SEVERE ] removing player 2 token from slot 1
[2022-12-12 18:31:38] [SEVERE ] removing player 0 token from slot 8
[2022-12-12 18:31:38] [SEVERE ] removing player 3 token from slot 3
[2022-12-12 18:31:38] [SEVERE ] setting player 0 freeze to 0
[2022-12-12 18:31:38] [SEVERE ] setting player 3 freeze to 0
[2022-12-12 18:31:38] [SEVERE ] player 0 placing token on slot 9
[2022-12-12 18:31:38] [SEVERE ] player 2 placing token on slot 1
[2022-12-12 18:31:38] [SEVERE ] player 3 placing token on slot 6
[2022-12-12 18:31:38] [SEVERE ] setting player 3 freeze to -15
[2022-12-12 18:31:38] [SEVERE ] player 1 placing token on slot 4
[2022-12-12 18:31:38] [SEVERE ] setting player 0 freeze to -15
[2022-12-12 18:31:38] [SEVERE ] setting player 2 freeze to 0
[2022-12-12 18:31:38] [SEVERE ] removing player 2 token from slot 5
[2022-12-12 18:31:38] [SEVERE ] setting player 1 freeze to 0
[2022-12-12 18:31:38] [SEVERE ] removing player 3 token from slot 4
[2022-12-12 18:31:38] [SEVERE ] removing player 1 token from slot 4
[2022-12-12 18:31:38] [SEVERE ] removing player 0 token from slot 6
[2022-12-12 18:31:38] [SEVERE ] setting player 2 freeze to -16
[2022-12-12 18:31:38] [SEVERE ] player 3 placing token on slot 10
[2022-12-12 18:31:38] [SEVERE ] player 0 placing token on slot 10
[2022-12-12 18:31:38] [SEVERE ] setting player 1 freeze to -22
[2022-12-12 18:31:38] [SEVERE ] setting player 0 freeze to 0
[2022-12-12 18:31:38] [SEVERE ] setting player 0 freeze to -14
[2022-12-12 18:31:38] [SEVERE ] removing player 0 token from slot 0
[2022-12-12 18:31:38] [SEVERE ] removing player 3 token from slot 6
[2022-12-12 18:31:38] [SEVERE ] player 1 placing token on slot 5
[2022-12-12 18:31:38] [SEVERE ] player 2 placing token on slot 10
[2022-12-12 18:31:38] [SEVERE ] setting player 3 freeze to 0
[2022-12-12 18:31:38] [SEVERE ] setting player 2 freeze to 0
[2022-12-12 18:31:38] [SEVERE ] player 0 placing token on slot 8
[2022-12-12 18:31:38] [SEVERE ] player 3 placing token on slot 5
[2022-12-12 18:31:38] [SEVERE ] removing player 2 token from slot 1
[2022-12-12 18:31:38] [SEVERE ] setting player 3 freeze to -14
[2022-12-12 18:31:38] [SEVERE ] removing player 1 token from slot 9
[2022-12-12 18:31:38] [SEVERE ] setting player 2 freeze to -11
[2022-12-12 18:31:38] [SEVERE ] setting player 0 freeze to 0
[2022-12-12 18:31:38] [SEVERE ] removing player 0 token from slot 10
[2022-12-12 18:31:38] [SEVERE ] removing player 3 token from slot 0
[2022-12-12 18:31:38] [SEVERE ] removing player 1 token from slot 2
[2022-12-12 18:31:38] [SEVERE ] removing player 3 token from slot 5
[2022-12-12 18:31:38] [SEVERE ] player 1 placing token on slot 8
[2022-12-12 18:31:38] [SEVERE ] setting player 0 freeze to -25
[2022-12-12 18:31:38] [SEVERE ] player 2 placing token on slot 11
[2022-12-12 18:31:38] [SEVERE ] player 1 placing token on slot 0
[2022-12-12 18:31:38] [SEVERE ] setting player 2 freeze to 0
[2022-12-12 18:31:38] [SEVERE ] removing player 2 token from slot 4
[2022-12-12 18:31:38] [SEVERE ] player 0 placing token on slot 1
[2022-12-12 18:31:38] [SEVERE ] player 3 placing token on slot 7
[2022-12-12 18:31:38] [SEVERE ] setting player 1 freeze to 0
[2022-12-12 18:31:38] [SEVERE ] removing player 1 token from slot 8
[2022-12-12 18:31:38] [SEVERE ] removing player 0 token from slot 9
[2022-12-12 18:31:38] [SEVERE ] player 3 placing token on slot 9
[2022-12-12 18:31:38] [SEVERE ] setting player 1 freeze to -14
[2022-12-12 18:31:38] [SEVERE ] setting player 2 freeze to -20
[2022-12-12 18:31:38] [SEVERE ] setting player 3 freeze to 0
[2022-12-12 18:31:38] [SEVERE ] removing player 3 token from slot 10
[2022-12-12 18:31:38] [SEVERE ] removing player 2 token from slot 11
[2022-12-12 18:31:38] [SEVERE ] setting player 3 freeze to -13
[2022-12-12 18:31:38] [SEVERE ] player 0 placing token on slot 5
[2022-12-12 18:31:38] [SEVERE ] player 1 placing token on slot 2
[2022-12-12 18:31:38] [SEVERE ] setting player 1 freeze to 0
[2022-12-12 18:31:38] [SEVERE ] player 2 placing token on slot 11
[2022-12-12 18:31:38] [SEVERE ] removing player 0 token from slot 5
[2022-12-12 18:31:38] [SEVERE ] removing player 1 token from slot 0
[2022-12-12 18:31:38] [SEVERE ] player 3 placing token on slot 8
[2022-12-12 18:31:38] [SEVERE ] player 2 placing token on slot 3
[2022-12-12 18:31:38] [SEVERE ] setting player 3 freeze to 0
[2022-12-12 18:31:38] [SEVERE ] setting player 2 freeze to 0
[2022-12-12 18:31:38] [SEVERE ] setting player 1 freeze to -24
[2022-12-12 18:31:38] [SEVERE ] player 0 placing token on slot 11
[2022-12-12 18:31:38] [SEVERE ] removing player 3 token from slot 8
[2022-12-12 18:31:38] [SEVERE ] removing player 2 token from slot 10
[2022-12-12 18:31:38] [SEVERE ] removing player 0 token from slot 11
[2022-12-12 18:31:38] [SEVERE ] player 1 placing token on slot 1
[2022-12-12 18:31:38] [SEVERE ] setting player 2 freeze to -20
[2022-12-12 18:31:38] [SEVERE ] setting player 3 freeze to -24
[2022-12-12 18:31:38] [SEVERE ] removing player 0 token from slot 1
[2022-12-12 18:31:38] [SEVERE ] player 3 placing token on slot 2
[2022-12-12 18:31:38] [SEVERE ] removing player 1 token from slot 5
[2022-12-12 18:31:38] [SEVERE ] player 2 placing token on slot 7
[2022-12-12 18:31:38] [SEVERE ] removing player 3 token from slot 2
[2022-12-12 18:31:38] [SEVERE ] setting player 2 freeze to 0
[2022-12-12 18:31:38] [SEVERE ] player 1 placing token on slot 8
[2022-12-12 18:31:38] [SEVERE ] removing player 2 token from slot 11
[2022-12-12 18:31:38] [SEVERE ] player 0 placing token on slot 0
[2022-12-12 18:31:38] [SEVERE ] setting player 2 freeze to -11
[2022-12-12 18:31:38] [SEVERE ] player 3 placing token on slot 8
[2022-12-12 18:31:38] [SEVERE ] player 0 placing token on slot 4
[2022-12-12 18:31:38] [SEVERE ] removing player 1 token from slot 2
[2022-12-12 18:31:38] [SEVERE ] setting player 1 freeze to 0
[2022-12-12 18:31:38] [SEVERE ] setting player 3 freeze to 0
[2022-12-12 18:31:38] [SEVERE ] removing player 3 token from slot 7
[2022-12-12 18:31:38] [SEVERE ] removing player 0 token from slot 4
[2022-12-12 18:31:38] [SEVERE ] setting player 1 freeze to -11
[2022-12-12 18:31:38] [SEVERE ] setting player 3 freeze to -12
[2022-12-12 18:31:38] [SEVERE ] player 1 placing token on slot 7
[2022-12-12 18:31:38] [SEVERE ] player 2 placing token on slot 4
[2022-12-12 18:31:38] [SEVERE ] player 0 placing token on slot 6
[2022-12-12 18:31:38] [SEVERE ] setting player 1 freeze to 0
[2022-12-12 18:31:38] [SEVERE ] removing player 1 token from slot 1
[2022-12-12 18:31:38] [SEVERE ] removing player 2 token from slot 4
[2022-12-12 18:31:38] [SEVERE ] player 3 placing token on slot 11
[2022-12-12 18:31:38] [SEVERE ] removing player 0 token from slot 0
[2022-12-12 18:31:38] [SEVERE ] setting player 0 freeze to 0
[2022-12-12 18:31:38] [SEVERE ] player 0 placing token on slot 2
[2022-12-12 18:31:38] [SEVERE ] removing player 3 token from slot 8
[2022-12-12 18:31:38] [SEVERE ] removing player 2 token from slot 7
[2022-12-12 18:31:38] [SEVERE ] setting player 0 freeze to -15
[2022-12-12 18:31:38] [SEVERE ] setting player 1 freeze to -25
[2022-12-12 18:31:38] [SEVERE ] Exit button pressed
[2022-12-12 18:31:38] [SEVERE ] player 1 placing token on slot 9
[2022-12-12 18:31:38] [SEVERE ] player 2 placing token on slot 1
[2022-12-12 18:31:38] [SEVERE ] player 3 placing token on slot 3
[2022-12-12 18:31:38] [SEVERE ] removing player 0 token from slot 8
[2022-12-12 18:31:38] [SEVERE ] setting player 1 freeze to 0
[2022-12-12 18:31:38] [SEVERE ] setting player 3 freeze to 0
[2022-12-12 18:31:38] [SEVERE ] setting player 1 freeze to -16
[2022-12-12 18:31:38] [SEVERE ] setting player 3 freeze to -16
