[2022-12-14 11:07:03] [INFO   ] cannot read configuration file config.properties trying from resources.
[2022-12-14 11:07:03] [INFO   ] configuration file was loaded from resources directory.
[2022-12-14 11:07:06] [SEVERE ] placing card 55 in slot 10
[2022-12-14 11:07:08] [SEVERE ] placing card 42 in slot 8
[2022-12-14 11:07:10] [SEVERE ] placing card 41 in slot 2
[2022-12-14 11:07:12] [SEVERE ] placing card 36 in slot 5
[2022-12-14 11:07:14] [SEVERE ] placing card 13 in slot 6
[2022-12-14 11:07:16] [SEVERE ] placing card 71 in slot 4
[2022-12-14 11:07:18] [SEVERE ] placing card 38 in slot 9
[2022-12-14 11:07:20] [SEVERE ] placing card 10 in slot 11
[2022-12-14 11:07:22] [SEVERE ] placing card 59 in slot 7
[2022-12-14 11:07:24] [SEVERE ] placing card 70 in slot 1
[2022-12-14 11:07:26] [SEVERE ] placing card 6 in slot 3
[2022-12-14 11:07:28] [SEVERE ] placing card 28 in slot 0
[2022-12-14 11:07:30] [SEVERE ] player 1 placing token on slot 4
[2022-12-14 11:07:30] [SEVERE ] player 2 placing token on slot 10
[2022-12-14 11:07:30] [SEVERE ] player 3 placing token on slot 10
[2022-12-14 11:07:30] [SEVERE ] player 0 placing token on slot 5
[2022-12-14 11:07:32] [SEVERE ] player 2 placing token on slot 6
[2022-12-14 11:07:32] [SEVERE ] player 3 placing token on slot 3
[2022-12-14 11:07:32] [SEVERE ] player 1 placing token on slot 6
[2022-12-14 11:07:32] [SEVERE ] player 0 placing token on slot 11
[2022-12-14 11:07:34] [SEVERE ] player 2 placing token on slot 5
[2022-12-14 11:07:34] [SEVERE ] player 3 placing token on slot 4
[2022-12-14 11:07:34] [SEVERE ] player 1 placing token on slot 7
[2022-12-14 11:07:34] [SEVERE ] player 0 placing token on slot 10
[2022-12-14 11:07:36] [SEVERE ] setting player 0 freeze to 0
[2022-12-14 11:07:36] [SEVERE ] setting player 1 freeze to 0
[2022-12-14 11:07:36] [SEVERE ] setting player 3 freeze to 0
[2022-12-14 11:07:36] [SEVERE ] setting player 2 freeze to 0
[2022-12-14 11:07:36] [SEVERE ] removing player 2 token from slot 10
[2022-12-14 11:07:36] [SEVERE ] removing player 3 token from slot 3
[2022-12-14 11:07:36] [SEVERE ] removing player 1 token from slot 6
[2022-12-14 11:07:36] [SEVERE ] removing player 0 token from slot 5
[2022-12-14 11:07:37] [SEVERE ] Exit button pressed
[2022-12-14 11:07:38] [SEVERE ] setting player 0 freeze to -2018
[2022-12-14 11:07:38] [SEVERE ] setting player 1 freeze to -2016
[2022-12-14 11:07:38] [SEVERE ] setting player 3 freeze to -2017
[2022-12-14 11:07:38] [SEVERE ] setting player 2 freeze to -2016
[2022-12-14 11:07:40] [SEVERE ] removing card from slot 0
[2022-12-14 11:07:42] [SEVERE ] removing card from slot 1
[2022-12-14 11:07:44] [SEVERE ] removing card from slot 2
