[2022-12-11 18:09:11] [INFO   ] cannot read configuration file config.properties trying from resources.
[2022-12-11 18:09:11] [INFO   ] configuration file was loaded from resources directory.
[2022-12-11 18:09:12] [SEVERE ] placing card 52 in slot 1
[2022-12-11 18:09:12] [SEVERE ] placing card 41 in slot 7
[2022-12-11 18:09:12] [SEVERE ] placing card 40 in slot 6
[2022-12-11 18:09:12] [SEVERE ] placing card 18 in slot 0
[2022-12-11 18:09:12] [SEVERE ] placing card 4 in slot 2
[2022-12-11 18:09:12] [SEVERE ] placing card 23 in slot 9
[2022-12-11 18:09:13] [SEVERE ] placing card 24 in slot 11
[2022-12-11 18:09:13] [SEVERE ] placing card 36 in slot 10
[2022-12-11 18:09:13] [SEVERE ] placing card 66 in slot 4
[2022-12-11 18:09:13] [SEVERE ] placing card 62 in slot 8
[2022-12-11 18:09:13] [SEVERE ] placing card 8 in slot 5
[2022-12-11 18:09:13] [SEVERE ] placing card 31 in slot 3
[2022-12-11 18:09:13] [SEVERE ] player 2 placing token on slot 11
[2022-12-11 18:09:13] [SEVERE ] player 0 placing token on slot 1
[2022-12-11 18:09:13] [SEVERE ] player 1 placing token on slot 0
[2022-12-11 18:09:13] [SEVERE ] player 3 placing token on slot 8
[2022-12-11 18:09:13] [SEVERE ] player 0 placing token on slot 4
[2022-12-11 18:09:13] [SEVERE ] removing player 3 token from slot 8
[2022-12-11 18:09:13] [SEVERE ] player 1 placing token on slot 1
[2022-12-11 18:09:13] [SEVERE ] player 2 placing token on slot 2
[2022-12-11 18:09:13] [SEVERE ] player 0 placing token on slot 2
[2022-12-11 18:09:13] [SEVERE ] player 1 placing token on slot 6
[2022-12-11 18:09:13] [SEVERE ] player 3 placing token on slot 5
[2022-12-11 18:09:13] [SEVERE ] player 2 placing token on slot 0
[2022-12-11 18:09:13] [SEVERE ] setting player 0 freeze to 0
[2022-12-11 18:09:13] [SEVERE ] setting player 1 freeze to 0
[2022-12-11 18:09:13] [SEVERE ] removing player 0 token from slot 2
[2022-12-11 18:09:13] [SEVERE ] removing player 1 token from slot 0
[2022-12-11 18:09:13] [SEVERE ] player 3 placing token on slot 0
[2022-12-11 18:09:13] [SEVERE ] setting player 2 freeze to 0
[2022-12-11 18:09:13] [SEVERE ] removing player 2 token from slot 11
[2022-12-11 18:09:14] [SEVERE ] setting player 0 freeze to -109
[2022-12-11 18:09:14] [SEVERE ] setting player 1 freeze to -102
[2022-12-11 18:09:14] [SEVERE ] player 3 placing token on slot 8
[2022-12-11 18:09:14] [SEVERE ] setting player 2 freeze to -104
[2022-12-11 18:09:14] [SEVERE ] setting player 3 freeze to 0
[2022-12-11 18:09:14] [SEVERE ] player 0 placing token on slot 8
[2022-12-11 18:09:14] [SEVERE ] player 1 placing token on slot 10
[2022-12-11 18:09:14] [SEVERE ] removing player 3 token from slot 0
[2022-12-11 18:09:14] [SEVERE ] player 2 placing token on slot 1
[2022-12-11 18:09:14] [SEVERE ] setting player 3 freeze to -110
[2022-12-11 18:09:14] [SEVERE ] removing player 0 token from slot 1
[2022-12-11 18:09:14] [SEVERE ] removing player 1 token from slot 10
[2022-12-11 18:09:14] [SEVERE ] setting player 1 freeze to 0
[2022-12-11 18:09:14] [SEVERE ] removing player 2 token from slot 2
[2022-12-11 18:09:14] [SEVERE ] setting player 2 freeze to 0
[2022-12-11 18:09:14] [SEVERE ] player 3 placing token on slot 10
[2022-12-11 18:09:14] [SEVERE ] player 0 placing token on slot 3
[2022-12-11 18:09:14] [SEVERE ] setting player 0 freeze to 0
[2022-12-11 18:09:14] [SEVERE ] player 1 placing token on slot 4
[2022-12-11 18:09:14] [SEVERE ] setting player 1 freeze to -107
[2022-12-11 18:09:14] [SEVERE ] player 2 placing token on slot 3
[2022-12-11 18:09:14] [SEVERE ] setting player 2 freeze to -107
[2022-12-11 18:09:14] [SEVERE ] removing player 3 token from slot 5
[2022-12-11 18:09:14] [SEVERE ] setting player 0 freeze to -108
[2022-12-11 18:09:14] [SEVERE ] removing player 0 token from slot 8
[2022-12-11 18:09:14] [SEVERE ] removing player 1 token from slot 4
[2022-12-11 18:09:14] [SEVERE ] removing player 2 token from slot 0
[2022-12-11 18:09:14] [SEVERE ] removing player 3 token from slot 10
[2022-12-11 18:09:14] [SEVERE ] player 0 placing token on slot 1
[2022-12-11 18:09:14] [SEVERE ] player 1 placing token on slot 4
[2022-12-11 18:09:14] [SEVERE ] player 2 placing token on slot 4
[2022-12-11 18:09:14] [SEVERE ] player 3 placing token on slot 6
[2022-12-11 18:09:14] [SEVERE ] removing player 0 token from slot 4
[2022-12-11 18:09:14] [SEVERE ] setting player 0 freeze to 0
[2022-12-11 18:09:14] [SEVERE ] removing player 1 token from slot 6
[2022-12-11 18:09:14] [SEVERE ] setting player 1 freeze to 0
[2022-12-11 18:09:14] [SEVERE ] removing player 2 token from slot 1
[2022-12-11 18:09:14] [SEVERE ] player 3 placing token on slot 9
[2022-12-11 18:09:14] [SEVERE ] setting player 3 freeze to 0
[2022-12-11 18:09:14] [SEVERE ] player 0 placing token on slot 0
[2022-12-11 18:09:14] [SEVERE ] setting player 0 freeze to -108
[2022-12-11 18:09:14] [SEVERE ] player 1 placing token on slot 5
[2022-12-11 18:09:14] [SEVERE ] setting player 1 freeze to -107
[2022-12-11 18:09:14] [SEVERE ] removing player 2 token from slot 4
[2022-12-11 18:09:14] [SEVERE ] removing player 3 token from slot 9
[2022-12-11 18:09:14] [SEVERE ] setting player 3 freeze to -108
[2022-12-11 18:09:14] [SEVERE ] removing player 0 token from slot 0
[2022-12-11 18:09:14] [SEVERE ] removing player 1 token from slot 4
[2022-12-11 18:09:14] [SEVERE ] removing player 2 token from slot 3
[2022-12-11 18:09:14] [SEVERE ] removing player 3 token from slot 8
[2022-12-11 18:09:15] [SEVERE ] player 0 placing token on slot 6
[2022-12-11 18:09:15] [SEVERE ] player 1 placing token on slot 6
[2022-12-11 18:09:15] [SEVERE ] player 2 placing token on slot 3
[2022-12-11 18:09:15] [SEVERE ] player 3 placing token on slot 11
[2022-12-11 18:09:15] [SEVERE ] removing player 0 token from slot 3
[2022-12-11 18:09:15] [SEVERE ] removing player 1 token from slot 1
[2022-12-11 18:09:15] [SEVERE ] removing player 2 token from slot 3
[2022-12-11 18:09:15] [SEVERE ] removing player 3 token from slot 11
[2022-12-11 18:09:15] [SEVERE ] player 0 placing token on slot 4
[2022-12-11 18:09:15] [SEVERE ] setting player 0 freeze to 0
[2022-12-11 18:09:15] [SEVERE ] player 1 placing token on slot 4
[2022-12-11 18:09:15] [SEVERE ] setting player 1 freeze to 0
[2022-12-11 18:09:15] [SEVERE ] player 2 placing token on slot 7
[2022-12-11 18:09:15] [SEVERE ] player 3 placing token on slot 9
[2022-12-11 18:09:15] [SEVERE ] removing player 0 token from slot 1
[2022-12-11 18:09:15] [SEVERE ] setting player 0 freeze to -108
[2022-12-11 18:09:15] [SEVERE ] removing player 1 token from slot 4
[2022-12-11 18:09:15] [SEVERE ] setting player 1 freeze to -109
[2022-12-11 18:09:15] [SEVERE ] player 2 placing token on slot 11
[2022-12-11 18:09:15] [SEVERE ] removing player 3 token from slot 6
[2022-12-11 18:09:15] [SEVERE ] player 0 placing token on slot 11
[2022-12-11 18:09:15] [SEVERE ] player 1 placing token on slot 9
[2022-12-11 18:09:15] [SEVERE ] player 2 placing token on slot 3
[2022-12-11 18:09:15] [SEVERE ] player 3 placing token on slot 5
[2022-12-11 18:09:15] [SEVERE ] removing player 0 token from slot 11
[2022-12-11 18:09:15] [SEVERE ] setting player 0 freeze to 0
[2022-12-11 18:09:15] [SEVERE ] removing player 1 token from slot 6
[2022-12-11 18:09:15] [SEVERE ] setting player 1 freeze to 0
[2022-12-11 18:09:15] [SEVERE ] removing player 2 token from slot 7
[2022-12-11 18:09:15] [SEVERE ] player 3 placing token on slot 3
[2022-12-11 18:09:15] [SEVERE ] setting player 3 freeze to 0
[2022-12-11 18:09:15] [SEVERE ] player 0 placing token on slot 0
[2022-12-11 18:09:15] [SEVERE ] setting player 0 freeze to -109
[2022-12-11 18:09:15] [SEVERE ] removing player 1 token from slot 9
[2022-12-11 18:09:15] [SEVERE ] setting player 1 freeze to -109
[2022-12-11 18:09:15] [SEVERE ] player 2 placing token on slot 4
[2022-12-11 18:09:15] [SEVERE ] setting player 2 freeze to 0
[2022-12-11 18:09:15] [SEVERE ] removing player 3 token from slot 3
[2022-12-11 18:09:15] [SEVERE ] setting player 3 freeze to -107
[2022-12-11 18:09:15] [SEVERE ] removing player 0 token from slot 6
[2022-12-11 18:09:15] [SEVERE ] removing player 2 token from slot 4
[2022-12-11 18:09:15] [SEVERE ] player 1 placing token on slot 8
[2022-12-11 18:09:15] [SEVERE ] setting player 2 freeze to -109
[2022-12-11 18:09:15] [SEVERE ] player 3 placing token on slot 0
[2022-12-11 18:09:15] [SEVERE ] player 0 placing token on slot 7
[2022-12-11 18:09:15] [SEVERE ] player 1 placing token on slot 0
[2022-12-11 18:09:15] [SEVERE ] removing player 2 token from slot 3
[2022-12-11 18:09:15] [SEVERE ] removing player 3 token from slot 0
[2022-12-11 18:09:15] [SEVERE ] setting player 3 freeze to 0
[2022-12-11 18:09:15] [SEVERE ] removing player 0 token from slot 0
[2022-12-11 18:09:16] [SEVERE ] setting player 1 freeze to 0
[2022-12-11 18:09:16] [SEVERE ] removing player 1 token from slot 0
[2022-12-11 18:09:16] [SEVERE ] player 2 placing token on slot 5
[2022-12-11 18:09:16] [SEVERE ] player 3 placing token on slot 6
[2022-12-11 18:09:16] [SEVERE ] setting player 3 freeze to -109
[2022-12-11 18:09:16] [SEVERE ] player 0 placing token on slot 3
[2022-12-11 18:09:16] [SEVERE ] setting player 1 freeze to -109
[2022-12-11 18:09:16] [SEVERE ] player 2 placing token on slot 0
[2022-12-11 18:09:16] [SEVERE ] removing player 3 token from slot 5
[2022-12-11 18:09:16] [SEVERE ] removing player 0 token from slot 7
[2022-12-11 18:09:16] [SEVERE ] setting player 0 freeze to 0
[2022-12-11 18:09:16] [SEVERE ] player 1 placing token on slot 7
[2022-12-11 18:09:16] [SEVERE ] setting player 1 freeze to 0
[2022-12-11 18:09:16] [SEVERE ] removing player 2 token from slot 5
[2022-12-11 18:09:16] [SEVERE ] player 3 placing token on slot 3
[2022-12-11 18:09:16] [SEVERE ] removing player 0 token from slot 4
[2022-12-11 18:09:16] [SEVERE ] setting player 0 freeze to -106
[2022-12-11 18:09:16] [SEVERE ] removing player 1 token from slot 5
[2022-12-11 18:09:16] [SEVERE ] setting player 1 freeze to -108
[2022-12-11 18:09:16] [SEVERE ] player 2 placing token on slot 5
[2022-12-11 18:09:16] [SEVERE ] setting player 2 freeze to 0
[2022-12-11 18:09:16] [SEVERE ] removing player 3 token from slot 3
[2022-12-11 18:09:16] [SEVERE ] player 0 placing token on slot 11
[2022-12-11 18:09:16] [SEVERE ] player 1 placing token on slot 10
[2022-12-11 18:09:16] [SEVERE ] removing player 2 token from slot 11
[2022-12-11 18:09:16] [SEVERE ] setting player 2 freeze to -110
[2022-12-11 18:09:16] [SEVERE ] player 3 placing token on slot 11
[2022-12-11 18:09:16] [SEVERE ] setting player 3 freeze to 0
[2022-12-11 18:09:16] [SEVERE ] player 0 placing token on slot 9
[2022-12-11 18:09:16] [SEVERE ] removing player 1 token from slot 8
[2022-12-11 18:09:16] [SEVERE ] removing player 3 token from slot 11
[2022-12-11 18:09:16] [SEVERE ] player 2 placing token on slot 1
[2022-12-11 18:09:16] [SEVERE ] setting player 3 freeze to -109
[2022-12-11 18:09:16] [SEVERE ] removing player 0 token from slot 3
[2022-12-11 18:09:16] [SEVERE ] setting player 0 freeze to 0
[2022-12-11 18:09:16] [SEVERE ] removing player 1 token from slot 10
[2022-12-11 18:09:16] [SEVERE ] removing player 2 token from slot 5
[2022-12-11 18:09:16] [SEVERE ] player 3 placing token on slot 11
[2022-12-11 18:09:16] [SEVERE ] player 0 placing token on slot 7
[2022-12-11 18:09:16] [SEVERE ] setting player 0 freeze to -109
[2022-12-11 18:09:16] [SEVERE ] player 1 placing token on slot 3
[2022-12-11 18:09:16] [SEVERE ] removing player 2 token from slot 1
[2022-12-11 18:09:16] [SEVERE ] removing player 3 token from slot 11
[2022-12-11 18:09:16] [SEVERE ] removing player 0 token from slot 9
[2022-12-11 18:09:16] [SEVERE ] removing player 1 token from slot 3
[2022-12-11 18:09:16] [SEVERE ] player 2 placing token on slot 3
[2022-12-11 18:09:16] [SEVERE ] player 3 placing token on slot 3
[2022-12-11 18:09:16] [SEVERE ] setting player 3 freeze to 0
[2022-12-11 18:09:16] [SEVERE ] player 0 placing token on slot 1
[2022-12-11 18:09:16] [SEVERE ] player 1 placing token on slot 9
[2022-12-11 18:09:17] [SEVERE ] removing player 2 token from slot 3
[2022-12-11 18:09:17] [SEVERE ] removing player 3 token from slot 3
[2022-12-11 18:09:17] [SEVERE ] setting player 3 freeze to -107
[2022-12-11 18:09:17] [SEVERE ] removing player 0 token from slot 1
[2022-12-11 18:09:17] [SEVERE ] player 1 placing token on slot 6
[2022-12-11 18:09:17] [SEVERE ] setting player 1 freeze to 0
[2022-12-11 18:09:17] [SEVERE ] player 2 placing token on slot 6
[2022-12-11 18:09:17] [SEVERE ] player 3 placing token on slot 11
[2022-12-11 18:09:17] [SEVERE ] removing player 0 token from slot 7
[2022-12-11 18:09:17] [SEVERE ] removing player 1 token from slot 7
[2022-12-11 18:09:17] [SEVERE ] setting player 1 freeze to -124
[2022-12-11 18:09:17] [SEVERE ] removing player 2 token from slot 0
[2022-12-11 18:09:17] [SEVERE ] removing player 3 token from slot 11
[2022-12-11 18:09:17] [SEVERE ] setting player 3 freeze to 0
[2022-12-11 18:09:17] [SEVERE ] player 0 placing token on slot 10
[2022-12-11 18:09:17] [SEVERE ] player 1 placing token on slot 3
[2022-12-11 18:09:17] [SEVERE ] player 2 placing token on slot 5
[2022-12-11 18:09:17] [SEVERE ] player 3 placing token on slot 7
[2022-12-11 18:09:17] [SEVERE ] setting player 3 freeze to -110
[2022-12-11 18:09:17] [SEVERE ] player 0 placing token on slot 8
[2022-12-11 18:09:17] [SEVERE ] setting player 0 freeze to 0
[2022-12-11 18:09:17] [SEVERE ] player 2 placing token on slot 1
[2022-12-11 18:09:17] [SEVERE ] removing player 1 token from slot 9
[2022-12-11 18:09:17] [SEVERE ] setting player 1 freeze to 0
[2022-12-11 18:09:17] [SEVERE ] setting player 2 freeze to 0
[2022-12-11 18:09:17] [SEVERE ] removing player 3 token from slot 6
[2022-12-11 18:09:17] [SEVERE ] removing player 0 token from slot 8
[2022-12-11 18:09:17] [SEVERE ] setting player 0 freeze to -110
[2022-12-11 18:09:17] [SEVERE ] removing player 2 token from slot 6
[2022-12-11 18:09:17] [SEVERE ] player 1 placing token on slot 5
[2022-12-11 18:09:17] [SEVERE ] setting player 1 freeze to -108
[2022-12-11 18:09:17] [SEVERE ] setting player 2 freeze to -109
[2022-12-11 18:09:17] [SEVERE ] player 3 placing token on slot 0
[2022-12-11 18:09:17] [SEVERE ] player 0 placing token on slot 0
[2022-12-11 18:09:17] [SEVERE ] removing player 1 token from slot 6
[2022-12-11 18:09:17] [SEVERE ] player 2 placing token on slot 4
[2022-12-11 18:09:17] [SEVERE ] removing player 3 token from slot 0
[2022-12-11 18:09:17] [SEVERE ] removing player 0 token from slot 10
[2022-12-11 18:09:17] [SEVERE ] setting player 0 freeze to 0
[2022-12-11 18:09:17] [SEVERE ] player 1 placing token on slot 10
[2022-12-11 18:09:17] [SEVERE ] removing player 2 token from slot 4
[2022-12-11 18:09:17] [SEVERE ] player 3 placing token on slot 5
[2022-12-11 18:09:17] [SEVERE ] setting player 3 freeze to 0
[2022-12-11 18:09:17] [SEVERE ] player 0 placing token on slot 4
[2022-12-11 18:09:17] [SEVERE ] setting player 0 freeze to -106
[2022-12-11 18:09:17] [SEVERE ] removing player 1 token from slot 10
[2022-12-11 18:09:17] [SEVERE ] player 2 placing token on slot 2
[2022-12-11 18:09:17] [SEVERE ] setting player 2 freeze to 0
[2022-12-11 18:09:17] [SEVERE ] removing player 3 token from slot 9
[2022-12-11 18:09:17] [SEVERE ] setting player 3 freeze to -106
[2022-12-11 18:09:17] [SEVERE ] removing player 0 token from slot 0
[2022-12-11 18:09:17] [SEVERE ] player 1 placing token on slot 6
[2022-12-11 18:09:17] [SEVERE ] setting player 1 freeze to 0
[2022-12-11 18:09:18] [SEVERE ] removing player 2 token from slot 2
[2022-12-11 18:09:18] [SEVERE ] setting player 2 freeze to -110
[2022-12-11 18:09:18] [SEVERE ] player 3 placing token on slot 1
[2022-12-11 18:09:18] [SEVERE ] removing player 0 token from slot 4
[2022-12-11 18:09:18] [SEVERE ] setting player 1 freeze to -109
[2022-12-11 18:09:18] [SEVERE ] removing player 1 token from slot 5
[2022-12-11 18:09:18] [SEVERE ] player 2 placing token on slot 9
[2022-12-11 18:09:18] [SEVERE ] removing player 3 token from slot 5
[2022-12-11 18:09:18] [SEVERE ] player 0 placing token on slot 10
[2022-12-11 18:09:18] [SEVERE ] player 1 placing token on slot 4
[2022-12-11 18:09:18] [SEVERE ] removing player 2 token from slot 1
[2022-12-11 18:09:18] [SEVERE ] setting player 2 freeze to 0
[2022-12-11 18:09:18] [SEVERE ] player 3 placing token on slot 3
[2022-12-11 18:09:18] [SEVERE ] setting player 3 freeze to 0
[2022-12-11 18:09:18] [SEVERE ] player 0 placing token on slot 9
[2022-12-11 18:09:18] [SEVERE ] setting player 0 freeze to 0
[2022-12-11 18:09:18] [SEVERE ] setting player 1 freeze to 0
[2022-12-11 18:09:18] [SEVERE ] removing player 1 token from slot 3
[2022-12-11 18:09:18] [SEVERE ] setting player 2 freeze to -108
[2022-12-11 18:09:18] [SEVERE ] player 2 placing token on slot 0
[2022-12-11 18:09:18] [SEVERE ] setting player 3 freeze to -108
[2022-12-11 18:09:18] [SEVERE ] removing player 3 token from slot 7
[2022-12-11 18:09:18] [SEVERE ] removing player 0 token from slot 11
[2022-12-11 18:09:18] [SEVERE ] setting player 0 freeze to -108
[2022-12-11 18:09:18] [SEVERE ] setting player 1 freeze to -110
[2022-12-11 18:09:18] [SEVERE ] removing player 2 token from slot 0
[2022-12-11 18:09:18] [SEVERE ] player 3 placing token on slot 11
[2022-12-11 18:09:18] [SEVERE ] player 0 placing token on slot 2
[2022-12-11 18:09:18] [SEVERE ] player 1 placing token on slot 1
[2022-12-11 18:09:18] [SEVERE ] setting player 1 freeze to 0
[2022-12-11 18:09:18] [SEVERE ] player 2 placing token on slot 10
[2022-12-11 18:09:18] [SEVERE ] setting player 2 freeze to 0
[2022-12-11 18:09:18] [SEVERE ] setting player 3 freeze to 0
[2022-12-11 18:09:18] [SEVERE ] removing player 3 token from slot 1
[2022-12-11 18:09:18] [SEVERE ] removing player 0 token from slot 9
[2022-12-11 18:09:18] [SEVERE ] setting player 0 freeze to 0
[2022-12-11 18:09:18] [SEVERE ] removing player 1 token from slot 6
[2022-12-11 18:09:18] [SEVERE ] setting player 1 freeze to -107
[2022-12-11 18:09:18] [SEVERE ] setting player 2 freeze to -109
[2022-12-11 18:09:18] [SEVERE ] removing player 2 token from slot 9
[2022-12-11 18:09:18] [SEVERE ] setting player 3 freeze to -105
[2022-12-11 18:09:18] [SEVERE ] removing player 0 token from slot 10
[2022-12-11 18:09:18] [SEVERE ] setting player 0 freeze to -109
[2022-12-11 18:09:18] [SEVERE ] removing player 3 token from slot 11
[2022-12-11 18:09:18] [SEVERE ] player 1 placing token on slot 5
[2022-12-11 18:09:18] [SEVERE ] player 2 placing token on slot 6
[2022-12-11 18:09:18] [SEVERE ] player 0 placing token on slot 10
[2022-12-11 18:09:18] [SEVERE ] player 3 placing token on slot 11
[2022-12-11 18:09:18] [SEVERE ] removing player 1 token from slot 5
[2022-12-11 18:09:18] [SEVERE ] setting player 2 freeze to 0
[2022-12-11 18:09:18] [SEVERE ] removing player 2 token from slot 6
[2022-12-11 18:09:18] [SEVERE ] player 0 placing token on slot 11
[2022-12-11 18:09:18] [SEVERE ] setting player 0 freeze to 0
[2022-12-11 18:09:18] [SEVERE ] player 3 placing token on slot 6
[2022-12-11 18:09:18] [SEVERE ] player 1 placing token on slot 2
[2022-12-11 18:09:18] [SEVERE ] setting player 1 freeze to 0
[2022-12-11 18:09:18] [SEVERE ] setting player 2 freeze to -108
[2022-12-11 18:09:18] [SEVERE ] setting player 3 freeze to 0
[2022-12-11 18:09:19] [SEVERE ] removing player 0 token from slot 11
[2022-12-11 18:09:19] [SEVERE ] player 2 placing token on slot 8
[2022-12-11 18:09:19] [SEVERE ] setting player 0 freeze to -109
[2022-12-11 18:09:19] [SEVERE ] removing player 3 token from slot 3
[2022-12-11 18:09:19] [SEVERE ] removing player 1 token from slot 2
[2022-12-11 18:09:19] [SEVERE ] setting player 1 freeze to -109
[2022-12-11 18:09:19] [SEVERE ] setting player 2 freeze to 0
[2022-12-11 18:09:19] [SEVERE ] setting player 3 freeze to -108
[2022-12-11 18:09:19] [SEVERE ] removing player 2 token from slot 8
[2022-12-11 18:09:19] [SEVERE ] player 0 placing token on slot 5
[2022-12-11 18:09:19] [SEVERE ] player 1 placing token on slot 5
[2022-12-11 18:09:19] [SEVERE ] setting player 2 freeze to -111
[2022-12-11 18:09:19] [SEVERE ] player 3 placing token on slot 2
[2022-12-11 18:09:19] [SEVERE ] removing player 0 token from slot 2
[2022-12-11 18:09:19] [SEVERE ] removing player 1 token from slot 1
[2022-12-11 18:09:19] [SEVERE ] setting player 1 freeze to 0
[2022-12-11 18:09:19] [SEVERE ] player 2 placing token on slot 0
[2022-12-11 18:09:19] [SEVERE ] removing player 3 token from slot 2
[2022-12-11 18:09:19] [SEVERE ] player 0 placing token on slot 0
[2022-12-11 18:09:19] [SEVERE ] setting player 0 freeze to 0
[2022-12-11 18:09:19] [SEVERE ] player 1 placing token on slot 8
[2022-12-11 18:09:19] [SEVERE ] setting player 1 freeze to -107
[2022-12-11 18:09:19] [SEVERE ] removing player 2 token from slot 5
[2022-12-11 18:09:19] [SEVERE ] player 3 placing token on slot 3
[2022-12-11 18:09:19] [SEVERE ] setting player 3 freeze to 0
[2022-12-11 18:09:19] [SEVERE ] removing player 0 token from slot 0
[2022-12-11 18:09:19] [SEVERE ] setting player 0 freeze to -109
[2022-12-11 18:09:19] [SEVERE ] removing player 1 token from slot 8
[2022-12-11 18:09:19] [SEVERE ] player 2 placing token on slot 8
[2022-12-11 18:09:19] [SEVERE ] removing player 3 token from slot 11
[2022-12-11 18:09:19] [SEVERE ] setting player 2 freeze to 0
[2022-12-11 18:09:19] [SEVERE ] setting player 3 freeze to -110
[2022-12-11 18:09:19] [SEVERE ] removing player 0 token from slot 5
[2022-12-11 18:09:19] [SEVERE ] removing player 2 token from slot 8
[2022-12-11 18:09:19] [SEVERE ] player 1 placing token on slot 7
[2022-12-11 18:09:19] [SEVERE ] setting player 2 freeze to -107
[2022-12-11 18:09:19] [SEVERE ] player 3 placing token on slot 2
[2022-12-11 18:09:19] [SEVERE ] player 0 placing token on slot 3
[2022-12-11 18:09:19] [SEVERE ] removing player 1 token from slot 4
[2022-12-11 18:09:19] [SEVERE ] player 2 placing token on slot 4
[2022-12-11 18:09:19] [SEVERE ] removing player 3 token from slot 2
[2022-12-11 18:09:19] [SEVERE ] player 0 placing token on slot 4
[2022-12-11 18:09:19] [SEVERE ] removing player 1 token from slot 5
[2022-12-11 18:09:19] [SEVERE ] removing player 2 token from slot 0
[2022-12-11 18:09:19] [SEVERE ] player 3 placing token on slot 0
[2022-12-11 18:09:19] [SEVERE ] setting player 3 freeze to 0
[2022-12-11 18:09:19] [SEVERE ] removing player 0 token from slot 10
[2022-12-11 18:09:19] [SEVERE ] player 1 placing token on slot 1
[2022-12-11 18:09:19] [SEVERE ] player 2 placing token on slot 11
[2022-12-11 18:09:19] [SEVERE ] removing player 3 token from slot 3
[2022-12-11 18:09:19] [SEVERE ] setting player 2 freeze to 0
[2022-12-11 18:09:19] [SEVERE ] setting player 3 freeze to -108
[2022-12-11 18:09:20] [SEVERE ] player 0 placing token on slot 9
[2022-12-11 18:09:20] [SEVERE ] removing player 0 token from slot 3
[2022-12-11 18:09:20] [SEVERE ] setting player 2 freeze to -109
[2022-12-11 18:09:20] [SEVERE ] removing card from slot 3
[2022-12-11 18:09:20] [SEVERE ] removing player 0 token from slot 4
[2022-12-11 18:09:20] [SEVERE ] removing card from slot 4
[2022-12-11 18:09:20] [SEVERE ] removing player 2 token from slot 4
[2022-12-11 18:09:20] [SEVERE ] removing player 0 token from slot 9
[2022-12-11 18:09:20] [SEVERE ] removing card from slot 9
[2022-12-11 18:09:20] [SEVERE ] setting player 0 score to 1
[2022-12-11 18:09:20] [SEVERE ] placing card 68 in slot 3
[2022-12-11 18:09:20] [SEVERE ] setting player 0 freeze to 0
[2022-12-11 18:09:20] [SEVERE ] removing player 0 token from slot 9
[2022-12-11 18:09:20] [SEVERE ] player 3 placing token on slot 10
[2022-12-11 18:09:20] [SEVERE ] removing player 2 token from slot 11
[2022-12-11 18:09:20] [SEVERE ] player 1 placing token on slot 8
[2022-12-11 18:09:20] [SEVERE ] setting player 0 freeze to -102
[2022-12-11 18:09:20] [SEVERE ] setting player 1 freeze to 0
[2022-12-11 18:09:20] [SEVERE ] setting player 3 freeze to 0
[2022-12-11 18:09:20] [SEVERE ] player 0 placing token on slot 0
[2022-12-11 18:09:20] [SEVERE ] removing player 3 token from slot 0
[2022-12-11 18:09:20] [SEVERE ] player 2 placing token on slot 5
[2022-12-11 18:09:20] [SEVERE ] removing player 1 token from slot 7
[2022-12-11 18:09:20] [SEVERE ] placing card 75 in slot 9
[2022-12-11 18:09:20] [SEVERE ] setting player 1 freeze to -101
[2022-12-11 18:09:20] [SEVERE ] setting player 3 freeze to -101
[2022-12-11 18:09:20] [SEVERE ] removing player 0 token from slot 0
[2022-12-11 18:09:20] [SEVERE ] removing player 1 token from slot 1
[2022-12-11 18:09:20] [SEVERE ] player 0 placing token on slot 3
[2022-12-11 18:09:20] [SEVERE ] player 3 placing token on slot 1
[2022-12-11 18:09:20] [SEVERE ] placing card 34 in slot 4
[2022-12-11 18:09:20] [SEVERE ] player 1 placing token on slot 11
[2022-12-11 18:09:20] [SEVERE ] removing player 3 token from slot 1
[2022-12-11 18:09:20] [SEVERE ] player 0 placing token on slot 5
[2022-12-11 18:09:20] [SEVERE ] removing player 2 token from slot 10
[2022-12-11 18:09:20] [SEVERE ] player 2 placing token on slot 6
[2022-12-11 18:09:20] [SEVERE ] player 0 placing token on slot 6
[2022-12-11 18:09:20] [SEVERE ] player 3 placing token on slot 11
[2022-12-11 18:09:21] [SEVERE ] player 1 placing token on slot 10
[2022-12-11 18:09:21] [SEVERE ] player 2 placing token on slot 8
[2022-12-11 18:09:21] [SEVERE ] setting player 0 freeze to 0
[2022-12-11 18:09:21] [SEVERE ] setting player 3 freeze to 0
[2022-12-11 18:09:21] [SEVERE ] setting player 2 freeze to 0
[2022-12-11 18:09:21] [SEVERE ] removing player 3 token from slot 11
[2022-12-11 18:09:21] [SEVERE ] setting player 1 freeze to 0
[2022-12-11 18:09:21] [SEVERE ] removing player 2 token from slot 6
[2022-12-11 18:09:21] [SEVERE ] setting player 0 freeze to -103
[2022-12-11 18:09:21] [SEVERE ] setting player 3 freeze to -109
[2022-12-11 18:09:21] [SEVERE ] setting player 2 freeze to -109
[2022-12-11 18:09:21] [SEVERE ] removing player 0 token from slot 6
[2022-12-11 18:09:21] [SEVERE ] removing player 1 token from slot 11
[2022-12-11 18:09:21] [SEVERE ] setting player 1 freeze to -109
[2022-12-11 18:09:21] [SEVERE ] player 3 placing token on slot 1
[2022-12-11 18:09:21] [SEVERE ] player 2 placing token on slot 6
[2022-12-11 18:09:21] [SEVERE ] player 0 placing token on slot 9
[2022-12-11 18:09:21] [SEVERE ] player 1 placing token on slot 2
[2022-12-11 18:09:21] [SEVERE ] setting player 0 freeze to 0
[2022-12-11 18:09:21] [SEVERE ] removing player 3 token from slot 6
[2022-12-11 18:09:21] [SEVERE ] removing player 2 token from slot 8
[2022-12-11 18:09:21] [SEVERE ] setting player 2 freeze to 0
[2022-12-11 18:09:21] [SEVERE ] removing player 0 token from slot 5
[2022-12-11 18:09:21] [SEVERE ] removing player 1 token from slot 2
[2022-12-11 18:09:21] [SEVERE ] setting player 0 freeze to -108
[2022-12-11 18:09:21] [SEVERE ] removing player 3 token from slot 1
[2022-12-11 18:09:21] [SEVERE ] player 2 placing token on slot 0
[2022-12-11 18:09:21] [SEVERE ] setting player 2 freeze to -108
[2022-12-11 18:09:21] [SEVERE ] player 1 placing token on slot 6
[2022-12-11 18:09:21] [SEVERE ] player 0 placing token on slot 6
[2022-12-11 18:09:21] [SEVERE ] player 3 placing token on slot 5
[2022-12-11 18:09:21] [SEVERE ] setting player 1 freeze to 0
[2022-12-11 18:09:21] [SEVERE ] removing player 2 token from slot 0
[2022-12-11 18:09:21] [SEVERE ] removing player 1 token from slot 6
[2022-12-11 18:09:21] [SEVERE ] removing player 0 token from slot 3
[2022-12-11 18:09:21] [SEVERE ] player 3 placing token on slot 9
[2022-12-11 18:09:21] [SEVERE ] setting player 1 freeze to -109
[2022-12-11 18:09:21] [SEVERE ] setting player 3 freeze to 0
[2022-12-11 18:09:21] [SEVERE ] removing player 2 token from slot 6
[2022-12-11 18:09:21] [SEVERE ] player 0 placing token on slot 1
[2022-12-11 18:09:21] [SEVERE ] removing player 3 token from slot 10
[2022-12-11 18:09:21] [SEVERE ] player 1 placing token on slot 11
[2022-12-11 18:09:21] [SEVERE ] setting player 3 freeze to -110
[2022-12-11 18:09:21] [SEVERE ] player 2 placing token on slot 11
[2022-12-11 18:09:21] [SEVERE ] removing player 0 token from slot 1
[2022-12-11 18:09:21] [SEVERE ] removing player 1 token from slot 10
[2022-12-11 18:09:21] [SEVERE ] setting player 1 freeze to 0
[2022-12-11 18:09:21] [SEVERE ] player 3 placing token on slot 1
[2022-12-11 18:09:21] [SEVERE ] player 2 placing token on slot 8
[2022-12-11 18:09:22] [SEVERE ] setting player 2 freeze to 0
[2022-12-11 18:09:22] [SEVERE ] player 0 placing token on slot 2
[2022-12-11 18:09:22] [SEVERE ] setting player 0 freeze to 0
[2022-12-11 18:09:22] [SEVERE ] removing player 1 token from slot 8
[2022-12-11 18:09:22] [SEVERE ] setting player 1 freeze to -106
[2022-12-11 18:09:22] [SEVERE ] removing player 3 token from slot 5
[2022-12-11 18:09:22] [SEVERE ] setting player 3 freeze to 0
[2022-12-11 18:09:22] [SEVERE ] removing player 2 token from slot 11
[2022-12-11 18:09:22] [SEVERE ] setting player 2 freeze to -107
[2022-12-11 18:09:22] [SEVERE ] removing player 0 token from slot 9
[2022-12-11 18:09:22] [SEVERE ] setting player 0 freeze to -107
[2022-12-11 18:09:22] [SEVERE ] player 1 placing token on slot 2
[2022-12-11 18:09:22] [SEVERE ] player 3 placing token on slot 6
[2022-12-11 18:09:22] [SEVERE ] setting player 3 freeze to -107
[2022-12-11 18:09:22] [SEVERE ] player 2 placing token on slot 4
[2022-12-11 18:09:22] [SEVERE ] player 0 placing token on slot 0
[2022-12-11 18:09:22] [SEVERE ] player 1 placing token on slot 10
[2022-12-11 18:09:22] [SEVERE ] removing player 3 token from slot 1
[2022-12-11 18:09:22] [SEVERE ] removing player 2 token from slot 8
[2022-12-11 18:09:22] [SEVERE ] setting player 2 freeze to 0
[2022-12-11 18:09:22] [SEVERE ] removing player 0 token from slot 6
[2022-12-11 18:09:22] [SEVERE ] setting player 0 freeze to 0
[2022-12-11 18:09:22] [SEVERE ] removing player 1 token from slot 2
[2022-12-11 18:09:22] [SEVERE ] removing player 3 token from slot 6
[2022-12-11 18:09:22] [SEVERE ] player 2 placing token on slot 11
[2022-12-11 18:09:22] [SEVERE ] setting player 2 freeze to -105
[2022-12-11 18:09:22] [SEVERE ] player 0 placing token on slot 11
[2022-12-11 18:09:22] [SEVERE ] setting player 0 freeze to -108
[2022-12-11 18:09:22] [SEVERE ] player 1 placing token on slot 6
[2022-12-11 18:09:22] [SEVERE ] setting player 1 freeze to 0
[2022-12-11 18:09:22] [SEVERE ] player 3 placing token on slot 4
[2022-12-11 18:09:22] [SEVERE ] removing player 2 token from slot 11
[2022-12-11 18:09:22] [SEVERE ] removing player 1 token from slot 6
[2022-12-11 18:09:22] [SEVERE ] removing player 0 token from slot 11
[2022-12-11 18:09:22] [SEVERE ] setting player 1 freeze to -108
[2022-12-11 18:09:22] [SEVERE ] player 3 placing token on slot 5
[2022-12-11 18:09:22] [SEVERE ] player 2 placing token on slot 0
[2022-12-11 18:09:22] [SEVERE ] player 0 placing token on slot 5
[2022-12-11 18:09:22] [SEVERE ] player 1 placing token on slot 2
[2022-12-11 18:09:22] [SEVERE ] removing player 3 token from slot 5
[2022-12-11 18:09:22] [SEVERE ] setting player 3 freeze to 0
[2022-12-11 18:09:22] [SEVERE ] removing player 2 token from slot 4
[2022-12-11 18:09:22] [SEVERE ] setting player 0 freeze to 0
[2022-12-11 18:09:22] [SEVERE ] removing player 0 token from slot 0
[2022-12-11 18:09:22] [SEVERE ] removing player 1 token from slot 2
[2022-12-11 18:09:22] [SEVERE ] setting player 1 freeze to 0
[2022-12-11 18:09:22] [SEVERE ] player 3 placing token on slot 11
[2022-12-11 18:09:22] [SEVERE ] setting player 3 freeze to -107
[2022-12-11 18:09:22] [SEVERE ] player 2 placing token on slot 3
[2022-12-11 18:09:22] [SEVERE ] setting player 2 freeze to 0
[2022-12-11 18:09:22] [SEVERE ] setting player 0 freeze to -110
[2022-12-11 18:09:22] [SEVERE ] player 1 placing token on slot 8
[2022-12-11 18:09:22] [SEVERE ] setting player 1 freeze to -110
[2022-12-11 18:09:22] [SEVERE ] removing player 3 token from slot 9
[2022-12-11 18:09:22] [SEVERE ] removing player 2 token from slot 0
[2022-12-11 18:09:22] [SEVERE ] setting player 2 freeze to -108
[2022-12-11 18:09:22] [SEVERE ] player 0 placing token on slot 4
[2022-12-11 18:09:23] [SEVERE ] removing player 1 token from slot 8
[2022-12-11 18:09:23] [SEVERE ] player 3 placing token on slot 7
[2022-12-11 18:09:23] [SEVERE ] player 2 placing token on slot 1
[2022-12-11 18:09:23] [SEVERE ] removing player 0 token from slot 4
[2022-12-11 18:09:23] [SEVERE ] player 1 placing token on slot 3
[2022-12-11 18:09:23] [SEVERE ] removing player 3 token from slot 4
[2022-12-11 18:09:23] [SEVERE ] setting player 3 freeze to 0
[2022-12-11 18:09:23] [SEVERE ] removing player 2 token from slot 1
[2022-12-11 18:09:23] [SEVERE ] setting player 2 freeze to 0
[2022-12-11 18:09:23] [SEVERE ] player 0 placing token on slot 10
[2022-12-11 18:09:23] [SEVERE ] setting player 0 freeze to 0
[2022-12-11 18:09:23] [SEVERE ] removing player 1 token from slot 10
[2022-12-11 18:09:23] [SEVERE ] player 3 placing token on slot 0
[2022-12-11 18:09:23] [SEVERE ] setting player 3 freeze to -109
[2022-12-11 18:09:23] [SEVERE ] player 2 placing token on slot 9
[2022-12-11 18:09:23] [SEVERE ] setting player 2 freeze to -109
[2022-12-11 18:09:23] [SEVERE ] setting player 0 freeze to -107
[2022-12-11 18:09:23] [SEVERE ] removing player 0 token from slot 10
[2022-12-11 18:09:23] [SEVERE ] removing player 1 token from slot 11
[2022-12-11 18:09:23] [SEVERE ] removing player 3 token from slot 0
[2022-12-11 18:09:23] [SEVERE ] removing player 2 token from slot 3
[2022-12-11 18:09:23] [SEVERE ] removing player 0 token from slot 2
[2022-12-11 18:09:23] [SEVERE ] player 1 placing token on slot 11
[2022-12-11 18:09:23] [SEVERE ] player 3 placing token on slot 0
[2022-12-11 18:09:23] [SEVERE ] player 2 placing token on slot 2
[2022-12-11 18:09:23] [SEVERE ] removing player 0 token from slot 5
[2022-12-11 18:09:23] [SEVERE ] player 1 placing token on slot 2
[2022-12-11 18:09:23] [SEVERE ] setting player 1 freeze to 0
[2022-12-11 18:09:23] [SEVERE ] removing player 3 token from slot 0
[2022-12-11 18:09:23] [SEVERE ] removing player 2 token from slot 9
[2022-12-11 18:09:23] [SEVERE ] player 0 placing token on slot 2
[2022-12-11 18:09:23] [SEVERE ] removing player 1 token from slot 3
[2022-12-11 18:09:23] [SEVERE ] setting player 1 freeze to -109
[2022-12-11 18:09:23] [SEVERE ] player 3 placing token on slot 5
[2022-12-11 18:09:23] [SEVERE ] setting player 3 freeze to 0
[2022-12-11 18:09:23] [SEVERE ] Exit button pressed
[2022-12-11 18:09:23] [SEVERE ] player 2 placing token on slot 9
[2022-12-11 18:09:23] [SEVERE ] setting player 2 freeze to 0
[2022-12-11 18:09:23] [SEVERE ] player 0 placing token on slot 9
[2022-12-11 18:09:23] [SEVERE ] player 1 placing token on slot 9
[2022-12-11 18:09:23] [SEVERE ] removing player 3 token from slot 11
[2022-12-11 18:09:23] [SEVERE ] setting player 3 freeze to -109
[2022-12-11 18:09:23] [SEVERE ] removing card from slot 0
[2022-12-11 18:09:23] [SEVERE ] setting player 2 freeze to -109
[2022-12-11 18:09:23] [SEVERE ] setting player 1 freeze to 0
[2022-12-11 18:09:23] [SEVERE ] removing card from slot 1
[2022-12-11 18:09:23] [SEVERE ] setting player 1 freeze to -103
[2022-12-11 18:09:24] [SEVERE ] removing card from slot 2
[2022-12-11 18:09:24] [SEVERE ] removing card from slot 3
[2022-12-11 18:09:24] [SEVERE ] removing card from slot 4
[2022-12-11 18:09:24] [SEVERE ] removing card from slot 5
[2022-12-11 18:09:24] [SEVERE ] removing card from slot 6
[2022-12-11 18:09:24] [SEVERE ] removing card from slot 7
[2022-12-11 18:09:24] [SEVERE ] removing card from slot 8
[2022-12-11 18:09:24] [SEVERE ] removing card from slot 9
[2022-12-11 18:09:24] [SEVERE ] removing card from slot 10
[2022-12-11 18:09:25] [SEVERE ] removing card from slot 11
[2022-12-11 18:09:25] [SEVERE ] removing player 0 token from slot 2
[2022-12-11 18:09:25] [SEVERE ] removing player 0 token from slot 9
[2022-12-11 18:09:25] [SEVERE ] removing player 1 token from slot 11
[2022-12-11 18:09:25] [SEVERE ] removing player 1 token from slot 2
[2022-12-11 18:09:25] [SEVERE ] removing player 1 token from slot 9
[2022-12-11 18:09:25] [SEVERE ] removing player 2 token from slot 5
[2022-12-11 18:09:25] [SEVERE ] removing player 2 token from slot 2
[2022-12-11 18:09:25] [SEVERE ] removing player 2 token from slot 9
[2022-12-11 18:09:25] [SEVERE ] removing player 3 token from slot 7
[2022-12-11 18:09:25] [SEVERE ] removing player 3 token from slot 5
[2022-12-11 18:09:25] [SEVERE ] announcing winners: [0]
[2022-12-11 18:09:25] [INFO   ] Thread main terminated.
