[2022-12-11 17:08:00] [INFO   ] cannot read configuration file config.properties trying from resources.
[2022-12-11 17:08:01] [INFO   ] configuration file was loaded from resources directory.
[2022-12-11 17:08:01] [SEVERE ] placing card 52 in slot 10
[2022-12-11 17:08:01] [SEVERE ] placing card 63 in slot 4
[2022-12-11 17:08:01] [SEVERE ] placing card 58 in slot 3
[2022-12-11 17:08:01] [SEVERE ] placing card 49 in slot 5
[2022-12-11 17:08:02] [SEVERE ] placing card 46 in slot 2
[2022-12-11 17:08:02] [SEVERE ] placing card 65 in slot 0
[2022-12-11 17:08:02] [SEVERE ] placing card 5 in slot 9
[2022-12-11 17:08:02] [SEVERE ] placing card 79 in slot 1
[2022-12-11 17:08:02] [SEVERE ] placing card 60 in slot 11
[2022-12-11 17:08:02] [SEVERE ] placing card 47 in slot 7
[2022-12-11 17:08:02] [SEVERE ] placing card 3 in slot 6
[2022-12-11 17:08:02] [SEVERE ] placing card 70 in slot 8
[2022-12-11 17:08:02] [SEVERE ] player 2 placing token on slot 0
[2022-12-11 17:08:02] [SEVERE ] player 3 placing token on slot 11
[2022-12-11 17:08:03] [SEVERE ] player 2 placing token on slot 1
[2022-12-11 17:08:03] [SEVERE ] player 3 placing token on slot 3
[2022-12-11 17:08:03] [SEVERE ] setting player 3 freeze to 2000
[2022-12-11 17:08:03] [SEVERE ] setting player 2 freeze to 2000
[2022-12-11 17:08:03] [SEVERE ] player 3 placing token on slot 1
[2022-12-11 17:08:03] [SEVERE ] player 2 placing token on slot 10
[2022-12-11 17:08:03] [SEVERE ] setting player 2 freeze to 1892
[2022-12-11 17:08:03] [SEVERE ] setting player 3 freeze to 1891
[2022-12-11 17:08:03] [SEVERE ] setting player 3 freeze to 1783
[2022-12-11 17:08:03] [SEVERE ] setting player 2 freeze to 1784
[2022-12-11 17:08:03] [SEVERE ] removing player 3 token from slot 1
[2022-12-11 17:08:03] [SEVERE ] removing player 2 token from slot 10
[2022-12-11 17:08:03] [SEVERE ] setting player 2 freeze to 1674
[2022-12-11 17:08:03] [SEVERE ] setting player 3 freeze to 1673
[2022-12-11 17:08:03] [SEVERE ] setting player 2 freeze to 1573
[2022-12-11 17:08:03] [SEVERE ] setting player 3 freeze to 1564
[2022-12-11 17:08:03] [SEVERE ] player 3 placing token on slot 2
[2022-12-11 17:08:03] [SEVERE ] player 2 placing token on slot 10
[2022-12-11 17:08:03] [SEVERE ] setting player 3 freeze to 1458
[2022-12-11 17:08:03] [SEVERE ] setting player 2 freeze to 1459
[2022-12-11 17:08:03] [SEVERE ] setting player 3 freeze to 1357
[2022-12-11 17:08:03] [SEVERE ] setting player 2 freeze to 1352
[2022-12-11 17:08:03] [SEVERE ] removing player 3 token from slot 11
[2022-12-11 17:08:03] [SEVERE ] removing player 2 token from slot 10
[2022-12-11 17:08:03] [SEVERE ] setting player 2 freeze to 1244
[2022-12-11 17:08:03] [SEVERE ] setting player 3 freeze to 1243
[2022-12-11 17:08:04] [SEVERE ] setting player 3 freeze to 1134
[2022-12-11 17:08:04] [SEVERE ] setting player 2 freeze to 1135
[2022-12-11 17:08:04] [SEVERE ] player 3 placing token on slot 4
[2022-12-11 17:08:04] [SEVERE ] player 2 placing token on slot 9
[2022-12-11 17:08:04] [SEVERE ] setting player 2 freeze to 1025
[2022-12-11 17:08:04] [SEVERE ] setting player 3 freeze to 1024
[2022-12-11 17:08:04] [SEVERE ] setting player 2 freeze to 916
[2022-12-11 17:08:04] [SEVERE ] setting player 3 freeze to 915
[2022-12-11 17:08:04] [SEVERE ] removing player 2 token from slot 0
[2022-12-11 17:08:04] [SEVERE ] removing player 3 token from slot 3
[2022-12-11 17:08:04] [SEVERE ] setting player 3 freeze to 805
[2022-12-11 17:08:04] [SEVERE ] setting player 2 freeze to 806
[2022-12-11 17:08:04] [SEVERE ] setting player 2 freeze to 696
[2022-12-11 17:08:04] [SEVERE ] setting player 3 freeze to 695
[2022-12-11 17:08:04] [SEVERE ] player 3 placing token on slot 0
[2022-12-11 17:08:04] [SEVERE ] player 2 placing token on slot 6
[2022-12-11 17:08:04] [SEVERE ] setting player 2 freeze to 595
[2022-12-11 17:08:04] [SEVERE ] setting player 3 freeze to 585
[2022-12-11 17:08:04] [SEVERE ] setting player 2 freeze to 493
[2022-12-11 17:08:04] [SEVERE ] setting player 3 freeze to 476
[2022-12-11 17:08:04] [SEVERE ] removing player 2 token from slot 6
[2022-12-11 17:08:04] [SEVERE ] removing player 3 token from slot 2
[2022-12-11 17:08:04] [SEVERE ] setting player 2 freeze to 384
[2022-12-11 17:08:04] [SEVERE ] setting player 3 freeze to 367
[2022-12-11 17:08:04] [SEVERE ] setting player 2 freeze to 275
[2022-12-11 17:08:04] [SEVERE ] setting player 3 freeze to 259
[2022-12-11 17:08:04] [SEVERE ] player 3 placing token on slot 3
[2022-12-11 17:08:04] [SEVERE ] removing player 2 token from slot 9
[2022-12-11 17:08:05] [SEVERE ] setting player 2 freeze to 165
[2022-12-11 17:08:05] [SEVERE ] setting player 3 freeze to 149
[2022-12-11 17:08:05] [SEVERE ] setting player 2 freeze to 57
[2022-12-11 17:08:05] [SEVERE ] setting player 3 freeze to 41
[2022-12-11 17:08:05] [SEVERE ] player 2 placing token on slot 4
[2022-12-11 17:08:05] [SEVERE ] removing player 3 token from slot 0
[2022-12-11 17:08:05] [SEVERE ] setting player 2 freeze to -52
[2022-12-11 17:08:05] [SEVERE ] setting player 3 freeze to -62
[2022-12-11 17:08:05] [SEVERE ] player 3 placing token on slot 0
[2022-12-11 17:08:05] [SEVERE ] player 2 placing token on slot 3
[2022-12-11 17:08:05] [SEVERE ] setting player 3 freeze to 2000
[2022-12-11 17:08:05] [SEVERE ] removing player 2 token from slot 4
[2022-12-11 17:08:05] [SEVERE ] setting player 3 freeze to 1892
[2022-12-11 17:08:05] [SEVERE ] removing player 3 token from slot 0
[2022-12-11 17:08:05] [SEVERE ] setting player 2 freeze to 2000
[2022-12-11 17:08:05] [SEVERE ] setting player 3 freeze to 1783
[2022-12-11 17:08:05] [SEVERE ] setting player 2 freeze to 1891
[2022-12-11 17:08:05] [SEVERE ] player 2 placing token on slot 2
[2022-12-11 17:08:05] [SEVERE ] player 3 placing token on slot 9
[2022-12-11 17:08:05] [SEVERE ] setting player 3 freeze to 1682
[2022-12-11 17:08:05] [SEVERE ] setting player 2 freeze to 1781
[2022-12-11 17:08:05] [SEVERE ] setting player 3 freeze to 1580
[2022-12-11 17:08:05] [SEVERE ] setting player 2 freeze to 1672
[2022-12-11 17:08:05] [SEVERE ] removing player 2 token from slot 3
[2022-12-11 17:08:05] [SEVERE ] removing player 3 token from slot 9
[2022-12-11 17:08:05] [SEVERE ] setting player 3 freeze to 1470
[2022-12-11 17:08:05] [SEVERE ] setting player 2 freeze to 1562
[2022-12-11 17:08:05] [SEVERE ] setting player 3 freeze to 1361
[2022-12-11 17:08:06] [SEVERE ] setting player 2 freeze to 1454
[2022-12-11 17:08:06] [SEVERE ] player 3 placing token on slot 6
[2022-12-11 17:08:06] [SEVERE ] player 2 placing token on slot 5
[2022-12-11 17:08:06] [SEVERE ] setting player 3 freeze to 1254
[2022-12-11 17:08:06] [SEVERE ] setting player 2 freeze to 1346
[2022-12-11 17:08:06] [SEVERE ] setting player 3 freeze to 1144
[2022-12-11 17:08:06] [SEVERE ] setting player 2 freeze to 1237
[2022-12-11 17:08:06] [SEVERE ] removing player 2 token from slot 1
[2022-12-11 17:08:06] [SEVERE ] removing player 3 token from slot 4
[2022-12-11 17:08:06] [SEVERE ] setting player 3 freeze to 1035
[2022-12-11 17:08:06] [SEVERE ] setting player 2 freeze to 1127
[2022-12-11 17:08:06] [SEVERE ] setting player 3 freeze to 925
[2022-12-11 17:08:06] [SEVERE ] setting player 2 freeze to 1017
[2022-12-11 17:08:06] [SEVERE ] player 3 placing token on slot 7
[2022-12-11 17:08:06] [SEVERE ] player 2 placing token on slot 1
[2022-12-11 17:08:06] [SEVERE ] setting player 3 freeze to 815
[2022-12-11 17:08:06] [SEVERE ] setting player 2 freeze to 907
[2022-12-11 17:08:06] [SEVERE ] setting player 3 freeze to 706
[2022-12-11 17:08:06] [SEVERE ] setting player 2 freeze to 798
[2022-12-11 17:08:06] [SEVERE ] Exit button pressed
[2022-12-11 17:08:06] [SEVERE ] removing player 3 token from slot 3
[2022-12-11 17:08:06] [SEVERE ] removing player 2 token from slot 2
[2022-12-11 17:08:06] [SEVERE ] setting player 3 freeze to 596
[2022-12-11 17:08:06] [SEVERE ] setting player 2 freeze to 688
[2022-12-11 17:08:06] [SEVERE ] removing card from slot 0
[2022-12-11 17:08:06] [SEVERE ] setting player 3 freeze to 485
[2022-12-11 17:08:06] [SEVERE ] setting player 2 freeze to 578
[2022-12-11 17:08:06] [SEVERE ] removing card from slot 1
[2022-12-11 17:08:06] [SEVERE ] setting player 3 freeze to 376
[2022-12-11 17:08:06] [SEVERE ] setting player 2 freeze to 468
[2022-12-11 17:08:07] [SEVERE ] removing card from slot 2
[2022-12-11 17:08:07] [SEVERE ] setting player 3 freeze to 268
[2022-12-11 17:08:07] [SEVERE ] setting player 2 freeze to 360
[2022-12-11 17:08:07] [SEVERE ] removing card from slot 3
[2022-12-11 17:08:07] [SEVERE ] setting player 3 freeze to 156
[2022-12-11 17:08:07] [SEVERE ] setting player 2 freeze to 248
[2022-12-11 17:08:07] [SEVERE ] removing card from slot 4
[2022-12-11 17:08:07] [SEVERE ] setting player 3 freeze to 49
[2022-12-11 17:08:07] [SEVERE ] setting player 2 freeze to 141
[2022-12-11 17:08:07] [SEVERE ] removing card from slot 5
[2022-12-11 17:08:07] [SEVERE ] setting player 3 freeze to -59
[2022-12-11 17:08:07] [SEVERE ] setting player 2 freeze to 33
[2022-12-11 17:08:07] [SEVERE ] removing card from slot 6
[2022-12-11 17:08:07] [SEVERE ] setting player 2 freeze to -76
[2022-12-11 17:08:07] [SEVERE ] removing card from slot 7
[2022-12-11 17:08:07] [SEVERE ] removing card from slot 8
[2022-12-11 17:08:07] [SEVERE ] removing card from slot 9
[2022-12-11 17:08:07] [SEVERE ] removing card from slot 10
[2022-12-11 17:08:07] [SEVERE ] removing card from slot 11
[2022-12-11 17:08:08] [SEVERE ] removing player 0 token from slot 0
[2022-12-11 17:08:08] [SEVERE ] removing player 0 token from slot 1
[2022-12-11 17:08:08] [SEVERE ] removing player 0 token from slot 2
[2022-12-11 17:08:08] [SEVERE ] removing player 0 token from slot 3
[2022-12-11 17:08:08] [SEVERE ] removing player 0 token from slot 4
[2022-12-11 17:08:08] [SEVERE ] removing player 0 token from slot 5
[2022-12-11 17:08:08] [SEVERE ] removing player 0 token from slot 6
[2022-12-11 17:08:08] [SEVERE ] removing player 0 token from slot 7
[2022-12-11 17:08:08] [SEVERE ] removing player 0 token from slot 8
[2022-12-11 17:08:09] [SEVERE ] removing player 0 token from slot 9
[2022-12-11 17:08:09] [SEVERE ] removing player 0 token from slot 10
[2022-12-11 17:08:09] [SEVERE ] removing player 0 token from slot 11
[2022-12-11 17:08:09] [SEVERE ] removing player 1 token from slot 0
[2022-12-11 17:08:09] [SEVERE ] removing player 1 token from slot 1
[2022-12-11 17:08:09] [SEVERE ] removing player 1 token from slot 2
[2022-12-11 17:08:09] [SEVERE ] removing player 1 token from slot 3
[2022-12-11 17:08:09] [SEVERE ] removing player 1 token from slot 4
[2022-12-11 17:08:09] [SEVERE ] removing player 1 token from slot 5
[2022-12-11 17:08:10] [SEVERE ] removing player 1 token from slot 6
[2022-12-11 17:08:10] [SEVERE ] removing player 1 token from slot 7
[2022-12-11 17:08:10] [SEVERE ] removing player 1 token from slot 8
[2022-12-11 17:08:10] [SEVERE ] removing player 1 token from slot 9
[2022-12-11 17:08:10] [SEVERE ] removing player 1 token from slot 10
[2022-12-11 17:08:10] [SEVERE ] removing player 1 token from slot 11
[2022-12-11 17:08:10] [SEVERE ] removing player 2 token from slot 0
[2022-12-11 17:08:10] [SEVERE ] removing player 2 token from slot 1
[2022-12-11 17:08:10] [SEVERE ] removing player 2 token from slot 2
[2022-12-11 17:08:11] [SEVERE ] removing player 2 token from slot 3
[2022-12-11 17:08:11] [SEVERE ] removing player 2 token from slot 4
[2022-12-11 17:08:11] [SEVERE ] removing player 2 token from slot 5
[2022-12-11 17:08:11] [SEVERE ] removing player 2 token from slot 6
[2022-12-11 17:08:11] [SEVERE ] removing player 2 token from slot 7
[2022-12-11 17:08:11] [SEVERE ] removing player 2 token from slot 8
[2022-12-11 17:08:11] [SEVERE ] removing player 2 token from slot 9
[2022-12-11 17:08:11] [SEVERE ] removing player 2 token from slot 10
[2022-12-11 17:08:11] [SEVERE ] removing player 2 token from slot 11
[2022-12-11 17:08:12] [SEVERE ] removing player 3 token from slot 0
[2022-12-11 17:08:12] [SEVERE ] removing player 3 token from slot 1
[2022-12-11 17:08:12] [SEVERE ] removing player 3 token from slot 2
[2022-12-11 17:08:12] [SEVERE ] removing player 3 token from slot 3
[2022-12-11 17:08:12] [SEVERE ] removing player 3 token from slot 4
[2022-12-11 17:08:12] [SEVERE ] removing player 3 token from slot 5
[2022-12-11 17:08:12] [SEVERE ] removing player 3 token from slot 6
[2022-12-11 17:08:12] [SEVERE ] removing player 3 token from slot 7
[2022-12-11 17:08:12] [SEVERE ] removing player 3 token from slot 8
[2022-12-11 17:08:13] [SEVERE ] removing player 3 token from slot 9
[2022-12-11 17:08:13] [SEVERE ] removing player 3 token from slot 10
[2022-12-11 17:08:13] [SEVERE ] removing player 3 token from slot 11
[2022-12-11 17:08:13] [SEVERE ] announcing winners: [0, 1]
[2022-12-11 17:08:13] [INFO   ] Thread main terminated.
