[2022-12-11 16:56:15] [INFO   ] cannot read configuration file config.properties trying from resources.
[2022-12-11 16:56:15] [INFO   ] configuration file was loaded from resources directory.
[2022-12-11 16:56:15] [SEVERE ] player 3 placing token on slot 10
[2022-12-11 16:56:15] [SEVERE ] player 2 placing token on slot 10
[2022-12-11 16:56:15] [SEVERE ] placing card 64 in slot 11
[2022-12-11 16:56:15] [SEVERE ] player 3 placing token on slot 3
[2022-12-11 16:56:15] [SEVERE ] player 2 placing token on slot 0
[2022-12-11 16:56:15] [SEVERE ] removing player 3 token from slot 10
[2022-12-11 16:56:15] [SEVERE ] player 2 placing token on slot 4
[2022-12-11 16:56:15] [SEVERE ] placing card 1 in slot 9
[2022-12-11 16:56:16] [SEVERE ] removing player 2 token from slot 10
[2022-12-11 16:56:16] [SEVERE ] player 3 placing token on slot 6
[2022-12-11 16:56:16] [SEVERE ] player 2 placing token on slot 1
[2022-12-11 16:56:16] [SEVERE ] player 3 placing token on slot 8
[2022-12-11 16:56:16] [SEVERE ] placing card 6 in slot 6
[2022-12-11 16:56:16] [SEVERE ] removing player 3 token from slot 8
[2022-12-11 16:56:16] [SEVERE ] removing player 2 token from slot 4
[2022-12-11 16:56:16] [SEVERE ] player 2 placing token on slot 6
[2022-12-11 16:56:16] [SEVERE ] removing player 3 token from slot 3
[2022-12-11 16:56:16] [SEVERE ] placing card 0 in slot 1
[2022-12-11 16:56:16] [SEVERE ] removing player 2 token from slot 0
[2022-12-11 16:56:16] [SEVERE ] player 3 placing token on slot 2
[2022-12-11 16:56:16] [SEVERE ] player 3 placing token on slot 5
[2022-12-11 16:56:16] [SEVERE ] player 2 placing token on slot 7
[2022-12-11 16:56:16] [SEVERE ] placing card 53 in slot 10
[2022-12-11 16:56:16] [SEVERE ] removing player 2 token from slot 7
[2022-12-11 16:56:16] [SEVERE ] removing player 3 token from slot 2
[2022-12-11 16:56:16] [SEVERE ] player 2 placing token on slot 9
[2022-12-11 16:56:16] [SEVERE ] player 3 placing token on slot 2
[2022-12-11 16:56:16] [SEVERE ] placing card 35 in slot 3
[2022-12-11 16:56:16] [SEVERE ] removing player 2 token from slot 1
[2022-12-11 16:56:16] [SEVERE ] removing player 3 token from slot 5
[2022-12-11 16:56:17] [SEVERE ] player 3 placing token on slot 9
[2022-12-11 16:56:17] [SEVERE ] player 2 placing token on slot 5
[2022-12-11 16:56:17] [SEVERE ] placing card 77 in slot 8
[2022-12-11 16:56:17] [SEVERE ] removing player 3 token from slot 6
[2022-12-11 16:56:17] [SEVERE ] removing player 2 token from slot 6
[2022-12-11 16:56:17] [SEVERE ] player 3 placing token on slot 1
[2022-12-11 16:56:17] [SEVERE ] removing player 2 token from slot 9
[2022-12-11 16:56:17] [SEVERE ] placing card 9 in slot 7
[2022-12-11 16:56:17] [SEVERE ] removing player 3 token from slot 2
[2022-12-11 16:56:17] [SEVERE ] player 2 placing token on slot 2
[2022-12-11 16:56:17] [SEVERE ] player 3 placing token on slot 2
[2022-12-11 16:56:17] [SEVERE ] player 2 placing token on slot 1
[2022-12-11 16:56:17] [SEVERE ] placing card 16 in slot 4
[2022-12-11 16:56:17] [SEVERE ] removing player 3 token from slot 1
[2022-12-11 16:56:17] [SEVERE ] removing player 2 token from slot 1
[2022-12-11 16:56:17] [SEVERE ] player 3 placing token on slot 0
[2022-12-11 16:56:17] [SEVERE ] player 2 placing token on slot 4
[2022-12-11 16:56:17] [SEVERE ] placing card 47 in slot 5
[2022-12-11 16:56:17] [SEVERE ] removing player 2 token from slot 2
[2022-12-11 16:56:17] [SEVERE ] removing player 3 token from slot 0
[2022-12-11 16:56:17] [SEVERE ] player 3 placing token on slot 11
[2022-12-11 16:56:17] [SEVERE ] player 2 placing token on slot 1
[2022-12-11 16:56:17] [SEVERE ] placing card 67 in slot 2
[2022-12-11 16:56:18] [SEVERE ] removing player 2 token from slot 4
[2022-12-11 16:56:18] [SEVERE ] removing player 3 token from slot 9
[2022-12-11 16:56:18] [SEVERE ] player 3 placing token on slot 1
[2022-12-11 16:56:18] [SEVERE ] removing player 2 token from slot 1
[2022-12-11 16:56:18] [SEVERE ] placing card 55 in slot 0
[2022-12-11 16:56:18] [SEVERE ] player 2 placing token on slot 2
[2022-12-11 16:56:18] [SEVERE ] removing player 3 token from slot 1
[2022-12-11 16:56:18] [SEVERE ] player 3 placing token on slot 8
[2022-12-11 16:56:18] [SEVERE ] player 2 placing token on slot 8
[2022-12-11 16:56:18] [SEVERE ] removing player 3 token from slot 2
[2022-12-11 16:56:18] [SEVERE ] removing player 2 token from slot 8
[2022-12-11 16:56:18] [SEVERE ] player 3 placing token on slot 10
[2022-12-11 16:56:18] [SEVERE ] player 2 placing token on slot 6
[2022-12-11 16:56:18] [SEVERE ] removing player 3 token from slot 11
[2022-12-11 16:56:18] [SEVERE ] removing player 2 token from slot 2
[2022-12-11 16:56:18] [SEVERE ] player 3 placing token on slot 5
[2022-12-11 16:56:18] [SEVERE ] player 2 placing token on slot 11
[2022-12-11 16:56:18] [SEVERE ] removing player 2 token from slot 6
[2022-12-11 16:56:18] [SEVERE ] removing player 3 token from slot 10
[2022-12-11 16:56:19] [SEVERE ] player 2 placing token on slot 2
[2022-12-11 16:56:19] [SEVERE ] player 3 placing token on slot 7
[2022-12-11 16:56:19] [SEVERE ] removing player 2 token from slot 5
[2022-12-11 16:56:19] [SEVERE ] removing player 3 token from slot 8
[2022-12-11 16:56:19] [SEVERE ] player 3 placing token on slot 3
[2022-12-11 16:56:19] [SEVERE ] player 2 placing token on slot 3
[2022-12-11 16:56:19] [SEVERE ] removing player 2 token from slot 3
[2022-12-11 16:56:19] [SEVERE ] removing player 3 token from slot 5
[2022-12-11 16:56:19] [SEVERE ] player 3 placing token on slot 11
[2022-12-11 16:56:19] [SEVERE ] player 2 placing token on slot 3
[2022-12-11 16:56:19] [SEVERE ] removing player 2 token from slot 3
[2022-12-11 16:56:19] [SEVERE ] removing player 3 token from slot 3
[2022-12-11 16:56:19] [SEVERE ] player 3 placing token on slot 10
[2022-12-11 16:56:19] [SEVERE ] player 2 placing token on slot 10
[2022-12-11 16:56:19] [SEVERE ] removing player 3 token from slot 7
[2022-12-11 16:56:19] [SEVERE ] removing player 2 token from slot 2
[2022-12-11 16:56:19] [SEVERE ] player 3 placing token on slot 1
[2022-12-11 16:56:19] [SEVERE ] player 2 placing token on slot 4
[2022-12-11 16:56:19] [SEVERE ] removing player 3 token from slot 1
[2022-12-11 16:56:19] [SEVERE ] removing player 2 token from slot 11
[2022-12-11 16:56:20] [SEVERE ] removing player 3 token from slot 10
[2022-12-11 16:56:20] [SEVERE ] player 2 placing token on slot 0
[2022-12-11 16:56:20] [SEVERE ] removing player 2 token from slot 10
[2022-12-11 16:56:20] [SEVERE ] player 3 placing token on slot 10
[2022-12-11 16:56:20] [SEVERE ] player 3 placing token on slot 2
[2022-12-11 16:56:20] [SEVERE ] removing player 2 token from slot 4
[2022-12-11 16:56:20] [SEVERE ] removing player 3 token from slot 2
[2022-12-11 16:56:20] [SEVERE ] player 2 placing token on slot 5
[2022-12-11 16:56:20] [SEVERE ] player 2 placing token on slot 8
[2022-12-11 16:56:20] [SEVERE ] player 3 placing token on slot 5
[2022-12-11 16:56:20] [SEVERE ] removing player 3 token from slot 10
[2022-12-11 16:56:20] [SEVERE ] removing player 2 token from slot 5
[2022-12-11 16:56:20] [SEVERE ] player 3 placing token on slot 3
[2022-12-11 16:56:20] [SEVERE ] player 2 placing token on slot 9
[2022-12-11 16:56:20] [SEVERE ] removing player 3 token from slot 5
[2022-12-11 16:56:20] [SEVERE ] removing player 2 token from slot 0
[2022-12-11 16:56:20] [SEVERE ] player 3 placing token on slot 2
[2022-12-11 16:56:20] [SEVERE ] player 2 placing token on slot 10
[2022-12-11 16:56:21] [SEVERE ] removing player 3 token from slot 11
[2022-12-11 16:56:21] [SEVERE ] removing player 2 token from slot 10
[2022-12-11 16:56:21] [SEVERE ] player 3 placing token on slot 9
[2022-12-11 16:56:21] [SEVERE ] player 2 placing token on slot 2
[2022-12-11 16:56:21] [SEVERE ] removing player 3 token from slot 2
[2022-12-11 16:56:21] [SEVERE ] removing player 2 token from slot 8
[2022-12-11 16:56:21] [SEVERE ] player 3 placing token on slot 0
[2022-12-11 16:56:21] [SEVERE ] player 2 placing token on slot 7
[2022-12-11 16:56:21] [SEVERE ] removing player 2 token from slot 9
[2022-12-11 16:56:21] [SEVERE ] removing player 3 token from slot 3
[2022-12-11 16:56:21] [SEVERE ] player 2 placing token on slot 0
[2022-12-11 16:56:21] [SEVERE ] player 3 placing token on slot 11
[2022-12-11 16:56:21] [SEVERE ] removing player 3 token from slot 9
[2022-12-11 16:56:21] [SEVERE ] removing player 2 token from slot 2
[2022-12-11 16:56:21] [SEVERE ] player 3 placing token on slot 3
[2022-12-11 16:56:21] [SEVERE ] player 2 placing token on slot 8
[2022-12-11 16:56:21] [SEVERE ] removing player 3 token from slot 3
[2022-12-11 16:56:21] [SEVERE ] removing player 2 token from slot 8
[2022-12-11 16:56:22] [SEVERE ] removing player 3 token from slot 0
[2022-12-11 16:56:22] [SEVERE ] player 2 placing token on slot 8
[2022-12-11 16:56:22] [SEVERE ] player 3 placing token on slot 0
[2022-12-11 16:56:22] [SEVERE ] removing player 2 token from slot 8
[2022-12-11 16:56:22] [SEVERE ] player 3 placing token on slot 6
[2022-12-11 16:56:22] [SEVERE ] player 2 placing token on slot 10
[2022-12-11 16:56:22] [SEVERE ] removing player 2 token from slot 0
[2022-12-11 16:56:22] [SEVERE ] removing player 3 token from slot 0
[2022-12-11 16:56:22] [SEVERE ] player 3 placing token on slot 1
[2022-12-11 16:56:22] [SEVERE ] player 2 placing token on slot 1
[2022-12-11 16:56:22] [SEVERE ] removing player 3 token from slot 1
[2022-12-11 16:56:22] [SEVERE ] removing player 2 token from slot 10
[2022-12-11 16:56:22] [SEVERE ] player 3 placing token on slot 7
[2022-12-11 16:56:22] [SEVERE ] player 2 placing token on slot 0
[2022-12-11 16:56:22] [SEVERE ] removing player 3 token from slot 6
[2022-12-11 16:56:22] [SEVERE ] removing player 2 token from slot 7
[2022-12-11 16:56:22] [SEVERE ] removing player 3 token from slot 11
[2022-12-11 16:56:22] [SEVERE ] removing player 2 token from slot 0
[2022-12-11 16:56:23] [SEVERE ] player 2 placing token on slot 7
[2022-12-11 16:56:23] [SEVERE ] player 3 placing token on slot 6
[2022-12-11 16:56:23] [SEVERE ] removing player 3 token from slot 7
[2022-12-11 16:56:23] [SEVERE ] player 2 placing token on slot 6
[2022-12-11 16:56:23] [SEVERE ] removing player 2 token from slot 7
[2022-12-11 16:56:23] [SEVERE ] player 3 placing token on slot 4
[2022-12-11 16:56:23] [SEVERE ] removing player 2 token from slot 1
[2022-12-11 16:56:23] [SEVERE ] removing player 3 token from slot 6
[2022-12-11 16:56:23] [SEVERE ] player 2 placing token on slot 5
[2022-12-11 16:56:23] [SEVERE ] removing player 3 token from slot 4
[2022-12-11 16:56:23] [SEVERE ] player 2 placing token on slot 8
[2022-12-11 16:56:23] [SEVERE ] player 3 placing token on slot 1
[2022-12-11 16:56:23] [SEVERE ] player 3 placing token on slot 4
[2022-12-11 16:56:23] [SEVERE ] removing player 2 token from slot 8
[2022-12-11 16:56:23] [SEVERE ] player 3 placing token on slot 2
[2022-12-11 16:56:23] [SEVERE ] player 2 placing token on slot 0
[2022-12-11 16:56:23] [SEVERE ] removing player 3 token from slot 2
[2022-12-11 16:56:23] [SEVERE ] removing player 2 token from slot 0
[2022-12-11 16:56:24] [SEVERE ] player 3 placing token on slot 0
[2022-12-11 16:56:24] [SEVERE ] player 2 placing token on slot 2
[2022-12-11 16:56:24] [SEVERE ] removing player 3 token from slot 1
[2022-12-11 16:56:24] [SEVERE ] removing player 2 token from slot 6
[2022-12-11 16:56:24] [SEVERE ] removing player 3 token from slot 0
[2022-12-11 16:56:24] [SEVERE ] player 2 placing token on slot 4
[2022-12-11 16:56:24] [SEVERE ] removing player 2 token from slot 4
[2022-12-11 16:56:24] [SEVERE ] player 3 placing token on slot 0
[2022-12-11 16:56:24] [SEVERE ] player 3 placing token on slot 3
[2022-12-11 16:56:24] [SEVERE ] player 2 placing token on slot 9
[2022-12-11 16:56:24] [SEVERE ] removing player 2 token from slot 9
[2022-12-11 16:56:24] [SEVERE ] removing player 3 token from slot 3
[2022-12-11 16:56:24] [SEVERE ] player 3 placing token on slot 1
[2022-12-11 16:56:24] [SEVERE ] player 2 placing token on slot 8
[2022-12-11 16:56:24] [SEVERE ] removing player 3 token from slot 0
[2022-12-11 16:56:24] [SEVERE ] removing player 2 token from slot 2
[2022-12-11 16:56:24] [SEVERE ] player 2 placing token on slot 4
[2022-12-11 16:56:24] [SEVERE ] player 3 placing token on slot 5
[2022-12-11 16:56:25] [SEVERE ] removing player 2 token from slot 5
[2022-12-11 16:56:25] [SEVERE ] removing player 3 token from slot 1
[2022-12-11 16:56:25] [SEVERE ] player 2 placing token on slot 10
[2022-12-11 16:56:25] [SEVERE ] player 3 placing token on slot 2
[2022-12-11 16:56:25] [SEVERE ] removing player 2 token from slot 4
[2022-12-11 16:56:25] [SEVERE ] removing player 3 token from slot 2
[2022-12-11 16:56:25] [SEVERE ] removing player 3 token from slot 4
[2022-12-11 16:56:25] [SEVERE ] player 2 placing token on slot 5
[2022-12-11 16:56:25] [SEVERE ] removing player 2 token from slot 10
[2022-12-11 16:56:25] [SEVERE ] player 3 placing token on slot 1
[2022-12-11 16:56:25] [SEVERE ] player 3 placing token on slot 8
[2022-12-11 16:56:25] [SEVERE ] player 2 placing token on slot 7
[2022-12-11 16:56:25] [SEVERE ] removing player 3 token from slot 8
[2022-12-11 16:56:25] [SEVERE ] removing player 2 token from slot 7
[2022-12-11 16:56:25] [SEVERE ] player 3 placing token on slot 10
[2022-12-11 16:56:25] [SEVERE ] removing player 2 token from slot 5
[2022-12-11 16:56:25] [SEVERE ] player 2 placing token on slot 10
[2022-12-11 16:56:25] [SEVERE ] removing player 3 token from slot 5
[2022-12-11 16:56:26] [SEVERE ] player 2 placing token on slot 6
[2022-12-11 16:56:26] [SEVERE ] player 3 placing token on slot 5
[2022-12-11 16:56:26] [SEVERE ] removing player 3 token from slot 10
[2022-12-11 16:56:26] [SEVERE ] removing player 2 token from slot 6
[2022-12-11 16:56:26] [SEVERE ] removing player 2 token from slot 10
[2022-12-11 16:56:26] [SEVERE ] removing player 3 token from slot 1
[2022-12-11 16:56:26] [SEVERE ] player 2 placing token on slot 4
[2022-12-11 16:56:26] [SEVERE ] player 3 placing token on slot 4
[2022-12-11 16:56:26] [SEVERE ] player 2 placing token on slot 3
[2022-12-11 16:56:26] [SEVERE ] player 3 placing token on slot 7
[2022-12-11 16:56:26] [SEVERE ] removing player 3 token from slot 4
[2022-12-11 16:56:26] [SEVERE ] removing player 2 token from slot 4
[2022-12-11 16:56:26] [SEVERE ] removing player 3 token from slot 5
[2022-12-11 16:56:26] [SEVERE ] removing player 2 token from slot 8
[2022-12-11 16:56:26] [SEVERE ] player 2 placing token on slot 1
[2022-12-11 16:56:26] [SEVERE ] removing player 3 token from slot 7
[2022-12-11 16:56:26] [SEVERE ] player 3 placing token on slot 5
[2022-12-11 16:56:26] [SEVERE ] player 2 placing token on slot 10
[2022-12-11 16:56:26] [SEVERE ] removing player 2 token from slot 3
[2022-12-11 16:56:26] [SEVERE ] removing player 3 token from slot 5
[2022-12-11 16:56:27] [SEVERE ] player 2 placing token on slot 5
[2022-12-11 16:56:27] [SEVERE ] player 3 placing token on slot 3
[2022-12-11 16:56:27] [SEVERE ] player 3 placing token on slot 6
[2022-12-11 16:56:27] [SEVERE ] removing player 2 token from slot 1
[2022-12-11 16:56:27] [SEVERE ] player 3 placing token on slot 7
[2022-12-11 16:56:27] [SEVERE ] player 2 placing token on slot 7
[2022-12-11 16:56:27] [SEVERE ] removing player 2 token from slot 7
[2022-12-11 16:56:27] [SEVERE ] removing player 3 token from slot 7
[2022-12-11 16:56:27] [SEVERE ] removing player 2 token from slot 5
[2022-12-11 16:56:27] [SEVERE ] player 3 placing token on slot 10
[2022-12-11 16:56:27] [SEVERE ] player 2 placing token on slot 1
[2022-12-11 16:56:27] [SEVERE ] removing player 3 token from slot 3
[2022-12-11 16:56:27] [SEVERE ] player 2 placing token on slot 0
[2022-12-11 16:56:27] [SEVERE ] player 3 placing token on slot 5
[2022-12-11 16:56:27] [SEVERE ] removing player 2 token from slot 1
[2022-12-11 16:56:27] [SEVERE ] removing player 3 token from slot 5
[2022-12-11 16:56:27] [SEVERE ] player 2 placing token on slot 8
[2022-12-11 16:56:27] [SEVERE ] removing player 3 token from slot 10
[2022-12-11 16:56:28] [SEVERE ] removing player 2 token from slot 10
[2022-12-11 16:56:28] [SEVERE ] player 3 placing token on slot 3
[2022-12-11 16:56:28] [SEVERE ] player 3 placing token on slot 10
[2022-12-11 16:56:28] [SEVERE ] player 2 placing token on slot 5
[2022-12-11 16:56:28] [SEVERE ] removing player 3 token from slot 10
[2022-12-11 16:56:28] [SEVERE ] removing player 2 token from slot 5
[2022-12-11 16:56:28] [SEVERE ] player 3 placing token on slot 5
[2022-12-11 16:56:28] [SEVERE ] player 2 placing token on slot 5
[2022-12-11 16:56:28] [SEVERE ] removing player 3 token from slot 5
[2022-12-11 16:56:28] [SEVERE ] removing player 2 token from slot 0
[2022-12-11 16:56:28] [SEVERE ] player 2 placing token on slot 10
[2022-12-11 16:56:28] [SEVERE ] player 3 placing token on slot 10
[2022-12-11 16:56:28] [SEVERE ] removing player 3 token from slot 6
[2022-12-11 16:56:28] [SEVERE ] removing player 2 token from slot 8
[2022-12-11 16:56:28] [SEVERE ] removing player 3 token from slot 3
[2022-12-11 16:56:28] [SEVERE ] removing player 2 token from slot 10
[2022-12-11 16:56:28] [SEVERE ] player 3 placing token on slot 11
[2022-12-11 16:56:28] [SEVERE ] player 2 placing token on slot 2
[2022-12-11 16:56:29] [SEVERE ] player 3 placing token on slot 0
[2022-12-11 16:56:29] [SEVERE ] removing player 2 token from slot 2
[2022-12-11 16:56:29] [SEVERE ] player 2 placing token on slot 11
[2022-12-11 16:56:29] [SEVERE ] removing player 3 token from slot 10
[2022-12-11 16:56:29] [SEVERE ] player 2 placing token on slot 2
[2022-12-11 16:56:29] [SEVERE ] removing player 3 token from slot 0
[2022-12-11 16:56:29] [SEVERE ] player 3 placing token on slot 7
[2022-12-11 16:56:29] [SEVERE ] removing player 2 token from slot 11
[2022-12-11 16:56:29] [SEVERE ] player 3 placing token on slot 9
[2022-12-11 16:56:29] [SEVERE ] removing player 2 token from slot 5
[2022-12-11 16:56:29] [SEVERE ] player 2 placing token on slot 0
[2022-12-11 16:56:29] [SEVERE ] removing player 3 token from slot 7
[2022-12-11 16:56:29] [SEVERE ] player 2 placing token on slot 8
[2022-12-11 16:56:29] [SEVERE ] removing player 3 token from slot 11
[2022-12-11 16:56:29] [SEVERE ] removing player 2 token from slot 0
[2022-12-11 16:56:29] [SEVERE ] player 3 placing token on slot 10
[2022-12-11 16:56:29] [SEVERE ] player 2 placing token on slot 0
[2022-12-11 16:56:29] [SEVERE ] removing player 3 token from slot 9
[2022-12-11 16:56:30] [SEVERE ] player 3 placing token on slot 4
[2022-12-11 16:56:30] [SEVERE ] removing player 2 token from slot 8
[2022-12-11 16:56:30] [SEVERE ] player 2 placing token on slot 4
[2022-12-11 16:56:30] [SEVERE ] player 3 placing token on slot 6
[2022-12-11 16:56:30] [SEVERE ] removing player 2 token from slot 0
[2022-12-11 16:56:30] [SEVERE ] removing player 3 token from slot 4
[2022-12-11 16:56:30] [SEVERE ] player 2 placing token on slot 11
[2022-12-11 16:56:30] [SEVERE ] player 3 placing token on slot 9
[2022-12-11 16:56:30] [SEVERE ] removing player 2 token from slot 2
[2022-12-11 16:56:30] [SEVERE ] removing player 3 token from slot 10
[2022-12-11 16:56:30] [SEVERE ] player 2 placing token on slot 6
[2022-12-11 16:56:30] [SEVERE ] removing player 3 token from slot 9
[2022-12-11 16:56:30] [SEVERE ] removing player 2 token from slot 11
[2022-12-11 16:56:30] [SEVERE ] removing player 3 token from slot 6
[2022-12-11 16:56:30] [SEVERE ] player 3 placing token on slot 5
[2022-12-11 16:56:30] [SEVERE ] player 2 placing token on slot 3
[2022-12-11 16:56:30] [SEVERE ] removing player 2 token from slot 4
[2022-12-11 16:56:30] [SEVERE ] player 3 placing token on slot 2
[2022-12-11 16:56:31] [SEVERE ] player 3 placing token on slot 10
[2022-12-11 16:56:31] [SEVERE ] player 2 placing token on slot 4
[2022-12-11 16:56:31] [SEVERE ] removing player 3 token from slot 10
[2022-12-11 16:56:31] [SEVERE ] removing player 2 token from slot 3
[2022-12-11 16:56:31] [SEVERE ] removing player 3 token from slot 2
[2022-12-11 16:56:31] [SEVERE ] player 2 placing token on slot 9
[2022-12-11 16:56:31] [SEVERE ] removing player 2 token from slot 4
[2022-12-11 16:56:31] [SEVERE ] player 3 placing token on slot 3
[2022-12-11 16:56:31] [SEVERE ] player 3 placing token on slot 6
[2022-12-11 16:56:31] [SEVERE ] player 2 placing token on slot 7
[2022-12-11 16:56:31] [SEVERE ] removing player 3 token from slot 5
[2022-12-11 16:56:31] [SEVERE ] removing player 2 token from slot 7
[2022-12-11 16:56:31] [SEVERE ] removing player 2 token from slot 6
[2022-12-11 16:56:31] [SEVERE ] player 3 placing token on slot 11
[2022-12-11 16:56:31] [SEVERE ] removing player 3 token from slot 11
[2022-12-11 16:56:31] [SEVERE ] removing player 2 token from slot 9
[2022-12-11 16:56:31] [SEVERE ] player 2 placing token on slot 9
[2022-12-11 16:56:31] [SEVERE ] player 3 placing token on slot 10
[2022-12-11 16:56:32] [SEVERE ] removing player 3 token from slot 10
[2022-12-11 16:56:32] [SEVERE ] player 2 placing token on slot 7
[2022-12-11 16:56:32] [SEVERE ] removing player 3 token from slot 3
[2022-12-11 16:56:32] [SEVERE ] player 2 placing token on slot 1
[2022-12-11 16:56:32] [SEVERE ] player 3 placing token on slot 7
[2022-12-11 16:56:32] [SEVERE ] removing player 2 token from slot 9
[2022-12-11 16:56:32] [SEVERE ] player 3 placing token on slot 11
[2022-12-11 16:56:32] [SEVERE ] player 2 placing token on slot 6
[2022-12-11 16:56:32] [SEVERE ] removing player 2 token from slot 7
[2022-12-11 16:56:32] [SEVERE ] removing player 3 token from slot 6
[2022-12-11 16:56:32] [SEVERE ] player 2 placing token on slot 9
[2022-12-11 16:56:32] [SEVERE ] player 3 placing token on slot 9
[2022-12-11 16:56:32] [SEVERE ] removing player 3 token from slot 7
[2022-12-11 16:56:32] [SEVERE ] removing player 2 token from slot 1
[2022-12-11 16:56:32] [SEVERE ] removing player 3 token from slot 9
[2022-12-11 16:56:32] [SEVERE ] player 2 placing token on slot 11
[2022-12-11 16:56:32] [SEVERE ] removing player 2 token from slot 6
[2022-12-11 16:56:32] [SEVERE ] player 3 placing token on slot 7
[2022-12-11 16:56:33] [SEVERE ] player 3 placing token on slot 4
[2022-12-11 16:56:33] [SEVERE ] player 2 placing token on slot 0
[2022-12-11 16:56:33] [SEVERE ] removing player 2 token from slot 9
[2022-12-11 16:56:33] [SEVERE ] removing player 3 token from slot 7
[2022-12-11 16:56:33] [SEVERE ] player 2 placing token on slot 5
[2022-12-11 16:56:33] [SEVERE ] player 3 placing token on slot 7
[2022-12-11 16:56:33] [SEVERE ] removing player 2 token from slot 0
[2022-12-11 16:56:33] [SEVERE ] removing player 3 token from slot 11
[2022-12-11 16:56:33] [SEVERE ] player 2 placing token on slot 7
[2022-12-11 16:56:33] [SEVERE ] player 3 placing token on slot 10
[2022-12-11 16:56:33] [SEVERE ] removing player 2 token from slot 11
[2022-12-11 16:56:33] [SEVERE ] removing player 3 token from slot 10
[2022-12-11 16:56:33] [SEVERE ] player 2 placing token on slot 11
[2022-12-11 16:56:33] [SEVERE ] removing player 3 token from slot 4
[2022-12-11 16:56:33] [SEVERE ] removing player 2 token from slot 5
[2022-12-11 16:56:33] [SEVERE ] removing player 3 token from slot 7
[2022-12-11 16:56:33] [SEVERE ] player 2 placing token on slot 0
[2022-12-11 16:56:33] [SEVERE ] player 3 placing token on slot 0
[2022-12-11 16:56:33] [SEVERE ] removing player 2 token from slot 11
[2022-12-11 16:56:34] [SEVERE ] player 3 placing token on slot 6
[2022-12-11 16:56:34] [SEVERE ] removing player 2 token from slot 7
[2022-12-11 16:56:34] [SEVERE ] player 3 placing token on slot 3
[2022-12-11 16:56:34] [SEVERE ] removing player 2 token from slot 0
[2022-12-11 16:56:34] [SEVERE ] removing player 3 token from slot 3
[2022-12-11 16:56:34] [SEVERE ] player 2 placing token on slot 8
[2022-12-11 16:56:34] [SEVERE ] player 3 placing token on slot 8
[2022-12-11 16:56:34] [SEVERE ] player 2 placing token on slot 7
[2022-12-11 16:56:34] [SEVERE ] removing player 3 token from slot 6
[2022-12-11 16:56:34] [SEVERE ] player 2 placing token on slot 6
[2022-12-11 16:56:34] [SEVERE ] removing player 3 token from slot 8
[2022-12-11 16:56:34] [SEVERE ] removing player 2 token from slot 7
[2022-12-11 16:56:34] [SEVERE ] player 3 placing token on slot 10
[2022-12-11 16:56:34] [SEVERE ] player 2 placing token on slot 7
[2022-12-11 16:56:34] [SEVERE ] player 3 placing token on slot 3
[2022-12-11 16:56:34] [SEVERE ] removing player 2 token from slot 6
[2022-12-11 16:56:34] [SEVERE ] removing player 3 token from slot 3
[2022-12-11 16:56:34] [SEVERE ] player 2 placing token on slot 2
[2022-12-11 16:56:34] [SEVERE ] player 3 placing token on slot 2
[2022-12-11 16:56:35] [SEVERE ] removing player 2 token from slot 2
[2022-12-11 16:56:35] [SEVERE ] removing player 3 token from slot 10
[2022-12-11 16:56:35] [SEVERE ] player 2 placing token on slot 9
[2022-12-11 16:56:35] [SEVERE ] player 3 placing token on slot 3
[2022-12-11 16:56:35] [SEVERE ] removing player 2 token from slot 7
[2022-12-11 16:56:35] [SEVERE ] removing player 3 token from slot 2
[2022-12-11 16:56:35] [SEVERE ] player 2 placing token on slot 11
[2022-12-11 16:56:35] [SEVERE ] player 3 placing token on slot 7
[2022-12-11 16:56:35] [SEVERE ] removing player 2 token from slot 8
[2022-12-11 16:56:35] [SEVERE ] removing player 3 token from slot 7
[2022-12-11 16:56:35] [SEVERE ] player 2 placing token on slot 8
[2022-12-11 16:56:35] [SEVERE ] player 3 placing token on slot 9
[2022-12-11 16:56:35] [SEVERE ] removing player 2 token from slot 8
[2022-12-11 16:56:35] [SEVERE ] removing player 3 token from slot 9
[2022-12-11 16:56:35] [SEVERE ] player 2 placing token on slot 2
[2022-12-11 16:56:35] [SEVERE ] player 3 placing token on slot 10
[2022-12-11 16:56:35] [SEVERE ] removing player 2 token from slot 11
[2022-12-11 16:56:35] [SEVERE ] removing player 3 token from slot 3
[2022-12-11 16:56:36] [SEVERE ] player 3 placing token on slot 3
[2022-12-11 16:56:36] [SEVERE ] player 2 placing token on slot 10
[2022-12-11 16:56:36] [SEVERE ] removing player 3 token from slot 3
[2022-12-11 16:56:36] [SEVERE ] removing player 2 token from slot 2
[2022-12-11 16:56:36] [SEVERE ] player 3 placing token on slot 4
[2022-12-11 16:56:36] [SEVERE ] player 2 placing token on slot 11
[2022-12-11 16:56:36] [SEVERE ] removing player 2 token from slot 10
[2022-12-11 16:56:36] [SEVERE ] removing player 3 token from slot 10
[2022-12-11 16:56:36] [SEVERE ] player 3 placing token on slot 5
[2022-12-11 16:56:36] [SEVERE ] player 2 placing token on slot 1
[2022-12-11 16:56:36] [SEVERE ] removing player 2 token from slot 11
[2022-12-11 16:56:36] [SEVERE ] removing player 3 token from slot 0
[2022-12-11 16:56:36] [SEVERE ] player 2 placing token on slot 0
[2022-12-11 16:56:36] [SEVERE ] player 3 placing token on slot 0
[2022-12-11 16:56:36] [SEVERE ] removing player 3 token from slot 4
[2022-12-11 16:56:36] [SEVERE ] removing player 2 token from slot 9
[2022-12-11 16:56:36] [SEVERE ] removing player 3 token from slot 0
[2022-12-11 16:56:36] [SEVERE ] player 2 placing token on slot 8
[2022-12-11 16:56:37] [SEVERE ] player 3 placing token on slot 2
[2022-12-11 16:56:37] [SEVERE ] removing player 2 token from slot 1
[2022-12-11 16:56:37] [SEVERE ] player 2 placing token on slot 6
[2022-12-11 16:56:37] [SEVERE ] player 3 placing token on slot 3
[2022-12-11 16:56:37] [SEVERE ] removing player 2 token from slot 0
[2022-12-11 16:56:37] [SEVERE ] removing player 3 token from slot 3
[2022-12-11 16:56:37] [SEVERE ] player 3 placing token on slot 10
[2022-12-11 16:56:37] [SEVERE ] player 2 placing token on slot 3
[2022-12-11 16:56:37] [SEVERE ] removing player 2 token from slot 6
[2022-12-11 16:56:37] [SEVERE ] removing player 3 token from slot 5
[2022-12-11 16:56:37] [SEVERE ] player 2 placing token on slot 7
[2022-12-11 16:56:37] [SEVERE ] player 3 placing token on slot 11
[2022-12-11 16:56:37] [SEVERE ] removing player 3 token from slot 2
[2022-12-11 16:56:37] [SEVERE ] removing player 2 token from slot 3
[2022-12-11 16:56:37] [SEVERE ] player 2 placing token on slot 11
[2022-12-11 16:56:37] [SEVERE ] player 3 placing token on slot 5
[2022-12-11 16:56:37] [SEVERE ] removing player 2 token from slot 11
[2022-12-11 16:56:37] [SEVERE ] removing player 3 token from slot 11
[2022-12-11 16:56:38] [SEVERE ] player 3 placing token on slot 8
[2022-12-11 16:56:38] [SEVERE ] removing player 2 token from slot 7
[2022-12-11 16:56:38] [SEVERE ] player 2 placing token on slot 6
[2022-12-11 16:56:38] [SEVERE ] removing player 3 token from slot 5
[2022-12-11 16:56:38] [SEVERE ] player 2 placing token on slot 4
[2022-12-11 16:56:38] [SEVERE ] removing player 3 token from slot 8
[2022-12-11 16:56:38] [SEVERE ] removing player 2 token from slot 6
[2022-12-11 16:56:38] [SEVERE ] player 3 placing token on slot 0
[2022-12-11 16:56:38] [SEVERE ] player 2 placing token on slot 7
[2022-12-11 16:56:38] [SEVERE ] player 3 placing token on slot 6
[2022-12-11 16:56:38] [SEVERE ] removing player 3 token from slot 6
[2022-12-11 16:56:38] [SEVERE ] removing player 2 token from slot 8
[2022-12-11 16:56:38] [SEVERE ] player 2 placing token on slot 1
[2022-12-11 16:56:38] [SEVERE ] removing player 3 token from slot 10
[2022-12-11 16:56:38] [SEVERE ] removing player 2 token from slot 7
[2022-12-11 16:56:38] [SEVERE ] player 3 placing token on slot 1
[2022-12-11 16:56:38] [SEVERE ] player 3 placing token on slot 2
[2022-12-11 16:56:38] [SEVERE ] player 2 placing token on slot 5
[2022-12-11 16:56:39] [SEVERE ] removing player 2 token from slot 4
[2022-12-11 16:56:39] [SEVERE ] removing player 3 token from slot 1
[2022-12-11 16:56:39] [SEVERE ] removing player 3 token from slot 2
[2022-12-11 16:56:39] [SEVERE ] player 2 placing token on slot 9
[2022-12-11 16:56:39] [SEVERE ] removing player 2 token from slot 1
[2022-12-11 16:56:39] [SEVERE ] player 3 placing token on slot 7
[2022-12-11 16:56:39] [SEVERE ] player 2 placing token on slot 6
[2022-12-11 16:56:39] [SEVERE ] player 3 placing token on slot 10
[2022-12-11 16:56:39] [SEVERE ] removing player 3 token from slot 0
[2022-12-11 16:56:39] [SEVERE ] removing player 2 token from slot 6
[2022-12-11 16:56:39] [SEVERE ] player 3 placing token on slot 11
[2022-12-11 16:56:39] [SEVERE ] player 2 placing token on slot 2
[2022-12-11 16:56:39] [SEVERE ] removing player 2 token from slot 5
[2022-12-11 16:56:39] [SEVERE ] removing player 3 token from slot 11
[2022-12-11 16:56:39] [SEVERE ] player 2 placing token on slot 5
[2022-12-11 16:56:39] [SEVERE ] player 3 placing token on slot 9
[2022-12-11 16:56:39] [SEVERE ] removing player 3 token from slot 10
[2022-12-11 16:56:39] [SEVERE ] removing player 2 token from slot 5
[2022-12-11 16:56:40] [SEVERE ] player 3 placing token on slot 2
[2022-12-11 16:56:40] [SEVERE ] player 2 placing token on slot 3
[2022-12-11 16:56:40] [SEVERE ] removing player 3 token from slot 7
[2022-12-11 16:56:40] [SEVERE ] removing player 2 token from slot 3
[2022-12-11 16:56:40] [SEVERE ] removing player 2 token from slot 9
[2022-12-11 16:56:40] [SEVERE ] player 3 placing token on slot 4
[2022-12-11 16:56:40] [SEVERE ] player 2 placing token on slot 1
[2022-12-11 16:56:40] [SEVERE ] removing player 3 token from slot 9
[2022-12-11 16:56:40] [SEVERE ] player 2 placing token on slot 3
[2022-12-11 16:56:40] [SEVERE ] player 3 placing token on slot 0
[2022-12-11 16:56:40] [SEVERE ] removing player 3 token from slot 0
[2022-12-11 16:56:40] [SEVERE ] removing player 2 token from slot 1
[2022-12-11 16:56:40] [SEVERE ] player 2 placing token on slot 8
[2022-12-11 16:56:40] [SEVERE ] player 3 placing token on slot 1
[2022-12-11 16:56:40] [SEVERE ] removing player 2 token from slot 2
[2022-12-11 16:56:40] [SEVERE ] removing player 3 token from slot 4
[2022-12-11 16:56:40] [SEVERE ] player 3 placing token on slot 9
[2022-12-11 16:56:40] [SEVERE ] player 2 placing token on slot 1
[2022-12-11 16:56:40] [SEVERE ] removing player 3 token from slot 9
[2022-12-11 16:56:40] [SEVERE ] removing player 2 token from slot 8
[2022-12-11 16:56:41] [SEVERE ] player 3 placing token on slot 0
[2022-12-11 16:56:41] [SEVERE ] player 2 placing token on slot 2
[2022-12-11 16:56:41] [SEVERE ] removing player 2 token from slot 2
[2022-12-11 16:56:41] [SEVERE ] removing player 3 token from slot 0
[2022-12-11 16:56:41] [SEVERE ] player 3 placing token on slot 4
[2022-12-11 16:56:41] [SEVERE ] player 2 placing token on slot 8
[2022-12-11 16:56:41] [SEVERE ] removing player 2 token from slot 1
[2022-12-11 16:56:41] [SEVERE ] removing player 3 token from slot 2
[2022-12-11 16:56:41] [SEVERE ] player 3 placing token on slot 0
[2022-12-11 16:56:41] [SEVERE ] removing player 2 token from slot 3
[2022-12-11 16:56:41] [SEVERE ] removing player 3 token from slot 4
[2022-12-11 16:56:41] [SEVERE ] player 2 placing token on slot 4
[2022-12-11 16:56:41] [SEVERE ] player 2 placing token on slot 1
[2022-12-11 16:56:41] [SEVERE ] player 3 placing token on slot 7
[2022-12-11 16:56:41] [SEVERE ] removing player 2 token from slot 8
[2022-12-11 16:56:41] [SEVERE ] removing player 3 token from slot 0
[2022-12-11 16:56:41] [SEVERE ] player 3 placing token on slot 10
[2022-12-11 16:56:41] [SEVERE ] player 2 placing token on slot 9
[2022-12-11 16:56:42] [SEVERE ] removing player 2 token from slot 9
[2022-12-11 16:56:42] [SEVERE ] removing player 3 token from slot 10
[2022-12-11 16:56:42] [SEVERE ] player 2 placing token on slot 8
[2022-12-11 16:56:42] [SEVERE ] player 3 placing token on slot 10
[2022-12-11 16:56:42] [SEVERE ] removing player 3 token from slot 1
[2022-12-11 16:56:42] [SEVERE ] removing player 2 token from slot 8
[2022-12-11 16:56:42] [SEVERE ] player 3 placing token on slot 0
[2022-12-11 16:56:42] [SEVERE ] removing player 2 token from slot 1
[2022-12-11 16:56:42] [SEVERE ] removing player 3 token from slot 10
[2022-12-11 16:56:42] [SEVERE ] player 2 placing token on slot 1
[2022-12-11 16:56:42] [SEVERE ] player 3 placing token on slot 2
[2022-12-11 16:56:42] [SEVERE ] player 2 placing token on slot 8
[2022-12-11 16:56:42] [SEVERE ] removing player 3 token from slot 7
[2022-12-11 16:56:42] [SEVERE ] removing player 2 token from slot 4
[2022-12-11 16:56:42] [SEVERE ] player 3 placing token on slot 4
[2022-12-11 16:56:42] [SEVERE ] player 2 placing token on slot 2
[2022-12-11 16:56:42] [SEVERE ] removing player 3 token from slot 2
[2022-12-11 16:56:42] [SEVERE ] removing player 2 token from slot 1
[2022-12-11 16:56:43] [SEVERE ] player 3 placing token on slot 8
[2022-12-11 16:56:43] [SEVERE ] removing player 2 token from slot 2
[2022-12-11 16:56:43] [SEVERE ] removing player 3 token from slot 4
[2022-12-11 16:56:43] [SEVERE ] player 2 placing token on slot 9
[2022-12-11 16:56:43] [SEVERE ] player 3 placing token on slot 7
[2022-12-11 16:56:43] [SEVERE ] player 2 placing token on slot 3
[2022-12-11 16:56:43] [SEVERE ] removing player 3 token from slot 0
[2022-12-11 16:56:43] [SEVERE ] removing player 2 token from slot 3
[2022-12-11 16:56:43] [SEVERE ] player 3 placing token on slot 3
[2022-12-11 16:56:43] [SEVERE ] player 2 placing token on slot 0
[2022-12-11 16:56:43] [SEVERE ] removing player 3 token from slot 7
[2022-12-11 16:56:43] [SEVERE ] removing player 2 token from slot 9
[2022-12-11 16:56:43] [SEVERE ] player 3 placing token on slot 10
[2022-12-11 16:56:43] [SEVERE ] player 2 placing token on slot 4
[2022-12-11 16:56:43] [SEVERE ] removing player 3 token from slot 8
[2022-12-11 16:56:43] [SEVERE ] removing player 2 token from slot 4
[2022-12-11 16:56:43] [SEVERE ] player 3 placing token on slot 8
[2022-12-11 16:56:43] [SEVERE ] player 2 placing token on slot 10
[2022-12-11 16:56:44] [SEVERE ] removing player 3 token from slot 10
[2022-12-11 16:56:44] [SEVERE ] removing player 2 token from slot 10
[2022-12-11 16:56:44] [SEVERE ] removing player 3 token from slot 8
[2022-12-11 16:56:44] [SEVERE ] removing player 2 token from slot 0
[2022-12-11 16:56:44] [SEVERE ] player 3 placing token on slot 4
[2022-12-11 16:56:44] [SEVERE ] removing player 2 token from slot 8
[2022-12-11 16:56:44] [SEVERE ] player 3 placing token on slot 11
[2022-12-11 16:56:44] [SEVERE ] player 2 placing token on slot 3
[2022-12-11 16:56:44] [SEVERE ] removing player 3 token from slot 4
[2022-12-11 16:56:44] [SEVERE ] removing player 2 token from slot 3
[2022-12-11 16:56:44] [SEVERE ] player 2 placing token on slot 10
[2022-12-11 16:56:44] [SEVERE ] removing player 3 token from slot 11
[2022-12-11 16:56:44] [SEVERE ] player 3 placing token on slot 1
[2022-12-11 16:56:44] [SEVERE ] player 2 placing token on slot 11
[2022-12-11 16:56:44] [SEVERE ] player 2 placing token on slot 2
[2022-12-11 16:56:44] [SEVERE ] player 3 placing token on slot 2
[2022-12-11 16:56:44] [SEVERE ] removing player 2 token from slot 10
[2022-12-11 16:56:44] [SEVERE ] removing player 3 token from slot 2
[2022-12-11 16:56:45] [SEVERE ] player 2 placing token on slot 4
[2022-12-11 16:56:45] [SEVERE ] player 3 placing token on slot 4
[2022-12-11 16:56:45] [SEVERE ] removing player 3 token from slot 4
[2022-12-11 16:56:45] [SEVERE ] removing player 2 token from slot 2
[2022-12-11 16:56:45] [SEVERE ] player 3 placing token on slot 9
[2022-12-11 16:56:45] [SEVERE ] player 2 placing token on slot 10
[2022-12-11 16:56:45] [SEVERE ] removing player 3 token from slot 9
[2022-12-11 16:56:45] [SEVERE ] removing player 2 token from slot 10
[2022-12-11 16:56:45] [SEVERE ] player 3 placing token on slot 11
[2022-12-11 16:56:45] [SEVERE ] player 2 placing token on slot 8
[2022-12-11 16:56:45] [SEVERE ] removing player 3 token from slot 11
[2022-12-11 16:56:45] [SEVERE ] removing player 2 token from slot 8
[2022-12-11 16:56:45] [SEVERE ] player 3 placing token on slot 6
[2022-12-11 16:56:45] [SEVERE ] player 2 placing token on slot 3
[2022-12-11 16:56:45] [SEVERE ] removing player 3 token from slot 3
[2022-12-11 16:56:45] [SEVERE ] removing player 2 token from slot 3
[2022-12-11 16:56:45] [SEVERE ] player 2 placing token on slot 3
[2022-12-11 16:56:45] [SEVERE ] player 3 placing token on slot 7
[2022-12-11 16:56:46] [SEVERE ] removing player 3 token from slot 6
[2022-12-11 16:56:46] [SEVERE ] removing player 2 token from slot 3
[2022-12-11 16:56:46] [SEVERE ] player 3 placing token on slot 3
[2022-12-11 16:56:46] [SEVERE ] player 2 placing token on slot 10
[2022-12-11 16:56:46] [SEVERE ] removing player 2 token from slot 4
[2022-12-11 16:56:46] [SEVERE ] removing player 3 token from slot 7
[2022-12-11 16:56:46] [SEVERE ] player 3 placing token on slot 5
[2022-12-11 16:56:46] [SEVERE ] player 2 placing token on slot 7
[2022-12-11 16:56:46] [SEVERE ] removing player 3 token from slot 1
[2022-12-11 16:56:46] [SEVERE ] removing player 2 token from slot 7
[2022-12-11 16:56:46] [SEVERE ] player 3 placing token on slot 0
[2022-12-11 16:56:46] [SEVERE ] player 2 placing token on slot 5
[2022-12-11 16:56:46] [SEVERE ] removing player 2 token from slot 10
[2022-12-11 16:56:46] [SEVERE ] removing player 3 token from slot 5
[2022-12-11 16:56:46] [SEVERE ] player 2 placing token on slot 7
[2022-12-11 16:56:46] [SEVERE ] player 3 placing token on slot 8
[2022-12-11 16:56:46] [SEVERE ] removing player 2 token from slot 11
[2022-12-11 16:56:46] [SEVERE ] removing player 3 token from slot 3
[2022-12-11 16:56:46] [SEVERE ] removing player 2 token from slot 5
[2022-12-11 16:56:46] [SEVERE ] player 3 placing token on slot 5
[2022-12-11 16:56:47] [SEVERE ] player 2 placing token on slot 3
[2022-12-11 16:56:47] [SEVERE ] removing player 3 token from slot 5
[2022-12-11 16:56:47] [SEVERE ] removing player 3 token from slot 8
[2022-12-11 16:56:47] [SEVERE ] player 2 placing token on slot 0
[2022-12-11 16:56:47] [SEVERE ] removing player 2 token from slot 0
[2022-12-11 16:56:47] [SEVERE ] player 3 placing token on slot 4
[2022-12-11 16:56:47] [SEVERE ] player 3 placing token on slot 7
[2022-12-11 16:56:47] [SEVERE ] player 2 placing token on slot 0
[2022-12-11 16:56:47] [SEVERE ] removing player 2 token from slot 7
[2022-12-11 16:56:47] [SEVERE ] removing player 3 token from slot 0
[2022-12-11 16:56:47] [SEVERE ] player 3 placing token on slot 1
[2022-12-11 16:56:47] [SEVERE ] player 2 placing token on slot 1
[2022-12-11 16:56:47] [SEVERE ] removing player 3 token from slot 1
[2022-12-11 16:56:47] [SEVERE ] removing player 2 token from slot 1
[2022-12-11 16:56:47] [SEVERE ] removing player 3 token from slot 4
[2022-12-11 16:56:47] [SEVERE ] removing player 2 token from slot 0
[2022-12-11 16:56:47] [SEVERE ] player 2 placing token on slot 5
[2022-12-11 16:56:47] [SEVERE ] player 3 placing token on slot 6
[2022-12-11 16:56:48] [SEVERE ] removing player 2 token from slot 5
[2022-12-11 16:56:48] [SEVERE ] player 3 placing token on slot 4
[2022-12-11 16:56:48] [SEVERE ] player 2 placing token on slot 2
[2022-12-11 16:56:48] [SEVERE ] removing player 3 token from slot 7
[2022-12-11 16:56:48] [SEVERE ] player 2 placing token on slot 0
[2022-12-11 16:56:48] [SEVERE ] player 3 placing token on slot 10
[2022-12-11 16:56:48] [SEVERE ] removing player 2 token from slot 2
[2022-12-11 16:56:48] [SEVERE ] removing player 3 token from slot 4
[2022-12-11 16:56:48] [SEVERE ] player 2 placing token on slot 1
[2022-12-11 16:56:48] [SEVERE ] player 3 placing token on slot 4
[2022-12-11 16:56:48] [SEVERE ] removing player 2 token from slot 1
[2022-12-11 16:56:48] [SEVERE ] removing player 3 token from slot 4
[2022-12-11 16:56:48] [SEVERE ] player 2 placing token on slot 7
[2022-12-11 16:56:48] [SEVERE ] removing player 3 token from slot 10
[2022-12-11 16:56:48] [SEVERE ] removing player 2 token from slot 7
[2022-12-11 16:56:48] [SEVERE ] player 3 placing token on slot 2
[2022-12-11 16:56:48] [SEVERE ] player 2 placing token on slot 8
[2022-12-11 16:56:48] [SEVERE ] player 3 placing token on slot 0
[2022-12-11 16:56:49] [SEVERE ] removing player 2 token from slot 3
[2022-12-11 16:56:49] [SEVERE ] removing player 3 token from slot 0
[2022-12-11 16:56:49] [SEVERE ] player 2 placing token on slot 6
[2022-12-11 16:56:49] [SEVERE ] player 3 placing token on slot 9
[2022-12-11 16:56:49] [SEVERE ] removing player 2 token from slot 0
[2022-12-11 16:56:49] [SEVERE ] removing player 3 token from slot 9
[2022-12-11 16:56:49] [SEVERE ] player 2 placing token on slot 11
[2022-12-11 16:56:49] [SEVERE ] player 3 placing token on slot 5
[2022-12-11 16:56:49] [SEVERE ] removing player 2 token from slot 11
[2022-12-11 16:56:49] [SEVERE ] removing player 3 token from slot 5
[2022-12-11 16:56:49] [SEVERE ] removing player 2 token from slot 6
[2022-12-11 16:56:49] [SEVERE ] removing player 3 token from slot 2
[2022-12-11 16:56:49] [SEVERE ] player 2 placing token on slot 1
[2022-12-11 16:56:49] [SEVERE ] player 3 placing token on slot 10
[2022-12-11 16:56:49] [SEVERE ] player 2 placing token on slot 6
[2022-12-11 16:56:49] [SEVERE ] player 3 placing token on slot 1
[2022-12-11 16:56:49] [SEVERE ] removing player 2 token from slot 8
[2022-12-11 16:56:49] [SEVERE ] removing player 3 token from slot 1
[2022-12-11 16:56:50] [SEVERE ] player 2 placing token on slot 2
[2022-12-11 16:56:50] [SEVERE ] player 3 placing token on slot 4
[2022-12-11 16:56:50] [SEVERE ] removing player 2 token from slot 1
[2022-12-11 16:56:50] [SEVERE ] removing player 3 token from slot 4
[2022-12-11 16:56:50] [SEVERE ] player 2 placing token on slot 9
[2022-12-11 16:56:50] [SEVERE ] player 3 placing token on slot 0
[2022-12-11 16:56:50] [SEVERE ] removing player 2 token from slot 2
[2022-12-11 16:56:50] [SEVERE ] removing player 3 token from slot 6
[2022-12-11 16:56:50] [SEVERE ] player 2 placing token on slot 0
[2022-12-11 16:56:50] [SEVERE ] player 3 placing token on slot 2
[2022-12-11 16:56:50] [SEVERE ] removing player 2 token from slot 9
[2022-12-11 16:56:50] [SEVERE ] removing player 3 token from slot 0
[2022-12-11 16:56:50] [SEVERE ] player 2 placing token on slot 9
[2022-12-11 16:56:50] [SEVERE ] player 3 placing token on slot 3
[2022-12-11 16:56:50] [SEVERE ] removing player 2 token from slot 6
[2022-12-11 16:56:50] [SEVERE ] removing player 3 token from slot 3
[2022-12-11 16:56:50] [SEVERE ] player 2 placing token on slot 10
[2022-12-11 16:56:50] [SEVERE ] player 3 placing token on slot 6
[2022-12-11 16:56:51] [SEVERE ] removing player 2 token from slot 9
[2022-12-11 16:56:51] [SEVERE ] removing player 3 token from slot 6
[2022-12-11 16:56:51] [SEVERE ] player 2 placing token on slot 5
[2022-12-11 16:56:51] [SEVERE ] player 3 placing token on slot 0
[2022-12-11 16:56:51] [SEVERE ] removing player 2 token from slot 0
[2022-12-11 16:56:51] [SEVERE ] removing player 3 token from slot 10
[2022-12-11 16:56:51] [SEVERE ] player 2 placing token on slot 4
[2022-12-11 16:56:51] [SEVERE ] player 3 placing token on slot 3
[2022-12-11 16:56:51] [SEVERE ] removing player 2 token from slot 5
[2022-12-11 16:56:51] [SEVERE ] removing player 3 token from slot 2
[2022-12-11 16:56:51] [SEVERE ] player 2 placing token on slot 3
[2022-12-11 16:56:51] [SEVERE ] removing player 3 token from slot 3
[2022-12-11 16:56:51] [SEVERE ] removing player 2 token from slot 10
[2022-12-11 16:56:51] [SEVERE ] removing player 3 token from slot 0
[2022-12-11 16:56:51] [SEVERE ] player 2 placing token on slot 8
[2022-12-11 16:56:51] [SEVERE ] player 3 placing token on slot 1
[2022-12-11 16:56:51] [SEVERE ] removing player 2 token from slot 4
[2022-12-11 16:56:51] [SEVERE ] player 3 placing token on slot 3
[2022-12-11 16:56:52] [SEVERE ] player 2 placing token on slot 11
[2022-12-11 16:56:52] [SEVERE ] player 3 placing token on slot 0
[2022-12-11 16:56:52] [SEVERE ] removing player 2 token from slot 8
[2022-12-11 16:56:52] [SEVERE ] removing player 3 token from slot 0
[2022-12-11 16:56:52] [SEVERE ] player 2 placing token on slot 0
[2022-12-11 16:56:52] [SEVERE ] player 3 placing token on slot 11
[2022-12-11 16:56:52] [SEVERE ] removing player 2 token from slot 11
[2022-12-11 16:56:52] [SEVERE ] removing player 3 token from slot 11
[2022-12-11 16:56:52] [SEVERE ] player 2 placing token on slot 11
[2022-12-11 16:56:52] [SEVERE ] player 3 placing token on slot 10
[2022-12-11 16:56:52] [SEVERE ] removing player 2 token from slot 11
[2022-12-11 16:56:52] [SEVERE ] removing player 3 token from slot 10
[2022-12-11 16:56:52] [SEVERE ] player 2 placing token on slot 5
[2022-12-11 16:56:52] [SEVERE ] player 3 placing token on slot 8
[2022-12-11 16:56:52] [SEVERE ] removing player 2 token from slot 3
[2022-12-11 16:56:52] [SEVERE ] removing player 3 token from slot 8
[2022-12-11 16:56:52] [SEVERE ] player 2 placing token on slot 7
[2022-12-11 16:56:52] [SEVERE ] player 3 placing token on slot 7
[2022-12-11 16:56:53] [SEVERE ] removing player 2 token from slot 7
[2022-12-11 16:56:53] [SEVERE ] removing player 3 token from slot 7
[2022-12-11 16:56:53] [SEVERE ] removing player 2 token from slot 5
[2022-12-11 16:56:53] [SEVERE ] player 3 placing token on slot 2
[2022-12-11 16:56:53] [SEVERE ] player 2 placing token on slot 10
[2022-12-11 16:56:53] [SEVERE ] removing player 3 token from slot 3
[2022-12-11 16:56:53] [SEVERE ] player 2 placing token on slot 6
[2022-12-11 16:56:53] [SEVERE ] player 3 placing token on slot 11
[2022-12-11 16:56:53] [SEVERE ] removing player 2 token from slot 0
[2022-12-11 16:56:53] [SEVERE ] removing player 3 token from slot 11
[2022-12-11 16:56:53] [SEVERE ] player 2 placing token on slot 0
[2022-12-11 16:56:53] [SEVERE ] player 3 placing token on slot 6
[2022-12-11 16:56:53] [SEVERE ] removing player 2 token from slot 6
[2022-12-11 16:56:53] [SEVERE ] removing player 3 token from slot 6
[2022-12-11 16:56:53] [SEVERE ] player 3 placing token on slot 10
[2022-12-11 16:56:53] [SEVERE ] player 2 placing token on slot 4
[2022-12-11 16:56:53] [SEVERE ] removing player 2 token from slot 0
[2022-12-11 16:56:53] [SEVERE ] removing player 3 token from slot 2
[2022-12-11 16:56:54] [SEVERE ] player 3 placing token on slot 7
[2022-12-11 16:56:54] [SEVERE ] player 2 placing token on slot 9
[2022-12-11 16:56:54] [SEVERE ] removing player 3 token from slot 7
[2022-12-11 16:56:54] [SEVERE ] removing player 2 token from slot 4
[2022-12-11 16:56:54] [SEVERE ] removing player 3 token from slot 10
[2022-12-11 16:56:54] [SEVERE ] player 2 placing token on slot 3
[2022-12-11 16:56:54] [SEVERE ] player 3 placing token on slot 7
[2022-12-11 16:56:54] [SEVERE ] removing player 2 token from slot 10
[2022-12-11 16:56:54] [SEVERE ] player 3 placing token on slot 9
[2022-12-11 16:56:54] [SEVERE ] player 2 placing token on slot 0
[2022-12-11 16:56:54] [SEVERE ] removing player 3 token from slot 1
[2022-12-11 16:56:54] [SEVERE ] removing player 2 token from slot 9
[2022-12-11 16:56:54] [SEVERE ] player 3 placing token on slot 11
[2022-12-11 16:56:54] [SEVERE ] player 2 placing token on slot 4
[2022-12-11 16:56:54] [SEVERE ] removing player 3 token from slot 9
[2022-12-11 16:56:54] [SEVERE ] removing player 2 token from slot 4
[2022-12-11 16:56:54] [SEVERE ] player 3 placing token on slot 0
[2022-12-11 16:56:54] [SEVERE ] player 2 placing token on slot 2
[2022-12-11 16:56:54] [SEVERE ] removing player 3 token from slot 7
[2022-12-11 16:56:54] [SEVERE ] removing player 2 token from slot 3
[2022-12-11 16:56:55] [SEVERE ] player 3 placing token on slot 7
[2022-12-11 16:56:55] [SEVERE ] player 2 placing token on slot 5
[2022-12-11 16:56:55] [SEVERE ] removing player 3 token from slot 11
[2022-12-11 16:56:55] [SEVERE ] removing player 2 token from slot 2
[2022-12-11 16:56:55] [SEVERE ] player 3 placing token on slot 6
[2022-12-11 16:56:55] [SEVERE ] player 2 placing token on slot 11
[2022-12-11 16:56:55] [SEVERE ] removing player 3 token from slot 7
[2022-12-11 16:56:55] [SEVERE ] removing player 2 token from slot 0
[2022-12-11 16:56:55] [SEVERE ] player 3 placing token on slot 7
[2022-12-11 16:56:55] [SEVERE ] player 2 placing token on slot 1
[2022-12-11 16:56:55] [SEVERE ] removing player 3 token from slot 6
[2022-12-11 16:56:55] [SEVERE ] removing player 2 token from slot 5
[2022-12-11 16:56:55] [SEVERE ] removing player 3 token from slot 7
[2022-12-11 16:56:55] [SEVERE ] player 2 placing token on slot 2
[2022-12-11 16:56:55] [SEVERE ] player 3 placing token on slot 6
[2022-12-11 16:56:55] [SEVERE ] removing player 2 token from slot 1
[2022-12-11 16:56:55] [SEVERE ] player 3 placing token on slot 4
[2022-12-11 16:56:55] [SEVERE ] player 2 placing token on slot 7
[2022-12-11 16:56:56] [SEVERE ] removing player 3 token from slot 6
[2022-12-11 16:56:56] [SEVERE ] removing player 2 token from slot 7
[2022-12-11 16:56:56] [SEVERE ] player 3 placing token on slot 2
[2022-12-11 16:56:56] [SEVERE ] player 2 placing token on slot 10
[2022-12-11 16:56:56] [SEVERE ] removing player 3 token from slot 4
[2022-12-11 16:56:56] [SEVERE ] removing player 2 token from slot 2
[2022-12-11 16:56:56] [SEVERE ] player 3 placing token on slot 6
[2022-12-11 16:56:56] [SEVERE ] player 2 placing token on slot 2
[2022-12-11 16:56:56] [SEVERE ] removing player 3 token from slot 2
[2022-12-11 16:56:56] [SEVERE ] removing player 2 token from slot 10
[2022-12-11 16:56:56] [SEVERE ] player 3 placing token on slot 1
[2022-12-11 16:56:56] [SEVERE ] player 2 placing token on slot 4
[2022-12-11 16:56:56] [SEVERE ] removing player 3 token from slot 1
[2022-12-11 16:56:56] [SEVERE ] removing player 2 token from slot 4
[2022-12-11 16:56:56] [SEVERE ] player 3 placing token on slot 3
[2022-12-11 16:56:56] [SEVERE ] player 2 placing token on slot 4
[2022-12-11 16:56:56] [SEVERE ] Exit button pressed
[2022-12-11 16:56:56] [SEVERE ] removing player 2 token from slot 11
[2022-12-11 16:56:56] [SEVERE ] removing player 3 token from slot 0
[2022-12-11 16:56:57] [SEVERE ] removing card from slot 0
[2022-12-11 16:56:57] [SEVERE ] removing card from slot 1
[2022-12-11 16:56:57] [SEVERE ] removing card from slot 2
[2022-12-11 16:56:57] [SEVERE ] removing card from slot 3
[2022-12-11 16:56:57] [SEVERE ] removing card from slot 4
[2022-12-11 16:56:57] [SEVERE ] removing card from slot 5
[2022-12-11 16:56:57] [SEVERE ] removing card from slot 6
[2022-12-11 16:56:57] [SEVERE ] removing card from slot 7
[2022-12-11 16:56:57] [SEVERE ] removing card from slot 8
[2022-12-11 16:56:58] [SEVERE ] removing card from slot 9
[2022-12-11 16:56:58] [SEVERE ] removing card from slot 10
[2022-12-11 16:56:58] [SEVERE ] removing card from slot 11
[2022-12-11 16:56:58] [SEVERE ] removing player 0 token from slot 0
[2022-12-11 16:56:58] [SEVERE ] removing player 0 token from slot 1
[2022-12-11 16:56:58] [SEVERE ] removing player 0 token from slot 2
[2022-12-11 16:56:58] [SEVERE ] removing player 0 token from slot 3
[2022-12-11 16:56:58] [SEVERE ] removing player 0 token from slot 4
[2022-12-11 16:56:58] [SEVERE ] removing player 0 token from slot 5
[2022-12-11 16:56:59] [SEVERE ] removing player 0 token from slot 6
[2022-12-11 16:56:59] [SEVERE ] removing player 0 token from slot 7
[2022-12-11 16:56:59] [SEVERE ] removing player 0 token from slot 8
[2022-12-11 16:56:59] [SEVERE ] removing player 0 token from slot 9
[2022-12-11 16:56:59] [SEVERE ] removing player 0 token from slot 10
[2022-12-11 16:56:59] [SEVERE ] removing player 0 token from slot 11
[2022-12-11 16:56:59] [SEVERE ] removing player 1 token from slot 0
[2022-12-11 16:56:59] [SEVERE ] removing player 1 token from slot 1
[2022-12-11 16:56:59] [SEVERE ] removing player 1 token from slot 2
[2022-12-11 16:57:00] [SEVERE ] removing player 1 token from slot 3
[2022-12-11 16:57:00] [SEVERE ] removing player 1 token from slot 4
[2022-12-11 16:57:00] [SEVERE ] removing player 1 token from slot 5
[2022-12-11 16:57:00] [SEVERE ] removing player 1 token from slot 6
[2022-12-11 16:57:00] [SEVERE ] removing player 1 token from slot 7
[2022-12-11 16:57:00] [SEVERE ] removing player 1 token from slot 8
[2022-12-11 16:57:00] [SEVERE ] removing player 1 token from slot 9
[2022-12-11 16:57:00] [SEVERE ] removing player 1 token from slot 10
[2022-12-11 16:57:00] [SEVERE ] removing player 1 token from slot 11
[2022-12-11 16:57:00] [SEVERE ] removing player 2 token from slot 0
[2022-12-11 16:57:01] [SEVERE ] removing player 2 token from slot 1
[2022-12-11 16:57:01] [SEVERE ] removing player 2 token from slot 2
[2022-12-11 16:57:01] [SEVERE ] removing player 2 token from slot 3
[2022-12-11 16:57:01] [SEVERE ] removing player 2 token from slot 4
[2022-12-11 16:57:01] [SEVERE ] removing player 2 token from slot 5
[2022-12-11 16:57:01] [SEVERE ] removing player 2 token from slot 6
[2022-12-11 16:57:01] [SEVERE ] removing player 2 token from slot 7
[2022-12-11 16:57:01] [SEVERE ] removing player 2 token from slot 8
[2022-12-11 16:57:01] [SEVERE ] removing player 2 token from slot 9
[2022-12-11 16:57:02] [SEVERE ] removing player 2 token from slot 10
[2022-12-11 16:57:02] [SEVERE ] removing player 2 token from slot 11
[2022-12-11 16:57:02] [SEVERE ] removing player 3 token from slot 0
[2022-12-11 16:57:02] [SEVERE ] removing player 3 token from slot 1
[2022-12-11 16:57:02] [SEVERE ] removing player 3 token from slot 2
[2022-12-11 16:57:02] [SEVERE ] removing player 3 token from slot 3
[2022-12-11 16:57:02] [SEVERE ] removing player 3 token from slot 4
[2022-12-11 16:57:02] [SEVERE ] removing player 3 token from slot 5
[2022-12-11 16:57:02] [SEVERE ] removing player 3 token from slot 6
[2022-12-11 16:57:03] [SEVERE ] removing player 3 token from slot 7
[2022-12-11 16:57:03] [SEVERE ] removing player 3 token from slot 8
[2022-12-11 16:57:03] [SEVERE ] removing player 3 token from slot 9
[2022-12-11 16:57:03] [SEVERE ] removing player 3 token from slot 10
[2022-12-11 16:57:03] [SEVERE ] removing player 3 token from slot 11
[2022-12-11 16:57:03] [SEVERE ] announcing winners: [0, 1]
[2022-12-11 16:57:03] [INFO   ] Thread main terminated.
