[2022-12-11 19:32:16] [INFO   ] cannot read configuration file config.properties trying from resources.
[2022-12-11 19:32:16] [INFO   ] configuration file was loaded from resources directory.
[2022-12-11 19:32:17] [SEVERE ] placing card 5 in slot 9
[2022-12-11 19:32:17] [SEVERE ] placing card 4 in slot 3
[2022-12-11 19:32:17] [SEVERE ] placing card 38 in slot 11
[2022-12-11 19:32:17] [SEVERE ] placing card 43 in slot 5
[2022-12-11 19:32:17] [SEVERE ] placing card 55 in slot 10
[2022-12-11 19:32:17] [SEVERE ] placing card 41 in slot 4
[2022-12-11 19:32:18] [SEVERE ] placing card 52 in slot 7
[2022-12-11 19:32:18] [SEVERE ] placing card 75 in slot 2
[2022-12-11 19:32:18] [SEVERE ] placing card 35 in slot 1
[2022-12-11 19:32:18] [SEVERE ] placing card 21 in slot 8
[2022-12-11 19:32:18] [SEVERE ] placing card 11 in slot 6
[2022-12-11 19:32:18] [SEVERE ] placing card 49 in slot 0
[2022-12-11 19:32:18] [SEVERE ] player 2 placing token on slot 10
[2022-12-11 19:32:18] [SEVERE ] player 3 placing token on slot 8
[2022-12-11 19:32:18] [SEVERE ] player 3 placing token on slot 0
[2022-12-11 19:32:18] [SEVERE ] player 2 placing token on slot 7
[2022-12-11 19:32:19] [SEVERE ] player 3 placing token on slot 1
[2022-12-11 19:32:19] [SEVERE ] removing player 2 token from slot 7
[2022-12-11 19:32:19] [SEVERE ] setting player 3 freeze to 0
[2022-12-11 19:32:19] [SEVERE ] removing player 3 token from slot 8
[2022-12-11 19:32:19] [SEVERE ] setting player 3 freeze to -108
[2022-12-11 19:32:19] [SEVERE ] player 2 placing token on slot 2
[2022-12-11 19:32:19] [SEVERE ] player 3 placing token on slot 9
[2022-12-11 19:32:19] [SEVERE ] player 2 placing token on slot 7
[2022-12-11 19:32:19] [SEVERE ] setting player 3 freeze to 0
[2022-12-11 19:32:19] [SEVERE ] setting player 2 freeze to 0
[2022-12-11 19:32:19] [SEVERE ] setting player 3 freeze to -102
[2022-12-11 19:32:19] [SEVERE ] setting player 2 freeze to -105
[2022-12-11 19:32:19] [SEVERE ] removing player 3 token from slot 9
[2022-12-11 19:32:20] [SEVERE ] player 3 placing token on slot 4
[2022-12-11 19:32:20] [SEVERE ] setting player 3 freeze to 0
[2022-12-11 19:32:20] [SEVERE ] setting player 3 freeze to -110
[2022-12-11 19:32:20] [SEVERE ] removing player 2 token from slot 2
[2022-12-11 19:32:20] [SEVERE ] removing player 2 token from slot 7
[2022-12-11 19:32:20] [SEVERE ] Exit button pressed
[2022-12-11 19:32:21] [SEVERE ] removing card from slot 0
[2022-12-11 19:32:21] [SEVERE ] removing card from slot 1
[2022-12-11 19:32:21] [SEVERE ] removing card from slot 2
[2022-12-11 19:32:21] [SEVERE ] removing card from slot 3
[2022-12-11 19:32:21] [SEVERE ] removing card from slot 4
[2022-12-11 19:32:21] [SEVERE ] removing card from slot 5
[2022-12-11 19:32:21] [SEVERE ] removing card from slot 6
[2022-12-11 19:32:21] [SEVERE ] removing card from slot 7
[2022-12-11 19:32:21] [SEVERE ] removing card from slot 8
[2022-12-11 19:32:22] [SEVERE ] removing card from slot 9
[2022-12-11 19:32:22] [SEVERE ] removing card from slot 10
[2022-12-11 19:32:22] [SEVERE ] removing card from slot 11
[2022-12-11 19:32:22] [SEVERE ] removing player 2 token from slot 10
[2022-12-11 19:32:22] [SEVERE ] removing player 3 token from slot 0
[2022-12-11 19:32:22] [SEVERE ] removing player 3 token from slot 1
[2022-12-11 19:32:22] [SEVERE ] removing player 3 token from slot 4
[2022-12-11 19:32:22] [INFO   ] Thread main terminated.
