[2022-12-14 11:21:53] [INFO   ] cannot read configuration file config.properties trying from resources.
[2022-12-14 11:21:53] [INFO   ] configuration file was loaded from resources directory.
[2022-12-14 11:21:55] [SEVERE ] placing card 32 in slot 0
[2022-12-14 11:21:55] [SEVERE ] placing card 80 in slot 10
[2022-12-14 11:21:55] [SEVERE ] placing card 51 in slot 4
[2022-12-14 11:21:55] [SEVERE ] placing card 15 in slot 2
[2022-12-14 11:21:55] [SEVERE ] placing card 77 in slot 3
[2022-12-14 11:21:55] [SEVERE ] placing card 57 in slot 6
[2022-12-14 11:21:55] [SEVERE ] placing card 53 in slot 7
[2022-12-14 11:21:55] [SEVERE ] placing card 79 in slot 1
[2022-12-14 11:21:55] [SEVERE ] placing card 4 in slot 9
[2022-12-14 11:21:56] [SEVERE ] placing card 49 in slot 8
[2022-12-14 11:21:56] [SEVERE ] placing card 72 in slot 11
[2022-12-14 11:21:56] [SEVERE ] placing card 26 in slot 5
[2022-12-14 11:21:56] [SEVERE ] player 1 placing token on slot 10
[2022-12-14 11:21:56] [SEVERE ] player 0 placing token on slot 11
[2022-12-14 11:21:56] [SEVERE ] player 2 placing token on slot 4
[2022-12-14 11:21:56] [SEVERE ] player 3 placing token on slot 6
[2022-12-14 11:21:56] [SEVERE ] player 1 placing token on slot 0
[2022-12-14 11:21:56] [SEVERE ] removing player 0 token from slot 11
[2022-12-14 11:21:56] [SEVERE ] player 2 placing token on slot 5
[2022-12-14 11:21:56] [SEVERE ] player 3 placing token on slot 10
[2022-12-14 11:21:56] [SEVERE ] removing player 1 token from slot 10
[2022-12-14 11:21:56] [SEVERE ] player 0 placing token on slot 0
[2022-12-14 11:21:56] [SEVERE ] player 2 placing token on slot 8
[2022-12-14 11:21:56] [SEVERE ] player 3 placing token on slot 11
[2022-12-14 11:21:56] [SEVERE ] setting player 3 freeze to 0
[2022-12-14 11:21:56] [SEVERE ] setting player 2 freeze to 0
[2022-12-14 11:21:56] [SEVERE ] player 1 placing token on slot 9
[2022-12-14 11:21:56] [SEVERE ] player 0 placing token on slot 11
[2022-12-14 11:21:56] [SEVERE ] removing player 2 token from slot 5
[2022-12-14 11:21:56] [SEVERE ] removing player 3 token from slot 11
[2022-12-14 11:21:56] [SEVERE ] setting player 3 freeze to -103
[2022-12-14 11:21:56] [SEVERE ] setting player 2 freeze to -104
[2022-12-14 11:21:56] [SEVERE ] player 1 placing token on slot 8
[2022-12-14 11:21:56] [SEVERE ] player 0 placing token on slot 4
[2022-12-14 11:21:56] [SEVERE ] setting player 0 freeze to 0
[2022-12-14 11:21:56] [SEVERE ] setting player 1 freeze to 0
[2022-12-14 11:21:56] [SEVERE ] player 3 placing token on slot 7
[2022-12-14 11:21:56] [SEVERE ] player 2 placing token on slot 11
[2022-12-14 11:21:56] [SEVERE ] removing player 1 token from slot 8
[2022-12-14 11:21:56] [SEVERE ] removing player 0 token from slot 11
[2022-12-14 11:21:56] [SEVERE ] setting player 0 freeze to -103
[2022-12-14 11:21:56] [SEVERE ] setting player 1 freeze to -104
[2022-12-14 11:21:56] [SEVERE ] setting player 3 freeze to 0
[2022-12-14 11:21:56] [SEVERE ] removing player 3 token from slot 7
[2022-12-14 11:21:57] [SEVERE ] removing player 2 token from slot 8
[2022-12-14 11:21:57] [SEVERE ] player 0 placing token on slot 7
[2022-12-14 11:21:57] [SEVERE ] player 1 placing token on slot 3
[2022-12-14 11:21:57] [SEVERE ] setting player 3 freeze to -104
[2022-12-14 11:21:57] [SEVERE ] player 2 placing token on slot 6
[2022-12-14 11:21:57] [SEVERE ] removing player 0 token from slot 7
[2022-12-14 11:21:57] [SEVERE ] setting player 0 freeze to 0
[2022-12-14 11:21:57] [SEVERE ] player 3 placing token on slot 8
[2022-12-14 11:21:57] [SEVERE ] removing player 1 token from slot 3
[2022-12-14 11:21:57] [SEVERE ] removing player 2 token from slot 4
