[2022-12-14 11:12:46] [INFO   ] cannot read configuration file config.properties trying from resources.
[2022-12-14 11:12:46] [INFO   ] configuration file was loaded from resources directory.
[2022-12-14 11:12:49] [SEVERE ] placing card 57 in slot 3
[2022-12-14 11:12:51] [SEVERE ] placing card 50 in slot 11
[2022-12-14 11:12:53] [SEVERE ] placing card 73 in slot 9
[2022-12-14 11:12:55] [SEVERE ] placing card 12 in slot 4
[2022-12-14 11:12:57] [SEVERE ] placing card 22 in slot 10
[2022-12-14 11:12:59] [SEVERE ] placing card 23 in slot 7
[2022-12-14 11:13:01] [SEVERE ] placing card 42 in slot 5
[2022-12-14 11:13:03] [SEVERE ] placing card 54 in slot 8
[2022-12-14 11:13:05] [SEVERE ] placing card 72 in slot 6
[2022-12-14 11:13:07] [SEVERE ] placing card 56 in slot 1
[2022-12-14 11:13:09] [SEVERE ] placing card 61 in slot 0
[2022-12-14 11:13:11] [SEVERE ] placing card 46 in slot 2
[2022-12-14 11:13:13] [SEVERE ] player 1 placing token on slot 3
[2022-12-14 11:13:13] [SEVERE ] player 3 placing token on slot 5
[2022-12-14 11:13:13] [SEVERE ] player 2 placing token on slot 10
[2022-12-14 11:13:13] [SEVERE ] player 0 placing token on slot 5
[2022-12-14 11:13:15] [SEVERE ] player 1 placing token on slot 5
[2022-12-14 11:13:15] [SEVERE ] player 3 placing token on slot 2
[2022-12-14 11:13:15] [SEVERE ] player 2 placing token on slot 9
[2022-12-14 11:13:15] [SEVERE ] player 0 placing token on slot 6
[2022-12-14 11:13:17] [SEVERE ] player 1 placing token on slot 9
[2022-12-14 11:13:17] [SEVERE ] player 3 placing token on slot 6
[2022-12-14 11:13:17] [SEVERE ] player 2 placing token on slot 4
[2022-12-14 11:13:17] [SEVERE ] player 0 placing token on slot 11
[2022-12-14 11:13:19] [SEVERE ] setting player 1 freeze to 0
[2022-12-14 11:13:19] [SEVERE ] setting player 2 freeze to 0
[2022-12-14 11:13:19] [SEVERE ] setting player 3 freeze to 0
[2022-12-14 11:13:19] [SEVERE ] setting player 0 freeze to 0
[2022-12-14 11:13:19] [SEVERE ] removing player 1 token from slot 9
[2022-12-14 11:13:19] [SEVERE ] removing player 3 token from slot 5
[2022-12-14 11:13:19] [SEVERE ] removing player 2 token from slot 4
[2022-12-14 11:13:19] [SEVERE ] removing player 0 token from slot 5
[2022-12-14 11:13:20] [SEVERE ] Exit button pressed
[2022-12-14 11:13:21] [SEVERE ] setting player 2 freeze to -2014
[2022-12-14 11:13:21] [SEVERE ] setting player 3 freeze to -2015
[2022-12-14 11:13:21] [SEVERE ] setting player 0 freeze to -2013
[2022-12-14 11:13:21] [SEVERE ] setting player 1 freeze to -2015
[2022-12-14 11:13:22] [SEVERE ] removing card from slot 0
[2022-12-14 11:13:24] [SEVERE ] removing card from slot 1
[2022-12-14 11:13:26] [SEVERE ] removing card from slot 2
[2022-12-14 11:13:28] [SEVERE ] removing card from slot 3
[2022-12-14 11:13:30] [SEVERE ] removing card from slot 4
