[2022-12-11 16:46:09] [INFO   ] cannot read configuration file config.properties trying from resources.
[2022-12-11 16:46:09] [INFO   ] configuration file was loaded from resources directory.
[2022-12-11 16:46:09] [SEVERE ] placing card 27 in slot 8
[2022-12-11 16:46:10] [SEVERE ] placing card 3 in slot 2
[2022-12-11 16:46:10] [SEVERE ] placing card 42 in slot 4
[2022-12-11 16:46:10] [SEVERE ] placing card 22 in slot 9
[2022-12-11 16:46:10] [SEVERE ] placing card 2 in slot 10
[2022-12-11 16:46:11] [SEVERE ] placing card 6 in slot 0
[2022-12-11 16:46:11] [SEVERE ] placing card 79 in slot 6
[2022-12-11 16:46:11] [SEVERE ] placing card 16 in slot 3
[2022-12-11 16:46:11] [SEVERE ] placing card 47 in slot 1
[2022-12-11 16:46:11] [SEVERE ] placing card 51 in slot 7
[2022-12-11 16:46:12] [SEVERE ] placing card 70 in slot 5
[2022-12-11 16:46:12] [SEVERE ] placing card 1 in slot 11
[2022-12-11 16:46:19] [SEVERE ] Exit button pressed
[2022-12-11 16:46:19] [SEVERE ] removing card from slot 0
[2022-12-11 16:46:19] [SEVERE ] removing card from slot 1
[2022-12-11 16:46:19] [SEVERE ] removing card from slot 2
[2022-12-11 16:46:19] [SEVERE ] removing card from slot 3
[2022-12-11 16:46:19] [SEVERE ] removing card from slot 4
[2022-12-11 16:46:19] [SEVERE ] removing card from slot 5
[2022-12-11 16:46:19] [SEVERE ] removing card from slot 6
[2022-12-11 16:46:20] [SEVERE ] removing card from slot 7
[2022-12-11 16:46:20] [SEVERE ] removing card from slot 8
[2022-12-11 16:46:20] [SEVERE ] removing card from slot 9
[2022-12-11 16:46:20] [SEVERE ] removing card from slot 10
