[2022-12-11 19:19:33] [INFO   ] cannot read configuration file config.properties trying from resources.
[2022-12-11 19:19:33] [INFO   ] configuration file was loaded from resources directory.
[2022-12-11 19:19:34] [SEVERE ] placing card 55 in slot 8
[2022-12-11 19:19:34] [SEVERE ] placing card 69 in slot 9
[2022-12-11 19:19:34] [SEVERE ] placing card 5 in slot 1
[2022-12-11 19:19:34] [SEVERE ] placing card 38 in slot 6
[2022-12-11 19:19:34] [SEVERE ] placing card 4 in slot 3
[2022-12-11 19:19:35] [SEVERE ] placing card 18 in slot 10
[2022-12-11 19:19:35] [SEVERE ] placing card 75 in slot 0
[2022-12-11 19:19:35] [SEVERE ] placing card 76 in slot 11
[2022-12-11 19:19:35] [SEVERE ] placing card 79 in slot 4
[2022-12-11 19:19:35] [SEVERE ] placing card 35 in slot 2
[2022-12-11 19:19:35] [SEVERE ] placing card 41 in slot 7
[2022-12-11 19:19:35] [SEVERE ] placing card 25 in slot 5
[2022-12-11 19:19:35] [SEVERE ] player 3 placing token on slot 3
[2022-12-11 19:19:35] [SEVERE ] player 2 placing token on slot 0
[2022-12-11 19:19:35] [SEVERE ] player 3 placing token on slot 1
[2022-12-11 19:19:35] [SEVERE ] player 2 placing token on slot 4
[2022-12-11 19:19:36] [SEVERE ] player 3 placing token on slot 4
[2022-12-11 19:19:36] [SEVERE ] player 2 placing token on slot 6
[2022-12-11 19:19:36] [SEVERE ] setting player 3 freeze to 0
[2022-12-11 19:19:36] [SEVERE ] setting player 2 freeze to 0
[2022-12-11 19:19:36] [SEVERE ] setting player 2 freeze to -109
[2022-12-11 19:19:36] [SEVERE ] setting player 3 freeze to -109
[2022-12-11 19:19:36] [SEVERE ] removing player 2 token from slot 6
[2022-12-11 19:19:36] [SEVERE ] player 2 placing token on slot 11
[2022-12-11 19:19:36] [SEVERE ] setting player 2 freeze to 0
[2022-12-11 19:19:36] [SEVERE ] removing player 3 token from slot 1
[2022-12-11 19:19:37] [SEVERE ] setting player 2 freeze to -109
[2022-12-11 19:19:37] [SEVERE ] player 3 placing token on slot 8
[2022-12-11 19:19:37] [SEVERE ] removing player 2 token from slot 0
[2022-12-11 19:19:37] [SEVERE ] setting player 3 freeze to 0
[2022-12-11 19:19:37] [SEVERE ] removing player 3 token from slot 3
[2022-12-11 19:19:37] [SEVERE ] setting player 3 freeze to -109
[2022-12-11 19:19:37] [SEVERE ] removing player 2 token from slot 11
[2022-12-11 19:19:37] [SEVERE ] player 3 placing token on slot 11
[2022-12-11 19:19:37] [SEVERE ] player 2 placing token on slot 2
[2022-12-11 19:19:37] [SEVERE ] setting player 3 freeze to 0
[2022-12-11 19:19:37] [SEVERE ] setting player 3 freeze to -110
[2022-12-11 19:19:37] [SEVERE ] player 2 placing token on slot 0
[2022-12-11 19:19:37] [SEVERE ] setting player 2 freeze to 0
[2022-12-11 19:19:38] [SEVERE ] setting player 2 freeze to -110
[2022-12-11 19:19:38] [SEVERE ] removing player 3 token from slot 4
[2022-12-11 19:19:38] [SEVERE ] player 3 placing token on slot 2
[2022-12-11 19:19:38] [SEVERE ] setting player 3 freeze to 0
[2022-12-11 19:19:38] [SEVERE ] setting player 3 freeze to -109
[2022-12-11 19:19:38] [SEVERE ] removing player 2 token from slot 4
[2022-12-11 19:19:38] [SEVERE ] player 2 placing token on slot 9
[2022-12-11 19:19:38] [SEVERE ] setting player 2 freeze to 0
[2022-12-11 19:19:39] [SEVERE ] setting player 2 freeze to -109
[2022-12-11 19:19:39] [SEVERE ] removing player 2 token from slot 9
[2022-12-11 19:19:39] [SEVERE ] player 2 placing token on slot 11
[2022-12-11 19:19:39] [SEVERE ] setting player 2 freeze to 0
[2022-12-11 19:19:39] [SEVERE ] setting player 2 freeze to -109
[2022-12-11 19:19:40] [SEVERE ] removing player 2 token from slot 11
[2022-12-11 19:19:40] [SEVERE ] player 2 placing token on slot 6
[2022-12-11 19:19:40] [SEVERE ] setting player 2 freeze to 0
[2022-12-11 19:19:40] [SEVERE ] setting player 2 freeze to -110
[2022-12-11 19:19:40] [SEVERE ] removing player 2 token from slot 6
[2022-12-11 19:19:40] [SEVERE ] removing player 3 token from slot 2
[2022-12-11 19:19:40] [SEVERE ] player 2 placing token on slot 7
[2022-12-11 19:19:40] [SEVERE ] setting player 2 freeze to 0
[2022-12-11 19:19:40] [SEVERE ] setting player 2 freeze to -111
[2022-12-11 19:19:41] [SEVERE ] player 3 placing token on slot 7
[2022-12-11 19:19:41] [SEVERE ] setting player 3 freeze to 0
[2022-12-11 19:19:41] [SEVERE ] Exit button pressed
[2022-12-11 19:19:41] [SEVERE ] removing player 2 token from slot 0
[2022-12-11 19:19:41] [SEVERE ] setting player 3 freeze to -110
[2022-12-11 19:19:41] [SEVERE ] removing card from slot 0
[2022-12-11 19:19:41] [SEVERE ] removing card from slot 1
[2022-12-11 19:19:42] [SEVERE ] removing card from slot 2
[2022-12-11 19:19:42] [SEVERE ] removing card from slot 3
[2022-12-11 19:19:42] [SEVERE ] removing card from slot 4
[2022-12-11 19:19:42] [SEVERE ] removing card from slot 5
[2022-12-11 19:19:42] [SEVERE ] removing card from slot 6
[2022-12-11 19:19:42] [SEVERE ] removing card from slot 7
[2022-12-11 19:19:42] [SEVERE ] removing card from slot 8
[2022-12-11 19:19:42] [SEVERE ] removing card from slot 9
[2022-12-11 19:19:42] [SEVERE ] removing card from slot 10
[2022-12-11 19:19:43] [SEVERE ] removing card from slot 11
[2022-12-11 19:19:43] [SEVERE ] removing player 2 token from slot 2
[2022-12-11 19:19:43] [SEVERE ] removing player 2 token from slot 7
[2022-12-11 19:19:43] [SEVERE ] removing player 3 token from slot 8
[2022-12-11 19:19:43] [SEVERE ] removing player 3 token from slot 11
[2022-12-11 19:19:43] [SEVERE ] removing player 3 token from slot 7
[2022-12-11 19:19:43] [SEVERE ] announcing winners: [0, 1]
[2022-12-11 19:19:43] [INFO   ] Thread main terminated.
