[2022-12-11 17:50:19] [INFO   ] cannot read configuration file config.properties trying from resources.
[2022-12-11 17:50:19] [INFO   ] configuration file was loaded from resources directory.
[2022-12-11 17:50:19] [SEVERE ] placing card 25 in slot 11
[2022-12-11 17:50:19] [SEVERE ] placing card 8 in slot 9
[2022-12-11 17:50:19] [SEVERE ] placing card 64 in slot 5
[2022-12-11 17:50:20] [SEVERE ] placing card 48 in slot 1
[2022-12-11 17:50:20] [SEVERE ] placing card 18 in slot 4
[2022-12-11 17:50:20] [SEVERE ] placing card 20 in slot 7
[2022-12-11 17:50:20] [SEVERE ] placing card 13 in slot 2
[2022-12-11 17:50:20] [SEVERE ] placing card 16 in slot 8
[2022-12-11 17:50:20] [SEVERE ] placing card 10 in slot 6
[2022-12-11 17:50:20] [SEVERE ] placing card 19 in slot 0
[2022-12-11 17:50:20] [SEVERE ] placing card 17 in slot 3
[2022-12-11 17:50:20] [SEVERE ] placing card 42 in slot 10
[2022-12-11 17:50:21] [SEVERE ] player 2 placing token on slot 10
[2022-12-11 17:50:21] [SEVERE ] player 1 placing token on slot 1
[2022-12-11 17:50:21] [SEVERE ] player 0 placing token on slot 6
[2022-12-11 17:50:21] [SEVERE ] player 3 placing token on slot 3
[2022-12-11 17:50:21] [SEVERE ] player 1 placing token on slot 10
[2022-12-11 17:50:21] [SEVERE ] player 0 placing token on slot 4
[2022-12-11 17:50:21] [SEVERE ] player 2 placing token on slot 0
[2022-12-11 17:50:21] [SEVERE ] player 3 placing token on slot 4
[2022-12-11 17:50:21] [SEVERE ] removing player 0 token from slot 4
[2022-12-11 17:50:21] [SEVERE ] player 3 placing token on slot 9
[2022-12-11 17:50:21] [SEVERE ] player 1 placing token on slot 5
[2022-12-11 17:50:21] [SEVERE ] player 2 placing token on slot 8
[2022-12-11 17:50:21] [SEVERE ] setting player 3 freeze to 0
[2022-12-11 17:50:21] [SEVERE ] setting player 1 freeze to 0
[2022-12-11 17:50:21] [SEVERE ] setting player 2 freeze to 0
[2022-12-11 17:50:21] [SEVERE ] removing player 3 token from slot 4
[2022-12-11 17:50:21] [SEVERE ] removing player 1 token from slot 5
[2022-12-11 17:50:21] [SEVERE ] removing player 2 token from slot 10
[2022-12-11 17:50:21] [SEVERE ] setting player 3 freeze to -109
[2022-12-11 17:50:21] [SEVERE ] setting player 2 freeze to -107
[2022-12-11 17:50:21] [SEVERE ] setting player 1 freeze to -107
[2022-12-11 17:51:19] [SEVERE ] removing card from slot 0
[2022-12-11 17:51:19] [SEVERE ] removing card from slot 1
[2022-12-11 17:51:20] [SEVERE ] removing card from slot 2
[2022-12-11 17:51:20] [SEVERE ] removing card from slot 3
[2022-12-11 17:51:20] [SEVERE ] removing card from slot 4
[2022-12-11 17:51:20] [SEVERE ] removing card from slot 5
[2022-12-11 17:51:20] [SEVERE ] removing card from slot 6
[2022-12-11 17:51:20] [SEVERE ] removing card from slot 7
[2022-12-11 17:51:20] [SEVERE ] removing card from slot 8
[2022-12-11 17:51:20] [SEVERE ] removing card from slot 9
[2022-12-11 17:51:20] [SEVERE ] removing card from slot 10
[2022-12-11 17:51:20] [SEVERE ] removing card from slot 11
[2022-12-11 17:51:20] [SEVERE ] removing player 0 token from slot 6
[2022-12-11 17:51:20] [SEVERE ] removing player 0 token from slot 4
[2022-12-11 17:51:20] [SEVERE ] removing player 1 token from slot 1
[2022-12-11 17:51:20] [SEVERE ] removing player 1 token from slot 10
[2022-12-11 17:51:20] [SEVERE ] removing player 1 token from slot 5
[2022-12-11 17:51:20] [SEVERE ] removing player 2 token from slot 10
[2022-12-11 17:51:20] [SEVERE ] removing player 2 token from slot 0
[2022-12-11 17:51:20] [SEVERE ] removing player 2 token from slot 8
[2022-12-11 17:51:20] [SEVERE ] removing player 3 token from slot 3
[2022-12-11 17:51:20] [SEVERE ] removing player 3 token from slot 4
[2022-12-11 17:51:20] [SEVERE ] removing player 3 token from slot 9
[2022-12-11 17:51:21] [SEVERE ] placing card 21 in slot 2
[2022-12-11 17:51:21] [SEVERE ] placing card 18 in slot 3
[2022-12-11 17:51:21] [SEVERE ] placing card 11 in slot 7
[2022-12-11 17:51:21] [SEVERE ] placing card 26 in slot 1
[2022-12-11 17:51:21] [SEVERE ] placing card 78 in slot 11
[2022-12-11 17:51:21] [SEVERE ] placing card 29 in slot 4
[2022-12-11 17:51:21] [SEVERE ] placing card 56 in slot 0
[2022-12-11 17:51:21] [SEVERE ] placing card 47 in slot 9
[2022-12-11 17:51:21] [SEVERE ] placing card 46 in slot 10
[2022-12-11 17:51:22] [SEVERE ] placing card 25 in slot 6
[2022-12-11 17:51:22] [SEVERE ] placing card 76 in slot 5
[2022-12-11 17:51:22] [SEVERE ] placing card 38 in slot 8
[2022-12-11 17:52:21] [SEVERE ] removing card from slot 0
[2022-12-11 17:52:21] [SEVERE ] removing card from slot 1
[2022-12-11 17:52:21] [SEVERE ] removing card from slot 2
[2022-12-11 17:52:21] [SEVERE ] removing card from slot 3
[2022-12-11 17:52:21] [SEVERE ] removing card from slot 4
[2022-12-11 17:52:21] [SEVERE ] removing card from slot 5
[2022-12-11 17:52:21] [SEVERE ] removing card from slot 6
[2022-12-11 17:52:21] [SEVERE ] removing card from slot 7
[2022-12-11 17:52:22] [SEVERE ] removing card from slot 8
[2022-12-11 17:52:22] [SEVERE ] removing card from slot 9
[2022-12-11 17:52:22] [SEVERE ] removing card from slot 10
[2022-12-11 17:52:22] [SEVERE ] removing card from slot 11
[2022-12-11 17:52:22] [SEVERE ] placing card 24 in slot 4
[2022-12-11 17:52:22] [SEVERE ] placing card 45 in slot 1
[2022-12-11 17:52:22] [SEVERE ] placing card 6 in slot 11
[2022-12-11 17:52:22] [SEVERE ] placing card 19 in slot 0
[2022-12-11 17:52:22] [SEVERE ] placing card 27 in slot 7
[2022-12-11 17:52:23] [SEVERE ] placing card 60 in slot 10
[2022-12-11 17:52:23] [SEVERE ] placing card 71 in slot 3
[2022-12-11 17:52:23] [SEVERE ] placing card 15 in slot 8
[2022-12-11 17:52:23] [SEVERE ] placing card 55 in slot 6
[2022-12-11 17:52:23] [SEVERE ] placing card 73 in slot 5
[2022-12-11 17:52:23] [SEVERE ] placing card 11 in slot 2
[2022-12-11 17:52:23] [SEVERE ] placing card 67 in slot 9
[2022-12-11 17:53:22] [SEVERE ] removing card from slot 0
[2022-12-11 17:53:22] [SEVERE ] removing card from slot 1
[2022-12-11 17:53:22] [SEVERE ] removing card from slot 2
[2022-12-11 17:53:22] [SEVERE ] removing card from slot 3
[2022-12-11 17:53:23] [SEVERE ] removing card from slot 4
[2022-12-11 17:53:23] [SEVERE ] removing card from slot 5
[2022-12-11 17:53:23] [SEVERE ] removing card from slot 6
[2022-12-11 17:53:23] [SEVERE ] removing card from slot 7
[2022-12-11 17:53:23] [SEVERE ] removing card from slot 8
[2022-12-11 17:53:23] [SEVERE ] removing card from slot 9
[2022-12-11 17:53:23] [SEVERE ] removing card from slot 10
[2022-12-11 17:53:23] [SEVERE ] removing card from slot 11
[2022-12-11 17:53:23] [SEVERE ] placing card 44 in slot 2
[2022-12-11 17:53:23] [SEVERE ] placing card 30 in slot 0
[2022-12-11 17:53:24] [SEVERE ] placing card 28 in slot 10
[2022-12-11 17:53:24] [SEVERE ] placing card 36 in slot 11
[2022-12-11 17:53:24] [SEVERE ] placing card 3 in slot 9
[2022-12-11 17:53:24] [SEVERE ] placing card 31 in slot 5
[2022-12-11 17:53:24] [SEVERE ] placing card 6 in slot 6
[2022-12-11 17:53:24] [SEVERE ] placing card 26 in slot 4
[2022-12-11 17:53:24] [SEVERE ] placing card 37 in slot 7
[2022-12-11 17:53:24] [SEVERE ] placing card 80 in slot 3
[2022-12-11 17:53:25] [SEVERE ] placing card 4 in slot 1
[2022-12-11 17:53:25] [SEVERE ] placing card 54 in slot 8
[2022-12-11 17:54:23] [SEVERE ] removing card from slot 0
[2022-12-11 17:54:24] [SEVERE ] removing card from slot 1
[2022-12-11 17:54:24] [SEVERE ] removing card from slot 2
[2022-12-11 17:54:24] [SEVERE ] removing card from slot 3
[2022-12-11 17:54:24] [SEVERE ] removing card from slot 4
[2022-12-11 17:54:24] [SEVERE ] removing card from slot 5
[2022-12-11 17:54:24] [SEVERE ] removing card from slot 6
[2022-12-11 17:54:24] [SEVERE ] removing card from slot 7
[2022-12-11 17:54:24] [SEVERE ] removing card from slot 8
[2022-12-11 17:54:24] [SEVERE ] removing card from slot 9
[2022-12-11 17:54:25] [SEVERE ] removing card from slot 10
[2022-12-11 17:54:25] [SEVERE ] removing card from slot 11
[2022-12-11 17:54:25] [SEVERE ] placing card 13 in slot 3
[2022-12-11 17:54:25] [SEVERE ] placing card 45 in slot 6
[2022-12-11 17:54:25] [SEVERE ] placing card 10 in slot 7
[2022-12-11 17:54:25] [SEVERE ] placing card 3 in slot 0
[2022-12-11 17:54:25] [SEVERE ] placing card 14 in slot 5
[2022-12-11 17:54:25] [SEVERE ] placing card 60 in slot 2
[2022-12-11 17:54:25] [SEVERE ] placing card 43 in slot 1
[2022-12-11 17:54:26] [SEVERE ] placing card 17 in slot 11
[2022-12-11 17:54:26] [SEVERE ] placing card 37 in slot 9
[2022-12-11 17:54:26] [SEVERE ] placing card 11 in slot 8
[2022-12-11 17:54:26] [SEVERE ] placing card 80 in slot 10
[2022-12-11 17:54:26] [SEVERE ] placing card 77 in slot 4
[2022-12-11 17:55:25] [SEVERE ] removing card from slot 0
[2022-12-11 17:55:25] [SEVERE ] removing card from slot 1
[2022-12-11 17:55:25] [SEVERE ] removing card from slot 2
[2022-12-11 17:55:25] [SEVERE ] removing card from slot 3
[2022-12-11 17:55:25] [SEVERE ] removing card from slot 4
[2022-12-11 17:55:25] [SEVERE ] removing card from slot 5
[2022-12-11 17:55:26] [SEVERE ] removing card from slot 6
[2022-12-11 17:55:26] [SEVERE ] removing card from slot 7
[2022-12-11 17:55:26] [SEVERE ] removing card from slot 8
[2022-12-11 17:55:26] [SEVERE ] removing card from slot 9
[2022-12-11 17:55:26] [SEVERE ] removing card from slot 10
[2022-12-11 17:55:26] [SEVERE ] removing card from slot 11
[2022-12-11 17:55:26] [SEVERE ] placing card 3 in slot 6
[2022-12-11 17:55:26] [SEVERE ] placing card 19 in slot 10
[2022-12-11 17:55:26] [SEVERE ] placing card 52 in slot 5
[2022-12-11 17:55:27] [SEVERE ] placing card 27 in slot 4
[2022-12-11 17:55:27] [SEVERE ] placing card 13 in slot 1
[2022-12-11 17:55:27] [SEVERE ] placing card 17 in slot 9
[2022-12-11 17:55:27] [SEVERE ] placing card 53 in slot 7
[2022-12-11 17:55:27] [SEVERE ] placing card 72 in slot 3
[2022-12-11 17:55:27] [SEVERE ] placing card 12 in slot 0
[2022-12-11 17:55:27] [SEVERE ] placing card 34 in slot 8
[2022-12-11 17:55:27] [SEVERE ] placing card 68 in slot 2
[2022-12-11 17:55:27] [SEVERE ] placing card 54 in slot 11
[2022-12-11 17:56:26] [SEVERE ] removing card from slot 0
[2022-12-11 17:56:26] [SEVERE ] removing card from slot 1
[2022-12-11 17:56:26] [SEVERE ] removing card from slot 2
[2022-12-11 17:56:27] [SEVERE ] removing card from slot 3
[2022-12-11 17:56:27] [SEVERE ] removing card from slot 4
[2022-12-11 17:56:27] [SEVERE ] removing card from slot 5
[2022-12-11 17:56:27] [SEVERE ] removing card from slot 6
[2022-12-11 17:56:27] [SEVERE ] removing card from slot 7
[2022-12-11 17:56:27] [SEVERE ] removing card from slot 8
[2022-12-11 17:56:27] [SEVERE ] removing card from slot 9
[2022-12-11 17:56:27] [SEVERE ] removing card from slot 10
[2022-12-11 17:56:27] [SEVERE ] removing card from slot 11
[2022-12-11 17:56:27] [SEVERE ] placing card 46 in slot 6
[2022-12-11 17:56:28] [SEVERE ] placing card 72 in slot 3
[2022-12-11 17:56:28] [SEVERE ] placing card 19 in slot 9
[2022-12-11 17:56:28] [SEVERE ] placing card 26 in slot 10
[2022-12-11 17:56:28] [SEVERE ] placing card 2 in slot 2
[2022-12-11 17:56:28] [SEVERE ] placing card 78 in slot 11
[2022-12-11 17:56:28] [SEVERE ] placing card 66 in slot 7
[2022-12-11 17:56:28] [SEVERE ] placing card 44 in slot 5
[2022-12-11 17:56:28] [SEVERE ] placing card 39 in slot 4
[2022-12-11 17:56:28] [SEVERE ] placing card 74 in slot 0
[2022-12-11 17:56:29] [SEVERE ] placing card 63 in slot 1
[2022-12-11 17:56:29] [SEVERE ] placing card 28 in slot 8
[2022-12-11 17:57:28] [SEVERE ] removing card from slot 0
[2022-12-11 17:57:28] [SEVERE ] removing card from slot 1
[2022-12-11 17:57:28] [SEVERE ] removing card from slot 2
[2022-12-11 17:57:28] [SEVERE ] removing card from slot 3
[2022-12-11 17:57:28] [SEVERE ] removing card from slot 4
[2022-12-11 17:57:28] [SEVERE ] removing card from slot 5
[2022-12-11 17:57:28] [SEVERE ] removing card from slot 6
[2022-12-11 17:57:28] [SEVERE ] removing card from slot 7
[2022-12-11 17:57:28] [SEVERE ] removing card from slot 8
[2022-12-11 17:57:28] [SEVERE ] removing card from slot 9
[2022-12-11 17:57:29] [SEVERE ] removing card from slot 10
[2022-12-11 17:57:29] [SEVERE ] removing card from slot 11
[2022-12-11 17:57:29] [SEVERE ] placing card 10 in slot 1
[2022-12-11 17:57:29] [SEVERE ] placing card 17 in slot 3
[2022-12-11 17:57:29] [SEVERE ] placing card 29 in slot 0
[2022-12-11 17:57:29] [SEVERE ] placing card 23 in slot 8
[2022-12-11 17:57:29] [SEVERE ] placing card 45 in slot 10
[2022-12-11 17:57:29] [SEVERE ] placing card 78 in slot 9
[2022-12-11 17:57:29] [SEVERE ] placing card 1 in slot 4
[2022-12-11 17:57:30] [SEVERE ] placing card 57 in slot 7
[2022-12-11 17:57:30] [SEVERE ] placing card 31 in slot 6
[2022-12-11 17:57:30] [SEVERE ] placing card 65 in slot 5
[2022-12-11 17:57:30] [SEVERE ] placing card 72 in slot 2
[2022-12-11 17:57:30] [SEVERE ] placing card 79 in slot 11
[2022-12-11 17:58:29] [SEVERE ] removing card from slot 0
[2022-12-11 17:58:29] [SEVERE ] removing card from slot 1
[2022-12-11 17:58:29] [SEVERE ] removing card from slot 2
[2022-12-11 17:58:29] [SEVERE ] removing card from slot 3
[2022-12-11 17:58:29] [SEVERE ] removing card from slot 4
[2022-12-11 17:58:29] [SEVERE ] removing card from slot 5
[2022-12-11 17:58:30] [SEVERE ] removing card from slot 6
[2022-12-11 17:58:30] [SEVERE ] removing card from slot 7
[2022-12-11 17:58:30] [SEVERE ] removing card from slot 8
[2022-12-11 17:58:30] [SEVERE ] removing card from slot 9
[2022-12-11 17:58:30] [SEVERE ] removing card from slot 10
[2022-12-11 17:58:30] [SEVERE ] removing card from slot 11
[2022-12-11 17:58:30] [SEVERE ] placing card 17 in slot 1
[2022-12-11 17:58:30] [SEVERE ] placing card 25 in slot 4
[2022-12-11 17:58:30] [SEVERE ] placing card 18 in slot 8
[2022-12-11 17:58:31] [SEVERE ] placing card 27 in slot 3
[2022-12-11 17:58:31] [SEVERE ] placing card 76 in slot 9
[2022-12-11 17:58:31] [SEVERE ] placing card 60 in slot 7
[2022-12-11 17:58:31] [SEVERE ] placing card 24 in slot 5
[2022-12-11 17:58:31] [SEVERE ] placing card 80 in slot 2
[2022-12-11 17:58:31] [SEVERE ] placing card 38 in slot 11
[2022-12-11 17:58:31] [SEVERE ] placing card 41 in slot 10
[2022-12-11 17:58:31] [SEVERE ] placing card 20 in slot 0
[2022-12-11 17:58:31] [SEVERE ] placing card 62 in slot 6
[2022-12-11 17:59:30] [SEVERE ] removing card from slot 0
[2022-12-11 17:59:30] [SEVERE ] removing card from slot 1
[2022-12-11 17:59:31] [SEVERE ] removing card from slot 2
[2022-12-11 17:59:31] [SEVERE ] removing card from slot 3
[2022-12-11 17:59:31] [SEVERE ] removing card from slot 4
[2022-12-11 17:59:31] [SEVERE ] removing card from slot 5
[2022-12-11 17:59:31] [SEVERE ] removing card from slot 6
[2022-12-11 17:59:31] [SEVERE ] removing card from slot 7
[2022-12-11 17:59:31] [SEVERE ] removing card from slot 8
[2022-12-11 17:59:31] [SEVERE ] removing card from slot 9
[2022-12-11 17:59:31] [SEVERE ] removing card from slot 10
[2022-12-11 17:59:32] [SEVERE ] removing card from slot 11
[2022-12-11 17:59:32] [SEVERE ] placing card 29 in slot 11
[2022-12-11 17:59:32] [SEVERE ] placing card 69 in slot 4
[2022-12-11 17:59:32] [SEVERE ] placing card 49 in slot 10
[2022-12-11 17:59:32] [SEVERE ] placing card 35 in slot 9
[2022-12-11 17:59:32] [SEVERE ] placing card 40 in slot 2
[2022-12-11 17:59:32] [SEVERE ] placing card 16 in slot 8
[2022-12-11 17:59:32] [SEVERE ] placing card 36 in slot 6
[2022-12-11 17:59:32] [SEVERE ] placing card 10 in slot 3
[2022-12-11 17:59:33] [SEVERE ] placing card 61 in slot 7
[2022-12-11 17:59:33] [SEVERE ] placing card 38 in slot 0
[2022-12-11 17:59:33] [SEVERE ] placing card 27 in slot 5
[2022-12-11 17:59:33] [SEVERE ] placing card 20 in slot 1
