[2022-12-14 11:31:38] [INFO   ] cannot read configuration file config.properties trying from resources.
[2022-12-14 11:31:38] [INFO   ] configuration file was loaded from resources directory.
[2022-12-14 11:31:40] [SEVERE ] placing card 1 in slot 4
[2022-12-14 11:31:40] [SEVERE ] placing card 14 in slot 9
[2022-12-14 11:31:40] [SEVERE ] placing card 67 in slot 8
[2022-12-14 11:31:40] [SEVERE ] placing card 58 in slot 2
[2022-12-14 11:31:40] [SEVERE ] placing card 9 in slot 1
[2022-12-14 11:31:40] [SEVERE ] placing card 80 in slot 11
[2022-12-14 11:31:40] [SEVERE ] placing card 12 in slot 3
[2022-12-14 11:31:40] [SEVERE ] placing card 59 in slot 5
[2022-12-14 11:31:40] [SEVERE ] placing card 77 in slot 10
[2022-12-14 11:31:41] [SEVERE ] placing card 3 in slot 6
[2022-12-14 11:31:41] [SEVERE ] placing card 41 in slot 0
[2022-12-14 11:31:41] [SEVERE ] placing card 56 in slot 7
[2022-12-14 11:31:42] [SEVERE ] Key 81 was pressed by player 0
[2022-12-14 11:31:42] [SEVERE ] player 0 placing token on slot 0
[2022-12-14 11:31:42] [SEVERE ] Key 87 was pressed by player 0
[2022-12-14 11:31:42] [SEVERE ] player 0 placing token on slot 1
[2022-12-14 11:31:43] [SEVERE ] Key 69 was pressed by player 0
[2022-12-14 11:31:43] [SEVERE ] player 0 placing token on slot 2
[2022-12-14 11:31:43] [SEVERE ] setting player 0 freeze to 3000
[2022-12-14 11:31:43] [SEVERE ] setting player 0 freeze to 2315
[2022-12-14 11:31:44] [SEVERE ] Key 87 was pressed by player 0
[2022-12-14 11:31:44] [SEVERE ] Key 81 was pressed by player 0
[2022-12-14 11:31:44] [SEVERE ] Key 87 was pressed by player 0
[2022-12-14 11:31:44] [SEVERE ] setting player 0 freeze to 1317
[2022-12-14 11:31:44] [SEVERE ] Key 69 was pressed by player 0
[2022-12-14 11:31:45] [SEVERE ] setting player 0 freeze to 316
[2022-12-14 11:31:46] [SEVERE ] setting player 0 freeze to -683
[2022-12-14 11:31:48] [SEVERE ] Key 69 was pressed by player 0
[2022-12-14 11:31:48] [SEVERE ] removing player 0 token from slot 2
[2022-12-14 11:31:48] [SEVERE ] Key 87 was pressed by player 0
[2022-12-14 11:31:48] [SEVERE ] removing player 0 token from slot 1
[2022-12-14 11:31:48] [SEVERE ] Key 81 was pressed by player 0
[2022-12-14 11:31:48] [SEVERE ] removing player 0 token from slot 0
[2022-12-14 11:31:49] [SEVERE ] Key 65 was pressed by player 0
[2022-12-14 11:31:49] [SEVERE ] player 0 placing token on slot 4
[2022-12-14 11:31:49] [SEVERE ] Key 83 was pressed by player 0
[2022-12-14 11:31:49] [SEVERE ] player 0 placing token on slot 5
[2022-12-14 11:31:50] [SEVERE ] Key 68 was pressed by player 0
[2022-12-14 11:31:50] [SEVERE ] player 0 placing token on slot 6
[2022-12-14 11:31:50] [SEVERE ] setting player 0 freeze to 3000
[2022-12-14 11:31:50] [SEVERE ] setting player 0 freeze to 2325
[2022-12-14 11:31:51] [SEVERE ] setting player 0 freeze to 1325
[2022-12-14 11:31:52] [SEVERE ] setting player 0 freeze to 324
[2022-12-14 11:31:53] [SEVERE ] setting player 0 freeze to -676
[2022-12-14 11:31:54] [SEVERE ] Key 65 was pressed by player 0
[2022-12-14 11:31:54] [SEVERE ] removing player 0 token from slot 4
[2022-12-14 11:31:55] [SEVERE ] Key 83 was pressed by player 0
[2022-12-14 11:31:55] [SEVERE ] removing player 0 token from slot 5
[2022-12-14 11:31:55] [SEVERE ] Key 68 was pressed by player 0
[2022-12-14 11:31:55] [SEVERE ] removing player 0 token from slot 6
[2022-12-14 11:31:56] [SEVERE ] Key 87 was pressed by player 0
[2022-12-14 11:31:56] [SEVERE ] player 0 placing token on slot 1
[2022-12-14 11:31:56] [SEVERE ] Key 68 was pressed by player 0
[2022-12-14 11:31:56] [SEVERE ] player 0 placing token on slot 6
[2022-12-14 11:31:56] [SEVERE ] Key 65 was pressed by player 0
[2022-12-14 11:31:56] [SEVERE ] player 0 placing token on slot 4
[2022-12-14 11:31:56] [SEVERE ] setting player 0 freeze to 3000
[2022-12-14 11:31:56] [SEVERE ] setting player 0 freeze to 2815
[2022-12-14 11:31:57] [SEVERE ] setting player 0 freeze to 1815
[2022-12-14 11:31:58] [SEVERE ] setting player 0 freeze to 815
[2022-12-14 11:31:59] [SEVERE ] setting player 0 freeze to -185
[2022-12-14 11:32:01] [SEVERE ] Key 65 was pressed by player 0
[2022-12-14 11:32:01] [SEVERE ] removing player 0 token from slot 4
[2022-12-14 11:32:01] [SEVERE ] Key 87 was pressed by player 0
[2022-12-14 11:32:01] [SEVERE ] removing player 0 token from slot 1
[2022-12-14 11:32:01] [SEVERE ] Key 68 was pressed by player 0
[2022-12-14 11:32:01] [SEVERE ] removing player 0 token from slot 6
[2022-12-14 11:32:02] [SEVERE ] Key 68 was pressed by player 0
[2022-12-14 11:32:02] [SEVERE ] player 0 placing token on slot 6
[2022-12-14 11:32:02] [SEVERE ] Key 87 was pressed by player 0
[2022-12-14 11:32:02] [SEVERE ] player 0 placing token on slot 1
[2022-12-14 11:32:02] [SEVERE ] Key 65 was pressed by player 0
[2022-12-14 11:32:02] [SEVERE ] player 0 placing token on slot 4
[2022-12-14 11:32:02] [SEVERE ] setting player 0 freeze to 3000
[2022-12-14 11:32:02] [SEVERE ] setting player 0 freeze to 2918
[2022-12-14 11:32:03] [SEVERE ] Key 65 was pressed by player 0
[2022-12-14 11:32:03] [SEVERE ] Key 68 was pressed by player 0
[2022-12-14 11:32:03] [SEVERE ] Key 65 was pressed by player 0
[2022-12-14 11:32:03] [SEVERE ] Key 68 was pressed by player 0
[2022-12-14 11:32:03] [SEVERE ] Key 68 was pressed by player 0
[2022-12-14 11:32:03] [SEVERE ] setting player 0 freeze to 1918
[2022-12-14 11:32:04] [SEVERE ] Key 65 was pressed by player 0
[2022-12-14 11:32:04] [SEVERE ] Key 68 was pressed by player 0
[2022-12-14 11:32:04] [SEVERE ] setting player 0 freeze to 919
[2022-12-14 11:32:04] [SEVERE ] setting player 0 freeze to 907
[2022-12-14 11:32:04] [SEVERE ] setting player 0 freeze to 893
[2022-12-14 11:32:04] [SEVERE ] setting player 0 freeze to 878
[2022-12-14 11:32:04] [SEVERE ] setting player 0 freeze to 863
[2022-12-14 11:32:04] [SEVERE ] setting player 0 freeze to 847
[2022-12-14 11:32:04] [SEVERE ] setting player 0 freeze to 832
[2022-12-14 11:32:05] [SEVERE ] setting player 0 freeze to 816
[2022-12-14 11:32:05] [SEVERE ] setting player 0 freeze to 801
[2022-12-14 11:32:05] [SEVERE ] setting player 0 freeze to 785
[2022-12-14 11:32:05] [SEVERE ] setting player 0 freeze to 769
[2022-12-14 11:32:05] [SEVERE ] setting player 0 freeze to 752
[2022-12-14 11:32:05] [SEVERE ] setting player 0 freeze to 738
[2022-12-14 11:32:05] [SEVERE ] setting player 0 freeze to 722
[2022-12-14 11:32:05] [SEVERE ] setting player 0 freeze to 706
[2022-12-14 11:32:05] [SEVERE ] setting player 0 freeze to 690
[2022-12-14 11:32:05] [SEVERE ] setting player 0 freeze to 674
[2022-12-14 11:32:05] [SEVERE ] setting player 0 freeze to 659
[2022-12-14 11:32:05] [SEVERE ] setting player 0 freeze to 643
[2022-12-14 11:32:05] [SEVERE ] setting player 0 freeze to 628
[2022-12-14 11:32:05] [SEVERE ] setting player 0 freeze to 612
[2022-12-14 11:32:05] [SEVERE ] setting player 0 freeze to 596
[2022-12-14 11:32:05] [SEVERE ] setting player 0 freeze to 581
[2022-12-14 11:32:05] [SEVERE ] Key 65 was pressed by player 0
[2022-12-14 11:32:05] [SEVERE ] setting player 0 freeze to 566
[2022-12-14 11:32:05] [SEVERE ] setting player 0 freeze to 550
[2022-12-14 11:32:05] [SEVERE ] setting player 0 freeze to 535
[2022-12-14 11:32:05] [SEVERE ] setting player 0 freeze to 519
[2022-12-14 11:32:05] [SEVERE ] setting player 0 freeze to 503
[2022-12-14 11:32:05] [SEVERE ] setting player 0 freeze to 488
[2022-12-14 11:32:05] [SEVERE ] setting player 0 freeze to 472
[2022-12-14 11:32:05] [SEVERE ] setting player 0 freeze to 457
[2022-12-14 11:32:05] [SEVERE ] setting player 0 freeze to 441
[2022-12-14 11:32:05] [SEVERE ] setting player 0 freeze to 426
[2022-12-14 11:32:05] [SEVERE ] setting player 0 freeze to 410
[2022-12-14 11:32:05] [SEVERE ] setting player 0 freeze to 393
[2022-12-14 11:32:05] [SEVERE ] setting player 0 freeze to 378
[2022-12-14 11:32:05] [SEVERE ] setting player 0 freeze to 362
[2022-12-14 11:32:05] [SEVERE ] setting player 0 freeze to 347
[2022-12-14 11:32:05] [SEVERE ] setting player 0 freeze to 331
[2022-12-14 11:32:05] [SEVERE ] setting player 0 freeze to 316
[2022-12-14 11:32:05] [SEVERE ] setting player 0 freeze to 301
[2022-12-14 11:32:05] [SEVERE ] setting player 0 freeze to 285
[2022-12-14 11:32:05] [SEVERE ] setting player 0 freeze to 270
[2022-12-14 11:32:05] [SEVERE ] setting player 0 freeze to 255
[2022-12-14 11:32:05] [SEVERE ] setting player 0 freeze to 239
[2022-12-14 11:32:05] [SEVERE ] setting player 0 freeze to 223
[2022-12-14 11:32:05] [SEVERE ] setting player 0 freeze to 208
[2022-12-14 11:32:05] [SEVERE ] setting player 0 freeze to 193
[2022-12-14 11:32:05] [SEVERE ] setting player 0 freeze to 177
[2022-12-14 11:32:05] [SEVERE ] setting player 0 freeze to 161
[2022-12-14 11:32:05] [SEVERE ] setting player 0 freeze to 138
[2022-12-14 11:32:05] [SEVERE ] setting player 0 freeze to 114
[2022-12-14 11:32:05] [SEVERE ] setting player 0 freeze to 98
[2022-12-14 11:32:05] [SEVERE ] setting player 0 freeze to 82
[2022-12-14 11:32:05] [SEVERE ] setting player 0 freeze to 67
[2022-12-14 11:32:05] [SEVERE ] setting player 0 freeze to 51
[2022-12-14 11:32:05] [SEVERE ] setting player 0 freeze to 35
[2022-12-14 11:32:05] [SEVERE ] setting player 0 freeze to 19
[2022-12-14 11:32:05] [SEVERE ] setting player 0 freeze to 4
[2022-12-14 11:32:05] [SEVERE ] setting player 0 freeze to -12
[2022-12-14 11:32:06] [SEVERE ] Key 68 was pressed by player 0
[2022-12-14 11:32:06] [SEVERE ] removing player 0 token from slot 6
[2022-12-14 11:32:06] [SEVERE ] Key 87 was pressed by player 0
[2022-12-14 11:32:06] [SEVERE ] removing player 0 token from slot 1
[2022-12-14 11:32:06] [SEVERE ] Key 65 was pressed by player 0
[2022-12-14 11:32:06] [SEVERE ] removing player 0 token from slot 4
[2022-12-14 11:32:06] [SEVERE ] Key 65 was pressed by player 0
[2022-12-14 11:32:07] [SEVERE ] player 0 placing token on slot 4
[2022-12-14 11:32:07] [SEVERE ] Key 68 was pressed by player 0
[2022-12-14 11:32:07] [SEVERE ] player 0 placing token on slot 6
[2022-12-14 11:32:07] [SEVERE ] Key 83 was pressed by player 0
[2022-12-14 11:32:07] [SEVERE ] player 0 placing token on slot 5
[2022-12-14 11:32:07] [SEVERE ] setting player 0 freeze to 3000
[2022-12-14 11:32:07] [SEVERE ] setting player 0 freeze to 2985
[2022-12-14 11:32:07] [SEVERE ] setting player 0 freeze to 2970
[2022-12-14 11:32:07] [SEVERE ] setting player 0 freeze to 2953
[2022-12-14 11:32:07] [SEVERE ] setting player 0 freeze to 2938
[2022-12-14 11:32:07] [SEVERE ] setting player 0 freeze to 2922
[2022-12-14 11:32:07] [SEVERE ] setting player 0 freeze to 2907
[2022-12-14 11:32:07] [SEVERE ] setting player 0 freeze to 2891
[2022-12-14 11:32:07] [SEVERE ] setting player 0 freeze to 2875
[2022-12-14 11:32:07] [SEVERE ] setting player 0 freeze to 2859
[2022-12-14 11:32:07] [SEVERE ] setting player 0 freeze to 2843
[2022-12-14 11:32:07] [SEVERE ] setting player 0 freeze to 2827
[2022-12-14 11:32:07] [SEVERE ] setting player 0 freeze to 2811
[2022-12-14 11:32:07] [SEVERE ] setting player 0 freeze to 2795
[2022-12-14 11:32:07] [SEVERE ] setting player 0 freeze to 2780
[2022-12-14 11:32:07] [SEVERE ] setting player 0 freeze to 2764
[2022-12-14 11:32:07] [SEVERE ] setting player 0 freeze to 2748
[2022-12-14 11:32:07] [SEVERE ] setting player 0 freeze to 2732
[2022-12-14 11:32:07] [SEVERE ] setting player 0 freeze to 2716
[2022-12-14 11:32:07] [SEVERE ] setting player 0 freeze to 2700
[2022-12-14 11:32:07] [SEVERE ] setting player 0 freeze to 2684
[2022-12-14 11:32:07] [SEVERE ] setting player 0 freeze to 2668
[2022-12-14 11:32:07] [SEVERE ] setting player 0 freeze to 2652
[2022-12-14 11:32:07] [SEVERE ] setting player 0 freeze to 2636
[2022-12-14 11:32:07] [SEVERE ] setting player 0 freeze to 2620
[2022-12-14 11:32:07] [SEVERE ] setting player 0 freeze to 2604
[2022-12-14 11:32:07] [SEVERE ] setting player 0 freeze to 2588
[2022-12-14 11:32:08] [SEVERE ] setting player 0 freeze to 2572
[2022-12-14 11:32:08] [SEVERE ] setting player 0 freeze to 2556
[2022-12-14 11:32:08] [SEVERE ] setting player 0 freeze to 2540
[2022-12-14 11:32:08] [SEVERE ] setting player 0 freeze to 2524
[2022-12-14 11:32:08] [SEVERE ] setting player 0 freeze to 2508
[2022-12-14 11:32:08] [SEVERE ] setting player 0 freeze to 2493
[2022-12-14 11:32:08] [SEVERE ] setting player 0 freeze to 2477
[2022-12-14 11:32:08] [SEVERE ] setting player 0 freeze to 2461
[2022-12-14 11:32:08] [SEVERE ] setting player 0 freeze to 2446
[2022-12-14 11:32:08] [SEVERE ] setting player 0 freeze to 2430
[2022-12-14 11:32:08] [SEVERE ] setting player 0 freeze to 2415
[2022-12-14 11:32:08] [SEVERE ] setting player 0 freeze to 2399
[2022-12-14 11:32:08] [SEVERE ] setting player 0 freeze to 2383
[2022-12-14 11:32:08] [SEVERE ] setting player 0 freeze to 2368
[2022-12-14 11:32:08] [SEVERE ] setting player 0 freeze to 2352
[2022-12-14 11:32:08] [SEVERE ] setting player 0 freeze to 2336
[2022-12-14 11:32:08] [SEVERE ] setting player 0 freeze to 2321
[2022-12-14 11:32:08] [SEVERE ] setting player 0 freeze to 2305
[2022-12-14 11:32:08] [SEVERE ] setting player 0 freeze to 2290
[2022-12-14 11:32:08] [SEVERE ] setting player 0 freeze to 2274
[2022-12-14 11:32:08] [SEVERE ] setting player 0 freeze to 2258
[2022-12-14 11:32:08] [SEVERE ] setting player 0 freeze to 2242
[2022-12-14 11:32:08] [SEVERE ] setting player 0 freeze to 2226
[2022-12-14 11:32:08] [SEVERE ] setting player 0 freeze to 2211
[2022-12-14 11:32:08] [SEVERE ] setting player 0 freeze to 2195
[2022-12-14 11:32:08] [SEVERE ] setting player 0 freeze to 2179
[2022-12-14 11:32:08] [SEVERE ] setting player 0 freeze to 2164
[2022-12-14 11:32:08] [SEVERE ] setting player 0 freeze to 2148
[2022-12-14 11:32:08] [SEVERE ] setting player 0 freeze to 2133
[2022-12-14 11:32:08] [SEVERE ] setting player 0 freeze to 2117
[2022-12-14 11:32:08] [SEVERE ] setting player 0 freeze to 2102
[2022-12-14 11:32:08] [SEVERE ] setting player 0 freeze to 2087
[2022-12-14 11:32:08] [SEVERE ] setting player 0 freeze to 2071
[2022-12-14 11:32:08] [SEVERE ] setting player 0 freeze to 2025
[2022-12-14 11:32:08] [SEVERE ] setting player 0 freeze to 2010
[2022-12-14 11:32:08] [SEVERE ] setting player 0 freeze to 1994
[2022-12-14 11:32:08] [SEVERE ] setting player 0 freeze to 1979
[2022-12-14 11:32:08] [SEVERE ] setting player 0 freeze to 1963
[2022-12-14 11:32:08] [SEVERE ] setting player 0 freeze to 1948
[2022-12-14 11:32:08] [SEVERE ] setting player 0 freeze to 1925
[2022-12-14 11:32:08] [SEVERE ] setting player 0 freeze to 1900
[2022-12-14 11:32:08] [SEVERE ] setting player 0 freeze to 1884
[2022-12-14 11:32:08] [SEVERE ] setting player 0 freeze to 1869
[2022-12-14 11:32:08] [SEVERE ] setting player 0 freeze to 1854
[2022-12-14 11:32:08] [SEVERE ] setting player 0 freeze to 1838
[2022-12-14 11:32:08] [SEVERE ] setting player 0 freeze to 1820
[2022-12-14 11:32:08] [SEVERE ] setting player 0 freeze to 1807
[2022-12-14 11:32:08] [SEVERE ] setting player 0 freeze to 1791
[2022-12-14 11:32:08] [SEVERE ] setting player 0 freeze to 1775
[2022-12-14 11:32:08] [SEVERE ] setting player 0 freeze to 1760
[2022-12-14 11:32:08] [SEVERE ] setting player 0 freeze to 1744
[2022-12-14 11:32:08] [SEVERE ] setting player 0 freeze to 1729
[2022-12-14 11:32:08] [SEVERE ] setting player 0 freeze to 1714
[2022-12-14 11:32:08] [SEVERE ] setting player 0 freeze to 1699
[2022-12-14 11:32:08] [SEVERE ] setting player 0 freeze to 1683
[2022-12-14 11:32:08] [SEVERE ] setting player 0 freeze to 1668
[2022-12-14 11:32:08] [SEVERE ] setting player 0 freeze to 1652
[2022-12-14 11:32:08] [SEVERE ] setting player 0 freeze to 1636
[2022-12-14 11:32:08] [SEVERE ] setting player 0 freeze to 1620
[2022-12-14 11:32:08] [SEVERE ] setting player 0 freeze to 1605
[2022-12-14 11:32:08] [SEVERE ] setting player 0 freeze to 1588
[2022-12-14 11:32:09] [SEVERE ] setting player 0 freeze to 1573
[2022-12-14 11:32:09] [SEVERE ] setting player 0 freeze to 1556
[2022-12-14 11:32:09] [SEVERE ] setting player 0 freeze to 1541
[2022-12-14 11:32:09] [SEVERE ] setting player 0 freeze to 1526
[2022-12-14 11:32:09] [SEVERE ] setting player 0 freeze to 1510
[2022-12-14 11:32:09] [SEVERE ] setting player 0 freeze to 1495
[2022-12-14 11:32:09] [SEVERE ] setting player 0 freeze to 1479
[2022-12-14 11:32:09] [SEVERE ] setting player 0 freeze to 1463
[2022-12-14 11:32:09] [SEVERE ] setting player 0 freeze to 1447
[2022-12-14 11:32:09] [SEVERE ] setting player 0 freeze to 1432
[2022-12-14 11:32:09] [SEVERE ] setting player 0 freeze to 1416
[2022-12-14 11:32:09] [SEVERE ] setting player 0 freeze to 1400
[2022-12-14 11:32:09] [SEVERE ] setting player 0 freeze to 1384
[2022-12-14 11:32:09] [SEVERE ] setting player 0 freeze to 1367
[2022-12-14 11:32:09] [SEVERE ] setting player 0 freeze to 1352
[2022-12-14 11:32:09] [SEVERE ] setting player 0 freeze to 1337
[2022-12-14 11:32:09] [SEVERE ] setting player 0 freeze to 1321
[2022-12-14 11:32:09] [SEVERE ] setting player 0 freeze to 1305
[2022-12-14 11:32:09] [SEVERE ] setting player 0 freeze to 1290
[2022-12-14 11:32:09] [SEVERE ] setting player 0 freeze to 1275
[2022-12-14 11:32:09] [SEVERE ] setting player 0 freeze to 1259
[2022-12-14 11:32:09] [SEVERE ] setting player 0 freeze to 1244
[2022-12-14 11:32:09] [SEVERE ] Key 65 was pressed by player 0
[2022-12-14 11:32:09] [SEVERE ] setting player 0 freeze to 1229
[2022-12-14 11:32:09] [SEVERE ] setting player 0 freeze to 1213
[2022-12-14 11:32:09] [SEVERE ] setting player 0 freeze to 1198
[2022-12-14 11:32:09] [SEVERE ] setting player 0 freeze to 1182
[2022-12-14 11:32:09] [SEVERE ] setting player 0 freeze to 1166
[2022-12-14 11:32:09] [SEVERE ] setting player 0 freeze to 1150
[2022-12-14 11:32:09] [SEVERE ] setting player 0 freeze to 1134
[2022-12-14 11:32:09] [SEVERE ] setting player 0 freeze to 1119
[2022-12-14 11:32:09] [SEVERE ] setting player 0 freeze to 1103
[2022-12-14 11:32:09] [SEVERE ] setting player 0 freeze to 1088
[2022-12-14 11:32:09] [SEVERE ] setting player 0 freeze to 1072
[2022-12-14 11:32:09] [SEVERE ] setting player 0 freeze to 1057
[2022-12-14 11:32:09] [SEVERE ] setting player 0 freeze to 1041
[2022-12-14 11:32:09] [SEVERE ] setting player 0 freeze to 1025
[2022-12-14 11:32:09] [SEVERE ] Key 68 was pressed by player 0
[2022-12-14 11:32:09] [SEVERE ] setting player 0 freeze to 1010
[2022-12-14 11:32:09] [SEVERE ] setting player 0 freeze to 994
[2022-12-14 11:32:09] [SEVERE ] setting player 0 freeze to 978
[2022-12-14 11:32:09] [SEVERE ] setting player 0 freeze to 962
[2022-12-14 11:32:09] [SEVERE ] setting player 0 freeze to 946
[2022-12-14 11:32:09] [SEVERE ] setting player 0 freeze to 930
[2022-12-14 11:32:09] [SEVERE ] setting player 0 freeze to 914
[2022-12-14 11:32:09] [SEVERE ] setting player 0 freeze to 898
[2022-12-14 11:32:09] [SEVERE ] setting player 0 freeze to 883
[2022-12-14 11:32:09] [SEVERE ] setting player 0 freeze to 867
[2022-12-14 11:32:09] [SEVERE ] setting player 0 freeze to 851
[2022-12-14 11:32:09] [SEVERE ] setting player 0 freeze to 835
[2022-12-14 11:32:09] [SEVERE ] setting player 0 freeze to 819
[2022-12-14 11:32:09] [SEVERE ] setting player 0 freeze to 803
[2022-12-14 11:32:09] [SEVERE ] setting player 0 freeze to 788
[2022-12-14 11:32:09] [SEVERE ] setting player 0 freeze to 772
[2022-12-14 11:32:09] [SEVERE ] Key 83 was pressed by player 0
[2022-12-14 11:32:09] [SEVERE ] setting player 0 freeze to 756
[2022-12-14 11:32:09] [SEVERE ] setting player 0 freeze to 741
[2022-12-14 11:32:09] [SEVERE ] setting player 0 freeze to 725
[2022-12-14 11:32:09] [SEVERE ] setting player 0 freeze to 710
[2022-12-14 11:32:09] [SEVERE ] setting player 0 freeze to 694
[2022-12-14 11:32:09] [SEVERE ] setting player 0 freeze to 678
[2022-12-14 11:32:09] [SEVERE ] setting player 0 freeze to 662
[2022-12-14 11:32:09] [SEVERE ] setting player 0 freeze to 646
[2022-12-14 11:32:09] [SEVERE ] setting player 0 freeze to 630
[2022-12-14 11:32:09] [SEVERE ] setting player 0 freeze to 614
[2022-12-14 11:32:09] [SEVERE ] setting player 0 freeze to 599
[2022-12-14 11:32:09] [SEVERE ] setting player 0 freeze to 583
[2022-12-14 11:32:10] [SEVERE ] setting player 0 freeze to 567
[2022-12-14 11:32:10] [SEVERE ] setting player 0 freeze to 551
[2022-12-14 11:32:10] [SEVERE ] removing card from slot 0
[2022-12-14 11:32:10] [SEVERE ] setting player 0 freeze to 540
[2022-12-14 11:32:10] [SEVERE ] setting player 0 freeze to 520
[2022-12-14 11:32:10] [SEVERE ] setting player 0 freeze to 504
[2022-12-14 11:32:10] [SEVERE ] setting player 0 freeze to 488
[2022-12-14 11:32:10] [SEVERE ] Key 65 was pressed by player 0
[2022-12-14 11:32:10] [SEVERE ] setting player 0 freeze to 472
[2022-12-14 11:32:10] [SEVERE ] setting player 0 freeze to 456
[2022-12-14 11:32:10] [SEVERE ] setting player 0 freeze to 441
[2022-12-14 11:32:10] [SEVERE ] removing card from slot 1
[2022-12-14 11:32:10] [SEVERE ] setting player 0 freeze to 429
[2022-12-14 11:32:10] [SEVERE ] setting player 0 freeze to 409
[2022-12-14 11:32:10] [SEVERE ] setting player 0 freeze to 389
[2022-12-14 11:32:10] [SEVERE ] setting player 0 freeze to 362
[2022-12-14 11:32:10] [SEVERE ] setting player 0 freeze to 347
[2022-12-14 11:32:10] [SEVERE ] setting player 0 freeze to 330
[2022-12-14 11:32:10] [SEVERE ] removing card from slot 2
[2022-12-14 11:32:10] [SEVERE ] setting player 0 freeze to 319
[2022-12-14 11:32:10] [SEVERE ] setting player 0 freeze to 299
[2022-12-14 11:32:10] [SEVERE ] setting player 0 freeze to 283
[2022-12-14 11:32:10] [SEVERE ] setting player 0 freeze to 267
[2022-12-14 11:32:10] [SEVERE ] setting player 0 freeze to 252
[2022-12-14 11:32:10] [SEVERE ] setting player 0 freeze to 237
[2022-12-14 11:32:10] [SEVERE ] setting player 0 freeze to 221
[2022-12-14 11:32:10] [SEVERE ] removing card from slot 3
[2022-12-14 11:32:10] [SEVERE ] setting player 0 freeze to 209
[2022-12-14 11:32:10] [SEVERE ] setting player 0 freeze to 184
[2022-12-14 11:32:10] [SEVERE ] setting player 0 freeze to 158
[2022-12-14 11:32:10] [SEVERE ] setting player 0 freeze to 143
[2022-12-14 11:32:10] [SEVERE ] setting player 0 freeze to 128
[2022-12-14 11:32:10] [SEVERE ] removing card from slot 4
[2022-12-14 11:32:10] [SEVERE ] setting player 0 freeze to 112
[2022-12-14 11:32:10] [SEVERE ] setting player 0 freeze to 97
[2022-12-14 11:32:10] [SEVERE ] setting player 0 freeze to 82
[2022-12-14 11:32:10] [SEVERE ] setting player 0 freeze to 66
[2022-12-14 11:32:10] [SEVERE ] setting player 0 freeze to 51
[2022-12-14 11:32:10] [SEVERE ] setting player 0 freeze to 35
[2022-12-14 11:32:10] [SEVERE ] setting player 0 freeze to 19
[2022-12-14 11:32:10] [SEVERE ] setting player 0 freeze to 4
[2022-12-14 11:32:10] [SEVERE ] removing card from slot 5
[2022-12-14 11:32:10] [SEVERE ] setting player 0 freeze to -8
[2022-12-14 11:32:10] [SEVERE ] removing card from slot 6
[2022-12-14 11:32:10] [SEVERE ] removing card from slot 7
[2022-12-14 11:32:10] [SEVERE ] removing card from slot 8
[2022-12-14 11:32:11] [SEVERE ] removing card from slot 9
[2022-12-14 11:32:11] [SEVERE ] removing card from slot 10
[2022-12-14 11:32:11] [SEVERE ] removing card from slot 11
[2022-12-14 11:32:11] [SEVERE ] removing player 0 token from slot 4
[2022-12-14 11:32:11] [SEVERE ] removing player 0 token from slot 6
[2022-12-14 11:32:11] [SEVERE ] removing player 0 token from slot 5
[2022-12-14 11:32:11] [SEVERE ] placing card 78 in slot 11
[2022-12-14 11:32:11] [SEVERE ] placing card 72 in slot 2
[2022-12-14 11:32:11] [SEVERE ] placing card 65 in slot 4
[2022-12-14 11:32:11] [SEVERE ] placing card 26 in slot 8
[2022-12-14 11:32:11] [SEVERE ] placing card 3 in slot 3
[2022-12-14 11:32:11] [SEVERE ] placing card 32 in slot 6
[2022-12-14 11:32:11] [SEVERE ] placing card 22 in slot 5
[2022-12-14 11:32:12] [SEVERE ] placing card 58 in slot 7
[2022-12-14 11:32:12] [SEVERE ] placing card 36 in slot 9
[2022-12-14 11:32:12] [SEVERE ] placing card 66 in slot 1
[2022-12-14 11:32:12] [SEVERE ] placing card 70 in slot 10
[2022-12-14 11:32:12] [SEVERE ] placing card 0 in slot 0
[2022-12-14 11:32:13] [SEVERE ] Exit button pressed
[2022-12-14 11:32:14] [SEVERE ] removing card from slot 0
[2022-12-14 11:32:14] [SEVERE ] removing card from slot 1
[2022-12-14 11:32:14] [SEVERE ] removing card from slot 2
[2022-12-14 11:32:14] [SEVERE ] removing card from slot 3
[2022-12-14 11:32:14] [SEVERE ] removing card from slot 4
[2022-12-14 11:32:14] [SEVERE ] removing card from slot 5
[2022-12-14 11:32:15] [SEVERE ] removing card from slot 6
[2022-12-14 11:32:15] [SEVERE ] removing card from slot 7
[2022-12-14 11:32:15] [SEVERE ] removing card from slot 8
[2022-12-14 11:32:15] [SEVERE ] removing card from slot 9
[2022-12-14 11:32:15] [SEVERE ] removing card from slot 10
[2022-12-14 11:32:15] [SEVERE ] removing card from slot 11
[2022-12-14 11:32:15] [SEVERE ] announcing winners: [1, 0]
[2022-12-14 11:32:15] [INFO   ] Thread main terminated.
