[2022-12-11 23:07:19] [INFO   ] cannot read configuration file config.properties trying from resources.
[2022-12-11 23:07:20] [INFO   ] configuration file was loaded from resources directory.
[2022-12-11 23:07:21] [SEVERE ] placing card 12 in slot 1
[2022-12-11 23:07:21] [SEVERE ] placing card 63 in slot 2
[2022-12-11 23:07:21] [SEVERE ] placing card 45 in slot 3
[2022-12-11 23:07:21] [SEVERE ] placing card 18 in slot 11
[2022-12-11 23:07:22] [SEVERE ] placing card 7 in slot 10
[2022-12-11 23:07:22] [SEVERE ] placing card 21 in slot 7
[2022-12-11 23:07:22] [SEVERE ] placing card 72 in slot 4
[2022-12-11 23:07:22] [SEVERE ] placing card 58 in slot 9
[2022-12-11 23:07:22] [SEVERE ] placing card 77 in slot 6
[2022-12-11 23:07:22] [SEVERE ] placing card 6 in slot 5
[2022-12-11 23:07:22] [SEVERE ] placing card 23 in slot 0
[2022-12-11 23:07:22] [SEVERE ] placing card 20 in slot 8
[2022-12-11 23:07:22] [SEVERE ] player 2 placing token on slot 5
[2022-12-11 23:07:22] [SEVERE ] player 1 placing token on slot 1
[2022-12-11 23:07:22] [SEVERE ] player 3 placing token on slot 4
[2022-12-11 23:07:22] [SEVERE ] player 0 placing token on slot 0
[2022-12-11 23:07:23] [SEVERE ] player 1 placing token on slot 6
[2022-12-11 23:07:23] [SEVERE ] player 3 placing token on slot 7
[2022-12-11 23:07:23] [SEVERE ] player 0 placing token on slot 4
[2022-12-11 23:07:23] [SEVERE ] removing player 2 token from slot 5
[2022-12-11 23:07:23] [SEVERE ] player 1 placing token on slot 11
[2022-12-11 23:07:23] [SEVERE ] player 3 placing token on slot 0
[2022-12-11 23:07:23] [SEVERE ] player 0 placing token on slot 6
[2022-12-11 23:07:23] [SEVERE ] player 2 placing token on slot 11
[2022-12-11 23:07:23] [SEVERE ] setting player 1 freeze to 3000
[2022-12-11 23:07:23] [SEVERE ] setting player 0 freeze to 3000
[2022-12-11 23:07:23] [SEVERE ] setting player 3 freeze to 3000
[2022-12-11 23:07:23] [SEVERE ] removing player 3 token from slot 7
[2022-12-11 23:07:23] [SEVERE ] removing player 0 token from slot 6
[2022-12-11 23:07:23] [SEVERE ] removing player 1 token from slot 1
[2022-12-11 23:07:23] [SEVERE ] player 2 placing token on slot 2
[2022-12-11 23:07:23] [SEVERE ] setting player 0 freeze to 2894
[2022-12-11 23:07:23] [SEVERE ] setting player 1 freeze to 2893
[2022-12-11 23:07:23] [SEVERE ] setting player 3 freeze to 2896
[2022-12-11 23:07:23] [SEVERE ] player 2 placing token on slot 5
[2022-12-11 23:07:23] [SEVERE ] setting player 0 freeze to 2790
[2022-12-11 23:07:23] [SEVERE ] setting player 1 freeze to 2785
[2022-12-11 23:07:23] [SEVERE ] setting player 2 freeze to 3000
[2022-12-11 23:07:23] [SEVERE ] setting player 3 freeze to 2787
[2022-12-11 23:07:23] [SEVERE ] removing player 2 token from slot 2
[2022-12-11 23:07:23] [SEVERE ] setting player 2 freeze to 2893
[2022-12-11 23:07:23] [SEVERE ] setting player 0 freeze to 2678
[2022-12-11 23:07:23] [SEVERE ] setting player 1 freeze to 2677
[2022-12-11 23:07:23] [SEVERE ] setting player 3 freeze to 2679
[2022-12-11 23:07:23] [SEVERE ] setting player 1 freeze to 2568
[2022-12-11 23:07:23] [SEVERE ] setting player 0 freeze to 2569
[2022-12-11 23:07:23] [SEVERE ] setting player 2 freeze to 2784
[2022-12-11 23:07:23] [SEVERE ] setting player 3 freeze to 2571
[2022-12-11 23:07:23] [SEVERE ] setting player 1 freeze to 2467
[2022-12-11 23:07:23] [SEVERE ] setting player 2 freeze to 2674
[2022-12-11 23:07:23] [SEVERE ] setting player 0 freeze to 2459
[2022-12-11 23:07:23] [SEVERE ] setting player 3 freeze to 2460
[2022-12-11 23:07:23] [SEVERE ] setting player 1 freeze to 2362
[2022-12-11 23:07:23] [SEVERE ] setting player 0 freeze to 2347
[2022-12-11 23:07:23] [SEVERE ] setting player 2 freeze to 2562
[2022-12-11 23:07:23] [SEVERE ] setting player 3 freeze to 2348
[2022-12-11 23:07:24] [SEVERE ] setting player 1 freeze to 2252
[2022-12-11 23:07:24] [SEVERE ] setting player 0 freeze to 2238
[2022-12-11 23:07:24] [SEVERE ] setting player 2 freeze to 2453
[2022-12-11 23:07:24] [SEVERE ] setting player 3 freeze to 2239
[2022-12-11 23:07:24] [SEVERE ] setting player 1 freeze to 2143
[2022-12-11 23:07:24] [SEVERE ] setting player 2 freeze to 2343
[2022-12-11 23:07:24] [SEVERE ] setting player 0 freeze to 2128
[2022-12-11 23:07:24] [SEVERE ] setting player 3 freeze to 2130
[2022-12-11 23:07:24] [SEVERE ] setting player 1 freeze to 2034
[2022-12-11 23:07:24] [SEVERE ] setting player 2 freeze to 2242
[2022-12-11 23:07:24] [SEVERE ] setting player 0 freeze to 2019
[2022-12-11 23:07:24] [SEVERE ] setting player 3 freeze to 2020
[2022-12-11 23:07:24] [SEVERE ] setting player 2 freeze to 2140
[2022-12-11 23:07:24] [SEVERE ] setting player 1 freeze to 1924
[2022-12-11 23:07:24] [SEVERE ] setting player 0 freeze to 1910
[2022-12-11 23:07:24] [SEVERE ] setting player 3 freeze to 1911
[2022-12-11 23:07:24] [SEVERE ] setting player 2 freeze to 2031
[2022-12-11 23:07:24] [SEVERE ] setting player 1 freeze to 1815
[2022-12-11 23:07:24] [SEVERE ] setting player 0 freeze to 1801
[2022-12-11 23:07:24] [SEVERE ] setting player 3 freeze to 1803
[2022-12-11 23:07:24] [SEVERE ] setting player 1 freeze to 1707
[2022-12-11 23:07:24] [SEVERE ] setting player 2 freeze to 1923
[2022-12-11 23:07:24] [SEVERE ] setting player 0 freeze to 1692
[2022-12-11 23:07:24] [SEVERE ] setting player 3 freeze to 1693
[2022-12-11 23:07:24] [SEVERE ] setting player 1 freeze to 1596
[2022-12-11 23:07:24] [SEVERE ] setting player 2 freeze to 1812
[2022-12-11 23:07:24] [SEVERE ] setting player 0 freeze to 1581
[2022-12-11 23:07:24] [SEVERE ] setting player 3 freeze to 1582
[2022-12-11 23:07:24] [SEVERE ] setting player 2 freeze to 1702
[2022-12-11 23:07:24] [SEVERE ] setting player 1 freeze to 1486
[2022-12-11 23:07:24] [SEVERE ] setting player 0 freeze to 1471
[2022-12-11 23:07:24] [SEVERE ] setting player 3 freeze to 1472
[2022-12-11 23:07:24] [SEVERE ] setting player 2 freeze to 1593
[2022-12-11 23:07:24] [SEVERE ] setting player 1 freeze to 1377
[2022-12-11 23:07:24] [SEVERE ] setting player 0 freeze to 1362
[2022-12-11 23:07:24] [SEVERE ] setting player 3 freeze to 1363
[2022-12-11 23:07:24] [SEVERE ] setting player 1 freeze to 1266
[2022-12-11 23:07:24] [SEVERE ] setting player 2 freeze to 1482
[2022-12-11 23:07:25] [SEVERE ] setting player 0 freeze to 1251
[2022-12-11 23:07:25] [SEVERE ] setting player 3 freeze to 1252
[2022-12-11 23:07:25] [SEVERE ] setting player 1 freeze to 1155
[2022-12-11 23:07:25] [SEVERE ] setting player 2 freeze to 1371
[2022-12-11 23:07:25] [SEVERE ] setting player 0 freeze to 1141
[2022-12-11 23:07:25] [SEVERE ] setting player 3 freeze to 1142
[2022-12-11 23:07:25] [SEVERE ] setting player 1 freeze to 1045
[2022-12-11 23:07:25] [SEVERE ] setting player 2 freeze to 1261
[2022-12-11 23:07:25] [SEVERE ] setting player 0 freeze to 1030
[2022-12-11 23:07:25] [SEVERE ] setting player 3 freeze to 1031
[2022-12-11 23:07:25] [SEVERE ] setting player 1 freeze to 934
[2022-12-11 23:07:25] [SEVERE ] setting player 2 freeze to 1150
[2022-12-11 23:07:25] [SEVERE ] setting player 0 freeze to 920
[2022-12-11 23:07:25] [SEVERE ] setting player 3 freeze to 922
[2022-12-11 23:07:25] [SEVERE ] setting player 1 freeze to 825
[2022-12-11 23:07:25] [SEVERE ] setting player 2 freeze to 1041
[2022-12-11 23:07:25] [SEVERE ] setting player 0 freeze to 809
[2022-12-11 23:07:25] [SEVERE ] setting player 3 freeze to 811
[2022-12-11 23:07:25] [SEVERE ] setting player 2 freeze to 930
[2022-12-11 23:07:25] [SEVERE ] setting player 1 freeze to 714
[2022-12-11 23:07:25] [SEVERE ] setting player 0 freeze to 699
[2022-12-11 23:07:25] [SEVERE ] setting player 3 freeze to 700
[2022-12-11 23:07:25] [SEVERE ] setting player 1 freeze to 604
[2022-12-11 23:07:25] [SEVERE ] setting player 2 freeze to 820
[2022-12-11 23:07:25] [SEVERE ] setting player 0 freeze to 589
[2022-12-11 23:07:25] [SEVERE ] setting player 3 freeze to 591
[2022-12-11 23:07:25] [SEVERE ] setting player 2 freeze to 710
[2022-12-11 23:07:25] [SEVERE ] setting player 1 freeze to 494
[2022-12-11 23:07:25] [SEVERE ] setting player 0 freeze to 479
[2022-12-11 23:07:25] [SEVERE ] setting player 3 freeze to 480
[2022-12-11 23:07:25] [SEVERE ] setting player 2 freeze to 599
[2022-12-11 23:07:25] [SEVERE ] setting player 1 freeze to 383
[2022-12-11 23:07:25] [SEVERE ] setting player 0 freeze to 368
[2022-12-11 23:07:25] [SEVERE ] setting player 3 freeze to 369
[2022-12-11 23:07:25] [SEVERE ] setting player 1 freeze to 272
[2022-12-11 23:07:25] [SEVERE ] setting player 2 freeze to 488
[2022-12-11 23:07:25] [SEVERE ] setting player 0 freeze to 258
[2022-12-11 23:07:26] [SEVERE ] setting player 3 freeze to 259
[2022-12-11 23:07:26] [SEVERE ] setting player 2 freeze to 379
[2022-12-11 23:07:26] [SEVERE ] setting player 1 freeze to 163
[2022-12-11 23:07:26] [SEVERE ] setting player 0 freeze to 149
[2022-12-11 23:07:26] [SEVERE ] setting player 3 freeze to 150
[2022-12-11 23:07:26] [SEVERE ] setting player 2 freeze to 269
[2022-12-11 23:07:26] [SEVERE ] setting player 0 freeze to 39
[2022-12-11 23:07:26] [SEVERE ] setting player 1 freeze to 53
[2022-12-11 23:07:26] [SEVERE ] setting player 3 freeze to 40
[2022-12-11 23:07:26] [SEVERE ] setting player 2 freeze to 146
[2022-12-11 23:07:26] [SEVERE ] setting player 0 freeze to -72
[2022-12-11 23:07:26] [SEVERE ] setting player 1 freeze to -73
[2022-12-11 23:07:26] [SEVERE ] setting player 3 freeze to -71
[2022-12-11 23:07:26] [SEVERE ] player 0 placing token on slot 5
[2022-12-11 23:07:26] [SEVERE ] setting player 2 freeze to 34
[2022-12-11 23:07:26] [SEVERE ] removing player 1 token from slot 11
[2022-12-11 23:07:26] [SEVERE ] player 3 placing token on slot 11
[2022-12-11 23:07:26] [SEVERE ] removing player 0 token from slot 4
[2022-12-11 23:07:26] [SEVERE ] player 1 placing token on slot 0
[2022-12-11 23:07:26] [SEVERE ] setting player 2 freeze to -76
[2022-12-11 23:07:26] [SEVERE ] removing player 3 token from slot 4
[2022-12-11 23:07:26] [SEVERE ] player 0 placing token on slot 2
[2022-12-11 23:07:26] [SEVERE ] player 1 placing token on slot 8
[2022-12-11 23:07:26] [SEVERE ] removing player 2 token from slot 5
[2022-12-11 23:07:26] [SEVERE ] setting player 1 freeze to 3000
[2022-12-11 23:07:26] [SEVERE ] setting player 0 freeze to 3000
[2022-12-11 23:07:26] [SEVERE ] player 3 placing token on slot 6
[2022-12-11 23:07:26] [SEVERE ] setting player 3 freeze to 2999
[2022-12-11 23:07:26] [SEVERE ] removing player 0 token from slot 5
[2022-12-11 23:07:26] [SEVERE ] removing player 1 token from slot 0
[2022-12-11 23:07:26] [SEVERE ] player 2 placing token on slot 7
[2022-12-11 23:07:26] [SEVERE ] setting player 1 freeze to 2894
[2022-12-11 23:07:26] [SEVERE ] setting player 0 freeze to 2894
[2022-12-11 23:07:26] [SEVERE ] setting player 3 freeze to 2894
[2022-12-11 23:07:26] [SEVERE ] removing player 3 token from slot 6
[2022-12-11 23:07:26] [SEVERE ] removing player 2 token from slot 7
[2022-12-11 23:07:26] [SEVERE ] setting player 1 freeze to 2785
[2022-12-11 23:07:26] [SEVERE ] setting player 0 freeze to 2785
[2022-12-11 23:07:26] [SEVERE ] setting player 3 freeze to 2784
[2022-12-11 23:07:26] [SEVERE ] player 2 placing token on slot 1
[2022-12-11 23:07:26] [SEVERE ] setting player 0 freeze to 2676
[2022-12-11 23:07:26] [SEVERE ] setting player 1 freeze to 2676
[2022-12-11 23:07:26] [SEVERE ] setting player 3 freeze to 2675
[2022-12-11 23:07:27] [SEVERE ] player 2 placing token on slot 7
[2022-12-11 23:07:27] [SEVERE ] setting player 0 freeze to 2575
[2022-12-11 23:07:27] [SEVERE ] setting player 1 freeze to 2566
[2022-12-11 23:07:27] [SEVERE ] setting player 3 freeze to 2566
[2022-12-11 23:07:27] [SEVERE ] removing player 2 token from slot 1
[2022-12-11 23:07:27] [SEVERE ] setting player 0 freeze to 2473
[2022-12-11 23:07:27] [SEVERE ] setting player 2 freeze to 3000
[2022-12-11 23:07:27] [SEVERE ] setting player 1 freeze to 2457
[2022-12-11 23:07:27] [SEVERE ] setting player 3 freeze to 2457
[2022-12-11 23:07:27] [SEVERE ] player 2 placing token on slot 3
[2022-12-11 23:07:27] [SEVERE ] setting player 0 freeze to 2363
[2022-12-11 23:07:27] [SEVERE ] setting player 2 freeze to 2891
[2022-12-11 23:07:27] [SEVERE ] setting player 1 freeze to 2348
[2022-12-11 23:07:27] [SEVERE ] setting player 3 freeze to 2347
[2022-12-11 23:07:27] [SEVERE ] setting player 2 freeze to 2782
[2022-12-11 23:07:27] [SEVERE ] setting player 0 freeze to 2254
[2022-12-11 23:07:27] [SEVERE ] setting player 1 freeze to 2239
[2022-12-11 23:07:27] [SEVERE ] setting player 3 freeze to 2238
[2022-12-11 23:07:27] [SEVERE ] setting player 2 freeze to 2672
[2022-12-11 23:07:27] [SEVERE ] setting player 0 freeze to 2144
[2022-12-11 23:07:27] [SEVERE ] setting player 1 freeze to 2129
[2022-12-11 23:07:27] [SEVERE ] setting player 3 freeze to 2128
[2022-12-11 23:07:27] [SEVERE ] setting player 2 freeze to 2569
[2022-12-11 23:07:27] [SEVERE ] setting player 0 freeze to 2035
[2022-12-11 23:07:27] [SEVERE ] setting player 1 freeze to 2019
[2022-12-11 23:07:27] [SEVERE ] setting player 3 freeze to 1988
[2022-12-11 23:07:27] [SEVERE ] setting player 0 freeze to 1926
[2022-12-11 23:07:27] [SEVERE ] setting player 2 freeze to 2454
[2022-12-11 23:07:27] [SEVERE ] setting player 1 freeze to 1911
[2022-12-11 23:07:27] [SEVERE ] Exit button pressed
[2022-12-11 23:07:27] [SEVERE ] setting player 3 freeze to 1878
[2022-12-11 23:07:27] [SEVERE ] setting player 0 freeze to 1816
[2022-12-11 23:07:27] [SEVERE ] setting player 2 freeze to 2344
[2022-12-11 23:07:27] [SEVERE ] setting player 1 freeze to 1801
[2022-12-11 23:07:27] [SEVERE ] setting player 3 freeze to 1768
[2022-12-11 23:07:27] [SEVERE ] removing card from slot 0
[2022-12-11 23:07:27] [SEVERE ] setting player 2 freeze to 2234
[2022-12-11 23:07:27] [SEVERE ] setting player 0 freeze to 1706
[2022-12-11 23:07:27] [SEVERE ] setting player 1 freeze to 1691
[2022-12-11 23:07:28] [SEVERE ] removing card from slot 1
[2022-12-11 23:07:28] [SEVERE ] setting player 3 freeze to 1659
[2022-12-11 23:07:28] [SEVERE ] setting player 0 freeze to 1596
[2022-12-11 23:07:28] [SEVERE ] setting player 2 freeze to 2124
[2022-12-11 23:07:28] [SEVERE ] setting player 1 freeze to 1580
[2022-12-11 23:07:28] [SEVERE ] removing card from slot 2
[2022-12-11 23:07:28] [SEVERE ] setting player 3 freeze to 1547
[2022-12-11 23:07:28] [SEVERE ] setting player 2 freeze to 2012
[2022-12-11 23:07:28] [SEVERE ] setting player 0 freeze to 1484
[2022-12-11 23:07:28] [SEVERE ] setting player 1 freeze to 1468
[2022-12-11 23:07:28] [SEVERE ] removing card from slot 3
[2022-12-11 23:07:28] [SEVERE ] setting player 3 freeze to 1437
[2022-12-11 23:07:28] [SEVERE ] setting player 2 freeze to 1911
[2022-12-11 23:07:28] [SEVERE ] setting player 0 freeze to 1375
[2022-12-11 23:07:28] [SEVERE ] setting player 1 freeze to 1360
[2022-12-11 23:07:28] [SEVERE ] removing card from slot 4
[2022-12-11 23:07:28] [SEVERE ] setting player 3 freeze to 1327
[2022-12-11 23:07:28] [SEVERE ] setting player 2 freeze to 1809
[2022-12-11 23:07:28] [SEVERE ] setting player 0 freeze to 1265
[2022-12-11 23:07:28] [SEVERE ] setting player 1 freeze to 1250
[2022-12-11 23:07:28] [SEVERE ] removing card from slot 5
[2022-12-11 23:07:28] [SEVERE ] setting player 3 freeze to 1219
[2022-12-11 23:07:28] [SEVERE ] setting player 2 freeze to 1701
[2022-12-11 23:07:28] [SEVERE ] setting player 0 freeze to 1158
[2022-12-11 23:07:28] [SEVERE ] setting player 1 freeze to 1142
[2022-12-11 23:07:28] [SEVERE ] removing card from slot 6
[2022-12-11 23:07:28] [SEVERE ] setting player 3 freeze to 1111
[2022-12-11 23:07:28] [SEVERE ] setting player 2 freeze to 1593
[2022-12-11 23:07:28] [SEVERE ] setting player 0 freeze to 1049
[2022-12-11 23:07:28] [SEVERE ] setting player 1 freeze to 1034
[2022-12-11 23:07:28] [SEVERE ] removing card from slot 7
[2022-12-11 23:07:28] [SEVERE ] setting player 3 freeze to 1002
[2022-12-11 23:07:28] [SEVERE ] setting player 2 freeze to 1484
[2022-12-11 23:07:28] [SEVERE ] setting player 0 freeze to 941
[2022-12-11 23:07:28] [SEVERE ] setting player 1 freeze to 925
[2022-12-11 23:07:28] [SEVERE ] removing card from slot 8
[2022-12-11 23:07:28] [SEVERE ] setting player 3 freeze to 893
[2022-12-11 23:07:28] [SEVERE ] setting player 2 freeze to 1376
[2022-12-11 23:07:28] [SEVERE ] setting player 0 freeze to 833
[2022-12-11 23:07:28] [SEVERE ] setting player 1 freeze to 817
[2022-12-11 23:07:28] [SEVERE ] removing card from slot 9
[2022-12-11 23:07:28] [SEVERE ] setting player 3 freeze to 786
[2022-12-11 23:07:28] [SEVERE ] setting player 2 freeze to 1268
[2022-12-11 23:07:28] [SEVERE ] setting player 0 freeze to 724
[2022-12-11 23:07:28] [SEVERE ] setting player 1 freeze to 708
[2022-12-11 23:07:28] [SEVERE ] removing card from slot 10
[2022-12-11 23:07:28] [SEVERE ] setting player 3 freeze to 676
[2022-12-11 23:07:29] [SEVERE ] setting player 2 freeze to 1146
[2022-12-11 23:07:29] [SEVERE ] setting player 0 freeze to 615
[2022-12-11 23:07:29] [SEVERE ] setting player 1 freeze to 599
[2022-12-11 23:07:29] [SEVERE ] removing card from slot 11
[2022-12-11 23:07:29] [SEVERE ] removing player 0 token from slot 0
[2022-12-11 23:07:29] [SEVERE ] removing player 0 token from slot 2
[2022-12-11 23:07:29] [SEVERE ] removing player 1 token from slot 6
[2022-12-11 23:07:29] [SEVERE ] removing player 1 token from slot 8
[2022-12-11 23:07:29] [SEVERE ] removing player 2 token from slot 11
[2022-12-11 23:07:29] [SEVERE ] removing player 2 token from slot 7
[2022-12-11 23:07:29] [SEVERE ] removing player 2 token from slot 3
[2022-12-11 23:07:29] [SEVERE ] removing player 3 token from slot 0
[2022-12-11 23:07:29] [SEVERE ] removing player 3 token from slot 11
[2022-12-11 23:07:29] [SEVERE ] announcing winners: [3, 2, 1, 0]
[2022-12-11 23:07:29] [SEVERE ] setting player 3 freeze to 566
[2022-12-11 23:07:29] [INFO   ] Thread main terminated.
