[2022-12-11 23:04:01] [INFO   ] cannot read configuration file config.properties trying from resources.
[2022-12-11 23:04:01] [INFO   ] configuration file was loaded from resources directory.
[2022-12-11 23:04:03] [SEVERE ] placing card 67 in slot 9
[2022-12-11 23:04:03] [SEVERE ] placing card 56 in slot 10
[2022-12-11 23:04:03] [SEVERE ] placing card 74 in slot 8
[2022-12-11 23:04:03] [SEVERE ] placing card 22 in slot 4
[2022-12-11 23:04:03] [SEVERE ] placing card 19 in slot 3
[2022-12-11 23:04:03] [SEVERE ] placing card 7 in slot 5
[2022-12-11 23:04:03] [SEVERE ] placing card 12 in slot 7
[2022-12-11 23:04:03] [SEVERE ] placing card 76 in slot 1
[2022-12-11 23:04:04] [SEVERE ] placing card 54 in slot 6
[2022-12-11 23:04:04] [SEVERE ] placing card 45 in slot 11
[2022-12-11 23:04:04] [SEVERE ] placing card 58 in slot 0
[2022-12-11 23:04:04] [SEVERE ] placing card 40 in slot 2
[2022-12-11 23:04:06] [SEVERE ] Key 81 was pressed by player 0
[2022-12-11 23:04:06] [SEVERE ] player 0 placing token on slot 0
[2022-12-11 23:04:07] [SEVERE ] Key 87 was pressed by player 0
[2022-12-11 23:04:07] [SEVERE ] player 0 placing token on slot 1
[2022-12-11 23:04:07] [SEVERE ] Key 69 was pressed by player 0
[2022-12-11 23:04:07] [SEVERE ] player 0 placing token on slot 2
[2022-12-11 23:04:07] [SEVERE ] setting player 0 freeze to 3000
[2022-12-11 23:04:07] [SEVERE ] setting player 0 freeze to 2893
[2022-12-11 23:04:08] [SEVERE ] setting player 0 freeze to 2784
[2022-12-11 23:04:08] [SEVERE ] setting player 0 freeze to 2673
[2022-12-11 23:04:08] [SEVERE ] setting player 0 freeze to 2563
[2022-12-11 23:04:08] [SEVERE ] setting player 0 freeze to 2452
[2022-12-11 23:04:08] [SEVERE ] setting player 0 freeze to 2342
[2022-12-11 23:04:08] [SEVERE ] setting player 0 freeze to 2233
[2022-12-11 23:04:08] [SEVERE ] setting player 0 freeze to 2123
[2022-12-11 23:04:08] [SEVERE ] setting player 0 freeze to 2011
[2022-12-11 23:04:08] [SEVERE ] setting player 0 freeze to 1900
[2022-12-11 23:04:09] [SEVERE ] setting player 0 freeze to 1791
[2022-12-11 23:04:09] [SEVERE ] setting player 0 freeze to 1682
[2022-12-11 23:04:09] [SEVERE ] setting player 0 freeze to 1571
[2022-12-11 23:04:09] [SEVERE ] setting player 0 freeze to 1462
[2022-12-11 23:04:09] [SEVERE ] setting player 0 freeze to 1352
[2022-12-11 23:04:09] [SEVERE ] setting player 0 freeze to 1241
[2022-12-11 23:04:09] [SEVERE ] setting player 0 freeze to 1131
[2022-12-11 23:04:09] [SEVERE ] setting player 0 freeze to 1021
[2022-12-11 23:04:09] [SEVERE ] setting player 0 freeze to 911
[2022-12-11 23:04:10] [SEVERE ] setting player 0 freeze to 801
[2022-12-11 23:04:10] [SEVERE ] setting player 0 freeze to 691
[2022-12-11 23:04:10] [SEVERE ] setting player 0 freeze to 582
[2022-12-11 23:04:10] [SEVERE ] setting player 0 freeze to 474
[2022-12-11 23:04:10] [SEVERE ] setting player 0 freeze to 363
[2022-12-11 23:04:10] [SEVERE ] setting player 0 freeze to 254
[2022-12-11 23:04:10] [SEVERE ] setting player 0 freeze to 143
[2022-12-11 23:04:10] [SEVERE ] setting player 0 freeze to 34
[2022-12-11 23:04:10] [SEVERE ] setting player 0 freeze to -75
[2022-12-11 23:04:12] [SEVERE ] Key 81 was pressed by player 0
[2022-12-11 23:04:12] [SEVERE ] removing player 0 token from slot 0
[2022-12-11 23:04:12] [SEVERE ] Key 87 was pressed by player 0
[2022-12-11 23:04:12] [SEVERE ] removing player 0 token from slot 1
[2022-12-11 23:04:13] [SEVERE ] Key 69 was pressed by player 0
[2022-12-11 23:04:13] [SEVERE ] removing player 0 token from slot 2
[2022-12-11 23:04:15] [SEVERE ] Key 81 was pressed by player 0
[2022-12-11 23:04:15] [SEVERE ] player 0 placing token on slot 0
[2022-12-11 23:04:15] [SEVERE ] Key 87 was pressed by player 0
[2022-12-11 23:04:15] [SEVERE ] player 0 placing token on slot 1
[2022-12-11 23:04:16] [SEVERE ] Key 88 was pressed by player 0
[2022-12-11 23:04:16] [SEVERE ] player 0 placing token on slot 9
[2022-12-11 23:04:16] [SEVERE ] removing player 0 token from slot 0
[2022-12-11 23:04:16] [SEVERE ] removing card from slot 0
[2022-12-11 23:04:16] [SEVERE ] removing player 0 token from slot 1
[2022-12-11 23:04:16] [SEVERE ] removing card from slot 1
[2022-12-11 23:04:16] [SEVERE ] removing player 0 token from slot 9
[2022-12-11 23:04:16] [SEVERE ] removing card from slot 9
[2022-12-11 23:04:16] [SEVERE ] setting player 0 score to 1
[2022-12-11 23:04:16] [SEVERE ] placing card 75 in slot 0
[2022-12-11 23:04:16] [SEVERE ] setting player 0 freeze to 0
[2022-12-11 23:04:17] [SEVERE ] setting player 0 freeze to -102
[2022-12-11 23:04:17] [SEVERE ] placing card 70 in slot 1
[2022-12-11 23:04:17] [SEVERE ] placing card 41 in slot 9
[2022-12-11 23:04:23] [SEVERE ] Key 81 was pressed by player 0
[2022-12-11 23:04:23] [SEVERE ] player 0 placing token on slot 0
[2022-12-11 23:04:23] [SEVERE ] Key 87 was pressed by player 0
[2022-12-11 23:04:24] [SEVERE ] player 0 placing token on slot 1
[2022-12-11 23:04:24] [SEVERE ] Key 67 was pressed by player 0
[2022-12-11 23:04:25] [SEVERE ] player 0 placing token on slot 10
[2022-12-11 23:04:25] [SEVERE ] removing player 0 token from slot 0
[2022-12-11 23:04:25] [SEVERE ] removing card from slot 0
[2022-12-11 23:04:25] [SEVERE ] removing player 0 token from slot 1
[2022-12-11 23:04:25] [SEVERE ] removing card from slot 1
[2022-12-11 23:04:25] [SEVERE ] removing player 0 token from slot 10
[2022-12-11 23:04:25] [SEVERE ] removing card from slot 10
[2022-12-11 23:04:25] [SEVERE ] setting player 0 score to 2
[2022-12-11 23:04:25] [SEVERE ] placing card 17 in slot 0
[2022-12-11 23:04:25] [SEVERE ] setting player 0 freeze to 0
[2022-12-11 23:04:25] [SEVERE ] setting player 0 freeze to -102
[2022-12-11 23:04:25] [SEVERE ] placing card 64 in slot 10
[2022-12-11 23:04:25] [SEVERE ] placing card 13 in slot 1
[2022-12-11 23:04:33] [SEVERE ] Key 90 was pressed by player 0
[2022-12-11 23:04:33] [SEVERE ] player 0 placing token on slot 8
[2022-12-11 23:04:33] [SEVERE ] Key 67 was pressed by player 0
[2022-12-11 23:04:34] [SEVERE ] player 0 placing token on slot 10
[2022-12-11 23:04:34] [SEVERE ] Key 67 was pressed by player 0
[2022-12-11 23:04:34] [SEVERE ] removing player 0 token from slot 10
[2022-12-11 23:04:34] [SEVERE ] Key 86 was pressed by player 0
[2022-12-11 23:04:35] [SEVERE ] player 0 placing token on slot 11
[2022-12-11 23:04:35] [SEVERE ] Key 82 was pressed by player 0
[2022-12-11 23:04:35] [SEVERE ] player 0 placing token on slot 3
[2022-12-11 23:04:35] [SEVERE ] removing player 0 token from slot 8
[2022-12-11 23:04:36] [SEVERE ] removing card from slot 8
[2022-12-11 23:04:36] [SEVERE ] removing player 0 token from slot 11
[2022-12-11 23:04:36] [SEVERE ] removing card from slot 11
[2022-12-11 23:04:36] [SEVERE ] removing player 0 token from slot 3
[2022-12-11 23:04:36] [SEVERE ] removing card from slot 3
[2022-12-11 23:04:36] [SEVERE ] setting player 0 score to 3
[2022-12-11 23:04:36] [SEVERE ] placing card 33 in slot 8
[2022-12-11 23:04:36] [SEVERE ] setting player 0 freeze to 0
[2022-12-11 23:04:36] [SEVERE ] setting player 0 freeze to -103
[2022-12-11 23:04:36] [SEVERE ] placing card 28 in slot 3
[2022-12-11 23:04:36] [SEVERE ] removing card from slot 0
[2022-12-11 23:04:36] [SEVERE ] removing card from slot 1
[2022-12-11 23:04:36] [SEVERE ] removing card from slot 2
[2022-12-11 23:04:36] [SEVERE ] removing card from slot 3
[2022-12-11 23:04:36] [SEVERE ] removing card from slot 4
[2022-12-11 23:04:37] [SEVERE ] removing card from slot 5
[2022-12-11 23:04:37] [SEVERE ] removing card from slot 6
[2022-12-11 23:04:37] [SEVERE ] removing card from slot 7
[2022-12-11 23:04:37] [SEVERE ] removing card from slot 8
[2022-12-11 23:04:37] [SEVERE ] removing card from slot 9
[2022-12-11 23:04:37] [SEVERE ] removing card from slot 10
[2022-12-11 23:04:37] [SEVERE ] placing card 41 in slot 4
[2022-12-11 23:04:37] [SEVERE ] placing card 38 in slot 2
[2022-12-11 23:04:37] [SEVERE ] placing card 51 in slot 6
[2022-12-11 23:04:37] [SEVERE ] placing card 68 in slot 0
[2022-12-11 23:04:38] [SEVERE ] placing card 8 in slot 9
[2022-12-11 23:04:38] [SEVERE ] placing card 23 in slot 5
[2022-12-11 23:04:38] [SEVERE ] placing card 35 in slot 3
[2022-12-11 23:04:38] [SEVERE ] placing card 64 in slot 10
[2022-12-11 23:04:38] [SEVERE ] placing card 66 in slot 7
[2022-12-11 23:04:38] [SEVERE ] placing card 17 in slot 1
[2022-12-11 23:04:38] [SEVERE ] placing card 1 in slot 11
[2022-12-11 23:04:38] [SEVERE ] placing card 33 in slot 8
[2022-12-11 23:04:43] [SEVERE ] Exit button pressed
[2022-12-11 23:04:43] [SEVERE ] removing card from slot 0
[2022-12-11 23:04:44] [SEVERE ] removing card from slot 1
[2022-12-11 23:04:44] [SEVERE ] removing card from slot 2
[2022-12-11 23:04:44] [SEVERE ] removing card from slot 3
[2022-12-11 23:04:44] [SEVERE ] removing card from slot 4
[2022-12-11 23:04:44] [SEVERE ] removing card from slot 5
[2022-12-11 23:04:44] [SEVERE ] removing card from slot 6
[2022-12-11 23:04:44] [SEVERE ] removing card from slot 7
[2022-12-11 23:04:44] [SEVERE ] removing card from slot 8
[2022-12-11 23:04:44] [SEVERE ] removing card from slot 9
[2022-12-11 23:04:45] [SEVERE ] removing card from slot 10
[2022-12-11 23:04:45] [SEVERE ] removing card from slot 11
[2022-12-11 23:04:45] [SEVERE ] announcing winners: [0]
[2022-12-11 23:04:45] [INFO   ] Thread main terminated.
