[2022-12-12 18:31:21] [INFO   ] cannot read configuration file config.properties trying from resources.
[2022-12-12 18:31:21] [INFO   ] configuration file was loaded from resources directory.
[2022-12-12 18:31:22] [SEVERE ] placing card 65 in slot 8
[2022-12-12 18:31:22] [SEVERE ] placing card 37 in slot 6
[2022-12-12 18:31:22] [SEVERE ] placing card 28 in slot 3
[2022-12-12 18:31:22] [SEVERE ] placing card 53 in slot 0
[2022-12-12 18:31:22] [SEVERE ] placing card 78 in slot 5
[2022-12-12 18:31:22] [SEVERE ] placing card 40 in slot 9
[2022-12-12 18:31:22] [SEVERE ] placing card 56 in slot 2
[2022-12-12 18:31:22] [SEVERE ] placing card 43 in slot 11
[2022-12-12 18:31:22] [SEVERE ] placing card 39 in slot 4
[2022-12-12 18:31:22] [SEVERE ] placing card 54 in slot 7
[2022-12-12 18:31:22] [SEVERE ] placing card 73 in slot 1
[2022-12-12 18:31:22] [SEVERE ] placing card 27 in slot 10
[2022-12-12 18:31:22] [SEVERE ] player 3 placing token on slot 1
[2022-12-12 18:31:22] [SEVERE ] player 2 placing token on slot 8
[2022-12-12 18:31:22] [SEVERE ] player 0 placing token on slot 11
[2022-12-12 18:31:22] [SEVERE ] player 1 placing token on slot 5
[2022-12-12 18:31:22] [SEVERE ] player 2 placing token on slot 1
[2022-12-12 18:31:22] [SEVERE ] player 1 placing token on slot 7
[2022-12-12 18:31:22] [SEVERE ] player 0 placing token on slot 9
[2022-12-12 18:31:22] [SEVERE ] player 3 placing token on slot 3
[2022-12-12 18:31:22] [SEVERE ] removing player 2 token from slot 1
[2022-12-12 18:31:22] [SEVERE ] player 3 placing token on slot 6
[2022-12-12 18:31:22] [SEVERE ] player 1 placing token on slot 10
[2022-12-12 18:31:22] [SEVERE ] player 0 placing token on slot 4
[2022-12-12 18:31:22] [SEVERE ] setting player 3 freeze to 0
[2022-12-12 18:31:22] [SEVERE ] removing player 3 token from slot 3
[2022-12-12 18:31:22] [SEVERE ] setting player 3 freeze to -13
[2022-12-12 18:31:22] [SEVERE ] player 2 placing token on slot 10
[2022-12-12 18:31:22] [SEVERE ] removing player 0 token from slot 11
[2022-12-12 18:31:22] [SEVERE ] removing player 1 token from slot 10
[2022-12-12 18:31:22] [SEVERE ] setting player 1 freeze to 0
[2022-12-12 18:31:22] [SEVERE ] setting player 0 freeze to 0
[2022-12-12 18:31:22] [SEVERE ] player 0 placing token on slot 7
[2022-12-12 18:31:22] [SEVERE ] player 2 placing token on slot 6
[2022-12-12 18:31:22] [SEVERE ] setting player 0 freeze to -12
[2022-12-12 18:31:22] [SEVERE ] setting player 1 freeze to -12
[2022-12-12 18:31:22] [SEVERE ] player 3 placing token on slot 2
[2022-12-12 18:31:22] [SEVERE ] player 1 placing token on slot 8
[2022-12-12 18:31:22] [SEVERE ] setting player 3 freeze to 0
[2022-12-12 18:31:22] [SEVERE ] removing player 0 token from slot 7
[2022-12-12 18:31:22] [SEVERE ] removing player 2 token from slot 8
[2022-12-12 18:31:22] [SEVERE ] removing player 1 token from slot 7
[2022-12-12 18:31:22] [SEVERE ] setting player 1 freeze to 0
[2022-12-12 18:31:22] [SEVERE ] removing player 3 token from slot 6
[2022-12-12 18:31:22] [SEVERE ] player 0 placing token on slot 3
[2022-12-12 18:31:22] [SEVERE ] setting player 1 freeze to -11
[2022-12-12 18:31:22] [SEVERE ] setting player 3 freeze to -24
[2022-12-12 18:31:22] [SEVERE ] player 2 placing token on slot 8
[2022-12-12 18:31:22] [SEVERE ] removing player 1 token from slot 5
[2022-12-12 18:31:22] [SEVERE ] player 3 placing token on slot 0
[2022-12-12 18:31:22] [SEVERE ] removing player 0 token from slot 3
[2022-12-12 18:31:22] [SEVERE ] removing player 2 token from slot 6
[2022-12-12 18:31:22] [SEVERE ] setting player 2 freeze to 0
[2022-12-12 18:31:22] [SEVERE ] setting player 0 freeze to 0
[2022-12-12 18:31:22] [SEVERE ] player 1 placing token on slot 0
[2022-12-12 18:31:22] [SEVERE ] player 0 placing token on slot 6
[2022-12-12 18:31:22] [SEVERE ] removing player 3 token from slot 2
[2022-12-12 18:31:22] [SEVERE ] player 2 placing token on slot 5
[2022-12-12 18:31:22] [SEVERE ] setting player 0 freeze to -26
[2022-12-12 18:31:22] [SEVERE ] setting player 2 freeze to -26
[2022-12-12 18:31:22] [SEVERE ] player 3 placing token on slot 11
[2022-12-12 18:31:22] [SEVERE ] player 1 placing token on slot 6
[2022-12-12 18:31:22] [SEVERE ] removing player 2 token from slot 10
[2022-12-12 18:31:22] [SEVERE ] removing player 3 token from slot 11
[2022-12-12 18:31:22] [SEVERE ] removing player 0 token from slot 6
[2022-12-12 18:31:22] [SEVERE ] setting player 1 freeze to 0
[2022-12-12 18:31:22] [SEVERE ] removing player 1 token from slot 6
[2022-12-12 18:31:22] [SEVERE ] player 2 placing token on slot 10
[2022-12-12 18:31:22] [SEVERE ] removing player 3 token from slot 1
[2022-12-12 18:31:22] [SEVERE ] player 0 placing token on slot 11
[2022-12-12 18:31:22] [SEVERE ] setting player 1 freeze to -19
[2022-12-12 18:31:22] [SEVERE ] setting player 2 freeze to 0
[2022-12-12 18:31:22] [SEVERE ] removing player 2 token from slot 5
[2022-12-12 18:31:22] [SEVERE ] player 3 placing token on slot 6
[2022-12-12 18:31:22] [SEVERE ] setting player 2 freeze to -14
[2022-12-12 18:31:22] [SEVERE ] player 1 placing token on slot 1
[2022-12-12 18:31:22] [SEVERE ] removing player 0 token from slot 11
[2022-12-12 18:31:22] [SEVERE ] player 3 placing token on slot 9
[2022-12-12 18:31:22] [SEVERE ] setting player 0 freeze to 0
[2022-12-12 18:31:22] [SEVERE ] setting player 1 freeze to 0
[2022-12-12 18:31:22] [SEVERE ] player 0 placing token on slot 0
[2022-12-12 18:31:22] [SEVERE ] player 2 placing token on slot 7
[2022-12-12 18:31:22] [SEVERE ] removing player 1 token from slot 0
[2022-12-12 18:31:22] [SEVERE ] setting player 0 freeze to -13
[2022-12-12 18:31:22] [SEVERE ] removing player 3 token from slot 6
[2022-12-12 18:31:22] [SEVERE ] setting player 3 freeze to 0
[2022-12-12 18:31:22] [SEVERE ] setting player 1 freeze to -12
[2022-12-12 18:31:22] [SEVERE ] removing player 2 token from slot 10
[2022-12-12 18:31:22] [SEVERE ] removing player 0 token from slot 4
[2022-12-12 18:31:22] [SEVERE ] setting player 3 freeze to -12
[2022-12-12 18:31:22] [SEVERE ] player 3 placing token on slot 8
[2022-12-12 18:31:22] [SEVERE ] player 0 placing token on slot 7
[2022-12-12 18:31:22] [SEVERE ] setting player 3 freeze to 0
[2022-12-12 18:31:22] [SEVERE ] player 2 placing token on slot 10
[2022-12-12 18:31:22] [SEVERE ] player 1 placing token on slot 10
[2022-12-12 18:31:22] [SEVERE ] removing player 3 token from slot 9
[2022-12-12 18:31:22] [SEVERE ] setting player 0 freeze to 0
[2022-12-12 18:31:22] [SEVERE ] removing player 2 token from slot 8
[2022-12-12 18:31:22] [SEVERE ] setting player 0 freeze to -12
[2022-12-12 18:31:22] [SEVERE ] setting player 3 freeze to -17
[2022-12-12 18:31:22] [SEVERE ] removing player 1 token from slot 10
[2022-12-12 18:31:22] [SEVERE ] removing player 0 token from slot 0
[2022-12-12 18:31:22] [SEVERE ] removing player 2 token from slot 10
[2022-12-12 18:31:22] [SEVERE ] player 3 placing token on slot 2
[2022-12-12 18:31:22] [SEVERE ] player 0 placing token on slot 6
[2022-12-12 18:31:22] [SEVERE ] player 1 placing token on slot 3
[2022-12-12 18:31:22] [SEVERE ] player 2 placing token on slot 8
[2022-12-12 18:31:22] [SEVERE ] setting player 3 freeze to 0
[2022-12-12 18:31:22] [SEVERE ] removing player 3 token from slot 0
[2022-12-12 18:31:22] [SEVERE ] setting player 1 freeze to 0
[2022-12-12 18:31:22] [SEVERE ] player 2 placing token on slot 11
[2022-12-12 18:31:22] [SEVERE ] removing player 1 token from slot 1
[2022-12-12 18:31:22] [SEVERE ] removing player 0 token from slot 9
[2022-12-12 18:31:22] [SEVERE ] setting player 0 freeze to 0
[2022-12-12 18:31:22] [SEVERE ] setting player 2 freeze to 0
[2022-12-12 18:31:22] [SEVERE ] removing player 2 token from slot 7
[2022-12-12 18:31:22] [SEVERE ] setting player 3 freeze to -23
[2022-12-12 18:31:22] [SEVERE ] setting player 1 freeze to -21
[2022-12-12 18:31:22] [SEVERE ] player 0 placing token on slot 2
[2022-12-12 18:31:22] [SEVERE ] setting player 0 freeze to -13
[2022-12-12 18:31:22] [SEVERE ] removing player 0 token from slot 2
[2022-12-12 18:31:22] [SEVERE ] player 1 placing token on slot 7
[2022-12-12 18:31:22] [SEVERE ] player 3 placing token on slot 3
[2022-12-12 18:31:22] [SEVERE ] setting player 2 freeze to -24
[2022-12-12 18:31:22] [SEVERE ] player 0 placing token on slot 3
[2022-12-12 18:31:22] [SEVERE ] setting player 1 freeze to 0
[2022-12-12 18:31:22] [SEVERE ] player 2 placing token on slot 1
[2022-12-12 18:31:22] [SEVERE ] removing player 3 token from slot 2
[2022-12-12 18:31:22] [SEVERE ] removing player 1 token from slot 8
[2022-12-12 18:31:22] [SEVERE ] removing player 0 token from slot 3
[2022-12-12 18:31:22] [SEVERE ] setting player 3 freeze to 0
[2022-12-12 18:31:22] [SEVERE ] setting player 0 freeze to 0
[2022-12-12 18:31:22] [SEVERE ] removing player 2 token from slot 8
[2022-12-12 18:31:22] [SEVERE ] player 0 placing token on slot 4
[2022-12-12 18:31:22] [SEVERE ] setting player 1 freeze to -23
[2022-12-12 18:31:22] [SEVERE ] player 3 placing token on slot 1
[2022-12-12 18:31:22] [SEVERE ] player 2 placing token on slot 5
[2022-12-12 18:31:22] [SEVERE ] setting player 0 freeze to -25
[2022-12-12 18:31:22] [SEVERE ] setting player 3 freeze to -26
[2022-12-12 18:31:22] [SEVERE ] removing player 1 token from slot 3
[2022-12-12 18:31:22] [SEVERE ] removing player 2 token from slot 1
[2022-12-12 18:31:22] [SEVERE ] player 1 placing token on slot 8
[2022-12-12 18:31:22] [SEVERE ] removing player 3 token from slot 8
[2022-12-12 18:31:22] [SEVERE ] removing player 0 token from slot 4
[2022-12-12 18:31:22] [SEVERE ] player 2 placing token on slot 9
[2022-12-12 18:31:22] [SEVERE ] removing player 1 token from slot 7
[2022-12-12 18:31:22] [SEVERE ] player 0 placing token on slot 11
[2022-12-12 18:31:22] [SEVERE ] player 3 placing token on slot 2
[2022-12-12 18:31:22] [SEVERE ] setting player 0 freeze to 0
[2022-12-12 18:31:22] [SEVERE ] setting player 2 freeze to 0
[2022-12-12 18:31:22] [SEVERE ] removing player 2 token from slot 11
[2022-12-12 18:31:22] [SEVERE ] removing player 3 token from slot 3
[2022-12-12 18:31:22] [SEVERE ] setting player 2 freeze to -13
[2022-12-12 18:31:22] [SEVERE ] setting player 0 freeze to -14
[2022-12-12 18:31:22] [SEVERE ] removing player 0 token from slot 7
[2022-12-12 18:31:22] [SEVERE ] player 1 placing token on slot 7
[2022-12-12 18:31:22] [SEVERE ] player 3 placing token on slot 9
[2022-12-12 18:31:22] [SEVERE ] player 0 placing token on slot 2
[2022-12-12 18:31:22] [SEVERE ] setting player 3 freeze to 0
[2022-12-12 18:31:22] [SEVERE ] player 1 placing token on slot 9
[2022-12-12 18:31:22] [SEVERE ] player 2 placing token on slot 6
[2022-12-12 18:31:22] [SEVERE ] setting player 0 freeze to 0
[2022-12-12 18:31:22] [SEVERE ] removing player 0 token from slot 2
[2022-12-12 18:31:22] [SEVERE ] setting player 1 freeze to 0
[2022-12-12 18:31:22] [SEVERE ] removing player 1 token from slot 9
[2022-12-12 18:31:22] [SEVERE ] removing player 2 token from slot 9
[2022-12-12 18:31:22] [SEVERE ] setting player 3 freeze to -20
[2022-12-12 18:31:22] [SEVERE ] setting player 0 freeze to -15
[2022-12-12 18:31:22] [SEVERE ] removing player 3 token from slot 9
[2022-12-12 18:31:22] [SEVERE ] player 3 placing token on slot 9
[2022-12-12 18:31:22] [SEVERE ] player 2 placing token on slot 2
[2022-12-12 18:31:22] [SEVERE ] setting player 1 freeze to -24
[2022-12-12 18:31:22] [SEVERE ] removing player 0 token from slot 11
[2022-12-12 18:31:22] [SEVERE ] player 0 placing token on slot 10
[2022-12-12 18:31:22] [SEVERE ] removing player 2 token from slot 2
[2022-12-12 18:31:22] [SEVERE ] removing player 3 token from slot 1
[2022-12-12 18:31:22] [SEVERE ] player 1 placing token on slot 1
[2022-12-12 18:31:22] [SEVERE ] setting player 3 freeze to 0
[2022-12-12 18:31:22] [SEVERE ] player 2 placing token on slot 3
[2022-12-12 18:31:22] [SEVERE ] player 3 placing token on slot 10
[2022-12-12 18:31:22] [SEVERE ] setting player 2 freeze to 0
[2022-12-12 18:31:22] [SEVERE ] setting player 3 freeze to -13
[2022-12-12 18:31:22] [SEVERE ] removing player 1 token from slot 7
[2022-12-12 18:31:22] [SEVERE ] player 0 placing token on slot 1
[2022-12-12 18:31:22] [SEVERE ] removing player 2 token from slot 5
[2022-12-12 18:31:22] [SEVERE ] removing player 3 token from slot 2
[2022-12-12 18:31:22] [SEVERE ] removing player 1 token from slot 8
[2022-12-12 18:31:22] [SEVERE ] removing player 0 token from slot 10
[2022-12-12 18:31:22] [SEVERE ] setting player 2 freeze to -19
[2022-12-12 18:31:22] [SEVERE ] player 3 placing token on slot 5
[2022-12-12 18:31:22] [SEVERE ] player 0 placing token on slot 11
[2022-12-12 18:31:22] [SEVERE ] player 2 placing token on slot 7
[2022-12-12 18:31:22] [SEVERE ] player 1 placing token on slot 3
[2022-12-12 18:31:22] [SEVERE ] setting player 3 freeze to 0
[2022-12-12 18:31:22] [SEVERE ] setting player 0 freeze to 0
[2022-12-12 18:31:22] [SEVERE ] setting player 2 freeze to 0
[2022-12-12 18:31:22] [SEVERE ] removing player 2 token from slot 6
[2022-12-12 18:31:22] [SEVERE ] setting player 0 freeze to -12
[2022-12-12 18:31:22] [SEVERE ] removing player 0 token from slot 11
[2022-12-12 18:31:22] [SEVERE ] setting player 3 freeze to -12
[2022-12-12 18:31:22] [SEVERE ] removing player 3 token from slot 9
[2022-12-12 18:31:22] [SEVERE ] player 1 placing token on slot 4
[2022-12-12 18:31:22] [SEVERE ] setting player 1 freeze to 0
[2022-12-12 18:31:22] [SEVERE ] player 3 placing token on slot 11
[2022-12-12 18:31:22] [SEVERE ] player 0 placing token on slot 11
[2022-12-12 18:31:22] [SEVERE ] setting player 2 freeze to -21
[2022-12-12 18:31:22] [SEVERE ] removing player 1 token from slot 4
[2022-12-12 18:31:22] [SEVERE ] setting player 1 freeze to -15
[2022-12-12 18:31:22] [SEVERE ] removing player 3 token from slot 11
[2022-12-12 18:31:22] [SEVERE ] player 2 placing token on slot 8
[2022-12-12 18:31:22] [SEVERE ] removing player 0 token from slot 11
[2022-12-12 18:31:22] [SEVERE ] player 1 placing token on slot 5
[2022-12-12 18:31:22] [SEVERE ] setting player 0 freeze to 0
[2022-12-12 18:31:22] [SEVERE ] removing player 2 token from slot 3
[2022-12-12 18:31:22] [SEVERE ] removing player 0 token from slot 6
[2022-12-12 18:31:22] [SEVERE ] setting player 0 freeze to -13
[2022-12-12 18:31:22] [SEVERE ] removing player 3 token from slot 10
[2022-12-12 18:31:22] [SEVERE ] removing player 1 token from slot 3
[2022-12-12 18:31:22] [SEVERE ] setting player 1 freeze to 0
[2022-12-12 18:31:22] [SEVERE ] player 3 placing token on slot 8
[2022-12-12 18:31:22] [SEVERE ] setting player 1 freeze to -14
[2022-12-12 18:31:22] [SEVERE ] player 0 placing token on slot 7
[2022-12-12 18:31:22] [SEVERE ] player 2 placing token on slot 3
[2022-12-12 18:31:22] [SEVERE ] player 1 placing token on slot 8
[2022-12-12 18:31:22] [SEVERE ] player 0 placing token on slot 11
[2022-12-12 18:31:22] [SEVERE ] setting player 1 freeze to 0
[2022-12-12 18:31:22] [SEVERE ] removing player 2 token from slot 7
[2022-12-12 18:31:22] [SEVERE ] player 3 placing token on slot 9
[2022-12-12 18:31:22] [SEVERE ] removing player 1 token from slot 5
[2022-12-12 18:31:22] [SEVERE ] setting player 0 freeze to 0
[2022-12-12 18:31:22] [SEVERE ] removing player 3 token from slot 5
[2022-12-12 18:31:22] [SEVERE ] removing player 2 token from slot 3
[2022-12-12 18:31:22] [SEVERE ] removing player 0 token from slot 1
[2022-12-12 18:31:22] [SEVERE ] setting player 1 freeze to -19
[2022-12-12 18:31:22] [SEVERE ] setting player 0 freeze to -15
[2022-12-12 18:31:22] [SEVERE ] player 3 placing token on slot 11
[2022-12-12 18:31:22] [SEVERE ] player 1 placing token on slot 7
[2022-12-12 18:31:22] [SEVERE ] player 0 placing token on slot 0
[2022-12-12 18:31:22] [SEVERE ] player 2 placing token on slot 3
[2022-12-12 18:31:22] [SEVERE ] setting player 3 freeze to 0
[2022-12-12 18:31:22] [SEVERE ] setting player 0 freeze to 0
[2022-12-12 18:31:22] [SEVERE ] player 2 placing token on slot 2
[2022-12-12 18:31:22] [SEVERE ] removing player 0 token from slot 7
[2022-12-12 18:31:22] [SEVERE ] removing player 1 token from slot 1
[2022-12-12 18:31:22] [SEVERE ] setting player 3 freeze to -15
[2022-12-12 18:31:22] [SEVERE ] removing player 3 token from slot 9
[2022-12-12 18:31:22] [SEVERE ] setting player 2 freeze to 0
[2022-12-12 18:31:22] [SEVERE ] setting player 0 freeze to -12
[2022-12-12 18:31:22] [SEVERE ] player 1 placing token on slot 1
[2022-12-12 18:31:22] [SEVERE ] setting player 2 freeze to -11
[2022-12-12 18:31:22] [SEVERE ] removing player 2 token from slot 2
[2022-12-12 18:31:22] [SEVERE ] player 3 placing token on slot 10
[2022-12-12 18:31:22] [SEVERE ] player 2 placing token on slot 7
[2022-12-12 18:31:22] [SEVERE ] removing player 3 token from slot 10
[2022-12-12 18:31:22] [SEVERE ] player 0 placing token on slot 9
[2022-12-12 18:31:22] [SEVERE ] removing player 1 token from slot 7
[2022-12-12 18:31:22] [SEVERE ] removing player 1 token from slot 8
[2022-12-12 18:31:23] [SEVERE ] removing card from slot 8
[2022-12-12 18:31:23] [SEVERE ] removing player 2 token from slot 8
[2022-12-12 18:31:23] [SEVERE ] removing player 3 token from slot 8
[2022-12-12 18:31:23] [SEVERE ] removing player 1 token from slot 1
[2022-12-12 18:31:23] [SEVERE ] removing card from slot 1
[2022-12-12 18:31:23] [SEVERE ] setting player 1 score to 1
[2022-12-12 18:31:23] [SEVERE ] placing card 55 in slot 8
[2022-12-12 18:31:23] [SEVERE ] setting player 1 freeze to 0
[2022-12-12 18:31:23] [SEVERE ] removing player 2 token from slot 3
[2022-12-12 18:31:23] [SEVERE ] player 1 placing token on slot 10
[2022-12-12 18:31:23] [SEVERE ] removing player 0 token from slot 11
[2022-12-12 18:31:23] [SEVERE ] removing player 3 token from slot 8
[2022-12-12 18:31:23] [SEVERE ] setting player 1 freeze to -13
[2022-12-12 18:31:23] [SEVERE ] placing card 51 in slot 1
[2022-12-12 18:31:23] [SEVERE ] player 0 placing token on slot 4
[2022-12-12 18:31:23] [SEVERE ] player 1 placing token on slot 2
[2022-12-12 18:31:23] [SEVERE ] player 2 placing token on slot 0
[2022-12-12 18:31:23] [SEVERE ] player 3 placing token on slot 9
[2022-12-12 18:31:23] [SEVERE ] setting player 0 freeze to 0
[2022-12-12 18:31:23] [SEVERE ] removing player 0 token from slot 0
[2022-12-12 18:31:23] [SEVERE ] player 2 placing token on slot 2
[2022-12-12 18:31:23] [SEVERE ] player 1 placing token on slot 4
[2022-12-12 18:31:23] [SEVERE ] player 3 placing token on slot 0
[2022-12-12 18:31:23] [SEVERE ] setting player 3 freeze to 0
[2022-12-12 18:31:23] [SEVERE ] removing player 2 token from slot 2
[2022-12-12 18:31:23] [SEVERE ] setting player 1 freeze to 0
[2022-12-12 18:31:23] [SEVERE ] removing player 3 token from slot 11
[2022-12-12 18:31:23] [SEVERE ] removing player 1 token from slot 10
[2022-12-12 18:31:23] [SEVERE ] setting player 0 freeze to -23
[2022-12-12 18:31:23] [SEVERE ] setting player 3 freeze to -16
[2022-12-12 18:31:23] [SEVERE ] player 2 placing token on slot 1
[2022-12-12 18:31:23] [SEVERE ] player 0 placing token on slot 7
[2022-12-12 18:31:23] [SEVERE ] setting player 2 freeze to 0
[2022-12-12 18:31:23] [SEVERE ] player 3 placing token on slot 6
[2022-12-12 18:31:23] [SEVERE ] setting player 1 freeze to -24
[2022-12-12 18:31:23] [SEVERE ] removing player 2 token from slot 7
[2022-12-12 18:31:23] [SEVERE ] removing player 0 token from slot 4
[2022-12-12 18:31:23] [SEVERE ] removing player 3 token from slot 6
[2022-12-12 18:31:23] [SEVERE ] player 1 placing token on slot 9
[2022-12-12 18:31:23] [SEVERE ] setting player 2 freeze to -20
[2022-12-12 18:31:23] [SEVERE ] setting player 1 freeze to 0
[2022-12-12 18:31:23] [SEVERE ] removing player 1 token from slot 2
[2022-12-12 18:31:23] [SEVERE ] player 2 placing token on slot 10
[2022-12-12 18:31:23] [SEVERE ] player 0 placing token on slot 1
[2022-12-12 18:31:23] [SEVERE ] player 3 placing token on slot 5
[2022-12-12 18:31:23] [SEVERE ] setting player 1 freeze to -12
[2022-12-12 18:31:23] [SEVERE ] removing player 2 token from slot 1
[2022-12-12 18:31:23] [SEVERE ] removing player 0 token from slot 9
[2022-12-12 18:31:23] [SEVERE ] removing player 3 token from slot 9
[2022-12-12 18:31:23] [SEVERE ] setting player 3 freeze to 0
[2022-12-12 18:31:23] [SEVERE ] removing player 2 token from slot 0
[2022-12-12 18:31:23] [SEVERE ] player 3 placing token on slot 9
[2022-12-12 18:31:23] [SEVERE ] player 1 placing token on slot 1
[2022-12-12 18:31:23] [SEVERE ] setting player 3 freeze to -14
[2022-12-12 18:31:23] [SEVERE ] player 0 placing token on slot 4
[2022-12-12 18:31:23] [SEVERE ] setting player 1 freeze to 0
[2022-12-12 18:31:23] [SEVERE ] removing player 3 token from slot 0
[2022-12-12 18:31:23] [SEVERE ] player 2 placing token on slot 7
[2022-12-12 18:31:23] [SEVERE ] removing player 0 token from slot 1
[2022-12-12 18:31:23] [SEVERE ] removing player 1 token from slot 1
[2022-12-12 18:31:23] [SEVERE ] setting player 0 freeze to 0
[2022-12-12 18:31:23] [SEVERE ] removing player 3 token from slot 9
[2022-12-12 18:31:23] [SEVERE ] player 0 placing token on slot 6
[2022-12-12 18:31:23] [SEVERE ] setting player 0 freeze to -11
[2022-12-12 18:31:23] [SEVERE ] player 2 placing token on slot 9
[2022-12-12 18:31:23] [SEVERE ] setting player 1 freeze to -19
[2022-12-12 18:31:23] [SEVERE ] setting player 2 freeze to 0
[2022-12-12 18:31:23] [SEVERE ] removing player 0 token from slot 7
[2022-12-12 18:31:23] [SEVERE ] removing player 2 token from slot 7
[2022-12-12 18:31:23] [SEVERE ] player 3 placing token on slot 3
[2022-12-12 18:31:23] [SEVERE ] player 1 placing token on slot 3
[2022-12-12 18:31:23] [SEVERE ] setting player 2 freeze to -12
[2022-12-12 18:31:23] [SEVERE ] player 3 placing token on slot 10
[2022-12-12 18:31:23] [SEVERE ] removing player 1 token from slot 4
[2022-12-12 18:31:23] [SEVERE ] player 2 placing token on slot 3
[2022-12-12 18:31:23] [SEVERE ] player 0 placing token on slot 2
[2022-12-12 18:31:23] [SEVERE ] removing player 3 token from slot 10
[2022-12-12 18:31:23] [SEVERE ] removing player 2 token from slot 9
[2022-12-12 18:31:23] [SEVERE ] setting player 0 freeze to 0
[2022-12-12 18:31:23] [SEVERE ] removing player 0 token from slot 6
[2022-12-12 18:31:23] [SEVERE ] player 1 placing token on slot 11
[2022-12-12 18:31:23] [SEVERE ] player 2 placing token on slot 9
[2022-12-12 18:31:23] [SEVERE ] removing player 1 token from slot 3
[2022-12-12 18:31:23] [SEVERE ] setting player 0 freeze to -19
[2022-12-12 18:31:23] [SEVERE ] player 3 placing token on slot 6
[2022-12-12 18:31:23] [SEVERE ] setting player 2 freeze to 0
[2022-12-12 18:31:23] [SEVERE ] player 1 placing token on slot 10
[2022-12-12 18:31:23] [SEVERE ] removing player 3 token from slot 5
[2022-12-12 18:31:23] [SEVERE ] player 0 placing token on slot 3
[2022-12-12 18:31:23] [SEVERE ] setting player 2 freeze to -12
[2022-12-12 18:31:23] [SEVERE ] removing player 2 token from slot 3
[2022-12-12 18:31:23] [SEVERE ] removing player 1 token from slot 11
[2022-12-12 18:31:23] [SEVERE ] removing player 0 token from slot 2
[2022-12-12 18:31:23] [SEVERE ] player 2 placing token on slot 8
[2022-12-12 18:31:23] [SEVERE ] player 3 placing token on slot 0
[2022-12-12 18:31:23] [SEVERE ] removing player 2 token from slot 10
[2022-12-12 18:31:23] [SEVERE ] removing player 3 token from slot 3
[2022-12-12 18:31:23] [SEVERE ] player 1 placing token on slot 3
[2022-12-12 18:31:23] [SEVERE ] player 0 placing token on slot 8
[2022-12-12 18:31:23] [SEVERE ] removing player 1 token from slot 9
[2022-12-12 18:31:23] [SEVERE ] player 3 placing token on slot 7
[2022-12-12 18:31:23] [SEVERE ] removing player 0 token from slot 3
[2022-12-12 18:31:23] [SEVERE ] player 2 placing token on slot 6
[2022-12-12 18:31:23] [SEVERE ] player 1 placing token on slot 9
[2022-12-12 18:31:23] [SEVERE ] removing player 3 token from slot 7
[2022-12-12 18:31:23] [SEVERE ] removing player 2 token from slot 8
[2022-12-12 18:31:23] [SEVERE ] player 0 placing token on slot 2
[2022-12-12 18:31:23] [SEVERE ] setting player 1 freeze to 0
[2022-12-12 18:31:23] [SEVERE ] removing player 1 token from slot 9
[2022-12-12 18:31:23] [SEVERE ] removing player 0 token from slot 8
[2022-12-12 18:31:23] [SEVERE ] player 3 placing token on slot 3
[2022-12-12 18:31:23] [SEVERE ] setting player 1 freeze to -15
[2022-12-12 18:31:23] [SEVERE ] player 2 placing token on slot 1
[2022-12-12 18:31:23] [SEVERE ] removing player 3 token from slot 0
[2022-12-12 18:31:23] [SEVERE ] player 0 placing token on slot 9
[2022-12-12 18:31:23] [SEVERE ] player 1 placing token on slot 8
[2022-12-12 18:31:23] [SEVERE ] removing player 2 token from slot 6
[2022-12-12 18:31:23] [SEVERE ] player 3 placing token on slot 4
[2022-12-12 18:31:23] [SEVERE ] removing player 1 token from slot 10
[2022-12-12 18:31:23] [SEVERE ] removing player 0 token from slot 9
[2022-12-12 18:31:23] [SEVERE ] player 2 placing token on slot 6
[2022-12-12 18:31:23] [SEVERE ] setting player 3 freeze to 0
[2022-12-12 18:31:23] [SEVERE ] removing player 3 token from slot 6
[2022-12-12 18:31:23] [SEVERE ] removing player 2 token from slot 6
[2022-12-12 18:31:23] [SEVERE ] setting player 2 freeze to 0
[2022-12-12 18:31:23] [SEVERE ] setting player 3 freeze to -15
[2022-12-12 18:31:23] [SEVERE ] player 1 placing token on slot 7
[2022-12-12 18:31:23] [SEVERE ] removing player 0 token from slot 2
[2022-12-12 18:31:23] [SEVERE ] removing player 2 token from slot 1
[2022-12-12 18:31:23] [SEVERE ] removing player 1 token from slot 7
[2022-12-12 18:31:23] [SEVERE ] player 3 placing token on slot 8
[2022-12-12 18:31:23] [SEVERE ] setting player 2 freeze to -20
[2022-12-12 18:31:23] [SEVERE ] player 0 placing token on slot 9
[2022-12-12 18:31:23] [SEVERE ] removing player 1 token from slot 3
[2022-12-12 18:31:23] [SEVERE ] setting player 3 freeze to 0
[2022-12-12 18:31:23] [SEVERE ] player 2 placing token on slot 5
[2022-12-12 18:31:23] [SEVERE ] removing player 3 token from slot 8
[2022-12-12 18:31:23] [SEVERE ] removing player 0 token from slot 9
[2022-12-12 18:31:23] [SEVERE ] player 1 placing token on slot 7
[2022-12-12 18:31:23] [SEVERE ] player 1 placing token on slot 2
[2022-12-12 18:31:23] [SEVERE ] setting player 3 freeze to -26
[2022-12-12 18:31:23] [SEVERE ] player 2 placing token on slot 7
[2022-12-12 18:31:23] [SEVERE ] player 0 placing token on slot 1
[2022-12-12 18:31:23] [SEVERE ] removing player 1 token from slot 8
[2022-12-12 18:31:23] [SEVERE ] removing card from slot 8
[2022-12-12 18:31:23] [SEVERE ] removing player 1 token from slot 7
[2022-12-12 18:31:23] [SEVERE ] removing card from slot 7
[2022-12-12 18:31:23] [SEVERE ] removing player 2 token from slot 7
[2022-12-12 18:31:23] [SEVERE ] removing player 1 token from slot 2
[2022-12-12 18:31:23] [SEVERE ] removing card from slot 2
[2022-12-12 18:31:23] [SEVERE ] setting player 1 score to 2
[2022-12-12 18:31:23] [SEVERE ] placing card 52 in slot 8
[2022-12-12 18:31:23] [SEVERE ] setting player 1 freeze to 0
[2022-12-12 18:31:23] [SEVERE ] player 3 placing token on slot 9
[2022-12-12 18:31:23] [SEVERE ] player 0 placing token on slot 2
[2022-12-12 18:31:23] [SEVERE ] removing player 2 token from slot 9
[2022-12-12 18:31:23] [SEVERE ] removing player 1 token from slot 2
[2022-12-12 18:31:23] [SEVERE ] setting player 1 freeze to -12
[2022-12-12 18:31:23] [SEVERE ] setting player 3 freeze to 0
[2022-12-12 18:31:23] [SEVERE ] setting player 0 freeze to 0
[2022-12-12 18:31:23] [SEVERE ] placing card 60 in slot 7
[2022-12-12 18:31:23] [SEVERE ] setting player 3 freeze to -11
[2022-12-12 18:31:23] [SEVERE ] setting player 0 freeze to -11
[2022-12-12 18:31:23] [SEVERE ] player 2 placing token on slot 9
[2022-12-12 18:31:23] [SEVERE ] player 1 placing token on slot 7
[2022-12-12 18:31:23] [SEVERE ] placing card 63 in slot 2
[2022-12-12 18:31:23] [SEVERE ] removing player 3 token from slot 9
[2022-12-12 18:31:23] [SEVERE ] removing player 0 token from slot 1
[2022-12-12 18:31:23] [SEVERE ] player 3 placing token on slot 2
[2022-12-12 18:31:23] [SEVERE ] removing player 0 token from slot 2
[2022-12-12 18:31:23] [SEVERE ] player 2 placing token on slot 2
[2022-12-12 18:31:23] [SEVERE ] player 1 placing token on slot 2
[2022-12-12 18:31:23] [SEVERE ] setting player 3 freeze to 0
[2022-12-12 18:31:23] [SEVERE ] removing player 0 token from slot 4
[2022-12-12 18:31:23] [SEVERE ] player 1 placing token on slot 10
[2022-12-12 18:31:23] [SEVERE ] removing player 2 token from slot 9
[2022-12-12 18:31:23] [SEVERE ] setting player 3 freeze to -15
[2022-12-12 18:31:23] [SEVERE ] removing player 3 token from slot 4
[2022-12-12 18:31:23] [SEVERE ] setting player 1 freeze to 0
[2022-12-12 18:31:23] [SEVERE ] player 0 placing token on slot 11
[2022-12-12 18:31:23] [SEVERE ] player 3 placing token on slot 7
[2022-12-12 18:31:23] [SEVERE ] setting player 1 freeze to -15
[2022-12-12 18:31:23] [SEVERE ] removing player 1 token from slot 10
[2022-12-12 18:31:23] [SEVERE ] player 2 placing token on slot 6
[2022-12-12 18:31:23] [SEVERE ] setting player 2 freeze to 0
[2022-12-12 18:31:23] [SEVERE ] player 1 placing token on slot 5
[2022-12-12 18:31:23] [SEVERE ] player 0 placing token on slot 10
[2022-12-12 18:31:23] [SEVERE ] removing player 2 token from slot 2
[2022-12-12 18:31:23] [SEVERE ] removing player 3 token from slot 3
[2022-12-12 18:31:23] [SEVERE ] setting player 3 freeze to 0
[2022-12-12 18:31:23] [SEVERE ] setting player 2 freeze to -13
[2022-12-12 18:31:23] [SEVERE ] player 0 placing token on slot 0
[2022-12-12 18:31:23] [SEVERE ] player 3 placing token on slot 8
[2022-12-12 18:31:23] [SEVERE ] setting player 3 freeze to -11
[2022-12-12 18:31:23] [SEVERE ] removing player 1 token from slot 2
[2022-12-12 18:31:23] [SEVERE ] player 2 placing token on slot 10
[2022-12-12 18:31:23] [SEVERE ] removing player 0 token from slot 0
[2022-12-12 18:31:23] [SEVERE ] player 1 placing token on slot 0
[2022-12-12 18:31:23] [SEVERE ] removing player 2 token from slot 5
[2022-12-12 18:31:23] [SEVERE ] removing player 3 token from slot 7
[2022-12-12 18:31:23] [SEVERE ] player 3 placing token on slot 11
[2022-12-12 18:31:23] [SEVERE ] removing player 2 token from slot 6
[2022-12-12 18:31:23] [SEVERE ] removing player 1 token from slot 7
[2022-12-12 18:31:23] [SEVERE ] player 0 placing token on slot 4
[2022-12-12 18:31:23] [SEVERE ] setting player 3 freeze to 0
[2022-12-12 18:31:23] [SEVERE ] setting player 0 freeze to 0
[2022-12-12 18:31:23] [SEVERE ] removing player 3 token from slot 2
[2022-12-12 18:31:23] [SEVERE ] player 1 placing token on slot 3
[2022-12-12 18:31:23] [SEVERE ] setting player 3 freeze to -14
[2022-12-12 18:31:23] [SEVERE ] removing player 0 token from slot 11
[2022-12-12 18:31:23] [SEVERE ] player 2 placing token on slot 5
[2022-12-12 18:31:23] [SEVERE ] setting player 1 freeze to 0
[2022-12-12 18:31:23] [SEVERE ] player 3 placing token on slot 5
[2022-12-12 18:31:23] [SEVERE ] player 2 placing token on slot 3
[2022-12-12 18:31:23] [SEVERE ] setting player 0 freeze to -25
[2022-12-12 18:31:23] [SEVERE ] setting player 1 freeze to -15
[2022-12-12 18:31:23] [SEVERE ] removing player 1 token from slot 5
[2022-12-12 18:31:23] [SEVERE ] setting player 2 freeze to 0
[2022-12-12 18:31:23] [SEVERE ] setting player 3 freeze to 0
[2022-12-12 18:31:23] [SEVERE ] removing player 2 token from slot 3
[2022-12-12 18:31:23] [SEVERE ] removing player 1 token from slot 3
[2022-12-12 18:31:23] [SEVERE ] setting player 2 freeze to -13
[2022-12-12 18:31:23] [SEVERE ] removing player 3 token from slot 8
[2022-12-12 18:31:23] [SEVERE ] player 0 placing token on slot 11
[2022-12-12 18:31:23] [SEVERE ] player 1 placing token on slot 10
[2022-12-12 18:31:23] [SEVERE ] player 2 placing token on slot 6
[2022-12-12 18:31:23] [SEVERE ] setting player 3 freeze to -24
[2022-12-12 18:31:23] [SEVERE ] removing player 0 token from slot 10
[2022-12-12 18:31:23] [SEVERE ] setting player 0 freeze to 0
[2022-12-12 18:31:23] [SEVERE ] removing player 2 token from slot 10
[2022-12-12 18:31:23] [SEVERE ] player 3 placing token on slot 3
[2022-12-12 18:31:23] [SEVERE ] setting player 0 freeze to -15
[2022-12-12 18:31:23] [SEVERE ] player 0 placing token on slot 5
[2022-12-12 18:31:23] [SEVERE ] player 1 placing token on slot 6
[2022-12-12 18:31:23] [SEVERE ] player 2 placing token on slot 8
[2022-12-12 18:31:23] [SEVERE ] setting player 3 freeze to 0
[2022-12-12 18:31:23] [SEVERE ] setting player 0 freeze to 0
[2022-12-12 18:31:23] [SEVERE ] removing player 0 token from slot 4
[2022-12-12 18:31:23] [SEVERE ] setting player 2 freeze to 0
[2022-12-12 18:31:23] [SEVERE ] setting player 1 freeze to 0
[2022-12-12 18:31:23] [SEVERE ] removing player 1 token from slot 0
[2022-12-12 18:31:23] [SEVERE ] removing player 3 token from slot 11
[2022-12-12 18:31:23] [SEVERE ] removing player 2 token from slot 8
[2022-12-12 18:31:23] [SEVERE ] setting player 0 freeze to -11
[2022-12-12 18:31:23] [SEVERE ] setting player 1 freeze to -19
[2022-12-12 18:31:23] [SEVERE ] setting player 2 freeze to -19
[2022-12-12 18:31:23] [SEVERE ] setting player 3 freeze to -26
[2022-12-12 18:31:23] [SEVERE ] player 0 placing token on slot 8
[2022-12-12 18:31:23] [SEVERE ] player 1 placing token on slot 4
[2022-12-12 18:31:23] [SEVERE ] removing player 2 token from slot 5
[2022-12-12 18:31:23] [SEVERE ] player 3 placing token on slot 2
[2022-12-12 18:31:23] [SEVERE ] setting player 0 freeze to 0
[2022-12-12 18:31:23] [SEVERE ] removing player 0 token from slot 5
[2022-12-12 18:31:23] [SEVERE ] setting player 3 freeze to 0
[2022-12-12 18:31:23] [SEVERE ] setting player 1 freeze to 0
[2022-12-12 18:31:23] [SEVERE ] removing player 1 token from slot 10
[2022-12-12 18:31:23] [SEVERE ] player 2 placing token on slot 8
[2022-12-12 18:31:23] [SEVERE ] removing player 3 token from slot 3
[2022-12-12 18:31:23] [SEVERE ] setting player 0 freeze to -19
[2022-12-12 18:31:23] [SEVERE ] setting player 3 freeze to -11
[2022-12-12 18:31:23] [SEVERE ] setting player 1 freeze to -13
[2022-12-12 18:31:23] [SEVERE ] player 3 placing token on slot 1
[2022-12-12 18:31:23] [SEVERE ] player 0 placing token on slot 3
[2022-12-12 18:31:23] [SEVERE ] player 2 placing token on slot 5
[2022-12-12 18:31:23] [SEVERE ] removing player 1 token from slot 4
[2022-12-12 18:31:23] [SEVERE ] removing player 0 token from slot 8
[2022-12-12 18:31:23] [SEVERE ] removing player 2 token from slot 6
[2022-12-12 18:31:23] [SEVERE ] player 1 placing token on slot 3
[2022-12-12 18:31:23] [SEVERE ] removing player 3 token from slot 2
[2022-12-12 18:31:23] [SEVERE ] setting player 3 freeze to 0
[2022-12-12 18:31:23] [SEVERE ] player 0 placing token on slot 7
[2022-12-12 18:31:23] [SEVERE ] removing player 1 token from slot 3
[2022-12-12 18:31:23] [SEVERE ] player 3 placing token on slot 3
[2022-12-12 18:31:23] [SEVERE ] removing player 0 token from slot 11
[2022-12-12 18:31:23] [SEVERE ] setting player 3 freeze to -15
[2022-12-12 18:31:23] [SEVERE ] removing player 2 token from slot 5
[2022-12-12 18:31:23] [SEVERE ] setting player 0 freeze to 0
[2022-12-12 18:31:23] [SEVERE ] player 1 placing token on slot 4
[2022-12-12 18:31:23] [SEVERE ] removing player 0 token from slot 3
[2022-12-12 18:31:23] [SEVERE ] player 2 placing token on slot 4
[2022-12-12 18:31:23] [SEVERE ] removing player 3 token from slot 3
[2022-12-12 18:31:23] [SEVERE ] setting player 0 freeze to -16
[2022-12-12 18:31:23] [SEVERE ] player 2 placing token on slot 1
[2022-12-12 18:31:23] [SEVERE ] player 0 placing token on slot 6
[2022-12-12 18:31:23] [SEVERE ] player 1 placing token on slot 7
[2022-12-12 18:31:23] [SEVERE ] player 3 placing token on slot 4
[2022-12-12 18:31:23] [SEVERE ] setting player 2 freeze to 0
[2022-12-12 18:31:23] [SEVERE ] removing player 1 token from slot 4
[2022-12-12 18:31:23] [SEVERE ] player 0 placing token on slot 3
[2022-12-12 18:31:23] [SEVERE ] setting player 3 freeze to 0
[2022-12-12 18:31:23] [SEVERE ] setting player 2 freeze to -15
[2022-12-12 18:31:23] [SEVERE ] removing player 2 token from slot 8
[2022-12-12 18:31:23] [SEVERE ] removing player 3 token from slot 5
[2022-12-12 18:31:23] [SEVERE ] setting player 0 freeze to 0
[2022-12-12 18:31:23] [SEVERE ] player 1 placing token on slot 10
[2022-12-12 18:31:23] [SEVERE ] player 2 placing token on slot 9
[2022-12-12 18:31:23] [SEVERE ] setting player 3 freeze to -20
[2022-12-12 18:31:23] [SEVERE ] removing player 0 token from slot 3
[2022-12-12 18:31:23] [SEVERE ] setting player 0 freeze to -15
[2022-12-12 18:31:23] [SEVERE ] setting player 1 freeze to 0
[2022-12-12 18:31:23] [SEVERE ] setting player 2 freeze to 0
[2022-12-12 18:31:23] [SEVERE ] player 0 placing token on slot 5
[2022-12-12 18:31:23] [SEVERE ] setting player 0 freeze to 0
[2022-12-12 18:31:23] [SEVERE ] removing player 2 token from slot 9
[2022-12-12 18:31:23] [SEVERE ] setting player 2 freeze to -11
[2022-12-12 18:31:23] [SEVERE ] setting player 1 freeze to -15
[2022-12-12 18:31:23] [SEVERE ] removing player 1 token from slot 6
[2022-12-12 18:31:23] [SEVERE ] player 3 placing token on slot 0
[2022-12-12 18:31:23] [SEVERE ] setting player 3 freeze to 0
[2022-12-12 18:31:23] [SEVERE ] removing player 0 token from slot 5
[2022-12-12 18:31:23] [SEVERE ] removing player 3 token from slot 4
[2022-12-12 18:31:23] [SEVERE ] setting player 0 freeze to -17
[2022-12-12 18:31:23] [SEVERE ] player 1 placing token on slot 5
[2022-12-12 18:31:23] [SEVERE ] player 2 placing token on slot 8
[2022-12-12 18:31:23] [SEVERE ] setting player 3 freeze to -13
[2022-12-12 18:31:23] [SEVERE ] setting player 2 freeze to 0
[2022-12-12 18:31:23] [SEVERE ] removing player 0 token from slot 7
[2022-12-12 18:31:23] [SEVERE ] removing player 2 token from slot 8
[2022-12-12 18:31:23] [SEVERE ] removing player 1 token from slot 7
[2022-12-12 18:31:23] [SEVERE ] removing player 3 token from slot 1
[2022-12-12 18:31:23] [SEVERE ] player 0 placing token on slot 1
[2022-12-12 18:31:23] [SEVERE ] removing player 1 token from slot 10
[2022-12-12 18:31:23] [SEVERE ] setting player 2 freeze to -26
[2022-12-12 18:31:23] [SEVERE ] player 3 placing token on slot 3
[2022-12-12 18:31:23] [SEVERE ] player 1 placing token on slot 3
[2022-12-12 18:31:23] [SEVERE ] removing player 3 token from slot 3
[2022-12-12 18:31:23] [SEVERE ] player 0 placing token on slot 9
[2022-12-12 18:31:23] [SEVERE ] player 2 placing token on slot 3
[2022-12-12 18:31:23] [SEVERE ] setting player 0 freeze to 0
[2022-12-12 18:31:23] [SEVERE ] removing player 1 token from slot 3
[2022-12-12 18:31:23] [SEVERE ] removing player 0 token from slot 1
[2022-12-12 18:31:23] [SEVERE ] player 3 placing token on slot 7
[2022-12-12 18:31:23] [SEVERE ] removing player 2 token from slot 4
[2022-12-12 18:31:24] [SEVERE ] setting player 0 freeze to -12
[2022-12-12 18:31:24] [SEVERE ] player 3 placing token on slot 9
[2022-12-12 18:31:24] [SEVERE ] removing player 2 token from slot 1
[2022-12-12 18:31:24] [SEVERE ] player 1 placing token on slot 1
[2022-12-12 18:31:24] [SEVERE ] player 0 placing token on slot 3
[2022-12-12 18:31:24] [SEVERE ] setting player 3 freeze to 0
[2022-12-12 18:31:24] [SEVERE ] removing player 3 token from slot 9
[2022-12-12 18:31:24] [SEVERE ] removing player 1 token from slot 5
[2022-12-12 18:31:24] [SEVERE ] setting player 0 freeze to 0
[2022-12-12 18:31:24] [SEVERE ] removing player 0 token from slot 9
[2022-12-12 18:31:24] [SEVERE ] setting player 3 freeze to -15
[2022-12-12 18:31:24] [SEVERE ] player 2 placing token on slot 4
[2022-12-12 18:31:24] [SEVERE ] player 1 placing token on slot 8
[2022-12-12 18:31:24] [SEVERE ] setting player 0 freeze to -13
[2022-12-12 18:31:24] [SEVERE ] player 2 placing token on slot 8
[2022-12-12 18:31:24] [SEVERE ] player 3 placing token on slot 8
[2022-12-12 18:31:24] [SEVERE ] setting player 2 freeze to 0
[2022-12-12 18:31:24] [SEVERE ] player 1 placing token on slot 7
[2022-12-12 18:31:24] [SEVERE ] removing player 3 token from slot 8
[2022-12-12 18:31:24] [SEVERE ] removing player 1 token from slot 7
[2022-12-12 18:31:24] [SEVERE ] setting player 2 freeze to -16
[2022-12-12 18:31:24] [SEVERE ] player 0 placing token on slot 8
[2022-12-12 18:31:24] [SEVERE ] removing player 2 token from slot 3
[2022-12-12 18:31:24] [SEVERE ] removing player 1 token from slot 8
[2022-12-12 18:31:24] [SEVERE ] removing player 0 token from slot 6
[2022-12-12 18:31:24] [SEVERE ] player 2 placing token on slot 9
[2022-12-12 18:31:24] [SEVERE ] setting player 0 freeze to 0
[2022-12-12 18:31:24] [SEVERE ] player 3 placing token on slot 9
[2022-12-12 18:31:24] [SEVERE ] player 1 placing token on slot 3
[2022-12-12 18:31:24] [SEVERE ] setting player 2 freeze to 0
[2022-12-12 18:31:24] [SEVERE ] player 0 placing token on slot 11
[2022-12-12 18:31:24] [SEVERE ] setting player 0 freeze to -19
[2022-12-12 18:31:24] [SEVERE ] removing player 3 token from slot 7
[2022-12-12 18:31:24] [SEVERE ] removing player 2 token from slot 4
[2022-12-12 18:31:24] [SEVERE ] player 1 placing token on slot 10
[2022-12-12 18:31:24] [SEVERE ] setting player 2 freeze to -12
[2022-12-12 18:31:24] [SEVERE ] removing player 1 token from slot 3
[2022-12-12 18:31:24] [SEVERE ] player 3 placing token on slot 4
[2022-12-12 18:31:24] [SEVERE ] removing player 0 token from slot 8
[2022-12-12 18:31:24] [SEVERE ] player 2 placing token on slot 1
[2022-12-12 18:31:24] [SEVERE ] removing player 3 token from slot 9
[2022-12-12 18:31:24] [SEVERE ] player 1 placing token on slot 2
[2022-12-12 18:31:24] [SEVERE ] setting player 1 freeze to 0
[2022-12-12 18:31:24] [SEVERE ] setting player 2 freeze to 0
[2022-12-12 18:31:24] [SEVERE ] player 0 placing token on slot 8
[2022-12-12 18:31:24] [SEVERE ] removing player 2 token from slot 9
[2022-12-12 18:31:24] [SEVERE ] player 3 placing token on slot 2
[2022-12-12 18:31:24] [SEVERE ] removing player 1 token from slot 10
[2022-12-12 18:31:24] [SEVERE ] setting player 0 freeze to 0
[2022-12-12 18:31:24] [SEVERE ] removing player 0 token from slot 11
[2022-12-12 18:31:24] [SEVERE ] removing player 3 token from slot 2
[2022-12-12 18:31:24] [SEVERE ] setting player 1 freeze to -21
[2022-12-12 18:31:24] [SEVERE ] setting player 2 freeze to -21
[2022-12-12 18:31:24] [SEVERE ] setting player 0 freeze to -11
[2022-12-12 18:31:24] [SEVERE ] player 3 placing token on slot 11
[2022-12-12 18:31:24] [SEVERE ] player 1 placing token on slot 6
[2022-12-12 18:31:24] [SEVERE ] player 2 placing token on slot 6
[2022-12-12 18:31:24] [SEVERE ] removing player 1 token from slot 2
[2022-12-12 18:31:24] [SEVERE ] setting player 2 freeze to 0
[2022-12-12 18:31:24] [SEVERE ] removing player 3 token from slot 4
[2022-12-12 18:31:24] [SEVERE ] removing player 0 token from slot 8
[2022-12-12 18:31:24] [SEVERE ] removing player 2 token from slot 6
[2022-12-12 18:31:24] [SEVERE ] player 1 placing token on slot 9
[2022-12-12 18:31:24] [SEVERE ] player 3 placing token on slot 2
[2022-12-12 18:31:24] [SEVERE ] setting player 1 freeze to 0
[2022-12-12 18:31:24] [SEVERE ] player 0 placing token on slot 4
[2022-12-12 18:31:24] [SEVERE ] setting player 2 freeze to -20
[2022-12-12 18:31:24] [SEVERE ] removing player 3 token from slot 2
[2022-12-12 18:31:24] [SEVERE ] setting player 1 freeze to -20
[2022-12-12 18:31:24] [SEVERE ] player 2 placing token on slot 11
[2022-12-12 18:31:24] [SEVERE ] removing player 1 token from slot 1
[2022-12-12 18:31:24] [SEVERE ] player 0 placing token on slot 11
[2022-12-12 18:31:24] [SEVERE ] removing player 1 token from slot 6
[2022-12-12 18:31:24] [SEVERE ] setting player 2 freeze to 0
[2022-12-12 18:31:24] [SEVERE ] removing player 2 token from slot 1
[2022-12-12 18:31:24] [SEVERE ] setting player 0 freeze to 0
[2022-12-12 18:31:24] [SEVERE ] player 3 placing token on slot 7
[2022-12-12 18:31:24] [SEVERE ] removing player 0 token from slot 4
[2022-12-12 18:31:24] [SEVERE ] setting player 2 freeze to -11
[2022-12-12 18:31:24] [SEVERE ] player 1 placing token on slot 1
[2022-12-12 18:31:24] [SEVERE ] Exit button pressed
[2022-12-12 18:31:24] [SEVERE ] setting player 0 freeze to -17
[2022-12-12 18:31:24] [SEVERE ] removing player 3 token from slot 0
[2022-12-12 18:31:24] [SEVERE ] player 1 placing token on slot 11
[2022-12-12 18:31:24] [SEVERE ] player 2 placing token on slot 3
[2022-12-12 18:31:24] [SEVERE ] setting player 1 freeze to 0
[2022-12-12 18:31:24] [SEVERE ] setting player 1 freeze to -15
[2022-12-12 18:31:24] [SEVERE ] setting player 2 freeze to 0
[2022-12-12 18:31:24] [SEVERE ] setting player 2 freeze to -16
[2022-12-12 18:31:24] [SEVERE ] removing card from slot 0
[2022-12-12 18:31:24] [SEVERE ] removing card from slot 1
[2022-12-12 18:31:24] [SEVERE ] removing card from slot 2
[2022-12-12 18:31:24] [SEVERE ] removing card from slot 3
[2022-12-12 18:31:24] [SEVERE ] removing card from slot 4
[2022-12-12 18:31:24] [SEVERE ] removing card from slot 5
[2022-12-12 18:31:24] [SEVERE ] removing card from slot 6
[2022-12-12 18:31:24] [SEVERE ] removing card from slot 7
[2022-12-12 18:31:24] [SEVERE ] removing card from slot 8
[2022-12-12 18:31:24] [SEVERE ] removing card from slot 9
[2022-12-12 18:31:24] [SEVERE ] removing card from slot 10
[2022-12-12 18:31:24] [SEVERE ] removing card from slot 11
[2022-12-12 18:31:24] [SEVERE ] removing player 0 token from slot 3
[2022-12-12 18:31:24] [SEVERE ] removing player 0 token from slot 11
[2022-12-12 18:31:24] [SEVERE ] removing player 1 token from slot 9
[2022-12-12 18:31:24] [SEVERE ] removing player 1 token from slot 1
[2022-12-12 18:31:24] [SEVERE ] removing player 1 token from slot 11
[2022-12-12 18:31:24] [SEVERE ] removing player 2 token from slot 8
[2022-12-12 18:31:24] [SEVERE ] removing player 2 token from slot 11
[2022-12-12 18:31:24] [SEVERE ] removing player 2 token from slot 3
[2022-12-12 18:31:24] [SEVERE ] removing player 3 token from slot 11
[2022-12-12 18:31:24] [SEVERE ] removing player 3 token from slot 7
[2022-12-12 18:31:24] [SEVERE ] announcing winners: [1]
[2022-12-12 18:31:24] [INFO   ] Thread main terminated.
