[2022-12-11 16:50:30] [INFO   ] cannot read configuration file config.properties trying from resources.
[2022-12-11 16:50:30] [INFO   ] configuration file was loaded from resources directory.
[2022-12-11 16:50:30] [SEVERE ] placing card 14 in slot 0
[2022-12-11 16:50:31] [SEVERE ] placing card 13 in slot 8
[2022-12-11 16:50:31] [SEVERE ] placing card 65 in slot 2
[2022-12-11 16:50:31] [SEVERE ] placing card 35 in slot 3
[2022-12-11 16:50:31] [SEVERE ] placing card 76 in slot 10
[2022-12-11 16:50:31] [SEVERE ] placing card 3 in slot 7
[2022-12-11 16:50:32] [SEVERE ] placing card 42 in slot 9
[2022-12-11 16:50:32] [SEVERE ] placing card 48 in slot 11
[2022-12-11 16:50:32] [SEVERE ] placing card 79 in slot 1
[2022-12-11 16:50:32] [SEVERE ] placing card 64 in slot 6
[2022-12-11 16:50:32] [SEVERE ] placing card 73 in slot 5
[2022-12-11 16:50:33] [SEVERE ] placing card 71 in slot 4
[2022-12-11 16:51:30] [SEVERE ] removing card from slot 0
[2022-12-11 16:51:30] [SEVERE ] removing card from slot 1
[2022-12-11 16:51:31] [SEVERE ] removing card from slot 2
[2022-12-11 16:51:31] [SEVERE ] removing card from slot 3
[2022-12-11 16:51:31] [SEVERE ] removing card from slot 4
[2022-12-11 16:51:31] [SEVERE ] removing card from slot 5
[2022-12-11 16:51:31] [SEVERE ] removing card from slot 6
[2022-12-11 16:51:31] [SEVERE ] removing card from slot 7
[2022-12-11 16:51:31] [SEVERE ] removing card from slot 8
[2022-12-11 16:51:31] [SEVERE ] removing card from slot 9
[2022-12-11 16:51:31] [SEVERE ] removing card from slot 10
[2022-12-11 16:51:32] [SEVERE ] removing card from slot 11
[2022-12-11 16:51:32] [SEVERE ] removing player 0 token from slot 0
[2022-12-11 16:51:32] [SEVERE ] removing player 0 token from slot 1
[2022-12-11 16:51:32] [SEVERE ] removing player 0 token from slot 2
[2022-12-11 16:51:32] [SEVERE ] removing player 0 token from slot 3
[2022-12-11 16:51:32] [SEVERE ] removing player 0 token from slot 4
[2022-12-11 16:51:32] [SEVERE ] removing player 0 token from slot 5
[2022-12-11 16:51:32] [SEVERE ] removing player 0 token from slot 6
[2022-12-11 16:51:32] [SEVERE ] removing player 0 token from slot 7
[2022-12-11 16:51:32] [SEVERE ] removing player 0 token from slot 8
[2022-12-11 16:51:33] [SEVERE ] removing player 0 token from slot 9
[2022-12-11 16:51:33] [SEVERE ] removing player 0 token from slot 10
[2022-12-11 16:51:33] [SEVERE ] removing player 0 token from slot 11
[2022-12-11 16:51:33] [SEVERE ] removing player 1 token from slot 0
[2022-12-11 16:51:33] [SEVERE ] removing player 1 token from slot 1
[2022-12-11 16:51:33] [SEVERE ] removing player 1 token from slot 2
[2022-12-11 16:51:33] [SEVERE ] removing player 1 token from slot 3
[2022-12-11 16:51:33] [SEVERE ] removing player 1 token from slot 4
[2022-12-11 16:51:33] [SEVERE ] removing player 1 token from slot 5
[2022-12-11 16:51:34] [SEVERE ] removing player 1 token from slot 6
[2022-12-11 16:51:34] [SEVERE ] removing player 1 token from slot 7
[2022-12-11 16:51:34] [SEVERE ] removing player 1 token from slot 8
[2022-12-11 16:51:34] [SEVERE ] removing player 1 token from slot 9
[2022-12-11 16:51:34] [SEVERE ] removing player 1 token from slot 10
[2022-12-11 16:51:34] [SEVERE ] removing player 1 token from slot 11
[2022-12-11 16:51:34] [SEVERE ] removing player 2 token from slot 0
[2022-12-11 16:51:34] [SEVERE ] removing player 2 token from slot 1
[2022-12-11 16:51:34] [SEVERE ] removing player 2 token from slot 2
[2022-12-11 16:51:35] [SEVERE ] removing player 2 token from slot 3
[2022-12-11 16:51:35] [SEVERE ] removing player 2 token from slot 4
[2022-12-11 16:51:35] [SEVERE ] removing player 2 token from slot 5
[2022-12-11 16:51:35] [SEVERE ] removing player 2 token from slot 6
[2022-12-11 16:51:35] [SEVERE ] removing player 2 token from slot 7
[2022-12-11 16:51:35] [SEVERE ] removing player 2 token from slot 8
[2022-12-11 16:51:35] [SEVERE ] removing player 2 token from slot 9
[2022-12-11 16:51:35] [SEVERE ] removing player 2 token from slot 10
[2022-12-11 16:51:35] [SEVERE ] removing player 2 token from slot 11
[2022-12-11 16:51:36] [SEVERE ] removing player 3 token from slot 0
[2022-12-11 16:51:36] [SEVERE ] removing player 3 token from slot 1
[2022-12-11 16:51:36] [SEVERE ] removing player 3 token from slot 2
[2022-12-11 16:51:36] [SEVERE ] removing player 3 token from slot 3
[2022-12-11 16:51:36] [SEVERE ] removing player 3 token from slot 4
[2022-12-11 16:51:36] [SEVERE ] removing player 3 token from slot 5
[2022-12-11 16:51:36] [SEVERE ] removing player 3 token from slot 6
[2022-12-11 16:51:36] [SEVERE ] removing player 3 token from slot 7
[2022-12-11 16:51:36] [SEVERE ] removing player 3 token from slot 8
[2022-12-11 16:51:37] [SEVERE ] removing player 3 token from slot 9
[2022-12-11 16:51:37] [SEVERE ] removing player 3 token from slot 10
[2022-12-11 16:51:37] [SEVERE ] removing player 3 token from slot 11
[2022-12-11 16:51:37] [SEVERE ] placing card 0 in slot 4
[2022-12-11 16:51:37] [SEVERE ] placing card 12 in slot 9
[2022-12-11 16:51:37] [SEVERE ] placing card 14 in slot 10
[2022-12-11 16:51:38] [SEVERE ] placing card 51 in slot 11
[2022-12-11 16:51:38] [SEVERE ] placing card 15 in slot 2
[2022-12-11 16:51:38] [SEVERE ] placing card 78 in slot 8
[2022-12-11 16:51:38] [SEVERE ] placing card 11 in slot 3
[2022-12-11 16:51:38] [SEVERE ] placing card 57 in slot 1
[2022-12-11 16:51:39] [SEVERE ] placing card 38 in slot 5
[2022-12-11 16:51:39] [SEVERE ] placing card 5 in slot 6
[2022-12-11 16:51:39] [SEVERE ] placing card 23 in slot 0
[2022-12-11 16:51:39] [SEVERE ] placing card 25 in slot 7
[2022-12-11 16:52:37] [SEVERE ] removing card from slot 0
[2022-12-11 16:52:37] [SEVERE ] removing card from slot 1
[2022-12-11 16:52:37] [SEVERE ] removing card from slot 2
[2022-12-11 16:52:37] [SEVERE ] removing card from slot 3
[2022-12-11 16:52:37] [SEVERE ] removing card from slot 4
[2022-12-11 16:52:37] [SEVERE ] removing card from slot 5
[2022-12-11 16:52:38] [SEVERE ] removing card from slot 6
[2022-12-11 16:52:38] [SEVERE ] removing card from slot 7
[2022-12-11 16:52:38] [SEVERE ] removing card from slot 8
[2022-12-11 16:52:38] [SEVERE ] removing card from slot 9
[2022-12-11 16:52:38] [SEVERE ] removing card from slot 10
[2022-12-11 16:52:38] [SEVERE ] removing card from slot 11
[2022-12-11 16:52:38] [SEVERE ] removing player 0 token from slot 0
[2022-12-11 16:52:38] [SEVERE ] removing player 0 token from slot 1
[2022-12-11 16:52:38] [SEVERE ] removing player 0 token from slot 2
[2022-12-11 16:52:39] [SEVERE ] removing player 0 token from slot 3
[2022-12-11 16:52:39] [SEVERE ] removing player 0 token from slot 4
[2022-12-11 16:52:39] [SEVERE ] removing player 0 token from slot 5
[2022-12-11 16:52:39] [SEVERE ] removing player 0 token from slot 6
[2022-12-11 16:52:39] [SEVERE ] removing player 0 token from slot 7
[2022-12-11 16:52:39] [SEVERE ] removing player 0 token from slot 8
[2022-12-11 16:52:39] [SEVERE ] removing player 0 token from slot 9
[2022-12-11 16:52:39] [SEVERE ] removing player 0 token from slot 10
[2022-12-11 16:52:39] [SEVERE ] removing player 0 token from slot 11
[2022-12-11 16:52:39] [SEVERE ] removing player 1 token from slot 0
[2022-12-11 16:52:40] [SEVERE ] removing player 1 token from slot 1
[2022-12-11 16:52:40] [SEVERE ] removing player 1 token from slot 2
[2022-12-11 16:52:40] [SEVERE ] removing player 1 token from slot 3
[2022-12-11 16:52:40] [SEVERE ] removing player 1 token from slot 4
[2022-12-11 16:52:40] [SEVERE ] removing player 1 token from slot 5
[2022-12-11 16:52:40] [SEVERE ] removing player 1 token from slot 6
[2022-12-11 16:52:40] [SEVERE ] removing player 1 token from slot 7
[2022-12-11 16:52:40] [SEVERE ] removing player 1 token from slot 8
[2022-12-11 16:52:40] [SEVERE ] removing player 1 token from slot 9
[2022-12-11 16:52:41] [SEVERE ] removing player 1 token from slot 10
[2022-12-11 16:52:41] [SEVERE ] removing player 1 token from slot 11
[2022-12-11 16:52:41] [SEVERE ] removing player 2 token from slot 0
[2022-12-11 16:52:41] [SEVERE ] removing player 2 token from slot 1
[2022-12-11 16:52:41] [SEVERE ] removing player 2 token from slot 2
[2022-12-11 16:52:41] [SEVERE ] removing player 2 token from slot 3
[2022-12-11 16:52:41] [SEVERE ] removing player 2 token from slot 4
[2022-12-11 16:52:41] [SEVERE ] removing player 2 token from slot 5
[2022-12-11 16:52:41] [SEVERE ] removing player 2 token from slot 6
[2022-12-11 16:52:42] [SEVERE ] removing player 2 token from slot 7
[2022-12-11 16:52:42] [SEVERE ] removing player 2 token from slot 8
[2022-12-11 16:52:42] [SEVERE ] removing player 2 token from slot 9
[2022-12-11 16:52:42] [SEVERE ] removing player 2 token from slot 10
[2022-12-11 16:52:42] [SEVERE ] removing player 2 token from slot 11
[2022-12-11 16:52:42] [SEVERE ] removing player 3 token from slot 0
[2022-12-11 16:52:42] [SEVERE ] removing player 3 token from slot 1
[2022-12-11 16:52:42] [SEVERE ] removing player 3 token from slot 2
[2022-12-11 16:52:42] [SEVERE ] removing player 3 token from slot 3
[2022-12-11 16:52:43] [SEVERE ] removing player 3 token from slot 4
[2022-12-11 16:52:43] [SEVERE ] removing player 3 token from slot 5
[2022-12-11 16:52:43] [SEVERE ] removing player 3 token from slot 6
[2022-12-11 16:52:43] [SEVERE ] removing player 3 token from slot 7
[2022-12-11 16:52:43] [SEVERE ] removing player 3 token from slot 8
[2022-12-11 16:52:43] [SEVERE ] removing player 3 token from slot 9
[2022-12-11 16:52:43] [SEVERE ] removing player 3 token from slot 10
[2022-12-11 16:52:43] [SEVERE ] removing player 3 token from slot 11
[2022-12-11 16:52:43] [SEVERE ] placing card 0 in slot 1
[2022-12-11 16:52:44] [SEVERE ] placing card 66 in slot 6
[2022-12-11 16:52:44] [SEVERE ] placing card 20 in slot 2
[2022-12-11 16:52:44] [SEVERE ] placing card 51 in slot 11
[2022-12-11 16:52:44] [SEVERE ] placing card 6 in slot 4
[2022-12-11 16:52:45] [SEVERE ] placing card 4 in slot 3
[2022-12-11 16:52:45] [SEVERE ] placing card 62 in slot 9
[2022-12-11 16:52:45] [SEVERE ] placing card 44 in slot 8
[2022-12-11 16:52:45] [SEVERE ] placing card 29 in slot 7
[2022-12-11 16:52:45] [SEVERE ] placing card 17 in slot 10
[2022-12-11 16:52:46] [SEVERE ] placing card 61 in slot 5
[2022-12-11 16:52:46] [SEVERE ] placing card 37 in slot 0
[2022-12-11 16:53:43] [SEVERE ] removing card from slot 0
[2022-12-11 16:53:44] [SEVERE ] removing card from slot 1
[2022-12-11 16:53:44] [SEVERE ] removing card from slot 2
[2022-12-11 16:53:44] [SEVERE ] removing card from slot 3
[2022-12-11 16:53:44] [SEVERE ] removing card from slot 4
[2022-12-11 16:53:44] [SEVERE ] removing card from slot 5
[2022-12-11 16:53:44] [SEVERE ] removing card from slot 6
[2022-12-11 16:53:44] [SEVERE ] removing card from slot 7
[2022-12-11 16:53:44] [SEVERE ] removing card from slot 8
[2022-12-11 16:53:44] [SEVERE ] removing card from slot 9
[2022-12-11 16:53:45] [SEVERE ] removing card from slot 10
[2022-12-11 16:53:45] [SEVERE ] removing card from slot 11
[2022-12-11 16:53:45] [SEVERE ] removing player 0 token from slot 0
[2022-12-11 16:53:45] [SEVERE ] removing player 0 token from slot 1
[2022-12-11 16:53:45] [SEVERE ] removing player 0 token from slot 2
[2022-12-11 16:53:45] [SEVERE ] removing player 0 token from slot 3
[2022-12-11 16:53:45] [SEVERE ] removing player 0 token from slot 4
[2022-12-11 16:53:45] [SEVERE ] removing player 0 token from slot 5
[2022-12-11 16:53:45] [SEVERE ] removing player 0 token from slot 6
[2022-12-11 16:53:46] [SEVERE ] removing player 0 token from slot 7
[2022-12-11 16:53:46] [SEVERE ] removing player 0 token from slot 8
[2022-12-11 16:53:46] [SEVERE ] removing player 0 token from slot 9
[2022-12-11 16:53:46] [SEVERE ] removing player 0 token from slot 10
[2022-12-11 16:53:46] [SEVERE ] removing player 0 token from slot 11
[2022-12-11 16:53:46] [SEVERE ] removing player 1 token from slot 0
[2022-12-11 16:53:46] [SEVERE ] removing player 1 token from slot 1
[2022-12-11 16:53:46] [SEVERE ] removing player 1 token from slot 2
[2022-12-11 16:53:46] [SEVERE ] removing player 1 token from slot 3
[2022-12-11 16:53:47] [SEVERE ] removing player 1 token from slot 4
[2022-12-11 16:53:47] [SEVERE ] removing player 1 token from slot 5
[2022-12-11 16:53:47] [SEVERE ] removing player 1 token from slot 6
[2022-12-11 16:53:47] [SEVERE ] removing player 1 token from slot 7
[2022-12-11 16:53:47] [SEVERE ] removing player 1 token from slot 8
[2022-12-11 16:53:47] [SEVERE ] removing player 1 token from slot 9
[2022-12-11 16:53:47] [SEVERE ] removing player 1 token from slot 10
[2022-12-11 16:53:47] [SEVERE ] removing player 1 token from slot 11
[2022-12-11 16:53:47] [SEVERE ] removing player 2 token from slot 0
[2022-12-11 16:53:48] [SEVERE ] removing player 2 token from slot 1
[2022-12-11 16:53:48] [SEVERE ] removing player 2 token from slot 2
[2022-12-11 16:53:48] [SEVERE ] removing player 2 token from slot 3
[2022-12-11 16:53:48] [SEVERE ] removing player 2 token from slot 4
[2022-12-11 16:53:48] [SEVERE ] removing player 2 token from slot 5
[2022-12-11 16:53:48] [SEVERE ] removing player 2 token from slot 6
[2022-12-11 16:53:48] [SEVERE ] removing player 2 token from slot 7
[2022-12-11 16:53:48] [SEVERE ] removing player 2 token from slot 8
[2022-12-11 16:53:48] [SEVERE ] removing player 2 token from slot 9
[2022-12-11 16:53:49] [SEVERE ] removing player 2 token from slot 10
[2022-12-11 16:53:49] [SEVERE ] removing player 2 token from slot 11
[2022-12-11 16:53:49] [SEVERE ] removing player 3 token from slot 0
[2022-12-11 16:53:49] [SEVERE ] removing player 3 token from slot 1
[2022-12-11 16:53:49] [SEVERE ] removing player 3 token from slot 2
[2022-12-11 16:53:49] [SEVERE ] removing player 3 token from slot 3
[2022-12-11 16:53:49] [SEVERE ] removing player 3 token from slot 4
[2022-12-11 16:53:49] [SEVERE ] removing player 3 token from slot 5
[2022-12-11 16:53:49] [SEVERE ] removing player 3 token from slot 6
[2022-12-11 16:53:50] [SEVERE ] removing player 3 token from slot 7
[2022-12-11 16:53:50] [SEVERE ] removing player 3 token from slot 8
[2022-12-11 16:53:50] [SEVERE ] removing player 3 token from slot 9
[2022-12-11 16:53:50] [SEVERE ] removing player 3 token from slot 10
[2022-12-11 16:53:50] [SEVERE ] removing player 3 token from slot 11
[2022-12-11 16:53:50] [SEVERE ] placing card 46 in slot 0
[2022-12-11 16:53:50] [SEVERE ] placing card 1 in slot 1
[2022-12-11 16:53:50] [SEVERE ] placing card 9 in slot 8
[2022-12-11 16:53:51] [SEVERE ] placing card 52 in slot 3
[2022-12-11 16:53:51] [SEVERE ] placing card 18 in slot 9
[2022-12-11 16:53:51] [SEVERE ] placing card 70 in slot 10
[2022-12-11 16:53:51] [SEVERE ] placing card 37 in slot 2
[2022-12-11 16:53:52] [SEVERE ] placing card 66 in slot 4
[2022-12-11 16:53:52] [SEVERE ] placing card 28 in slot 11
[2022-12-11 16:53:52] [SEVERE ] placing card 80 in slot 6
[2022-12-11 16:53:52] [SEVERE ] placing card 29 in slot 7
[2022-12-11 16:53:52] [SEVERE ] placing card 10 in slot 5
[2022-12-11 16:54:50] [SEVERE ] removing card from slot 0
[2022-12-11 16:54:50] [SEVERE ] removing card from slot 1
[2022-12-11 16:54:50] [SEVERE ] removing card from slot 2
[2022-12-11 16:54:50] [SEVERE ] removing card from slot 3
[2022-12-11 16:54:51] [SEVERE ] removing card from slot 4
[2022-12-11 16:54:51] [SEVERE ] removing card from slot 5
[2022-12-11 16:54:51] [SEVERE ] removing card from slot 6
[2022-12-11 16:54:51] [SEVERE ] removing card from slot 7
[2022-12-11 16:54:51] [SEVERE ] removing card from slot 8
[2022-12-11 16:54:51] [SEVERE ] removing card from slot 9
[2022-12-11 16:54:51] [SEVERE ] removing card from slot 10
[2022-12-11 16:54:51] [SEVERE ] removing card from slot 11
[2022-12-11 16:54:51] [SEVERE ] removing player 0 token from slot 0
[2022-12-11 16:54:51] [SEVERE ] removing player 0 token from slot 1
[2022-12-11 16:54:52] [SEVERE ] removing player 0 token from slot 2
[2022-12-11 16:54:52] [SEVERE ] removing player 0 token from slot 3
[2022-12-11 16:54:52] [SEVERE ] removing player 0 token from slot 4
[2022-12-11 16:54:52] [SEVERE ] removing player 0 token from slot 5
[2022-12-11 16:54:52] [SEVERE ] removing player 0 token from slot 6
[2022-12-11 16:54:52] [SEVERE ] removing player 0 token from slot 7
[2022-12-11 16:54:52] [SEVERE ] removing player 0 token from slot 8
[2022-12-11 16:54:52] [SEVERE ] removing player 0 token from slot 9
[2022-12-11 16:54:52] [SEVERE ] removing player 0 token from slot 10
[2022-12-11 16:54:53] [SEVERE ] removing player 0 token from slot 11
[2022-12-11 16:54:53] [SEVERE ] removing player 1 token from slot 0
[2022-12-11 16:54:53] [SEVERE ] removing player 1 token from slot 1
[2022-12-11 16:54:53] [SEVERE ] removing player 1 token from slot 2
[2022-12-11 16:54:53] [SEVERE ] removing player 1 token from slot 3
[2022-12-11 16:54:53] [SEVERE ] removing player 1 token from slot 4
[2022-12-11 16:54:53] [SEVERE ] removing player 1 token from slot 5
[2022-12-11 16:54:53] [SEVERE ] removing player 1 token from slot 6
[2022-12-11 16:54:53] [SEVERE ] removing player 1 token from slot 7
[2022-12-11 16:54:54] [SEVERE ] removing player 1 token from slot 8
[2022-12-11 16:54:54] [SEVERE ] removing player 1 token from slot 9
[2022-12-11 16:54:54] [SEVERE ] removing player 1 token from slot 10
[2022-12-11 16:54:54] [SEVERE ] removing player 1 token from slot 11
[2022-12-11 16:54:54] [SEVERE ] removing player 2 token from slot 0
[2022-12-11 16:54:54] [SEVERE ] removing player 2 token from slot 1
[2022-12-11 16:54:54] [SEVERE ] removing player 2 token from slot 2
[2022-12-11 16:54:54] [SEVERE ] removing player 2 token from slot 3
[2022-12-11 16:54:54] [SEVERE ] removing player 2 token from slot 4
[2022-12-11 16:54:55] [SEVERE ] removing player 2 token from slot 5
[2022-12-11 16:54:55] [SEVERE ] removing player 2 token from slot 6
[2022-12-11 16:54:55] [SEVERE ] removing player 2 token from slot 7
[2022-12-11 16:54:55] [SEVERE ] removing player 2 token from slot 8
[2022-12-11 16:54:55] [SEVERE ] removing player 2 token from slot 9
[2022-12-11 16:54:55] [SEVERE ] removing player 2 token from slot 10
[2022-12-11 16:54:55] [SEVERE ] removing player 2 token from slot 11
[2022-12-11 16:54:55] [SEVERE ] removing player 3 token from slot 0
[2022-12-11 16:54:55] [SEVERE ] removing player 3 token from slot 1
[2022-12-11 16:54:56] [SEVERE ] removing player 3 token from slot 2
[2022-12-11 16:54:56] [SEVERE ] removing player 3 token from slot 3
[2022-12-11 16:54:56] [SEVERE ] removing player 3 token from slot 4
[2022-12-11 16:54:56] [SEVERE ] removing player 3 token from slot 5
[2022-12-11 16:54:56] [SEVERE ] removing player 3 token from slot 6
[2022-12-11 16:54:56] [SEVERE ] removing player 3 token from slot 7
[2022-12-11 16:54:56] [SEVERE ] removing player 3 token from slot 8
[2022-12-11 16:54:56] [SEVERE ] removing player 3 token from slot 9
[2022-12-11 16:54:56] [SEVERE ] removing player 3 token from slot 10
[2022-12-11 16:54:57] [SEVERE ] removing player 3 token from slot 11
[2022-12-11 16:54:57] [SEVERE ] placing card 25 in slot 8
[2022-12-11 16:54:57] [SEVERE ] placing card 9 in slot 9
[2022-12-11 16:54:57] [SEVERE ] placing card 6 in slot 10
[2022-12-11 16:54:57] [SEVERE ] placing card 8 in slot 2
[2022-12-11 16:54:58] [SEVERE ] placing card 60 in slot 0
[2022-12-11 16:54:58] [SEVERE ] placing card 38 in slot 11
[2022-12-11 16:54:58] [SEVERE ] placing card 3 in slot 6
[2022-12-11 16:54:58] [SEVERE ] placing card 77 in slot 3
[2022-12-11 16:54:58] [SEVERE ] placing card 63 in slot 5
[2022-12-11 16:54:59] [SEVERE ] placing card 75 in slot 7
[2022-12-11 16:54:59] [SEVERE ] placing card 40 in slot 1
[2022-12-11 16:54:59] [SEVERE ] placing card 32 in slot 4
[2022-12-11 16:55:57] [SEVERE ] removing card from slot 0
[2022-12-11 16:55:57] [SEVERE ] removing card from slot 1
[2022-12-11 16:55:57] [SEVERE ] removing card from slot 2
[2022-12-11 16:55:57] [SEVERE ] removing card from slot 3
[2022-12-11 16:55:57] [SEVERE ] removing card from slot 4
[2022-12-11 16:55:57] [SEVERE ] removing card from slot 5
[2022-12-11 16:55:57] [SEVERE ] removing card from slot 6
[2022-12-11 16:55:57] [SEVERE ] removing card from slot 7
[2022-12-11 16:55:58] [SEVERE ] removing card from slot 8
[2022-12-11 16:55:58] [SEVERE ] removing card from slot 9
[2022-12-11 16:55:58] [SEVERE ] removing card from slot 10
[2022-12-11 16:55:58] [SEVERE ] removing card from slot 11
[2022-12-11 16:55:58] [SEVERE ] removing player 0 token from slot 0
[2022-12-11 16:55:58] [SEVERE ] removing player 0 token from slot 1
[2022-12-11 16:55:58] [SEVERE ] removing player 0 token from slot 2
[2022-12-11 16:55:58] [SEVERE ] removing player 0 token from slot 3
[2022-12-11 16:55:58] [SEVERE ] removing player 0 token from slot 4
[2022-12-11 16:55:59] [SEVERE ] removing player 0 token from slot 5
[2022-12-11 16:55:59] [SEVERE ] removing player 0 token from slot 6
[2022-12-11 16:55:59] [SEVERE ] removing player 0 token from slot 7
[2022-12-11 16:55:59] [SEVERE ] removing player 0 token from slot 8
[2022-12-11 16:55:59] [SEVERE ] removing player 0 token from slot 9
[2022-12-11 16:55:59] [SEVERE ] removing player 0 token from slot 10
[2022-12-11 16:55:59] [SEVERE ] removing player 0 token from slot 11
[2022-12-11 16:55:59] [SEVERE ] removing player 1 token from slot 0
[2022-12-11 16:55:59] [SEVERE ] removing player 1 token from slot 1
[2022-12-11 16:56:00] [SEVERE ] removing player 1 token from slot 2
[2022-12-11 16:56:00] [SEVERE ] removing player 1 token from slot 3
[2022-12-11 16:56:00] [SEVERE ] removing player 1 token from slot 4
[2022-12-11 16:56:00] [SEVERE ] removing player 1 token from slot 5
[2022-12-11 16:56:00] [SEVERE ] removing player 1 token from slot 6
[2022-12-11 16:56:00] [SEVERE ] removing player 1 token from slot 7
[2022-12-11 16:56:00] [SEVERE ] removing player 1 token from slot 8
[2022-12-11 16:56:00] [SEVERE ] removing player 1 token from slot 9
[2022-12-11 16:56:00] [SEVERE ] removing player 1 token from slot 10
[2022-12-11 16:56:01] [SEVERE ] removing player 1 token from slot 11
[2022-12-11 16:56:01] [SEVERE ] removing player 2 token from slot 0
[2022-12-11 16:56:01] [SEVERE ] removing player 2 token from slot 1
[2022-12-11 16:56:01] [SEVERE ] removing player 2 token from slot 2
[2022-12-11 16:56:01] [SEVERE ] removing player 2 token from slot 3
[2022-12-11 16:56:01] [SEVERE ] removing player 2 token from slot 4
[2022-12-11 16:56:01] [SEVERE ] removing player 2 token from slot 5
[2022-12-11 16:56:01] [SEVERE ] removing player 2 token from slot 6
[2022-12-11 16:56:01] [SEVERE ] removing player 2 token from slot 7
[2022-12-11 16:56:02] [SEVERE ] removing player 2 token from slot 8
[2022-12-11 16:56:02] [SEVERE ] removing player 2 token from slot 9
[2022-12-11 16:56:02] [SEVERE ] removing player 2 token from slot 10
[2022-12-11 16:56:02] [SEVERE ] removing player 2 token from slot 11
[2022-12-11 16:56:02] [SEVERE ] removing player 3 token from slot 0
[2022-12-11 16:56:02] [SEVERE ] removing player 3 token from slot 1
[2022-12-11 16:56:02] [SEVERE ] removing player 3 token from slot 2
[2022-12-11 16:56:02] [SEVERE ] removing player 3 token from slot 3
[2022-12-11 16:56:02] [SEVERE ] removing player 3 token from slot 4
[2022-12-11 16:56:03] [SEVERE ] removing player 3 token from slot 5
[2022-12-11 16:56:03] [SEVERE ] removing player 3 token from slot 6
[2022-12-11 16:56:03] [SEVERE ] removing player 3 token from slot 7
[2022-12-11 16:56:03] [SEVERE ] removing player 3 token from slot 8
[2022-12-11 16:56:03] [SEVERE ] removing player 3 token from slot 9
[2022-12-11 16:56:03] [SEVERE ] removing player 3 token from slot 10
[2022-12-11 16:56:03] [SEVERE ] removing player 3 token from slot 11
[2022-12-11 16:56:03] [SEVERE ] placing card 3 in slot 4
[2022-12-11 16:56:04] [SEVERE ] placing card 42 in slot 0
[2022-12-11 16:56:04] [SEVERE ] placing card 22 in slot 8
[2022-12-11 16:56:04] [SEVERE ] placing card 65 in slot 11
[2022-12-11 16:56:04] [SEVERE ] placing card 56 in slot 5
[2022-12-11 16:56:04] [SEVERE ] placing card 60 in slot 2
[2022-12-11 16:56:05] [SEVERE ] placing card 46 in slot 10
[2022-12-11 16:56:05] [SEVERE ] placing card 78 in slot 1
[2022-12-11 16:56:05] [SEVERE ] placing card 71 in slot 9
[2022-12-11 16:56:05] [SEVERE ] placing card 32 in slot 7
[2022-12-11 16:56:05] [SEVERE ] placing card 52 in slot 3
[2022-12-11 16:56:06] [SEVERE ] placing card 63 in slot 6
[2022-12-11 16:57:03] [SEVERE ] removing card from slot 0
[2022-12-11 16:57:03] [SEVERE ] removing card from slot 1
[2022-12-11 16:57:04] [SEVERE ] removing card from slot 2
[2022-12-11 16:57:04] [SEVERE ] removing card from slot 3
[2022-12-11 16:57:04] [SEVERE ] removing card from slot 4
[2022-12-11 16:57:04] [SEVERE ] removing card from slot 5
[2022-12-11 16:57:04] [SEVERE ] removing card from slot 6
[2022-12-11 16:57:04] [SEVERE ] removing card from slot 7
[2022-12-11 16:57:04] [SEVERE ] removing card from slot 8
[2022-12-11 16:57:04] [SEVERE ] removing card from slot 9
[2022-12-11 16:57:04] [SEVERE ] removing card from slot 10
[2022-12-11 16:57:05] [SEVERE ] removing card from slot 11
[2022-12-11 16:57:05] [SEVERE ] removing player 0 token from slot 0
[2022-12-11 16:57:05] [SEVERE ] removing player 0 token from slot 1
[2022-12-11 16:57:05] [SEVERE ] removing player 0 token from slot 2
[2022-12-11 16:57:05] [SEVERE ] removing player 0 token from slot 3
[2022-12-11 16:57:05] [SEVERE ] removing player 0 token from slot 4
[2022-12-11 16:57:05] [SEVERE ] removing player 0 token from slot 5
[2022-12-11 16:57:05] [SEVERE ] removing player 0 token from slot 6
[2022-12-11 16:57:05] [SEVERE ] removing player 0 token from slot 7
[2022-12-11 16:57:06] [SEVERE ] removing player 0 token from slot 8
[2022-12-11 16:57:06] [SEVERE ] removing player 0 token from slot 9
[2022-12-11 16:57:06] [SEVERE ] removing player 0 token from slot 10
[2022-12-11 16:57:06] [SEVERE ] removing player 0 token from slot 11
[2022-12-11 16:57:06] [SEVERE ] removing player 1 token from slot 0
[2022-12-11 16:57:06] [SEVERE ] removing player 1 token from slot 1
[2022-12-11 16:57:06] [SEVERE ] removing player 1 token from slot 2
[2022-12-11 16:57:06] [SEVERE ] removing player 1 token from slot 3
[2022-12-11 16:57:06] [SEVERE ] removing player 1 token from slot 4
[2022-12-11 16:57:07] [SEVERE ] removing player 1 token from slot 5
[2022-12-11 16:57:07] [SEVERE ] removing player 1 token from slot 6
[2022-12-11 16:57:07] [SEVERE ] removing player 1 token from slot 7
[2022-12-11 16:57:07] [SEVERE ] removing player 1 token from slot 8
[2022-12-11 16:57:07] [SEVERE ] removing player 1 token from slot 9
[2022-12-11 16:57:07] [SEVERE ] removing player 1 token from slot 10
[2022-12-11 16:57:07] [SEVERE ] removing player 1 token from slot 11
[2022-12-11 16:57:07] [SEVERE ] removing player 2 token from slot 0
[2022-12-11 16:57:07] [SEVERE ] removing player 2 token from slot 1
[2022-12-11 16:57:07] [SEVERE ] removing player 2 token from slot 2
[2022-12-11 16:57:08] [SEVERE ] removing player 2 token from slot 3
[2022-12-11 16:57:08] [SEVERE ] removing player 2 token from slot 4
[2022-12-11 16:57:08] [SEVERE ] removing player 2 token from slot 5
[2022-12-11 16:57:08] [SEVERE ] removing player 2 token from slot 6
[2022-12-11 16:57:08] [SEVERE ] removing player 2 token from slot 7
[2022-12-11 16:57:08] [SEVERE ] removing player 2 token from slot 8
[2022-12-11 16:57:08] [SEVERE ] removing player 2 token from slot 9
[2022-12-11 16:57:08] [SEVERE ] removing player 2 token from slot 10
[2022-12-11 16:57:08] [SEVERE ] removing player 2 token from slot 11
[2022-12-11 16:57:09] [SEVERE ] removing player 3 token from slot 0
[2022-12-11 16:57:09] [SEVERE ] removing player 3 token from slot 1
[2022-12-11 16:57:09] [SEVERE ] removing player 3 token from slot 2
[2022-12-11 16:57:09] [SEVERE ] removing player 3 token from slot 3
[2022-12-11 16:57:09] [SEVERE ] removing player 3 token from slot 4
[2022-12-11 16:57:09] [SEVERE ] removing player 3 token from slot 5
[2022-12-11 16:57:09] [SEVERE ] removing player 3 token from slot 6
[2022-12-11 16:57:09] [SEVERE ] removing player 3 token from slot 7
[2022-12-11 16:57:09] [SEVERE ] removing player 3 token from slot 8
[2022-12-11 16:57:10] [SEVERE ] removing player 3 token from slot 9
[2022-12-11 16:57:10] [SEVERE ] removing player 3 token from slot 10
[2022-12-11 16:57:10] [SEVERE ] removing player 3 token from slot 11
[2022-12-11 16:57:10] [SEVERE ] placing card 42 in slot 11
[2022-12-11 16:57:10] [SEVERE ] placing card 29 in slot 4
[2022-12-11 16:57:10] [SEVERE ] placing card 63 in slot 10
[2022-12-11 16:57:11] [SEVERE ] placing card 72 in slot 3
[2022-12-11 16:57:11] [SEVERE ] placing card 1 in slot 7
[2022-12-11 16:57:11] [SEVERE ] placing card 45 in slot 1
[2022-12-11 16:57:11] [SEVERE ] placing card 55 in slot 0
[2022-12-11 16:57:11] [SEVERE ] placing card 68 in slot 8
[2022-12-11 16:57:12] [SEVERE ] placing card 26 in slot 6
[2022-12-11 16:57:12] [SEVERE ] placing card 32 in slot 5
[2022-12-11 16:57:12] [SEVERE ] placing card 80 in slot 9
[2022-12-11 16:57:12] [SEVERE ] placing card 31 in slot 2
