[2022-12-11 19:33:08] [INFO   ] cannot read configuration file config.properties trying from resources.
[2022-12-11 19:33:08] [INFO   ] configuration file was loaded from resources directory.
[2022-12-11 19:33:09] [SEVERE ] placing card 80 in slot 11
[2022-12-11 19:33:09] [SEVERE ] placing card 7 in slot 0
[2022-12-11 19:33:09] [SEVERE ] placing card 79 in slot 8
[2022-12-11 19:33:09] [SEVERE ] placing card 59 in slot 4
[2022-12-11 19:33:09] [SEVERE ] placing card 72 in slot 10
[2022-12-11 19:33:09] [SEVERE ] placing card 78 in slot 1
[2022-12-11 19:33:09] [SEVERE ] placing card 4 in slot 5
[2022-12-11 19:33:10] [SEVERE ] placing card 33 in slot 3
[2022-12-11 19:33:10] [SEVERE ] placing card 9 in slot 7
[2022-12-11 19:33:10] [SEVERE ] placing card 19 in slot 6
[2022-12-11 19:33:10] [SEVERE ] placing card 22 in slot 9
[2022-12-11 19:33:10] [SEVERE ] placing card 68 in slot 2
[2022-12-11 19:33:10] [SEVERE ] player 3 placing token on slot 0
[2022-12-11 19:33:10] [SEVERE ] player 2 placing token on slot 3
[2022-12-11 19:33:10] [SEVERE ] player 3 placing token on slot 11
[2022-12-11 19:33:10] [SEVERE ] player 2 placing token on slot 1
[2022-12-11 19:33:10] [SEVERE ] player 3 placing token on slot 6
[2022-12-11 19:33:10] [SEVERE ] player 2 placing token on slot 5
[2022-12-11 19:33:10] [SEVERE ] setting player 3 freeze to 0
[2022-12-11 19:33:11] [SEVERE ] setting player 2 freeze to 0
[2022-12-11 19:33:11] [SEVERE ] setting player 3 freeze to -109
[2022-12-11 19:33:11] [SEVERE ] setting player 2 freeze to -103
[2022-12-11 19:33:11] [SEVERE ] removing player 3 token from slot 0
[2022-12-11 19:33:11] [SEVERE ] player 3 placing token on slot 7
[2022-12-11 19:33:11] [SEVERE ] setting player 3 freeze to 0
[2022-12-11 19:33:11] [SEVERE ] setting player 3 freeze to -106
[2022-12-11 19:33:12] [SEVERE ] removing player 2 token from slot 3
[2022-12-11 19:33:12] [SEVERE ] removing player 3 token from slot 11
[2022-12-11 19:33:12] [SEVERE ] player 2 placing token on slot 4
[2022-12-11 19:33:12] [SEVERE ] player 3 placing token on slot 11
[2022-12-11 19:33:12] [SEVERE ] setting player 2 freeze to 0
[2022-12-11 19:33:12] [SEVERE ] setting player 3 freeze to 0
[2022-12-11 19:33:12] [SEVERE ] setting player 2 freeze to -110
[2022-12-11 19:33:12] [SEVERE ] removing player 2 token from slot 1
[2022-12-11 19:33:12] [SEVERE ] setting player 3 freeze to -111
[2022-12-11 19:33:12] [SEVERE ] removing player 2 token from slot 5
[2022-12-11 19:33:12] [SEVERE ] removing player 3 token from slot 11
[2022-12-11 19:33:12] [SEVERE ] player 2 placing token on slot 2
[2022-12-11 19:33:13] [SEVERE ] Exit button pressed
[2022-12-11 19:33:13] [SEVERE ] player 3 placing token on slot 8
[2022-12-11 19:33:13] [SEVERE ] player 2 placing token on slot 8
[2022-12-11 19:33:13] [SEVERE ] setting player 3 freeze to 0
[2022-12-11 19:33:13] [SEVERE ] removing card from slot 0
[2022-12-11 19:33:13] [SEVERE ] setting player 2 freeze to 0
[2022-12-11 19:33:13] [SEVERE ] setting player 3 freeze to -109
[2022-12-11 19:33:13] [SEVERE ] removing card from slot 1
[2022-12-11 19:33:13] [SEVERE ] setting player 2 freeze to -106
[2022-12-11 19:33:13] [SEVERE ] removing card from slot 2
[2022-12-11 19:33:13] [SEVERE ] removing card from slot 3
[2022-12-11 19:33:13] [SEVERE ] removing card from slot 4
[2022-12-11 19:33:13] [SEVERE ] removing card from slot 5
[2022-12-11 19:33:13] [SEVERE ] removing card from slot 6
[2022-12-11 19:33:14] [SEVERE ] removing card from slot 7
[2022-12-11 19:33:14] [SEVERE ] removing card from slot 8
[2022-12-11 19:33:14] [SEVERE ] removing card from slot 9
[2022-12-11 19:33:14] [SEVERE ] removing card from slot 10
[2022-12-11 19:33:14] [SEVERE ] removing card from slot 11
[2022-12-11 19:33:14] [SEVERE ] removing player 2 token from slot 4
[2022-12-11 19:33:14] [SEVERE ] removing player 2 token from slot 2
[2022-12-11 19:33:14] [SEVERE ] removing player 2 token from slot 8
[2022-12-11 19:33:14] [SEVERE ] removing player 3 token from slot 6
[2022-12-11 19:33:14] [SEVERE ] removing player 3 token from slot 7
[2022-12-11 19:33:14] [SEVERE ] removing player 3 token from slot 8
[2022-12-11 19:33:14] [SEVERE ] announcing winners: [3, 2, 1, 0]
[2022-12-11 19:33:14] [INFO   ] Thread main terminated.
