[2022-12-11 19:11:37] [INFO   ] cannot read configuration file config.properties trying from resources.
[2022-12-11 19:11:37] [INFO   ] configuration file was loaded from resources directory.
[2022-12-11 19:11:37] [SEVERE ] placing card 68 in slot 6
[2022-12-11 19:11:37] [SEVERE ] placing card 30 in slot 7
[2022-12-11 19:11:38] [SEVERE ] placing card 15 in slot 11
[2022-12-11 19:11:38] [SEVERE ] placing card 78 in slot 3
[2022-12-11 19:11:38] [SEVERE ] placing card 75 in slot 5
[2022-12-11 19:11:38] [SEVERE ] placing card 80 in slot 10
[2022-12-11 19:11:38] [SEVERE ] placing card 14 in slot 9
[2022-12-11 19:11:38] [SEVERE ] placing card 44 in slot 2
[2022-12-11 19:11:38] [SEVERE ] placing card 35 in slot 4
[2022-12-11 19:11:38] [SEVERE ] placing card 61 in slot 0
[2022-12-11 19:11:38] [SEVERE ] placing card 7 in slot 8
[2022-12-11 19:11:39] [SEVERE ] placing card 52 in slot 1
[2022-12-11 19:11:39] [SEVERE ] player 3 placing token on slot 9
[2022-12-11 19:11:39] [SEVERE ] player 1 placing token on slot 2
[2022-12-11 19:11:39] [SEVERE ] player 0 placing token on slot 7
[2022-12-11 19:11:39] [SEVERE ] player 2 placing token on slot 3
[2022-12-11 19:11:39] [SEVERE ] player 3 placing token on slot 0
[2022-12-11 19:11:39] [SEVERE ] player 0 placing token on slot 9
[2022-12-11 19:11:39] [SEVERE ] player 2 placing token on slot 4
[2022-12-11 19:11:39] [SEVERE ] player 1 placing token on slot 5
[2022-12-11 19:11:39] [SEVERE ] player 3 placing token on slot 4
[2022-12-11 19:11:39] [SEVERE ] player 1 placing token on slot 1
[2022-12-11 19:11:39] [SEVERE ] player 2 placing token on slot 0
[2022-12-11 19:11:39] [SEVERE ] player 0 placing token on slot 4
[2022-12-11 19:11:39] [SEVERE ] setting player 3 freeze to 0
[2022-12-11 19:11:39] [SEVERE ] setting player 1 freeze to 0
[2022-12-11 19:11:39] [SEVERE ] setting player 0 freeze to 0
[2022-12-11 19:11:39] [SEVERE ] setting player 2 freeze to 0
[2022-12-11 19:11:39] [SEVERE ] setting player 1 freeze to -111
[2022-12-11 19:11:39] [SEVERE ] removing player 0 token from slot 4
[2022-12-11 19:11:39] [SEVERE ] setting player 3 freeze to -114
[2022-12-11 19:11:39] [SEVERE ] removing player 2 token from slot 4
[2022-12-11 19:11:39] [SEVERE ] setting player 0 freeze to -105
[2022-12-11 19:11:39] [SEVERE ] setting player 2 freeze to -116
[2022-12-11 19:11:39] [SEVERE ] removing player 3 token from slot 0
[2022-12-11 19:11:39] [SEVERE ] removing player 1 token from slot 5
[2022-12-11 19:11:39] [SEVERE ] removing player 0 token from slot 9
[2022-12-11 19:11:39] [SEVERE ] player 2 placing token on slot 2
[2022-12-11 19:11:39] [SEVERE ] player 3 placing token on slot 1
[2022-12-11 19:11:39] [SEVERE ] player 1 placing token on slot 7
[2022-12-11 19:11:39] [SEVERE ] player 0 placing token on slot 3
[2022-12-11 19:11:39] [SEVERE ] setting player 3 freeze to 0
[2022-12-11 19:11:39] [SEVERE ] setting player 1 freeze to 0
[2022-12-11 19:11:39] [SEVERE ] removing player 2 token from slot 3
[2022-12-11 19:11:39] [SEVERE ] setting player 2 freeze to 0
[2022-12-11 19:11:39] [SEVERE ] removing player 1 token from slot 1
[2022-12-11 19:11:39] [SEVERE ] removing player 3 token from slot 4
[2022-12-11 19:11:39] [SEVERE ] player 0 placing token on slot 4
[2022-12-11 19:11:39] [SEVERE ] setting player 3 freeze to -108
[2022-12-11 19:11:39] [SEVERE ] setting player 1 freeze to -108
[2022-12-11 19:11:39] [SEVERE ] player 2 placing token on slot 1
[2022-12-11 19:11:39] [SEVERE ] setting player 2 freeze to -109
[2022-12-11 19:11:39] [SEVERE ] setting player 0 freeze to 0
[2022-12-11 19:11:39] [SEVERE ] removing player 0 token from slot 4
[2022-12-11 19:11:39] [SEVERE ] player 1 placing token on slot 4
[2022-12-11 19:11:39] [SEVERE ] removing player 3 token from slot 9
[2022-12-11 19:11:40] [SEVERE ] removing player 2 token from slot 1
[2022-12-11 19:11:40] [SEVERE ] setting player 0 freeze to -108
[2022-12-11 19:11:40] [SEVERE ] setting player 1 freeze to 0
[2022-12-11 19:11:40] [SEVERE ] removing player 1 token from slot 7
[2022-12-11 19:11:40] [SEVERE ] player 2 placing token on slot 9
[2022-12-11 19:11:40] [SEVERE ] removing player 3 token from slot 1
[2022-12-11 19:11:40] [SEVERE ] setting player 1 freeze to -101
[2022-12-11 19:11:40] [SEVERE ] removing player 0 token from slot 3
[2022-12-11 19:11:40] [SEVERE ] setting player 2 freeze to 0
[2022-12-11 19:11:40] [SEVERE ] removing player 2 token from slot 9
[2022-12-11 19:11:40] [SEVERE ] player 3 placing token on slot 1
[2022-12-11 19:11:40] [SEVERE ] player 0 placing token on slot 10
[2022-12-11 19:11:40] [SEVERE ] player 1 placing token on slot 3
[2022-12-11 19:11:40] [SEVERE ] setting player 2 freeze to -108
[2022-12-11 19:11:40] [SEVERE ] removing player 3 token from slot 1
[2022-12-11 19:11:40] [SEVERE ] setting player 1 freeze to 0
[2022-12-11 19:11:40] [SEVERE ] removing player 1 token from slot 4
[2022-12-11 19:11:40] [SEVERE ] player 0 placing token on slot 9
[2022-12-11 19:11:40] [SEVERE ] player 2 placing token on slot 11
[2022-12-11 19:11:40] [SEVERE ] player 3 placing token on slot 9
[2022-12-11 19:11:40] [SEVERE ] setting player 1 freeze to -108
[2022-12-11 19:11:40] [SEVERE ] setting player 0 freeze to 0
[2022-12-11 19:11:40] [SEVERE ] setting player 2 freeze to 0
[2022-12-11 19:11:40] [SEVERE ] removing player 2 token from slot 0
[2022-12-11 19:11:40] [SEVERE ] removing player 0 token from slot 9
[2022-12-11 19:11:40] [SEVERE ] player 3 placing token on slot 5
[2022-12-11 19:11:40] [SEVERE ] player 1 placing token on slot 1
[2022-12-11 19:11:40] [SEVERE ] setting player 0 freeze to -109
[2022-12-11 19:11:40] [SEVERE ] setting player 2 freeze to -124
[2022-12-11 19:11:40] [SEVERE ] setting player 1 freeze to 0
[2022-12-11 19:11:40] [SEVERE ] player 3 placing token on slot 3
[2022-12-11 19:11:40] [SEVERE ] player 0 placing token on slot 6
[2022-12-11 19:11:40] [SEVERE ] removing player 1 token from slot 2
[2022-12-11 19:11:40] [SEVERE ] Exit button pressed
[2022-12-11 19:11:40] [SEVERE ] player 2 placing token on slot 5
[2022-12-11 19:11:40] [SEVERE ] setting player 1 freeze to -108
[2022-12-11 19:11:40] [SEVERE ] setting player 0 freeze to 0
[2022-12-11 19:11:40] [SEVERE ] setting player 3 freeze to 0
[2022-12-11 19:11:40] [SEVERE ] removing player 3 token from slot 5
[2022-12-11 19:11:40] [SEVERE ] removing player 0 token from slot 7
[2022-12-11 19:11:40] [SEVERE ] setting player 2 freeze to 0
[2022-12-11 19:11:40] [SEVERE ] setting player 0 freeze to -102
[2022-12-11 19:11:40] [SEVERE ] removing card from slot 0
[2022-12-11 19:11:40] [SEVERE ] setting player 3 freeze to -102
[2022-12-11 19:11:41] [SEVERE ] setting player 2 freeze to -109
[2022-12-11 19:11:41] [SEVERE ] removing card from slot 1
[2022-12-11 19:11:41] [SEVERE ] removing card from slot 2
[2022-12-11 19:11:41] [SEVERE ] removing card from slot 3
[2022-12-11 19:11:41] [SEVERE ] removing card from slot 4
[2022-12-11 19:11:41] [SEVERE ] removing card from slot 5
[2022-12-11 19:11:41] [SEVERE ] removing card from slot 6
[2022-12-11 19:11:41] [SEVERE ] removing card from slot 7
[2022-12-11 19:11:41] [SEVERE ] removing card from slot 8
[2022-12-11 19:11:41] [SEVERE ] removing card from slot 9
[2022-12-11 19:11:42] [SEVERE ] removing card from slot 10
[2022-12-11 19:11:42] [SEVERE ] removing card from slot 11
[2022-12-11 19:11:42] [SEVERE ] removing player 0 token from slot 10
[2022-12-11 19:11:42] [SEVERE ] removing player 0 token from slot 6
[2022-12-11 19:11:42] [SEVERE ] removing player 1 token from slot 3
[2022-12-11 19:11:42] [SEVERE ] removing player 1 token from slot 1
[2022-12-11 19:11:42] [SEVERE ] removing player 2 token from slot 2
[2022-12-11 19:11:42] [SEVERE ] removing player 2 token from slot 11
[2022-12-11 19:11:42] [SEVERE ] removing player 2 token from slot 5
[2022-12-11 19:11:42] [SEVERE ] removing player 3 token from slot 9
[2022-12-11 19:11:42] [SEVERE ] removing player 3 token from slot 3
[2022-12-11 19:11:42] [SEVERE ] announcing winners: [0, 1]
[2022-12-11 19:11:42] [INFO   ] Thread main terminated.
