[2022-12-11 18:21:31] [INFO   ] cannot read configuration file config.properties trying from resources.
[2022-12-11 18:21:31] [INFO   ] configuration file was loaded from resources directory.
[2022-12-11 18:21:32] [SEVERE ] placing card 71 in slot 1
[2022-12-11 18:21:32] [SEVERE ] placing card 14 in slot 9
[2022-12-11 18:21:32] [SEVERE ] placing card 58 in slot 2
[2022-12-11 18:21:32] [SEVERE ] placing card 32 in slot 6
[2022-12-11 18:21:32] [SEVERE ] placing card 34 in slot 10
[2022-12-11 18:21:33] [SEVERE ] placing card 31 in slot 3
[2022-12-11 18:21:33] [SEVERE ] placing card 48 in slot 8
[2022-12-11 18:21:33] [SEVERE ] placing card 52 in slot 7
[2022-12-11 18:21:33] [SEVERE ] placing card 3 in slot 4
[2022-12-11 18:21:33] [SEVERE ] placing card 61 in slot 0
[2022-12-11 18:21:33] [SEVERE ] placing card 62 in slot 5
[2022-12-11 18:21:33] [SEVERE ] placing card 8 in slot 11
[2022-12-11 18:21:33] [SEVERE ] player 3 placing token on slot 3
[2022-12-11 18:21:33] [SEVERE ] player 0 placing token on slot 7
[2022-12-11 18:21:33] [SEVERE ] player 2 placing token on slot 9
[2022-12-11 18:21:33] [SEVERE ] player 1 placing token on slot 10
[2022-12-11 18:21:33] [SEVERE ] player 2 placing token on slot 6
[2022-12-11 18:21:33] [SEVERE ] player 0 placing token on slot 11
[2022-12-11 18:21:33] [SEVERE ] player 3 placing token on slot 8
[2022-12-11 18:21:33] [SEVERE ] player 1 placing token on slot 0
[2022-12-11 18:21:34] [SEVERE ] player 0 placing token on slot 9
[2022-12-11 18:21:34] [SEVERE ] player 1 placing token on slot 8
[2022-12-11 18:21:34] [SEVERE ] player 2 placing token on slot 1
[2022-12-11 18:21:34] [SEVERE ] player 3 placing token on slot 11
[2022-12-11 18:21:34] [SEVERE ] setting player 1 freeze to 0
[2022-12-11 18:21:34] [SEVERE ] setting player 3 freeze to 0
[2022-12-11 18:21:34] [SEVERE ] setting player 0 freeze to 0
[2022-12-11 18:21:34] [SEVERE ] removing player 1 token from slot 10
[2022-12-11 18:21:34] [SEVERE ] removing player 3 token from slot 8
[2022-12-11 18:21:34] [SEVERE ] removing player 2 token from slot 6
[2022-12-11 18:21:34] [SEVERE ] removing player 0 token from slot 11
[2022-12-11 18:21:34] [SEVERE ] setting player 1 freeze to -107
[2022-12-11 18:21:34] [SEVERE ] setting player 3 freeze to -106
[2022-12-11 18:21:34] [SEVERE ] setting player 0 freeze to -105
[2022-12-11 18:21:34] [SEVERE ] player 2 placing token on slot 7
[2022-12-11 18:21:34] [SEVERE ] player 1 placing token on slot 6
[2022-12-11 18:21:34] [SEVERE ] removing player 3 token from slot 3
[2022-12-11 18:21:34] [SEVERE ] removing player 0 token from slot 7
[2022-12-11 18:21:34] [SEVERE ] removing player 1 token from slot 6
[2022-12-11 18:21:34] [SEVERE ] removing player 2 token from slot 1
[2022-12-11 18:21:34] [SEVERE ] player 3 placing token on slot 1
[2022-12-11 18:21:34] [SEVERE ] player 0 placing token on slot 1
[2022-12-11 18:21:34] [SEVERE ] player 1 placing token on slot 10
[2022-12-11 18:21:34] [SEVERE ] player 2 placing token on slot 5
[2022-12-11 18:21:34] [SEVERE ] removing player 3 token from slot 11
[2022-12-11 18:21:34] [SEVERE ] removing player 1 token from slot 0
[2022-12-11 18:21:34] [SEVERE ] player 0 placing token on slot 6
[2022-12-11 18:21:34] [SEVERE ] removing player 2 token from slot 7
[2022-12-11 18:21:34] [SEVERE ] player 3 placing token on slot 6
[2022-12-11 18:21:34] [SEVERE ] removing player 1 token from slot 8
[2022-12-11 18:21:34] [SEVERE ] removing player 0 token from slot 9
[2022-12-11 18:21:34] [SEVERE ] player 2 placing token on slot 11
[2022-12-11 18:21:34] [SEVERE ] player 3 placing token on slot 11
[2022-12-11 18:21:34] [SEVERE ] player 1 placing token on slot 5
[2022-12-11 18:21:34] [SEVERE ] player 0 placing token on slot 3
[2022-12-11 18:21:34] [SEVERE ] removing player 2 token from slot 9
[2022-12-11 18:21:34] [SEVERE ] player 1 placing token on slot 3
[2022-12-11 18:21:34] [SEVERE ] removing player 3 token from slot 11
[2022-12-11 18:21:34] [SEVERE ] removing player 0 token from slot 6
[2022-12-11 18:21:34] [SEVERE ] player 2 placing token on slot 2
[2022-12-11 18:21:34] [SEVERE ] removing player 1 token from slot 10
[2022-12-11 18:21:34] [SEVERE ] player 3 placing token on slot 5
[2022-12-11 18:21:34] [SEVERE ] player 0 placing token on slot 7
[2022-12-11 18:21:34] [SEVERE ] removing player 2 token from slot 2
[2022-12-11 18:21:35] [SEVERE ] player 1 placing token on slot 11
[2022-12-11 18:21:35] [SEVERE ] removing player 3 token from slot 5
[2022-12-11 18:21:35] [SEVERE ] removing player 0 token from slot 7
[2022-12-11 18:21:35] [SEVERE ] player 2 placing token on slot 3
[2022-12-11 18:21:35] [SEVERE ] player 3 placing token on slot 7
[2022-12-11 18:21:35] [SEVERE ] removing player 1 token from slot 3
[2022-12-11 18:21:35] [SEVERE ] player 0 placing token on slot 6
[2022-12-11 18:21:35] [SEVERE ] removing player 2 token from slot 3
[2022-12-11 18:21:35] [SEVERE ] removing player 1 token from slot 11
[2022-12-11 18:21:35] [SEVERE ] removing player 0 token from slot 1
[2022-12-11 18:21:35] [SEVERE ] removing player 3 token from slot 7
[2022-12-11 18:21:35] [SEVERE ] removing player 2 token from slot 5
[2022-12-11 18:21:35] [SEVERE ] player 1 placing token on slot 8
[2022-12-11 18:21:35] [SEVERE ] player 0 placing token on slot 1
[2022-12-11 18:21:35] [SEVERE ] player 3 placing token on slot 7
[2022-12-11 18:21:35] [SEVERE ] player 2 placing token on slot 0
[2022-12-11 18:21:35] [SEVERE ] player 1 placing token on slot 6
[2022-12-11 18:21:35] [SEVERE ] removing player 0 token from slot 6
[2022-12-11 18:21:35] [SEVERE ] removing player 3 token from slot 7
[2022-12-11 18:21:35] [SEVERE ] player 2 placing token on slot 6
[2022-12-11 18:21:35] [SEVERE ] player 0 placing token on slot 0
[2022-12-11 18:21:35] [SEVERE ] removing player 1 token from slot 8
[2022-12-11 18:21:35] [SEVERE ] removing player 3 token from slot 6
[2022-12-11 18:21:35] [SEVERE ] removing player 2 token from slot 0
[2022-12-11 18:21:35] [SEVERE ] player 1 placing token on slot 10
[2022-12-11 18:21:35] [SEVERE ] removing player 0 token from slot 1
[2022-12-11 18:21:35] [SEVERE ] player 3 placing token on slot 10
[2022-12-11 18:21:35] [SEVERE ] player 2 placing token on slot 4
[2022-12-11 18:21:35] [SEVERE ] removing player 1 token from slot 10
[2022-12-11 18:21:35] [SEVERE ] player 0 placing token on slot 6
[2022-12-11 18:21:35] [SEVERE ] player 3 placing token on slot 3
[2022-12-11 18:21:35] [SEVERE ] removing player 2 token from slot 6
[2022-12-11 18:21:35] [SEVERE ] removing player 0 token from slot 3
[2022-12-11 18:21:35] [SEVERE ] removing player 1 token from slot 5
[2022-12-11 18:21:35] [SEVERE ] removing player 3 token from slot 3
[2022-12-11 18:21:35] [SEVERE ] player 2 placing token on slot 1
[2022-12-11 18:21:36] [SEVERE ] player 0 placing token on slot 4
[2022-12-11 18:21:36] [SEVERE ] player 1 placing token on slot 10
[2022-12-11 18:21:36] [SEVERE ] player 3 placing token on slot 9
[2022-12-11 18:21:36] [SEVERE ] removing player 2 token from slot 1
[2022-12-11 18:21:36] [SEVERE ] removing player 0 token from slot 4
[2022-12-11 18:21:36] [SEVERE ] player 1 placing token on slot 11
[2022-12-11 18:21:36] [SEVERE ] removing player 3 token from slot 10
[2022-12-11 18:21:36] [SEVERE ] removing player 2 token from slot 11
[2022-12-11 18:21:36] [SEVERE ] player 0 placing token on slot 3
[2022-12-11 18:21:36] [SEVERE ] removing player 1 token from slot 11
[2022-12-11 18:21:36] [SEVERE ] player 3 placing token on slot 6
[2022-12-11 18:21:36] [SEVERE ] player 2 placing token on slot 11
[2022-12-11 18:21:36] [SEVERE ] removing player 0 token from slot 0
[2022-12-11 18:21:36] [SEVERE ] player 1 placing token on slot 0
[2022-12-11 18:21:36] [SEVERE ] removing player 3 token from slot 9
[2022-12-11 18:21:36] [SEVERE ] player 2 placing token on slot 10
[2022-12-11 18:21:36] [SEVERE ] player 0 placing token on slot 10
[2022-12-11 18:21:36] [SEVERE ] removing player 1 token from slot 10
[2022-12-11 18:21:36] [SEVERE ] player 3 placing token on slot 10
[2022-12-11 18:21:36] [SEVERE ] removing player 2 token from slot 11
[2022-12-11 18:21:36] [SEVERE ] removing player 0 token from slot 3
[2022-12-11 18:21:36] [SEVERE ] player 1 placing token on slot 3
[2022-12-11 18:21:36] [SEVERE ] removing player 3 token from slot 6
[2022-12-11 18:21:36] [SEVERE ] removing player 2 token from slot 4
[2022-12-11 18:21:36] [SEVERE ] player 0 placing token on slot 2
[2022-12-11 18:21:36] [SEVERE ] removing player 1 token from slot 6
[2022-12-11 18:21:36] [SEVERE ] player 3 placing token on slot 5
[2022-12-11 18:21:36] [SEVERE ] player 2 placing token on slot 8
[2022-12-11 18:21:36] [SEVERE ] removing player 0 token from slot 2
[2022-12-11 18:21:36] [SEVERE ] removing player 1 token from slot 3
[2022-12-11 18:21:36] [SEVERE ] removing player 3 token from slot 5
[2022-12-11 18:21:36] [SEVERE ] player 2 placing token on slot 1
[2022-12-11 18:21:36] [SEVERE ] player 0 placing token on slot 7
[2022-12-11 18:21:36] [SEVERE ] player 1 placing token on slot 2
[2022-12-11 18:21:36] [SEVERE ] player 3 placing token on slot 11
[2022-12-11 18:21:36] [SEVERE ] removing player 2 token from slot 10
[2022-12-11 18:21:37] [SEVERE ] removing player 0 token from slot 10
[2022-12-11 18:21:37] [SEVERE ] player 1 placing token on slot 11
[2022-12-11 18:21:37] [SEVERE ] removing player 3 token from slot 11
[2022-12-11 18:21:37] [SEVERE ] removing player 2 token from slot 8
[2022-12-11 18:21:37] [SEVERE ] player 0 placing token on slot 0
[2022-12-11 18:21:37] [SEVERE ] removing player 1 token from slot 11
[2022-12-11 18:21:37] [SEVERE ] player 3 placing token on slot 11
[2022-12-11 18:21:37] [SEVERE ] player 2 placing token on slot 6
[2022-12-11 18:21:37] [SEVERE ] removing player 0 token from slot 0
[2022-12-11 18:21:37] [SEVERE ] player 1 placing token on slot 6
[2022-12-11 18:21:37] [SEVERE ] removing player 3 token from slot 1
[2022-12-11 18:21:37] [SEVERE ] player 2 placing token on slot 8
[2022-12-11 18:21:37] [SEVERE ] removing player 0 token from slot 6
[2022-12-11 18:21:37] [SEVERE ] removing player 1 token from slot 6
[2022-12-11 18:21:37] [SEVERE ] player 3 placing token on slot 8
[2022-12-11 18:21:37] [SEVERE ] removing player 2 token from slot 8
[2022-12-11 18:21:37] [SEVERE ] player 0 placing token on slot 5
[2022-12-11 18:21:37] [SEVERE ] player 1 placing token on slot 8
[2022-12-11 18:21:37] [SEVERE ] removing player 3 token from slot 10
[2022-12-11 18:21:37] [SEVERE ] player 2 placing token on slot 11
[2022-12-11 18:21:37] [SEVERE ] player 0 placing token on slot 6
[2022-12-11 18:21:37] [SEVERE ] removing player 1 token from slot 8
[2022-12-11 18:21:37] [SEVERE ] player 3 placing token on slot 9
[2022-12-11 18:21:37] [SEVERE ] removing player 2 token from slot 1
[2022-12-11 18:21:37] [SEVERE ] removing player 0 token from slot 6
[2022-12-11 18:21:37] [SEVERE ] removing player 1 token from slot 2
[2022-12-11 18:21:37] [SEVERE ] removing player 3 token from slot 11
[2022-12-11 18:21:37] [SEVERE ] player 2 placing token on slot 0
[2022-12-11 18:21:37] [SEVERE ] player 0 placing token on slot 2
[2022-12-11 18:21:37] [SEVERE ] player 1 placing token on slot 4
[2022-12-11 18:21:37] [SEVERE ] removing player 3 token from slot 8
[2022-12-11 18:21:37] [SEVERE ] removing player 2 token from slot 11
[2022-12-11 18:21:37] [SEVERE ] removing player 0 token from slot 2
[2022-12-11 18:21:37] [SEVERE ] player 1 placing token on slot 6
[2022-12-11 18:21:37] [SEVERE ] player 3 placing token on slot 8
[2022-12-11 18:21:37] [SEVERE ] player 2 placing token on slot 9
[2022-12-11 18:21:37] [SEVERE ] removing player 0 token from slot 5
[2022-12-11 18:21:38] [SEVERE ] removing player 1 token from slot 6
[2022-12-11 18:21:38] [SEVERE ] player 3 placing token on slot 7
[2022-12-11 18:21:38] [SEVERE ] removing player 2 token from slot 6
[2022-12-11 18:21:38] [SEVERE ] player 0 placing token on slot 10
[2022-12-11 18:21:38] [SEVERE ] player 1 placing token on slot 10
[2022-12-11 18:21:38] [SEVERE ] removing player 3 token from slot 9
[2022-12-11 18:21:38] [SEVERE ] player 2 placing token on slot 11
[2022-12-11 18:21:38] [SEVERE ] player 0 placing token on slot 4
[2022-12-11 18:21:38] [SEVERE ] removing player 1 token from slot 10
[2022-12-11 18:21:38] [SEVERE ] removing player 3 token from slot 7
[2022-12-11 18:21:38] [SEVERE ] removing player 2 token from slot 0
[2022-12-11 18:21:38] [SEVERE ] removing player 0 token from slot 4
[2022-12-11 18:21:38] [SEVERE ] player 1 placing token on slot 2
[2022-12-11 18:21:38] [SEVERE ] player 3 placing token on slot 3
[2022-12-11 18:21:38] [SEVERE ] removing player 2 token from slot 9
[2022-12-11 18:21:38] [SEVERE ] player 0 placing token on slot 8
[2022-12-11 18:21:38] [SEVERE ] removing player 1 token from slot 4
[2022-12-11 18:21:38] [SEVERE ] player 3 placing token on slot 9
[2022-12-11 18:21:38] [SEVERE ] player 2 placing token on slot 7
[2022-12-11 18:21:38] [SEVERE ] removing player 0 token from slot 7
[2022-12-11 18:21:38] [SEVERE ] player 1 placing token on slot 10
[2022-12-11 18:21:38] [SEVERE ] removing player 3 token from slot 9
[2022-12-11 18:21:38] [SEVERE ] player 2 placing token on slot 6
[2022-12-11 18:21:38] [SEVERE ] player 0 placing token on slot 11
[2022-12-11 18:21:38] [SEVERE ] removing player 1 token from slot 0
[2022-12-11 18:21:38] [SEVERE ] player 3 placing token on slot 7
[2022-12-11 18:21:38] [SEVERE ] removing player 2 token from slot 6
[2022-12-11 18:21:38] [SEVERE ] removing player 0 token from slot 11
[2022-12-11 18:21:38] [SEVERE ] player 1 placing token on slot 4
[2022-12-11 18:21:38] [SEVERE ] removing player 3 token from slot 8
[2022-12-11 18:21:38] [SEVERE ] player 2 placing token on slot 0
[2022-12-11 18:21:38] [SEVERE ] player 0 placing token on slot 11
[2022-12-11 18:21:38] [SEVERE ] removing player 1 token from slot 4
[2022-12-11 18:21:38] [SEVERE ] player 3 placing token on slot 6
[2022-12-11 18:21:38] [SEVERE ] removing player 2 token from slot 7
[2022-12-11 18:21:38] [SEVERE ] removing player 0 token from slot 11
[2022-12-11 18:21:39] [SEVERE ] removing player 1 token from slot 2
[2022-12-11 18:21:39] [SEVERE ] removing player 3 token from slot 7
[2022-12-11 18:21:39] [SEVERE ] player 2 placing token on slot 2
[2022-12-11 18:21:39] [SEVERE ] player 0 placing token on slot 0
[2022-12-11 18:21:39] [SEVERE ] player 1 placing token on slot 3
[2022-12-11 18:21:39] [SEVERE ] player 3 placing token on slot 4
[2022-12-11 18:21:39] [SEVERE ] removing player 2 token from slot 0
[2022-12-11 18:21:39] [SEVERE ] removing player 0 token from slot 8
[2022-12-11 18:21:39] [SEVERE ] removing player 3 token from slot 6
[2022-12-11 18:21:39] [SEVERE ] player 1 placing token on slot 2
[2022-12-11 18:21:39] [SEVERE ] player 2 placing token on slot 10
[2022-12-11 18:21:39] [SEVERE ] player 0 placing token on slot 7
[2022-12-11 18:21:39] [SEVERE ] player 3 placing token on slot 1
[2022-12-11 18:21:39] [SEVERE ] removing player 1 token from slot 10
[2022-12-11 18:21:39] [SEVERE ] removing player 2 token from slot 2
[2022-12-11 18:21:39] [SEVERE ] removing player 0 token from slot 10
[2022-12-11 18:21:39] [SEVERE ] removing player 3 token from slot 1
[2022-12-11 18:21:39] [SEVERE ] player 1 placing token on slot 4
[2022-12-11 18:21:39] [SEVERE ] removing player 2 token from slot 10
[2022-12-11 18:21:39] [SEVERE ] player 0 placing token on slot 5
[2022-12-11 18:21:39] [SEVERE ] player 3 placing token on slot 1
[2022-12-11 18:21:39] [SEVERE ] removing player 1 token from slot 4
[2022-12-11 18:21:39] [SEVERE ] player 2 placing token on slot 4
[2022-12-11 18:21:39] [SEVERE ] removing player 0 token from slot 5
[2022-12-11 18:21:39] [SEVERE ] removing player 3 token from slot 3
[2022-12-11 18:21:39] [SEVERE ] player 1 placing token on slot 1
[2022-12-11 18:21:39] [SEVERE ] player 2 placing token on slot 6
[2022-12-11 18:21:39] [SEVERE ] player 0 placing token on slot 5
[2022-12-11 18:21:39] [SEVERE ] player 3 placing token on slot 2
[2022-12-11 18:21:39] [SEVERE ] removing player 1 token from slot 2
[2022-12-11 18:21:39] [SEVERE ] removing player 2 token from slot 6
[2022-12-11 18:21:39] [SEVERE ] removing player 0 token from slot 0
[2022-12-11 18:21:39] [SEVERE ] removing player 3 token from slot 2
[2022-12-11 18:21:39] [SEVERE ] player 1 placing token on slot 4
[2022-12-11 18:21:39] [SEVERE ] player 2 placing token on slot 9
[2022-12-11 18:21:39] [SEVERE ] player 0 placing token on slot 4
[2022-12-11 18:21:39] [SEVERE ] player 3 placing token on slot 10
[2022-12-11 18:21:39] [SEVERE ] removing player 1 token from slot 3
[2022-12-11 18:21:40] [SEVERE ] removing player 2 token from slot 11
[2022-12-11 18:21:40] [SEVERE ] removing player 0 token from slot 4
[2022-12-11 18:21:40] [SEVERE ] removing player 3 token from slot 10
[2022-12-11 18:21:40] [SEVERE ] player 1 placing token on slot 9
[2022-12-11 18:21:40] [SEVERE ] player 2 placing token on slot 11
[2022-12-11 18:21:40] [SEVERE ] player 0 placing token on slot 6
[2022-12-11 18:21:40] [SEVERE ] player 3 placing token on slot 8
[2022-12-11 18:21:40] [SEVERE ] removing player 1 token from slot 9
[2022-12-11 18:21:40] [SEVERE ] removing player 2 token from slot 9
[2022-12-11 18:21:40] [SEVERE ] removing player 0 token from slot 5
[2022-12-11 18:21:40] [SEVERE ] removing player 3 token from slot 1
[2022-12-11 18:21:40] [SEVERE ] player 1 placing token on slot 0
[2022-12-11 18:21:40] [SEVERE ] player 2 placing token on slot 5
[2022-12-11 18:21:40] [SEVERE ] player 0 placing token on slot 8
[2022-12-11 18:21:40] [SEVERE ] removing player 3 token from slot 4
[2022-12-11 18:21:40] [SEVERE ] removing player 1 token from slot 0
[2022-12-11 18:21:40] [SEVERE ] removing player 2 token from slot 11
[2022-12-11 18:21:40] [SEVERE ] removing player 0 token from slot 8
[2022-12-11 18:21:40] [SEVERE ] player 3 placing token on slot 1
[2022-12-11 18:21:40] [SEVERE ] removing player 1 token from slot 1
[2022-12-11 18:21:40] [SEVERE ] player 2 placing token on slot 6
[2022-12-11 18:21:40] [SEVERE ] player 0 placing token on slot 9
[2022-12-11 18:21:40] [SEVERE ] removing player 3 token from slot 8
[2022-12-11 18:21:40] [SEVERE ] player 1 placing token on slot 9
[2022-12-11 18:21:40] [SEVERE ] removing player 2 token from slot 5
[2022-12-11 18:21:40] [SEVERE ] removing player 0 token from slot 9
[2022-12-11 18:21:40] [SEVERE ] player 3 placing token on slot 11
[2022-12-11 18:21:40] [SEVERE ] player 1 placing token on slot 11
[2022-12-11 18:21:40] [SEVERE ] player 2 placing token on slot 3
[2022-12-11 18:21:40] [SEVERE ] player 0 placing token on slot 0
[2022-12-11 18:21:40] [SEVERE ] removing player 3 token from slot 1
[2022-12-11 18:21:40] [SEVERE ] removing player 1 token from slot 9
[2022-12-11 18:21:40] [SEVERE ] removing player 2 token from slot 3
[2022-12-11 18:21:40] [SEVERE ] removing player 0 token from slot 7
[2022-12-11 18:21:40] [SEVERE ] player 3 placing token on slot 8
[2022-12-11 18:21:40] [SEVERE ] player 1 placing token on slot 7
[2022-12-11 18:21:41] [SEVERE ] player 2 placing token on slot 2
[2022-12-11 18:21:41] [SEVERE ] player 0 placing token on slot 4
[2022-12-11 18:21:41] [SEVERE ] player 3 placing token on slot 9
[2022-12-11 18:21:41] [SEVERE ] removing player 1 token from slot 11
[2022-12-11 18:21:41] [SEVERE ] removing player 2 token from slot 2
[2022-12-11 18:21:41] [SEVERE ] removing player 0 token from slot 0
[2022-12-11 18:21:41] [SEVERE ] removing player 3 token from slot 11
[2022-12-11 18:21:41] [SEVERE ] player 1 placing token on slot 9
[2022-12-11 18:21:41] [SEVERE ] player 2 placing token on slot 9
[2022-12-11 18:21:41] [SEVERE ] player 0 placing token on slot 9
[2022-12-11 18:21:41] [SEVERE ] player 3 placing token on slot 3
[2022-12-11 18:21:41] [SEVERE ] removing player 1 token from slot 4
[2022-12-11 18:21:41] [SEVERE ] removing player 2 token from slot 4
[2022-12-11 18:21:41] [SEVERE ] removing player 0 token from slot 4
[2022-12-11 18:21:41] [SEVERE ] removing player 3 token from slot 9
[2022-12-11 18:21:41] [SEVERE ] removing player 1 token from slot 7
[2022-12-11 18:21:41] [SEVERE ] removing player 2 token from slot 9
[2022-12-11 18:21:41] [SEVERE ] removing player 0 token from slot 9
[2022-12-11 18:21:41] [SEVERE ] player 3 placing token on slot 5
[2022-12-11 18:21:41] [SEVERE ] player 1 placing token on slot 2
[2022-12-11 18:21:41] [SEVERE ] player 2 placing token on slot 3
[2022-12-11 18:21:41] [SEVERE ] player 0 placing token on slot 4
[2022-12-11 18:21:41] [SEVERE ] removing player 3 token from slot 3
[2022-12-11 18:21:41] [SEVERE ] player 1 placing token on slot 0
[2022-12-11 18:21:41] [SEVERE ] player 2 placing token on slot 5
[2022-12-11 18:21:41] [SEVERE ] removing player 3 token from slot 8
[2022-12-11 18:21:41] [SEVERE ] player 0 placing token on slot 9
[2022-12-11 18:21:41] [SEVERE ] removing player 1 token from slot 9
[2022-12-11 18:21:41] [SEVERE ] removing player 2 token from slot 5
[2022-12-11 18:21:41] [SEVERE ] player 3 placing token on slot 4
[2022-12-11 18:21:41] [SEVERE ] removing player 0 token from slot 4
[2022-12-11 18:21:41] [SEVERE ] player 1 placing token on slot 7
[2022-12-11 18:21:41] [SEVERE ] player 2 placing token on slot 2
[2022-12-11 18:21:41] [SEVERE ] player 3 placing token on slot 10
[2022-12-11 18:21:41] [SEVERE ] player 0 placing token on slot 3
[2022-12-11 18:21:41] [SEVERE ] removing player 1 token from slot 2
[2022-12-11 18:21:41] [SEVERE ] removing player 2 token from slot 2
[2022-12-11 18:21:42] [SEVERE ] removing player 3 token from slot 5
[2022-12-11 18:21:42] [SEVERE ] removing player 0 token from slot 6
[2022-12-11 18:21:42] [SEVERE ] player 1 placing token on slot 11
[2022-12-11 18:21:42] [SEVERE ] player 2 placing token on slot 5
[2022-12-11 18:21:42] [SEVERE ] player 3 placing token on slot 7
[2022-12-11 18:21:42] [SEVERE ] player 0 placing token on slot 11
[2022-12-11 18:21:42] [SEVERE ] removing player 1 token from slot 11
[2022-12-11 18:21:42] [SEVERE ] removing player 2 token from slot 3
[2022-12-11 18:21:42] [SEVERE ] removing player 3 token from slot 7
[2022-12-11 18:21:42] [SEVERE ] removing player 0 token from slot 11
[2022-12-11 18:21:42] [SEVERE ] player 1 placing token on slot 6
[2022-12-11 18:21:42] [SEVERE ] player 2 placing token on slot 8
[2022-12-11 18:21:42] [SEVERE ] removing player 3 token from slot 10
[2022-12-11 18:21:42] [SEVERE ] player 0 placing token on slot 10
[2022-12-11 18:21:42] [SEVERE ] removing player 1 token from slot 6
[2022-12-11 18:21:42] [SEVERE ] removing player 2 token from slot 8
[2022-12-11 18:21:42] [SEVERE ] player 3 placing token on slot 3
[2022-12-11 18:21:42] [SEVERE ] removing player 0 token from slot 3
[2022-12-11 18:21:42] [SEVERE ] player 1 placing token on slot 3
[2022-12-11 18:21:42] [SEVERE ] player 2 placing token on slot 11
[2022-12-11 18:21:42] [SEVERE ] player 3 placing token on slot 6
[2022-12-11 18:21:42] [SEVERE ] player 0 placing token on slot 4
[2022-12-11 18:21:42] [SEVERE ] removing player 1 token from slot 3
[2022-12-11 18:21:42] [SEVERE ] removing player 2 token from slot 6
[2022-12-11 18:21:42] [SEVERE ] removing player 3 token from slot 6
[2022-12-11 18:21:42] [SEVERE ] removing player 0 token from slot 9
[2022-12-11 18:21:42] [SEVERE ] player 1 placing token on slot 6
[2022-12-11 18:21:42] [SEVERE ] player 2 placing token on slot 9
[2022-12-11 18:21:42] [SEVERE ] player 3 placing token on slot 6
[2022-12-11 18:21:42] [SEVERE ] player 0 placing token on slot 1
[2022-12-11 18:21:42] [SEVERE ] removing player 1 token from slot 6
[2022-12-11 18:21:42] [SEVERE ] removing player 2 token from slot 11
[2022-12-11 18:21:42] [SEVERE ] removing player 3 token from slot 3
[2022-12-11 18:21:42] [SEVERE ] removing player 0 token from slot 10
[2022-12-11 18:21:42] [SEVERE ] player 1 placing token on slot 2
[2022-12-11 18:21:42] [SEVERE ] player 2 placing token on slot 8
[2022-12-11 18:21:43] [SEVERE ] removing player 3 token from slot 6
[2022-12-11 18:21:43] [SEVERE ] player 0 placing token on slot 9
[2022-12-11 18:21:43] [SEVERE ] removing player 1 token from slot 0
[2022-12-11 18:21:43] [SEVERE ] removing player 2 token from slot 9
[2022-12-11 18:21:43] [SEVERE ] player 3 placing token on slot 6
[2022-12-11 18:21:43] [SEVERE ] removing player 0 token from slot 1
[2022-12-11 18:21:43] [SEVERE ] player 1 placing token on slot 3
[2022-12-11 18:21:43] [SEVERE ] player 2 placing token on slot 10
[2022-12-11 18:21:43] [SEVERE ] removing player 3 token from slot 6
[2022-12-11 18:21:43] [SEVERE ] player 0 placing token on slot 5
[2022-12-11 18:21:43] [SEVERE ] removing player 1 token from slot 3
[2022-12-11 18:21:43] [SEVERE ] removing player 2 token from slot 10
[2022-12-11 18:21:43] [SEVERE ] player 3 placing token on slot 10
[2022-12-11 18:21:43] [SEVERE ] removing player 0 token from slot 9
[2022-12-11 18:21:43] [SEVERE ] player 1 placing token on slot 1
[2022-12-11 18:21:43] [SEVERE ] removing player 2 token from slot 8
[2022-12-11 18:21:43] [SEVERE ] player 3 placing token on slot 7
[2022-12-11 18:21:43] [SEVERE ] player 0 placing token on slot 6
[2022-12-11 18:21:43] [SEVERE ] removing player 1 token from slot 1
[2022-12-11 18:21:43] [SEVERE ] player 2 placing token on slot 1
[2022-12-11 18:21:43] [SEVERE ] removing player 3 token from slot 4
[2022-12-11 18:21:43] [SEVERE ] removing player 0 token from slot 5
[2022-12-11 18:21:43] [SEVERE ] player 1 placing token on slot 4
[2022-12-11 18:21:43] [SEVERE ] player 2 placing token on slot 8
[2022-12-11 18:21:43] [SEVERE ] removing player 3 token from slot 7
[2022-12-11 18:21:43] [SEVERE ] removing player 0 token from slot 4
[2022-12-11 18:21:43] [SEVERE ] removing player 1 token from slot 2
[2022-12-11 18:21:43] [SEVERE ] removing player 2 token from slot 1
[2022-12-11 18:21:43] [SEVERE ] player 3 placing token on slot 5
[2022-12-11 18:21:43] [SEVERE ] player 0 placing token on slot 5
[2022-12-11 18:21:43] [SEVERE ] player 1 placing token on slot 9
[2022-12-11 18:21:43] [SEVERE ] player 2 placing token on slot 0
[2022-12-11 18:21:43] [SEVERE ] player 3 placing token on slot 3
[2022-12-11 18:21:43] [SEVERE ] player 0 placing token on slot 1
[2022-12-11 18:21:43] [SEVERE ] removing player 1 token from slot 9
[2022-12-11 18:21:43] [SEVERE ] removing player 2 token from slot 0
[2022-12-11 18:21:43] [SEVERE ] removing player 3 token from slot 5
[2022-12-11 18:21:44] [SEVERE ] removing player 0 token from slot 1
[2022-12-11 18:21:44] [SEVERE ] player 1 placing token on slot 8
[2022-12-11 18:21:44] [SEVERE ] player 2 placing token on slot 6
[2022-12-11 18:21:44] [SEVERE ] player 3 placing token on slot 4
[2022-12-11 18:21:44] [SEVERE ] player 0 placing token on slot 9
[2022-12-11 18:21:44] [SEVERE ] removing player 1 token from slot 8
[2022-12-11 18:21:44] [SEVERE ] removing player 2 token from slot 6
[2022-12-11 18:21:44] [SEVERE ] removing player 3 token from slot 4
[2022-12-11 18:21:44] [SEVERE ] removing player 0 token from slot 6
[2022-12-11 18:21:44] [SEVERE ] player 1 placing token on slot 1
[2022-12-11 18:21:44] [SEVERE ] player 2 placing token on slot 11
[2022-12-11 18:21:44] [SEVERE ] player 3 placing token on slot 4
[2022-12-11 18:21:44] [SEVERE ] player 0 placing token on slot 6
[2022-12-11 18:21:44] [SEVERE ] removing player 1 token from slot 7
[2022-12-11 18:21:44] [SEVERE ] removing player 2 token from slot 5
[2022-12-11 18:21:44] [SEVERE ] removing player 3 token from slot 10
[2022-12-11 18:21:44] [SEVERE ] removing player 0 token from slot 5
[2022-12-11 18:21:44] [SEVERE ] player 1 placing token on slot 6
[2022-12-11 18:21:44] [SEVERE ] player 2 placing token on slot 0
[2022-12-11 18:21:44] [SEVERE ] player 3 placing token on slot 2
[2022-12-11 18:21:44] [SEVERE ] player 0 placing token on slot 11
[2022-12-11 18:21:44] [SEVERE ] removing player 1 token from slot 4
[2022-12-11 18:21:44] [SEVERE ] removing player 2 token from slot 8
[2022-12-11 18:21:44] [SEVERE ] removing player 3 token from slot 4
[2022-12-11 18:21:44] [SEVERE ] removing player 0 token from slot 6
[2022-12-11 18:21:44] [SEVERE ] player 1 placing token on slot 4
[2022-12-11 18:21:44] [SEVERE ] player 2 placing token on slot 2
[2022-12-11 18:21:44] [SEVERE ] player 3 placing token on slot 1
[2022-12-11 18:21:44] [SEVERE ] player 0 placing token on slot 4
[2022-12-11 18:21:44] [SEVERE ] removing player 1 token from slot 6
[2022-12-11 18:21:44] [SEVERE ] removing player 2 token from slot 11
[2022-12-11 18:21:44] [SEVERE ] removing player 3 token from slot 2
[2022-12-11 18:21:44] [SEVERE ] removing player 0 token from slot 4
[2022-12-11 18:21:44] [SEVERE ] player 1 placing token on slot 7
[2022-12-11 18:21:44] [SEVERE ] player 2 placing token on slot 6
[2022-12-11 18:21:44] [SEVERE ] removing player 3 token from slot 1
[2022-12-11 18:21:44] [SEVERE ] player 0 placing token on slot 10
[2022-12-11 18:21:45] [SEVERE ] removing player 1 token from slot 4
[2022-12-11 18:21:45] [SEVERE ] removing player 2 token from slot 0
[2022-12-11 18:21:45] [SEVERE ] player 3 placing token on slot 2
[2022-12-11 18:21:45] [SEVERE ] removing player 0 token from slot 10
[2022-12-11 18:21:45] [SEVERE ] player 1 placing token on slot 6
[2022-12-11 18:21:45] [SEVERE ] player 2 placing token on slot 5
[2022-12-11 18:21:45] [SEVERE ] player 3 placing token on slot 6
[2022-12-11 18:21:45] [SEVERE ] player 0 placing token on slot 4
[2022-12-11 18:21:45] [SEVERE ] removing player 1 token from slot 6
[2022-12-11 18:21:45] [SEVERE ] removing player 2 token from slot 6
[2022-12-11 18:21:45] [SEVERE ] removing player 3 token from slot 2
[2022-12-11 18:21:45] [SEVERE ] removing player 0 token from slot 9
[2022-12-11 18:21:45] [SEVERE ] player 1 placing token on slot 6
[2022-12-11 18:21:45] [SEVERE ] player 2 placing token on slot 9
[2022-12-11 18:21:45] [SEVERE ] removing player 3 token from slot 6
[2022-12-11 18:21:45] [SEVERE ] player 0 placing token on slot 9
[2022-12-11 18:21:45] [SEVERE ] removing player 1 token from slot 6
[2022-12-11 18:21:45] [SEVERE ] removing player 2 token from slot 9
[2022-12-11 18:21:45] [SEVERE ] player 3 placing token on slot 4
[2022-12-11 18:21:45] [SEVERE ] removing player 0 token from slot 9
[2022-12-11 18:21:45] [SEVERE ] player 1 placing token on slot 0
[2022-12-11 18:21:45] [SEVERE ] player 2 placing token on slot 4
[2022-12-11 18:21:45] [SEVERE ] player 3 placing token on slot 6
[2022-12-11 18:21:45] [SEVERE ] player 0 placing token on slot 8
[2022-12-11 18:21:45] [SEVERE ] removing player 1 token from slot 0
[2022-12-11 18:21:45] [SEVERE ] removing player 2 token from slot 2
[2022-12-11 18:21:45] [SEVERE ] removing player 3 token from slot 6
[2022-12-11 18:21:45] [SEVERE ] removing player 0 token from slot 11
[2022-12-11 18:21:45] [SEVERE ] player 1 placing token on slot 5
[2022-12-11 18:21:45] [SEVERE ] player 2 placing token on slot 2
[2022-12-11 18:21:45] [SEVERE ] player 3 placing token on slot 1
[2022-12-11 18:21:45] [SEVERE ] removing player 0 token from slot 8
[2022-12-11 18:21:45] [SEVERE ] removing player 1 token from slot 5
[2022-12-11 18:21:45] [SEVERE ] removing player 2 token from slot 2
[2022-12-11 18:21:45] [SEVERE ] removing player 3 token from slot 4
[2022-12-11 18:21:45] [SEVERE ] player 0 placing token on slot 7
[2022-12-11 18:21:45] [SEVERE ] player 1 placing token on slot 4
[2022-12-11 18:21:46] [SEVERE ] player 2 placing token on slot 6
[2022-12-11 18:21:46] [SEVERE ] player 3 placing token on slot 2
[2022-12-11 18:21:46] [SEVERE ] player 0 placing token on slot 5
[2022-12-11 18:21:46] [SEVERE ] removing player 1 token from slot 4
[2022-12-11 18:21:46] [SEVERE ] removing player 2 token from slot 6
[2022-12-11 18:21:46] [SEVERE ] removing player 3 token from slot 1
[2022-12-11 18:21:46] [SEVERE ] removing player 0 token from slot 4
[2022-12-11 18:21:46] [SEVERE ] player 1 placing token on slot 0
[2022-12-11 18:21:46] [SEVERE ] player 2 placing token on slot 7
[2022-12-11 18:21:46] [SEVERE ] player 3 placing token on slot 6
[2022-12-11 18:21:46] [SEVERE ] player 0 placing token on slot 10
[2022-12-11 18:21:46] [SEVERE ] removing player 1 token from slot 0
[2022-12-11 18:21:46] [SEVERE ] removing player 2 token from slot 5
[2022-12-11 18:21:46] [SEVERE ] removing player 3 token from slot 2
[2022-12-11 18:21:46] [SEVERE ] removing player 0 token from slot 10
[2022-12-11 18:21:46] [SEVERE ] player 1 placing token on slot 3
[2022-12-11 18:21:46] [SEVERE ] player 2 placing token on slot 3
[2022-12-11 18:21:46] [SEVERE ] removing player 3 token from slot 6
[2022-12-11 18:21:46] [SEVERE ] player 0 placing token on slot 1
[2022-12-11 18:21:46] [SEVERE ] removing player 1 token from slot 7
[2022-12-11 18:21:46] [SEVERE ] removing player 2 token from slot 4
[2022-12-11 18:21:46] [SEVERE ] player 3 placing token on slot 4
[2022-12-11 18:21:46] [SEVERE ] removing player 0 token from slot 7
[2022-12-11 18:21:46] [SEVERE ] player 1 placing token on slot 9
[2022-12-11 18:21:46] [SEVERE ] player 2 placing token on slot 0
[2022-12-11 18:21:46] [SEVERE ] player 3 placing token on slot 5
[2022-12-11 18:21:46] [SEVERE ] player 0 placing token on slot 8
[2022-12-11 18:21:46] [SEVERE ] removing player 1 token from slot 3
[2022-12-11 18:21:46] [SEVERE ] removing player 2 token from slot 0
[2022-12-11 18:21:46] [SEVERE ] removing player 3 token from slot 3
[2022-12-11 18:21:46] [SEVERE ] removing player 0 token from slot 5
[2022-12-11 18:21:46] [SEVERE ] player 1 placing token on slot 4
[2022-12-11 18:21:46] [SEVERE ] player 2 placing token on slot 11
[2022-12-11 18:21:46] [SEVERE ] player 3 placing token on slot 9
[2022-12-11 18:21:46] [SEVERE ] player 0 placing token on slot 2
[2022-12-11 18:21:46] [SEVERE ] removing player 1 token from slot 4
[2022-12-11 18:21:47] [SEVERE ] removing player 2 token from slot 11
[2022-12-11 18:21:47] [SEVERE ] removing player 3 token from slot 4
[2022-12-11 18:21:47] [SEVERE ] removing player 0 token from slot 1
[2022-12-11 18:21:47] [SEVERE ] player 1 placing token on slot 11
[2022-12-11 18:21:47] [SEVERE ] player 2 placing token on slot 1
[2022-12-11 18:21:47] [SEVERE ] player 3 placing token on slot 8
[2022-12-11 18:21:47] [SEVERE ] player 0 placing token on slot 9
[2022-12-11 18:21:47] [SEVERE ] removing player 1 token from slot 9
[2022-12-11 18:21:47] [SEVERE ] removing player 2 token from slot 7
[2022-12-11 18:21:47] [SEVERE ] removing player 3 token from slot 8
[2022-12-11 18:21:47] [SEVERE ] removing player 0 token from slot 8
[2022-12-11 18:21:47] [SEVERE ] removing player 1 token from slot 1
[2022-12-11 18:21:47] [SEVERE ] player 2 placing token on slot 10
[2022-12-11 18:21:47] [SEVERE ] player 3 placing token on slot 2
[2022-12-11 18:21:47] [SEVERE ] player 0 placing token on slot 5
[2022-12-11 18:21:47] [SEVERE ] player 1 placing token on slot 9
[2022-12-11 18:21:47] [SEVERE ] removing player 2 token from slot 10
[2022-12-11 18:21:47] [SEVERE ] removing card from slot 0
[2022-12-11 18:21:47] [SEVERE ] removing player 3 token from slot 9
[2022-12-11 18:21:47] [SEVERE ] removing card from slot 1
[2022-12-11 18:21:47] [SEVERE ] removing card from slot 2
[2022-12-11 18:21:47] [SEVERE ] removing card from slot 3
[2022-12-11 18:21:47] [SEVERE ] removing card from slot 4
[2022-12-11 18:21:48] [SEVERE ] removing card from slot 5
[2022-12-11 18:21:48] [SEVERE ] removing card from slot 6
[2022-12-11 18:21:48] [SEVERE ] removing card from slot 7
[2022-12-11 18:21:48] [SEVERE ] removing card from slot 8
[2022-12-11 18:21:48] [SEVERE ] removing card from slot 9
[2022-12-11 18:21:48] [SEVERE ] removing card from slot 10
[2022-12-11 18:21:48] [SEVERE ] removing card from slot 11
[2022-12-11 18:21:48] [SEVERE ] removing player 0 token from slot 2
[2022-12-11 18:21:48] [SEVERE ] removing player 0 token from slot 9
[2022-12-11 18:21:48] [SEVERE ] removing player 0 token from slot 5
[2022-12-11 18:21:48] [SEVERE ] removing player 1 token from slot 11
[2022-12-11 18:21:48] [SEVERE ] removing player 1 token from slot 9
[2022-12-11 18:21:48] [SEVERE ] removing player 2 token from slot 3
[2022-12-11 18:21:48] [SEVERE ] removing player 2 token from slot 1
[2022-12-11 18:21:48] [SEVERE ] removing player 3 token from slot 5
[2022-12-11 18:21:48] [SEVERE ] removing player 3 token from slot 2
[2022-12-11 18:21:48] [SEVERE ] placing card 49 in slot 4
[2022-12-11 18:21:48] [SEVERE ] placing card 76 in slot 6
[2022-12-11 18:21:49] [SEVERE ] placing card 65 in slot 7
[2022-12-11 18:21:49] [SEVERE ] placing card 35 in slot 10
[2022-12-11 18:21:49] [SEVERE ] placing card 25 in slot 9
[2022-12-11 18:21:49] [SEVERE ] placing card 21 in slot 0
[2022-12-11 18:21:49] [SEVERE ] placing card 39 in slot 2
[2022-12-11 18:21:49] [SEVERE ] placing card 75 in slot 8
[2022-12-11 18:21:49] [SEVERE ] placing card 0 in slot 5
[2022-12-11 18:21:49] [SEVERE ] placing card 26 in slot 1
[2022-12-11 18:21:49] [SEVERE ] placing card 69 in slot 11
[2022-12-11 18:21:50] [SEVERE ] placing card 46 in slot 3
[2022-12-11 18:21:50] [SEVERE ] player 3 placing token on slot 3
[2022-12-11 18:21:50] [SEVERE ] player 1 placing token on slot 3
[2022-12-11 18:21:50] [SEVERE ] player 0 placing token on slot 9
[2022-12-11 18:21:50] [SEVERE ] player 2 placing token on slot 8
[2022-12-11 18:21:50] [SEVERE ] player 3 placing token on slot 1
[2022-12-11 18:21:50] [SEVERE ] player 0 placing token on slot 10
[2022-12-11 18:21:50] [SEVERE ] player 1 placing token on slot 5
[2022-12-11 18:21:50] [SEVERE ] player 2 placing token on slot 9
[2022-12-11 18:21:50] [SEVERE ] player 3 placing token on slot 8
[2022-12-11 18:21:50] [SEVERE ] player 0 placing token on slot 3
[2022-12-11 18:21:50] [SEVERE ] player 1 placing token on slot 6
[2022-12-11 18:21:50] [SEVERE ] player 2 placing token on slot 1
[2022-12-11 18:21:50] [SEVERE ] removing player 0 token from slot 9
[2022-12-11 18:21:50] [SEVERE ] removing player 3 token from slot 8
[2022-12-11 18:21:50] [SEVERE ] removing player 1 token from slot 6
[2022-12-11 18:21:50] [SEVERE ] removing player 2 token from slot 9
[2022-12-11 18:21:50] [SEVERE ] removing player 0 token from slot 10
[2022-12-11 18:21:50] [SEVERE ] player 3 placing token on slot 6
[2022-12-11 18:21:50] [SEVERE ] player 1 placing token on slot 10
[2022-12-11 18:21:50] [SEVERE ] player 2 placing token on slot 11
[2022-12-11 18:21:50] [SEVERE ] removing player 0 token from slot 3
[2022-12-11 18:21:50] [SEVERE ] removing player 3 token from slot 3
[2022-12-11 18:21:50] [SEVERE ] removing player 1 token from slot 3
[2022-12-11 18:21:50] [SEVERE ] removing player 2 token from slot 1
[2022-12-11 18:21:50] [SEVERE ] player 3 placing token on slot 5
[2022-12-11 18:21:50] [SEVERE ] player 0 placing token on slot 3
[2022-12-11 18:21:50] [SEVERE ] player 1 placing token on slot 9
[2022-12-11 18:21:50] [SEVERE ] player 2 placing token on slot 5
[2022-12-11 18:21:50] [SEVERE ] player 0 placing token on slot 6
[2022-12-11 18:21:50] [SEVERE ] removing player 3 token from slot 5
[2022-12-11 18:21:50] [SEVERE ] removing player 1 token from slot 10
[2022-12-11 18:21:50] [SEVERE ] removing player 2 token from slot 8
[2022-12-11 18:21:50] [SEVERE ] player 0 placing token on slot 1
[2022-12-11 18:21:50] [SEVERE ] player 3 placing token on slot 0
[2022-12-11 18:21:50] [SEVERE ] player 1 placing token on slot 0
[2022-12-11 18:21:50] [SEVERE ] player 2 placing token on slot 4
[2022-12-11 18:21:51] [SEVERE ] removing player 0 token from slot 6
[2022-12-11 18:21:51] [SEVERE ] removing player 3 token from slot 1
[2022-12-11 18:21:51] [SEVERE ] removing player 1 token from slot 5
[2022-12-11 18:21:51] [SEVERE ] removing player 2 token from slot 5
[2022-12-11 18:21:51] [SEVERE ] player 0 placing token on slot 8
[2022-12-11 18:21:51] [SEVERE ] player 3 placing token on slot 10
[2022-12-11 18:21:51] [SEVERE ] player 1 placing token on slot 4
[2022-12-11 18:21:51] [SEVERE ] player 2 placing token on slot 8
[2022-12-11 18:21:51] [SEVERE ] removing player 0 token from slot 8
[2022-12-11 18:21:51] [SEVERE ] removing player 3 token from slot 0
[2022-12-11 18:21:51] [SEVERE ] removing player 1 token from slot 0
[2022-12-11 18:21:51] [SEVERE ] removing player 2 token from slot 8
[2022-12-11 18:21:51] [SEVERE ] player 0 placing token on slot 9
[2022-12-11 18:21:51] [SEVERE ] player 3 placing token on slot 7
[2022-12-11 18:21:51] [SEVERE ] player 1 placing token on slot 6
[2022-12-11 18:21:51] [SEVERE ] removing player 2 token from slot 4
[2022-12-11 18:21:51] [SEVERE ] removing player 0 token from slot 3
[2022-12-11 18:21:51] [SEVERE ] removing player 3 token from slot 10
[2022-12-11 18:21:51] [SEVERE ] removing player 1 token from slot 4
[2022-12-11 18:21:51] [SEVERE ] player 2 placing token on slot 3
[2022-12-11 18:21:51] [SEVERE ] removing player 0 token from slot 1
[2022-12-11 18:21:51] [SEVERE ] player 3 placing token on slot 4
[2022-12-11 18:21:51] [SEVERE ] player 1 placing token on slot 10
[2022-12-11 18:21:51] [SEVERE ] player 2 placing token on slot 8
[2022-12-11 18:21:51] [SEVERE ] player 0 placing token on slot 3
[2022-12-11 18:21:51] [SEVERE ] removing player 3 token from slot 7
[2022-12-11 18:21:51] [SEVERE ] removing player 1 token from slot 6
[2022-12-11 18:21:51] [SEVERE ] removing player 2 token from slot 11
[2022-12-11 18:21:51] [SEVERE ] player 0 placing token on slot 10
[2022-12-11 18:21:51] [SEVERE ] player 3 placing token on slot 7
[2022-12-11 18:21:51] [SEVERE ] player 1 placing token on slot 0
[2022-12-11 18:21:51] [SEVERE ] removing player 2 token from slot 3
[2022-12-11 18:21:51] [SEVERE ] removing player 0 token from slot 9
[2022-12-11 18:21:51] [SEVERE ] removing player 3 token from slot 4
[2022-12-11 18:21:51] [SEVERE ] removing player 1 token from slot 10
[2022-12-11 18:21:51] [SEVERE ] player 2 placing token on slot 5
[2022-12-11 18:21:52] [SEVERE ] player 0 placing token on slot 2
[2022-12-11 18:21:52] [SEVERE ] player 3 placing token on slot 0
[2022-12-11 18:21:52] [SEVERE ] player 1 placing token on slot 11
[2022-12-11 18:21:52] [SEVERE ] player 2 placing token on slot 2
[2022-12-11 18:21:52] [SEVERE ] removing player 0 token from slot 2
[2022-12-11 18:21:52] [SEVERE ] removing player 3 token from slot 6
[2022-12-11 18:21:52] [SEVERE ] removing player 1 token from slot 11
[2022-12-11 18:21:52] [SEVERE ] removing player 2 token from slot 2
[2022-12-11 18:21:52] [SEVERE ] player 0 placing token on slot 7
[2022-12-11 18:21:52] [SEVERE ] player 3 placing token on slot 5
[2022-12-11 18:21:52] [SEVERE ] player 1 placing token on slot 6
[2022-12-11 18:21:52] [SEVERE ] player 2 placing token on slot 4
[2022-12-11 18:21:52] [SEVERE ] removing player 0 token from slot 7
[2022-12-11 18:21:52] [SEVERE ] removing player 3 token from slot 7
[2022-12-11 18:21:52] [SEVERE ] removing player 1 token from slot 0
[2022-12-11 18:21:52] [SEVERE ] removing player 2 token from slot 8
[2022-12-11 18:21:52] [SEVERE ] player 0 placing token on slot 8
[2022-12-11 18:21:52] [SEVERE ] Exit button pressed
[2022-12-11 18:21:52] [SEVERE ] removing player 3 token from slot 0
[2022-12-11 18:21:52] [SEVERE ] player 1 placing token on slot 8
[2022-12-11 18:21:52] [SEVERE ] player 2 placing token on slot 11
[2022-12-11 18:21:52] [SEVERE ] removing player 0 token from slot 10
[2022-12-11 18:21:52] [SEVERE ] removing card from slot 0
[2022-12-11 18:21:52] [SEVERE ] removing card from slot 1
[2022-12-11 18:21:52] [SEVERE ] removing card from slot 2
[2022-12-11 18:21:53] [SEVERE ] removing card from slot 3
[2022-12-11 18:21:53] [SEVERE ] removing card from slot 4
[2022-12-11 18:21:53] [SEVERE ] removing card from slot 5
[2022-12-11 18:21:53] [SEVERE ] removing card from slot 6
[2022-12-11 18:21:53] [SEVERE ] removing card from slot 7
[2022-12-11 18:21:53] [SEVERE ] removing card from slot 8
[2022-12-11 18:21:53] [SEVERE ] removing card from slot 9
[2022-12-11 18:21:53] [SEVERE ] removing card from slot 10
[2022-12-11 18:21:53] [SEVERE ] removing card from slot 11
[2022-12-11 18:21:53] [SEVERE ] removing player 0 token from slot 3
[2022-12-11 18:21:53] [SEVERE ] removing player 0 token from slot 8
[2022-12-11 18:21:53] [SEVERE ] removing player 1 token from slot 9
[2022-12-11 18:21:53] [SEVERE ] removing player 1 token from slot 6
[2022-12-11 18:21:53] [SEVERE ] removing player 1 token from slot 8
[2022-12-11 18:21:53] [SEVERE ] removing player 2 token from slot 5
[2022-12-11 18:21:53] [SEVERE ] removing player 2 token from slot 4
[2022-12-11 18:21:53] [SEVERE ] removing player 2 token from slot 11
[2022-12-11 18:21:53] [SEVERE ] removing player 3 token from slot 5
[2022-12-11 18:21:53] [SEVERE ] announcing winners: [0, 1]
[2022-12-11 18:21:53] [INFO   ] Thread main terminated.
