[2022-12-11 16:45:22] [INFO   ] cannot read configuration file config.properties trying from resources.
[2022-12-11 16:45:22] [INFO   ] configuration file was loaded from resources directory.
[2022-12-11 16:45:22] [SEVERE ] placing card 30 in slot 3
[2022-12-11 16:45:22] [SEVERE ] placing card 33 in slot 9
[2022-12-11 16:45:23] [SEVERE ] placing card 45 in slot 8
[2022-12-11 16:45:23] [SEVERE ] placing card 0 in slot 11
[2022-12-11 16:45:23] [SEVERE ] placing card 11 in slot 0
[2022-12-11 16:45:23] [SEVERE ] placing card 20 in slot 10
[2022-12-11 16:45:23] [SEVERE ] placing card 52 in slot 6
[2022-12-11 16:45:24] [SEVERE ] placing card 51 in slot 4
[2022-12-11 16:45:24] [SEVERE ] placing card 1 in slot 7
[2022-12-11 16:45:24] [SEVERE ] placing card 17 in slot 5
[2022-12-11 16:45:24] [SEVERE ] placing card 60 in slot 1
[2022-12-11 16:45:25] [SEVERE ] placing card 43 in slot 2
[2022-12-11 16:45:30] [SEVERE ] Exit button pressed
[2022-12-11 16:45:30] [SEVERE ] removing card from slot 0
[2022-12-11 16:45:30] [SEVERE ] removing card from slot 1
[2022-12-11 16:45:30] [SEVERE ] removing card from slot 2
[2022-12-11 16:45:30] [SEVERE ] removing card from slot 3
[2022-12-11 16:45:30] [SEVERE ] removing card from slot 4
[2022-12-11 16:45:30] [SEVERE ] removing card from slot 5
[2022-12-11 16:45:30] [SEVERE ] removing card from slot 6
[2022-12-11 16:45:31] [SEVERE ] removing card from slot 7
[2022-12-11 16:45:31] [SEVERE ] removing card from slot 8
[2022-12-11 16:45:31] [SEVERE ] removing card from slot 9
[2022-12-11 16:45:31] [SEVERE ] removing card from slot 10
[2022-12-11 16:45:31] [SEVERE ] removing card from slot 11
[2022-12-11 16:45:31] [SEVERE ] removing player 0 token from slot 0
[2022-12-11 16:45:31] [SEVERE ] removing player 0 token from slot 1
[2022-12-11 16:45:31] [SEVERE ] removing player 0 token from slot 2
[2022-12-11 16:45:31] [SEVERE ] removing player 0 token from slot 3
[2022-12-11 16:45:32] [SEVERE ] removing player 0 token from slot 4
[2022-12-11 16:45:32] [SEVERE ] removing player 0 token from slot 5
[2022-12-11 16:45:32] [SEVERE ] removing player 0 token from slot 6
[2022-12-11 16:45:32] [SEVERE ] removing player 0 token from slot 7
[2022-12-11 16:45:32] [SEVERE ] removing player 0 token from slot 8
[2022-12-11 16:45:32] [SEVERE ] removing player 0 token from slot 9
[2022-12-11 16:45:32] [SEVERE ] removing player 0 token from slot 10
[2022-12-11 16:45:32] [SEVERE ] removing player 0 token from slot 11
[2022-12-11 16:45:32] [SEVERE ] removing player 1 token from slot 0
[2022-12-11 16:45:33] [SEVERE ] removing player 1 token from slot 1
[2022-12-11 16:45:33] [SEVERE ] removing player 1 token from slot 2
[2022-12-11 16:45:33] [SEVERE ] removing player 1 token from slot 3
[2022-12-11 16:45:33] [SEVERE ] removing player 1 token from slot 4
[2022-12-11 16:45:33] [SEVERE ] removing player 1 token from slot 5
[2022-12-11 16:45:33] [SEVERE ] removing player 1 token from slot 6
[2022-12-11 16:45:33] [SEVERE ] removing player 1 token from slot 7
[2022-12-11 16:45:33] [SEVERE ] removing player 1 token from slot 8
[2022-12-11 16:45:33] [SEVERE ] removing player 1 token from slot 9
[2022-12-11 16:45:34] [SEVERE ] removing player 1 token from slot 10
[2022-12-11 16:45:34] [SEVERE ] removing player 1 token from slot 11
[2022-12-11 16:45:34] [SEVERE ] announcing winners: [0, 1]
[2022-12-11 16:45:34] [INFO   ] Thread main terminated.
