[2022-12-11 19:02:03] [INFO   ] cannot read configuration file config.properties trying from resources.
[2022-12-11 19:02:03] [INFO   ] configuration file was loaded from resources directory.
[2022-12-11 19:02:03] [SEVERE ] placing card 5 in slot 4
[2022-12-11 19:02:04] [SEVERE ] placing card 42 in slot 1
[2022-12-11 19:02:04] [SEVERE ] placing card 9 in slot 7
[2022-12-11 19:02:04] [SEVERE ] placing card 80 in slot 5
[2022-12-11 19:02:04] [SEVERE ] placing card 46 in slot 11
[2022-12-11 19:02:04] [SEVERE ] placing card 0 in slot 9
[2022-12-11 19:02:04] [SEVERE ] placing card 64 in slot 6
[2022-12-11 19:02:04] [SEVERE ] placing card 30 in slot 0
[2022-12-11 19:02:04] [SEVERE ] placing card 37 in slot 3
[2022-12-11 19:02:04] [SEVERE ] placing card 65 in slot 8
[2022-12-11 19:02:05] [SEVERE ] placing card 14 in slot 2
[2022-12-11 19:02:05] [SEVERE ] placing card 26 in slot 10
[2022-12-11 19:02:08] [SEVERE ] Exit button pressed
[2022-12-11 19:02:08] [SEVERE ] removing card from slot 0
[2022-12-11 19:02:08] [SEVERE ] removing card from slot 1
[2022-12-11 19:02:08] [SEVERE ] removing card from slot 2
[2022-12-11 19:02:08] [SEVERE ] removing card from slot 3
[2022-12-11 19:02:08] [SEVERE ] removing card from slot 4
[2022-12-11 19:02:08] [SEVERE ] removing card from slot 5
[2022-12-11 19:02:08] [SEVERE ] removing card from slot 6
[2022-12-11 19:02:09] [SEVERE ] removing card from slot 7
[2022-12-11 19:02:09] [SEVERE ] removing card from slot 8
[2022-12-11 19:02:09] [SEVERE ] removing card from slot 9
[2022-12-11 19:02:09] [SEVERE ] removing card from slot 10
[2022-12-11 19:02:09] [SEVERE ] removing card from slot 11
[2022-12-11 19:02:09] [SEVERE ] announcing winners: [0, 1]
[2022-12-11 19:02:09] [INFO   ] Thread main terminated.
