[2022-12-14 11:17:25] [INFO   ] cannot read configuration file config.properties trying from resources.
[2022-12-14 11:17:25] [INFO   ] configuration file was loaded from resources directory.
[2022-12-14 11:17:26] [SEVERE ] placing card 19 in slot 11
[2022-12-14 11:17:26] [SEVERE ] placing card 62 in slot 10
[2022-12-14 11:17:26] [SEVERE ] placing card 16 in slot 6
[2022-12-14 11:17:27] [SEVERE ] placing card 50 in slot 1
[2022-12-14 11:17:27] [SEVERE ] placing card 39 in slot 7
[2022-12-14 11:17:27] [SEVERE ] placing card 72 in slot 9
[2022-12-14 11:17:27] [SEVERE ] placing card 65 in slot 0
[2022-12-14 11:17:27] [SEVERE ] placing card 54 in slot 4
[2022-12-14 11:17:27] [SEVERE ] placing card 68 in slot 8
[2022-12-14 11:17:27] [SEVERE ] placing card 43 in slot 5
[2022-12-14 11:17:27] [SEVERE ] placing card 60 in slot 2
[2022-12-14 11:17:27] [SEVERE ] placing card 55 in slot 3
[2022-12-14 11:17:28] [SEVERE ] player 0 placing token on slot 8
[2022-12-14 11:17:28] [SEVERE ] player 2 placing token on slot 1
[2022-12-14 11:17:28] [SEVERE ] player 3 placing token on slot 5
[2022-12-14 11:17:28] [SEVERE ] player 1 placing token on slot 11
[2022-12-14 11:17:28] [SEVERE ] player 2 placing token on slot 2
[2022-12-14 11:17:28] [SEVERE ] player 3 placing token on slot 9
[2022-12-14 11:17:28] [SEVERE ] player 0 placing token on slot 2
[2022-12-14 11:17:28] [SEVERE ] player 1 placing token on slot 6
[2022-12-14 11:17:28] [SEVERE ] player 2 placing token on slot 6
[2022-12-14 11:17:28] [SEVERE ] player 3 placing token on slot 0
[2022-12-14 11:17:28] [SEVERE ] player 1 placing token on slot 10
[2022-12-14 11:17:28] [SEVERE ] player 0 placing token on slot 9
[2022-12-14 11:17:28] [SEVERE ] setting player 3 freeze to 0
[2022-12-14 11:17:28] [SEVERE ] setting player 0 freeze to 0
[2022-12-14 11:17:28] [SEVERE ] setting player 2 freeze to 0
[2022-12-14 11:17:28] [SEVERE ] setting player 1 freeze to 0
[2022-12-14 11:17:28] [SEVERE ] removing player 2 token from slot 6
[2022-12-14 11:17:28] [SEVERE ] removing player 3 token from slot 5
[2022-12-14 11:17:28] [SEVERE ] removing player 1 token from slot 6
[2022-12-14 11:17:28] [SEVERE ] removing player 0 token from slot 9
[2022-12-14 11:17:28] [SEVERE ] setting player 3 freeze to -103
[2022-12-14 11:17:28] [SEVERE ] setting player 0 freeze to -104
[2022-12-14 11:17:28] [SEVERE ] setting player 1 freeze to -105
[2022-12-14 11:17:28] [SEVERE ] setting player 2 freeze to -107
[2022-12-14 11:17:28] [SEVERE ] player 3 placing token on slot 10
[2022-12-14 11:17:28] [SEVERE ] player 1 placing token on slot 9
[2022-12-14 11:17:28] [SEVERE ] player 0 placing token on slot 6
[2022-12-14 11:17:28] [SEVERE ] removing player 2 token from slot 2
[2022-12-14 11:17:28] [SEVERE ] setting player 3 freeze to 0
[2022-12-14 11:17:28] [SEVERE ] removing player 1 token from slot 11
[2022-12-14 11:17:28] [SEVERE ] setting player 0 freeze to 0
[2022-12-14 11:17:28] [SEVERE ] removing player 3 token from slot 0
[2022-12-14 11:17:28] [SEVERE ] player 2 placing token on slot 0
[2022-12-14 11:17:28] [SEVERE ] removing player 0 token from slot 8
[2022-12-14 11:17:28] [SEVERE ] setting player 1 freeze to 0
[2022-12-14 11:17:28] [SEVERE ] setting player 3 freeze to -102
[2022-12-14 11:17:28] [SEVERE ] setting player 0 freeze to -103
[2022-12-14 11:17:28] [SEVERE ] player 1 placing token on slot 7
[2022-12-14 11:17:28] [SEVERE ] removing player 2 token from slot 1
[2022-12-14 11:17:28] [SEVERE ] setting player 1 freeze to -103
[2022-12-14 11:17:28] [SEVERE ] player 3 placing token on slot 0
[2022-12-14 11:17:28] [SEVERE ] player 0 placing token on slot 1
[2022-12-14 11:17:28] [SEVERE ] player 2 placing token on slot 11
[2022-12-14 11:17:28] [SEVERE ] removing player 1 token from slot 9
[2022-12-14 11:17:28] [SEVERE ] setting player 3 freeze to 0
[2022-12-14 11:17:28] [SEVERE ] removing player 3 token from slot 0
[2022-12-14 11:17:28] [SEVERE ] removing player 0 token from slot 6
[2022-12-14 11:17:28] [SEVERE ] setting player 0 freeze to 0
[2022-12-14 11:17:28] [SEVERE ] player 2 placing token on slot 6
[2022-12-14 11:17:28] [SEVERE ] player 1 placing token on slot 3
[2022-12-14 11:17:29] [SEVERE ] setting player 2 freeze to 0
[2022-12-14 11:17:29] [SEVERE ] setting player 3 freeze to -102
[2022-12-14 11:17:29] [SEVERE ] player 0 placing token on slot 6
[2022-12-14 11:17:29] [SEVERE ] setting player 0 freeze to -103
[2022-12-14 11:17:29] [SEVERE ] setting player 1 freeze to 0
[2022-12-14 11:17:29] [SEVERE ] removing player 2 token from slot 0
[2022-12-14 11:17:29] [SEVERE ] removing player 1 token from slot 7
[2022-12-14 11:17:29] [SEVERE ] setting player 2 freeze to -105
[2022-12-14 11:17:29] [SEVERE ] player 3 placing token on slot 7
[2022-12-14 11:17:29] [SEVERE ] removing player 0 token from slot 6
[2022-12-14 11:17:29] [SEVERE ] setting player 1 freeze to -102
[2022-12-14 11:17:29] [SEVERE ] player 2 placing token on slot 8
[2022-12-14 11:17:29] [SEVERE ] setting player 3 freeze to 0
[2022-12-14 11:17:29] [SEVERE ] removing player 3 token from slot 10
[2022-12-14 11:17:29] [SEVERE ] removing player 0 token from slot 2
[2022-12-14 11:17:29] [SEVERE ] player 1 placing token on slot 4
[2022-12-14 11:17:29] [SEVERE ] setting player 2 freeze to 0
[2022-12-14 11:17:29] [SEVERE ] removing player 2 token from slot 6
[2022-12-14 11:17:29] [SEVERE ] setting player 3 freeze to -103
[2022-12-14 11:17:29] [SEVERE ] setting player 1 freeze to 0
[2022-12-14 11:17:29] [SEVERE ] player 0 placing token on slot 11
[2022-12-14 11:17:29] [SEVERE ] removing player 1 token from slot 10
[2022-12-14 11:17:29] [SEVERE ] setting player 2 freeze to -101
[2022-12-14 11:17:29] [SEVERE ] player 3 placing token on slot 3
[2022-12-14 11:17:29] [SEVERE ] setting player 1 freeze to -102
[2022-12-14 11:17:29] [SEVERE ] player 0 placing token on slot 8
[2022-12-14 11:17:29] [SEVERE ] player 2 placing token on slot 9
[2022-12-14 11:17:29] [SEVERE ] removing player 3 token from slot 9
[2022-12-14 11:17:29] [SEVERE ] setting player 3 freeze to 0
[2022-12-14 11:17:29] [SEVERE ] setting player 2 freeze to 0
[2022-12-14 11:17:29] [SEVERE ] setting player 0 freeze to 0
[2022-12-14 11:17:29] [SEVERE ] player 1 placing token on slot 0
[2022-12-14 11:17:29] [SEVERE ] removing player 0 token from slot 8
[2022-12-14 11:17:29] [SEVERE ] removing player 2 token from slot 11
[2022-12-14 11:17:29] [SEVERE ] setting player 3 freeze to -101
[2022-12-14 11:17:29] [SEVERE ] setting player 2 freeze to -104
[2022-12-14 11:17:29] [SEVERE ] setting player 0 freeze to -102
[2022-12-14 11:17:29] [SEVERE ] setting player 1 freeze to 0
[2022-12-14 11:17:29] [SEVERE ] removing player 1 token from slot 4
[2022-12-14 11:17:29] [SEVERE ] player 3 placing token on slot 0
[2022-12-14 11:17:29] [SEVERE ] player 2 placing token on slot 3
[2022-12-14 11:17:29] [SEVERE ] removing player 0 token from slot 1
[2022-12-14 11:17:29] [SEVERE ] setting player 1 freeze to -104
[2022-12-14 11:17:29] [SEVERE ] setting player 3 freeze to 0
[2022-12-14 11:17:29] [SEVERE ] removing player 3 token from slot 7
[2022-12-14 11:17:29] [SEVERE ] removing player 2 token from slot 9
[2022-12-14 11:17:29] [SEVERE ] setting player 2 freeze to 0
[2022-12-14 11:17:29] [SEVERE ] player 0 placing token on slot 1
[2022-12-14 11:17:29] [SEVERE ] player 1 placing token on slot 8
[2022-12-14 11:17:29] [SEVERE ] setting player 3 freeze to -102
[2022-12-14 11:17:29] [SEVERE ] player 2 placing token on slot 5
[2022-12-14 11:17:29] [SEVERE ] setting player 2 freeze to -105
[2022-12-14 11:17:29] [SEVERE ] setting player 1 freeze to 0
[2022-12-14 11:17:29] [SEVERE ] removing player 0 token from slot 1
[2022-12-14 11:17:29] [SEVERE ] removing player 1 token from slot 3
[2022-12-14 11:17:30] [SEVERE ] player 3 placing token on slot 9
[2022-12-14 11:17:30] [SEVERE ] removing player 2 token from slot 8
[2022-12-14 11:17:30] [SEVERE ] setting player 1 freeze to -102
[2022-12-14 11:17:30] [SEVERE ] player 0 placing token on slot 6
[2022-12-14 11:17:30] [SEVERE ] removing player 3 token from slot 3
[2022-12-14 11:17:30] [SEVERE ] removing card from slot 3
[2022-12-14 11:17:30] [SEVERE ] removing player 2 token from slot 3
[2022-12-14 11:17:30] [SEVERE ] removing player 3 token from slot 0
[2022-12-14 11:17:30] [SEVERE ] removing card from slot 0
[2022-12-14 11:17:30] [SEVERE ] removing player 1 token from slot 0
[2022-12-14 11:17:30] [SEVERE ] removing player 3 token from slot 9
[2022-12-14 11:17:30] [SEVERE ] removing card from slot 9
[2022-12-14 11:17:30] [SEVERE ] setting player 3 score to 1
[2022-12-14 11:17:30] [SEVERE ] player 0 placing token on slot 8
[2022-12-14 11:17:30] [SEVERE ] setting player 3 freeze to 0
[2022-12-14 11:17:30] [SEVERE ] player 1 placing token on slot 7
[2022-12-14 11:17:30] [SEVERE ] removing player 2 token from slot 3
[2022-12-14 11:17:30] [SEVERE ] removing player 3 token from slot 0
[2022-12-14 11:17:30] [SEVERE ] setting player 3 freeze to -102
[2022-12-14 11:17:30] [SEVERE ] player 1 placing token on slot 5
[2022-12-14 11:17:30] [SEVERE ] setting player 0 freeze to 0
[2022-12-14 11:17:30] [SEVERE ] removing player 0 token from slot 8
[2022-12-14 11:17:30] [SEVERE ] player 2 placing token on slot 6
[2022-12-14 11:17:30] [SEVERE ] setting player 1 freeze to 0
[2022-12-14 11:17:30] [SEVERE ] player 3 placing token on slot 7
[2022-12-14 11:17:30] [SEVERE ] removing player 1 token from slot 7
[2022-12-14 11:17:30] [SEVERE ] setting player 0 freeze to -102
[2022-12-14 11:17:30] [SEVERE ] removing player 2 token from slot 5
[2022-12-14 11:17:30] [SEVERE ] setting player 1 freeze to -101
[2022-12-14 11:17:30] [SEVERE ] player 3 placing token on slot 11
[2022-12-14 11:17:30] [SEVERE ] player 0 placing token on slot 10
[2022-12-14 11:17:30] [SEVERE ] player 2 placing token on slot 8
[2022-12-14 11:17:31] [SEVERE ] player 1 placing token on slot 11
[2022-12-14 11:17:31] [SEVERE ] player 3 placing token on slot 2
[2022-12-14 11:17:31] [SEVERE ] removing player 0 token from slot 11
[2022-12-14 11:17:31] [SEVERE ] removing player 2 token from slot 6
[2022-12-14 11:17:31] [SEVERE ] removing player 1 token from slot 11
[2022-12-14 11:17:31] [SEVERE ] setting player 1 freeze to 0
[2022-12-14 11:17:31] [SEVERE ] setting player 3 freeze to 0
[2022-12-14 11:17:31] [SEVERE ] removing player 3 token from slot 11
[2022-12-14 11:17:31] [SEVERE ] player 0 placing token on slot 11
[2022-12-14 11:17:31] [SEVERE ] player 2 placing token on slot 5
[2022-12-14 11:17:31] [SEVERE ] player 1 placing token on slot 2
[2022-12-14 11:17:31] [SEVERE ] setting player 1 freeze to -103
[2022-12-14 11:17:31] [SEVERE ] setting player 3 freeze to -103
[2022-12-14 11:17:31] [SEVERE ] setting player 0 freeze to 0
[2022-12-14 11:17:31] [SEVERE ] removing player 0 token from slot 10
[2022-12-14 11:17:31] [SEVERE ] removing player 2 token from slot 5
[2022-12-14 11:17:31] [SEVERE ] removing player 1 token from slot 8
[2022-12-14 11:17:31] [SEVERE ] player 3 placing token on slot 1
[2022-12-14 11:17:31] [SEVERE ] setting player 0 freeze to -102
[2022-12-14 11:17:31] [SEVERE ] player 2 placing token on slot 11
[2022-12-14 11:17:31] [SEVERE ] removing player 1 token from slot 2
[2022-12-14 11:17:31] [SEVERE ] removing player 3 token from slot 2
[2022-12-14 11:17:31] [SEVERE ] player 0 placing token on slot 7
[2022-12-14 11:17:31] [SEVERE ] player 2 placing token on slot 6
[2022-12-14 11:17:31] [SEVERE ] setting player 2 freeze to 0
[2022-12-14 11:17:31] [SEVERE ] player 1 placing token on slot 7
[2022-12-14 11:17:31] [SEVERE ] player 3 placing token on slot 8
[2022-12-14 11:17:31] [SEVERE ] removing player 0 token from slot 6
[2022-12-14 11:17:31] [SEVERE ] setting player 0 freeze to 0
[2022-12-14 11:17:31] [SEVERE ] removing player 2 token from slot 8
[2022-12-14 11:17:31] [SEVERE ] setting player 2 freeze to -102
[2022-12-14 11:17:31] [SEVERE ] player 1 placing token on slot 10
[2022-12-14 11:17:31] [SEVERE ] setting player 3 freeze to 0
[2022-12-14 11:17:31] [SEVERE ] removing player 3 token from slot 7
[2022-12-14 11:17:31] [SEVERE ] player 0 placing token on slot 6
[2022-12-14 11:17:31] [SEVERE ] setting player 0 freeze to -101
[2022-12-14 11:17:31] [SEVERE ] player 2 placing token on slot 7
[2022-12-14 11:17:31] [SEVERE ] setting player 1 freeze to 0
[2022-12-14 11:17:31] [SEVERE ] removing player 1 token from slot 10
[2022-12-14 11:17:31] [SEVERE ] setting player 3 freeze to -102
[2022-12-14 11:17:31] [SEVERE ] removing player 0 token from slot 6
[2022-12-14 11:17:31] [SEVERE ] setting player 2 freeze to 0
[2022-12-14 11:17:31] [SEVERE ] removing player 2 token from slot 11
[2022-12-14 11:17:31] [SEVERE ] setting player 1 freeze to -101
[2022-12-14 11:17:31] [SEVERE ] player 3 placing token on slot 11
[2022-12-14 11:17:31] [SEVERE ] player 0 placing token on slot 8
[2022-12-14 11:17:31] [SEVERE ] setting player 2 freeze to -101
[2022-12-14 11:17:31] [SEVERE ] player 1 placing token on slot 4
[2022-12-14 11:17:31] [SEVERE ] setting player 3 freeze to 0
[2022-12-14 11:17:31] [SEVERE ] removing player 3 token from slot 11
[2022-12-14 11:17:32] [SEVERE ] removing player 0 token from slot 8
[2022-12-14 11:17:32] [SEVERE ] player 2 placing token on slot 5
[2022-12-14 11:17:32] [SEVERE ] removing player 1 token from slot 5
[2022-12-14 11:17:32] [SEVERE ] setting player 1 freeze to 0
[2022-12-14 11:17:32] [SEVERE ] setting player 3 freeze to -102
[2022-12-14 11:17:32] [SEVERE ] player 0 placing token on slot 4
[2022-12-14 11:17:32] [SEVERE ] removing player 2 token from slot 6
[2022-12-14 11:17:32] [SEVERE ] setting player 2 freeze to 0
[2022-12-14 11:17:32] [SEVERE ] removing player 1 token from slot 4
[2022-12-14 11:17:32] [SEVERE ] setting player 1 freeze to -101
[2022-12-14 11:17:32] [SEVERE ] player 3 placing token on slot 6
[2022-12-14 11:17:32] [SEVERE ] removing player 0 token from slot 4
[2022-12-14 11:17:32] [SEVERE ] setting player 0 freeze to 0
[2022-12-14 11:17:32] [SEVERE ] player 2 placing token on slot 2
[2022-12-14 11:17:32] [SEVERE ] setting player 2 freeze to -102
[2022-12-14 11:17:32] [SEVERE ] player 1 placing token on slot 5
[2022-12-14 11:17:32] [SEVERE ] removing player 3 token from slot 6
[2022-12-14 11:17:32] [SEVERE ] setting player 3 freeze to 0
[2022-12-14 11:17:32] [SEVERE ] setting player 0 freeze to -104
[2022-12-14 11:17:32] [SEVERE ] removing player 2 token from slot 2
[2022-12-14 11:17:32] [SEVERE ] player 1 placing token on slot 11
[2022-12-14 11:17:32] [SEVERE ] setting player 3 freeze to -103
[2022-12-14 11:17:32] [SEVERE ] player 0 placing token on slot 8
[2022-12-14 11:17:32] [SEVERE ] player 2 placing token on slot 4
[2022-12-14 11:17:32] [SEVERE ] setting player 1 freeze to 0
[2022-12-14 11:17:32] [SEVERE ] removing player 1 token from slot 7
[2022-12-14 11:17:32] [SEVERE ] player 3 placing token on slot 2
[2022-12-14 11:17:32] [SEVERE ] removing player 0 token from slot 11
[2022-12-14 11:17:32] [SEVERE ] removing player 2 token from slot 5
[2022-12-14 11:17:32] [SEVERE ] setting player 1 freeze to -101
[2022-12-14 11:17:32] [SEVERE ] setting player 3 freeze to 0
[2022-12-14 11:17:32] [SEVERE ] removing player 3 token from slot 1
[2022-12-14 11:17:32] [SEVERE ] removing player 0 token from slot 8
[2022-12-14 11:17:32] [SEVERE ] player 2 placing token on slot 6
[2022-12-14 11:17:32] [SEVERE ] player 1 placing token on slot 6
[2022-12-14 11:17:32] [SEVERE ] setting player 3 freeze to -102
[2022-12-14 11:17:32] [SEVERE ] player 0 placing token on slot 8
[2022-12-14 11:17:32] [SEVERE ] setting player 2 freeze to 0
[2022-12-14 11:17:32] [SEVERE ] removing player 2 token from slot 4
[2022-12-14 11:17:32] [SEVERE ] setting player 1 freeze to 0
[2022-12-14 11:17:32] [SEVERE ] removing player 1 token from slot 6
[2022-12-14 11:17:32] [SEVERE ] removing player 3 token from slot 2
[2022-12-14 11:17:32] [SEVERE ] player 0 placing token on slot 2
[2022-12-14 11:17:32] [SEVERE ] setting player 2 freeze to -101
[2022-12-14 11:17:32] [SEVERE ] setting player 1 freeze to -102
[2022-12-14 11:17:32] [SEVERE ] removing player 3 token from slot 8
[2022-12-14 11:17:32] [SEVERE ] setting player 0 freeze to 0
[2022-12-14 11:17:32] [SEVERE ] removing player 0 token from slot 7
[2022-12-14 11:17:32] [SEVERE ] player 2 placing token on slot 11
[2022-12-14 11:17:32] [SEVERE ] removing player 1 token from slot 11
[2022-12-14 11:17:33] [SEVERE ] player 3 placing token on slot 4
[2022-12-14 11:17:33] [SEVERE ] setting player 0 freeze to -102
[2022-12-14 11:17:33] [SEVERE ] removing player 2 token from slot 11
[2022-12-14 11:17:33] [SEVERE ] setting player 2 freeze to 0
[2022-12-14 11:17:33] [SEVERE ] player 1 placing token on slot 4
[2022-12-14 11:17:33] [SEVERE ] player 3 placing token on slot 8
[2022-12-14 11:17:33] [SEVERE ] player 0 placing token on slot 6
[2022-12-14 11:17:33] [SEVERE ] setting player 2 freeze to -103
[2022-12-14 11:17:33] [SEVERE ] player 1 placing token on slot 2
[2022-12-14 11:17:33] [SEVERE ] player 3 placing token on slot 2
[2022-12-14 11:17:33] [SEVERE ] setting player 0 freeze to 0
[2022-12-14 11:17:33] [SEVERE ] removing player 0 token from slot 6
[2022-12-14 11:17:33] [SEVERE ] removing player 2 token from slot 6
[2022-12-14 11:17:33] [SEVERE ] setting player 1 freeze to 0
[2022-12-14 11:17:33] [SEVERE ] removing player 1 token from slot 2
[2022-12-14 11:17:33] [SEVERE ] setting player 3 freeze to 0
[2022-12-14 11:17:33] [SEVERE ] removing player 3 token from slot 8
[2022-12-14 11:17:33] [SEVERE ] setting player 0 freeze to -101
[2022-12-14 11:17:33] [SEVERE ] player 2 placing token on slot 10
[2022-12-14 11:17:33] [SEVERE ] setting player 1 freeze to -103
[2022-12-14 11:17:33] [SEVERE ] setting player 3 freeze to -101
[2022-12-14 11:17:33] [SEVERE ] player 0 placing token on slot 6
[2022-12-14 11:17:33] [SEVERE ] player 2 placing token on slot 5
[2022-12-14 11:17:33] [SEVERE ] player 1 placing token on slot 1
[2022-12-14 11:17:33] [SEVERE ] player 3 placing token on slot 8
[2022-12-14 11:17:33] [SEVERE ] removing player 0 token from slot 2
[2022-12-14 11:17:33] [SEVERE ] setting player 0 freeze to 0
[2022-12-14 11:17:33] [SEVERE ] setting player 2 freeze to 0
[2022-12-14 11:17:33] [SEVERE ] removing player 2 token from slot 5
[2022-12-14 11:17:33] [SEVERE ] removing player 1 token from slot 4
[2022-12-14 11:17:33] [SEVERE ] removing player 3 token from slot 2
[2022-12-14 11:17:33] [SEVERE ] setting player 3 freeze to 0
[2022-12-14 11:17:33] [SEVERE ] player 0 placing token on slot 2
[2022-12-14 11:17:33] [SEVERE ] setting player 0 freeze to -102
[2022-12-14 11:17:33] [SEVERE ] setting player 2 freeze to -101
[2022-12-14 11:17:33] [SEVERE ] removing player 1 token from slot 5
[2022-12-14 11:17:33] [SEVERE ] setting player 3 freeze to -105
[2022-12-14 11:17:33] [SEVERE ] removing player 0 token from slot 2
[2022-12-14 11:17:33] [SEVERE ] player 2 placing token on slot 6
[2022-12-14 11:17:33] [SEVERE ] player 1 placing token on slot 7
[2022-12-14 11:17:33] [SEVERE ] player 3 placing token on slot 5
[2022-12-14 11:17:33] [SEVERE ] player 0 placing token on slot 10
[2022-12-14 11:17:33] [SEVERE ] removing player 2 token from slot 10
[2022-12-14 11:17:33] [SEVERE ] setting player 2 freeze to 0
[2022-12-14 11:17:33] [SEVERE ] player 1 placing token on slot 4
[2022-12-14 11:17:33] [SEVERE ] removing player 3 token from slot 8
[2022-12-14 11:17:33] [SEVERE ] setting player 3 freeze to 0
[2022-12-14 11:17:33] [SEVERE ] removing player 0 token from slot 10
[2022-12-14 11:17:33] [SEVERE ] setting player 0 freeze to 0
[2022-12-14 11:17:33] [SEVERE ] player 2 placing token on slot 1
[2022-12-14 11:17:33] [SEVERE ] setting player 2 freeze to -103
[2022-12-14 11:17:34] [SEVERE ] removing player 1 token from slot 4
[2022-12-14 11:17:34] [SEVERE ] setting player 1 freeze to 0
[2022-12-14 11:17:34] [SEVERE ] setting player 3 freeze to -101
[2022-12-14 11:17:34] [SEVERE ] setting player 0 freeze to -103
[2022-12-14 11:17:34] [SEVERE ] removing player 2 token from slot 7
[2022-12-14 11:17:34] [SEVERE ] player 1 placing token on slot 6
[2022-12-14 11:17:34] [SEVERE ] setting player 1 freeze to -102
[2022-12-14 11:17:34] [SEVERE ] player 3 placing token on slot 10
[2022-12-14 11:17:34] [SEVERE ] player 0 placing token on slot 1
[2022-12-14 11:17:34] [SEVERE ] player 2 placing token on slot 5
[2022-12-14 11:17:34] [SEVERE ] removing player 1 token from slot 6
[2022-12-14 11:17:34] [SEVERE ] removing player 3 token from slot 5
[2022-12-14 11:17:34] [SEVERE ] setting player 3 freeze to 0
[2022-12-14 11:17:34] [SEVERE ] removing player 0 token from slot 1
[2022-12-14 11:17:34] [SEVERE ] setting player 2 freeze to 0
[2022-12-14 11:17:34] [SEVERE ] removing player 2 token from slot 1
[2022-12-14 11:17:34] [SEVERE ] player 1 placing token on slot 6
[2022-12-14 11:17:34] [SEVERE ] setting player 3 freeze to -104
[2022-12-14 11:17:34] [SEVERE ] player 0 placing token on slot 7
[2022-12-14 11:17:34] [SEVERE ] setting player 2 freeze to -101
[2022-12-14 11:17:34] [SEVERE ] setting player 1 freeze to 0
[2022-12-14 11:17:34] [SEVERE ] removing player 1 token from slot 7
[2022-12-14 11:17:34] [SEVERE ] player 3 placing token on slot 11
[2022-12-14 11:17:34] [SEVERE ] removing player 0 token from slot 7
[2022-12-14 11:17:34] [SEVERE ] setting player 0 freeze to 0
[2022-12-14 11:17:34] [SEVERE ] player 2 placing token on slot 2
[2022-12-14 11:17:34] [SEVERE ] setting player 1 freeze to -102
[2022-12-14 11:17:34] [SEVERE ] removing player 3 token from slot 11
[2022-12-14 11:17:34] [SEVERE ] setting player 3 freeze to 0
[2022-12-14 11:17:34] [SEVERE ] setting player 0 freeze to -103
[2022-12-14 11:17:34] [SEVERE ] setting player 2 freeze to 0
[2022-12-14 11:17:34] [SEVERE ] removing player 2 token from slot 2
[2022-12-14 11:17:34] [SEVERE ] player 1 placing token on slot 5
[2022-12-14 11:17:34] [SEVERE ] setting player 3 freeze to -101
[2022-12-14 11:17:34] [SEVERE ] player 0 placing token on slot 1
[2022-12-14 11:17:34] [SEVERE ] setting player 2 freeze to -103
[2022-12-14 11:17:34] [SEVERE ] removing player 1 token from slot 6
[2022-12-14 11:17:34] [SEVERE ] setting player 1 freeze to 0
[2022-12-14 11:17:34] [SEVERE ] removing player 3 token from slot 4
[2022-12-14 11:17:34] [SEVERE ] setting player 0 freeze to 0
[2022-12-14 11:17:34] [SEVERE ] removing player 0 token from slot 8
[2022-12-14 11:17:34] [SEVERE ] player 1 placing token on slot 11
[2022-12-14 11:17:34] [SEVERE ] player 2 placing token on slot 2
[2022-12-14 11:17:34] [SEVERE ] setting player 1 freeze to -102
[2022-12-14 11:17:34] [SEVERE ] player 3 placing token on slot 4
[2022-12-14 11:17:34] [SEVERE ] setting player 0 freeze to -102
[2022-12-14 11:17:34] [SEVERE ] setting player 2 freeze to 0
[2022-12-14 11:17:34] [SEVERE ] removing player 2 token from slot 6
[2022-12-14 11:17:34] [SEVERE ] removing player 1 token from slot 5
[2022-12-14 11:17:34] [SEVERE ] player 3 placing token on slot 1
[2022-12-14 11:17:34] [SEVERE ] player 0 placing token on slot 7
[2022-12-14 11:17:35] [SEVERE ] setting player 2 freeze to -102
[2022-12-14 11:17:35] [SEVERE ] player 1 placing token on slot 4
[2022-12-14 11:17:35] [SEVERE ] setting player 3 freeze to 0
[2022-12-14 11:17:35] [SEVERE ] removing player 3 token from slot 10
[2022-12-14 11:17:35] [SEVERE ] setting player 0 freeze to 0
[2022-12-14 11:17:35] [SEVERE ] removing player 0 token from slot 7
[2022-12-14 11:17:35] [SEVERE ] player 2 placing token on slot 6
[2022-12-14 11:17:35] [SEVERE ] removing player 1 token from slot 4
[2022-12-14 11:17:35] [SEVERE ] setting player 3 freeze to -101
[2022-12-14 11:17:35] [SEVERE ] setting player 0 freeze to -102
[2022-12-14 11:17:35] [SEVERE ] setting player 2 freeze to 0
[2022-12-14 11:17:35] [SEVERE ] removing player 2 token from slot 5
[2022-12-14 11:17:35] [SEVERE ] player 1 placing token on slot 6
[2022-12-14 11:17:35] [SEVERE ] player 3 placing token on slot 11
[2022-12-14 11:17:35] [SEVERE ] removing player 0 token from slot 6
[2022-12-14 11:17:35] [SEVERE ] setting player 2 freeze to -101
[2022-12-14 11:17:35] [SEVERE ] removing player 1 token from slot 11
[2022-12-14 11:17:35] [SEVERE ] setting player 3 freeze to 0
[2022-12-14 11:17:35] [SEVERE ] removing player 3 token from slot 1
[2022-12-14 11:17:35] [SEVERE ] player 0 placing token on slot 8
[2022-12-14 11:17:35] [SEVERE ] removing player 2 token from slot 2
[2022-12-14 11:17:35] [SEVERE ] removing player 1 token from slot 1
[2022-12-14 11:17:35] [SEVERE ] setting player 3 freeze to -102
[2022-12-14 11:17:35] [SEVERE ] removing player 0 token from slot 1
[2022-12-14 11:17:35] [SEVERE ] player 2 placing token on slot 11
[2022-12-14 11:17:35] [SEVERE ] player 1 placing token on slot 7
[2022-12-14 11:17:35] [SEVERE ] player 3 placing token on slot 10
[2022-12-14 11:17:35] [SEVERE ] removing player 0 token from slot 8
[2022-12-14 11:17:35] [SEVERE ] player 2 placing token on slot 2
[2022-12-14 11:17:35] [SEVERE ] removing player 1 token from slot 7
[2022-12-14 11:17:35] [SEVERE ] setting player 3 freeze to 0
[2022-12-14 11:17:35] [SEVERE ] removing player 3 token from slot 4
[2022-12-14 11:17:35] [SEVERE ] player 0 placing token on slot 8
[2022-12-14 11:17:35] [SEVERE ] setting player 2 freeze to 0
[2022-12-14 11:17:35] [SEVERE ] removing player 2 token from slot 6
[2022-12-14 11:17:35] [SEVERE ] removing player 1 token from slot 6
[2022-12-14 11:17:35] [SEVERE ] setting player 3 freeze to -103
[2022-12-14 11:17:35] [SEVERE ] player 0 placing token on slot 4
[2022-12-14 11:17:35] [SEVERE ] setting player 2 freeze to -102
[2022-12-14 11:17:35] [SEVERE ] player 1 placing token on slot 4
[2022-12-14 11:17:35] [SEVERE ] player 3 placing token on slot 1
[2022-12-14 11:17:35] [SEVERE ] removing player 0 token from slot 4
[2022-12-14 11:17:35] [SEVERE ] removing player 2 token from slot 11
[2022-12-14 11:17:35] [SEVERE ] player 1 placing token on slot 2
[2022-12-14 11:17:35] [SEVERE ] removing player 3 token from slot 10
[2022-12-14 11:17:35] [SEVERE ] player 0 placing token on slot 1
[2022-12-14 11:17:36] [SEVERE ] player 2 placing token on slot 8
[2022-12-14 11:17:36] [SEVERE ] player 1 placing token on slot 8
[2022-12-14 11:17:36] [SEVERE ] player 3 placing token on slot 4
[2022-12-14 11:17:36] [SEVERE ] player 0 placing token on slot 11
[2022-12-14 11:17:36] [SEVERE ] player 2 placing token on slot 5
[2022-12-14 11:17:36] [SEVERE ] setting player 1 freeze to 0
[2022-12-14 11:17:36] [SEVERE ] removing player 1 token from slot 8
[2022-12-14 11:17:36] [SEVERE ] removing player 3 token from slot 11
[2022-12-14 11:17:36] [SEVERE ] setting player 3 freeze to 0
[2022-12-14 11:17:36] [SEVERE ] setting player 0 freeze to 0
[2022-12-14 11:17:36] [SEVERE ] removing player 0 token from slot 1
[2022-12-14 11:17:36] [SEVERE ] setting player 2 freeze to 0
[2022-12-14 11:17:36] [SEVERE ] removing player 2 token from slot 8
[2022-12-14 11:17:36] [SEVERE ] Exit button pressed
[2022-12-14 11:17:36] [SEVERE ] setting player 1 freeze to -105
[2022-12-14 11:17:36] [SEVERE ] setting player 3 freeze to -102
[2022-12-14 11:17:36] [SEVERE ] setting player 0 freeze to -103
[2022-12-14 11:17:36] [SEVERE ] setting player 2 freeze to -102
