[2022-12-11 17:09:11] [INFO   ] cannot read configuration file config.properties trying from resources.
[2022-12-11 17:09:11] [INFO   ] configuration file was loaded from resources directory.
[2022-12-11 17:09:12] [SEVERE ] placing card 40 in slot 8
[2022-12-11 17:09:12] [SEVERE ] placing card 29 in slot 7
[2022-12-11 17:09:12] [SEVERE ] placing card 59 in slot 2
[2022-12-11 17:09:12] [SEVERE ] placing card 28 in slot 6
[2022-12-11 17:09:12] [SEVERE ] placing card 75 in slot 3
[2022-12-11 17:09:12] [SEVERE ] placing card 36 in slot 10
[2022-12-11 17:09:12] [SEVERE ] placing card 48 in slot 4
[2022-12-11 17:09:13] [SEVERE ] placing card 72 in slot 5
[2022-12-11 17:09:13] [SEVERE ] placing card 47 in slot 0
[2022-12-11 17:09:13] [SEVERE ] placing card 27 in slot 1
[2022-12-11 17:09:13] [SEVERE ] placing card 73 in slot 9
[2022-12-11 17:09:13] [SEVERE ] placing card 35 in slot 11
[2022-12-11 17:09:13] [SEVERE ] player 2 placing token on slot 1
[2022-12-11 17:09:13] [SEVERE ] player 3 placing token on slot 5
[2022-12-11 17:09:13] [SEVERE ] player 3 placing token on slot 9
[2022-12-11 17:09:13] [SEVERE ] player 2 placing token on slot 9
[2022-12-11 17:09:13] [SEVERE ] setting player 2 freeze to 0
[2022-12-11 17:09:13] [SEVERE ] setting player 3 freeze to 0
[2022-12-11 17:09:13] [SEVERE ] player 2 placing token on slot 0
[2022-12-11 17:09:13] [SEVERE ] player 3 placing token on slot 1
[2022-12-11 17:09:13] [SEVERE ] setting player 2 freeze to -102
[2022-12-11 17:09:13] [SEVERE ] setting player 3 freeze to -109
[2022-12-11 17:09:14] [SEVERE ] removing player 2 token from slot 9
[2022-12-11 17:09:14] [SEVERE ] removing player 3 token from slot 9
[2022-12-11 17:09:14] [SEVERE ] removing player 2 token from slot 0
[2022-12-11 17:09:14] [SEVERE ] player 3 placing token on slot 11
[2022-12-11 17:09:14] [SEVERE ] removing player 2 token from slot 1
[2022-12-11 17:09:14] [SEVERE ] removing player 3 token from slot 5
[2022-12-11 17:09:14] [SEVERE ] setting player 3 freeze to 0
[2022-12-11 17:09:14] [SEVERE ] player 2 placing token on slot 2
[2022-12-11 17:09:14] [SEVERE ] setting player 3 freeze to -110
[2022-12-11 17:09:14] [SEVERE ] player 3 placing token on slot 6
[2022-12-11 17:09:14] [SEVERE ] removing player 2 token from slot 2
[2022-12-11 17:09:14] [SEVERE ] setting player 3 freeze to 0
[2022-12-11 17:09:14] [SEVERE ] removing player 3 token from slot 1
[2022-12-11 17:09:14] [SEVERE ] player 2 placing token on slot 3
[2022-12-11 17:09:14] [SEVERE ] setting player 3 freeze to -109
[2022-12-11 17:09:14] [SEVERE ] player 2 placing token on slot 2
[2022-12-11 17:09:14] [SEVERE ] removing player 3 token from slot 11
[2022-12-11 17:09:14] [SEVERE ] player 2 placing token on slot 4
[2022-12-11 17:09:14] [SEVERE ] setting player 2 freeze to 0
[2022-12-11 17:09:14] [SEVERE ] player 3 placing token on slot 4
[2022-12-11 17:09:14] [SEVERE ] setting player 2 freeze to -109
[2022-12-11 17:09:14] [SEVERE ] removing player 3 token from slot 6
[2022-12-11 17:09:14] [SEVERE ] removing player 2 token from slot 3
[2022-12-11 17:09:15] [SEVERE ] player 3 placing token on slot 10
[2022-12-11 17:09:15] [SEVERE ] player 2 placing token on slot 7
[2022-12-11 17:09:15] [SEVERE ] setting player 2 freeze to 0
[2022-12-11 17:09:15] [SEVERE ] player 3 placing token on slot 3
[2022-12-11 17:09:15] [SEVERE ] setting player 3 freeze to 0
[2022-12-11 17:09:15] [SEVERE ] removing player 2 token from slot 7
[2022-12-11 17:09:15] [SEVERE ] setting player 2 freeze to -108
[2022-12-11 17:09:15] [SEVERE ] removing player 3 token from slot 4
[2022-12-11 17:09:15] [SEVERE ] setting player 3 freeze to -106
[2022-12-11 17:09:15] [SEVERE ] player 2 placing token on slot 7
[2022-12-11 17:09:15] [SEVERE ] removing player 3 token from slot 3
[2022-12-11 17:09:15] [SEVERE ] removing player 2 token from slot 4
[2022-12-11 17:09:15] [SEVERE ] setting player 2 freeze to 0
[2022-12-11 17:09:15] [SEVERE ] player 3 placing token on slot 0
[2022-12-11 17:09:15] [SEVERE ] player 2 placing token on slot 4
[2022-12-11 17:09:15] [SEVERE ] setting player 2 freeze to -106
[2022-12-11 17:09:15] [SEVERE ] player 3 placing token on slot 4
[2022-12-11 17:09:15] [SEVERE ] setting player 3 freeze to 0
[2022-12-11 17:09:15] [SEVERE ] removing player 2 token from slot 4
[2022-12-11 17:09:15] [SEVERE ] setting player 3 freeze to -107
[2022-12-11 17:09:15] [SEVERE ] removing player 3 token from slot 4
[2022-12-11 17:09:15] [SEVERE ] player 2 placing token on slot 10
[2022-12-11 17:09:15] [SEVERE ] removing player 3 token from slot 10
[2022-12-11 17:09:15] [SEVERE ] removing player 2 token from slot 2
[2022-12-11 17:09:15] [SEVERE ] setting player 2 freeze to 0
[2022-12-11 17:09:15] [SEVERE ] player 3 placing token on slot 3
[2022-12-11 17:09:15] [SEVERE ] player 2 placing token on slot 8
[2022-12-11 17:09:15] [SEVERE ] setting player 2 freeze to -106
[2022-12-11 17:09:15] [SEVERE ] setting player 3 freeze to 0
[2022-12-11 17:09:16] [SEVERE ] player 3 placing token on slot 8
[2022-12-11 17:09:16] [SEVERE ] removing player 2 token from slot 10
[2022-12-11 17:09:16] [SEVERE ] setting player 3 freeze to -110
[2022-12-11 17:09:16] [SEVERE ] player 2 placing token on slot 1
[2022-12-11 17:09:16] [SEVERE ] removing player 3 token from slot 0
[2022-12-11 17:09:16] [SEVERE ] removing player 2 token from slot 7
[2022-12-11 17:09:16] [SEVERE ] setting player 2 freeze to 0
[2022-12-11 17:09:16] [SEVERE ] player 3 placing token on slot 6
[2022-12-11 17:09:16] [SEVERE ] setting player 2 freeze to -106
[2022-12-11 17:09:16] [SEVERE ] player 2 placing token on slot 5
[2022-12-11 17:09:16] [SEVERE ] removing player 3 token from slot 3
[2022-12-11 17:09:16] [SEVERE ] setting player 3 freeze to 0
[2022-12-11 17:09:16] [SEVERE ] removing player 2 token from slot 8
[2022-12-11 17:09:16] [SEVERE ] setting player 2 freeze to 0
[2022-12-11 17:09:16] [SEVERE ] setting player 3 freeze to -108
[2022-12-11 17:09:16] [SEVERE ] player 3 placing token on slot 1
[2022-12-11 17:09:16] [SEVERE ] setting player 2 freeze to -109
[2022-12-11 17:09:16] [SEVERE ] setting player 3 freeze to 0
[2022-12-11 17:09:16] [SEVERE ] player 2 placing token on slot 7
[2022-12-11 17:09:16] [SEVERE ] removing player 3 token from slot 1
[2022-12-11 17:09:16] [SEVERE ] setting player 2 freeze to 0
[2022-12-11 17:09:16] [SEVERE ] setting player 3 freeze to -112
[2022-12-11 17:09:16] [SEVERE ] removing player 2 token from slot 7
[2022-12-11 17:09:16] [SEVERE ] setting player 2 freeze to -111
[2022-12-11 17:09:16] [SEVERE ] player 3 placing token on slot 3
[2022-12-11 17:09:16] [SEVERE ] removing player 2 token from slot 5
[2022-12-11 17:09:16] [SEVERE ] removing player 3 token from slot 8
[2022-12-11 17:09:16] [SEVERE ] setting player 3 freeze to 0
[2022-12-11 17:09:17] [SEVERE ] player 2 placing token on slot 3
[2022-12-11 17:09:17] [SEVERE ] setting player 3 freeze to -109
[2022-12-11 17:09:17] [SEVERE ] removing player 2 token from slot 1
[2022-12-11 17:09:17] [SEVERE ] player 3 placing token on slot 4
[2022-12-11 17:09:17] [SEVERE ] removing player 2 token from slot 3
[2022-12-11 17:09:17] [SEVERE ] removing player 3 token from slot 4
[2022-12-11 17:09:17] [SEVERE ] setting player 3 freeze to 0
[2022-12-11 17:09:17] [SEVERE ] player 2 placing token on slot 4
[2022-12-11 17:09:17] [SEVERE ] setting player 3 freeze to -109
[2022-12-11 17:09:17] [SEVERE ] player 3 placing token on slot 10
[2022-12-11 17:09:17] [SEVERE ] player 2 placing token on slot 10
[2022-12-11 17:09:17] [SEVERE ] setting player 3 freeze to 0
[2022-12-11 17:09:17] [SEVERE ] removing player 3 token from slot 3
[2022-12-11 17:09:17] [SEVERE ] player 2 placing token on slot 1
[2022-12-11 17:09:17] [SEVERE ] setting player 2 freeze to 0
[2022-12-11 17:09:17] [SEVERE ] setting player 3 freeze to -115
[2022-12-11 17:09:17] [SEVERE ] removing player 2 token from slot 1
[2022-12-11 17:09:17] [SEVERE ] setting player 2 freeze to -108
[2022-12-11 17:09:17] [SEVERE ] player 3 placing token on slot 1
[2022-12-11 17:09:17] [SEVERE ] player 2 placing token on slot 8
[2022-12-11 17:09:17] [SEVERE ] removing player 3 token from slot 10
[2022-12-11 17:09:17] [SEVERE ] setting player 3 freeze to 0
[2022-12-11 17:09:17] [SEVERE ] removing player 2 token from slot 4
[2022-12-11 17:09:17] [SEVERE ] setting player 2 freeze to 0
[2022-12-11 17:09:17] [SEVERE ] setting player 3 freeze to -109
[2022-12-11 17:09:17] [SEVERE ] player 3 placing token on slot 4
[2022-12-11 17:09:18] [SEVERE ] setting player 2 freeze to -107
[2022-12-11 17:09:18] [SEVERE ] player 2 placing token on slot 1
[2022-12-11 17:09:18] [SEVERE ] removing player 3 token from slot 1
[2022-12-11 17:09:18] [SEVERE ] setting player 3 freeze to 0
[2022-12-11 17:09:18] [SEVERE ] removing player 2 token from slot 8
[2022-12-11 17:09:18] [SEVERE ] setting player 2 freeze to 0
[2022-12-11 17:09:18] [SEVERE ] setting player 3 freeze to -110
[2022-12-11 17:09:18] [SEVERE ] setting player 2 freeze to -108
[2022-12-11 17:09:18] [SEVERE ] player 3 placing token on slot 3
[2022-12-11 17:09:18] [SEVERE ] player 2 placing token on slot 3
[2022-12-11 17:09:18] [SEVERE ] setting player 3 freeze to 0
[2022-12-11 17:09:18] [SEVERE ] setting player 2 freeze to 0
[2022-12-11 17:09:18] [SEVERE ] removing player 3 token from slot 4
[2022-12-11 17:09:18] [SEVERE ] removing player 2 token from slot 3
[2022-12-11 17:09:18] [SEVERE ] setting player 3 freeze to -110
[2022-12-11 17:09:18] [SEVERE ] setting player 2 freeze to -104
[2022-12-11 17:09:18] [SEVERE ] player 3 placing token on slot 2
[2022-12-11 17:09:18] [SEVERE ] removing player 2 token from slot 10
[2022-12-11 17:09:18] [SEVERE ] removing player 3 token from slot 3
[2022-12-11 17:09:18] [SEVERE ] setting player 3 freeze to 0
[2022-12-11 17:09:18] [SEVERE ] player 2 placing token on slot 5
[2022-12-11 17:09:18] [SEVERE ] setting player 3 freeze to -107
[2022-12-11 17:09:18] [SEVERE ] player 2 placing token on slot 3
[2022-12-11 17:09:18] [SEVERE ] removing player 3 token from slot 2
[2022-12-11 17:09:18] [SEVERE ] setting player 2 freeze to 0
[2022-12-11 17:09:18] [SEVERE ] removing player 2 token from slot 5
[2022-12-11 17:09:18] [SEVERE ] player 3 placing token on slot 10
[2022-12-11 17:09:18] [SEVERE ] setting player 2 freeze to -107
[2022-12-11 17:09:19] [SEVERE ] player 2 placing token on slot 9
[2022-12-11 17:09:19] [SEVERE ] removing player 3 token from slot 10
[2022-12-11 17:09:19] [SEVERE ] removing player 2 token from slot 9
[2022-12-11 17:09:19] [SEVERE ] player 3 placing token on slot 2
[2022-12-11 17:09:19] [SEVERE ] setting player 2 freeze to 0
[2022-12-11 17:09:19] [SEVERE ] setting player 3 freeze to 0
[2022-12-11 17:09:19] [SEVERE ] player 3 placing token on slot 0
[2022-12-11 17:09:19] [SEVERE ] setting player 2 freeze to -106
[2022-12-11 17:09:19] [SEVERE ] player 2 placing token on slot 11
[2022-12-11 17:09:19] [SEVERE ] setting player 3 freeze to -109
[2022-12-11 17:09:19] [SEVERE ] removing player 2 token from slot 1
[2022-12-11 17:09:19] [SEVERE ] setting player 2 freeze to 0
[2022-12-11 17:09:19] [SEVERE ] removing player 3 token from slot 6
[2022-12-11 17:09:19] [SEVERE ] setting player 2 freeze to -123
[2022-12-11 17:09:19] [SEVERE ] player 3 placing token on slot 1
[2022-12-11 17:09:19] [SEVERE ] player 2 placing token on slot 5
[2022-12-11 17:09:19] [SEVERE ] setting player 2 freeze to 0
[2022-12-11 17:09:19] [SEVERE ] removing player 3 token from slot 0
[2022-12-11 17:09:19] [SEVERE ] setting player 3 freeze to 0
[2022-12-11 17:09:19] [SEVERE ] removing player 2 token from slot 5
[2022-12-11 17:09:19] [SEVERE ] setting player 2 freeze to -107
[2022-12-11 17:09:19] [SEVERE ] setting player 3 freeze to -107
[2022-12-11 17:09:19] [SEVERE ] player 3 placing token on slot 5
[2022-12-11 17:09:19] [SEVERE ] player 2 placing token on slot 0
[2022-12-11 17:09:19] [SEVERE ] setting player 3 freeze to 0
[2022-12-11 17:09:19] [SEVERE ] removing player 3 token from slot 2
[2022-12-11 17:09:19] [SEVERE ] removing player 2 token from slot 3
[2022-12-11 17:09:19] [SEVERE ] setting player 2 freeze to 0
[2022-12-11 17:09:19] [SEVERE ] setting player 3 freeze to -114
[2022-12-11 17:09:19] [SEVERE ] player 3 placing token on slot 10
[2022-12-11 17:09:20] [SEVERE ] setting player 2 freeze to -109
[2022-12-11 17:09:20] [SEVERE ] setting player 3 freeze to 0
[2022-12-11 17:09:20] [SEVERE ] player 2 placing token on slot 10
[2022-12-11 17:09:20] [SEVERE ] removing player 3 token from slot 10
[2022-12-11 17:09:20] [SEVERE ] setting player 2 freeze to 0
[2022-12-11 17:09:20] [SEVERE ] setting player 3 freeze to -107
[2022-12-11 17:09:20] [SEVERE ] removing player 2 token from slot 10
[2022-12-11 17:09:20] [SEVERE ] setting player 2 freeze to -107
[2022-12-11 17:09:20] [SEVERE ] player 3 placing token on slot 3
[2022-12-11 17:09:20] [SEVERE ] player 2 placing token on slot 4
[2022-12-11 17:09:20] [SEVERE ] removing player 3 token from slot 3
[2022-12-11 17:09:20] [SEVERE ] setting player 3 freeze to 0
[2022-12-11 17:09:20] [SEVERE ] removing player 2 token from slot 11
[2022-12-11 17:09:20] [SEVERE ] setting player 2 freeze to 0
[2022-12-11 17:09:20] [SEVERE ] setting player 3 freeze to -108
[2022-12-11 17:09:20] [SEVERE ] player 3 placing token on slot 7
[2022-12-11 17:09:20] [SEVERE ] player 2 placing token on slot 8
[2022-12-11 17:09:20] [SEVERE ] setting player 2 freeze to -109
[2022-12-11 17:09:20] [SEVERE ] setting player 3 freeze to 0
[2022-12-11 17:09:20] [SEVERE ] removing player 3 token from slot 5
[2022-12-11 17:09:20] [SEVERE ] removing player 2 token from slot 4
[2022-12-11 17:09:20] [SEVERE ] setting player 3 freeze to -110
[2022-12-11 17:09:20] [SEVERE ] player 2 placing token on slot 11
[2022-12-11 17:09:20] [SEVERE ] player 3 placing token on slot 6
[2022-12-11 17:09:20] [SEVERE ] removing player 2 token from slot 0
[2022-12-11 17:09:20] [SEVERE ] setting player 2 freeze to 0
[2022-12-11 17:09:20] [SEVERE ] removing player 3 token from slot 7
[2022-12-11 17:09:20] [SEVERE ] setting player 3 freeze to 0
[2022-12-11 17:09:20] [SEVERE ] setting player 2 freeze to -106
[2022-12-11 17:09:20] [SEVERE ] removing player 2 token from slot 8
[2022-12-11 17:09:20] [SEVERE ] player 3 placing token on slot 4
[2022-12-11 17:09:20] [SEVERE ] setting player 3 freeze to -107
[2022-12-11 17:09:21] [SEVERE ] player 2 placing token on slot 6
[2022-12-11 17:09:21] [SEVERE ] removing player 3 token from slot 1
[2022-12-11 17:09:21] [SEVERE ] player 2 placing token on slot 4
[2022-12-11 17:09:21] [SEVERE ] setting player 2 freeze to 0
[2022-12-11 17:09:21] [SEVERE ] player 3 placing token on slot 10
[2022-12-11 17:09:21] [SEVERE ] setting player 2 freeze to -108
[2022-12-11 17:09:21] [SEVERE ] removing player 2 token from slot 6
[2022-12-11 17:09:21] [SEVERE ] removing player 3 token from slot 10
[2022-12-11 17:09:21] [SEVERE ] setting player 3 freeze to 0
[2022-12-11 17:09:21] [SEVERE ] player 2 placing token on slot 0
[2022-12-11 17:09:21] [SEVERE ] setting player 3 freeze to -108
[2022-12-11 17:09:21] [SEVERE ] player 3 placing token on slot 2
[2022-12-11 17:09:21] [SEVERE ] setting player 2 freeze to 0
[2022-12-11 17:09:21] [SEVERE ] removing player 2 token from slot 4
[2022-12-11 17:09:21] [SEVERE ] removing player 3 token from slot 2
[2022-12-11 17:09:21] [SEVERE ] setting player 3 freeze to 0
[2022-12-11 17:09:21] [SEVERE ] setting player 2 freeze to -110
[2022-12-11 17:09:21] [SEVERE ] player 3 placing token on slot 7
[2022-12-11 17:09:21] [SEVERE ] setting player 3 freeze to -109
[2022-12-11 17:09:21] [SEVERE ] player 2 placing token on slot 3
[2022-12-11 17:09:21] [SEVERE ] setting player 2 freeze to 0
[2022-12-11 17:09:21] [SEVERE ] removing player 3 token from slot 4
[2022-12-11 17:09:21] [SEVERE ] removing player 2 token from slot 3
[2022-12-11 17:09:21] [SEVERE ] setting player 2 freeze to -107
[2022-12-11 17:09:21] [SEVERE ] player 3 placing token on slot 3
[2022-12-11 17:09:21] [SEVERE ] player 2 placing token on slot 3
[2022-12-11 17:09:21] [SEVERE ] removing player 3 token from slot 3
[2022-12-11 17:09:21] [SEVERE ] setting player 3 freeze to 0
[2022-12-11 17:09:22] [SEVERE ] removing player 2 token from slot 11
[2022-12-11 17:09:22] [SEVERE ] setting player 2 freeze to 0
[2022-12-11 17:09:22] [SEVERE ] setting player 3 freeze to -108
[2022-12-11 17:09:22] [SEVERE ] player 3 placing token on slot 0
[2022-12-11 17:09:22] [SEVERE ] setting player 2 freeze to -109
[2022-12-11 17:09:22] [SEVERE ] removing player 3 token from slot 0
[2022-12-11 17:09:22] [SEVERE ] setting player 3 freeze to 0
[2022-12-11 17:09:22] [SEVERE ] player 2 placing token on slot 5
[2022-12-11 17:09:22] [SEVERE ] setting player 2 freeze to 0
[2022-12-11 17:09:22] [SEVERE ] player 3 placing token on slot 9
[2022-12-11 17:09:22] [SEVERE ] setting player 3 freeze to -108
[2022-12-11 17:09:22] [SEVERE ] removing player 2 token from slot 5
[2022-12-11 17:09:22] [SEVERE ] setting player 2 freeze to -110
[2022-12-11 17:09:22] [SEVERE ] removing player 3 token from slot 6
[2022-12-11 17:09:22] [SEVERE ] player 2 placing token on slot 5
[2022-12-11 17:09:22] [SEVERE ] player 3 placing token on slot 0
[2022-12-11 17:09:22] [SEVERE ] removing player 2 token from slot 5
[2022-12-11 17:09:22] [SEVERE ] setting player 2 freeze to 0
[2022-12-11 17:09:22] [SEVERE ] removing player 3 token from slot 0
[2022-12-11 17:09:22] [SEVERE ] setting player 3 freeze to 0
[2022-12-11 17:09:22] [SEVERE ] setting player 2 freeze to -109
[2022-12-11 17:09:22] [SEVERE ] setting player 3 freeze to -109
[2022-12-11 17:09:22] [SEVERE ] player 2 placing token on slot 11
[2022-12-11 17:09:22] [SEVERE ] removing player 3 token from slot 7
[2022-12-11 17:09:22] [SEVERE ] setting player 2 freeze to 0
[2022-12-11 17:09:22] [SEVERE ] removing player 2 token from slot 11
[2022-12-11 17:09:22] [SEVERE ] removing player 3 token from slot 9
[2022-12-11 17:09:22] [SEVERE ] setting player 2 freeze to -110
[2022-12-11 17:09:23] [SEVERE ] player 3 placing token on slot 0
[2022-12-11 17:09:23] [SEVERE ] player 2 placing token on slot 11
[2022-12-11 17:09:23] [SEVERE ] player 3 placing token on slot 4
[2022-12-11 17:09:23] [SEVERE ] removing player 2 token from slot 11
[2022-12-11 17:09:23] [SEVERE ] setting player 2 freeze to 0
[2022-12-11 17:09:23] [SEVERE ] removing player 3 token from slot 4
[2022-12-11 17:09:23] [SEVERE ] player 2 placing token on slot 8
[2022-12-11 17:09:23] [SEVERE ] setting player 2 freeze to -109
[2022-12-11 17:09:23] [SEVERE ] player 3 placing token on slot 7
[2022-12-11 17:09:23] [SEVERE ] removing player 2 token from slot 3
[2022-12-11 17:09:23] [SEVERE ] setting player 3 freeze to 0
[2022-12-11 17:09:23] [SEVERE ] player 3 placing token on slot 3
[2022-12-11 17:09:23] [SEVERE ] player 2 placing token on slot 1
[2022-12-11 17:09:23] [SEVERE ] setting player 3 freeze to -109
[2022-12-11 17:09:23] [SEVERE ] removing player 2 token from slot 1
[2022-12-11 17:09:23] [SEVERE ] setting player 2 freeze to 0
[2022-12-11 17:09:23] [SEVERE ] removing player 3 token from slot 0
[2022-12-11 17:09:23] [SEVERE ] setting player 2 freeze to -109
[2022-12-11 17:09:23] [SEVERE ] player 3 placing token on slot 5
[2022-12-11 17:09:23] [SEVERE ] removing player 2 token from slot 8
[2022-12-11 17:09:23] [SEVERE ] removing player 3 token from slot 5
[2022-12-11 17:09:23] [SEVERE ] setting player 3 freeze to 0
[2022-12-11 17:09:23] [SEVERE ] player 2 placing token on slot 1
[2022-12-11 17:09:23] [SEVERE ] setting player 2 freeze to 0
[2022-12-11 17:09:23] [SEVERE ] removing player 3 token from slot 7
[2022-12-11 17:09:23] [SEVERE ] setting player 3 freeze to -106
[2022-12-11 17:09:23] [SEVERE ] player 2 placing token on slot 10
[2022-12-11 17:09:24] [SEVERE ] setting player 2 freeze to -109
[2022-12-11 17:09:24] [SEVERE ] player 3 placing token on slot 8
[2022-12-11 17:09:24] [SEVERE ] removing player 2 token from slot 1
[2022-12-11 17:09:24] [SEVERE ] player 3 placing token on slot 4
[2022-12-11 17:09:24] [SEVERE ] setting player 3 freeze to 0
[2022-12-11 17:09:24] [SEVERE ] player 2 placing token on slot 4
[2022-12-11 17:09:24] [SEVERE ] removing player 3 token from slot 3
[2022-12-11 17:09:24] [SEVERE ] setting player 3 freeze to -105
[2022-12-11 17:09:24] [SEVERE ] removing player 2 token from slot 0
[2022-12-11 17:09:24] [SEVERE ] setting player 2 freeze to 0
[2022-12-11 17:09:24] [SEVERE ] player 3 placing token on slot 10
[2022-12-11 17:09:24] [SEVERE ] setting player 2 freeze to -108
[2022-12-11 17:09:24] [SEVERE ] removing player 3 token from slot 10
[2022-12-11 17:09:24] [SEVERE ] setting player 3 freeze to 0
[2022-12-11 17:09:24] [SEVERE ] player 2 placing token on slot 5
[2022-12-11 17:09:24] [SEVERE ] setting player 2 freeze to 0
[2022-12-11 17:09:24] [SEVERE ] setting player 3 freeze to -108
[2022-12-11 17:09:24] [SEVERE ] player 3 placing token on slot 5
[2022-12-11 17:09:24] [SEVERE ] removing player 2 token from slot 5
[2022-12-11 17:09:24] [SEVERE ] setting player 2 freeze to -108
[2022-12-11 17:09:24] [SEVERE ] setting player 3 freeze to 0
[2022-12-11 17:09:24] [SEVERE ] removing player 3 token from slot 4
[2022-12-11 17:09:24] [SEVERE ] removing player 2 token from slot 4
[2022-12-11 17:09:24] [SEVERE ] setting player 3 freeze to -107
[2022-12-11 17:09:24] [SEVERE ] removing player 2 token from slot 10
[2022-12-11 17:09:24] [SEVERE ] player 3 placing token on slot 3
[2022-12-11 17:09:24] [SEVERE ] player 2 placing token on slot 6
[2022-12-11 17:09:25] [SEVERE ] removing player 3 token from slot 3
[2022-12-11 17:09:25] [SEVERE ] setting player 3 freeze to 0
[2022-12-11 17:09:25] [SEVERE ] player 2 placing token on slot 0
[2022-12-11 17:09:25] [SEVERE ] removing player 3 token from slot 5
[2022-12-11 17:09:25] [SEVERE ] setting player 3 freeze to -106
[2022-12-11 17:09:25] [SEVERE ] player 2 placing token on slot 11
[2022-12-11 17:09:25] [SEVERE ] setting player 2 freeze to 0
[2022-12-11 17:09:25] [SEVERE ] player 3 placing token on slot 10
[2022-12-11 17:09:25] [SEVERE ] setting player 2 freeze to -108
[2022-12-11 17:09:25] [SEVERE ] removing player 2 token from slot 0
[2022-12-11 17:09:25] [SEVERE ] player 3 placing token on slot 6
[2022-12-11 17:09:25] [SEVERE ] setting player 3 freeze to 0
[2022-12-11 17:09:25] [SEVERE ] player 2 placing token on slot 0
[2022-12-11 17:09:25] [SEVERE ] removing player 3 token from slot 10
[2022-12-11 17:09:25] [SEVERE ] setting player 3 freeze to -106
[2022-12-11 17:09:25] [SEVERE ] removing player 2 token from slot 0
[2022-12-11 17:09:25] [SEVERE ] setting player 2 freeze to 0
[2022-12-11 17:09:25] [SEVERE ] removing player 3 token from slot 6
[2022-12-11 17:09:25] [SEVERE ] setting player 2 freeze to -106
[2022-12-11 17:09:25] [SEVERE ] player 3 placing token on slot 5
[2022-12-11 17:09:25] [SEVERE ] player 2 placing token on slot 9
[2022-12-11 17:09:25] [SEVERE ] setting player 2 freeze to 0
[2022-12-11 17:09:25] [SEVERE ] player 3 placing token on slot 2
[2022-12-11 17:09:25] [SEVERE ] setting player 3 freeze to 0
[2022-12-11 17:09:25] [SEVERE ] removing player 2 token from slot 9
[2022-12-11 17:09:25] [SEVERE ] setting player 2 freeze to -108
[2022-12-11 17:09:25] [SEVERE ] setting player 3 freeze to -109
[2022-12-11 17:09:25] [SEVERE ] removing player 3 token from slot 8
[2022-12-11 17:09:25] [SEVERE ] player 2 placing token on slot 9
[2022-12-11 17:09:25] [SEVERE ] player 3 placing token on slot 11
[2022-12-11 17:09:26] [SEVERE ] removing player 2 token from slot 11
[2022-12-11 17:09:26] [SEVERE ] setting player 2 freeze to 0
[2022-12-11 17:09:26] [SEVERE ] setting player 3 freeze to 0
[2022-12-11 17:09:26] [SEVERE ] removing player 3 token from slot 2
[2022-12-11 17:09:26] [SEVERE ] setting player 2 freeze to -110
[2022-12-11 17:09:26] [SEVERE ] player 2 placing token on slot 7
[2022-12-11 17:09:26] [SEVERE ] setting player 3 freeze to -111
[2022-12-11 17:09:26] [SEVERE ] player 3 placing token on slot 2
[2022-12-11 17:09:26] [SEVERE ] setting player 2 freeze to 0
[2022-12-11 17:09:26] [SEVERE ] removing player 2 token from slot 9
[2022-12-11 17:09:26] [SEVERE ] setting player 3 freeze to 0
[2022-12-11 17:09:26] [SEVERE ] removing player 3 token from slot 2
[2022-12-11 17:09:26] [SEVERE ] setting player 2 freeze to -101
[2022-12-11 17:09:26] [SEVERE ] setting player 3 freeze to -109
[2022-12-11 17:09:26] [SEVERE ] player 2 placing token on slot 5
[2022-12-11 17:09:26] [SEVERE ] setting player 2 freeze to 0
[2022-12-11 17:09:26] [SEVERE ] removing player 3 token from slot 5
[2022-12-11 17:09:26] [SEVERE ] removing player 2 token from slot 7
[2022-12-11 17:09:26] [SEVERE ] setting player 2 freeze to -110
[2022-12-11 17:09:26] [SEVERE ] player 3 placing token on slot 4
[2022-12-11 17:09:26] [SEVERE ] player 2 placing token on slot 0
[2022-12-11 17:09:26] [SEVERE ] player 3 placing token on slot 10
[2022-12-11 17:09:26] [SEVERE ] setting player 3 freeze to 0
[2022-12-11 17:09:26] [SEVERE ] removing player 2 token from slot 6
[2022-12-11 17:09:26] [SEVERE ] setting player 2 freeze to 0
[2022-12-11 17:09:26] [SEVERE ] setting player 3 freeze to -108
[2022-12-11 17:09:26] [SEVERE ] removing player 3 token from slot 11
[2022-12-11 17:09:26] [SEVERE ] setting player 2 freeze to -109
[2022-12-11 17:09:26] [SEVERE ] player 3 placing token on slot 3
[2022-12-11 17:09:26] [SEVERE ] player 2 placing token on slot 1
[2022-12-11 17:09:27] [SEVERE ] setting player 2 freeze to 0
[2022-12-11 17:09:27] [SEVERE ] setting player 3 freeze to 0
[2022-12-11 17:09:27] [SEVERE ] removing player 2 token from slot 0
[2022-12-11 17:09:27] [SEVERE ] removing player 3 token from slot 3
[2022-12-11 17:09:27] [SEVERE ] setting player 2 freeze to -108
[2022-12-11 17:09:27] [SEVERE ] setting player 3 freeze to -109
[2022-12-11 17:09:27] [SEVERE ] player 2 placing token on slot 9
[2022-12-11 17:09:27] [SEVERE ] removing player 3 token from slot 10
[2022-12-11 17:09:27] [SEVERE ] removing player 2 token from slot 9
[2022-12-11 17:09:27] [SEVERE ] setting player 2 freeze to 0
[2022-12-11 17:09:27] [SEVERE ] player 3 placing token on slot 10
[2022-12-11 17:09:27] [SEVERE ] player 2 placing token on slot 7
[2022-12-11 17:09:27] [SEVERE ] setting player 2 freeze to -106
[2022-12-11 17:09:27] [SEVERE ] player 3 placing token on slot 3
[2022-12-11 17:09:27] [SEVERE ] setting player 3 freeze to 0
[2022-12-11 17:09:27] [SEVERE ] removing player 2 token from slot 1
[2022-12-11 17:09:27] [SEVERE ] removing player 3 token from slot 4
[2022-12-11 17:09:27] [SEVERE ] setting player 3 freeze to -106
[2022-12-11 17:09:27] [SEVERE ] player 2 placing token on slot 2
[2022-12-11 17:09:27] [SEVERE ] player 3 placing token on slot 1
[2022-12-11 17:09:27] [SEVERE ] removing player 2 token from slot 5
[2022-12-11 17:09:27] [SEVERE ] setting player 2 freeze to 0
[2022-12-11 17:09:27] [SEVERE ] removing player 3 token from slot 1
[2022-12-11 17:09:27] [SEVERE ] setting player 3 freeze to 0
[2022-12-11 17:09:27] [SEVERE ] setting player 2 freeze to -108
[2022-12-11 17:09:27] [SEVERE ] player 2 placing token on slot 0
[2022-12-11 17:09:27] [SEVERE ] setting player 3 freeze to -107
[2022-12-11 17:09:27] [SEVERE ] player 3 placing token on slot 8
[2022-12-11 17:09:28] [SEVERE ] removing player 2 token from slot 0
[2022-12-11 17:09:28] [SEVERE ] setting player 2 freeze to 0
[2022-12-11 17:09:28] [SEVERE ] removing player 3 token from slot 10
[2022-12-11 17:09:28] [SEVERE ] setting player 3 freeze to 0
[2022-12-11 17:09:28] [SEVERE ] setting player 2 freeze to -110
[2022-12-11 17:09:28] [SEVERE ] player 2 placing token on slot 5
[2022-12-11 17:09:28] [SEVERE ] player 3 placing token on slot 10
[2022-12-11 17:09:28] [SEVERE ] setting player 3 freeze to -111
[2022-12-11 17:09:28] [SEVERE ] setting player 2 freeze to 0
[2022-12-11 17:09:28] [SEVERE ] removing player 2 token from slot 7
[2022-12-11 17:09:28] [SEVERE ] removing player 3 token from slot 8
[2022-12-11 17:09:28] [SEVERE ] setting player 2 freeze to -102
[2022-12-11 17:09:28] [SEVERE ] player 3 placing token on slot 5
[2022-12-11 17:09:28] [SEVERE ] removing player 2 token from slot 2
[2022-12-11 17:09:28] [SEVERE ] removing player 3 token from slot 10
[2022-12-11 17:09:28] [SEVERE ] setting player 3 freeze to 0
[2022-12-11 17:09:28] [SEVERE ] player 2 placing token on slot 6
[2022-12-11 17:09:28] [SEVERE ] setting player 2 freeze to 0
[2022-12-11 17:09:28] [SEVERE ] player 3 placing token on slot 6
[2022-12-11 17:09:28] [SEVERE ] setting player 3 freeze to -107
[2022-12-11 17:09:28] [SEVERE ] player 2 placing token on slot 8
[2022-12-11 17:09:28] [SEVERE ] setting player 2 freeze to -108
[2022-12-11 17:09:28] [SEVERE ] removing player 3 token from slot 3
[2022-12-11 17:09:28] [SEVERE ] removing player 2 token from slot 8
[2022-12-11 17:09:28] [SEVERE ] player 3 placing token on slot 2
[2022-12-11 17:09:28] [SEVERE ] player 2 placing token on slot 7
[2022-12-11 17:09:28] [SEVERE ] removing player 3 token from slot 2
[2022-12-11 17:09:28] [SEVERE ] setting player 3 freeze to 0
[2022-12-11 17:09:28] [SEVERE ] removing player 2 token from slot 6
[2022-12-11 17:09:28] [SEVERE ] setting player 2 freeze to 0
[2022-12-11 17:09:29] [SEVERE ] setting player 3 freeze to -106
[2022-12-11 17:09:29] [SEVERE ] player 3 placing token on slot 2
[2022-12-11 17:09:29] [SEVERE ] setting player 2 freeze to -110
[2022-12-11 17:09:29] [SEVERE ] removing player 3 token from slot 2
[2022-12-11 17:09:29] [SEVERE ] setting player 3 freeze to 0
[2022-12-11 17:09:29] [SEVERE ] player 2 placing token on slot 0
[2022-12-11 17:09:29] [SEVERE ] setting player 2 freeze to 0
[2022-12-11 17:09:29] [SEVERE ] setting player 3 freeze to -108
[2022-12-11 17:09:29] [SEVERE ] player 3 placing token on slot 4
[2022-12-11 17:09:29] [SEVERE ] removing player 2 token from slot 0
[2022-12-11 17:09:29] [SEVERE ] setting player 2 freeze to -109
[2022-12-11 17:09:29] [SEVERE ] removing player 3 token from slot 6
[2022-12-11 17:09:29] [SEVERE ] setting player 3 freeze to 0
[2022-12-11 17:09:29] [SEVERE ] player 2 placing token on slot 8
[2022-12-11 17:09:29] [SEVERE ] setting player 3 freeze to -110
[2022-12-11 17:09:29] [SEVERE ] player 3 placing token on slot 10
[2022-12-11 17:09:29] [SEVERE ] removing player 2 token from slot 7
[2022-12-11 17:09:29] [SEVERE ] setting player 2 freeze to 0
[2022-12-11 17:09:29] [SEVERE ] setting player 3 freeze to 0
[2022-12-11 17:09:29] [SEVERE ] removing player 3 token from slot 5
[2022-12-11 17:09:29] [SEVERE ] setting player 2 freeze to -109
[2022-12-11 17:09:29] [SEVERE ] player 2 placing token on slot 7
[2022-12-11 17:09:29] [SEVERE ] setting player 3 freeze to -103
[2022-12-11 17:09:29] [SEVERE ] player 3 placing token on slot 7
[2022-12-11 17:09:29] [SEVERE ] setting player 2 freeze to 0
[2022-12-11 17:09:29] [SEVERE ] removing player 2 token from slot 8
[2022-12-11 17:09:29] [SEVERE ] setting player 3 freeze to 0
[2022-12-11 17:09:29] [SEVERE ] removing player 3 token from slot 7
[2022-12-11 17:09:29] [SEVERE ] setting player 2 freeze to -116
[2022-12-11 17:09:29] [SEVERE ] setting player 3 freeze to -109
[2022-12-11 17:09:29] [SEVERE ] removing player 2 token from slot 7
[2022-12-11 17:09:29] [SEVERE ] player 3 placing token on slot 1
[2022-12-11 17:09:30] [SEVERE ] player 2 placing token on slot 8
[2022-12-11 17:09:30] [SEVERE ] setting player 2 freeze to 0
[2022-12-11 17:09:30] [SEVERE ] removing player 3 token from slot 1
[2022-12-11 17:09:30] [SEVERE ] setting player 3 freeze to 0
[2022-12-11 17:09:30] [SEVERE ] player 2 placing token on slot 6
[2022-12-11 17:09:30] [SEVERE ] setting player 2 freeze to -106
[2022-12-11 17:09:30] [SEVERE ] player 3 placing token on slot 1
[2022-12-11 17:09:30] [SEVERE ] setting player 3 freeze to -109
[2022-12-11 17:09:30] [SEVERE ] removing player 2 token from slot 5
[2022-12-11 17:09:30] [SEVERE ] removing player 3 token from slot 4
[2022-12-11 17:09:30] [SEVERE ] removing player 2 token from slot 6
[2022-12-11 17:09:30] [SEVERE ] removing player 3 token from slot 10
[2022-12-11 17:09:30] [SEVERE ] player 2 placing token on slot 6
[2022-12-11 17:09:30] [SEVERE ] player 3 placing token on slot 7
[2022-12-11 17:09:30] [SEVERE ] player 2 placing token on slot 1
[2022-12-11 17:09:30] [SEVERE ] setting player 2 freeze to 0
[2022-12-11 17:09:30] [SEVERE ] player 3 placing token on slot 11
[2022-12-11 17:09:30] [SEVERE ] setting player 3 freeze to 0
[2022-12-11 17:09:30] [SEVERE ] setting player 2 freeze to -109
[2022-12-11 17:09:30] [SEVERE ] removing player 2 token from slot 8
[2022-12-11 17:09:30] [SEVERE ] setting player 3 freeze to -109
[2022-12-11 17:09:30] [SEVERE ] removing player 3 token from slot 1
[2022-12-11 17:09:30] [SEVERE ] player 2 placing token on slot 4
[2022-12-11 17:09:30] [SEVERE ] player 3 placing token on slot 10
[2022-12-11 17:09:30] [SEVERE ] setting player 2 freeze to 0
[2022-12-11 17:09:30] [SEVERE ] removing player 2 token from slot 1
[2022-12-11 17:09:30] [SEVERE ] removing player 3 token from slot 7
[2022-12-11 17:09:30] [SEVERE ] setting player 3 freeze to 0
[2022-12-11 17:09:31] [SEVERE ] setting player 2 freeze to -108
[2022-12-11 17:09:31] [SEVERE ] player 3 placing token on slot 2
[2022-12-11 17:09:31] [SEVERE ] setting player 3 freeze to -109
[2022-12-11 17:09:31] [SEVERE ] removing player 2 token from slot 4
[2022-12-11 17:09:31] [SEVERE ] removing player 3 token from slot 11
[2022-12-11 17:09:31] [SEVERE ] player 2 placing token on slot 5
[2022-12-11 17:09:31] [SEVERE ] setting player 2 freeze to 0
[2022-12-11 17:09:31] [SEVERE ] player 3 placing token on slot 6
[2022-12-11 17:09:31] [SEVERE ] player 2 placing token on slot 1
[2022-12-11 17:09:31] [SEVERE ] setting player 2 freeze to -105
[2022-12-11 17:09:31] [SEVERE ] removing player 3 token from slot 10
[2022-12-11 17:09:31] [SEVERE ] setting player 3 freeze to 0
[2022-12-11 17:09:31] [SEVERE ] removing player 2 token from slot 5
[2022-12-11 17:09:31] [SEVERE ] setting player 3 freeze to -109
[2022-12-11 17:09:31] [SEVERE ] player 3 placing token on slot 0
[2022-12-11 17:09:31] [SEVERE ] player 2 placing token on slot 9
[2022-12-11 17:09:31] [SEVERE ] setting player 3 freeze to 0
[2022-12-11 17:09:31] [SEVERE ] removing player 3 token from slot 0
[2022-12-11 17:09:31] [SEVERE ] removing player 2 token from slot 6
[2022-12-11 17:09:31] [SEVERE ] setting player 2 freeze to 0
[2022-12-11 17:09:31] [SEVERE ] setting player 3 freeze to -114
[2022-12-11 17:09:31] [SEVERE ] player 3 placing token on slot 8
[2022-12-11 17:09:31] [SEVERE ] player 2 placing token on slot 11
[2022-12-11 17:09:31] [SEVERE ] setting player 2 freeze to -108
[2022-12-11 17:09:31] [SEVERE ] setting player 3 freeze to 0
[2022-12-11 17:09:31] [SEVERE ] removing player 3 token from slot 8
[2022-12-11 17:09:31] [SEVERE ] removing player 2 token from slot 9
[2022-12-11 17:09:31] [SEVERE ] setting player 3 freeze to -109
[2022-12-11 17:09:32] [SEVERE ] player 2 placing token on slot 2
[2022-12-11 17:09:32] [SEVERE ] player 3 placing token on slot 9
[2022-12-11 17:09:32] [SEVERE ] removing player 2 token from slot 2
[2022-12-11 17:09:32] [SEVERE ] setting player 2 freeze to 0
[2022-12-11 17:09:32] [SEVERE ] removing player 3 token from slot 9
[2022-12-11 17:09:32] [SEVERE ] setting player 3 freeze to 0
[2022-12-11 17:09:32] [SEVERE ] player 2 placing token on slot 10
[2022-12-11 17:09:32] [SEVERE ] setting player 2 freeze to -108
[2022-12-11 17:09:32] [SEVERE ] player 3 placing token on slot 10
[2022-12-11 17:09:32] [SEVERE ] setting player 3 freeze to -109
[2022-12-11 17:09:32] [SEVERE ] removing player 2 token from slot 11
[2022-12-11 17:09:32] [SEVERE ] removing player 3 token from slot 10
[2022-12-11 17:09:32] [SEVERE ] player 2 placing token on slot 8
[2022-12-11 17:09:32] [SEVERE ] removing player 3 token from slot 2
[2022-12-11 17:09:32] [SEVERE ] removing player 2 token from slot 1
[2022-12-11 17:09:32] [SEVERE ] setting player 2 freeze to 0
[2022-12-11 17:09:32] [SEVERE ] player 3 placing token on slot 10
[2022-12-11 17:09:32] [SEVERE ] setting player 2 freeze to -109
[2022-12-11 17:09:32] [SEVERE ] player 2 placing token on slot 2
[2022-12-11 17:09:32] [SEVERE ] player 3 placing token on slot 3
[2022-12-11 17:09:32] [SEVERE ] setting player 3 freeze to -1
[2022-12-11 17:09:32] [SEVERE ] setting player 2 freeze to 0
[2022-12-11 17:09:32] [SEVERE ] removing player 2 token from slot 8
[2022-12-11 17:09:32] [SEVERE ] removing player 3 token from slot 6
[2022-12-11 17:09:32] [SEVERE ] setting player 3 freeze to -108
[2022-12-11 17:09:32] [SEVERE ] setting player 2 freeze to -102
[2022-12-11 17:09:32] [SEVERE ] player 3 placing token on slot 9
[2022-12-11 17:09:32] [SEVERE ] removing player 2 token from slot 10
[2022-12-11 17:09:33] [SEVERE ] removing player 3 token from slot 3
[2022-12-11 17:09:33] [SEVERE ] setting player 3 freeze to 0
[2022-12-11 17:09:33] [SEVERE ] player 2 placing token on slot 6
[2022-12-11 17:09:33] [SEVERE ] player 3 placing token on slot 6
[2022-12-11 17:09:33] [SEVERE ] setting player 3 freeze to -108
[2022-12-11 17:09:33] [SEVERE ] player 2 placing token on slot 11
[2022-12-11 17:09:33] [SEVERE ] setting player 2 freeze to 0
[2022-12-11 17:09:33] [SEVERE ] removing player 3 token from slot 10
[2022-12-11 17:09:33] [SEVERE ] removing player 2 token from slot 2
[2022-12-11 17:09:33] [SEVERE ] setting player 2 freeze to -107
[2022-12-11 17:09:33] [SEVERE ] player 3 placing token on slot 8
[2022-12-11 17:09:33] [SEVERE ] player 2 placing token on slot 5
[2022-12-11 17:09:33] [SEVERE ] removing player 3 token from slot 9
[2022-12-11 17:09:33] [SEVERE ] setting player 3 freeze to 0
[2022-12-11 17:09:33] [SEVERE ] removing player 2 token from slot 11
[2022-12-11 17:09:33] [SEVERE ] setting player 2 freeze to 0
[2022-12-11 17:09:33] [SEVERE ] setting player 3 freeze to -108
[2022-12-11 17:09:33] [SEVERE ] removing player 3 token from slot 8
[2022-12-11 17:09:33] [SEVERE ] player 2 placing token on slot 11
[2022-12-11 17:09:33] [SEVERE ] setting player 2 freeze to -109
[2022-12-11 17:09:33] [SEVERE ] player 3 placing token on slot 5
[2022-12-11 17:09:33] [SEVERE ] removing player 2 token from slot 5
[2022-12-11 17:09:33] [SEVERE ] setting player 3 freeze to 0
[2022-12-11 17:09:33] [SEVERE ] player 3 placing token on slot 11
[2022-12-11 17:09:33] [SEVERE ] player 2 placing token on slot 9
[2022-12-11 17:09:33] [SEVERE ] setting player 3 freeze to -110
[2022-12-11 17:09:33] [SEVERE ] removing player 2 token from slot 9
[2022-12-11 17:09:33] [SEVERE ] setting player 2 freeze to 0
[2022-12-11 17:09:34] [SEVERE ] removing player 3 token from slot 11
[2022-12-11 17:09:34] [SEVERE ] setting player 2 freeze to -108
[2022-12-11 17:09:34] [SEVERE ] player 2 placing token on slot 3
[2022-12-11 17:09:34] [SEVERE ] player 3 placing token on slot 9
[2022-12-11 17:09:34] [SEVERE ] removing player 2 token from slot 11
[2022-12-11 17:09:34] [SEVERE ] setting player 2 freeze to 0
[2022-12-11 17:09:34] [SEVERE ] removing player 3 token from slot 5
[2022-12-11 17:09:34] [SEVERE ] setting player 3 freeze to 0
[2022-12-11 17:09:34] [SEVERE ] setting player 2 freeze to -108
[2022-12-11 17:09:34] [SEVERE ] player 2 placing token on slot 11
[2022-12-11 17:09:34] [SEVERE ] setting player 3 freeze to -108
[2022-12-11 17:09:34] [SEVERE ] removing player 3 token from slot 9
[2022-12-11 17:09:34] [SEVERE ] setting player 2 freeze to 0
[2022-12-11 17:09:34] [SEVERE ] removing player 2 token from slot 3
[2022-12-11 17:09:34] [SEVERE ] player 3 placing token on slot 1
[2022-12-11 17:09:34] [SEVERE ] setting player 2 freeze to -115
[2022-12-11 17:09:34] [SEVERE ] player 3 placing token on slot 9
[2022-12-11 17:09:34] [SEVERE ] setting player 3 freeze to 0
[2022-12-11 17:09:34] [SEVERE ] removing player 2 token from slot 11
[2022-12-11 17:09:34] [SEVERE ] removing player 3 token from slot 6
[2022-12-11 17:09:34] [SEVERE ] setting player 3 freeze to -106
[2022-12-11 17:09:34] [SEVERE ] player 2 placing token on slot 10
[2022-12-11 17:09:34] [SEVERE ] setting player 2 freeze to 0
[2022-12-11 17:09:34] [SEVERE ] removing player 3 token from slot 9
[2022-12-11 17:09:34] [SEVERE ] player 2 placing token on slot 5
[2022-12-11 17:09:34] [SEVERE ] setting player 2 freeze to -111
[2022-12-11 17:09:34] [SEVERE ] player 3 placing token on slot 4
[2022-12-11 17:09:34] [SEVERE ] removing player 2 token from slot 5
[2022-12-11 17:09:35] [SEVERE ] player 3 placing token on slot 10
[2022-12-11 17:09:35] [SEVERE ] setting player 3 freeze to 0
[2022-12-11 17:09:35] [SEVERE ] player 2 placing token on slot 11
[2022-12-11 17:09:35] [SEVERE ] setting player 3 freeze to -109
[2022-12-11 17:09:35] [SEVERE ] removing player 3 token from slot 10
[2022-12-11 17:09:35] [SEVERE ] removing player 2 token from slot 6
[2022-12-11 17:09:35] [SEVERE ] setting player 2 freeze to 0
[2022-12-11 17:09:35] [SEVERE ] player 3 placing token on slot 9
[2022-12-11 17:09:35] [SEVERE ] setting player 2 freeze to -109
[2022-12-11 17:09:35] [SEVERE ] removing player 3 token from slot 1
[2022-12-11 17:09:35] [SEVERE ] setting player 3 freeze to 0
[2022-12-11 17:09:35] [SEVERE ] player 2 placing token on slot 4
[2022-12-11 17:09:35] [SEVERE ] setting player 2 freeze to 0
[2022-12-11 17:09:35] [SEVERE ] setting player 3 freeze to -107
[2022-12-11 17:09:35] [SEVERE ] player 3 placing token on slot 7
[2022-12-11 17:09:35] [SEVERE ] removing player 2 token from slot 4
[2022-12-11 17:09:35] [SEVERE ] setting player 2 freeze to -108
[2022-12-11 17:09:35] [SEVERE ] setting player 3 freeze to 0
[2022-12-11 17:09:35] [SEVERE ] removing player 3 token from slot 7
[2022-12-11 17:09:35] [SEVERE ] player 2 placing token on slot 2
[2022-12-11 17:09:35] [SEVERE ] setting player 3 freeze to -116
[2022-12-11 17:09:35] [SEVERE ] removing player 2 token from slot 2
[2022-12-11 17:09:35] [SEVERE ] setting player 2 freeze to 0
[2022-12-11 17:09:35] [SEVERE ] player 3 placing token on slot 5
[2022-12-11 17:09:35] [SEVERE ] setting player 2 freeze to -123
[2022-12-11 17:09:35] [SEVERE ] removing player 3 token from slot 5
[2022-12-11 17:09:35] [SEVERE ] setting player 3 freeze to 0
[2022-12-11 17:09:35] [SEVERE ] player 2 placing token on slot 6
[2022-12-11 17:09:35] [SEVERE ] setting player 2 freeze to 0
[2022-12-11 17:09:35] [SEVERE ] setting player 3 freeze to -109
[2022-12-11 17:09:36] [SEVERE ] player 3 placing token on slot 0
[2022-12-11 17:09:36] [SEVERE ] removing player 2 token from slot 11
[2022-12-11 17:09:36] [SEVERE ] setting player 2 freeze to -109
[2022-12-11 17:09:36] [SEVERE ] setting player 3 freeze to 0
[2022-12-11 17:09:36] [SEVERE ] removing player 3 token from slot 4
[2022-12-11 17:09:36] [SEVERE ] player 2 placing token on slot 11
[2022-12-11 17:09:36] [SEVERE ] setting player 3 freeze to -110
[2022-12-11 17:09:36] [SEVERE ] removing player 2 token from slot 11
[2022-12-11 17:09:36] [SEVERE ] setting player 2 freeze to 0
[2022-12-11 17:09:36] [SEVERE ] removing player 3 token from slot 9
[2022-12-11 17:09:36] [SEVERE ] player 2 placing token on slot 7
[2022-12-11 17:09:36] [SEVERE ] setting player 2 freeze to -110
[2022-12-11 17:09:36] [SEVERE ] player 3 placing token on slot 3
[2022-12-11 17:09:36] [SEVERE ] removing player 2 token from slot 10
[2022-12-11 17:09:36] [SEVERE ] player 3 placing token on slot 1
[2022-12-11 17:09:36] [SEVERE ] setting player 3 freeze to 0
[2022-12-11 17:09:36] [SEVERE ] removing player 2 token from slot 7
[2022-12-11 17:09:36] [SEVERE ] setting player 3 freeze to -108
[2022-12-11 17:09:36] [SEVERE ] removing player 3 token from slot 0
[2022-12-11 17:09:36] [SEVERE ] removing player 2 token from slot 6
[2022-12-11 17:09:36] [SEVERE ] player 3 placing token on slot 11
[2022-12-11 17:09:36] [SEVERE ] player 2 placing token on slot 1
[2022-12-11 17:09:36] [SEVERE ] removing player 3 token from slot 11
[2022-12-11 17:09:36] [SEVERE ] setting player 3 freeze to 0
[2022-12-11 17:09:36] [SEVERE ] player 2 placing token on slot 11
[2022-12-11 17:09:36] [SEVERE ] setting player 3 freeze to -109
[2022-12-11 17:09:36] [SEVERE ] player 3 placing token on slot 2
[2022-12-11 17:09:37] [SEVERE ] player 2 placing token on slot 4
[2022-12-11 17:09:37] [SEVERE ] setting player 2 freeze to 0
[2022-12-11 17:09:37] [SEVERE ] setting player 3 freeze to 0
[2022-12-11 17:09:37] [SEVERE ] removing player 3 token from slot 2
[2022-12-11 17:09:37] [SEVERE ] removing player 2 token from slot 4
[2022-12-11 17:09:37] [SEVERE ] setting player 2 freeze to -108
[2022-12-11 17:09:37] [SEVERE ] setting player 3 freeze to -117
[2022-12-11 17:09:37] [SEVERE ] removing player 3 token from slot 3
[2022-12-11 17:09:37] [SEVERE ] removing player 2 token from slot 1
[2022-12-11 17:09:37] [SEVERE ] player 3 placing token on slot 6
[2022-12-11 17:09:37] [SEVERE ] player 2 placing token on slot 9
[2022-12-11 17:09:37] [SEVERE ] setting player 3 freeze to 0
[2022-12-11 17:09:37] [SEVERE ] player 3 placing token on slot 5
[2022-12-11 17:09:37] [SEVERE ] removing player 2 token from slot 11
[2022-12-11 17:09:37] [SEVERE ] setting player 3 freeze to -107
[2022-12-11 17:09:37] [SEVERE ] player 2 placing token on slot 6
[2022-12-11 17:09:37] [SEVERE ] removing player 3 token from slot 6
[2022-12-11 17:09:37] [SEVERE ] player 2 placing token on slot 10
[2022-12-11 17:09:37] [SEVERE ] setting player 2 freeze to 0
[2022-12-11 17:09:37] [SEVERE ] player 3 placing token on slot 7
[2022-12-11 17:09:37] [SEVERE ] setting player 2 freeze to -106
[2022-12-11 17:09:37] [SEVERE ] removing player 2 token from slot 6
[2022-12-11 17:09:37] [SEVERE ] removing player 3 token from slot 5
[2022-12-11 17:09:37] [SEVERE ] setting player 3 freeze to 0
[2022-12-11 17:09:37] [SEVERE ] player 2 placing token on slot 7
[2022-12-11 17:09:37] [SEVERE ] player 3 placing token on slot 6
[2022-12-11 17:09:37] [SEVERE ] setting player 3 freeze to -108
[2022-12-11 17:09:37] [SEVERE ] setting player 2 freeze to 0
[2022-12-11 17:09:38] [SEVERE ] removing player 2 token from slot 7
[2022-12-11 17:09:38] [SEVERE ] removing player 3 token from slot 7
[2022-12-11 17:09:38] [SEVERE ] setting player 2 freeze to -108
[2022-12-11 17:09:38] [SEVERE ] removing player 3 token from slot 6
[2022-12-11 17:09:38] [SEVERE ] player 2 placing token on slot 3
[2022-12-11 17:09:38] [SEVERE ] setting player 2 freeze to 0
[2022-12-11 17:09:38] [SEVERE ] player 3 placing token on slot 6
[2022-12-11 17:09:38] [SEVERE ] removing player 2 token from slot 10
[2022-12-11 17:09:38] [SEVERE ] setting player 2 freeze to -108
[2022-12-11 17:09:38] [SEVERE ] player 3 placing token on slot 9
[2022-12-11 17:09:38] [SEVERE ] setting player 3 freeze to 0
[2022-12-11 17:09:38] [SEVERE ] player 2 placing token on slot 1
[2022-12-11 17:09:38] [SEVERE ] removing player 3 token from slot 1
[2022-12-11 17:09:38] [SEVERE ] setting player 3 freeze to -108
[2022-12-11 17:09:38] [SEVERE ] setting player 2 freeze to 0
[2022-12-11 17:09:38] [SEVERE ] removing player 2 token from slot 3
[2022-12-11 17:09:38] [SEVERE ] player 3 placing token on slot 8
[2022-12-11 17:09:38] [SEVERE ] setting player 2 freeze to -109
[2022-12-11 17:09:38] [SEVERE ] removing player 3 token from slot 9
[2022-12-11 17:09:38] [SEVERE ] setting player 3 freeze to 0
[2022-12-11 17:09:38] [SEVERE ] player 2 placing token on slot 7
[2022-12-11 17:09:38] [SEVERE ] setting player 2 freeze to 0
[2022-12-11 17:09:38] [SEVERE ] player 3 placing token on slot 7
[2022-12-11 17:09:38] [SEVERE ] setting player 3 freeze to -105
[2022-12-11 17:09:38] [SEVERE ] removing player 2 token from slot 9
[2022-12-11 17:09:38] [SEVERE ] setting player 2 freeze to -107
[2022-12-11 17:09:38] [SEVERE ] removing player 3 token from slot 7
[2022-12-11 17:09:38] [SEVERE ] player 2 placing token on slot 4
[2022-12-11 17:09:39] [SEVERE ] player 3 placing token on slot 5
[2022-12-11 17:09:39] [SEVERE ] removing player 2 token from slot 1
[2022-12-11 17:09:39] [SEVERE ] setting player 2 freeze to 0
[2022-12-11 17:09:39] [SEVERE ] removing player 3 token from slot 5
[2022-12-11 17:09:39] [SEVERE ] setting player 3 freeze to 0
[2022-12-11 17:09:39] [SEVERE ] player 2 placing token on slot 11
[2022-12-11 17:09:39] [SEVERE ] setting player 2 freeze to -108
[2022-12-11 17:09:39] [SEVERE ] setting player 3 freeze to -109
[2022-12-11 17:09:39] [SEVERE ] player 3 placing token on slot 5
[2022-12-11 17:09:39] [SEVERE ] removing player 2 token from slot 4
[2022-12-11 17:09:39] [SEVERE ] removing player 3 token from slot 5
[2022-12-11 17:09:39] [SEVERE ] setting player 3 freeze to 0
[2022-12-11 17:09:39] [SEVERE ] player 2 placing token on slot 6
[2022-12-11 17:09:39] [SEVERE ] player 3 placing token on slot 9
[2022-12-11 17:09:39] [SEVERE ] setting player 3 freeze to -108
[2022-12-11 17:09:39] [SEVERE ] removing player 2 token from slot 6
[2022-12-11 17:09:39] [SEVERE ] setting player 2 freeze to 0
[2022-12-11 17:09:39] [SEVERE ] removing player 3 token from slot 8
[2022-12-11 17:09:39] [SEVERE ] player 2 placing token on slot 9
[2022-12-11 17:09:39] [SEVERE ] setting player 2 freeze to -109
[2022-12-11 17:09:39] [SEVERE ] player 3 placing token on slot 0
[2022-12-11 17:09:39] [SEVERE ] removing player 2 token from slot 7
[2022-12-11 17:09:39] [SEVERE ] removing player 3 token from slot 9
[2022-12-11 17:09:39] [SEVERE ] setting player 3 freeze to 0
[2022-12-11 17:09:39] [SEVERE ] player 2 placing token on slot 4
[2022-12-11 17:09:39] [SEVERE ] setting player 3 freeze to -123
[2022-12-11 17:09:39] [SEVERE ] removing player 3 token from slot 6
[2022-12-11 17:09:39] [SEVERE ] removing player 2 token from slot 9
[2022-12-11 17:09:39] [SEVERE ] setting player 2 freeze to 0
[2022-12-11 17:09:40] [SEVERE ] player 3 placing token on slot 5
[2022-12-11 17:09:40] [SEVERE ] player 2 placing token on slot 10
[2022-12-11 17:09:40] [SEVERE ] setting player 2 freeze to -107
[2022-12-11 17:09:40] [SEVERE ] setting player 3 freeze to 0
[2022-12-11 17:09:40] [SEVERE ] player 3 placing token on slot 2
[2022-12-11 17:09:40] [SEVERE ] removing player 2 token from slot 4
[2022-12-11 17:09:40] [SEVERE ] setting player 3 freeze to -108
[2022-12-11 17:09:40] [SEVERE ] player 2 placing token on slot 3
[2022-12-11 17:09:40] [SEVERE ] removing player 3 token from slot 2
[2022-12-11 17:09:40] [SEVERE ] removing player 2 token from slot 10
[2022-12-11 17:09:40] [SEVERE ] setting player 2 freeze to 0
[2022-12-11 17:09:40] [SEVERE ] player 3 placing token on slot 10
[2022-12-11 17:09:40] [SEVERE ] player 2 placing token on slot 7
[2022-12-11 17:09:40] [SEVERE ] setting player 2 freeze to -106
[2022-12-11 17:09:40] [SEVERE ] removing player 3 token from slot 5
[2022-12-11 17:09:40] [SEVERE ] setting player 3 freeze to 0
[2022-12-11 17:09:40] [SEVERE ] removing player 2 token from slot 7
[2022-12-11 17:09:40] [SEVERE ] player 3 placing token on slot 8
[2022-12-11 17:09:40] [SEVERE ] setting player 3 freeze to -108
[2022-12-11 17:09:40] [SEVERE ] player 2 placing token on slot 8
[2022-12-11 17:09:40] [SEVERE ] removing player 3 token from slot 0
[2022-12-11 17:09:40] [SEVERE ] removing player 2 token from slot 8
[2022-12-11 17:09:40] [SEVERE ] setting player 2 freeze to 0
[2022-12-11 17:09:40] [SEVERE ] player 3 placing token on slot 1
[2022-12-11 17:09:40] [SEVERE ] setting player 2 freeze to -108
[2022-12-11 17:09:40] [SEVERE ] player 2 placing token on slot 8
[2022-12-11 17:09:40] [SEVERE ] removing player 3 token from slot 8
[2022-12-11 17:09:40] [SEVERE ] setting player 3 freeze to 0
[2022-12-11 17:09:41] [SEVERE ] setting player 2 freeze to 0
[2022-12-11 17:09:41] [SEVERE ] removing player 2 token from slot 3
[2022-12-11 17:09:41] [SEVERE ] removing player 3 token from slot 1
[2022-12-11 17:09:41] [SEVERE ] setting player 3 freeze to -108
[2022-12-11 17:09:41] [SEVERE ] setting player 2 freeze to -115
[2022-12-11 17:09:41] [SEVERE ] player 3 placing token on slot 2
[2022-12-11 17:09:41] [SEVERE ] player 2 placing token on slot 10
[2022-12-11 17:09:41] [SEVERE ] setting player 2 freeze to 0
[2022-12-11 17:09:41] [SEVERE ] player 3 placing token on slot 3
[2022-12-11 17:09:41] [SEVERE ] setting player 3 freeze to 0
[2022-12-11 17:09:41] [SEVERE ] removing player 2 token from slot 10
[2022-12-11 17:09:41] [SEVERE ] setting player 2 freeze to -108
[2022-12-11 17:09:41] [SEVERE ] setting player 3 freeze to -109
[2022-12-11 17:09:41] [SEVERE ] removing player 3 token from slot 3
[2022-12-11 17:09:41] [SEVERE ] player 2 placing token on slot 0
[2022-12-11 17:09:41] [SEVERE ] player 3 placing token on slot 1
[2022-12-11 17:09:41] [SEVERE ] removing player 2 token from slot 0
[2022-12-11 17:09:41] [SEVERE ] setting player 2 freeze to 0
[2022-12-11 17:09:41] [SEVERE ] removing player 3 token from slot 1
[2022-12-11 17:09:41] [SEVERE ] setting player 3 freeze to 0
[2022-12-11 17:09:41] [SEVERE ] player 2 placing token on slot 0
[2022-12-11 17:09:41] [SEVERE ] setting player 2 freeze to -109
[2022-12-11 17:09:41] [SEVERE ] player 3 placing token on slot 1
[2022-12-11 17:09:41] [SEVERE ] setting player 3 freeze to -108
[2022-12-11 17:09:41] [SEVERE ] removing player 2 token from slot 11
[2022-12-11 17:09:41] [SEVERE ] removing player 3 token from slot 10
[2022-12-11 17:09:41] [SEVERE ] player 2 placing token on slot 1
[2022-12-11 17:09:41] [SEVERE ] player 3 placing token on slot 4
[2022-12-11 17:09:42] [SEVERE ] removing player 2 token from slot 1
[2022-12-11 17:09:42] [SEVERE ] setting player 2 freeze to 0
[2022-12-11 17:09:42] [SEVERE ] removing player 3 token from slot 1
[2022-12-11 17:09:42] [SEVERE ] setting player 3 freeze to 0
[2022-12-11 17:09:42] [SEVERE ] player 2 placing token on slot 10
[2022-12-11 17:09:42] [SEVERE ] setting player 2 freeze to -110
[2022-12-11 17:09:42] [SEVERE ] setting player 3 freeze to -109
[2022-12-11 17:09:42] [SEVERE ] player 3 placing token on slot 7
[2022-12-11 17:09:42] [SEVERE ] removing player 2 token from slot 10
[2022-12-11 17:09:42] [SEVERE ] setting player 3 freeze to 0
[2022-12-11 17:09:42] [SEVERE ] removing player 3 token from slot 7
[2022-12-11 17:09:42] [SEVERE ] player 2 placing token on slot 7
[2022-12-11 17:09:42] [SEVERE ] setting player 3 freeze to -101
[2022-12-11 17:09:42] [SEVERE ] removing player 3 token from slot 4
[2022-12-11 17:09:42] [SEVERE ] removing player 2 token from slot 8
[2022-12-11 17:09:42] [SEVERE ] setting player 2 freeze to 0
[2022-12-11 17:09:42] [SEVERE ] player 3 placing token on slot 6
[2022-12-11 17:09:42] [SEVERE ] player 2 placing token on slot 3
[2022-12-11 17:09:42] [SEVERE ] setting player 2 freeze to -109
[2022-12-11 17:09:42] [SEVERE ] setting player 3 freeze to -1
[2022-12-11 17:09:42] [SEVERE ] player 3 placing token on slot 9
[2022-12-11 17:09:42] [SEVERE ] removing player 2 token from slot 3
[2022-12-11 17:09:42] [SEVERE ] setting player 3 freeze to -108
[2022-12-11 17:09:42] [SEVERE ] player 2 placing token on slot 3
[2022-12-11 17:09:42] [SEVERE ] removing player 3 token from slot 9
[2022-12-11 17:09:42] [SEVERE ] removing player 2 token from slot 3
[2022-12-11 17:09:42] [SEVERE ] setting player 2 freeze to 0
[2022-12-11 17:09:42] [SEVERE ] removing player 3 token from slot 2
[2022-12-11 17:09:42] [SEVERE ] setting player 2 freeze to -107
[2022-12-11 17:09:42] [SEVERE ] player 2 placing token on slot 9
[2022-12-11 17:09:43] [SEVERE ] player 3 placing token on slot 4
[2022-12-11 17:09:43] [SEVERE ] setting player 2 freeze to 0
[2022-12-11 17:09:43] [SEVERE ] removing player 2 token from slot 0
[2022-12-11 17:09:43] [SEVERE ] removing player 3 token from slot 4
[2022-12-11 17:09:43] [SEVERE ] setting player 2 freeze to -114
[2022-12-11 17:09:43] [SEVERE ] removing player 3 token from slot 6
[2022-12-11 17:09:43] [SEVERE ] player 2 placing token on slot 3
[2022-12-11 17:09:43] [SEVERE ] setting player 2 freeze to 0
[2022-12-11 17:09:43] [SEVERE ] player 3 placing token on slot 6
[2022-12-11 17:09:43] [SEVERE ] removing player 2 token from slot 9
[2022-12-11 17:09:43] [SEVERE ] setting player 2 freeze to -107
[2022-12-11 17:09:43] [SEVERE ] player 3 placing token on slot 2
[2022-12-11 17:09:43] [SEVERE ] player 2 placing token on slot 10
[2022-12-11 17:09:43] [SEVERE ] player 3 placing token on slot 3
[2022-12-11 17:09:43] [SEVERE ] setting player 3 freeze to 0
[2022-12-11 17:09:43] [SEVERE ] removing player 2 token from slot 7
[2022-12-11 17:09:43] [SEVERE ] setting player 2 freeze to 0
[2022-12-11 17:09:43] [SEVERE ] removing player 3 token from slot 2
[2022-12-11 17:09:43] [SEVERE ] setting player 3 freeze to -108
[2022-12-11 17:09:43] [SEVERE ] setting player 2 freeze to -108
[2022-12-11 17:09:43] [SEVERE ] player 2 placing token on slot 4
[2022-12-11 17:09:43] [SEVERE ] player 3 placing token on slot 9
[2022-12-11 17:09:43] [SEVERE ] removing player 2 token from slot 4
[2022-12-11 17:09:43] [SEVERE ] setting player 2 freeze to 0
[2022-12-11 17:09:43] [SEVERE ] removing player 3 token from slot 6
[2022-12-11 17:09:43] [SEVERE ] setting player 3 freeze to 0
[2022-12-11 17:09:43] [SEVERE ] setting player 2 freeze to -108
[2022-12-11 17:09:43] [SEVERE ] removing player 2 token from slot 3
[2022-12-11 17:09:44] [SEVERE ] player 3 placing token on slot 1
[2022-12-11 17:09:44] [SEVERE ] setting player 3 freeze to -109
[2022-12-11 17:09:44] [SEVERE ] player 2 placing token on slot 4
[2022-12-11 17:09:44] [SEVERE ] removing player 3 token from slot 3
[2022-12-11 17:09:44] [SEVERE ] setting player 2 freeze to 0
[2022-12-11 17:09:44] [SEVERE ] player 2 placing token on slot 11
[2022-12-11 17:09:44] [SEVERE ] player 3 placing token on slot 6
[2022-12-11 17:09:44] [SEVERE ] setting player 2 freeze to -108
[2022-12-11 17:09:44] [SEVERE ] removing player 3 token from slot 6
[2022-12-11 17:09:44] [SEVERE ] setting player 3 freeze to 0
[2022-12-11 17:09:44] [SEVERE ] removing player 2 token from slot 4
[2022-12-11 17:09:44] [SEVERE ] removing player 3 token from slot 9
[2022-12-11 17:09:44] [SEVERE ] setting player 3 freeze to -108
[2022-12-11 17:09:44] [SEVERE ] player 3 placing token on slot 9
[2022-12-11 17:09:44] [SEVERE ] player 2 placing token on slot 3
[2022-12-11 17:09:44] [SEVERE ] player 3 placing token on slot 10
[2022-12-11 17:09:44] [SEVERE ] setting player 3 freeze to 0
[2022-12-11 17:09:44] [SEVERE ] setting player 2 freeze to 0
[2022-12-11 17:09:44] [SEVERE ] setting player 3 freeze to -109
[2022-12-11 17:09:44] [SEVERE ] removing player 3 token from slot 1
[2022-12-11 17:09:44] [SEVERE ] setting player 2 freeze to -109
[2022-12-11 17:09:44] [SEVERE ] removing player 2 token from slot 10
[2022-12-11 17:09:44] [SEVERE ] player 3 placing token on slot 0
[2022-12-11 17:09:44] [SEVERE ] removing player 2 token from slot 11
[2022-12-11 17:09:45] [SEVERE ] removing player 3 token from slot 9
[2022-12-11 17:09:45] [SEVERE ] setting player 3 freeze to 0
[2022-12-11 17:09:45] [SEVERE ] player 2 placing token on slot 6
[2022-12-11 17:09:45] [SEVERE ] setting player 3 freeze to -107
[2022-12-11 17:09:45] [SEVERE ] removing player 3 token from slot 0
[2022-12-11 17:09:45] [SEVERE ] player 2 placing token on slot 10
[2022-12-11 17:09:45] [SEVERE ] setting player 2 freeze to 0
[2022-12-11 17:09:45] [SEVERE ] player 3 placing token on slot 7
[2022-12-11 17:09:45] [SEVERE ] setting player 2 freeze to -109
[2022-12-11 17:09:45] [SEVERE ] removing player 2 token from slot 6
[2022-12-11 17:09:45] [SEVERE ] setting player 3 freeze to 0
[2022-12-11 17:09:45] [SEVERE ] player 3 placing token on slot 6
[2022-12-11 17:09:45] [SEVERE ] player 2 placing token on slot 8
[2022-12-11 17:09:45] [SEVERE ] setting player 3 freeze to -108
[2022-12-11 17:09:45] [SEVERE ] removing player 3 token from slot 10
[2022-12-11 17:09:45] [SEVERE ] removing player 2 token from slot 3
[2022-12-11 17:09:45] [SEVERE ] setting player 2 freeze to 0
[2022-12-11 17:09:45] [SEVERE ] setting player 2 freeze to -109
[2022-12-11 17:09:45] [SEVERE ] removing player 2 token from slot 8
[2022-12-11 17:09:45] [SEVERE ] player 3 placing token on slot 8
[2022-12-11 17:09:45] [SEVERE ] setting player 3 freeze to 0
[2022-12-11 17:09:45] [SEVERE ] removing player 3 token from slot 7
[2022-12-11 17:09:45] [SEVERE ] player 2 placing token on slot 4
[2022-12-11 17:09:45] [SEVERE ] setting player 3 freeze to -108
[2022-12-11 17:09:45] [SEVERE ] setting player 2 freeze to 0
[2022-12-11 17:09:45] [SEVERE ] player 2 placing token on slot 11
[2022-12-11 17:09:45] [SEVERE ] player 3 placing token on slot 0
[2022-12-11 17:09:45] [SEVERE ] setting player 2 freeze to -109
[2022-12-11 17:09:45] [SEVERE ] removing player 3 token from slot 6
[2022-12-11 17:09:45] [SEVERE ] setting player 3 freeze to 0
[2022-12-11 17:09:46] [SEVERE ] removing player 2 token from slot 10
[2022-12-11 17:09:46] [SEVERE ] player 3 placing token on slot 3
[2022-12-11 17:09:46] [SEVERE ] setting player 3 freeze to -106
[2022-12-11 17:09:46] [SEVERE ] player 2 placing token on slot 3
[2022-12-11 17:09:46] [SEVERE ] removing player 3 token from slot 3
[2022-12-11 17:09:46] [SEVERE ] removing player 2 token from slot 4
[2022-12-11 17:09:46] [SEVERE ] setting player 2 freeze to 0
[2022-12-11 17:09:46] [SEVERE ] player 3 placing token on slot 10
[2022-12-11 17:09:46] [SEVERE ] player 2 placing token on slot 0
[2022-12-11 17:09:46] [SEVERE ] setting player 2 freeze to -107
[2022-12-11 17:09:46] [SEVERE ] removing player 3 token from slot 0
[2022-12-11 17:09:46] [SEVERE ] setting player 3 freeze to 0
[2022-12-11 17:09:46] [SEVERE ] removing player 2 token from slot 0
[2022-12-11 17:09:46] [SEVERE ] setting player 3 freeze to -108
[2022-12-11 17:09:46] [SEVERE ] player 3 placing token on slot 1
[2022-12-11 17:09:46] [SEVERE ] player 2 placing token on slot 2
[2022-12-11 17:09:46] [SEVERE ] setting player 3 freeze to 0
[2022-12-11 17:09:46] [SEVERE ] removing player 3 token from slot 8
[2022-12-11 17:09:46] [SEVERE ] removing player 2 token from slot 2
[2022-12-11 17:09:46] [SEVERE ] setting player 2 freeze to 0
[2022-12-11 17:09:46] [SEVERE ] setting player 3 freeze to -101
[2022-12-11 17:09:46] [SEVERE ] player 3 placing token on slot 11
[2022-12-11 17:09:46] [SEVERE ] setting player 2 freeze to -106
[2022-12-11 17:09:46] [SEVERE ] removing player 2 token from slot 11
[2022-12-11 17:09:46] [SEVERE ] setting player 3 freeze to 0
[2022-12-11 17:09:46] [SEVERE ] removing player 3 token from slot 1
[2022-12-11 17:09:46] [SEVERE ] player 2 placing token on slot 9
[2022-12-11 17:09:46] [SEVERE ] setting player 3 freeze to -107
[2022-12-11 17:09:46] [SEVERE ] setting player 2 freeze to 0
[2022-12-11 17:09:46] [SEVERE ] player 2 placing token on slot 8
[2022-12-11 17:09:47] [SEVERE ] player 3 placing token on slot 5
[2022-12-11 17:09:47] [SEVERE ] setting player 2 freeze to -110
[2022-12-11 17:09:47] [SEVERE ] removing player 3 token from slot 10
[2022-12-11 17:09:47] [SEVERE ] setting player 3 freeze to 0
[2022-12-11 17:09:47] [SEVERE ] removing player 2 token from slot 9
[2022-12-11 17:09:47] [SEVERE ] player 3 placing token on slot 4
[2022-12-11 17:09:47] [SEVERE ] setting player 3 freeze to -108
[2022-12-11 17:09:47] [SEVERE ] removing player 2 token from slot 3
[2022-12-11 17:09:47] [SEVERE ] removing player 3 token from slot 5
[2022-12-11 17:09:47] [SEVERE ] player 2 placing token on slot 5
[2022-12-11 17:09:47] [SEVERE ] player 3 placing token on slot 0
[2022-12-11 17:09:47] [SEVERE ] player 2 placing token on slot 9
[2022-12-11 17:09:47] [SEVERE ] setting player 2 freeze to 0
[2022-12-11 17:09:47] [SEVERE ] removing player 3 token from slot 4
[2022-12-11 17:09:47] [SEVERE ] setting player 3 freeze to 0
[2022-12-11 17:09:47] [SEVERE ] removing player 2 token from slot 9
[2022-12-11 17:09:47] [SEVERE ] setting player 2 freeze to -107
[2022-12-11 17:09:47] [SEVERE ] player 3 placing token on slot 1
[2022-12-11 17:09:47] [SEVERE ] setting player 3 freeze to -106
[2022-12-11 17:09:47] [SEVERE ] player 2 placing token on slot 3
[2022-12-11 17:09:47] [SEVERE ] removing player 3 token from slot 1
[2022-12-11 17:09:47] [SEVERE ] removing player 2 token from slot 5
[2022-12-11 17:09:47] [SEVERE ] setting player 2 freeze to 0
[2022-12-11 17:09:47] [SEVERE ] player 3 placing token on slot 3
[2022-12-11 17:09:47] [SEVERE ] player 2 placing token on slot 6
[2022-12-11 17:09:47] [SEVERE ] setting player 2 freeze to -109
[2022-12-11 17:09:48] [SEVERE ] removing player 3 token from slot 3
[2022-12-11 17:09:48] [SEVERE ] setting player 3 freeze to 0
[2022-12-11 17:09:48] [SEVERE ] removing player 2 token from slot 3
[2022-12-11 17:09:48] [SEVERE ] player 3 placing token on slot 10
[2022-12-11 17:09:48] [SEVERE ] setting player 3 freeze to -108
[2022-12-11 17:09:48] [SEVERE ] player 2 placing token on slot 2
[2022-12-11 17:09:48] [SEVERE ] removing player 3 token from slot 0
[2022-12-11 17:09:48] [SEVERE ] removing player 2 token from slot 6
[2022-12-11 17:09:48] [SEVERE ] setting player 2 freeze to 0
[2022-12-11 17:09:48] [SEVERE ] player 3 placing token on slot 0
[2022-12-11 17:09:48] [SEVERE ] player 2 placing token on slot 6
[2022-12-11 17:09:48] [SEVERE ] setting player 2 freeze to -107
[2022-12-11 17:09:48] [SEVERE ] removing player 3 token from slot 0
[2022-12-11 17:09:48] [SEVERE ] setting player 3 freeze to 0
[2022-12-11 17:09:48] [SEVERE ] removing player 2 token from slot 2
[2022-12-11 17:09:48] [SEVERE ] setting player 3 freeze to -109
[2022-12-11 17:09:48] [SEVERE ] player 3 placing token on slot 6
[2022-12-11 17:09:48] [SEVERE ] player 2 placing token on slot 0
[2022-12-11 17:09:48] [SEVERE ] setting player 3 freeze to 0
[2022-12-11 17:09:48] [SEVERE ] removing player 3 token from slot 10
[2022-12-11 17:09:48] [SEVERE ] removing player 2 token from slot 0
[2022-12-11 17:09:48] [SEVERE ] setting player 2 freeze to 0
[2022-12-11 17:09:48] [SEVERE ] setting player 3 freeze to -101
[2022-12-11 17:09:48] [SEVERE ] player 3 placing token on slot 3
[2022-12-11 17:09:48] [SEVERE ] player 2 placing token on slot 5
[2022-12-11 17:09:48] [SEVERE ] setting player 2 freeze to -110
[2022-12-11 17:09:48] [SEVERE ] setting player 3 freeze to 0
[2022-12-11 17:09:48] [SEVERE ] removing player 3 token from slot 3
[2022-12-11 17:09:48] [SEVERE ] removing player 2 token from slot 5
[2022-12-11 17:09:48] [SEVERE ] setting player 3 freeze to -106
[2022-12-11 17:09:49] [SEVERE ] player 2 placing token on slot 3
[2022-12-11 17:09:49] [SEVERE ] player 3 placing token on slot 4
[2022-12-11 17:09:49] [SEVERE ] removing player 2 token from slot 8
[2022-12-11 17:09:49] [SEVERE ] setting player 2 freeze to 0
[2022-12-11 17:09:49] [SEVERE ] removing player 3 token from slot 6
[2022-12-11 17:09:49] [SEVERE ] setting player 3 freeze to 0
[2022-12-11 17:09:49] [SEVERE ] removing player 2 token from slot 6
[2022-12-11 17:09:49] [SEVERE ] setting player 2 freeze to -108
[2022-12-11 17:09:49] [SEVERE ] player 3 placing token on slot 6
[2022-12-11 17:09:49] [SEVERE ] setting player 3 freeze to -106
[2022-12-11 17:09:49] [SEVERE ] player 2 placing token on slot 6
[2022-12-11 17:09:49] [SEVERE ] removing player 3 token from slot 11
[2022-12-11 17:09:49] [SEVERE ] removing player 2 token from slot 3
[2022-12-11 17:09:49] [SEVERE ] player 3 placing token on slot 1
[2022-12-11 17:09:49] [SEVERE ] player 2 placing token on slot 0
[2022-12-11 17:09:49] [SEVERE ] removing player 3 token from slot 4
[2022-12-11 17:09:49] [SEVERE ] setting player 3 freeze to 0
[2022-12-11 17:09:49] [SEVERE ] player 2 placing token on slot 7
[2022-12-11 17:09:49] [SEVERE ] setting player 2 freeze to 0
[2022-12-11 17:09:49] [SEVERE ] setting player 3 freeze to -109
[2022-12-11 17:09:49] [SEVERE ] player 3 placing token on slot 3
[2022-12-11 17:09:49] [SEVERE ] setting player 2 freeze to -110
[2022-12-11 17:09:49] [SEVERE ] removing player 2 token from slot 6
[2022-12-11 17:09:49] [SEVERE ] setting player 3 freeze to 0
[2022-12-11 17:09:49] [SEVERE ] removing player 3 token from slot 3
[2022-12-11 17:09:49] [SEVERE ] player 2 placing token on slot 5
[2022-12-11 17:09:49] [SEVERE ] setting player 3 freeze to -103
[2022-12-11 17:09:49] [SEVERE ] player 3 placing token on slot 11
[2022-12-11 17:09:49] [SEVERE ] setting player 2 freeze to 0
[2022-12-11 17:09:50] [SEVERE ] removing player 2 token from slot 0
[2022-12-11 17:09:50] [SEVERE ] setting player 3 freeze to 0
[2022-12-11 17:09:50] [SEVERE ] removing player 3 token from slot 6
[2022-12-11 17:09:50] [SEVERE ] setting player 2 freeze to -107
[2022-12-11 17:09:50] [SEVERE ] setting player 3 freeze to -108
[2022-12-11 17:09:50] [SEVERE ] player 2 placing token on slot 9
[2022-12-11 17:09:50] [SEVERE ] setting player 2 freeze to 0
[2022-12-11 17:09:50] [SEVERE ] player 3 placing token on slot 10
[2022-12-11 17:09:50] [SEVERE ] removing player 2 token from slot 9
[2022-12-11 17:09:50] [SEVERE ] setting player 2 freeze to -108
[2022-12-11 17:09:50] [SEVERE ] removing player 3 token from slot 11
[2022-12-11 17:09:50] [SEVERE ] setting player 3 freeze to 0
[2022-12-11 17:09:50] [SEVERE ] player 2 placing token on slot 2
[2022-12-11 17:09:50] [SEVERE ] setting player 3 freeze to -109
[2022-12-11 17:09:50] [SEVERE ] player 3 placing token on slot 4
[2022-12-11 17:09:50] [SEVERE ] removing player 2 token from slot 2
[2022-12-11 17:09:50] [SEVERE ] setting player 2 freeze to 0
[2022-12-11 17:09:50] [SEVERE ] setting player 3 freeze to 0
[2022-12-11 17:09:50] [SEVERE ] removing player 3 token from slot 4
[2022-12-11 17:09:50] [SEVERE ] setting player 2 freeze to -108
[2022-12-11 17:09:50] [SEVERE ] player 2 placing token on slot 4
[2022-12-11 17:09:50] [SEVERE ] setting player 3 freeze to -103
[2022-12-11 17:09:50] [SEVERE ] player 3 placing token on slot 5
[2022-12-11 17:09:50] [SEVERE ] removing player 2 token from slot 4
[2022-12-11 17:09:50] [SEVERE ] setting player 2 freeze to 0
[2022-12-11 17:09:50] [SEVERE ] setting player 3 freeze to 0
[2022-12-11 17:09:50] [SEVERE ] removing player 3 token from slot 10
[2022-12-11 17:09:50] [SEVERE ] setting player 2 freeze to -109
[2022-12-11 17:09:50] [SEVERE ] player 2 placing token on slot 8
[2022-12-11 17:09:50] [SEVERE ] setting player 3 freeze to -110
[2022-12-11 17:09:50] [SEVERE ] setting player 2 freeze to 0
[2022-12-11 17:09:50] [SEVERE ] removing player 2 token from slot 5
[2022-12-11 17:09:51] [SEVERE ] player 3 placing token on slot 3
[2022-12-11 17:09:51] [SEVERE ] setting player 2 freeze to -115
[2022-12-11 17:09:51] [SEVERE ] removing player 3 token from slot 1
[2022-12-11 17:09:51] [SEVERE ] player 2 placing token on slot 11
[2022-12-11 17:09:51] [SEVERE ] setting player 2 freeze to 0
[2022-12-11 17:09:51] [SEVERE ] removing player 3 token from slot 3
[2022-12-11 17:09:51] [SEVERE ] removing player 2 token from slot 8
[2022-12-11 17:09:51] [SEVERE ] setting player 2 freeze to -110
[2022-12-11 17:09:51] [SEVERE ] player 3 placing token on slot 9
[2022-12-11 17:09:51] [SEVERE ] player 2 placing token on slot 10
[2022-12-11 17:09:51] [SEVERE ] setting player 2 freeze to 0
[2022-12-11 17:09:51] [SEVERE ] player 3 placing token on slot 2
[2022-12-11 17:09:51] [SEVERE ] setting player 3 freeze to 0
[2022-12-11 17:09:51] [SEVERE ] removing player 2 token from slot 11
[2022-12-11 17:09:51] [SEVERE ] setting player 2 freeze to -110
[2022-12-11 17:09:51] [SEVERE ] removing player 3 token from slot 2
[2022-12-11 17:09:51] [SEVERE ] setting player 3 freeze to -111
[2022-12-11 17:09:51] [SEVERE ] player 2 placing token on slot 6
[2022-12-11 17:09:51] [SEVERE ] removing player 3 token from slot 9
[2022-12-11 17:09:51] [SEVERE ] removing player 2 token from slot 7
[2022-12-11 17:09:51] [SEVERE ] setting player 2 freeze to 0
[2022-12-11 17:09:51] [SEVERE ] player 3 placing token on slot 6
[2022-12-11 17:09:51] [SEVERE ] player 2 placing token on slot 2
[2022-12-11 17:09:51] [SEVERE ] setting player 2 freeze to -108
[2022-12-11 17:09:51] [SEVERE ] player 3 placing token on slot 7
[2022-12-11 17:09:51] [SEVERE ] setting player 3 freeze to 0
[2022-12-11 17:09:51] [SEVERE ] removing player 2 token from slot 6
[2022-12-11 17:09:52] [SEVERE ] removing player 3 token from slot 6
[2022-12-11 17:09:52] [SEVERE ] setting player 3 freeze to -105
[2022-12-11 17:09:52] [SEVERE ] player 2 placing token on slot 11
[2022-12-11 17:09:52] [SEVERE ] removing player 3 token from slot 5
[2022-12-11 17:09:52] [SEVERE ] setting player 2 freeze to 0
[2022-12-11 17:09:52] [SEVERE ] removing player 2 token from slot 2
[2022-12-11 17:09:52] [SEVERE ] player 3 placing token on slot 5
[2022-12-11 17:09:52] [SEVERE ] setting player 2 freeze to -108
[2022-12-11 17:09:52] [SEVERE ] player 3 placing token on slot 2
[2022-12-11 17:09:52] [SEVERE ] setting player 3 freeze to 0
[2022-12-11 17:09:52] [SEVERE ] player 2 placing token on slot 1
[2022-12-11 17:09:52] [SEVERE ] setting player 2 freeze to 0
[2022-12-11 17:09:52] [SEVERE ] removing player 3 token from slot 2
[2022-12-11 17:09:52] [SEVERE ] setting player 3 freeze to -109
[2022-12-11 17:09:52] [SEVERE ] removing player 2 token from slot 11
[2022-12-11 17:09:52] [SEVERE ] setting player 2 freeze to -109
[2022-12-11 17:09:52] [SEVERE ] player 3 placing token on slot 6
[2022-12-11 17:09:52] [SEVERE ] player 2 placing token on slot 11
[2022-12-11 17:09:52] [SEVERE ] removing player 3 token from slot 7
[2022-12-11 17:09:52] [SEVERE ] setting player 3 freeze to 0
[2022-12-11 17:09:52] [SEVERE ] removing player 2 token from slot 1
[2022-12-11 17:09:52] [SEVERE ] setting player 2 freeze to 0
[2022-12-11 17:09:52] [SEVERE ] player 3 placing token on slot 0
[2022-12-11 17:09:52] [SEVERE ] setting player 3 freeze to -109
[2022-12-11 17:09:52] [SEVERE ] player 2 placing token on slot 1
[2022-12-11 17:09:52] [SEVERE ] setting player 2 freeze to -109
[2022-12-11 17:09:52] [SEVERE ] removing player 3 token from slot 6
[2022-12-11 17:09:52] [SEVERE ] removing player 2 token from slot 11
[2022-12-11 17:09:52] [SEVERE ] player 3 placing token on slot 11
[2022-12-11 17:09:53] [SEVERE ] player 2 placing token on slot 7
[2022-12-11 17:09:53] [SEVERE ] removing player 3 token from slot 0
[2022-12-11 17:09:53] [SEVERE ] setting player 3 freeze to 0
[2022-12-11 17:09:53] [SEVERE ] removing player 2 token from slot 1
[2022-12-11 17:09:53] [SEVERE ] setting player 2 freeze to 0
[2022-12-11 17:09:53] [SEVERE ] setting player 3 freeze to -108
[2022-12-11 17:09:53] [SEVERE ] removing player 3 token from slot 5
[2022-12-11 17:09:53] [SEVERE ] player 2 placing token on slot 0
[2022-12-11 17:09:53] [SEVERE ] setting player 2 freeze to -109
[2022-12-11 17:09:53] [SEVERE ] player 3 placing token on slot 10
[2022-12-11 17:09:53] [SEVERE ] removing player 2 token from slot 0
[2022-12-11 17:09:53] [SEVERE ] setting player 3 freeze to 0
[2022-12-11 17:09:53] [SEVERE ] player 3 placing token on slot 9
[2022-12-11 17:09:53] [SEVERE ] removing player 2 token from slot 7
[2022-12-11 17:09:53] [SEVERE ] setting player 3 freeze to -123
[2022-12-11 17:09:53] [SEVERE ] removing player 3 token from slot 9
[2022-12-11 17:09:53] [SEVERE ] removing player 2 token from slot 10
[2022-12-11 17:09:53] [SEVERE ] player 3 placing token on slot 9
[2022-12-11 17:09:53] [SEVERE ] player 2 placing token on slot 7
[2022-12-11 17:09:53] [SEVERE ] setting player 3 freeze to 0
[2022-12-11 17:09:53] [SEVERE ] removing player 3 token from slot 11
[2022-12-11 17:09:53] [SEVERE ] player 2 placing token on slot 9
[2022-12-11 17:09:53] [SEVERE ] setting player 3 freeze to -108
[2022-12-11 17:09:53] [SEVERE ] player 2 placing token on slot 11
[2022-12-11 17:09:53] [SEVERE ] setting player 2 freeze to 0
[2022-12-11 17:09:53] [SEVERE ] player 3 placing token on slot 11
[2022-12-11 17:09:54] [SEVERE ] removing player 2 token from slot 9
[2022-12-11 17:09:54] [SEVERE ] setting player 2 freeze to -108
[2022-12-11 17:09:54] [SEVERE ] removing player 3 token from slot 10
[2022-12-11 17:09:54] [SEVERE ] setting player 3 freeze to 0
[2022-12-11 17:09:54] [SEVERE ] player 2 placing token on slot 0
[2022-12-11 17:09:54] [SEVERE ] removing player 3 token from slot 9
[2022-12-11 17:09:54] [SEVERE ] setting player 3 freeze to -107
[2022-12-11 17:09:54] [SEVERE ] removing player 2 token from slot 11
[2022-12-11 17:09:54] [SEVERE ] setting player 2 freeze to 0
[2022-12-11 17:09:54] [SEVERE ] player 3 placing token on slot 8
[2022-12-11 17:09:54] [SEVERE ] setting player 2 freeze to -109
[2022-12-11 17:09:54] [SEVERE ] player 2 placing token on slot 8
[2022-12-11 17:09:54] [SEVERE ] player 3 placing token on slot 1
[2022-12-11 17:09:54] [SEVERE ] setting player 3 freeze to 0
[2022-12-11 17:09:54] [SEVERE ] setting player 2 freeze to -1
[2022-12-11 17:09:54] [SEVERE ] removing player 2 token from slot 7
[2022-12-11 17:09:54] [SEVERE ] setting player 3 freeze to -107
[2022-12-11 17:09:54] [SEVERE ] removing player 3 token from slot 11
[2022-12-11 17:09:54] [SEVERE ] setting player 2 freeze to -102
[2022-12-11 17:09:54] [SEVERE ] player 3 placing token on slot 5
[2022-12-11 17:09:54] [SEVERE ] removing player 2 token from slot 8
[2022-12-11 17:09:54] [SEVERE ] removing player 3 token from slot 1
[2022-12-11 17:09:54] [SEVERE ] setting player 3 freeze to 0
[2022-12-11 17:09:54] [SEVERE ] player 2 placing token on slot 3
[2022-12-11 17:09:54] [SEVERE ] player 3 placing token on slot 11
[2022-12-11 17:09:54] [SEVERE ] setting player 3 freeze to -110
[2022-12-11 17:09:54] [SEVERE ] removing player 2 token from slot 0
[2022-12-11 17:09:54] [SEVERE ] removing player 3 token from slot 8
[2022-12-11 17:09:55] [SEVERE ] removing player 2 token from slot 3
[2022-12-11 17:09:55] [SEVERE ] player 3 placing token on slot 0
[2022-12-11 17:09:55] [SEVERE ] player 2 placing token on slot 0
[2022-12-11 17:09:55] [SEVERE ] removing player 3 token from slot 5
[2022-12-11 17:09:55] [SEVERE ] setting player 3 freeze to 0
[2022-12-11 17:09:55] [SEVERE ] player 2 placing token on slot 2
[2022-12-11 17:09:55] [SEVERE ] player 3 placing token on slot 2
[2022-12-11 17:09:55] [SEVERE ] setting player 3 freeze to -109
[2022-12-11 17:09:55] [SEVERE ] setting player 2 freeze to 0
[2022-12-11 17:09:55] [SEVERE ] player 2 placing token on slot 7
[2022-12-11 17:09:55] [SEVERE ] removing player 3 token from slot 11
[2022-12-11 17:09:55] [SEVERE ] setting player 2 freeze to -108
[2022-12-11 17:09:55] [SEVERE ] player 3 placing token on slot 3
[2022-12-11 17:09:55] [SEVERE ] removing player 2 token from slot 2
[2022-12-11 17:09:55] [SEVERE ] removing player 3 token from slot 3
[2022-12-11 17:09:55] [SEVERE ] player 2 placing token on slot 3
[2022-12-11 17:09:55] [SEVERE ] removing player 3 token from slot 0
[2022-12-11 17:09:55] [SEVERE ] removing player 2 token from slot 0
[2022-12-11 17:09:55] [SEVERE ] setting player 2 freeze to 0
[2022-12-11 17:09:55] [SEVERE ] player 3 placing token on slot 4
[2022-12-11 17:09:55] [SEVERE ] setting player 2 freeze to -108
[2022-12-11 17:09:55] [SEVERE ] player 2 placing token on slot 1
[2022-12-11 17:09:55] [SEVERE ] player 3 placing token on slot 11
[2022-12-11 17:09:55] [SEVERE ] setting player 3 freeze to 0
[2022-12-11 17:09:55] [SEVERE ] setting player 2 freeze to 0
[2022-12-11 17:09:55] [SEVERE ] removing player 2 token from slot 3
[2022-12-11 17:09:56] [SEVERE ] removing player 3 token from slot 2
[2022-12-11 17:09:56] [SEVERE ] setting player 3 freeze to -110
[2022-12-11 17:09:56] [SEVERE ] setting player 2 freeze to -115
[2022-12-11 17:09:56] [SEVERE ] removing player 3 token from slot 4
[2022-12-11 17:09:56] [SEVERE ] player 2 placing token on slot 8
[2022-12-11 17:09:56] [SEVERE ] setting player 2 freeze to 0
[2022-12-11 17:09:56] [SEVERE ] player 3 placing token on slot 9
[2022-12-11 17:09:56] [SEVERE ] removing player 2 token from slot 7
[2022-12-11 17:09:56] [SEVERE ] setting player 2 freeze to -109
[2022-12-11 17:09:56] [SEVERE ] player 3 placing token on slot 4
[2022-12-11 17:09:56] [SEVERE ] setting player 3 freeze to 0
[2022-12-11 17:09:56] [SEVERE ] player 2 placing token on slot 11
[2022-12-11 17:09:56] [SEVERE ] removing player 3 token from slot 4
[2022-12-11 17:09:56] [SEVERE ] setting player 3 freeze to -109
[2022-12-11 17:09:56] [SEVERE ] removing player 2 token from slot 8
[2022-12-11 17:09:56] [SEVERE ] setting player 2 freeze to 0
[2022-12-11 17:09:56] [SEVERE ] player 3 placing token on slot 4
[2022-12-11 17:09:56] [SEVERE ] player 2 placing token on slot 9
[2022-12-11 17:09:56] [SEVERE ] setting player 2 freeze to -108
[2022-12-11 17:09:56] [SEVERE ] removing player 3 token from slot 9
[2022-12-11 17:09:56] [SEVERE ] setting player 3 freeze to 0
[2022-12-11 17:09:56] [SEVERE ] removing player 2 token from slot 11
[2022-12-11 17:09:56] [SEVERE ] setting player 3 freeze to -111
[2022-12-11 17:09:56] [SEVERE ] removing player 3 token from slot 4
[2022-12-11 17:09:56] [SEVERE ] removing player 2 token from slot 9
[2022-12-11 17:09:56] [SEVERE ] player 3 placing token on slot 2
[2022-12-11 17:09:56] [SEVERE ] player 2 placing token on slot 6
[2022-12-11 17:09:57] [SEVERE ] removing player 3 token from slot 2
[2022-12-11 17:09:57] [SEVERE ] player 2 placing token on slot 4
[2022-12-11 17:09:57] [SEVERE ] setting player 2 freeze to 0
[2022-12-11 17:09:57] [SEVERE ] player 3 placing token on slot 5
[2022-12-11 17:09:57] [SEVERE ] removing player 2 token from slot 6
[2022-12-11 17:09:57] [SEVERE ] setting player 2 freeze to -110
[2022-12-11 17:09:57] [SEVERE ] setting player 3 freeze to 0
[2022-12-11 17:09:57] [SEVERE ] player 3 placing token on slot 0
[2022-12-11 17:09:57] [SEVERE ] player 2 placing token on slot 11
[2022-12-11 17:09:57] [SEVERE ] setting player 3 freeze to -110
[2022-12-11 17:09:57] [SEVERE ] Exit button pressed
[2022-12-11 17:09:57] [SEVERE ] removing player 3 token from slot 11
[2022-12-11 17:09:57] [SEVERE ] removing player 2 token from slot 11
[2022-12-11 17:09:57] [SEVERE ] removing card from slot 0
[2022-12-11 17:09:57] [SEVERE ] removing card from slot 1
[2022-12-11 17:09:57] [SEVERE ] removing card from slot 2
[2022-12-11 17:09:57] [SEVERE ] removing card from slot 3
[2022-12-11 17:09:57] [SEVERE ] removing card from slot 4
[2022-12-11 17:09:58] [SEVERE ] removing card from slot 5
[2022-12-11 17:09:58] [SEVERE ] removing card from slot 6
[2022-12-11 17:09:58] [SEVERE ] removing card from slot 7
[2022-12-11 17:09:58] [SEVERE ] removing card from slot 8
[2022-12-11 17:09:58] [SEVERE ] removing card from slot 9
[2022-12-11 17:09:58] [SEVERE ] removing card from slot 10
[2022-12-11 17:09:58] [SEVERE ] removing card from slot 11
[2022-12-11 17:09:58] [SEVERE ] removing player 0 token from slot 0
[2022-12-11 17:09:58] [SEVERE ] removing player 0 token from slot 1
[2022-12-11 17:09:59] [SEVERE ] removing player 0 token from slot 2
[2022-12-11 17:09:59] [SEVERE ] removing player 0 token from slot 3
[2022-12-11 17:09:59] [SEVERE ] removing player 0 token from slot 4
[2022-12-11 17:09:59] [SEVERE ] removing player 0 token from slot 5
[2022-12-11 17:09:59] [SEVERE ] removing player 0 token from slot 6
[2022-12-11 17:09:59] [SEVERE ] removing player 0 token from slot 7
[2022-12-11 17:09:59] [SEVERE ] removing player 0 token from slot 8
[2022-12-11 17:09:59] [SEVERE ] removing player 0 token from slot 9
[2022-12-11 17:09:59] [SEVERE ] removing player 0 token from slot 10
[2022-12-11 17:09:59] [SEVERE ] removing player 0 token from slot 11
[2022-12-11 17:10:00] [SEVERE ] removing player 1 token from slot 0
[2022-12-11 17:10:00] [SEVERE ] removing player 1 token from slot 1
[2022-12-11 17:10:00] [SEVERE ] removing player 1 token from slot 2
[2022-12-11 17:10:00] [SEVERE ] removing player 1 token from slot 3
[2022-12-11 17:10:00] [SEVERE ] removing player 1 token from slot 4
[2022-12-11 17:10:00] [SEVERE ] removing player 1 token from slot 5
[2022-12-11 17:10:00] [SEVERE ] removing player 1 token from slot 6
[2022-12-11 17:10:00] [SEVERE ] removing player 1 token from slot 7
[2022-12-11 17:10:00] [SEVERE ] removing player 1 token from slot 8
[2022-12-11 17:10:01] [SEVERE ] removing player 1 token from slot 9
[2022-12-11 17:10:01] [SEVERE ] removing player 1 token from slot 10
[2022-12-11 17:10:01] [SEVERE ] removing player 1 token from slot 11
[2022-12-11 17:10:01] [SEVERE ] removing player 2 token from slot 0
[2022-12-11 17:10:01] [SEVERE ] removing player 2 token from slot 1
