[2022-12-14 11:18:42] [INFO   ] cannot read configuration file config.properties trying from resources.
[2022-12-14 11:18:42] [INFO   ] configuration file was loaded from resources directory.
[2022-12-14 11:18:43] [SEVERE ] placing card 33 in slot 11
[2022-12-14 11:18:44] [SEVERE ] placing card 63 in slot 0
[2022-12-14 11:18:44] [SEVERE ] placing card 35 in slot 5
[2022-12-14 11:18:44] [SEVERE ] placing card 16 in slot 2
[2022-12-14 11:18:44] [SEVERE ] placing card 56 in slot 6
[2022-12-14 11:18:44] [SEVERE ] placing card 20 in slot 3
[2022-12-14 11:18:44] [SEVERE ] placing card 67 in slot 10
[2022-12-14 11:18:44] [SEVERE ] placing card 46 in slot 9
[2022-12-14 11:18:44] [SEVERE ] placing card 27 in slot 1
[2022-12-14 11:18:44] [SEVERE ] placing card 76 in slot 7
[2022-12-14 11:18:45] [SEVERE ] placing card 43 in slot 8
[2022-12-14 11:18:45] [SEVERE ] placing card 72 in slot 4
[2022-12-14 11:18:45] [SEVERE ] player 1 placing token on slot 10
[2022-12-14 11:18:45] [SEVERE ] player 2 placing token on slot 7
[2022-12-14 11:18:45] [SEVERE ] player 0 placing token on slot 9
[2022-12-14 11:18:45] [SEVERE ] player 3 placing token on slot 6
[2022-12-14 11:18:45] [SEVERE ] player 2 placing token on slot 0
[2022-12-14 11:18:45] [SEVERE ] player 1 placing token on slot 6
[2022-12-14 11:18:45] [SEVERE ] player 0 placing token on slot 7
[2022-12-14 11:18:45] [SEVERE ] player 3 placing token on slot 3
[2022-12-14 11:18:45] [SEVERE ] player 2 placing token on slot 5
[2022-12-14 11:18:45] [SEVERE ] player 1 placing token on slot 9
[2022-12-14 11:18:45] [SEVERE ] player 0 placing token on slot 4
[2022-12-14 11:18:45] [SEVERE ] player 3 placing token on slot 9
[2022-12-14 11:18:45] [SEVERE ] setting player 0 freeze to 0
[2022-12-14 11:18:45] [SEVERE ] setting player 1 freeze to 0
[2022-12-14 11:18:45] [SEVERE ] setting player 2 freeze to 0
[2022-12-14 11:18:45] [SEVERE ] setting player 3 freeze to 0
[2022-12-14 11:18:45] [SEVERE ] removing player 2 token from slot 7
[2022-12-14 11:18:45] [SEVERE ] removing player 3 token from slot 3
[2022-12-14 11:18:45] [SEVERE ] removing player 0 token from slot 9
[2022-12-14 11:18:45] [SEVERE ] removing player 1 token from slot 10
[2022-12-14 11:18:45] [SEVERE ] setting player 0 freeze to -120
[2022-12-14 11:18:45] [SEVERE ] setting player 1 freeze to -137
[2022-12-14 11:18:45] [SEVERE ] setting player 2 freeze to -141
[2022-12-14 11:18:45] [SEVERE ] setting player 3 freeze to -143
[2022-12-14 11:18:45] [SEVERE ] player 0 placing token on slot 0
[2022-12-14 11:18:45] [SEVERE ] removing player 1 token from slot 6
[2022-12-14 11:18:45] [SEVERE ] removing player 2 token from slot 0
[2022-12-14 11:18:45] [SEVERE ] player 3 placing token on slot 8
[2022-12-14 11:18:45] [SEVERE ] setting player 0 freeze to 0
[2022-12-14 11:18:45] [SEVERE ] removing player 0 token from slot 7
[2022-12-14 11:18:45] [SEVERE ] player 1 placing token on slot 0
[2022-12-14 11:18:45] [SEVERE ] player 2 placing token on slot 2
[2022-12-14 11:18:45] [SEVERE ] setting player 3 freeze to 0
[2022-12-14 11:18:45] [SEVERE ] removing player 3 token from slot 8
[2022-12-14 11:18:46] [SEVERE ] setting player 0 freeze to -102
[2022-12-14 11:18:46] [SEVERE ] player 1 placing token on slot 10
[2022-12-14 11:18:46] [SEVERE ] player 2 placing token on slot 8
[2022-12-14 11:18:46] [SEVERE ] setting player 3 freeze to -101
[2022-12-14 11:18:46] [SEVERE ] player 0 placing token on slot 11
[2022-12-14 11:18:46] [SEVERE ] setting player 1 freeze to 0
[2022-12-14 11:18:46] [SEVERE ] setting player 2 freeze to 0
[2022-12-14 11:18:46] [SEVERE ] player 3 placing token on slot 8
[2022-12-14 11:18:46] [SEVERE ] removing player 2 token from slot 2
[2022-12-14 11:18:46] [SEVERE ] removing player 1 token from slot 0
[2022-12-14 11:18:46] [SEVERE ] removing player 0 token from slot 11
[2022-12-14 11:18:46] [SEVERE ] setting player 0 freeze to 0
[2022-12-14 11:18:46] [SEVERE ] setting player 1 freeze to -103
[2022-12-14 11:18:46] [SEVERE ] setting player 3 freeze to 0
[2022-12-14 11:18:46] [SEVERE ] setting player 2 freeze to -103
[2022-12-14 11:18:46] [SEVERE ] removing player 3 token from slot 8
[2022-12-14 11:18:46] [SEVERE ] setting player 0 freeze to -103
[2022-12-14 11:18:46] [SEVERE ] player 1 placing token on slot 11
[2022-12-14 11:18:46] [SEVERE ] setting player 3 freeze to -105
[2022-12-14 11:18:46] [SEVERE ] player 2 placing token on slot 3
[2022-12-14 11:18:46] [SEVERE ] player 0 placing token on slot 2
[2022-12-14 11:18:46] [SEVERE ] setting player 1 freeze to 0
[2022-12-14 11:18:46] [SEVERE ] removing player 1 token from slot 9
[2022-12-14 11:18:46] [SEVERE ] player 3 placing token on slot 3
[2022-12-14 11:18:46] [SEVERE ] setting player 2 freeze to 0
[2022-12-14 11:18:46] [SEVERE ] removing player 2 token from slot 5
[2022-12-14 11:18:46] [SEVERE ] setting player 0 freeze to 0
[2022-12-14 11:18:46] [SEVERE ] removing player 0 token from slot 0
[2022-12-14 11:18:46] [SEVERE ] setting player 1 freeze to -103
[2022-12-14 11:18:46] [SEVERE ] setting player 3 freeze to 0
[2022-12-14 11:18:46] [SEVERE ] setting player 2 freeze to -103
[2022-12-14 11:18:46] [SEVERE ] removing player 3 token from slot 3
[2022-12-14 11:18:46] [SEVERE ] setting player 0 freeze to -104
[2022-12-14 11:18:46] [SEVERE ] player 1 placing token on slot 6
[2022-12-14 11:18:46] [SEVERE ] setting player 3 freeze to -103
[2022-12-14 11:18:46] [SEVERE ] player 2 placing token on slot 0
[2022-12-14 11:18:46] [SEVERE ] player 0 placing token on slot 0
[2022-12-14 11:18:46] [SEVERE ] removing player 1 token from slot 11
[2022-12-14 11:18:46] [SEVERE ] setting player 1 freeze to 0
[2022-12-14 11:18:46] [SEVERE ] removing player 3 token from slot 9
[2022-12-14 11:18:46] [SEVERE ] removing player 2 token from slot 0
[2022-12-14 11:18:46] [SEVERE ] removing player 0 token from slot 0
[2022-12-14 11:18:46] [SEVERE ] setting player 0 freeze to 0
[2022-12-14 11:18:46] [SEVERE ] setting player 1 freeze to -106
[2022-12-14 11:18:46] [SEVERE ] player 3 placing token on slot 10
[2022-12-14 11:18:46] [SEVERE ] player 2 placing token on slot 7
[2022-12-14 11:18:46] [SEVERE ] setting player 0 freeze to -102
[2022-12-14 11:18:46] [SEVERE ] player 1 placing token on slot 1
[2022-12-14 11:18:46] [SEVERE ] removing player 2 token from slot 8
[2022-12-14 11:18:46] [SEVERE ] player 3 placing token on slot 3
[2022-12-14 11:18:46] [SEVERE ] setting player 3 freeze to 0
[2022-12-14 11:18:47] [SEVERE ] player 0 placing token on slot 7
[2022-12-14 11:18:47] [SEVERE ] setting player 1 freeze to 0
[2022-12-14 11:18:47] [SEVERE ] removing player 1 token from slot 6
[2022-12-14 11:18:47] [SEVERE ] removing player 2 token from slot 3
[2022-12-14 11:18:47] [SEVERE ] removing player 3 token from slot 6
[2022-12-14 11:18:47] [SEVERE ] setting player 3 freeze to -102
[2022-12-14 11:18:47] [SEVERE ] setting player 0 freeze to 0
[2022-12-14 11:18:47] [SEVERE ] removing player 0 token from slot 7
[2022-12-14 11:18:47] [SEVERE ] setting player 1 freeze to -103
[2022-12-14 11:18:47] [SEVERE ] player 2 placing token on slot 9
[2022-12-14 11:18:47] [SEVERE ] removing player 3 token from slot 3
[2022-12-14 11:18:47] [SEVERE ] setting player 0 freeze to -103
[2022-12-14 11:18:47] [SEVERE ] player 1 placing token on slot 11
[2022-12-14 11:18:47] [SEVERE ] player 2 placing token on slot 3
[2022-12-14 11:18:47] [SEVERE ] player 3 placing token on slot 0
[2022-12-14 11:18:47] [SEVERE ] player 0 placing token on slot 8
[2022-12-14 11:18:47] [SEVERE ] removing player 1 token from slot 11
[2022-12-14 11:18:47] [SEVERE ] setting player 2 freeze to 0
[2022-12-14 11:18:47] [SEVERE ] removing player 2 token from slot 7
[2022-12-14 11:18:47] [SEVERE ] removing player 3 token from slot 10
[2022-12-14 11:18:47] [SEVERE ] setting player 0 freeze to 0
[2022-12-14 11:18:47] [SEVERE ] removing player 0 token from slot 4
[2022-12-14 11:18:47] [SEVERE ] removing player 1 token from slot 10
[2022-12-14 11:18:47] [SEVERE ] setting player 2 freeze to -102
[2022-12-14 11:18:47] [SEVERE ] player 3 placing token on slot 8
[2022-12-14 11:18:47] [SEVERE ] setting player 0 freeze to -102
[2022-12-14 11:18:47] [SEVERE ] player 1 placing token on slot 10
[2022-12-14 11:18:47] [SEVERE ] player 2 placing token on slot 5
[2022-12-14 11:18:47] [SEVERE ] player 3 placing token on slot 6
[2022-12-14 11:18:47] [SEVERE ] player 0 placing token on slot 0
[2022-12-14 11:18:47] [SEVERE ] player 1 placing token on slot 5
[2022-12-14 11:18:47] [SEVERE ] setting player 3 freeze to 0
[2022-12-14 11:18:47] [SEVERE ] removing player 2 token from slot 9
[2022-12-14 11:18:47] [SEVERE ] setting player 2 freeze to 0
[2022-12-14 11:18:47] [SEVERE ] removing player 3 token from slot 6
[2022-12-14 11:18:47] [SEVERE ] removing player 0 token from slot 0
[2022-12-14 11:18:47] [SEVERE ] setting player 0 freeze to 0
[2022-12-14 11:18:47] [SEVERE ] setting player 1 freeze to 0
[2022-12-14 11:18:47] [SEVERE ] removing player 1 token from slot 10
[2022-12-14 11:18:47] [SEVERE ] setting player 3 freeze to -103
[2022-12-14 11:18:47] [SEVERE ] setting player 2 freeze to -104
[2022-12-14 11:18:47] [SEVERE ] setting player 0 freeze to -102
[2022-12-14 11:18:47] [SEVERE ] setting player 1 freeze to -104
[2022-12-14 11:18:47] [SEVERE ] removing player 3 token from slot 8
[2022-12-14 11:18:47] [SEVERE ] player 2 placing token on slot 1
[2022-12-14 11:18:47] [SEVERE ] setting player 2 freeze to 0
[2022-12-14 11:18:47] [SEVERE ] player 0 placing token on slot 9
[2022-12-14 11:18:47] [SEVERE ] player 1 placing token on slot 11
[2022-12-14 11:18:48] [SEVERE ] player 3 placing token on slot 3
[2022-12-14 11:18:48] [SEVERE ] removing player 2 token from slot 3
[2022-12-14 11:18:48] [SEVERE ] setting player 2 freeze to -102
[2022-12-14 11:18:48] [SEVERE ] removing player 0 token from slot 9
[2022-12-14 11:18:48] [SEVERE ] setting player 0 freeze to 0
[2022-12-14 11:18:48] [SEVERE ] setting player 1 freeze to 0
[2022-12-14 11:18:48] [SEVERE ] removing player 1 token from slot 1
[2022-12-14 11:18:48] [SEVERE ] removing player 3 token from slot 0
[2022-12-14 11:18:48] [SEVERE ] player 2 placing token on slot 3
[2022-12-14 11:18:48] [SEVERE ] player 0 placing token on slot 3
[2022-12-14 11:18:48] [SEVERE ] setting player 0 freeze to -102
[2022-12-14 11:18:48] [SEVERE ] setting player 1 freeze to -103
[2022-12-14 11:18:48] [SEVERE ] removing player 3 token from slot 3
[2022-12-14 11:18:48] [SEVERE ] setting player 2 freeze to 0
[2022-12-14 11:18:48] [SEVERE ] removing player 2 token from slot 5
[2022-12-14 11:18:48] [SEVERE ] removing player 0 token from slot 2
[2022-12-14 11:18:48] [SEVERE ] removing player 1 token from slot 5
[2022-12-14 11:18:48] [SEVERE ] player 3 placing token on slot 2
[2022-12-14 11:18:48] [SEVERE ] setting player 2 freeze to -104
[2022-12-14 11:18:48] [SEVERE ] player 0 placing token on slot 9
[2022-12-14 11:18:48] [SEVERE ] player 1 placing token on slot 10
[2022-12-14 11:18:48] [SEVERE ] player 3 placing token on slot 1
[2022-12-14 11:18:48] [SEVERE ] player 2 placing token on slot 6
[2022-12-14 11:18:48] [SEVERE ] setting player 0 freeze to 0
[2022-12-14 11:18:48] [SEVERE ] removing player 0 token from slot 8
[2022-12-14 11:18:48] [SEVERE ] player 1 placing token on slot 9
[2022-12-14 11:18:48] [SEVERE ] player 3 placing token on slot 9
[2022-12-14 11:18:48] [SEVERE ] removing player 2 token from slot 3
[2022-12-14 11:18:48] [SEVERE ] setting player 2 freeze to 0
[2022-12-14 11:18:48] [SEVERE ] setting player 0 freeze to -102
[2022-12-14 11:18:48] [SEVERE ] setting player 1 freeze to 0
[2022-12-14 11:18:48] [SEVERE ] removing player 1 token from slot 11
[2022-12-14 11:18:48] [SEVERE ] setting player 3 freeze to 0
[2022-12-14 11:18:48] [SEVERE ] removing player 3 token from slot 9
[2022-12-14 11:18:48] [SEVERE ] setting player 2 freeze to -105
[2022-12-14 11:18:48] [SEVERE ] player 0 placing token on slot 6
[2022-12-14 11:18:48] [SEVERE ] setting player 1 freeze to -103
[2022-12-14 11:18:48] [SEVERE ] setting player 3 freeze to -103
[2022-12-14 11:18:48] [SEVERE ] player 2 placing token on slot 4
[2022-12-14 11:18:48] [SEVERE ] setting player 0 freeze to 0
[2022-12-14 11:18:48] [SEVERE ] removing player 0 token from slot 9
[2022-12-14 11:18:48] [SEVERE ] player 1 placing token on slot 6
[2022-12-14 11:18:48] [SEVERE ] removing player 3 token from slot 1
[2022-12-14 11:18:48] [SEVERE ] removing player 2 token from slot 4
[2022-12-14 11:18:48] [SEVERE ] setting player 0 freeze to -103
[2022-12-14 11:18:48] [SEVERE ] setting player 1 freeze to 0
[2022-12-14 11:18:48] [SEVERE ] removing player 1 token from slot 6
[2022-12-14 11:18:48] [SEVERE ] player 3 placing token on slot 8
[2022-12-14 11:18:48] [SEVERE ] player 2 placing token on slot 11
[2022-12-14 11:18:48] [SEVERE ] removing player 0 token from slot 6
[2022-12-14 11:18:48] [SEVERE ] setting player 1 freeze to -102
[2022-12-14 11:18:49] [SEVERE ] player 3 placing token on slot 4
[2022-12-14 11:18:49] [SEVERE ] removing player 2 token from slot 11
[2022-12-14 11:18:49] [SEVERE ] setting player 2 freeze to 0
[2022-12-14 11:18:49] [SEVERE ] player 0 placing token on slot 7
[2022-12-14 11:18:49] [SEVERE ] player 1 placing token on slot 4
[2022-12-14 11:18:49] [SEVERE ] setting player 3 freeze to 0
[2022-12-14 11:18:49] [SEVERE ] removing player 3 token from slot 4
[2022-12-14 11:18:49] [SEVERE ] setting player 2 freeze to -114
[2022-12-14 11:18:49] [SEVERE ] removing player 1 token from slot 4
[2022-12-14 11:18:49] [SEVERE ] player 0 placing token on slot 0
[2022-12-14 11:18:49] [SEVERE ] setting player 3 freeze to -107
[2022-12-14 11:18:49] [SEVERE ] player 2 placing token on slot 0
[2022-12-14 11:18:49] [SEVERE ] player 1 placing token on slot 6
[2022-12-14 11:18:49] [SEVERE ] removing player 0 token from slot 0
[2022-12-14 11:18:49] [SEVERE ] setting player 0 freeze to 0
[2022-12-14 11:18:49] [SEVERE ] player 3 placing token on slot 7
[2022-12-14 11:18:49] [SEVERE ] removing player 2 token from slot 1
[2022-12-14 11:18:49] [SEVERE ] removing player 1 token from slot 6
[2022-12-14 11:18:49] [SEVERE ] setting player 0 freeze to -106
[2022-12-14 11:18:49] [SEVERE ] player 0 placing token on slot 0
[2022-12-14 11:18:49] [SEVERE ] removing player 3 token from slot 2
[2022-12-14 11:18:49] [SEVERE ] player 2 placing token on slot 4
[2022-12-14 11:18:49] [SEVERE ] removing player 0 token from slot 3
[2022-12-14 11:18:49] [SEVERE ] player 1 placing token on slot 3
[2022-12-14 11:18:49] [SEVERE ] player 3 placing token on slot 2
[2022-12-14 11:18:49] [SEVERE ] removing player 2 token from slot 6
[2022-12-14 11:18:49] [SEVERE ] removing player 1 token from slot 9
[2022-12-14 11:18:49] [SEVERE ] player 0 placing token on slot 10
[2022-12-14 11:18:49] [SEVERE ] removing player 3 token from slot 8
[2022-12-14 11:18:49] [SEVERE ] setting player 3 freeze to 0
[2022-12-14 11:18:49] [SEVERE ] player 2 placing token on slot 2
[2022-12-14 11:18:49] [SEVERE ] removing player 0 token from slot 0
[2022-12-14 11:18:49] [SEVERE ] player 1 placing token on slot 11
[2022-12-14 11:18:49] [SEVERE ] setting player 0 freeze to 0
[2022-12-14 11:18:49] [SEVERE ] setting player 3 freeze to -108
[2022-12-14 11:18:49] [SEVERE ] player 3 placing token on slot 5
[2022-12-14 11:18:49] [SEVERE ] setting player 2 freeze to 0
[2022-12-14 11:18:49] [SEVERE ] removing player 2 token from slot 2
[2022-12-14 11:18:49] [SEVERE ] setting player 0 freeze to -109
[2022-12-14 11:18:49] [SEVERE ] removing player 1 token from slot 3
[2022-12-14 11:18:49] [SEVERE ] player 0 placing token on slot 1
[2022-12-14 11:18:49] [SEVERE ] removing player 3 token from slot 7
[2022-12-14 11:18:49] [SEVERE ] setting player 2 freeze to -108
[2022-12-14 11:18:49] [SEVERE ] player 1 placing token on slot 8
[2022-12-14 11:18:49] [SEVERE ] removing player 0 token from slot 1
[2022-12-14 11:18:49] [SEVERE ] player 3 placing token on slot 1
[2022-12-14 11:18:50] [SEVERE ] player 2 placing token on slot 2
[2022-12-14 11:18:50] [SEVERE ] removing player 1 token from slot 11
[2022-12-14 11:18:50] [SEVERE ] player 0 placing token on slot 6
[2022-12-14 11:18:50] [SEVERE ] removing player 3 token from slot 1
[2022-12-14 11:18:50] [SEVERE ] removing player 2 token from slot 2
[2022-12-14 11:18:50] [SEVERE ] setting player 2 freeze to 0
