[2022-12-14 12:12:11] [INFO   ] cannot read configuration file config.properties trying from resources.
[2022-12-14 12:12:11] [INFO   ] configuration file was loaded from resources directory.
[2022-12-14 12:12:12] [SEVERE ] placing card 72 in slot 1
[2022-12-14 12:12:12] [SEVERE ] placing card 43 in slot 9
[2022-12-14 12:12:12] [SEVERE ] placing card 2 in slot 7
[2022-12-14 12:12:12] [SEVERE ] placing card 23 in slot 10
[2022-12-14 12:12:12] [SEVERE ] placing card 6 in slot 2
[2022-12-14 12:12:13] [SEVERE ] placing card 4 in slot 0
[2022-12-14 12:12:13] [SEVERE ] placing card 80 in slot 3
[2022-12-14 12:12:13] [SEVERE ] placing card 8 in slot 8
[2022-12-14 12:12:13] [SEVERE ] placing card 75 in slot 6
[2022-12-14 12:12:13] [SEVERE ] placing card 57 in slot 4
[2022-12-14 12:12:13] [SEVERE ] placing card 73 in slot 5
[2022-12-14 12:12:13] [SEVERE ] placing card 66 in slot 11
[2022-12-14 12:12:13] [SEVERE ] player 0 placing token on slot 1
[2022-12-14 12:12:13] [SEVERE ] player 3 placing token on slot 11
[2022-12-14 12:12:13] [SEVERE ] player 1 placing token on slot 8
[2022-12-14 12:12:13] [SEVERE ] player 2 placing token on slot 2
[2022-12-14 12:12:13] [SEVERE ] player 0 placing token on slot 9
[2022-12-14 12:12:13] [SEVERE ] player 3 placing token on slot 6
[2022-12-14 12:12:13] [SEVERE ] player 2 placing token on slot 11
[2022-12-14 12:12:13] [SEVERE ] player 1 placing token on slot 5
[2022-12-14 12:12:13] [SEVERE ] player 0 placing token on slot 10
[2022-12-14 12:12:13] [SEVERE ] player 3 placing token on slot 4
[2022-12-14 12:12:13] [SEVERE ] setting player 0 freeze to 0
[2022-12-14 12:12:13] [SEVERE ] removing player 2 token from slot 11
[2022-12-14 12:12:13] [SEVERE ] removing player 1 token from slot 5
[2022-12-14 12:12:13] [SEVERE ] setting player 0 freeze to -26
[2022-12-14 12:12:13] [SEVERE ] removing player 0 token from slot 10
[2022-12-14 12:12:13] [SEVERE ] removing player 3 token from slot 6
[2022-12-14 12:12:13] [SEVERE ] removing player 3 token from slot 11
[2022-12-14 12:12:13] [SEVERE ] removing card from slot 11
[2022-12-14 12:12:13] [SEVERE ] removing player 3 token from slot 4
[2022-12-14 12:12:13] [SEVERE ] removing card from slot 4
[2022-12-14 12:12:13] [SEVERE ] setting player 3 score to 1
[2022-12-14 12:12:13] [SEVERE ] placing card 25 in slot 11
[2022-12-14 12:12:13] [SEVERE ] setting player 3 freeze to 0
[2022-12-14 12:12:13] [SEVERE ] removing player 3 token from slot 11
[2022-12-14 12:12:13] [SEVERE ] setting player 3 freeze to -13
[2022-12-14 12:12:13] [SEVERE ] player 0 placing token on slot 7
[2022-12-14 12:12:13] [SEVERE ] player 1 placing token on slot 7
[2022-12-14 12:12:13] [SEVERE ] player 2 placing token on slot 6
[2022-12-14 12:12:13] [SEVERE ] setting player 0 freeze to 0
[2022-12-14 12:12:13] [SEVERE ] removing player 0 token from slot 1
[2022-12-14 12:12:13] [SEVERE ] player 1 placing token on slot 2
[2022-12-14 12:12:13] [SEVERE ] removing player 2 token from slot 6
[2022-12-14 12:12:13] [SEVERE ] player 3 placing token on slot 3
[2022-12-14 12:12:13] [SEVERE ] placing card 18 in slot 4
[2022-12-14 12:12:13] [SEVERE ] setting player 0 freeze to -19
[2022-12-14 12:12:13] [SEVERE ] setting player 1 freeze to 0
[2022-12-14 12:12:13] [SEVERE ] setting player 1 freeze to -13
[2022-12-14 12:12:13] [SEVERE ] removing player 0 token from slot 9
[2022-12-14 12:12:14] [SEVERE ] removing player 1 token from slot 8
[2022-12-14 12:12:14] [SEVERE ] player 3 placing token on slot 1
[2022-12-14 12:12:14] [SEVERE ] player 2 placing token on slot 8
[2022-12-14 12:12:14] [SEVERE ] player 0 placing token on slot 9
[2022-12-14 12:12:14] [SEVERE ] removing player 3 token from slot 1
[2022-12-14 12:12:14] [SEVERE ] player 1 placing token on slot 3
[2022-12-14 12:12:14] [SEVERE ] player 2 placing token on slot 9
[2022-12-14 12:12:14] [SEVERE ] setting player 1 freeze to 0
[2022-12-14 12:12:14] [SEVERE ] setting player 1 freeze to -14
[2022-12-14 12:12:14] [SEVERE ] player 0 placing token on slot 8
[2022-12-14 12:12:14] [SEVERE ] setting player 2 freeze to 0
[2022-12-14 12:12:14] [SEVERE ] player 3 placing token on slot 2
[2022-12-14 12:12:14] [SEVERE ] removing player 2 token from slot 9
[2022-12-14 12:12:14] [SEVERE ] removing player 1 token from slot 3
[2022-12-14 12:12:14] [SEVERE ] setting player 2 freeze to -13
[2022-12-14 12:12:14] [SEVERE ] setting player 0 freeze to 0
[2022-12-14 12:12:14] [SEVERE ] setting player 0 freeze to -15
[2022-12-14 12:12:14] [SEVERE ] removing player 0 token from slot 7
[2022-12-14 12:12:14] [SEVERE ] player 3 placing token on slot 1
[2022-12-14 12:12:14] [SEVERE ] player 1 placing token on slot 10
[2022-12-14 12:12:14] [SEVERE ] setting player 3 freeze to 0
[2022-12-14 12:12:14] [SEVERE ] player 2 placing token on slot 6
[2022-12-14 12:12:14] [SEVERE ] setting player 3 freeze to -13
[2022-12-14 12:12:14] [SEVERE ] removing player 3 token from slot 2
[2022-12-14 12:12:14] [SEVERE ] player 0 placing token on slot 2
[2022-12-14 12:12:14] [SEVERE ] setting player 1 freeze to 0
[2022-12-14 12:12:14] [SEVERE ] removing player 1 token from slot 7
[2022-12-14 12:12:14] [SEVERE ] setting player 1 freeze to -12
[2022-12-14 12:12:14] [SEVERE ] removing player 2 token from slot 2
[2022-12-14 12:12:14] [SEVERE ] setting player 0 freeze to 0
[2022-12-14 12:12:14] [SEVERE ] player 3 placing token on slot 11
[2022-12-14 12:12:14] [SEVERE ] removing player 0 token from slot 8
[2022-12-14 12:12:14] [SEVERE ] setting player 0 freeze to -15
[2022-12-14 12:12:14] [SEVERE ] player 1 placing token on slot 1
[2022-12-14 12:12:14] [SEVERE ] removing player 2 token from slot 8
[2022-12-14 12:12:14] [SEVERE ] setting player 3 freeze to 0
[2022-12-14 12:12:14] [SEVERE ] removing player 3 token from slot 3
[2022-12-14 12:12:14] [SEVERE ] setting player 3 freeze to -15
[2022-12-14 12:12:14] [SEVERE ] player 0 placing token on slot 6
[2022-12-14 12:12:14] [SEVERE ] removing player 1 token from slot 10
[2022-12-14 12:12:14] [SEVERE ] player 2 placing token on slot 3
[2022-12-14 12:12:14] [SEVERE ] player 3 placing token on slot 5
[2022-12-14 12:12:14] [SEVERE ] removing player 0 token from slot 6
[2022-12-14 12:12:14] [SEVERE ] setting player 0 freeze to 0
[2022-12-14 12:12:14] [SEVERE ] player 1 placing token on slot 9
[2022-12-14 12:12:14] [SEVERE ] setting player 0 freeze to -13
[2022-12-14 12:12:14] [SEVERE ] player 2 placing token on slot 7
[2022-12-14 12:12:14] [SEVERE ] setting player 2 freeze to 0
[2022-12-14 12:12:14] [SEVERE ] removing player 3 token from slot 5
[2022-12-14 12:12:14] [SEVERE ] setting player 2 freeze to -14
[2022-12-14 12:12:14] [SEVERE ] setting player 3 freeze to 0
[2022-12-14 12:12:14] [SEVERE ] player 0 placing token on slot 7
[2022-12-14 12:12:14] [SEVERE ] removing player 1 token from slot 9
[2022-12-14 12:12:14] [SEVERE ] setting player 3 freeze to -14
[2022-12-14 12:12:14] [SEVERE ] setting player 0 freeze to 0
[2022-12-14 12:12:14] [SEVERE ] removing player 2 token from slot 3
[2022-12-14 12:12:14] [SEVERE ] setting player 0 freeze to -25
[2022-12-14 12:12:14] [SEVERE ] player 3 placing token on slot 0
[2022-12-14 12:12:14] [SEVERE ] removing player 0 token from slot 9
[2022-12-14 12:12:14] [SEVERE ] player 1 placing token on slot 10
[2022-12-14 12:12:14] [SEVERE ] setting player 3 freeze to 0
[2022-12-14 12:12:14] [SEVERE ] setting player 1 freeze to 0
[2022-12-14 12:12:14] [SEVERE ] player 2 placing token on slot 3
[2022-12-14 12:12:14] [SEVERE ] setting player 1 freeze to -13
[2022-12-14 12:12:14] [SEVERE ] setting player 3 freeze to -13
[2022-12-14 12:12:14] [SEVERE ] removing player 3 token from slot 0
[2022-12-14 12:12:14] [SEVERE ] player 0 placing token on slot 6
[2022-12-14 12:12:14] [SEVERE ] removing player 1 token from slot 1
[2022-12-14 12:12:14] [SEVERE ] setting player 2 freeze to 0
[2022-12-14 12:12:14] [SEVERE ] setting player 2 freeze to -12
[2022-12-14 12:12:14] [SEVERE ] removing player 2 token from slot 7
[2022-12-14 12:12:14] [SEVERE ] player 3 placing token on slot 4
[2022-12-14 12:12:14] [SEVERE ] setting player 0 freeze to 0
[2022-12-14 12:12:14] [SEVERE ] removing player 0 token from slot 7
[2022-12-14 12:12:14] [SEVERE ] player 1 placing token on slot 6
[2022-12-14 12:12:14] [SEVERE ] setting player 0 freeze to -12
[2022-12-14 12:12:14] [SEVERE ] setting player 1 freeze to 0
[2022-12-14 12:12:14] [SEVERE ] player 2 placing token on slot 4
[2022-12-14 12:12:14] [SEVERE ] setting player 1 freeze to -20
[2022-12-14 12:12:14] [SEVERE ] setting player 3 freeze to 0
[2022-12-14 12:12:14] [SEVERE ] removing player 3 token from slot 1
[2022-12-14 12:12:14] [SEVERE ] removing player 1 token from slot 10
[2022-12-14 12:12:14] [SEVERE ] setting player 3 freeze to -14
[2022-12-14 12:12:14] [SEVERE ] player 0 placing token on slot 3
[2022-12-14 12:12:14] [SEVERE ] removing player 2 token from slot 4
[2022-12-14 12:12:14] [SEVERE ] setting player 2 freeze to 0
[2022-12-14 12:12:14] [SEVERE ] setting player 2 freeze to -13
[2022-12-14 12:12:14] [SEVERE ] player 3 placing token on slot 9
[2022-12-14 12:12:14] [SEVERE ] player 1 placing token on slot 7
[2022-12-14 12:12:14] [SEVERE ] removing player 0 token from slot 2
[2022-12-14 12:12:14] [SEVERE ] removing player 3 token from slot 11
[2022-12-14 12:12:14] [SEVERE ] player 2 placing token on slot 2
[2022-12-14 12:12:14] [SEVERE ] setting player 1 freeze to 0
[2022-12-14 12:12:14] [SEVERE ] removing player 1 token from slot 6
[2022-12-14 12:12:14] [SEVERE ] setting player 1 freeze to -21
[2022-12-14 12:12:14] [SEVERE ] setting player 2 freeze to 0
[2022-12-14 12:12:14] [SEVERE ] player 0 placing token on slot 2
[2022-12-14 12:12:14] [SEVERE ] player 3 placing token on slot 7
[2022-12-14 12:12:14] [SEVERE ] removing player 2 token from slot 2
[2022-12-14 12:12:14] [SEVERE ] setting player 0 freeze to 0
[2022-12-14 12:12:14] [SEVERE ] setting player 0 freeze to -15
[2022-12-14 12:12:14] [SEVERE ] setting player 2 freeze to -26
[2022-12-14 12:12:14] [SEVERE ] setting player 3 freeze to 0
[2022-12-14 12:12:14] [SEVERE ] setting player 3 freeze to -14
[2022-12-14 12:12:14] [SEVERE ] player 1 placing token on slot 4
[2022-12-14 12:12:14] [SEVERE ] removing player 0 token from slot 6
[2022-12-14 12:12:14] [SEVERE ] removing player 3 token from slot 9
[2022-12-14 12:12:14] [SEVERE ] removing player 2 token from slot 6
[2022-12-14 12:12:14] [SEVERE ] removing player 1 token from slot 7
[2022-12-14 12:12:14] [SEVERE ] setting player 1 freeze to 0
[2022-12-14 12:12:14] [SEVERE ] setting player 1 freeze to -12
[2022-12-14 12:12:14] [SEVERE ] player 3 placing token on slot 1
[2022-12-14 12:12:14] [SEVERE ] player 0 placing token on slot 1
[2022-12-14 12:12:15] [SEVERE ] player 2 placing token on slot 1
[2022-12-14 12:12:15] [SEVERE ] setting player 0 freeze to 0
[2022-12-14 12:12:15] [SEVERE ] player 1 placing token on slot 6
[2022-12-14 12:12:15] [SEVERE ] setting player 0 freeze to -13
[2022-12-14 12:12:15] [SEVERE ] setting player 3 freeze to 0
[2022-12-14 12:12:15] [SEVERE ] setting player 1 freeze to 0
[2022-12-14 12:12:15] [SEVERE ] removing player 3 token from slot 1
[2022-12-14 12:12:15] [SEVERE ] setting player 3 freeze to -14
[2022-12-14 12:12:15] [SEVERE ] removing player 0 token from slot 3
[2022-12-14 12:12:15] [SEVERE ] setting player 1 freeze to -25
[2022-12-14 12:12:15] [SEVERE ] player 2 placing token on slot 6
[2022-12-14 12:12:15] [SEVERE ] removing player 1 token from slot 4
[2022-12-14 12:12:15] [SEVERE ] player 0 placing token on slot 3
[2022-12-14 12:12:15] [SEVERE ] player 3 placing token on slot 8
[2022-12-14 12:12:15] [SEVERE ] removing player 2 token from slot 3
[2022-12-14 12:12:15] [SEVERE ] player 1 placing token on slot 3
[2022-12-14 12:12:15] [SEVERE ] removing player 0 token from slot 1
[2022-12-14 12:12:15] [SEVERE ] setting player 3 freeze to 0
[2022-12-14 12:12:15] [SEVERE ] setting player 3 freeze to -12
[2022-12-14 12:12:15] [SEVERE ] removing player 3 token from slot 7
[2022-12-14 12:12:15] [SEVERE ] setting player 1 freeze to 0
[2022-12-14 12:12:15] [SEVERE ] player 2 placing token on slot 10
[2022-12-14 12:12:15] [SEVERE ] setting player 2 freeze to 0
[2022-12-14 12:12:15] [SEVERE ] setting player 2 freeze to -14
[2022-12-14 12:12:15] [SEVERE ] setting player 1 freeze to -25
[2022-12-14 12:12:15] [SEVERE ] removing player 1 token from slot 2
[2022-12-14 12:12:15] [SEVERE ] player 0 placing token on slot 6
[2022-12-14 12:12:15] [SEVERE ] removing player 2 token from slot 10
[2022-12-14 12:12:15] [SEVERE ] player 3 placing token on slot 1
[2022-12-14 12:12:15] [SEVERE ] player 1 placing token on slot 4
[2022-12-14 12:12:15] [SEVERE ] removing player 0 token from slot 2
[2022-12-14 12:12:15] [SEVERE ] setting player 3 freeze to 0
[2022-12-14 12:12:15] [SEVERE ] removing player 2 token from slot 6
[2022-12-14 12:12:15] [SEVERE ] setting player 3 freeze to -14
[2022-12-14 12:12:15] [SEVERE ] removing player 3 token from slot 4
[2022-12-14 12:12:15] [SEVERE ] removing player 1 token from slot 6
[2022-12-14 12:12:15] [SEVERE ] player 0 placing token on slot 4
[2022-12-14 12:12:15] [SEVERE ] player 2 placing token on slot 5
[2022-12-14 12:12:15] [SEVERE ] setting player 0 freeze to 0
[2022-12-14 12:12:15] [SEVERE ] setting player 0 freeze to -14
[2022-12-14 12:12:15] [SEVERE ] removing player 3 token from slot 8
[2022-12-14 12:12:15] [SEVERE ] player 1 placing token on slot 8
[2022-12-14 12:12:15] [SEVERE ] removing player 0 token from slot 6
[2022-12-14 12:12:15] [SEVERE ] setting player 1 freeze to 0
[2022-12-14 12:12:15] [SEVERE ] player 2 placing token on slot 9
[2022-12-14 12:12:15] [SEVERE ] setting player 1 freeze to -13
[2022-12-14 12:12:15] [SEVERE ] player 3 placing token on slot 7
[2022-12-14 12:12:15] [SEVERE ] removing player 1 token from slot 8
[2022-12-14 12:12:15] [SEVERE ] setting player 2 freeze to 0
[2022-12-14 12:12:15] [SEVERE ] player 0 placing token on slot 6
[2022-12-14 12:12:15] [SEVERE ] setting player 2 freeze to -13
[2022-12-14 12:12:15] [SEVERE ] removing player 2 token from slot 9
[2022-12-14 12:12:15] [SEVERE ] player 3 placing token on slot 11
[2022-12-14 12:12:15] [SEVERE ] setting player 3 freeze to 0
[2022-12-14 12:12:15] [SEVERE ] setting player 0 freeze to 0
[2022-12-14 12:12:15] [SEVERE ] player 1 placing token on slot 9
[2022-12-14 12:12:15] [SEVERE ] setting player 3 freeze to -12
[2022-12-14 12:12:15] [SEVERE ] removing player 0 token from slot 3
[2022-12-14 12:12:15] [SEVERE ] setting player 0 freeze to -13
[2022-12-14 12:12:15] [SEVERE ] player 2 placing token on slot 2
[2022-12-14 12:12:15] [SEVERE ] setting player 1 freeze to 0
[2022-12-14 12:12:15] [SEVERE ] removing player 3 token from slot 11
[2022-12-14 12:12:15] [SEVERE ] removing player 1 token from slot 3
[2022-12-14 12:12:15] [SEVERE ] setting player 1 freeze to -14
[2022-12-14 12:12:15] [SEVERE ] player 0 placing token on slot 2
[2022-12-14 12:12:15] [SEVERE ] setting player 2 freeze to 0
[2022-12-14 12:12:15] [SEVERE ] setting player 2 freeze to -13
[2022-12-14 12:12:15] [SEVERE ] removing player 2 token from slot 2
[2022-12-14 12:12:15] [SEVERE ] player 3 placing token on slot 3
[2022-12-14 12:12:15] [SEVERE ] removing player 1 token from slot 4
[2022-12-14 12:12:15] [SEVERE ] setting player 3 freeze to 0
[2022-12-14 12:12:15] [SEVERE ] removing player 0 token from slot 2
[2022-12-14 12:12:15] [SEVERE ] setting player 3 freeze to -13
[2022-12-14 12:12:15] [SEVERE ] player 2 placing token on slot 9
[2022-12-14 12:12:15] [SEVERE ] removing player 3 token from slot 7
[2022-12-14 12:12:15] [SEVERE ] removing player 1 token from slot 9
[2022-12-14 12:12:15] [SEVERE ] player 0 placing token on slot 7
[2022-12-14 12:12:15] [SEVERE ] setting player 0 freeze to 0
[2022-12-14 12:12:15] [SEVERE ] setting player 0 freeze to -15
[2022-12-14 12:12:15] [SEVERE ] removing player 2 token from slot 5
[2022-12-14 12:12:15] [SEVERE ] player 1 placing token on slot 5
[2022-12-14 12:12:15] [SEVERE ] player 3 placing token on slot 2
[2022-12-14 12:12:15] [SEVERE ] removing player 0 token from slot 6
[2022-12-14 12:12:15] [SEVERE ] setting player 3 freeze to 0
[2022-12-14 12:12:15] [SEVERE ] removing player 2 token from slot 9
[2022-12-14 12:12:15] [SEVERE ] setting player 3 freeze to -14
[2022-12-14 12:12:15] [SEVERE ] player 1 placing token on slot 8
[2022-12-14 12:12:15] [SEVERE ] removing player 3 token from slot 1
[2022-12-14 12:12:15] [SEVERE ] removing player 0 token from slot 7
[2022-12-14 12:12:15] [SEVERE ] player 2 placing token on slot 10
[2022-12-14 12:12:15] [SEVERE ] player 1 placing token on slot 4
[2022-12-14 12:12:15] [SEVERE ] removing player 3 token from slot 3
[2022-12-14 12:12:15] [SEVERE ] setting player 1 freeze to 0
[2022-12-14 12:12:15] [SEVERE ] setting player 1 freeze to -15
[2022-12-14 12:12:15] [SEVERE ] player 0 placing token on slot 10
[2022-12-14 12:12:15] [SEVERE ] player 2 placing token on slot 7
[2022-12-14 12:12:15] [SEVERE ] removing player 1 token from slot 4
[2022-12-14 12:12:15] [SEVERE ] player 3 placing token on slot 7
[2022-12-14 12:12:15] [SEVERE ] setting player 2 freeze to 0
[2022-12-14 12:12:15] [SEVERE ] setting player 2 freeze to -14
[2022-12-14 12:12:15] [SEVERE ] player 0 placing token on slot 8
[2022-12-14 12:12:15] [SEVERE ] removing player 2 token from slot 7
[2022-12-14 12:12:15] [SEVERE ] player 1 placing token on slot 6
[2022-12-14 12:12:15] [SEVERE ] setting player 0 freeze to 0
[2022-12-14 12:12:15] [SEVERE ] player 3 placing token on slot 10
[2022-12-14 12:12:15] [SEVERE ] setting player 3 freeze to 0
[2022-12-14 12:12:15] [SEVERE ] setting player 0 freeze to -15
[2022-12-14 12:12:15] [SEVERE ] setting player 3 freeze to -12
[2022-12-14 12:12:15] [SEVERE ] setting player 1 freeze to 0
[2022-12-14 12:12:15] [SEVERE ] removing player 0 token from slot 4
[2022-12-14 12:12:15] [SEVERE ] setting player 1 freeze to -15
[2022-12-14 12:12:15] [SEVERE ] player 2 placing token on slot 6
[2022-12-14 12:12:15] [SEVERE ] removing player 1 token from slot 5
[2022-12-14 12:12:15] [SEVERE ] removing player 3 token from slot 7
[2022-12-14 12:12:16] [SEVERE ] setting player 2 freeze to 0
[2022-12-14 12:12:16] [SEVERE ] player 0 placing token on slot 11
[2022-12-14 12:12:16] [SEVERE ] removing player 3 token from slot 10
[2022-12-14 12:12:16] [SEVERE ] setting player 2 freeze to -16
[2022-12-14 12:12:16] [SEVERE ] removing player 2 token from slot 1
[2022-12-14 12:12:16] [SEVERE ] removing player 1 token from slot 8
[2022-12-14 12:12:16] [SEVERE ] setting player 0 freeze to 0
[2022-12-14 12:12:16] [SEVERE ] removing player 0 token from slot 8
[2022-12-14 12:12:16] [SEVERE ] setting player 0 freeze to -15
[2022-12-14 12:12:16] [SEVERE ] player 3 placing token on slot 8
[2022-12-14 12:12:16] [SEVERE ] removing player 1 token from slot 6
[2022-12-14 12:12:16] [SEVERE ] removing player 2 token from slot 10
[2022-12-14 12:12:16] [SEVERE ] player 3 placing token on slot 3
[2022-12-14 12:12:16] [SEVERE ] player 2 placing token on slot 3
[2022-12-14 12:12:16] [SEVERE ] player 1 placing token on slot 5
[2022-12-14 12:12:16] [SEVERE ] removing player 0 token from slot 10
[2022-12-14 12:12:16] [SEVERE ] setting player 3 freeze to 0
[2022-12-14 12:12:16] [SEVERE ] setting player 3 freeze to -16
[2022-12-14 12:12:16] [SEVERE ] removing player 3 token from slot 3
[2022-12-14 12:12:16] [SEVERE ] removing player 2 token from slot 6
[2022-12-14 12:12:16] [SEVERE ] player 0 placing token on slot 2
[2022-12-14 12:12:16] [SEVERE ] player 1 placing token on slot 1
[2022-12-14 12:12:16] [SEVERE ] removing player 3 token from slot 8
[2022-12-14 12:12:16] [SEVERE ] player 2 placing token on slot 7
[2022-12-14 12:12:16] [SEVERE ] removing player 0 token from slot 11
[2022-12-14 12:12:16] [SEVERE ] player 1 placing token on slot 4
[2022-12-14 12:12:16] [SEVERE ] player 3 placing token on slot 3
[2022-12-14 12:12:16] [SEVERE ] player 2 placing token on slot 9
[2022-12-14 12:12:16] [SEVERE ] player 0 placing token on slot 8
[2022-12-14 12:12:16] [SEVERE ] setting player 1 freeze to 0
[2022-12-14 12:12:16] [SEVERE ] setting player 1 freeze to -14
[2022-12-14 12:12:16] [SEVERE ] removing player 1 token from slot 5
[2022-12-14 12:12:16] [SEVERE ] player 3 placing token on slot 6
[2022-12-14 12:12:16] [SEVERE ] removing player 2 token from slot 7
[2022-12-14 12:12:16] [SEVERE ] player 0 placing token on slot 6
[2022-12-14 12:12:16] [SEVERE ] setting player 3 freeze to 0
[2022-12-14 12:12:16] [SEVERE ] setting player 3 freeze to -15
[2022-12-14 12:12:16] [SEVERE ] player 1 placing token on slot 0
[2022-12-14 12:12:16] [SEVERE ] removing player 3 token from slot 6
[2022-12-14 12:12:16] [SEVERE ] player 2 placing token on slot 1
[2022-12-14 12:12:16] [SEVERE ] removing player 0 token from slot 6
[2022-12-14 12:12:16] [SEVERE ] setting player 2 freeze to 0
[2022-12-14 12:12:16] [SEVERE ] setting player 2 freeze to -15
[2022-12-14 12:12:16] [SEVERE ] removing player 1 token from slot 4
[2022-12-14 12:12:16] [SEVERE ] setting player 1 freeze to 0
[2022-12-14 12:12:16] [SEVERE ] removing player 2 token from slot 9
[2022-12-14 12:12:16] [SEVERE ] setting player 1 freeze to -14
[2022-12-14 12:12:16] [SEVERE ] player 3 placing token on slot 1
[2022-12-14 12:12:16] [SEVERE ] player 0 placing token on slot 6
[2022-12-14 12:12:16] [SEVERE ] setting player 0 freeze to 0
[2022-12-14 12:12:16] [SEVERE ] setting player 0 freeze to -14
[2022-12-14 12:12:16] [SEVERE ] player 1 placing token on slot 5
[2022-12-14 12:12:16] [SEVERE ] setting player 3 freeze to 0
[2022-12-14 12:12:16] [SEVERE ] player 2 placing token on slot 11
[2022-12-14 12:12:16] [SEVERE ] setting player 1 freeze to 0
[2022-12-14 12:12:16] [SEVERE ] removing player 3 token from slot 3
[2022-12-14 12:12:16] [SEVERE ] setting player 3 freeze to -15
[2022-12-14 12:12:16] [SEVERE ] removing player 0 token from slot 8
[2022-12-14 12:12:16] [SEVERE ] setting player 1 freeze to -22
[2022-12-14 12:12:16] [SEVERE ] removing player 1 token from slot 1
[2022-12-14 12:12:16] [SEVERE ] setting player 2 freeze to 0
[2022-12-14 12:12:16] [SEVERE ] removing player 2 token from slot 11
[2022-12-14 12:12:16] [SEVERE ] setting player 2 freeze to -13
[2022-12-14 12:12:16] [SEVERE ] player 0 placing token on slot 4
[2022-12-14 12:12:16] [SEVERE ] player 3 placing token on slot 5
[2022-12-14 12:12:16] [SEVERE ] removing player 1 token from slot 5
[2022-12-14 12:12:16] [SEVERE ] setting player 0 freeze to 0
[2022-12-14 12:12:16] [SEVERE ] removing player 0 token from slot 6
[2022-12-14 12:12:16] [SEVERE ] setting player 0 freeze to -14
[2022-12-14 12:12:16] [SEVERE ] removing player 2 token from slot 1
[2022-12-14 12:12:16] [SEVERE ] removing player 3 token from slot 1
[2022-12-14 12:12:16] [SEVERE ] setting player 3 freeze to 0
[2022-12-14 12:12:16] [SEVERE ] setting player 3 freeze to -12
[2022-12-14 12:12:16] [SEVERE ] player 1 placing token on slot 3
[2022-12-14 12:12:16] [SEVERE ] player 0 placing token on slot 8
[2022-12-14 12:12:16] [SEVERE ] player 2 placing token on slot 0
[2022-12-14 12:12:16] [SEVERE ] player 3 placing token on slot 3
[2022-12-14 12:12:16] [SEVERE ] player 1 placing token on slot 2
[2022-12-14 12:12:16] [SEVERE ] setting player 1 freeze to 0
[2022-12-14 12:12:16] [SEVERE ] setting player 1 freeze to -13
[2022-12-14 12:12:16] [SEVERE ] removing player 0 token from slot 4
[2022-12-14 12:12:16] [SEVERE ] setting player 0 freeze to 0
[2022-12-14 12:12:16] [SEVERE ] player 2 placing token on slot 1
[2022-12-14 12:12:16] [SEVERE ] removing player 3 token from slot 2
[2022-12-14 12:12:16] [SEVERE ] setting player 0 freeze to -26
[2022-12-14 12:12:16] [SEVERE ] removing player 1 token from slot 2
[2022-12-14 12:12:16] [SEVERE ] setting player 2 freeze to 0
[2022-12-14 12:12:16] [SEVERE ] setting player 2 freeze to -16
[2022-12-14 12:12:16] [SEVERE ] removing player 2 token from slot 1
[2022-12-14 12:12:16] [SEVERE ] player 3 placing token on slot 6
[2022-12-14 12:12:16] [SEVERE ] player 1 placing token on slot 6
[2022-12-14 12:12:16] [SEVERE ] player 0 placing token on slot 0
[2022-12-14 12:12:16] [SEVERE ] setting player 1 freeze to 0
[2022-12-14 12:12:16] [SEVERE ] setting player 1 freeze to -16
[2022-12-14 12:12:16] [SEVERE ] player 2 placing token on slot 9
[2022-12-14 12:12:16] [SEVERE ] removing player 3 token from slot 3
[2022-12-14 12:12:16] [SEVERE ] removing player 3 token from slot 5
[2022-12-14 12:12:16] [SEVERE ] removing card from slot 5
[2022-12-14 12:12:16] [SEVERE ] removing player 3 token from slot 6
[2022-12-14 12:12:17] [SEVERE ] removing card from slot 6
[2022-12-14 12:12:17] [SEVERE ] removing player 1 token from slot 6
[2022-12-14 12:12:17] [SEVERE ] setting player 3 score to 2
[2022-12-14 12:12:17] [SEVERE ] placing card 0 in slot 5
[2022-12-14 12:12:17] [SEVERE ] setting player 3 freeze to 0
[2022-12-14 12:12:17] [SEVERE ] removing player 2 token from slot 9
[2022-12-14 12:12:17] [SEVERE ] removing player 3 token from slot 5
[2022-12-14 12:12:17] [SEVERE ] removing player 1 token from slot 0
[2022-12-14 12:12:17] [SEVERE ] removing player 0 token from slot 0
[2022-12-14 12:12:17] [SEVERE ] setting player 3 freeze to -13
[2022-12-14 12:12:17] [SEVERE ] setting player 0 freeze to 0
[2022-12-14 12:12:17] [SEVERE ] setting player 0 freeze to -24
[2022-12-14 12:12:17] [SEVERE ] player 1 placing token on slot 4
[2022-12-14 12:12:17] [SEVERE ] player 0 placing token on slot 11
[2022-12-14 12:12:17] [SEVERE ] player 2 placing token on slot 5
[2022-12-14 12:12:17] [SEVERE ] placing card 78 in slot 6
[2022-12-14 12:12:17] [SEVERE ] setting player 0 freeze to 0
[2022-12-14 12:12:17] [SEVERE ] setting player 2 freeze to 0
[2022-12-14 12:12:17] [SEVERE ] setting player 0 freeze to -15
[2022-12-14 12:12:17] [SEVERE ] setting player 2 freeze to -13
[2022-12-14 12:12:17] [SEVERE ] removing player 2 token from slot 3
[2022-12-14 12:12:17] [SEVERE ] player 1 placing token on slot 1
[2022-12-14 12:12:17] [SEVERE ] player 3 placing token on slot 9
[2022-12-14 12:12:17] [SEVERE ] removing player 0 token from slot 11
[2022-12-14 12:12:17] [SEVERE ] setting player 1 freeze to 0
[2022-12-14 12:12:17] [SEVERE ] setting player 1 freeze to -12
[2022-12-14 12:12:17] [SEVERE ] player 3 placing token on slot 2
[2022-12-14 12:12:17] [SEVERE ] player 2 placing token on slot 2
[2022-12-14 12:12:17] [SEVERE ] removing player 1 token from slot 4
[2022-12-14 12:12:17] [SEVERE ] player 0 placing token on slot 11
[2022-12-14 12:12:17] [SEVERE ] setting player 0 freeze to 0
[2022-12-14 12:12:17] [SEVERE ] player 3 placing token on slot 1
[2022-12-14 12:12:17] [SEVERE ] removing player 2 token from slot 0
[2022-12-14 12:12:17] [SEVERE ] setting player 0 freeze to -15
[2022-12-14 12:12:17] [SEVERE ] player 1 placing token on slot 2
[2022-12-14 12:12:17] [SEVERE ] removing player 0 token from slot 8
[2022-12-14 12:12:17] [SEVERE ] setting player 3 freeze to 0
[2022-12-14 12:12:17] [SEVERE ] setting player 3 freeze to -13
[2022-12-14 12:12:17] [SEVERE ] removing player 3 token from slot 2
[2022-12-14 12:12:17] [SEVERE ] removing player 2 token from slot 5
[2022-12-14 12:12:17] [SEVERE ] removing player 1 token from slot 2
[2022-12-14 12:12:17] [SEVERE ] player 0 placing token on slot 4
[2022-12-14 12:12:17] [SEVERE ] player 3 placing token on slot 11
[2022-12-14 12:12:17] [SEVERE ] player 1 placing token on slot 11
[2022-12-14 12:12:17] [SEVERE ] player 2 placing token on slot 7
[2022-12-14 12:12:17] [SEVERE ] setting player 0 freeze to 0
[2022-12-14 12:12:17] [SEVERE ] setting player 0 freeze to -12
[2022-12-14 12:12:17] [SEVERE ] removing player 0 token from slot 2
[2022-12-14 12:12:17] [SEVERE ] setting player 1 freeze to 0
[2022-12-14 12:12:17] [SEVERE ] setting player 1 freeze to -12
[2022-12-14 12:12:17] [SEVERE ] removing player 3 token from slot 1
[2022-12-14 12:12:17] [SEVERE ] removing player 1 token from slot 11
[2022-12-14 12:12:17] [SEVERE ] player 2 placing token on slot 9
[2022-12-14 12:12:17] [SEVERE ] player 0 placing token on slot 2
[2022-12-14 12:12:17] [SEVERE ] player 3 placing token on slot 6
[2022-12-14 12:12:17] [SEVERE ] setting player 2 freeze to 0
[2022-12-14 12:12:17] [SEVERE ] player 1 placing token on slot 2
[2022-12-14 12:12:17] [SEVERE ] removing player 2 token from slot 2
[2022-12-14 12:12:17] [SEVERE ] setting player 3 freeze to 0
[2022-12-14 12:12:17] [SEVERE ] setting player 2 freeze to -24
[2022-12-14 12:12:17] [SEVERE ] setting player 3 freeze to -14
[2022-12-14 12:12:17] [SEVERE ] setting player 0 freeze to 0
[2022-12-14 12:12:17] [SEVERE ] setting player 0 freeze to -14
[2022-12-14 12:12:17] [SEVERE ] setting player 1 freeze to 0
[2022-12-14 12:12:17] [SEVERE ] removing player 0 token from slot 11
[2022-12-14 12:12:17] [SEVERE ] removing player 3 token from slot 9
[2022-12-14 12:12:17] [SEVERE ] removing player 1 token from slot 1
[2022-12-14 12:12:17] [SEVERE ] setting player 1 freeze to -26
[2022-12-14 12:12:17] [SEVERE ] removing player 2 token from slot 7
[2022-12-14 12:12:17] [SEVERE ] removing player 0 token from slot 4
[2022-12-14 12:12:17] [SEVERE ] player 3 placing token on slot 0
[2022-12-14 12:12:17] [SEVERE ] player 1 placing token on slot 8
[2022-12-14 12:12:17] [SEVERE ] player 2 placing token on slot 6
[2022-12-14 12:12:17] [SEVERE ] setting player 3 freeze to 0
[2022-12-14 12:12:17] [SEVERE ] player 0 placing token on slot 11
[2022-12-14 12:12:17] [SEVERE ] setting player 3 freeze to -12
[2022-12-14 12:12:17] [SEVERE ] removing player 3 token from slot 6
[2022-12-14 12:12:17] [SEVERE ] removing player 1 token from slot 2
[2022-12-14 12:12:17] [SEVERE ] setting player 1 freeze to 0
[2022-12-14 12:12:17] [SEVERE ] player 2 placing token on slot 1
[2022-12-14 12:12:17] [SEVERE ] removing player 0 token from slot 11
[2022-12-14 12:12:17] [SEVERE ] setting player 1 freeze to -13
[2022-12-14 12:12:17] [SEVERE ] setting player 2 freeze to 0
[2022-12-14 12:12:17] [SEVERE ] player 3 placing token on slot 5
[2022-12-14 12:12:17] [SEVERE ] setting player 2 freeze to -14
[2022-12-14 12:12:17] [SEVERE ] setting player 3 freeze to 0
[2022-12-14 12:12:17] [SEVERE ] setting player 3 freeze to -14
[2022-12-14 12:12:17] [SEVERE ] player 1 placing token on slot 0
[2022-12-14 12:12:17] [SEVERE ] removing player 2 token from slot 9
[2022-12-14 12:12:17] [SEVERE ] player 0 placing token on slot 3
[2022-12-14 12:12:17] [SEVERE ] removing player 3 token from slot 5
[2022-12-14 12:12:17] [SEVERE ] setting player 1 freeze to 0
[2022-12-14 12:12:17] [SEVERE ] setting player 1 freeze to -12
[2022-12-14 12:12:17] [SEVERE ] removing player 1 token from slot 0
[2022-12-14 12:12:17] [SEVERE ] player 0 placing token on slot 5
[2022-12-14 12:12:17] [SEVERE ] player 2 placing token on slot 10
[2022-12-14 12:12:17] [SEVERE ] player 3 placing token on slot 5
[2022-12-14 12:12:17] [SEVERE ] setting player 0 freeze to 0
[2022-12-14 12:12:17] [SEVERE ] setting player 2 freeze to 0
[2022-12-14 12:12:17] [SEVERE ] player 1 placing token on slot 0
[2022-12-14 12:12:17] [SEVERE ] setting player 0 freeze to -15
[2022-12-14 12:12:17] [SEVERE ] setting player 2 freeze to -14
[2022-12-14 12:12:17] [SEVERE ] setting player 3 freeze to 0
[2022-12-14 12:12:17] [SEVERE ] removing player 0 token from slot 3
[2022-12-14 12:12:17] [SEVERE ] setting player 3 freeze to -14
[2022-12-14 12:12:17] [SEVERE ] removing player 3 token from slot 0
[2022-12-14 12:12:17] [SEVERE ] removing player 2 token from slot 6
[2022-12-14 12:12:17] [SEVERE ] setting player 1 freeze to 0
[2022-12-14 12:12:17] [SEVERE ] removing player 1 token from slot 3
[2022-12-14 12:12:17] [SEVERE ] setting player 1 freeze to -14
[2022-12-14 12:12:17] [SEVERE ] player 0 placing token on slot 9
[2022-12-14 12:12:17] [SEVERE ] player 3 placing token on slot 6
[2022-12-14 12:12:17] [SEVERE ] removing player 2 token from slot 1
[2022-12-14 12:12:18] [SEVERE ] removing player 0 token from slot 2
[2022-12-14 12:12:18] [SEVERE ] removing player 3 token from slot 11
[2022-12-14 12:12:18] [SEVERE ] removing player 1 token from slot 0
[2022-12-14 12:12:18] [SEVERE ] player 2 placing token on slot 0
[2022-12-14 12:12:18] [SEVERE ] player 0 placing token on slot 8
[2022-12-14 12:12:18] [SEVERE ] player 3 placing token on slot 1
[2022-12-14 12:12:18] [SEVERE ] player 1 placing token on slot 1
[2022-12-14 12:12:18] [SEVERE ] setting player 3 freeze to 0
[2022-12-14 12:12:18] [SEVERE ] setting player 0 freeze to 0
[2022-12-14 12:12:18] [SEVERE ] player 2 placing token on slot 9
[2022-12-14 12:12:18] [SEVERE ] setting player 0 freeze to -13
[2022-12-14 12:12:18] [SEVERE ] setting player 3 freeze to -14
[2022-12-14 12:12:18] [SEVERE ] removing player 0 token from slot 8
[2022-12-14 12:12:18] [SEVERE ] player 1 placing token on slot 10
[2022-12-14 12:12:18] [SEVERE ] removing player 3 token from slot 5
[2022-12-14 12:12:18] [SEVERE ] setting player 2 freeze to 0
[2022-12-14 12:12:18] [SEVERE ] setting player 1 freeze to 0
[2022-12-14 12:12:18] [SEVERE ] removing player 2 token from slot 9
[2022-12-14 12:12:18] [SEVERE ] setting player 2 freeze to -15
[2022-12-14 12:12:18] [SEVERE ] setting player 1 freeze to -14
[2022-12-14 12:12:18] [SEVERE ] player 0 placing token on slot 0
[2022-12-14 12:12:18] [SEVERE ] removing player 1 token from slot 1
[2022-12-14 12:12:18] [SEVERE ] player 3 placing token on slot 2
[2022-12-14 12:12:18] [SEVERE ] setting player 0 freeze to 0
[2022-12-14 12:12:18] [SEVERE ] player 2 placing token on slot 9
[2022-12-14 12:12:18] [SEVERE ] setting player 3 freeze to 0
[2022-12-14 12:12:18] [SEVERE ] setting player 0 freeze to -14
[2022-12-14 12:12:18] [SEVERE ] removing player 0 token from slot 5
[2022-12-14 12:12:18] [SEVERE ] setting player 3 freeze to -23
[2022-12-14 12:12:18] [SEVERE ] player 1 placing token on slot 6
[2022-12-14 12:12:18] [SEVERE ] removing player 3 token from slot 6
[2022-12-14 12:12:18] [SEVERE ] setting player 2 freeze to 0
[2022-12-14 12:12:18] [SEVERE ] removing player 2 token from slot 10
[2022-12-14 12:12:18] [SEVERE ] setting player 2 freeze to -12
[2022-12-14 12:12:18] [SEVERE ] player 0 placing token on slot 3
[2022-12-14 12:12:18] [SEVERE ] setting player 1 freeze to 0
[2022-12-14 12:12:18] [SEVERE ] setting player 1 freeze to -13
[2022-12-14 12:12:18] [SEVERE ] removing player 1 token from slot 6
[2022-12-14 12:12:18] [SEVERE ] removing player 3 token from slot 1
[2022-12-14 12:12:18] [SEVERE ] removing player 2 token from slot 0
[2022-12-14 12:12:18] [SEVERE ] removing player 0 token from slot 3
[2022-12-14 12:12:18] [SEVERE ] player 1 placing token on slot 11
[2022-12-14 12:12:18] [SEVERE ] player 3 placing token on slot 10
[2022-12-14 12:12:18] [SEVERE ] player 0 placing token on slot 3
[2022-12-14 12:12:18] [SEVERE ] player 2 placing token on slot 11
[2022-12-14 12:12:18] [SEVERE ] setting player 0 freeze to 0
[2022-12-14 12:12:18] [SEVERE ] setting player 0 freeze to -14
[2022-12-14 12:12:18] [SEVERE ] removing player 1 token from slot 8
[2022-12-14 12:12:18] [SEVERE ] setting player 1 freeze to 0
[2022-12-14 12:12:18] [SEVERE ] setting player 1 freeze to -14
[2022-12-14 12:12:18] [SEVERE ] player 3 placing token on slot 9
[2022-12-14 12:12:18] [SEVERE ] removing player 0 token from slot 3
[2022-12-14 12:12:18] [SEVERE ] player 2 placing token on slot 5
[2022-12-14 12:12:18] [SEVERE ] removing player 1 token from slot 11
[2022-12-14 12:12:18] [SEVERE ] setting player 3 freeze to 0
[2022-12-14 12:12:18] [SEVERE ] setting player 3 freeze to -14
[2022-12-14 12:12:18] [SEVERE ] player 0 placing token on slot 1
[2022-12-14 12:12:18] [SEVERE ] removing player 3 token from slot 2
[2022-12-14 12:12:18] [SEVERE ] setting player 2 freeze to 0
[2022-12-14 12:12:18] [SEVERE ] setting player 2 freeze to -12
[2022-12-14 12:12:18] [SEVERE ] removing player 2 token from slot 5
[2022-12-14 12:12:18] [SEVERE ] setting player 0 freeze to 0
[2022-12-14 12:12:18] [SEVERE ] removing player 1 token from slot 10
[2022-12-14 12:12:18] [SEVERE ] setting player 0 freeze to -22
[2022-12-14 12:12:18] [SEVERE ] removing player 0 token from slot 1
[2022-12-14 12:12:18] [SEVERE ] player 3 placing token on slot 1
[2022-12-14 12:12:18] [SEVERE ] player 2 placing token on slot 7
[2022-12-14 12:12:18] [SEVERE ] player 1 placing token on slot 7
[2022-12-14 12:12:18] [SEVERE ] player 0 placing token on slot 1
[2022-12-14 12:12:18] [SEVERE ] setting player 3 freeze to 0
[2022-12-14 12:12:18] [SEVERE ] setting player 3 freeze to -14
[2022-12-14 12:12:18] [SEVERE ] removing player 3 token from slot 1
[2022-12-14 12:12:18] [SEVERE ] setting player 2 freeze to 0
[2022-12-14 12:12:18] [SEVERE ] removing player 2 token from slot 11
[2022-12-14 12:12:18] [SEVERE ] setting player 2 freeze to -12
[2022-12-14 12:12:18] [SEVERE ] player 1 placing token on slot 3
[2022-12-14 12:12:18] [SEVERE ] removing player 0 token from slot 1
[2022-12-14 12:12:18] [SEVERE ] player 3 placing token on slot 0
[2022-12-14 12:12:18] [SEVERE ] player 2 placing token on slot 0
[2022-12-14 12:12:18] [SEVERE ] player 0 placing token on slot 8
[2022-12-14 12:12:18] [SEVERE ] player 1 placing token on slot 6
[2022-12-14 12:12:18] [SEVERE ] setting player 3 freeze to 0
[2022-12-14 12:12:18] [SEVERE ] removing player 3 token from slot 10
[2022-12-14 12:12:18] [SEVERE ] setting player 1 freeze to 0
[2022-12-14 12:12:18] [SEVERE ] setting player 0 freeze to 0
[2022-12-14 12:12:18] [SEVERE ] setting player 3 freeze to -22
[2022-12-14 12:12:18] [SEVERE ] setting player 1 freeze to -14
[2022-12-14 12:12:18] [SEVERE ] setting player 0 freeze to -13
[2022-12-14 12:12:18] [SEVERE ] removing player 2 token from slot 0
[2022-12-14 12:12:18] [SEVERE ] removing player 0 token from slot 9
[2022-12-14 12:12:18] [SEVERE ] removing player 1 token from slot 6
[2022-12-14 12:12:18] [SEVERE ] player 3 placing token on slot 6
[2022-12-14 12:12:18] [SEVERE ] player 2 placing token on slot 5
[2022-12-14 12:12:18] [SEVERE ] player 0 placing token on slot 1
[2022-12-14 12:12:18] [SEVERE ] player 1 placing token on slot 0
[2022-12-14 12:12:18] [SEVERE ] removing player 3 token from slot 9
[2022-12-14 12:12:18] [SEVERE ] removing player 2 token from slot 7
[2022-12-14 12:12:18] [SEVERE ] removing player 0 token from slot 1
[2022-12-14 12:12:18] [SEVERE ] setting player 1 freeze to 0
[2022-12-14 12:12:18] [SEVERE ] setting player 3 freeze to 0
[2022-12-14 12:12:18] [SEVERE ] setting player 0 freeze to 0
[2022-12-14 12:12:18] [SEVERE ] setting player 3 freeze to -12
[2022-12-14 12:12:18] [SEVERE ] removing player 1 token from slot 3
[2022-12-14 12:12:18] [SEVERE ] setting player 0 freeze to -14
[2022-12-14 12:12:18] [SEVERE ] setting player 1 freeze to -16
[2022-12-14 12:12:18] [SEVERE ] player 3 placing token on slot 2
[2022-12-14 12:12:18] [SEVERE ] player 2 placing token on slot 7
[2022-12-14 12:12:18] [SEVERE ] player 0 placing token on slot 4
[2022-12-14 12:12:18] [SEVERE ] setting player 2 freeze to 0
[2022-12-14 12:12:18] [SEVERE ] setting player 2 freeze to -14
[2022-12-14 12:12:18] [SEVERE ] player 1 placing token on slot 6
[2022-12-14 12:12:18] [SEVERE ] setting player 0 freeze to 0
[2022-12-14 12:12:18] [SEVERE ] setting player 3 freeze to 0
[2022-12-14 12:12:18] [SEVERE ] setting player 0 freeze to -13
[2022-12-14 12:12:18] [SEVERE ] setting player 3 freeze to -12
[2022-12-14 12:12:18] [SEVERE ] removing player 3 token from slot 0
[2022-12-14 12:12:18] [SEVERE ] removing player 2 token from slot 5
[2022-12-14 12:12:19] [SEVERE ] removing player 0 token from slot 0
[2022-12-14 12:12:19] [SEVERE ] setting player 1 freeze to 0
[2022-12-14 12:12:19] [SEVERE ] removing player 1 token from slot 0
[2022-12-14 12:12:19] [SEVERE ] setting player 1 freeze to -13
[2022-12-14 12:12:19] [SEVERE ] player 3 placing token on slot 10
[2022-12-14 12:12:19] [SEVERE ] player 0 placing token on slot 9
[2022-12-14 12:12:19] [SEVERE ] removing player 2 token from slot 9
[2022-12-14 12:12:19] [SEVERE ] removing player 1 token from slot 6
[2022-12-14 12:12:19] [SEVERE ] removing player 3 token from slot 6
[2022-12-14 12:12:19] [SEVERE ] setting player 0 freeze to 0
[2022-12-14 12:12:19] [SEVERE ] removing player 0 token from slot 8
[2022-12-14 12:12:19] [SEVERE ] setting player 0 freeze to -14
[2022-12-14 12:12:19] [SEVERE ] player 2 placing token on slot 10
[2022-12-14 12:12:19] [SEVERE ] player 1 placing token on slot 8
[2022-12-14 12:12:19] [SEVERE ] player 3 placing token on slot 4
[2022-12-14 12:12:19] [SEVERE ] setting player 3 freeze to 0
[2022-12-14 12:12:19] [SEVERE ] player 2 placing token on slot 11
[2022-12-14 12:12:19] [SEVERE ] removing player 0 token from slot 4
[2022-12-14 12:12:19] [SEVERE ] setting player 3 freeze to -15
[2022-12-14 12:12:19] [SEVERE ] Exit button pressed
[2022-12-14 12:12:19] [SEVERE ] setting player 2 freeze to 0
[2022-12-14 12:12:19] [SEVERE ] setting player 2 freeze to -15
[2022-12-14 12:12:19] [SEVERE ] removing player 3 token from slot 2
[2022-12-14 12:12:19] [SEVERE ] removing player 1 token from slot 8
[2022-12-14 12:12:19] [SEVERE ] removing player 2 token from slot 7
[2022-12-14 12:12:19] [SEVERE ] player 0 placing token on slot 5
[2022-12-14 12:12:19] [SEVERE ] player 1 placing token on slot 2
[2022-12-14 12:12:19] [SEVERE ] player 2 placing token on slot 6
[2022-12-14 12:12:19] [SEVERE ] player 0 placing token on slot 3
[2022-12-14 12:12:19] [SEVERE ] player 1 placing token on slot 3
[2022-12-14 12:12:19] [SEVERE ] setting player 1 freeze to 0
[2022-12-14 12:12:19] [SEVERE ] setting player 1 freeze to -15
[2022-12-14 12:12:19] [SEVERE ] removing player 0 token from slot 3
[2022-12-14 12:12:19] [SEVERE ] removing card from slot 0
[2022-12-14 12:12:19] [SEVERE ] removing player 0 token from slot 9
[2022-12-14 12:12:19] [SEVERE ] removing card from slot 1
[2022-12-14 12:12:19] [SEVERE ] removing card from slot 2
[2022-12-14 12:12:19] [SEVERE ] removing card from slot 3
[2022-12-14 12:12:19] [SEVERE ] removing card from slot 4
[2022-12-14 12:12:19] [SEVERE ] removing card from slot 5
[2022-12-14 12:12:19] [SEVERE ] removing card from slot 6
[2022-12-14 12:12:19] [SEVERE ] removing card from slot 7
[2022-12-14 12:12:19] [SEVERE ] removing card from slot 8
[2022-12-14 12:12:19] [SEVERE ] removing card from slot 9
[2022-12-14 12:12:20] [SEVERE ] removing card from slot 10
[2022-12-14 12:12:20] [SEVERE ] removing card from slot 11
[2022-12-14 12:12:20] [SEVERE ] removing player 0 token from slot 5
[2022-12-14 12:12:20] [SEVERE ] removing player 1 token from slot 7
[2022-12-14 12:12:20] [SEVERE ] removing player 1 token from slot 2
[2022-12-14 12:12:20] [SEVERE ] removing player 1 token from slot 3
[2022-12-14 12:12:20] [SEVERE ] removing player 2 token from slot 10
[2022-12-14 12:12:20] [SEVERE ] removing player 2 token from slot 11
[2022-12-14 12:12:20] [SEVERE ] removing player 2 token from slot 6
[2022-12-14 12:12:20] [SEVERE ] removing player 3 token from slot 10
[2022-12-14 12:12:20] [SEVERE ] removing player 3 token from slot 4
[2022-12-14 12:12:20] [SEVERE ] announcing winners: [3]
[2022-12-14 12:12:20] [INFO   ] Thread main terminated.
