[2022-12-11 17:59:49] [INFO   ] cannot read configuration file config.properties trying from resources.
[2022-12-11 17:59:49] [INFO   ] configuration file was loaded from resources directory.
[2022-12-11 17:59:49] [SEVERE ] placing card 56 in slot 6
[2022-12-11 17:59:49] [SEVERE ] placing card 55 in slot 8
[2022-12-11 17:59:50] [SEVERE ] placing card 6 in slot 10
[2022-12-11 17:59:50] [SEVERE ] placing card 8 in slot 0
[2022-12-11 17:59:50] [SEVERE ] placing card 36 in slot 5
[2022-12-11 17:59:50] [SEVERE ] placing card 1 in slot 2
[2022-12-11 17:59:50] [SEVERE ] placing card 66 in slot 11
[2022-12-11 17:59:50] [SEVERE ] placing card 79 in slot 9
[2022-12-11 17:59:50] [SEVERE ] placing card 11 in slot 3
[2022-12-11 17:59:50] [SEVERE ] placing card 54 in slot 7
[2022-12-11 17:59:50] [SEVERE ] placing card 47 in slot 4
[2022-12-11 17:59:51] [SEVERE ] placing card 51 in slot 1
[2022-12-11 17:59:51] [SEVERE ] player 0 placing token on slot 7
[2022-12-11 17:59:51] [SEVERE ] player 1 placing token on slot 9
[2022-12-11 17:59:51] [SEVERE ] player 2 placing token on slot 5
[2022-12-11 17:59:51] [SEVERE ] player 3 placing token on slot 8
[2022-12-11 17:59:51] [SEVERE ] player 3 placing token on slot 1
[2022-12-11 17:59:51] [SEVERE ] player 1 placing token on slot 1
[2022-12-11 17:59:51] [SEVERE ] player 2 placing token on slot 3
[2022-12-11 17:59:51] [SEVERE ] player 0 placing token on slot 1
[2022-12-11 17:59:51] [SEVERE ] player 3 placing token on slot 0
[2022-12-11 17:59:51] [SEVERE ] removing player 1 token from slot 9
[2022-12-11 17:59:51] [SEVERE ] player 2 placing token on slot 6
[2022-12-11 17:59:51] [SEVERE ] player 0 placing token on slot 8
[2022-12-11 17:59:51] [SEVERE ] setting player 2 freeze to 0
[2022-12-11 17:59:51] [SEVERE ] setting player 0 freeze to 0
[2022-12-11 17:59:51] [SEVERE ] setting player 3 freeze to 0
[2022-12-11 17:59:51] [SEVERE ] removing player 3 token from slot 8
[2022-12-11 17:59:51] [SEVERE ] removing player 2 token from slot 5
[2022-12-11 17:59:51] [SEVERE ] player 1 placing token on slot 3
[2022-12-11 17:59:51] [SEVERE ] removing player 0 token from slot 7
[2022-12-11 17:59:51] [SEVERE ] setting player 2 freeze to -108
[2022-12-11 17:59:51] [SEVERE ] setting player 3 freeze to -105
[2022-12-11 17:59:51] [SEVERE ] setting player 0 freeze to -107
[2022-12-11 17:59:51] [SEVERE ] player 1 placing token on slot 0
[2022-12-11 17:59:51] [SEVERE ] player 2 placing token on slot 0
[2022-12-11 17:59:51] [SEVERE ] removing player 0 token from slot 8
[2022-12-11 17:59:51] [SEVERE ] player 3 placing token on slot 6
[2022-12-11 17:59:51] [SEVERE ] setting player 1 freeze to 0
[2022-12-11 17:59:51] [SEVERE ] removing player 1 token from slot 0
[2022-12-11 17:59:51] [SEVERE ] setting player 2 freeze to 0
[2022-12-11 17:59:51] [SEVERE ] setting player 3 freeze to 0
[2022-12-11 17:59:51] [SEVERE ] player 0 placing token on slot 5
[2022-12-11 17:59:51] [SEVERE ] setting player 1 freeze to -105
[2022-12-11 17:59:51] [SEVERE ] removing player 3 token from slot 0
[2022-12-11 17:59:51] [SEVERE ] removing player 2 token from slot 3
[2022-12-11 17:59:51] [SEVERE ] setting player 3 freeze to -102
[2022-12-11 17:59:51] [SEVERE ] setting player 2 freeze to -109
[2022-12-11 17:59:51] [SEVERE ] player 1 placing token on slot 9
[2022-12-11 17:59:51] [SEVERE ] player 0 placing token on slot 6
[2022-12-11 17:59:51] [SEVERE ] removing player 3 token from slot 6
[2022-12-11 17:59:51] [SEVERE ] player 2 placing token on slot 7
[2022-12-11 17:59:51] [SEVERE ] setting player 2 freeze to 0
[2022-12-11 17:59:51] [SEVERE ] setting player 1 freeze to 0
[2022-12-11 17:59:52] [SEVERE ] removing player 1 token from slot 9
[2022-12-11 17:59:52] [SEVERE ] removing player 0 token from slot 5
[2022-12-11 17:59:52] [SEVERE ] setting player 0 freeze to 0
[2022-12-11 17:59:52] [SEVERE ] removing player 2 token from slot 6
[2022-12-11 17:59:52] [SEVERE ] player 3 placing token on slot 11
[2022-12-11 17:59:52] [SEVERE ] setting player 2 freeze to -100
[2022-12-11 17:59:52] [SEVERE ] setting player 1 freeze to -110
[2022-12-11 17:59:52] [SEVERE ] removing player 1 token from slot 3
[2022-12-11 17:59:52] [SEVERE ] setting player 0 freeze to -109
[2022-12-11 17:59:52] [SEVERE ] player 0 placing token on slot 3
[2022-12-11 17:59:52] [SEVERE ] player 3 placing token on slot 4
[2022-12-11 17:59:52] [SEVERE ] player 2 placing token on slot 3
[2022-12-11 17:59:52] [SEVERE ] setting player 3 freeze to 0
[2022-12-11 17:59:52] [SEVERE ] player 1 placing token on slot 9
[2022-12-11 17:59:52] [SEVERE ] removing player 0 token from slot 3
[2022-12-11 17:59:52] [SEVERE ] setting player 0 freeze to 0
[2022-12-11 17:59:52] [SEVERE ] removing player 3 token from slot 4
[2022-12-11 17:59:52] [SEVERE ] removing player 2 token from slot 3
[2022-12-11 17:59:52] [SEVERE ] setting player 3 freeze to -109
[2022-12-11 17:59:52] [SEVERE ] player 1 placing token on slot 7
[2022-12-11 17:59:52] [SEVERE ] removing player 0 token from slot 6
[2022-12-11 17:59:52] [SEVERE ] setting player 0 freeze to -108
[2022-12-11 17:59:52] [SEVERE ] removing player 2 token from slot 7
[2022-12-11 17:59:52] [SEVERE ] removing player 1 token from slot 7
[2022-12-11 17:59:52] [SEVERE ] player 3 placing token on slot 10
[2022-12-11 17:59:52] [SEVERE ] player 0 placing token on slot 2
[2022-12-11 17:59:52] [SEVERE ] player 2 placing token on slot 6
[2022-12-11 17:59:52] [SEVERE ] removing player 3 token from slot 10
[2022-12-11 17:59:52] [SEVERE ] player 1 placing token on slot 2
[2022-12-11 17:59:52] [SEVERE ] setting player 3 freeze to 0
[2022-12-11 17:59:52] [SEVERE ] player 0 placing token on slot 5
[2022-12-11 17:59:52] [SEVERE ] setting player 0 freeze to 0
[2022-12-11 17:59:52] [SEVERE ] player 2 placing token on slot 4
[2022-12-11 17:59:52] [SEVERE ] setting player 2 freeze to 0
[2022-12-11 17:59:52] [SEVERE ] player 3 placing token on slot 3
[2022-12-11 17:59:52] [SEVERE ] removing player 1 token from slot 1
[2022-12-11 17:59:52] [SEVERE ] setting player 3 freeze to -107
[2022-12-11 17:59:52] [SEVERE ] setting player 1 freeze to 0
[2022-12-11 17:59:52] [SEVERE ] removing player 0 token from slot 1
[2022-12-11 17:59:52] [SEVERE ] setting player 0 freeze to -107
[2022-12-11 17:59:52] [SEVERE ] removing player 2 token from slot 4
[2022-12-11 17:59:52] [SEVERE ] setting player 2 freeze to -111
[2022-12-11 17:59:52] [SEVERE ] player 1 placing token on slot 4
[2022-12-11 17:59:52] [SEVERE ] removing player 3 token from slot 1
[2022-12-11 17:59:52] [SEVERE ] setting player 1 freeze to -111
[2022-12-11 17:59:52] [SEVERE ] removing player 0 token from slot 5
[2022-12-11 17:59:52] [SEVERE ] removing player 2 token from slot 6
[2022-12-11 17:59:52] [SEVERE ] player 3 placing token on slot 4
[2022-12-11 17:59:52] [SEVERE ] removing player 1 token from slot 4
[2022-12-11 17:59:52] [SEVERE ] player 0 placing token on slot 7
[2022-12-11 17:59:52] [SEVERE ] player 2 placing token on slot 2
[2022-12-11 17:59:52] [SEVERE ] removing player 3 token from slot 4
[2022-12-11 17:59:52] [SEVERE ] removing player 1 token from slot 9
[2022-12-11 17:59:52] [SEVERE ] player 0 placing token on slot 1
[2022-12-11 17:59:52] [SEVERE ] setting player 0 freeze to 0
[2022-12-11 17:59:53] [SEVERE ] removing player 2 token from slot 0
[2022-12-11 17:59:53] [SEVERE ] player 1 placing token on slot 1
[2022-12-11 17:59:53] [SEVERE ] player 3 placing token on slot 2
[2022-12-11 17:59:53] [SEVERE ] removing player 0 token from slot 1
[2022-12-11 17:59:53] [SEVERE ] setting player 0 freeze to -107
[2022-12-11 17:59:53] [SEVERE ] player 2 placing token on slot 6
[2022-12-11 17:59:53] [SEVERE ] player 1 placing token on slot 9
[2022-12-11 17:59:53] [SEVERE ] removing player 3 token from slot 3
[2022-12-11 17:59:53] [SEVERE ] setting player 1 freeze to 0
[2022-12-11 17:59:53] [SEVERE ] player 0 placing token on slot 0
[2022-12-11 17:59:53] [SEVERE ] player 2 placing token on slot 11
[2022-12-11 17:59:53] [SEVERE ] player 3 placing token on slot 8
[2022-12-11 17:59:53] [SEVERE ] removing player 1 token from slot 1
[2022-12-11 17:59:53] [SEVERE ] setting player 1 freeze to -105
[2022-12-11 17:59:53] [SEVERE ] removing player 0 token from slot 7
[2022-12-11 17:59:53] [SEVERE ] removing player 2 token from slot 2
[2022-12-11 17:59:53] [SEVERE ] player 1 placing token on slot 4
[2022-12-11 17:59:53] [SEVERE ] removing player 3 token from slot 8
[2022-12-11 17:59:53] [SEVERE ] player 0 placing token on slot 4
[2022-12-11 17:59:53] [SEVERE ] setting player 0 freeze to 0
[2022-12-11 17:59:53] [SEVERE ] player 2 placing token on slot 9
[2022-12-11 17:59:53] [SEVERE ] player 3 placing token on slot 10
[2022-12-11 17:59:53] [SEVERE ] removing player 1 token from slot 9
[2022-12-11 17:59:53] [SEVERE ] removing player 0 token from slot 2
[2022-12-11 17:59:53] [SEVERE ] setting player 0 freeze to -109
[2022-12-11 17:59:53] [SEVERE ] removing player 2 token from slot 9
[2022-12-11 17:59:53] [SEVERE ] removing player 3 token from slot 10
[2022-12-11 17:59:53] [SEVERE ] player 1 placing token on slot 10
[2022-12-11 17:59:53] [SEVERE ] setting player 1 freeze to 0
[2022-12-11 17:59:53] [SEVERE ] player 0 placing token on slot 7
[2022-12-11 17:59:53] [SEVERE ] player 2 placing token on slot 7
[2022-12-11 17:59:53] [SEVERE ] player 3 placing token on slot 6
[2022-12-11 17:59:53] [SEVERE ] removing player 1 token from slot 10
[2022-12-11 17:59:53] [SEVERE ] setting player 1 freeze to -111
[2022-12-11 17:59:53] [SEVERE ] removing player 0 token from slot 7
[2022-12-11 17:59:53] [SEVERE ] removing player 2 token from slot 7
[2022-12-11 17:59:53] [SEVERE ] removing player 3 token from slot 6
[2022-12-11 17:59:53] [SEVERE ] removing player 1 token from slot 2
[2022-12-11 17:59:53] [SEVERE ] player 0 placing token on slot 10
[2022-12-11 17:59:53] [SEVERE ] setting player 0 freeze to 0
[2022-12-11 17:59:53] [SEVERE ] player 2 placing token on slot 0
[2022-12-11 17:59:53] [SEVERE ] player 3 placing token on slot 1
[2022-12-11 17:59:53] [SEVERE ] player 1 placing token on slot 2
[2022-12-11 17:59:53] [SEVERE ] removing player 0 token from slot 10
[2022-12-11 17:59:53] [SEVERE ] setting player 0 freeze to -108
[2022-12-11 17:59:54] [SEVERE ] removing player 2 token from slot 11
[2022-12-11 17:59:54] [SEVERE ] removing player 3 token from slot 11
[2022-12-11 17:59:54] [SEVERE ] player 1 placing token on slot 9
[2022-12-11 17:59:54] [SEVERE ] setting player 1 freeze to 0
[2022-12-11 17:59:54] [SEVERE ] player 0 placing token on slot 6
[2022-12-11 17:59:54] [SEVERE ] player 2 placing token on slot 4
[2022-12-11 17:59:54] [SEVERE ] removing player 3 token from slot 2
[2022-12-11 17:59:54] [SEVERE ] removing player 1 token from slot 2
[2022-12-11 17:59:54] [SEVERE ] setting player 1 freeze to -110
[2022-12-11 17:59:54] [SEVERE ] removing player 0 token from slot 6
[2022-12-11 17:59:54] [SEVERE ] removing player 2 token from slot 6
[2022-12-11 17:59:54] [SEVERE ] player 3 placing token on slot 6
[2022-12-11 17:59:54] [SEVERE ] player 1 placing token on slot 1
[2022-12-11 17:59:54] [SEVERE ] player 0 placing token on slot 2
[2022-12-11 17:59:54] [SEVERE ] player 2 placing token on slot 8
[2022-12-11 17:59:54] [SEVERE ] removing player 3 token from slot 6
[2022-12-11 17:59:54] [SEVERE ] removing player 1 token from slot 9
[2022-12-11 17:59:54] [SEVERE ] removing player 0 token from slot 4
[2022-12-11 17:59:54] [SEVERE ] removing player 2 token from slot 8
[2022-12-11 17:59:54] [SEVERE ] player 3 placing token on slot 8
[2022-12-11 17:59:54] [SEVERE ] removing player 1 token from slot 4
[2022-12-11 17:59:54] [SEVERE ] player 0 placing token on slot 9
[2022-12-11 17:59:54] [SEVERE ] player 2 placing token on slot 6
[2022-12-11 17:59:54] [SEVERE ] player 3 placing token on slot 0
[2022-12-11 17:59:54] [SEVERE ] player 1 placing token on slot 7
[2022-12-11 17:59:54] [SEVERE ] removing player 0 token from slot 2
[2022-12-11 17:59:54] [SEVERE ] removing player 2 token from slot 4
[2022-12-11 17:59:54] [SEVERE ] removing player 3 token from slot 1
[2022-12-11 17:59:54] [SEVERE ] player 1 placing token on slot 8
[2022-12-11 17:59:54] [SEVERE ] setting player 1 freeze to 0
[2022-12-11 17:59:54] [SEVERE ] player 0 placing token on slot 11
[2022-12-11 17:59:54] [SEVERE ] player 2 placing token on slot 2
[2022-12-11 17:59:54] [SEVERE ] player 3 placing token on slot 6
[2022-12-11 17:59:54] [SEVERE ] removing player 1 token from slot 7
[2022-12-11 17:59:54] [SEVERE ] setting player 1 freeze to -108
[2022-12-11 17:59:54] [SEVERE ] removing player 0 token from slot 9
[2022-12-11 17:59:54] [SEVERE ] removing player 2 token from slot 2
[2022-12-11 17:59:54] [SEVERE ] removing player 3 token from slot 6
[2022-12-11 17:59:54] [SEVERE ] player 1 placing token on slot 6
[2022-12-11 17:59:54] [SEVERE ] removing player 0 token from slot 11
[2022-12-11 17:59:54] [SEVERE ] player 2 placing token on slot 5
[2022-12-11 17:59:55] [SEVERE ] player 3 placing token on slot 2
[2022-12-11 17:59:55] [SEVERE ] player 0 placing token on slot 11
[2022-12-11 17:59:55] [SEVERE ] removing player 1 token from slot 1
[2022-12-11 17:59:55] [SEVERE ] setting player 1 freeze to 0
[2022-12-11 17:59:55] [SEVERE ] removing player 2 token from slot 6
[2022-12-11 17:59:55] [SEVERE ] removing player 3 token from slot 8
[2022-12-11 17:59:55] [SEVERE ] player 0 placing token on slot 2
[2022-12-11 17:59:55] [SEVERE ] player 1 placing token on slot 10
[2022-12-11 17:59:55] [SEVERE ] setting player 1 freeze to -107
[2022-12-11 17:59:55] [SEVERE ] setting player 0 freeze to 0
[2022-12-11 17:59:55] [SEVERE ] removing player 2 token from slot 5
[2022-12-11 17:59:55] [SEVERE ] player 3 placing token on slot 9
[2022-12-11 17:59:55] [SEVERE ] removing player 0 token from slot 2
[2022-12-11 17:59:55] [SEVERE ] removing player 1 token from slot 8
[2022-12-11 17:59:55] [SEVERE ] setting player 0 freeze to -109
[2022-12-11 17:59:55] [SEVERE ] player 2 placing token on slot 2
[2022-12-11 17:59:55] [SEVERE ] removing player 3 token from slot 9
[2022-12-11 17:59:55] [SEVERE ] player 1 placing token on slot 11
[2022-12-11 17:59:55] [SEVERE ] removing player 0 token from slot 11
[2022-12-11 17:59:55] [SEVERE ] player 2 placing token on slot 1
[2022-12-11 17:59:55] [SEVERE ] player 3 placing token on slot 7
[2022-12-11 17:59:55] [SEVERE ] removing player 1 token from slot 6
[2022-12-11 17:59:55] [SEVERE ] player 0 placing token on slot 8
[2022-12-11 17:59:55] [SEVERE ] removing player 2 token from slot 1
[2022-12-11 17:59:55] [SEVERE ] removing player 3 token from slot 2
[2022-12-11 17:59:55] [SEVERE ] player 1 placing token on slot 3
[2022-12-11 17:59:55] [SEVERE ] setting player 1 freeze to 0
[2022-12-11 17:59:55] [SEVERE ] player 0 placing token on slot 4
[2022-12-11 17:59:55] [SEVERE ] setting player 0 freeze to 0
[2022-12-11 17:59:55] [SEVERE ] player 2 placing token on slot 7
[2022-12-11 17:59:55] [SEVERE ] player 3 placing token on slot 4
[2022-12-11 17:59:55] [SEVERE ] removing player 1 token from slot 3
[2022-12-11 17:59:55] [SEVERE ] setting player 1 freeze to -108
[2022-12-11 17:59:55] [SEVERE ] removing player 0 token from slot 8
[2022-12-11 17:59:55] [SEVERE ] setting player 0 freeze to -107
[2022-12-11 17:59:55] [SEVERE ] removing player 2 token from slot 2
[2022-12-11 17:59:55] [SEVERE ] removing player 3 token from slot 4
[2022-12-11 17:59:55] [SEVERE ] player 1 placing token on slot 2
[2022-12-11 17:59:55] [SEVERE ] removing player 0 token from slot 0
[2022-12-11 17:59:55] [SEVERE ] player 2 placing token on slot 9
[2022-12-11 17:59:55] [SEVERE ] removing player 3 token from slot 0
[2022-12-11 17:59:55] [SEVERE ] removing player 1 token from slot 10
[2022-12-11 17:59:55] [SEVERE ] setting player 1 freeze to 0
[2022-12-11 17:59:55] [SEVERE ] player 0 placing token on slot 7
[2022-12-11 17:59:55] [SEVERE ] removing player 2 token from slot 9
[2022-12-11 17:59:55] [SEVERE ] player 3 placing token on slot 0
[2022-12-11 17:59:56] [SEVERE ] removing player 1 token from slot 11
[2022-12-11 17:59:56] [SEVERE ] setting player 1 freeze to -110
[2022-12-11 17:59:56] [SEVERE ] removing player 0 token from slot 4
[2022-12-11 17:59:56] [SEVERE ] player 2 placing token on slot 4
[2022-12-11 17:59:56] [SEVERE ] player 3 placing token on slot 5
[2022-12-11 17:59:56] [SEVERE ] removing player 1 token from slot 2
[2022-12-11 17:59:56] [SEVERE ] player 0 placing token on slot 11
[2022-12-11 17:59:56] [SEVERE ] removing player 2 token from slot 4
[2022-12-11 17:59:56] [SEVERE ] removing player 3 token from slot 5
[2022-12-11 17:59:56] [SEVERE ] player 1 placing token on slot 8
[2022-12-11 17:59:56] [SEVERE ] player 0 placing token on slot 5
[2022-12-11 17:59:56] [SEVERE ] player 2 placing token on slot 1
[2022-12-11 17:59:56] [SEVERE ] player 3 placing token on slot 9
[2022-12-11 17:59:56] [SEVERE ] player 1 placing token on slot 4
[2022-12-11 17:59:56] [SEVERE ] removing player 0 token from slot 5
[2022-12-11 17:59:56] [SEVERE ] removing player 2 token from slot 1
[2022-12-11 17:59:56] [SEVERE ] removing player 3 token from slot 7
[2022-12-11 17:59:56] [SEVERE ] player 1 placing token on slot 10
[2022-12-11 17:59:56] [SEVERE ] setting player 1 freeze to 0
[2022-12-11 17:59:56] [SEVERE ] player 0 placing token on slot 3
[2022-12-11 17:59:56] [SEVERE ] setting player 0 freeze to 0
[2022-12-11 17:59:56] [SEVERE ] player 2 placing token on slot 11
[2022-12-11 17:59:56] [SEVERE ] player 3 placing token on slot 5
[2022-12-11 17:59:56] [SEVERE ] removing player 1 token from slot 4
[2022-12-11 17:59:56] [SEVERE ] removing player 0 token from slot 11
[2022-12-11 17:59:56] [SEVERE ] setting player 1 freeze to -109
[2022-12-11 17:59:56] [SEVERE ] setting player 0 freeze to -109
[2022-12-11 17:59:56] [SEVERE ] removing player 2 token from slot 11
[2022-12-11 17:59:56] [SEVERE ] removing player 3 token from slot 5
[2022-12-11 17:59:56] [SEVERE ] player 1 placing token on slot 7
[2022-12-11 17:59:56] [SEVERE ] player 0 placing token on slot 8
[2022-12-11 17:59:56] [SEVERE ] player 2 placing token on slot 8
[2022-12-11 17:59:56] [SEVERE ] player 3 placing token on slot 1
[2022-12-11 17:59:56] [SEVERE ] removing player 1 token from slot 7
[2022-12-11 17:59:56] [SEVERE ] removing player 0 token from slot 7
[2022-12-11 17:59:56] [SEVERE ] setting player 0 freeze to 0
[2022-12-11 17:59:56] [SEVERE ] removing player 2 token from slot 7
[2022-12-11 17:59:56] [SEVERE ] removing player 3 token from slot 1
[2022-12-11 17:59:56] [SEVERE ] player 1 placing token on slot 11
[2022-12-11 17:59:56] [SEVERE ] setting player 1 freeze to 0
[2022-12-11 17:59:56] [SEVERE ] player 0 placing token on slot 6
[2022-12-11 17:59:56] [SEVERE ] setting player 0 freeze to -110
[2022-12-11 17:59:56] [SEVERE ] removing player 2 token from slot 8
[2022-12-11 17:59:56] [SEVERE ] player 3 placing token on slot 4
[2022-12-11 17:59:56] [SEVERE ] removing player 1 token from slot 11
[2022-12-11 17:59:57] [SEVERE ] setting player 1 freeze to -110
[2022-12-11 17:59:57] [SEVERE ] removing player 0 token from slot 8
[2022-12-11 17:59:57] [SEVERE ] player 2 placing token on slot 1
[2022-12-11 17:59:57] [SEVERE ] removing player 3 token from slot 4
[2022-12-11 17:59:57] [SEVERE ] player 1 placing token on slot 0
[2022-12-11 17:59:57] [SEVERE ] player 0 placing token on slot 1
[2022-12-11 17:59:57] [SEVERE ] player 2 placing token on slot 8
[2022-12-11 17:59:57] [SEVERE ] player 3 placing token on slot 3
[2022-12-11 17:59:57] [SEVERE ] removing player 1 token from slot 8
[2022-12-11 17:59:57] [SEVERE ] setting player 1 freeze to 0
[2022-12-11 17:59:57] [SEVERE ] removing player 0 token from slot 6
[2022-12-11 17:59:57] [SEVERE ] removing player 2 token from slot 8
[2022-12-11 17:59:57] [SEVERE ] removing player 3 token from slot 0
[2022-12-11 17:59:57] [SEVERE ] player 1 placing token on slot 6
[2022-12-11 17:59:57] [SEVERE ] setting player 1 freeze to -109
[2022-12-11 17:59:57] [SEVERE ] player 0 placing token on slot 10
[2022-12-11 17:59:57] [SEVERE ] setting player 0 freeze to 0
[2022-12-11 17:59:57] [SEVERE ] player 2 placing token on slot 8
[2022-12-11 17:59:57] [SEVERE ] player 3 placing token on slot 2
[2022-12-11 17:59:57] [SEVERE ] removing player 1 token from slot 10
[2022-12-11 17:59:57] [SEVERE ] removing player 0 token from slot 10
[2022-12-11 17:59:57] [SEVERE ] setting player 0 freeze to -109
[2022-12-11 17:59:57] [SEVERE ] removing player 2 token from slot 1
[2022-12-11 17:59:57] [SEVERE ] removing player 3 token from slot 2
[2022-12-11 17:59:57] [SEVERE ] player 1 placing token on slot 7
[2022-12-11 17:59:57] [SEVERE ] player 0 placing token on slot 7
[2022-12-11 17:59:57] [SEVERE ] setting player 1 freeze to 0
[2022-12-11 17:59:57] [SEVERE ] setting player 0 freeze to 0
[2022-12-11 17:59:57] [SEVERE ] player 2 placing token on slot 1
[2022-12-11 17:59:57] [SEVERE ] player 3 placing token on slot 1
[2022-12-11 17:59:57] [SEVERE ] removing player 1 token from slot 7
[2022-12-11 17:59:57] [SEVERE ] removing player 0 token from slot 7
[2022-12-11 17:59:57] [SEVERE ] setting player 0 freeze to -107
[2022-12-11 17:59:57] [SEVERE ] setting player 1 freeze to -108
[2022-12-11 17:59:57] [SEVERE ] removing player 2 token from slot 1
[2022-12-11 17:59:57] [SEVERE ] removing player 3 token from slot 9
[2022-12-11 17:59:57] [SEVERE ] removing player 0 token from slot 1
[2022-12-11 17:59:57] [SEVERE ] player 1 placing token on slot 9
[2022-12-11 17:59:57] [SEVERE ] player 2 placing token on slot 6
[2022-12-11 17:59:57] [SEVERE ] player 3 placing token on slot 6
[2022-12-11 17:59:57] [SEVERE ] player 0 placing token on slot 9
[2022-12-11 17:59:57] [SEVERE ] removing player 1 token from slot 9
[2022-12-11 17:59:57] [SEVERE ] removing player 2 token from slot 8
[2022-12-11 17:59:57] [SEVERE ] removing player 3 token from slot 3
[2022-12-11 17:59:58] [SEVERE ] player 1 placing token on slot 8
[2022-12-11 17:59:58] [SEVERE ] player 0 placing token on slot 11
[2022-12-11 17:59:58] [SEVERE ] setting player 1 freeze to 0
[2022-12-11 17:59:58] [SEVERE ] setting player 0 freeze to 0
[2022-12-11 17:59:58] [SEVERE ] player 2 placing token on slot 2
[2022-12-11 17:59:58] [SEVERE ] player 3 placing token on slot 5
[2022-12-11 17:59:58] [SEVERE ] removing player 1 token from slot 6
[2022-12-11 17:59:58] [SEVERE ] removing player 0 token from slot 3
[2022-12-11 17:59:58] [SEVERE ] setting player 0 freeze to -110
[2022-12-11 17:59:58] [SEVERE ] setting player 1 freeze to -110
[2022-12-11 17:59:58] [SEVERE ] removing player 2 token from slot 2
[2022-12-11 17:59:58] [SEVERE ] removing player 3 token from slot 1
[2022-12-11 17:59:58] [SEVERE ] player 0 placing token on slot 3
[2022-12-11 17:59:58] [SEVERE ] player 1 placing token on slot 5
[2022-12-11 17:59:58] [SEVERE ] removing player 2 token from slot 6
[2022-12-11 17:59:58] [SEVERE ] player 3 placing token on slot 1
[2022-12-11 17:59:58] [SEVERE ] setting player 0 freeze to 0
[2022-12-11 17:59:58] [SEVERE ] removing player 0 token from slot 3
[2022-12-11 17:59:58] [SEVERE ] removing player 1 token from slot 0
[2022-12-11 17:59:58] [SEVERE ] setting player 1 freeze to 0
[2022-12-11 17:59:58] [SEVERE ] player 2 placing token on slot 9
[2022-12-11 17:59:58] [SEVERE ] removing player 3 token from slot 1
[2022-12-11 17:59:58] [SEVERE ] setting player 0 freeze to -112
[2022-12-11 17:59:58] [SEVERE ] player 1 placing token on slot 1
[2022-12-11 17:59:58] [SEVERE ] setting player 1 freeze to -110
[2022-12-11 17:59:58] [SEVERE ] player 2 placing token on slot 4
[2022-12-11 17:59:58] [SEVERE ] player 0 placing token on slot 5
[2022-12-11 17:59:58] [SEVERE ] player 3 placing token on slot 4
[2022-12-11 17:59:58] [SEVERE ] setting player 0 freeze to 0
[2022-12-11 17:59:58] [SEVERE ] removing player 1 token from slot 8
[2022-12-11 17:59:58] [SEVERE ] removing player 2 token from slot 9
[2022-12-11 17:59:58] [SEVERE ] removing player 0 token from slot 5
[2022-12-11 17:59:58] [SEVERE ] removing player 3 token from slot 5
[2022-12-11 17:59:58] [SEVERE ] setting player 0 freeze to -108
[2022-12-11 17:59:58] [SEVERE ] player 1 placing token on slot 11
[2022-12-11 17:59:58] [SEVERE ] player 2 placing token on slot 6
[2022-12-11 17:59:58] [SEVERE ] player 3 placing token on slot 1
[2022-12-11 17:59:58] [SEVERE ] player 0 placing token on slot 10
[2022-12-11 17:59:58] [SEVERE ] removing player 1 token from slot 11
[2022-12-11 17:59:58] [SEVERE ] removing player 2 token from slot 4
[2022-12-11 17:59:58] [SEVERE ] removing player 3 token from slot 4
[2022-12-11 17:59:58] [SEVERE ] removing player 0 token from slot 9
[2022-12-11 17:59:58] [SEVERE ] removing player 1 token from slot 5
[2022-12-11 17:59:58] [SEVERE ] player 2 placing token on slot 2
[2022-12-11 17:59:58] [SEVERE ] player 3 placing token on slot 9
[2022-12-11 17:59:58] [SEVERE ] player 0 placing token on slot 3
[2022-12-11 17:59:58] [SEVERE ] setting player 0 freeze to 0
[2022-12-11 17:59:59] [SEVERE ] player 1 placing token on slot 5
[2022-12-11 17:59:59] [SEVERE ] removing player 2 token from slot 2
[2022-12-11 17:59:59] [SEVERE ] removing player 3 token from slot 1
[2022-12-11 17:59:59] [SEVERE ] removing player 0 token from slot 11
[2022-12-11 17:59:59] [SEVERE ] setting player 0 freeze to -109
[2022-12-11 17:59:59] [SEVERE ] player 1 placing token on slot 6
[2022-12-11 17:59:59] [SEVERE ] setting player 1 freeze to 0
[2022-12-11 17:59:59] [SEVERE ] player 2 placing token on slot 7
[2022-12-11 17:59:59] [SEVERE ] player 3 placing token on slot 8
[2022-12-11 17:59:59] [SEVERE ] player 0 placing token on slot 5
[2022-12-11 17:59:59] [SEVERE ] removing player 1 token from slot 1
[2022-12-11 17:59:59] [SEVERE ] setting player 1 freeze to -107
[2022-12-11 17:59:59] [SEVERE ] removing player 2 token from slot 0
[2022-12-11 17:59:59] [SEVERE ] removing player 3 token from slot 6
[2022-12-11 17:59:59] [SEVERE ] removing player 0 token from slot 5
[2022-12-11 17:59:59] [SEVERE ] player 1 placing token on slot 2
[2022-12-11 17:59:59] [SEVERE ] player 2 placing token on slot 9
[2022-12-11 17:59:59] [SEVERE ] player 3 placing token on slot 7
[2022-12-11 17:59:59] [SEVERE ] removing player 0 token from slot 3
[2022-12-11 17:59:59] [SEVERE ] removing player 1 token from slot 6
[2022-12-11 17:59:59] [SEVERE ] removing player 2 token from slot 7
[2022-12-11 17:59:59] [SEVERE ] removing player 3 token from slot 7
[2022-12-11 17:59:59] [SEVERE ] player 0 placing token on slot 4
[2022-12-11 17:59:59] [SEVERE ] player 1 placing token on slot 8
[2022-12-11 17:59:59] [SEVERE ] setting player 1 freeze to 0
[2022-12-11 17:59:59] [SEVERE ] player 2 placing token on slot 8
[2022-12-11 17:59:59] [SEVERE ] player 3 placing token on slot 10
[2022-12-11 17:59:59] [SEVERE ] player 0 placing token on slot 9
[2022-12-11 17:59:59] [SEVERE ] removing player 1 token from slot 5
[2022-12-11 17:59:59] [SEVERE ] setting player 0 freeze to 0
[2022-12-11 17:59:59] [SEVERE ] setting player 1 freeze to -110
[2022-12-11 17:59:59] [SEVERE ] removing player 2 token from slot 8
[2022-12-11 17:59:59] [SEVERE ] removing player 3 token from slot 8
[2022-12-11 17:59:59] [SEVERE ] removing player 0 token from slot 9
[2022-12-11 17:59:59] [SEVERE ] setting player 0 freeze to -109
[2022-12-11 17:59:59] [SEVERE ] player 1 placing token on slot 6
[2022-12-11 17:59:59] [SEVERE ] player 2 placing token on slot 11
[2022-12-11 17:59:59] [SEVERE ] player 3 placing token on slot 0
[2022-12-11 17:59:59] [SEVERE ] player 0 placing token on slot 9
[2022-12-11 17:59:59] [SEVERE ] removing player 1 token from slot 8
[2022-12-11 17:59:59] [SEVERE ] setting player 1 freeze to 0
[2022-12-11 17:59:59] [SEVERE ] removing player 2 token from slot 11
[2022-12-11 17:59:59] [SEVERE ] removing player 3 token from slot 0
[2022-12-11 17:59:59] [SEVERE ] removing player 0 token from slot 4
[2022-12-11 17:59:59] [SEVERE ] setting player 1 freeze to -107
[2022-12-11 17:59:59] [SEVERE ] player 1 placing token on slot 7
[2022-12-11 18:00:00] [SEVERE ] player 2 placing token on slot 2
[2022-12-11 18:00:00] [SEVERE ] player 3 placing token on slot 11
[2022-12-11 18:00:00] [SEVERE ] player 0 placing token on slot 1
[2022-12-11 18:00:00] [SEVERE ] setting player 0 freeze to 0
[2022-12-11 18:00:00] [SEVERE ] setting player 1 freeze to 0
[2022-12-11 18:00:00] [SEVERE ] removing player 1 token from slot 6
[2022-12-11 18:00:00] [SEVERE ] removing player 2 token from slot 6
[2022-12-11 18:00:00] [SEVERE ] removing player 3 token from slot 10
[2022-12-11 18:00:00] [SEVERE ] removing player 0 token from slot 9
[2022-12-11 18:00:00] [SEVERE ] setting player 0 freeze to -108
[2022-12-11 18:00:00] [SEVERE ] setting player 1 freeze to -101
[2022-12-11 18:00:00] [SEVERE ] player 2 placing token on slot 8
[2022-12-11 18:00:00] [SEVERE ] player 3 placing token on slot 1
[2022-12-11 18:00:00] [SEVERE ] player 1 placing token on slot 11
[2022-12-11 18:00:00] [SEVERE ] player 0 placing token on slot 8
[2022-12-11 18:00:00] [SEVERE ] setting player 1 freeze to 0
[2022-12-11 18:00:00] [SEVERE ] removing player 2 token from slot 9
[2022-12-11 18:00:00] [SEVERE ] removing player 3 token from slot 9
[2022-12-11 18:00:00] [SEVERE ] removing player 1 token from slot 7
[2022-12-11 18:00:00] [SEVERE ] setting player 0 freeze to 0
[2022-12-11 18:00:00] [SEVERE ] removing player 0 token from slot 10
[2022-12-11 18:00:00] [SEVERE ] setting player 1 freeze to -105
[2022-12-11 18:00:00] [SEVERE ] player 2 placing token on slot 0
[2022-12-11 18:00:00] [SEVERE ] player 3 placing token on slot 5
[2022-12-11 18:00:00] [SEVERE ] setting player 0 freeze to -101
[2022-12-11 18:00:00] [SEVERE ] removing player 1 token from slot 2
[2022-12-11 18:00:00] [SEVERE ] removing player 2 token from slot 2
[2022-12-11 18:00:00] [SEVERE ] removing player 3 token from slot 1
[2022-12-11 18:00:00] [SEVERE ] player 0 placing token on slot 0
[2022-12-11 18:00:00] [SEVERE ] setting player 0 freeze to 0
[2022-12-11 18:00:00] [SEVERE ] player 1 placing token on slot 3
[2022-12-11 18:00:00] [SEVERE ] removing player 2 token from slot 8
[2022-12-11 18:00:00] [SEVERE ] player 3 placing token on slot 7
[2022-12-11 18:00:00] [SEVERE ] removing player 0 token from slot 1
[2022-12-11 18:00:00] [SEVERE ] setting player 0 freeze to -108
[2022-12-11 18:00:00] [SEVERE ] player 1 placing token on slot 7
[2022-12-11 18:00:00] [SEVERE ] setting player 1 freeze to 0
[2022-12-11 18:00:00] [SEVERE ] player 2 placing token on slot 10
[2022-12-11 18:00:00] [SEVERE ] removing player 3 token from slot 7
[2022-12-11 18:00:00] [SEVERE ] player 0 placing token on slot 1
[2022-12-11 18:00:00] [SEVERE ] removing player 1 token from slot 7
[2022-12-11 18:00:00] [SEVERE ] setting player 1 freeze to -109
[2022-12-11 18:00:00] [SEVERE ] player 2 placing token on slot 8
[2022-12-11 18:00:00] [SEVERE ] player 3 placing token on slot 0
[2022-12-11 18:00:00] [SEVERE ] removing player 0 token from slot 1
[2022-12-11 18:00:00] [SEVERE ] player 1 placing token on slot 8
[2022-12-11 18:00:00] [SEVERE ] removing player 2 token from slot 8
[2022-12-11 18:00:01] [SEVERE ] removing player 3 token from slot 11
[2022-12-11 18:00:01] [SEVERE ] player 0 placing token on slot 1
[2022-12-11 18:00:01] [SEVERE ] setting player 0 freeze to 0
[2022-12-11 18:00:01] [SEVERE ] removing player 1 token from slot 8
[2022-12-11 18:00:01] [SEVERE ] player 2 placing token on slot 2
[2022-12-11 18:00:01] [SEVERE ] player 3 placing token on slot 7
[2022-12-11 18:00:01] [SEVERE ] removing player 0 token from slot 0
[2022-12-11 18:00:01] [SEVERE ] setting player 0 freeze to -110
[2022-12-11 18:00:01] [SEVERE ] player 1 placing token on slot 8
[2022-12-11 18:00:01] [SEVERE ] setting player 1 freeze to 0
[2022-12-11 18:00:01] [SEVERE ] removing player 2 token from slot 2
[2022-12-11 18:00:01] [SEVERE ] removing player 3 token from slot 0
[2022-12-11 18:00:01] [SEVERE ] removing player 1 token from slot 3
[2022-12-11 18:00:01] [SEVERE ] player 0 placing token on slot 3
[2022-12-11 18:00:01] [SEVERE ] setting player 1 freeze to -109
[2022-12-11 18:00:01] [SEVERE ] removing player 2 token from slot 10
[2022-12-11 18:00:01] [SEVERE ] player 3 placing token on slot 6
[2022-12-11 18:00:01] [SEVERE ] setting player 0 freeze to 0
[2022-12-11 18:00:01] [SEVERE ] removing player 0 token from slot 1
[2022-12-11 18:00:01] [SEVERE ] player 1 placing token on slot 4
[2022-12-11 18:00:01] [SEVERE ] player 2 placing token on slot 7
[2022-12-11 18:00:01] [SEVERE ] removing player 3 token from slot 6
[2022-12-11 18:00:01] [SEVERE ] setting player 0 freeze to -100
[2022-12-11 18:00:01] [SEVERE ] removing player 1 token from slot 11
[2022-12-11 18:00:01] [SEVERE ] player 2 placing token on slot 8
[2022-12-11 18:00:01] [SEVERE ] player 3 placing token on slot 8
[2022-12-11 18:00:01] [SEVERE ] player 0 placing token on slot 1
[2022-12-11 18:00:01] [SEVERE ] player 1 placing token on slot 11
[2022-12-11 18:00:01] [SEVERE ] setting player 1 freeze to 0
[2022-12-11 18:00:01] [SEVERE ] removing player 2 token from slot 7
[2022-12-11 18:00:01] [SEVERE ] removing player 3 token from slot 5
[2022-12-11 18:00:01] [SEVERE ] removing player 0 token from slot 1
[2022-12-11 18:00:01] [SEVERE ] setting player 0 freeze to 0
[2022-12-11 18:00:01] [SEVERE ] removing player 1 token from slot 4
[2022-12-11 18:00:01] [SEVERE ] setting player 1 freeze to -108
[2022-12-11 18:00:01] [SEVERE ] player 2 placing token on slot 10
[2022-12-11 18:00:01] [SEVERE ] player 3 placing token on slot 6
[2022-12-11 18:00:01] [SEVERE ] player 0 placing token on slot 11
[2022-12-11 18:00:01] [SEVERE ] setting player 0 freeze to -107
[2022-12-11 18:00:01] [SEVERE ] player 1 placing token on slot 5
[2022-12-11 18:00:01] [SEVERE ] removing player 2 token from slot 8
[2022-12-11 18:00:01] [SEVERE ] removing player 3 token from slot 8
[2022-12-11 18:00:01] [SEVERE ] removing player 0 token from slot 11
[2022-12-11 18:00:01] [SEVERE ] removing player 1 token from slot 11
[2022-12-11 18:00:01] [SEVERE ] player 2 placing token on slot 6
[2022-12-11 18:00:01] [SEVERE ] player 3 placing token on slot 3
[2022-12-11 18:00:02] [SEVERE ] player 0 placing token on slot 2
[2022-12-11 18:00:02] [SEVERE ] player 1 placing token on slot 2
[2022-12-11 18:00:02] [SEVERE ] setting player 1 freeze to 0
[2022-12-11 18:00:02] [SEVERE ] removing player 2 token from slot 0
[2022-12-11 18:00:02] [SEVERE ] removing player 3 token from slot 7
[2022-12-11 18:00:02] [SEVERE ] removing player 0 token from slot 2
[2022-12-11 18:00:02] [SEVERE ] setting player 0 freeze to 0
[2022-12-11 18:00:02] [SEVERE ] removing player 1 token from slot 2
[2022-12-11 18:00:02] [SEVERE ] setting player 1 freeze to -109
[2022-12-11 18:00:02] [SEVERE ] player 2 placing token on slot 7
[2022-12-11 18:00:02] [SEVERE ] player 3 placing token on slot 0
[2022-12-11 18:00:02] [SEVERE ] player 0 placing token on slot 10
[2022-12-11 18:00:02] [SEVERE ] setting player 0 freeze to -110
[2022-12-11 18:00:02] [SEVERE ] player 1 placing token on slot 7
[2022-12-11 18:00:02] [SEVERE ] removing player 2 token from slot 7
[2022-12-11 18:00:02] [SEVERE ] removing player 3 token from slot 0
[2022-12-11 18:00:02] [SEVERE ] removing player 0 token from slot 8
[2022-12-11 18:00:02] [SEVERE ] removing player 1 token from slot 5
[2022-12-11 18:00:02] [SEVERE ] player 2 placing token on slot 0
[2022-12-11 18:00:02] [SEVERE ] player 3 placing token on slot 0
[2022-12-11 18:00:02] [SEVERE ] removing player 0 token from slot 10
[2022-12-11 18:00:02] [SEVERE ] removing player 1 token from slot 8
[2022-12-11 18:00:02] [SEVERE ] removing player 2 token from slot 6
[2022-12-11 18:00:02] [SEVERE ] removing player 3 token from slot 3
[2022-12-11 18:00:02] [SEVERE ] player 0 placing token on slot 1
[2022-12-11 18:00:02] [SEVERE ] removing player 1 token from slot 7
[2022-12-11 18:00:02] [SEVERE ] player 2 placing token on slot 1
[2022-12-11 18:00:02] [SEVERE ] player 3 placing token on slot 1
[2022-12-11 18:00:02] [SEVERE ] player 0 placing token on slot 11
[2022-12-11 18:00:02] [SEVERE ] setting player 0 freeze to 0
[2022-12-11 18:00:02] [SEVERE ] player 1 placing token on slot 8
[2022-12-11 18:00:02] [SEVERE ] removing player 2 token from slot 1
[2022-12-11 18:00:02] [SEVERE ] removing player 3 token from slot 1
[2022-12-11 18:00:02] [SEVERE ] removing player 0 token from slot 1
[2022-12-11 18:00:02] [SEVERE ] setting player 0 freeze to -109
[2022-12-11 18:00:02] [SEVERE ] player 1 placing token on slot 7
[2022-12-11 18:00:02] [SEVERE ] player 2 placing token on slot 5
[2022-12-11 18:00:02] [SEVERE ] removing player 3 token from slot 0
[2022-12-11 18:00:02] [SEVERE ] removing player 0 token from slot 11
[2022-12-11 18:00:02] [SEVERE ] player 1 placing token on slot 6
[2022-12-11 18:00:02] [SEVERE ] removing player 1 token from slot 8
[2022-12-11 18:00:03] [SEVERE ] removing card from slot 8
[2022-12-11 18:00:03] [SEVERE ] removing player 1 token from slot 7
[2022-12-11 18:00:03] [SEVERE ] removing card from slot 7
[2022-12-11 18:00:03] [SEVERE ] removing player 1 token from slot 6
[2022-12-11 18:00:03] [SEVERE ] removing card from slot 6
[2022-12-11 18:00:03] [SEVERE ] removing player 3 token from slot 6
[2022-12-11 18:00:03] [SEVERE ] setting player 1 score to 1
[2022-12-11 18:00:03] [SEVERE ] placing card 23 in slot 8
[2022-12-11 18:00:03] [SEVERE ] setting player 1 freeze to 0
[2022-12-11 18:00:03] [SEVERE ] removing player 1 token from slot 8
[2022-12-11 18:00:03] [SEVERE ] player 0 placing token on slot 8
[2022-12-11 18:00:03] [SEVERE ] player 3 placing token on slot 3
[2022-12-11 18:00:03] [SEVERE ] removing player 2 token from slot 10
[2022-12-11 18:00:03] [SEVERE ] setting player 1 freeze to -101
[2022-12-11 18:00:03] [SEVERE ] placing card 78 in slot 6
[2022-12-11 18:00:03] [SEVERE ] placing card 61 in slot 7
[2022-12-11 18:00:03] [SEVERE ] player 2 placing token on slot 9
[2022-12-11 18:00:03] [SEVERE ] player 0 placing token on slot 6
[2022-12-11 18:00:03] [SEVERE ] player 3 placing token on slot 0
[2022-12-11 18:00:03] [SEVERE ] setting player 0 freeze to 0
[2022-12-11 18:00:03] [SEVERE ] removing player 2 token from slot 9
[2022-12-11 18:00:03] [SEVERE ] removing player 0 token from slot 3
[2022-12-11 18:00:03] [SEVERE ] player 3 placing token on slot 7
[2022-12-11 18:00:03] [SEVERE ] setting player 0 freeze to -108
[2022-12-11 18:00:03] [SEVERE ] player 2 placing token on slot 7
[2022-12-11 18:00:03] [SEVERE ] removing player 3 token from slot 0
[2022-12-11 18:00:03] [SEVERE ] removing player 0 token from slot 6
[2022-12-11 18:00:03] [SEVERE ] removing player 2 token from slot 5
[2022-12-11 18:00:03] [SEVERE ] removing player 3 token from slot 3
[2022-12-11 18:00:04] [SEVERE ] player 0 placing token on slot 0
[2022-12-11 18:00:04] [SEVERE ] player 2 placing token on slot 5
[2022-12-11 18:00:04] [SEVERE ] player 3 placing token on slot 9
[2022-12-11 18:00:04] [SEVERE ] player 0 placing token on slot 2
[2022-12-11 18:00:04] [SEVERE ] setting player 0 freeze to 0
[2022-12-11 18:00:04] [SEVERE ] removing player 2 token from slot 7
[2022-12-11 18:00:04] [SEVERE ] player 3 placing token on slot 3
[2022-12-11 18:00:04] [SEVERE ] removing player 0 token from slot 2
[2022-12-11 18:00:04] [SEVERE ] setting player 0 freeze to -109
[2022-12-11 18:00:04] [SEVERE ] player 2 placing token on slot 8
[2022-12-11 18:00:04] [SEVERE ] removing player 3 token from slot 7
[2022-12-11 18:00:04] [SEVERE ] player 0 placing token on slot 6
[2022-12-11 18:00:04] [SEVERE ] removing player 2 token from slot 8
[2022-12-11 18:00:04] [SEVERE ] player 3 placing token on slot 5
[2022-12-11 18:00:04] [SEVERE ] removing player 0 token from slot 8
[2022-12-11 18:00:04] [SEVERE ] player 2 placing token on slot 2
[2022-12-11 18:00:04] [SEVERE ] removing player 3 token from slot 3
[2022-12-11 18:00:04] [SEVERE ] player 0 placing token on slot 8
[2022-12-11 18:00:04] [SEVERE ] setting player 0 freeze to 0
[2022-12-11 18:00:04] [SEVERE ] removing player 2 token from slot 5
[2022-12-11 18:00:04] [SEVERE ] removing player 3 token from slot 5
[2022-12-11 18:00:04] [SEVERE ] removing player 0 token from slot 6
[2022-12-11 18:00:04] [SEVERE ] setting player 0 freeze to -110
[2022-12-11 18:00:04] [SEVERE ] player 2 placing token on slot 9
[2022-12-11 18:00:04] [SEVERE ] player 3 placing token on slot 11
[2022-12-11 18:00:04] [SEVERE ] player 0 placing token on slot 5
[2022-12-11 18:00:04] [SEVERE ] removing player 2 token from slot 9
[2022-12-11 18:00:04] [SEVERE ] player 3 placing token on slot 8
[2022-12-11 18:00:04] [SEVERE ] removing player 0 token from slot 8
[2022-12-11 18:00:04] [SEVERE ] removing player 2 token from slot 2
[2022-12-11 18:00:04] [SEVERE ] removing player 3 token from slot 9
[2022-12-11 18:00:05] [SEVERE ] player 0 placing token on slot 3
[2022-12-11 18:00:05] [SEVERE ] setting player 0 freeze to 0
[2022-12-11 18:00:05] [SEVERE ] player 2 placing token on slot 6
[2022-12-11 18:00:05] [SEVERE ] removing player 3 token from slot 8
[2022-12-11 18:00:05] [SEVERE ] removing player 0 token from slot 3
[2022-12-11 18:00:05] [SEVERE ] setting player 0 freeze to -111
[2022-12-11 18:00:05] [SEVERE ] player 2 placing token on slot 1
[2022-12-11 18:00:05] [SEVERE ] player 3 placing token on slot 3
[2022-12-11 18:00:05] [SEVERE ] player 0 placing token on slot 8
[2022-12-11 18:00:05] [SEVERE ] removing player 2 token from slot 0
[2022-12-11 18:00:05] [SEVERE ] player 3 placing token on slot 10
[2022-12-11 18:00:05] [SEVERE ] removing player 0 token from slot 5
[2022-12-11 18:00:05] [SEVERE ] player 2 placing token on slot 8
[2022-12-11 18:00:05] [SEVERE ] removing player 3 token from slot 11
[2022-12-11 18:00:05] [SEVERE ] removing player 0 token from slot 0
[2022-12-11 18:00:05] [SEVERE ] removing player 2 token from slot 8
[2022-12-11 18:00:05] [SEVERE ] removing player 3 token from slot 10
[2022-12-11 18:00:05] [SEVERE ] player 0 placing token on slot 4
[2022-12-11 18:00:05] [SEVERE ] player 2 placing token on slot 11
[2022-12-11 18:00:05] [SEVERE ] player 3 placing token on slot 4
[2022-12-11 18:00:05] [SEVERE ] player 0 placing token on slot 0
[2022-12-11 18:00:05] [SEVERE ] setting player 0 freeze to 0
[2022-12-11 18:00:05] [SEVERE ] removing player 2 token from slot 1
[2022-12-11 18:00:05] [SEVERE ] player 3 placing token on slot 8
[2022-12-11 18:00:05] [SEVERE ] removing player 0 token from slot 8
[2022-12-11 18:00:05] [SEVERE ] setting player 0 freeze to -110
[2022-12-11 18:00:05] [SEVERE ] removing player 2 token from slot 11
[2022-12-11 18:00:05] [SEVERE ] removing player 3 token from slot 3
[2022-12-11 18:00:05] [SEVERE ] player 0 placing token on slot 7
[2022-12-11 18:00:05] [SEVERE ] player 2 placing token on slot 8
[2022-12-11 18:00:05] [SEVERE ] player 3 placing token on slot 0
[2022-12-11 18:00:06] [SEVERE ] removing player 0 token from slot 0
[2022-12-11 18:00:06] [SEVERE ] player 2 placing token on slot 4
[2022-12-11 18:00:06] [SEVERE ] removing player 3 token from slot 0
[2022-12-11 18:00:06] [SEVERE ] player 0 placing token on slot 10
[2022-12-11 18:00:06] [SEVERE ] removing player 2 token from slot 8
[2022-12-11 18:00:06] [SEVERE ] player 3 placing token on slot 3
[2022-12-11 18:00:06] [SEVERE ] removing player 0 token from slot 4
[2022-12-11 18:00:06] [SEVERE ] player 2 placing token on slot 5
[2022-12-11 18:00:06] [SEVERE ] removing player 3 token from slot 4
[2022-12-11 18:00:06] [SEVERE ] removing player 0 token from slot 7
[2022-12-11 18:00:06] [SEVERE ] removing player 2 token from slot 4
[2022-12-11 18:00:06] [SEVERE ] player 3 placing token on slot 0
[2022-12-11 18:00:06] [SEVERE ] player 0 placing token on slot 9
[2022-12-11 18:00:06] [SEVERE ] player 2 placing token on slot 3
[2022-12-11 18:00:06] [SEVERE ] removing player 3 token from slot 8
[2022-12-11 18:00:06] [SEVERE ] player 0 placing token on slot 4
[2022-12-11 18:00:06] [SEVERE ] setting player 0 freeze to 0
[2022-12-11 18:00:06] [SEVERE ] removing player 2 token from slot 5
[2022-12-11 18:00:06] [SEVERE ] removing player 3 token from slot 3
[2022-12-11 18:00:06] [SEVERE ] removing player 0 token from slot 10
[2022-12-11 18:00:06] [SEVERE ] setting player 0 freeze to -110
[2022-12-11 18:00:06] [SEVERE ] player 2 placing token on slot 5
[2022-12-11 18:00:06] [SEVERE ] player 3 placing token on slot 1
[2022-12-11 18:00:06] [SEVERE ] player 0 placing token on slot 5
[2022-12-11 18:00:06] [SEVERE ] removing player 2 token from slot 6
[2022-12-11 18:00:06] [SEVERE ] removing player 3 token from slot 1
[2022-12-11 18:00:06] [SEVERE ] removing player 0 token from slot 4
[2022-12-11 18:00:06] [SEVERE ] player 2 placing token on slot 2
[2022-12-11 18:00:06] [SEVERE ] player 3 placing token on slot 5
[2022-12-11 18:00:06] [SEVERE ] player 0 placing token on slot 6
[2022-12-11 18:00:06] [SEVERE ] setting player 0 freeze to 0
[2022-12-11 18:00:07] [SEVERE ] removing player 2 token from slot 3
[2022-12-11 18:00:07] [SEVERE ] removing player 3 token from slot 0
[2022-12-11 18:00:07] [SEVERE ] removing player 0 token from slot 5
[2022-12-11 18:00:07] [SEVERE ] setting player 0 freeze to -109
[2022-12-11 18:00:07] [SEVERE ] player 2 placing token on slot 11
[2022-12-11 18:00:07] [SEVERE ] player 3 placing token on slot 6
[2022-12-11 18:00:07] [SEVERE ] player 0 placing token on slot 10
[2022-12-11 18:00:07] [SEVERE ] removing player 2 token from slot 5
[2022-12-11 18:00:07] [SEVERE ] player 3 placing token on slot 11
[2022-12-11 18:00:07] [SEVERE ] removing player 0 token from slot 10
[2022-12-11 18:00:07] [SEVERE ] player 2 placing token on slot 8
[2022-12-11 18:00:07] [SEVERE ] removing player 3 token from slot 6
[2022-12-11 18:00:07] [SEVERE ] player 0 placing token on slot 3
[2022-12-11 18:00:07] [SEVERE ] setting player 0 freeze to 0
[2022-12-11 18:00:07] [SEVERE ] removing player 2 token from slot 2
[2022-12-11 18:00:07] [SEVERE ] player 3 placing token on slot 4
[2022-12-11 18:00:07] [SEVERE ] removing player 0 token from slot 6
[2022-12-11 18:00:07] [SEVERE ] setting player 0 freeze to -108
[2022-12-11 18:00:07] [SEVERE ] player 2 placing token on slot 10
[2022-12-11 18:00:07] [SEVERE ] removing player 3 token from slot 4
[2022-12-11 18:00:07] [SEVERE ] player 0 placing token on slot 4
[2022-12-11 18:00:07] [SEVERE ] removing player 2 token from slot 11
[2022-12-11 18:00:07] [SEVERE ] player 3 placing token on slot 3
[2022-12-11 18:00:07] [SEVERE ] removing player 0 token from slot 3
[2022-12-11 18:00:07] [SEVERE ] player 2 placing token on slot 4
[2022-12-11 18:00:07] [SEVERE ] removing player 3 token from slot 5
[2022-12-11 18:00:07] [SEVERE ] removing player 0 token from slot 9
[2022-12-11 18:00:07] [SEVERE ] removing player 2 token from slot 10
[2022-12-11 18:00:07] [SEVERE ] removing player 3 token from slot 3
[2022-12-11 18:00:07] [SEVERE ] player 0 placing token on slot 0
[2022-12-11 18:00:08] [SEVERE ] player 2 placing token on slot 2
[2022-12-11 18:00:08] [SEVERE ] player 3 placing token on slot 7
[2022-12-11 18:00:08] [SEVERE ] player 0 placing token on slot 9
[2022-12-11 18:00:08] [SEVERE ] setting player 0 freeze to 0
[2022-12-11 18:00:08] [SEVERE ] removing player 2 token from slot 4
[2022-12-11 18:00:08] [SEVERE ] player 3 placing token on slot 2
[2022-12-11 18:00:08] [SEVERE ] removing player 0 token from slot 4
[2022-12-11 18:00:08] [SEVERE ] setting player 0 freeze to -108
[2022-12-11 18:00:08] [SEVERE ] player 2 placing token on slot 3
[2022-12-11 18:00:08] [SEVERE ] removing player 3 token from slot 7
[2022-12-11 18:00:08] [SEVERE ] player 0 placing token on slot 5
[2022-12-11 18:00:08] [SEVERE ] removing player 2 token from slot 3
[2022-12-11 18:00:08] [SEVERE ] player 3 placing token on slot 6
[2022-12-11 18:00:08] [SEVERE ] removing player 0 token from slot 0
[2022-12-11 18:00:08] [SEVERE ] player 2 placing token on slot 11
[2022-12-11 18:00:08] [SEVERE ] removing player 3 token from slot 2
[2022-12-11 18:00:08] [SEVERE ] player 0 placing token on slot 6
[2022-12-11 18:00:08] [SEVERE ] setting player 0 freeze to 0
[2022-12-11 18:00:08] [SEVERE ] removing player 2 token from slot 11
[2022-12-11 18:00:08] [SEVERE ] player 3 placing token on slot 2
[2022-12-11 18:00:08] [SEVERE ] removing player 0 token from slot 5
[2022-12-11 18:00:08] [SEVERE ] setting player 0 freeze to -108
[2022-12-11 18:00:08] [SEVERE ] player 2 placing token on slot 5
[2022-12-11 18:00:08] [SEVERE ] removing player 3 token from slot 11
[2022-12-11 18:00:08] [SEVERE ] player 0 placing token on slot 4
[2022-12-11 18:00:08] [SEVERE ] removing player 2 token from slot 8
[2022-12-11 18:00:08] [SEVERE ] player 3 placing token on slot 8
[2022-12-11 18:00:08] [SEVERE ] removing player 0 token from slot 6
[2022-12-11 18:00:08] [SEVERE ] player 2 placing token on slot 10
[2022-12-11 18:00:08] [SEVERE ] removing player 3 token from slot 6
[2022-12-11 18:00:08] [SEVERE ] player 0 placing token on slot 11
[2022-12-11 18:00:08] [SEVERE ] setting player 0 freeze to 0
[2022-12-11 18:00:08] [SEVERE ] removing player 2 token from slot 5
[2022-12-11 18:00:08] [SEVERE ] player 3 placing token on slot 6
[2022-12-11 18:00:09] [SEVERE ] removing player 0 token from slot 9
[2022-12-11 18:00:09] [SEVERE ] setting player 0 freeze to -110
[2022-12-11 18:00:09] [SEVERE ] player 2 placing token on slot 3
[2022-12-11 18:00:09] [SEVERE ] removing player 3 token from slot 6
[2022-12-11 18:00:09] [SEVERE ] player 0 placing token on slot 8
[2022-12-11 18:00:09] [SEVERE ] removing player 2 token from slot 2
[2022-12-11 18:00:09] [SEVERE ] removing player 3 token from slot 2
[2022-12-11 18:00:09] [SEVERE ] removing player 0 token from slot 4
[2022-12-11 18:00:09] [SEVERE ] setting player 0 freeze to 0
[2022-12-11 18:00:09] [SEVERE ] player 2 placing token on slot 11
[2022-12-11 18:00:09] [SEVERE ] removing player 3 token from slot 8
[2022-12-11 18:00:09] [SEVERE ] player 0 placing token on slot 6
[2022-12-11 18:00:09] [SEVERE ] setting player 0 freeze to -109
[2022-12-11 18:00:09] [SEVERE ] removing player 2 token from slot 10
[2022-12-11 18:00:09] [SEVERE ] player 3 placing token on slot 11
[2022-12-11 18:00:09] [SEVERE ] removing player 0 token from slot 11
[2022-12-11 18:00:09] [SEVERE ] player 2 placing token on slot 5
[2022-12-11 18:00:09] [SEVERE ] player 3 placing token on slot 5
[2022-12-11 18:00:09] [SEVERE ] player 0 placing token on slot 4
[2022-12-11 18:00:09] [SEVERE ] removing player 2 token from slot 5
[2022-12-11 18:00:09] [SEVERE ] player 3 placing token on slot 2
[2022-12-11 18:00:09] [SEVERE ] removing player 0 token from slot 8
[2022-12-11 18:00:09] [SEVERE ] setting player 0 freeze to 0
[2022-12-11 18:00:09] [SEVERE ] removing player 2 token from slot 3
[2022-12-11 18:00:09] [SEVERE ] removing player 3 token from slot 2
[2022-12-11 18:00:09] [SEVERE ] player 0 placing token on slot 3
[2022-12-11 18:00:09] [SEVERE ] setting player 0 freeze to -108
[2022-12-11 18:00:09] [SEVERE ] player 2 placing token on slot 9
[2022-12-11 18:00:09] [SEVERE ] player 3 placing token on slot 8
[2022-12-11 18:00:09] [SEVERE ] removing player 0 token from slot 3
[2022-12-11 18:00:09] [SEVERE ] player 2 placing token on slot 4
[2022-12-11 18:00:09] [SEVERE ] removing player 3 token from slot 8
[2022-12-11 18:00:10] [SEVERE ] player 0 placing token on slot 3
[2022-12-11 18:00:10] [SEVERE ] removing player 2 token from slot 9
[2022-12-11 18:00:10] [SEVERE ] player 3 placing token on slot 8
[2022-12-11 18:00:10] [SEVERE ] removing player 0 token from slot 4
[2022-12-11 18:00:10] [SEVERE ] player 2 placing token on slot 1
[2022-12-11 18:00:10] [SEVERE ] removing player 3 token from slot 5
[2022-12-11 18:00:10] [SEVERE ] player 0 placing token on slot 1
[2022-12-11 18:00:10] [SEVERE ] setting player 0 freeze to 0
[2022-12-11 18:00:10] [SEVERE ] removing player 2 token from slot 11
[2022-12-11 18:00:10] [SEVERE ] removing player 3 token from slot 11
[2022-12-11 18:00:10] [SEVERE ] removing player 0 token from slot 6
[2022-12-11 18:00:10] [SEVERE ] setting player 0 freeze to -109
[2022-12-11 18:00:10] [SEVERE ] removing player 2 token from slot 1
[2022-12-11 18:00:10] [SEVERE ] player 3 placing token on slot 1
[2022-12-11 18:00:10] [SEVERE ] player 0 placing token on slot 2
[2022-12-11 18:00:10] [SEVERE ] removing player 2 token from slot 4
[2022-12-11 18:00:10] [SEVERE ] player 3 placing token on slot 3
[2022-12-11 18:00:10] [SEVERE ] removing player 0 token from slot 1
[2022-12-11 18:00:10] [SEVERE ] player 2 placing token on slot 2
[2022-12-11 18:00:10] [SEVERE ] removing player 3 token from slot 3
[2022-12-11 18:00:10] [SEVERE ] player 0 placing token on slot 6
[2022-12-11 18:00:10] [SEVERE ] setting player 0 freeze to 0
[2022-12-11 18:00:10] [SEVERE ] player 2 placing token on slot 7
[2022-12-11 18:00:10] [SEVERE ] player 3 placing token on slot 3
[2022-12-11 18:00:10] [SEVERE ] removing player 0 token from slot 6
[2022-12-11 18:00:10] [SEVERE ] setting player 0 freeze to -109
[2022-12-11 18:00:10] [SEVERE ] player 2 placing token on slot 0
[2022-12-11 18:00:10] [SEVERE ] removing player 3 token from slot 1
[2022-12-11 18:00:10] [SEVERE ] player 0 placing token on slot 5
[2022-12-11 18:00:10] [SEVERE ] removing player 2 token from slot 7
[2022-12-11 18:00:10] [SEVERE ] player 3 placing token on slot 0
[2022-12-11 18:00:11] [SEVERE ] removing player 0 token from slot 5
[2022-12-11 18:00:11] [SEVERE ] player 2 placing token on slot 11
[2022-12-11 18:00:11] [SEVERE ] removing player 3 token from slot 0
[2022-12-11 18:00:11] [SEVERE ] player 0 placing token on slot 1
[2022-12-11 18:00:11] [SEVERE ] setting player 0 freeze to 0
[2022-12-11 18:00:11] [SEVERE ] removing player 2 token from slot 11
[2022-12-11 18:00:11] [SEVERE ] player 3 placing token on slot 4
[2022-12-11 18:00:11] [SEVERE ] removing player 0 token from slot 2
[2022-12-11 18:00:11] [SEVERE ] setting player 0 freeze to -109
[2022-12-11 18:00:11] [SEVERE ] player 2 placing token on slot 10
[2022-12-11 18:00:11] [SEVERE ] removing player 3 token from slot 3
[2022-12-11 18:00:11] [SEVERE ] player 0 placing token on slot 4
[2022-12-11 18:00:11] [SEVERE ] removing player 2 token from slot 0
[2022-12-11 18:00:11] [SEVERE ] removing player 3 token from slot 8
[2022-12-11 18:00:11] [SEVERE ] removing player 0 token from slot 4
[2022-12-11 18:00:11] [SEVERE ] removing player 2 token from slot 10
[2022-12-11 18:00:11] [SEVERE ] player 3 placing token on slot 10
[2022-12-11 18:00:11] [SEVERE ] player 0 placing token on slot 0
[2022-12-11 18:00:11] [SEVERE ] setting player 0 freeze to 0
[2022-12-11 18:00:11] [SEVERE ] player 2 placing token on slot 9
[2022-12-11 18:00:11] [SEVERE ] player 3 placing token on slot 3
[2022-12-11 18:00:11] [SEVERE ] removing player 0 token from slot 3
[2022-12-11 18:00:11] [SEVERE ] setting player 0 freeze to -109
[2022-12-11 18:00:11] [SEVERE ] player 2 placing token on slot 11
[2022-12-11 18:00:11] [SEVERE ] removing player 3 token from slot 4
[2022-12-11 18:00:11] [SEVERE ] player 0 placing token on slot 3
[2022-12-11 18:00:11] [SEVERE ] removing player 2 token from slot 2
[2022-12-11 18:00:11] [SEVERE ] player 3 placing token on slot 9
[2022-12-11 18:00:11] [SEVERE ] removing player 0 token from slot 0
[2022-12-11 18:00:11] [SEVERE ] removing player 3 token from slot 3
[2022-12-11 18:00:11] [SEVERE ] player 2 placing token on slot 5
[2022-12-11 18:00:12] [SEVERE ] player 0 placing token on slot 7
[2022-12-11 18:00:12] [SEVERE ] player 3 placing token on slot 2
[2022-12-11 18:00:12] [SEVERE ] removing player 2 token from slot 11
[2022-12-11 18:00:12] [SEVERE ] removing player 0 token from slot 7
[2022-12-11 18:00:12] [SEVERE ] setting player 0 freeze to 0
[2022-12-11 18:00:12] [SEVERE ] player 2 placing token on slot 11
[2022-12-11 18:00:12] [SEVERE ] removing player 3 token from slot 2
[2022-12-11 18:00:12] [SEVERE ] player 0 placing token on slot 0
[2022-12-11 18:00:12] [SEVERE ] setting player 0 freeze to -108
[2022-12-11 18:00:12] [SEVERE ] player 3 placing token on slot 4
[2022-12-11 18:00:12] [SEVERE ] removing player 2 token from slot 11
[2022-12-11 18:00:12] [SEVERE ] removing player 0 token from slot 0
[2022-12-11 18:00:12] [SEVERE ] removing player 3 token from slot 10
[2022-12-11 18:00:12] [SEVERE ] player 2 placing token on slot 7
[2022-12-11 18:00:12] [SEVERE ] player 0 placing token on slot 9
