[2022-12-12 18:27:18] [INFO   ] cannot read configuration file config.properties trying from resources.
[2022-12-12 18:27:18] [INFO   ] configuration file was loaded from resources directory.
[2022-12-12 18:27:18] [SEVERE ] placing card 29 in slot 3
[2022-12-12 18:27:18] [SEVERE ] placing card 16 in slot 0
[2022-12-12 18:27:19] [SEVERE ] placing card 59 in slot 7
[2022-12-12 18:27:19] [SEVERE ] placing card 12 in slot 8
[2022-12-12 18:27:19] [SEVERE ] placing card 39 in slot 5
[2022-12-12 18:27:19] [SEVERE ] placing card 64 in slot 4
[2022-12-12 18:27:19] [SEVERE ] placing card 60 in slot 2
[2022-12-12 18:27:19] [SEVERE ] placing card 46 in slot 10
[2022-12-12 18:27:19] [SEVERE ] placing card 35 in slot 1
[2022-12-12 18:27:19] [SEVERE ] placing card 24 in slot 9
[2022-12-12 18:27:19] [SEVERE ] placing card 26 in slot 11
[2022-12-12 18:27:19] [SEVERE ] placing card 8 in slot 6
[2022-12-12 18:27:19] [SEVERE ] player 0 placing token on slot 4
[2022-12-12 18:27:19] [SEVERE ] player 3 placing token on slot 5
[2022-12-12 18:27:19] [SEVERE ] player 2 placing token on slot 7
[2022-12-12 18:27:19] [SEVERE ] player 1 placing token on slot 0
[2022-12-12 18:27:19] [SEVERE ] player 0 placing token on slot 2
[2022-12-12 18:27:19] [SEVERE ] player 3 placing token on slot 11
[2022-12-12 18:27:19] [SEVERE ] player 1 placing token on slot 10
[2022-12-12 18:27:19] [SEVERE ] removing player 2 token from slot 7
[2022-12-12 18:27:19] [SEVERE ] player 0 placing token on slot 5
[2022-12-12 18:27:19] [SEVERE ] setting player 0 freeze to 0
[2022-12-12 18:27:19] [SEVERE ] player 3 placing token on slot 7
[2022-12-12 18:27:19] [SEVERE ] player 1 placing token on slot 8
[2022-12-12 18:27:19] [SEVERE ] player 2 placing token on slot 8
[2022-12-12 18:27:19] [SEVERE ] removing player 0 token from slot 4
[2022-12-12 18:27:19] [SEVERE ] setting player 3 freeze to 0
[2022-12-12 18:27:19] [SEVERE ] setting player 0 freeze to -15
[2022-12-12 18:27:19] [SEVERE ] removing player 3 token from slot 11
[2022-12-12 18:27:19] [SEVERE ] removing player 1 token from slot 10
[2022-12-12 18:27:19] [SEVERE ] player 2 placing token on slot 1
[2022-12-12 18:27:19] [SEVERE ] player 2 placing token on slot 9
[2022-12-12 18:27:19] [SEVERE ] setting player 3 freeze to -28
[2022-12-12 18:27:19] [SEVERE ] player 0 placing token on slot 3
[2022-12-12 18:27:19] [SEVERE ] player 1 placing token on slot 11
[2022-12-12 18:27:19] [SEVERE ] setting player 0 freeze to 0
[2022-12-12 18:27:19] [SEVERE ] removing player 2 token from slot 9
[2022-12-12 18:27:19] [SEVERE ] player 3 placing token on slot 8
[2022-12-12 18:27:19] [SEVERE ] removing player 1 token from slot 8
[2022-12-12 18:27:19] [SEVERE ] removing player 0 token from slot 2
[2022-12-12 18:27:19] [SEVERE ] setting player 3 freeze to 0
[2022-12-12 18:27:19] [SEVERE ] removing player 3 token from slot 8
[2022-12-12 18:27:19] [SEVERE ] setting player 0 freeze to -19
[2022-12-12 18:27:19] [SEVERE ] player 2 placing token on slot 7
[2022-12-12 18:27:19] [SEVERE ] player 1 placing token on slot 10
[2022-12-12 18:27:19] [SEVERE ] removing player 2 token from slot 1
[2022-12-12 18:27:19] [SEVERE ] setting player 3 freeze to -24
[2022-12-12 18:27:19] [SEVERE ] removing player 0 token from slot 5
[2022-12-12 18:27:19] [SEVERE ] removing player 1 token from slot 0
[2022-12-12 18:27:19] [SEVERE ] removing player 2 token from slot 8
[2022-12-12 18:27:19] [SEVERE ] player 3 placing token on slot 3
[2022-12-12 18:27:19] [SEVERE ] player 0 placing token on slot 1
[2022-12-12 18:27:19] [SEVERE ] removing player 1 token from slot 11
[2022-12-12 18:27:19] [SEVERE ] setting player 3 freeze to 0
[2022-12-12 18:27:19] [SEVERE ] removing player 3 token from slot 3
[2022-12-12 18:27:19] [SEVERE ] removing player 0 token from slot 1
[2022-12-12 18:27:19] [SEVERE ] player 2 placing token on slot 10
[2022-12-12 18:27:19] [SEVERE ] player 1 placing token on slot 4
[2022-12-12 18:27:19] [SEVERE ] player 0 placing token on slot 11
[2022-12-12 18:27:19] [SEVERE ] player 2 placing token on slot 3
[2022-12-12 18:27:19] [SEVERE ] setting player 3 freeze to -21
[2022-12-12 18:27:19] [SEVERE ] player 1 placing token on slot 9
[2022-12-12 18:27:19] [SEVERE ] removing player 2 token from slot 3
[2022-12-12 18:27:19] [SEVERE ] removing player 1 token from slot 4
[2022-12-12 18:27:19] [SEVERE ] player 0 placing token on slot 6
[2022-12-12 18:27:19] [SEVERE ] player 3 placing token on slot 0
[2022-12-12 18:27:19] [SEVERE ] setting player 3 freeze to 0
[2022-12-12 18:27:19] [SEVERE ] removing player 0 token from slot 3
[2022-12-12 18:27:19] [SEVERE ] player 1 placing token on slot 3
[2022-12-12 18:27:19] [SEVERE ] removing player 3 token from slot 5
[2022-12-12 18:27:19] [SEVERE ] player 2 placing token on slot 3
[2022-12-12 18:27:19] [SEVERE ] setting player 1 freeze to 0
[2022-12-12 18:27:19] [SEVERE ] removing player 2 token from slot 10
[2022-12-12 18:27:19] [SEVERE ] setting player 3 freeze to -24
[2022-12-12 18:27:19] [SEVERE ] player 0 placing token on slot 2
[2022-12-12 18:27:19] [SEVERE ] removing player 1 token from slot 9
[2022-12-12 18:27:19] [SEVERE ] removing player 2 token from slot 3
[2022-12-12 18:27:19] [SEVERE ] setting player 0 freeze to 0
[2022-12-12 18:27:19] [SEVERE ] player 3 placing token on slot 8
[2022-12-12 18:27:19] [SEVERE ] setting player 1 freeze to -24
[2022-12-12 18:27:19] [SEVERE ] removing player 0 token from slot 11
[2022-12-12 18:27:19] [SEVERE ] player 2 placing token on slot 1
[2022-12-12 18:27:19] [SEVERE ] removing player 3 token from slot 0
[2022-12-12 18:27:19] [SEVERE ] setting player 0 freeze to -19
[2022-12-12 18:27:19] [SEVERE ] player 1 placing token on slot 8
[2022-12-12 18:27:19] [SEVERE ] removing player 1 token from slot 10
[2022-12-12 18:27:19] [SEVERE ] player 0 placing token on slot 3
[2022-12-12 18:27:19] [SEVERE ] player 2 placing token on slot 11
[2022-12-12 18:27:19] [SEVERE ] player 3 placing token on slot 2
[2022-12-12 18:27:19] [SEVERE ] removing player 0 token from slot 3
[2022-12-12 18:27:19] [SEVERE ] setting player 3 freeze to 0
[2022-12-12 18:27:19] [SEVERE ] removing player 2 token from slot 11
[2022-12-12 18:27:19] [SEVERE ] removing player 3 token from slot 7
[2022-12-12 18:27:19] [SEVERE ] player 1 placing token on slot 2
[2022-12-12 18:27:19] [SEVERE ] player 2 placing token on slot 8
[2022-12-12 18:27:19] [SEVERE ] setting player 3 freeze to -19
[2022-12-12 18:27:19] [SEVERE ] player 0 placing token on slot 3
[2022-12-12 18:27:19] [SEVERE ] removing player 1 token from slot 2
[2022-12-12 18:27:19] [SEVERE ] setting player 1 freeze to 0
[2022-12-12 18:27:19] [SEVERE ] setting player 0 freeze to 0
[2022-12-12 18:27:19] [SEVERE ] removing player 0 token from slot 3
[2022-12-12 18:27:19] [SEVERE ] setting player 1 freeze to -11
[2022-12-12 18:27:19] [SEVERE ] player 3 placing token on slot 3
[2022-12-12 18:27:19] [SEVERE ] removing player 1 token from slot 3
[2022-12-12 18:27:19] [SEVERE ] removing player 2 token from slot 1
[2022-12-12 18:27:19] [SEVERE ] setting player 2 freeze to 0
[2022-12-12 18:27:19] [SEVERE ] setting player 3 freeze to 0
[2022-12-12 18:27:19] [SEVERE ] setting player 2 freeze to -12
[2022-12-12 18:27:19] [SEVERE ] setting player 0 freeze to -24
[2022-12-12 18:27:19] [SEVERE ] player 1 placing token on slot 9
[2022-12-12 18:27:19] [SEVERE ] removing player 3 token from slot 8
[2022-12-12 18:27:19] [SEVERE ] player 2 placing token on slot 9
[2022-12-12 18:27:19] [SEVERE ] setting player 2 freeze to 0
[2022-12-12 18:27:19] [SEVERE ] removing player 0 token from slot 2
[2022-12-12 18:27:19] [SEVERE ] removing player 1 token from slot 8
[2022-12-12 18:27:19] [SEVERE ] removing player 2 token from slot 8
[2022-12-12 18:27:19] [SEVERE ] setting player 3 freeze to -21
[2022-12-12 18:27:19] [SEVERE ] player 0 placing token on slot 8
[2022-12-12 18:27:19] [SEVERE ] player 3 placing token on slot 1
[2022-12-12 18:27:19] [SEVERE ] setting player 2 freeze to -20
[2022-12-12 18:27:19] [SEVERE ] player 1 placing token on slot 10
[2022-12-12 18:27:19] [SEVERE ] removing player 3 token from slot 3
[2022-12-12 18:27:19] [SEVERE ] removing player 0 token from slot 8
[2022-12-12 18:27:19] [SEVERE ] player 1 placing token on slot 5
[2022-12-12 18:27:19] [SEVERE ] player 2 placing token on slot 10
[2022-12-12 18:27:19] [SEVERE ] player 3 placing token on slot 9
[2022-12-12 18:27:19] [SEVERE ] removing player 2 token from slot 7
[2022-12-12 18:27:19] [SEVERE ] removing player 0 token from slot 6
[2022-12-12 18:27:19] [SEVERE ] removing player 1 token from slot 10
[2022-12-12 18:27:19] [SEVERE ] setting player 3 freeze to 0
[2022-12-12 18:27:19] [SEVERE ] setting player 1 freeze to 0
[2022-12-12 18:27:19] [SEVERE ] removing player 2 token from slot 9
[2022-12-12 18:27:19] [SEVERE ] player 0 placing token on slot 0
[2022-12-12 18:27:19] [SEVERE ] setting player 1 freeze to -14
[2022-12-12 18:27:19] [SEVERE ] setting player 3 freeze to -15
[2022-12-12 18:27:19] [SEVERE ] removing player 3 token from slot 2
[2022-12-12 18:27:19] [SEVERE ] player 1 placing token on slot 1
[2022-12-12 18:27:19] [SEVERE ] player 2 placing token on slot 11
[2022-12-12 18:27:19] [SEVERE ] removing player 3 token from slot 9
[2022-12-12 18:27:19] [SEVERE ] setting player 1 freeze to 0
[2022-12-12 18:27:19] [SEVERE ] player 0 placing token on slot 7
[2022-12-12 18:27:19] [SEVERE ] removing player 1 token from slot 9
[2022-12-12 18:27:19] [SEVERE ] player 3 placing token on slot 11
[2022-12-12 18:27:19] [SEVERE ] setting player 1 freeze to -18
[2022-12-12 18:27:19] [SEVERE ] player 0 placing token on slot 1
[2022-12-12 18:27:19] [SEVERE ] player 2 placing token on slot 0
[2022-12-12 18:27:19] [SEVERE ] setting player 0 freeze to 0
[2022-12-12 18:27:19] [SEVERE ] player 1 placing token on slot 4
[2022-12-12 18:27:19] [SEVERE ] removing player 0 token from slot 0
[2022-12-12 18:27:19] [SEVERE ] removing player 2 token from slot 10
[2022-12-12 18:27:19] [SEVERE ] player 3 placing token on slot 8
[2022-12-12 18:27:19] [SEVERE ] setting player 0 freeze to -13
[2022-12-12 18:27:19] [SEVERE ] removing player 1 token from slot 1
[2022-12-12 18:27:19] [SEVERE ] setting player 1 freeze to 0
[2022-12-12 18:27:19] [SEVERE ] setting player 3 freeze to 0
[2022-12-12 18:27:19] [SEVERE ] removing player 3 token from slot 11
[2022-12-12 18:27:19] [SEVERE ] player 2 placing token on slot 5
[2022-12-12 18:27:19] [SEVERE ] removing player 0 token from slot 1
[2022-12-12 18:27:19] [SEVERE ] setting player 1 freeze to -22
[2022-12-12 18:27:19] [SEVERE ] setting player 3 freeze to -19
[2022-12-12 18:27:19] [SEVERE ] removing player 2 token from slot 5
[2022-12-12 18:27:19] [SEVERE ] player 1 placing token on slot 9
[2022-12-12 18:27:19] [SEVERE ] player 0 placing token on slot 9
[2022-12-12 18:27:19] [SEVERE ] setting player 1 freeze to 0
[2022-12-12 18:27:19] [SEVERE ] player 2 placing token on slot 5
[2022-12-12 18:27:19] [SEVERE ] player 0 placing token on slot 4
[2022-12-12 18:27:19] [SEVERE ] removing player 3 token from slot 8
[2022-12-12 18:27:19] [SEVERE ] removing player 1 token from slot 4
[2022-12-12 18:27:19] [SEVERE ] setting player 2 freeze to 0
[2022-12-12 18:27:19] [SEVERE ] setting player 0 freeze to 0
[2022-12-12 18:27:19] [SEVERE ] setting player 1 freeze to -12
[2022-12-12 18:27:19] [SEVERE ] removing player 2 token from slot 11
[2022-12-12 18:27:19] [SEVERE ] removing player 0 token from slot 4
[2022-12-12 18:27:19] [SEVERE ] player 3 placing token on slot 0
[2022-12-12 18:27:19] [SEVERE ] setting player 2 freeze to -15
[2022-12-12 18:27:19] [SEVERE ] setting player 0 freeze to -15
[2022-12-12 18:27:19] [SEVERE ] player 1 placing token on slot 0
[2022-12-12 18:27:19] [SEVERE ] player 3 placing token on slot 7
[2022-12-12 18:27:19] [SEVERE ] removing player 1 token from slot 0
[2022-12-12 18:27:19] [SEVERE ] removing player 0 token from slot 9
[2022-12-12 18:27:19] [SEVERE ] player 2 placing token on slot 4
[2022-12-12 18:27:19] [SEVERE ] setting player 1 freeze to 0
[2022-12-12 18:27:19] [SEVERE ] player 1 placing token on slot 8
[2022-12-12 18:27:19] [SEVERE ] setting player 2 freeze to 0
[2022-12-12 18:27:19] [SEVERE ] player 0 placing token on slot 10
[2022-12-12 18:27:19] [SEVERE ] setting player 1 freeze to -12
[2022-12-12 18:27:19] [SEVERE ] removing player 3 token from slot 1
[2022-12-12 18:27:19] [SEVERE ] removing player 2 token from slot 5
[2022-12-12 18:27:19] [SEVERE ] setting player 3 freeze to 0
[2022-12-12 18:27:19] [SEVERE ] removing player 0 token from slot 10
[2022-12-12 18:27:19] [SEVERE ] removing player 3 token from slot 7
[2022-12-12 18:27:19] [SEVERE ] setting player 2 freeze to -20
[2022-12-12 18:27:19] [SEVERE ] setting player 3 freeze to -14
[2022-12-12 18:27:19] [SEVERE ] removing player 1 token from slot 9
[2022-12-12 18:27:19] [SEVERE ] removing player 2 token from slot 4
[2022-12-12 18:27:19] [SEVERE ] player 3 placing token on slot 1
[2022-12-12 18:27:19] [SEVERE ] player 0 placing token on slot 9
[2022-12-12 18:27:19] [SEVERE ] player 1 placing token on slot 9
[2022-12-12 18:27:19] [SEVERE ] player 2 placing token on slot 3
[2022-12-12 18:27:19] [SEVERE ] player 3 placing token on slot 3
[2022-12-12 18:27:19] [SEVERE ] player 0 placing token on slot 2
[2022-12-12 18:27:19] [SEVERE ] removing player 1 token from slot 9
[2022-12-12 18:27:19] [SEVERE ] setting player 1 freeze to 0
[2022-12-12 18:27:19] [SEVERE ] setting player 3 freeze to 0
[2022-12-12 18:27:19] [SEVERE ] setting player 0 freeze to 0
[2022-12-12 18:27:19] [SEVERE ] player 1 placing token on slot 2
[2022-12-12 18:27:19] [SEVERE ] setting player 1 freeze to -11
[2022-12-12 18:27:19] [SEVERE ] removing player 0 token from slot 7
[2022-12-12 18:27:19] [SEVERE ] removing player 3 token from slot 0
[2022-12-12 18:27:19] [SEVERE ] removing player 2 token from slot 3
[2022-12-12 18:27:19] [SEVERE ] player 2 placing token on slot 5
[2022-12-12 18:27:19] [SEVERE ] setting player 0 freeze to -28
[2022-12-12 18:27:19] [SEVERE ] removing player 1 token from slot 5
[2022-12-12 18:27:19] [SEVERE ] setting player 3 freeze to -29
[2022-12-12 18:27:19] [SEVERE ] player 2 placing token on slot 6
[2022-12-12 18:27:19] [SEVERE ] player 3 placing token on slot 9
[2022-12-12 18:27:19] [SEVERE ] player 0 placing token on slot 11
[2022-12-12 18:27:19] [SEVERE ] player 1 placing token on slot 3
[2022-12-12 18:27:19] [SEVERE ] setting player 0 freeze to 0
[2022-12-12 18:27:19] [SEVERE ] setting player 1 freeze to 0
[2022-12-12 18:27:19] [SEVERE ] setting player 3 freeze to 0
[2022-12-12 18:27:19] [SEVERE ] removing player 3 token from slot 3
[2022-12-12 18:27:19] [SEVERE ] removing player 0 token from slot 11
[2022-12-12 18:27:19] [SEVERE ] removing player 1 token from slot 2
[2022-12-12 18:27:19] [SEVERE ] removing player 2 token from slot 0
[2022-12-12 18:27:19] [SEVERE ] setting player 2 freeze to 0
[2022-12-12 18:27:19] [SEVERE ] setting player 1 freeze to -11
[2022-12-12 18:27:19] [SEVERE ] player 2 placing token on slot 2
[2022-12-12 18:27:19] [SEVERE ] setting player 0 freeze to -21
[2022-12-12 18:27:19] [SEVERE ] setting player 2 freeze to -12
[2022-12-12 18:27:19] [SEVERE ] setting player 3 freeze to -19
[2022-12-12 18:27:19] [SEVERE ] player 0 placing token on slot 1
[2022-12-12 18:27:19] [SEVERE ] removing player 2 token from slot 6
[2022-12-12 18:27:19] [SEVERE ] player 3 placing token on slot 3
[2022-12-12 18:27:19] [SEVERE ] player 1 placing token on slot 1
[2022-12-12 18:27:19] [SEVERE ] player 2 placing token on slot 7
[2022-12-12 18:27:19] [SEVERE ] removing player 3 token from slot 3
[2022-12-12 18:27:19] [SEVERE ] setting player 1 freeze to 0
[2022-12-12 18:27:19] [SEVERE ] removing player 1 token from slot 1
[2022-12-12 18:27:19] [SEVERE ] removing player 0 token from slot 1
[2022-12-12 18:27:19] [SEVERE ] setting player 1 freeze to -11
[2022-12-12 18:27:19] [SEVERE ] player 3 placing token on slot 8
[2022-12-12 18:27:19] [SEVERE ] removing player 2 token from slot 2
[2022-12-12 18:27:19] [SEVERE ] player 0 placing token on slot 11
[2022-12-12 18:27:19] [SEVERE ] removing player 3 token from slot 9
[2022-12-12 18:27:19] [SEVERE ] player 2 placing token on slot 9
[2022-12-12 18:27:19] [SEVERE ] player 1 placing token on slot 7
[2022-12-12 18:27:19] [SEVERE ] setting player 1 freeze to 0
[2022-12-12 18:27:19] [SEVERE ] removing player 0 token from slot 9
[2022-12-12 18:27:19] [SEVERE ] player 3 placing token on slot 6
[2022-12-12 18:27:19] [SEVERE ] removing player 2 token from slot 5
[2022-12-12 18:27:19] [SEVERE ] setting player 1 freeze to -15
[2022-12-12 18:27:19] [SEVERE ] removing player 1 token from slot 8
[2022-12-12 18:27:19] [SEVERE ] player 0 placing token on slot 4
[2022-12-12 18:27:19] [SEVERE ] player 1 placing token on slot 4
[2022-12-12 18:27:19] [SEVERE ] player 2 placing token on slot 5
[2022-12-12 18:27:19] [SEVERE ] removing player 0 token from slot 2
[2022-12-12 18:27:19] [SEVERE ] removing player 3 token from slot 1
[2022-12-12 18:27:19] [SEVERE ] setting player 0 freeze to 0
[2022-12-12 18:27:19] [SEVERE ] setting player 3 freeze to 0
[2022-12-12 18:27:19] [SEVERE ] setting player 2 freeze to 0
[2022-12-12 18:27:19] [SEVERE ] setting player 1 freeze to 0
[2022-12-12 18:27:19] [SEVERE ] removing player 1 token from slot 3
[2022-12-12 18:27:19] [SEVERE ] removing player 2 token from slot 5
[2022-12-12 18:27:19] [SEVERE ] player 3 placing token on slot 1
[2022-12-12 18:27:19] [SEVERE ] removing player 0 token from slot 4
[2022-12-12 18:27:19] [SEVERE ] setting player 2 freeze to -11
[2022-12-12 18:27:19] [SEVERE ] setting player 3 freeze to -13
[2022-12-12 18:27:19] [SEVERE ] setting player 0 freeze to -16
[2022-12-12 18:27:19] [SEVERE ] removing player 3 token from slot 1
[2022-12-12 18:27:19] [SEVERE ] setting player 1 freeze to -24
[2022-12-12 18:27:19] [SEVERE ] player 0 placing token on slot 3
[2022-12-12 18:27:19] [SEVERE ] removing player 2 token from slot 9
[2022-12-12 18:27:19] [SEVERE ] removing player 3 token from slot 8
[2022-12-12 18:27:20] [SEVERE ] player 2 placing token on slot 1
[2022-12-12 18:27:20] [SEVERE ] player 0 placing token on slot 7
[2022-12-12 18:27:20] [SEVERE ] player 1 placing token on slot 8
[2022-12-12 18:27:20] [SEVERE ] player 2 placing token on slot 8
[2022-12-12 18:27:20] [SEVERE ] player 3 placing token on slot 9
[2022-12-12 18:27:20] [SEVERE ] removing player 0 token from slot 11
[2022-12-12 18:27:20] [SEVERE ] removing player 1 token from slot 4
[2022-12-12 18:27:20] [SEVERE ] setting player 0 freeze to 0
[2022-12-12 18:27:20] [SEVERE ] setting player 2 freeze to 0
[2022-12-12 18:27:20] [SEVERE ] player 3 placing token on slot 1
[2022-12-12 18:27:20] [SEVERE ] setting player 2 freeze to -11
[2022-12-12 18:27:20] [SEVERE ] setting player 0 freeze to -11
[2022-12-12 18:27:20] [SEVERE ] removing player 2 token from slot 8
[2022-12-12 18:27:20] [SEVERE ] player 1 placing token on slot 3
[2022-12-12 18:27:20] [SEVERE ] player 0 placing token on slot 9
[2022-12-12 18:27:20] [SEVERE ] player 2 placing token on slot 10
[2022-12-12 18:27:20] [SEVERE ] removing player 1 token from slot 7
[2022-12-12 18:27:20] [SEVERE ] setting player 0 freeze to 0
[2022-12-12 18:27:20] [SEVERE ] setting player 2 freeze to 0
[2022-12-12 18:27:20] [SEVERE ] removing player 3 token from slot 1
[2022-12-12 18:27:20] [SEVERE ] removing player 0 token from slot 9
[2022-12-12 18:27:20] [SEVERE ] removing player 2 token from slot 10
[2022-12-12 18:27:20] [SEVERE ] removing player 1 token from slot 8
[2022-12-12 18:27:20] [SEVERE ] player 3 placing token on slot 1
[2022-12-12 18:27:20] [SEVERE ] setting player 2 freeze to -17
[2022-12-12 18:27:20] [SEVERE ] setting player 0 freeze to -17
[2022-12-12 18:27:20] [SEVERE ] setting player 3 freeze to 0
[2022-12-12 18:27:20] [SEVERE ] player 2 placing token on slot 8
[2022-12-12 18:27:20] [SEVERE ] removing player 3 token from slot 9
[2022-12-12 18:27:20] [SEVERE ] setting player 3 freeze to -16
[2022-12-12 18:27:20] [SEVERE ] removing player 1 token from slot 3
[2022-12-12 18:27:20] [SEVERE ] player 0 placing token on slot 6
[2022-12-12 18:27:20] [SEVERE ] removing player 0 token from slot 3
[2022-12-12 18:27:20] [SEVERE ] removing card from slot 3
[2022-12-12 18:27:20] [SEVERE ] removing player 0 token from slot 7
[2022-12-12 18:27:20] [SEVERE ] removing card from slot 7
[2022-12-12 18:27:20] [SEVERE ] removing player 2 token from slot 7
[2022-12-12 18:27:20] [SEVERE ] removing player 0 token from slot 6
[2022-12-12 18:27:20] [SEVERE ] removing card from slot 6
[2022-12-12 18:27:20] [SEVERE ] removing player 3 token from slot 6
[2022-12-12 18:27:20] [SEVERE ] placing card 65 in slot 3
[2022-12-12 18:27:20] [SEVERE ] setting player 0 score to 1
[2022-12-12 18:27:20] [SEVERE ] removing player 0 token from slot 6
[2022-12-12 18:27:20] [SEVERE ] setting player 0 freeze to 0
[2022-12-12 18:27:20] [SEVERE ] removing player 2 token from slot 1
[2022-12-12 18:27:20] [SEVERE ] player 3 placing token on slot 9
[2022-12-12 18:27:20] [SEVERE ] player 1 placing token on slot 2
[2022-12-12 18:27:20] [SEVERE ] placing card 23 in slot 6
[2022-12-12 18:27:20] [SEVERE ] setting player 0 freeze to -11
[2022-12-12 18:27:20] [SEVERE ] player 3 placing token on slot 0
[2022-12-12 18:27:20] [SEVERE ] player 0 placing token on slot 11
[2022-12-12 18:27:20] [SEVERE ] player 2 placing token on slot 4
[2022-12-12 18:27:20] [SEVERE ] player 1 placing token on slot 4
[2022-12-12 18:27:20] [SEVERE ] placing card 42 in slot 7
[2022-12-12 18:27:20] [SEVERE ] setting player 3 freeze to 0
[2022-12-12 18:27:20] [SEVERE ] setting player 3 freeze to -20
[2022-12-12 18:27:20] [SEVERE ] removing player 2 token from slot 4
[2022-12-12 18:27:20] [SEVERE ] player 0 placing token on slot 0
[2022-12-12 18:27:20] [SEVERE ] player 1 placing token on slot 3
[2022-12-12 18:27:20] [SEVERE ] removing player 3 token from slot 1
[2022-12-12 18:27:20] [SEVERE ] player 2 placing token on slot 11
[2022-12-12 18:27:20] [SEVERE ] player 0 placing token on slot 8
[2022-12-12 18:27:20] [SEVERE ] removing player 1 token from slot 2
[2022-12-12 18:27:20] [SEVERE ] player 3 placing token on slot 7
[2022-12-12 18:27:20] [SEVERE ] player 2 placing token on slot 2
[2022-12-12 18:27:20] [SEVERE ] removing player 0 token from slot 8
[2022-12-12 18:27:20] [SEVERE ] removing player 3 token from slot 7
[2022-12-12 18:27:20] [SEVERE ] removing player 1 token from slot 4
[2022-12-12 18:27:20] [SEVERE ] removing player 2 token from slot 2
[2022-12-12 18:27:20] [SEVERE ] setting player 2 freeze to 0
[2022-12-12 18:27:20] [SEVERE ] player 3 placing token on slot 10
[2022-12-12 18:27:20] [SEVERE ] setting player 2 freeze to -14
[2022-12-12 18:27:20] [SEVERE ] player 1 placing token on slot 4
[2022-12-12 18:27:20] [SEVERE ] player 0 placing token on slot 8
[2022-12-12 18:27:20] [SEVERE ] setting player 0 freeze to 0
[2022-12-12 18:27:20] [SEVERE ] setting player 3 freeze to 0
[2022-12-12 18:27:20] [SEVERE ] removing player 1 token from slot 4
[2022-12-12 18:27:20] [SEVERE ] player 2 placing token on slot 3
[2022-12-12 18:27:20] [SEVERE ] removing player 3 token from slot 0
[2022-12-12 18:27:20] [SEVERE ] removing player 0 token from slot 11
[2022-12-12 18:27:20] [SEVERE ] setting player 2 freeze to 0
[2022-12-12 18:27:20] [SEVERE ] player 1 placing token on slot 1
[2022-12-12 18:27:20] [SEVERE ] setting player 0 freeze to -23
[2022-12-12 18:27:20] [SEVERE ] removing player 2 token from slot 3
[2022-12-12 18:27:20] [SEVERE ] setting player 3 freeze to -23
[2022-12-12 18:27:20] [SEVERE ] player 0 placing token on slot 1
[2022-12-12 18:27:20] [SEVERE ] player 3 placing token on slot 3
[2022-12-12 18:27:20] [SEVERE ] setting player 2 freeze to -25
[2022-12-12 18:27:20] [SEVERE ] player 1 placing token on slot 6
[2022-12-12 18:27:20] [SEVERE ] removing player 1 token from slot 3
[2022-12-12 18:27:20] [SEVERE ] removing card from slot 3
[2022-12-12 18:27:20] [SEVERE ] removing player 3 token from slot 3
[2022-12-12 18:27:20] [SEVERE ] removing player 1 token from slot 1
[2022-12-12 18:27:20] [SEVERE ] removing card from slot 1
[2022-12-12 18:27:20] [SEVERE ] removing player 0 token from slot 1
[2022-12-12 18:27:20] [SEVERE ] removing player 1 token from slot 6
[2022-12-12 18:27:20] [SEVERE ] removing card from slot 6
[2022-12-12 18:27:20] [SEVERE ] setting player 1 score to 1
[2022-12-12 18:27:20] [SEVERE ] placing card 30 in slot 3
[2022-12-12 18:27:20] [SEVERE ] setting player 1 freeze to 0
[2022-12-12 18:27:20] [SEVERE ] removing player 0 token from slot 0
[2022-12-12 18:27:20] [SEVERE ] removing player 1 token from slot 1
[2022-12-12 18:27:20] [SEVERE ] removing player 3 token from slot 9
[2022-12-12 18:27:20] [SEVERE ] player 2 placing token on slot 3
[2022-12-12 18:27:20] [SEVERE ] setting player 1 freeze to -12
[2022-12-12 18:27:20] [SEVERE ] placing card 7 in slot 1
[2022-12-12 18:27:20] [SEVERE ] setting player 2 freeze to 0
[2022-12-12 18:27:20] [SEVERE ] setting player 2 freeze to -13
[2022-12-12 18:27:20] [SEVERE ] placing card 14 in slot 6
[2022-12-12 18:27:20] [SEVERE ] player 3 placing token on slot 1
[2022-12-12 18:27:20] [SEVERE ] player 0 placing token on slot 4
[2022-12-12 18:27:20] [SEVERE ] player 1 placing token on slot 0
[2022-12-12 18:27:20] [SEVERE ] removing player 2 token from slot 3
[2022-12-12 18:27:20] [SEVERE ] player 3 placing token on slot 9
[2022-12-12 18:27:20] [SEVERE ] player 2 placing token on slot 0
[2022-12-12 18:27:20] [SEVERE ] player 1 placing token on slot 9
[2022-12-12 18:27:20] [SEVERE ] player 0 placing token on slot 6
[2022-12-12 18:27:20] [SEVERE ] setting player 3 freeze to 0
[2022-12-12 18:27:20] [SEVERE ] removing player 1 token from slot 0
[2022-12-12 18:27:20] [SEVERE ] removing player 2 token from slot 0
[2022-12-12 18:27:20] [SEVERE ] setting player 0 freeze to 0
[2022-12-12 18:27:20] [SEVERE ] removing player 3 token from slot 1
[2022-12-12 18:27:20] [SEVERE ] removing player 0 token from slot 4
[2022-12-12 18:27:20] [SEVERE ] setting player 3 freeze to -12
[2022-12-12 18:27:20] [SEVERE ] player 1 placing token on slot 5
[2022-12-12 18:27:20] [SEVERE ] player 3 placing token on slot 6
[2022-12-12 18:27:20] [SEVERE ] setting player 0 freeze to -20
[2022-12-12 18:27:20] [SEVERE ] player 2 placing token on slot 5
[2022-12-12 18:27:20] [SEVERE ] removing player 2 token from slot 11
[2022-12-12 18:27:20] [SEVERE ] removing player 1 token from slot 5
[2022-12-12 18:27:20] [SEVERE ] player 0 placing token on slot 2
[2022-12-12 18:27:20] [SEVERE ] removing player 3 token from slot 6
[2022-12-12 18:27:20] [SEVERE ] setting player 3 freeze to 0
[2022-12-12 18:27:20] [SEVERE ] setting player 2 freeze to 0
[2022-12-12 18:27:20] [SEVERE ] player 1 placing token on slot 2
[2022-12-12 18:27:20] [SEVERE ] player 2 placing token on slot 10
[2022-12-12 18:27:20] [SEVERE ] removing player 0 token from slot 6
[2022-12-12 18:27:20] [SEVERE ] player 3 placing token on slot 7
[2022-12-12 18:27:20] [SEVERE ] setting player 2 freeze to -14
[2022-12-12 18:27:20] [SEVERE ] setting player 3 freeze to -14
[2022-12-12 18:27:20] [SEVERE ] player 1 placing token on slot 3
[2022-12-12 18:27:20] [SEVERE ] player 0 placing token on slot 3
[2022-12-12 18:27:20] [SEVERE ] setting player 0 freeze to 0
[2022-12-12 18:27:20] [SEVERE ] removing player 2 token from slot 10
[2022-12-12 18:27:20] [SEVERE ] removing player 3 token from slot 7
[2022-12-12 18:27:20] [SEVERE ] setting player 1 freeze to 0
[2022-12-12 18:27:20] [SEVERE ] player 2 placing token on slot 2
[2022-12-12 18:27:20] [SEVERE ] player 3 placing token on slot 11
[2022-12-12 18:27:20] [SEVERE ] setting player 0 freeze to -21
[2022-12-12 18:27:20] [SEVERE ] removing player 1 token from slot 9
[2022-12-12 18:27:20] [SEVERE ] setting player 1 freeze to -15
[2022-12-12 18:27:20] [SEVERE ] removing player 0 token from slot 2
[2022-12-12 18:27:20] [SEVERE ] setting player 2 freeze to 0
[2022-12-12 18:27:20] [SEVERE ] removing player 0 token from slot 8
[2022-12-12 18:27:20] [SEVERE ] removing player 3 token from slot 11
[2022-12-12 18:27:20] [SEVERE ] setting player 2 freeze to -14
[2022-12-12 18:27:20] [SEVERE ] player 1 placing token on slot 4
[2022-12-12 18:27:20] [SEVERE ] removing player 2 token from slot 2
[2022-12-12 18:27:20] [SEVERE ] player 0 placing token on slot 11
[2022-12-12 18:27:20] [SEVERE ] player 2 placing token on slot 6
[2022-12-12 18:27:20] [SEVERE ] removing player 1 token from slot 3
[2022-12-12 18:27:20] [SEVERE ] player 3 placing token on slot 7
[2022-12-12 18:27:20] [SEVERE ] setting player 2 freeze to 0
[2022-12-12 18:27:20] [SEVERE ] removing player 2 token from slot 5
[2022-12-12 18:27:20] [SEVERE ] removing player 3 token from slot 7
[2022-12-12 18:27:20] [SEVERE ] player 1 placing token on slot 5
[2022-12-12 18:27:20] [SEVERE ] player 0 placing token on slot 4
[2022-12-12 18:27:20] [SEVERE ] removing player 1 token from slot 4
[2022-12-12 18:27:20] [SEVERE ] removing player 0 token from slot 11
[2022-12-12 18:27:20] [SEVERE ] setting player 2 freeze to -25
[2022-12-12 18:27:20] [SEVERE ] player 3 placing token on slot 0
[2022-12-12 18:27:20] [SEVERE ] player 0 placing token on slot 9
[2022-12-12 18:27:20] [SEVERE ] removing player 3 token from slot 9
[2022-12-12 18:27:20] [SEVERE ] removing player 1 token from slot 2
[2022-12-12 18:27:20] [SEVERE ] player 2 placing token on slot 11
[2022-12-12 18:27:20] [SEVERE ] removing player 0 token from slot 9
[2022-12-12 18:27:20] [SEVERE ] setting player 2 freeze to 0
[2022-12-12 18:27:20] [SEVERE ] player 1 placing token on slot 11
[2022-12-12 18:27:20] [SEVERE ] removing player 2 token from slot 8
[2022-12-12 18:27:20] [SEVERE ] removing player 3 token from slot 0
[2022-12-12 18:27:20] [SEVERE ] player 0 placing token on slot 5
[2022-12-12 18:27:20] [SEVERE ] player 1 placing token on slot 10
[2022-12-12 18:27:20] [SEVERE ] player 3 placing token on slot 0
[2022-12-12 18:27:20] [SEVERE ] removing player 0 token from slot 4
[2022-12-12 18:27:20] [SEVERE ] setting player 2 freeze to -25
[2022-12-12 18:27:20] [SEVERE ] setting player 1 freeze to 0
[2022-12-12 18:27:20] [SEVERE ] player 0 placing token on slot 8
[2022-12-12 18:27:20] [SEVERE ] removing player 3 token from slot 10
[2022-12-12 18:27:20] [SEVERE ] setting player 1 freeze to -15
[2022-12-12 18:27:20] [SEVERE ] removing player 1 token from slot 11
[2022-12-12 18:27:20] [SEVERE ] removing player 2 token from slot 6
[2022-12-12 18:27:20] [SEVERE ] player 1 placing token on slot 8
[2022-12-12 18:27:20] [SEVERE ] player 3 placing token on slot 4
[2022-12-12 18:27:20] [SEVERE ] player 2 placing token on slot 6
[2022-12-12 18:27:20] [SEVERE ] removing player 0 token from slot 3
[2022-12-12 18:27:20] [SEVERE ] setting player 0 freeze to 0
[2022-12-12 18:27:20] [SEVERE ] removing player 1 token from slot 8
[2022-12-12 18:27:20] [SEVERE ] player 0 placing token on slot 7
[2022-12-12 18:27:20] [SEVERE ] removing player 2 token from slot 11
[2022-12-12 18:27:20] [SEVERE ] player 3 placing token on slot 9
[2022-12-12 18:27:20] [SEVERE ] setting player 0 freeze to -15
[2022-12-12 18:27:20] [SEVERE ] setting player 3 freeze to 0
[2022-12-12 18:27:20] [SEVERE ] removing player 3 token from slot 0
[2022-12-12 18:27:20] [SEVERE ] player 1 placing token on slot 0
[2022-12-12 18:27:20] [SEVERE ] setting player 3 freeze to -12
[2022-12-12 18:27:20] [SEVERE ] removing player 0 token from slot 8
[2022-12-12 18:27:20] [SEVERE ] player 2 placing token on slot 2
[2022-12-12 18:27:20] [SEVERE ] setting player 1 freeze to 0
[2022-12-12 18:27:20] [SEVERE ] player 0 placing token on slot 11
[2022-12-12 18:27:20] [SEVERE ] removing player 1 token from slot 0
[2022-12-12 18:27:20] [SEVERE ] removing player 3 token from slot 4
[2022-12-12 18:27:20] [SEVERE ] removing player 2 token from slot 2
[2022-12-12 18:27:20] [SEVERE ] setting player 1 freeze to -13
[2022-12-12 18:27:20] [SEVERE ] removing player 0 token from slot 7
[2022-12-12 18:27:20] [SEVERE ] player 3 placing token on slot 7
[2022-12-12 18:27:20] [SEVERE ] player 2 placing token on slot 9
[2022-12-12 18:27:20] [SEVERE ] removing player 3 token from slot 9
[2022-12-12 18:27:20] [SEVERE ] player 2 placing token on slot 7
[2022-12-12 18:27:20] [SEVERE ] player 1 placing token on slot 3
[2022-12-12 18:27:20] [SEVERE ] player 0 placing token on slot 6
[2022-12-12 18:27:20] [SEVERE ] player 3 placing token on slot 10
[2022-12-12 18:27:20] [SEVERE ] setting player 0 freeze to 0
[2022-12-12 18:27:20] [SEVERE ] removing player 1 token from slot 5
[2022-12-12 18:27:20] [SEVERE ] removing player 2 token from slot 7
[2022-12-12 18:27:20] [SEVERE ] removing player 0 token from slot 5
[2022-12-12 18:27:20] [SEVERE ] player 3 placing token on slot 2
[2022-12-12 18:27:20] [SEVERE ] player 1 placing token on slot 8
[2022-12-12 18:27:20] [SEVERE ] player 2 placing token on slot 3
[2022-12-12 18:27:20] [SEVERE ] removing player 3 token from slot 10
[2022-12-12 18:27:20] [SEVERE ] setting player 0 freeze to -25
[2022-12-12 18:27:20] [SEVERE ] setting player 3 freeze to 0
[2022-12-12 18:27:20] [SEVERE ] removing player 1 token from slot 10
[2022-12-12 18:27:20] [SEVERE ] setting player 1 freeze to 0
[2022-12-12 18:27:20] [SEVERE ] setting player 2 freeze to 0
[2022-12-12 18:27:20] [SEVERE ] removing player 0 token from slot 6
[2022-12-12 18:27:20] [SEVERE ] player 3 placing token on slot 1
[2022-12-12 18:27:20] [SEVERE ] setting player 1 freeze to -15
[2022-12-12 18:27:20] [SEVERE ] removing player 2 token from slot 3
[2022-12-12 18:27:20] [SEVERE ] setting player 3 freeze to -16
[2022-12-12 18:27:20] [SEVERE ] setting player 2 freeze to -15
[2022-12-12 18:27:20] [SEVERE ] player 0 placing token on slot 10
[2022-12-12 18:27:20] [SEVERE ] player 1 placing token on slot 10
[2022-12-12 18:27:20] [SEVERE ] player 2 placing token on slot 4
[2022-12-12 18:27:20] [SEVERE ] removing player 3 token from slot 1
[2022-12-12 18:27:20] [SEVERE ] removing player 2 token from slot 4
[2022-12-12 18:27:20] [SEVERE ] player 3 placing token on slot 10
[2022-12-12 18:27:20] [SEVERE ] player 0 placing token on slot 5
[2022-12-12 18:27:20] [SEVERE ] removing player 1 token from slot 10
[2022-12-12 18:27:20] [SEVERE ] setting player 1 freeze to 0
[2022-12-12 18:27:20] [SEVERE ] setting player 0 freeze to 0
[2022-12-12 18:27:20] [SEVERE ] player 1 placing token on slot 4
[2022-12-12 18:27:20] [SEVERE ] removing player 3 token from slot 2
[2022-12-12 18:27:20] [SEVERE ] removing player 0 token from slot 11
[2022-12-12 18:27:20] [SEVERE ] setting player 1 freeze to -15
[2022-12-12 18:27:20] [SEVERE ] player 2 placing token on slot 2
[2022-12-12 18:27:20] [SEVERE ] removing player 3 token from slot 7
[2022-12-12 18:27:20] [SEVERE ] setting player 0 freeze to -24
[2022-12-12 18:27:20] [SEVERE ] removing player 1 token from slot 8
[2022-12-12 18:27:20] [SEVERE ] removing player 2 token from slot 2
[2022-12-12 18:27:20] [SEVERE ] setting player 2 freeze to 0
[2022-12-12 18:27:20] [SEVERE ] player 3 placing token on slot 7
[2022-12-12 18:27:20] [SEVERE ] player 0 placing token on slot 3
[2022-12-12 18:27:20] [SEVERE ] setting player 2 freeze to -14
[2022-12-12 18:27:20] [SEVERE ] removing player 2 token from slot 6
[2022-12-12 18:27:20] [SEVERE ] player 1 placing token on slot 2
[2022-12-12 18:27:20] [SEVERE ] removing player 0 token from slot 5
[2022-12-12 18:27:20] [SEVERE ] player 2 placing token on slot 6
[2022-12-12 18:27:20] [SEVERE ] player 3 placing token on slot 4
[2022-12-12 18:27:20] [SEVERE ] removing player 1 token from slot 4
[2022-12-12 18:27:20] [SEVERE ] setting player 1 freeze to 0
[2022-12-12 18:27:20] [SEVERE ] player 0 placing token on slot 9
[2022-12-12 18:27:20] [SEVERE ] removing player 3 token from slot 10
[2022-12-12 18:27:20] [SEVERE ] removing player 1 token from slot 2
[2022-12-12 18:27:20] [SEVERE ] setting player 1 freeze to -14
[2022-12-12 18:27:20] [SEVERE ] player 2 placing token on slot 8
[2022-12-12 18:27:20] [SEVERE ] setting player 0 freeze to 0
[2022-12-12 18:27:20] [SEVERE ] removing player 2 token from slot 9
[2022-12-12 18:27:20] [SEVERE ] player 3 placing token on slot 1
[2022-12-12 18:27:20] [SEVERE ] setting player 0 freeze to -16
[2022-12-12 18:27:20] [SEVERE ] removing player 0 token from slot 3
[2022-12-12 18:27:20] [SEVERE ] player 1 placing token on slot 4
[2022-12-12 18:27:20] [SEVERE ] setting player 3 freeze to 0
[2022-12-12 18:27:20] [SEVERE ] removing player 3 token from slot 7
[2022-12-12 18:27:20] [SEVERE ] removing player 1 token from slot 4
[2022-12-12 18:27:20] [SEVERE ] removing player 0 token from slot 9
[2022-12-12 18:27:20] [SEVERE ] player 2 placing token on slot 9
[2022-12-12 18:27:20] [SEVERE ] setting player 3 freeze to -11
[2022-12-12 18:27:20] [SEVERE ] player 1 placing token on slot 6
[2022-12-12 18:27:20] [SEVERE ] removing player 2 token from slot 6
[2022-12-12 18:27:20] [SEVERE ] player 0 placing token on slot 7
[2022-12-12 18:27:20] [SEVERE ] removing player 0 token from slot 7
[2022-12-12 18:27:20] [SEVERE ] player 1 placing token on slot 2
[2022-12-12 18:27:20] [SEVERE ] player 3 placing token on slot 0
[2022-12-12 18:27:20] [SEVERE ] player 2 placing token on slot 11
[2022-12-12 18:27:20] [SEVERE ] removing player 3 token from slot 0
[2022-12-12 18:27:20] [SEVERE ] removing player 1 token from slot 2
[2022-12-12 18:27:20] [SEVERE ] setting player 3 freeze to 0
[2022-12-12 18:27:20] [SEVERE ] player 0 placing token on slot 3
[2022-12-12 18:27:20] [SEVERE ] setting player 2 freeze to 0
[2022-12-12 18:27:20] [SEVERE ] removing player 2 token from slot 8
[2022-12-12 18:27:20] [SEVERE ] player 1 placing token on slot 2
[2022-12-12 18:27:20] [SEVERE ] setting player 3 freeze to -11
[2022-12-12 18:27:20] [SEVERE ] player 0 placing token on slot 4
[2022-12-12 18:27:20] [SEVERE ] player 3 placing token on slot 5
[2022-12-12 18:27:20] [SEVERE ] setting player 2 freeze to -19
[2022-12-12 18:27:20] [SEVERE ] setting player 0 freeze to 0
[2022-12-12 18:27:20] [SEVERE ] setting player 1 freeze to 0
[2022-12-12 18:27:20] [SEVERE ] removing player 1 token from slot 2
[2022-12-12 18:27:20] [SEVERE ] setting player 3 freeze to 0
[2022-12-12 18:27:20] [SEVERE ] player 2 placing token on slot 10
[2022-12-12 18:27:20] [SEVERE ] setting player 0 freeze to -12
[2022-12-12 18:27:20] [SEVERE ] setting player 1 freeze to -13
[2022-12-12 18:27:20] [SEVERE ] removing player 0 token from slot 4
[2022-12-12 18:27:20] [SEVERE ] removing player 3 token from slot 4
[2022-12-12 18:27:20] [SEVERE ] setting player 3 freeze to -11
[2022-12-12 18:27:21] [SEVERE ] removing player 2 token from slot 10
[2022-12-12 18:27:21] [SEVERE ] player 0 placing token on slot 5
[2022-12-12 18:27:21] [SEVERE ] player 1 placing token on slot 11
[2022-12-12 18:27:21] [SEVERE ] player 3 placing token on slot 0
[2022-12-12 18:27:21] [SEVERE ] player 2 placing token on slot 6
[2022-12-12 18:27:21] [SEVERE ] removing player 3 token from slot 5
[2022-12-12 18:27:21] [SEVERE ] removing player 1 token from slot 6
[2022-12-12 18:27:21] [SEVERE ] removing player 2 token from slot 9
[2022-12-12 18:27:21] [SEVERE ] removing player 0 token from slot 3
[2022-12-12 18:27:21] [SEVERE ] setting player 0 freeze to 0
[2022-12-12 18:27:21] [SEVERE ] removing player 3 token from slot 0
[2022-12-12 18:27:21] [SEVERE ] player 0 placing token on slot 8
[2022-12-12 18:27:21] [SEVERE ] player 2 placing token on slot 8
[2022-12-12 18:27:21] [SEVERE ] player 1 placing token on slot 0
[2022-12-12 18:27:21] [SEVERE ] setting player 0 freeze to -15
[2022-12-12 18:27:21] [SEVERE ] setting player 2 freeze to 0
[2022-12-12 18:27:21] [SEVERE ] setting player 1 freeze to 0
[2022-12-12 18:27:21] [SEVERE ] removing player 0 token from slot 8
[2022-12-12 18:27:21] [SEVERE ] setting player 2 freeze to -13
[2022-12-12 18:27:21] [SEVERE ] removing player 1 token from slot 11
[2022-12-12 18:27:21] [SEVERE ] player 3 placing token on slot 11
[2022-12-12 18:27:21] [SEVERE ] removing player 2 token from slot 11
[2022-12-12 18:27:21] [SEVERE ] player 0 placing token on slot 6
[2022-12-12 18:27:21] [SEVERE ] player 2 placing token on slot 3
[2022-12-12 18:27:21] [SEVERE ] setting player 1 freeze to -22
[2022-12-12 18:27:21] [SEVERE ] player 3 placing token on slot 2
[2022-12-12 18:27:21] [SEVERE ] setting player 0 freeze to 0
[2022-12-12 18:27:21] [SEVERE ] removing player 0 token from slot 6
[2022-12-12 18:27:21] [SEVERE ] removing player 3 token from slot 11
[2022-12-12 18:27:21] [SEVERE ] removing player 2 token from slot 6
[2022-12-12 18:27:21] [SEVERE ] setting player 3 freeze to 0
[2022-12-12 18:27:21] [SEVERE ] removing player 1 token from slot 0
[2022-12-12 18:27:21] [SEVERE ] player 2 placing token on slot 11
[2022-12-12 18:27:21] [SEVERE ] player 3 placing token on slot 11
[2022-12-12 18:27:21] [SEVERE ] player 1 placing token on slot 7
[2022-12-12 18:27:21] [SEVERE ] setting player 3 freeze to -20
[2022-12-12 18:27:21] [SEVERE ] setting player 0 freeze to -26
[2022-12-12 18:27:21] [SEVERE ] setting player 2 freeze to 0
[2022-12-12 18:27:21] [SEVERE ] removing player 2 token from slot 8
[2022-12-12 18:27:21] [SEVERE ] player 1 placing token on slot 1
[2022-12-12 18:27:21] [SEVERE ] removing player 3 token from slot 2
[2022-12-12 18:27:21] [SEVERE ] setting player 2 freeze to -14
[2022-12-12 18:27:21] [SEVERE ] player 0 placing token on slot 6
[2022-12-12 18:27:21] [SEVERE ] removing player 0 token from slot 6
[2022-12-12 18:27:21] [SEVERE ] player 3 placing token on slot 3
[2022-12-12 18:27:21] [SEVERE ] setting player 0 freeze to 0
[2022-12-12 18:27:21] [SEVERE ] removing player 1 token from slot 3
[2022-12-12 18:27:21] [SEVERE ] player 2 placing token on slot 8
[2022-12-12 18:27:21] [SEVERE ] player 0 placing token on slot 6
[2022-12-12 18:27:21] [SEVERE ] removing player 3 token from slot 3
[2022-12-12 18:27:21] [SEVERE ] player 1 placing token on slot 2
[2022-12-12 18:27:21] [SEVERE ] setting player 2 freeze to 0
[2022-12-12 18:27:21] [SEVERE ] removing player 2 token from slot 11
[2022-12-12 18:27:21] [SEVERE ] setting player 0 freeze to -20
[2022-12-12 18:27:21] [SEVERE ] setting player 1 freeze to 0
[2022-12-12 18:27:21] [SEVERE ] removing player 1 token from slot 2
[2022-12-12 18:27:21] [SEVERE ] setting player 1 freeze to -16
[2022-12-12 18:27:21] [SEVERE ] setting player 2 freeze to -21
[2022-12-12 18:27:21] [SEVERE ] removing player 0 token from slot 10
[2022-12-12 18:27:21] [SEVERE ] removing player 3 token from slot 1
[2022-12-12 18:27:21] [SEVERE ] removing player 1 token from slot 7
[2022-12-12 18:27:21] [SEVERE ] player 2 placing token on slot 7
[2022-12-12 18:27:21] [SEVERE ] player 0 placing token on slot 10
[2022-12-12 18:27:21] [SEVERE ] player 3 placing token on slot 7
[2022-12-12 18:27:21] [SEVERE ] setting player 0 freeze to 0
[2022-12-12 18:27:21] [SEVERE ] setting player 2 freeze to 0
[2022-12-12 18:27:21] [SEVERE ] removing player 2 token from slot 8
[2022-12-12 18:27:21] [SEVERE ] player 1 placing token on slot 3
[2022-12-12 18:27:21] [SEVERE ] player 3 placing token on slot 2
[2022-12-12 18:27:21] [SEVERE ] removing player 0 token from slot 5
[2022-12-12 18:27:21] [SEVERE ] setting player 0 freeze to -12
[2022-12-12 18:27:21] [SEVERE ] setting player 2 freeze to -12
[2022-12-12 18:27:21] [SEVERE ] removing player 3 token from slot 2
[2022-12-12 18:27:21] [SEVERE ] player 0 placing token on slot 8
[2022-12-12 18:27:21] [SEVERE ] removing player 2 token from slot 3
[2022-12-12 18:27:21] [SEVERE ] removing player 1 token from slot 3
[2022-12-12 18:27:21] [SEVERE ] removing player 3 token from slot 11
[2022-12-12 18:27:21] [SEVERE ] removing player 0 token from slot 10
[2022-12-12 18:27:21] [SEVERE ] setting player 0 freeze to 0
[2022-12-12 18:27:21] [SEVERE ] player 1 placing token on slot 6
[2022-12-12 18:27:21] [SEVERE ] player 2 placing token on slot 8
[2022-12-12 18:27:21] [SEVERE ] player 3 placing token on slot 6
[2022-12-12 18:27:21] [SEVERE ] removing player 3 token from slot 6
[2022-12-12 18:27:21] [SEVERE ] setting player 0 freeze to -22
[2022-12-12 18:27:21] [SEVERE ] player 1 placing token on slot 2
[2022-12-12 18:27:21] [SEVERE ] player 2 placing token on slot 0
[2022-12-12 18:27:21] [SEVERE ] player 0 placing token on slot 11
[2022-12-12 18:27:21] [SEVERE ] removing player 1 token from slot 2
[2022-12-12 18:27:21] [SEVERE ] player 3 placing token on slot 1
[2022-12-12 18:27:21] [SEVERE ] removing player 2 token from slot 0
[2022-12-12 18:27:21] [SEVERE ] setting player 2 freeze to 0
[2022-12-12 18:27:21] [SEVERE ] removing player 0 token from slot 8
[2022-12-12 18:27:21] [SEVERE ] player 3 placing token on slot 5
[2022-12-12 18:27:21] [SEVERE ] player 2 placing token on slot 2
[2022-12-12 18:27:21] [SEVERE ] setting player 2 freeze to -16
[2022-12-12 18:27:21] [SEVERE ] player 0 placing token on slot 2
[2022-12-12 18:27:21] [SEVERE ] removing player 1 token from slot 6
[2022-12-12 18:27:21] [SEVERE ] setting player 0 freeze to 0
[2022-12-12 18:27:21] [SEVERE ] setting player 3 freeze to 0
[2022-12-12 18:27:21] [SEVERE ] removing player 2 token from slot 2
[2022-12-12 18:27:21] [SEVERE ] removing player 0 token from slot 11
[2022-12-12 18:27:21] [SEVERE ] player 1 placing token on slot 5
[2022-12-12 18:27:21] [SEVERE ] setting player 0 freeze to -14
[2022-12-12 18:27:21] [SEVERE ] removing player 3 token from slot 7
[2022-12-12 18:27:21] [SEVERE ] setting player 3 freeze to -14
[2022-12-12 18:27:21] [SEVERE ] player 2 placing token on slot 5
[2022-12-12 18:27:21] [SEVERE ] player 3 placing token on slot 7
[2022-12-12 18:27:21] [SEVERE ] player 0 placing token on slot 3
[2022-12-12 18:27:21] [SEVERE ] player 1 placing token on slot 3
[2022-12-12 18:27:21] [SEVERE ] setting player 0 freeze to 0
[2022-12-12 18:27:21] [SEVERE ] removing player 3 token from slot 7
[2022-12-12 18:27:21] [SEVERE ] removing player 2 token from slot 5
[2022-12-12 18:27:21] [SEVERE ] removing player 0 token from slot 3
[2022-12-12 18:27:21] [SEVERE ] removing player 1 token from slot 5
[2022-12-12 18:27:21] [SEVERE ] setting player 0 freeze to -11
[2022-12-12 18:27:21] [SEVERE ] player 2 placing token on slot 4
[2022-12-12 18:27:21] [SEVERE ] player 1 placing token on slot 8
[2022-12-12 18:27:21] [SEVERE ] player 0 placing token on slot 9
[2022-12-12 18:27:21] [SEVERE ] player 3 placing token on slot 11
[2022-12-12 18:27:21] [SEVERE ] setting player 1 freeze to 0
[2022-12-12 18:27:21] [SEVERE ] setting player 2 freeze to 0
[2022-12-12 18:27:21] [SEVERE ] removing player 2 token from slot 4
[2022-12-12 18:27:21] [SEVERE ] removing player 0 token from slot 2
[2022-12-12 18:27:21] [SEVERE ] setting player 0 freeze to 0
[2022-12-12 18:27:21] [SEVERE ] removing player 3 token from slot 1
[2022-12-12 18:27:21] [SEVERE ] setting player 1 freeze to -14
[2022-12-12 18:27:21] [SEVERE ] removing player 1 token from slot 1
[2022-12-12 18:27:21] [SEVERE ] setting player 2 freeze to -14
[2022-12-12 18:27:21] [SEVERE ] player 0 placing token on slot 4
[2022-12-12 18:27:21] [SEVERE ] setting player 0 freeze to -11
[2022-12-12 18:27:21] [SEVERE ] player 1 placing token on slot 1
[2022-12-12 18:27:21] [SEVERE ] player 2 placing token on slot 1
[2022-12-12 18:27:21] [SEVERE ] removing player 3 token from slot 11
[2022-12-12 18:27:21] [SEVERE ] removing player 2 token from slot 7
[2022-12-12 18:27:21] [SEVERE ] player 3 placing token on slot 1
[2022-12-12 18:27:21] [SEVERE ] removing player 0 token from slot 6
[2022-12-12 18:27:21] [SEVERE ] removing player 1 token from slot 1
[2022-12-12 18:27:21] [SEVERE ] setting player 1 freeze to 0
[2022-12-12 18:27:21] [SEVERE ] player 2 placing token on slot 2
[2022-12-12 18:27:21] [SEVERE ] player 3 placing token on slot 4
[2022-12-12 18:27:21] [SEVERE ] setting player 1 freeze to -10
[2022-12-12 18:27:21] [SEVERE ] player 0 placing token on slot 7
[2022-12-12 18:27:21] [SEVERE ] removing player 2 token from slot 1
[2022-12-12 18:27:21] [SEVERE ] setting player 2 freeze to 0
[2022-12-12 18:27:21] [SEVERE ] setting player 3 freeze to 0
[2022-12-12 18:27:21] [SEVERE ] removing player 3 token from slot 1
[2022-12-12 18:27:21] [SEVERE ] player 1 placing token on slot 11
[2022-12-12 18:27:21] [SEVERE ] setting player 2 freeze to -16
[2022-12-12 18:27:21] [SEVERE ] player 2 placing token on slot 1
[2022-12-12 18:27:21] [SEVERE ] setting player 3 freeze to -16
[2022-12-12 18:27:21] [SEVERE ] removing player 0 token from slot 7
[2022-12-12 18:27:21] [SEVERE ] removing player 1 token from slot 8
[2022-12-12 18:27:21] [SEVERE ] setting player 0 freeze to 0
[2022-12-12 18:27:21] [SEVERE ] setting player 1 freeze to 0
[2022-12-12 18:27:21] [SEVERE ] setting player 2 freeze to 0
[2022-12-12 18:27:21] [SEVERE ] removing player 2 token from slot 2
[2022-12-12 18:27:21] [SEVERE ] removing player 0 token from slot 4
[2022-12-12 18:27:21] [SEVERE ] player 3 placing token on slot 7
[2022-12-12 18:27:21] [SEVERE ] setting player 0 freeze to -14
[2022-12-12 18:27:21] [SEVERE ] player 1 placing token on slot 9
[2022-12-12 18:27:21] [SEVERE ] setting player 1 freeze to -14
[2022-12-12 18:27:21] [SEVERE ] setting player 2 freeze to -12
[2022-12-12 18:27:21] [SEVERE ] setting player 3 freeze to 0
[2022-12-12 18:27:21] [SEVERE ] setting player 1 freeze to 0
[2022-12-12 18:27:21] [SEVERE ] removing player 1 token from slot 11
[2022-12-12 18:27:21] [SEVERE ] player 0 placing token on slot 10
[2022-12-12 18:27:21] [SEVERE ] removing player 3 token from slot 4
[2022-12-12 18:27:21] [SEVERE ] player 2 placing token on slot 6
[2022-12-12 18:27:21] [SEVERE ] setting player 3 freeze to -11
[2022-12-12 18:27:21] [SEVERE ] player 0 placing token on slot 4
[2022-12-12 18:27:21] [SEVERE ] removing player 2 token from slot 6
[2022-12-12 18:27:21] [SEVERE ] setting player 1 freeze to -19
[2022-12-12 18:27:21] [SEVERE ] player 3 placing token on slot 1
[2022-12-12 18:27:21] [SEVERE ] player 1 placing token on slot 0
[2022-12-12 18:27:21] [SEVERE ] setting player 3 freeze to 0
[2022-12-12 18:27:21] [SEVERE ] player 2 placing token on slot 6
[2022-12-12 18:27:21] [SEVERE ] removing player 3 token from slot 1
[2022-12-12 18:27:21] [SEVERE ] removing player 0 token from slot 9
[2022-12-12 18:27:21] [SEVERE ] setting player 0 freeze to 0
[2022-12-12 18:27:21] [SEVERE ] setting player 2 freeze to 0
[2022-12-12 18:27:21] [SEVERE ] setting player 1 freeze to 0
[2022-12-12 18:27:21] [SEVERE ] setting player 3 freeze to -19
[2022-12-12 18:27:21] [SEVERE ] player 0 placing token on slot 7
[2022-12-12 18:27:21] [SEVERE ] removing player 2 token from slot 8
[2022-12-12 18:27:21] [SEVERE ] removing player 1 token from slot 0
[2022-12-12 18:27:21] [SEVERE ] setting player 0 freeze to -13
[2022-12-12 18:27:21] [SEVERE ] setting player 2 freeze to -12
[2022-12-12 18:27:21] [SEVERE ] player 3 placing token on slot 10
[2022-12-12 18:27:21] [SEVERE ] removing player 0 token from slot 4
[2022-12-12 18:27:21] [SEVERE ] player 2 placing token on slot 4
[2022-12-12 18:27:21] [SEVERE ] setting player 1 freeze to -24
[2022-12-12 18:27:21] [SEVERE ] player 0 placing token on slot 5
[2022-12-12 18:27:21] [SEVERE ] setting player 2 freeze to 0
[2022-12-12 18:27:21] [SEVERE ] removing player 3 token from slot 7
[2022-12-12 18:27:21] [SEVERE ] player 1 placing token on slot 7
[2022-12-12 18:27:21] [SEVERE ] removing player 2 token from slot 6
[2022-12-12 18:27:21] [SEVERE ] removing player 0 token from slot 7
[2022-12-12 18:27:21] [SEVERE ] setting player 0 freeze to 0
[2022-12-12 18:27:21] [SEVERE ] player 3 placing token on slot 3
[2022-12-12 18:27:21] [SEVERE ] removing player 1 token from slot 7
[2022-12-12 18:27:21] [SEVERE ] setting player 1 freeze to 0
[2022-12-12 18:27:21] [SEVERE ] setting player 2 freeze to -21
[2022-12-12 18:27:21] [SEVERE ] removing player 3 token from slot 10
[2022-12-12 18:27:21] [SEVERE ] setting player 1 freeze to -20
[2022-12-12 18:27:21] [SEVERE ] setting player 0 freeze to -25
[2022-12-12 18:27:21] [SEVERE ] removing player 2 token from slot 4
[2022-12-12 18:27:21] [SEVERE ] removing player 0 token from slot 10
[2022-12-12 18:27:21] [SEVERE ] player 1 placing token on slot 6
[2022-12-12 18:27:21] [SEVERE ] player 3 placing token on slot 0
[2022-12-12 18:27:21] [SEVERE ] player 2 placing token on slot 7
[2022-12-12 18:27:21] [SEVERE ] player 0 placing token on slot 7
[2022-12-12 18:27:21] [SEVERE ] setting player 1 freeze to 0
[2022-12-12 18:27:21] [SEVERE ] removing player 3 token from slot 5
[2022-12-12 18:27:21] [SEVERE ] removing player 1 token from slot 9
[2022-12-12 18:27:21] [SEVERE ] player 2 placing token on slot 6
[2022-12-12 18:27:21] [SEVERE ] player 0 placing token on slot 1
[2022-12-12 18:27:21] [SEVERE ] player 3 placing token on slot 1
[2022-12-12 18:27:21] [SEVERE ] setting player 1 freeze to -20
[2022-12-12 18:27:21] [SEVERE ] setting player 2 freeze to 0
[2022-12-12 18:27:21] [SEVERE ] setting player 0 freeze to 0
[2022-12-12 18:27:21] [SEVERE ] removing player 2 token from slot 7
[2022-12-12 18:27:21] [SEVERE ] setting player 3 freeze to 0
[2022-12-12 18:27:21] [SEVERE ] setting player 2 freeze to -15
[2022-12-12 18:27:21] [SEVERE ] removing player 1 token from slot 6
[2022-12-12 18:27:21] [SEVERE ] setting player 0 freeze to -14
[2022-12-12 18:27:21] [SEVERE ] removing player 0 token from slot 7
[2022-12-12 18:27:21] [SEVERE ] removing player 3 token from slot 3
[2022-12-12 18:27:21] [SEVERE ] player 2 placing token on slot 7
[2022-12-12 18:27:21] [SEVERE ] player 0 placing token on slot 2
[2022-12-12 18:27:21] [SEVERE ] removing player 1 token from slot 3
[2022-12-12 18:27:21] [SEVERE ] setting player 3 freeze to -23
[2022-12-12 18:27:21] [SEVERE ] setting player 2 freeze to 0
[2022-12-12 18:27:21] [SEVERE ] removing player 0 token from slot 1
[2022-12-12 18:27:21] [SEVERE ] removing player 2 token from slot 6
[2022-12-12 18:27:21] [SEVERE ] player 3 placing token on slot 9
[2022-12-12 18:27:21] [SEVERE ] player 1 placing token on slot 9
[2022-12-12 18:27:21] [SEVERE ] setting player 2 freeze to -11
[2022-12-12 18:27:21] [SEVERE ] removing player 3 token from slot 1
[2022-12-12 18:27:21] [SEVERE ] player 1 placing token on slot 2
[2022-12-12 18:27:21] [SEVERE ] player 0 placing token on slot 10
[2022-12-12 18:27:21] [SEVERE ] removing player 2 token from slot 7
[2022-12-12 18:27:21] [SEVERE ] setting player 0 freeze to 0
[2022-12-12 18:27:21] [SEVERE ] player 3 placing token on slot 4
[2022-12-12 18:27:21] [SEVERE ] removing player 0 token from slot 10
[2022-12-12 18:27:21] [SEVERE ] player 2 placing token on slot 9
[2022-12-12 18:27:21] [SEVERE ] player 1 placing token on slot 0
[2022-12-12 18:27:21] [SEVERE ] setting player 3 freeze to 0
[2022-12-12 18:27:21] [SEVERE ] player 2 placing token on slot 5
[2022-12-12 18:27:21] [SEVERE ] setting player 2 freeze to 0
[2022-12-12 18:27:21] [SEVERE ] removing player 1 token from slot 0
[2022-12-12 18:27:21] [SEVERE ] removing player 3 token from slot 4
[2022-12-12 18:27:21] [SEVERE ] setting player 0 freeze to -25
[2022-12-12 18:27:21] [SEVERE ] setting player 3 freeze to -15
[2022-12-12 18:27:21] [SEVERE ] removing player 2 token from slot 1
[2022-12-12 18:27:21] [SEVERE ] player 3 placing token on slot 1
[2022-12-12 18:27:21] [SEVERE ] setting player 2 freeze to -19
[2022-12-12 18:27:21] [SEVERE ] player 0 placing token on slot 8
[2022-12-12 18:27:21] [SEVERE ] player 1 placing token on slot 1
[2022-12-12 18:27:21] [SEVERE ] removing player 0 token from slot 5
[2022-12-12 18:27:21] [SEVERE ] player 2 placing token on slot 3
[2022-12-12 18:27:21] [SEVERE ] removing player 3 token from slot 1
[2022-12-12 18:27:21] [SEVERE ] removing player 1 token from slot 1
[2022-12-12 18:27:21] [SEVERE ] removing player 2 token from slot 3
[2022-12-12 18:27:21] [SEVERE ] player 0 placing token on slot 9
[2022-12-12 18:27:21] [SEVERE ] player 1 placing token on slot 8
[2022-12-12 18:27:21] [SEVERE ] setting player 0 freeze to 0
[2022-12-12 18:27:21] [SEVERE ] player 3 placing token on slot 8
[2022-12-12 18:27:21] [SEVERE ] setting player 1 freeze to 0
[2022-12-12 18:27:21] [SEVERE ] player 2 placing token on slot 8
[2022-12-12 18:27:21] [SEVERE ] removing player 1 token from slot 2
[2022-12-12 18:27:21] [SEVERE ] setting player 0 freeze to -11
[2022-12-12 18:27:21] [SEVERE ] removing player 3 token from slot 8
[2022-12-12 18:27:21] [SEVERE ] removing player 2 token from slot 8
[2022-12-12 18:27:21] [SEVERE ] setting player 1 freeze to -15
[2022-12-12 18:27:21] [SEVERE ] removing player 0 token from slot 2
[2022-12-12 18:27:21] [SEVERE ] player 1 placing token on slot 2
[2022-12-12 18:27:21] [SEVERE ] player 2 placing token on slot 2
[2022-12-12 18:27:21] [SEVERE ] removing player 3 token from slot 9
[2022-12-12 18:27:21] [SEVERE ] player 0 placing token on slot 4
[2022-12-12 18:27:21] [SEVERE ] setting player 2 freeze to 0
[2022-12-12 18:27:21] [SEVERE ] removing player 1 token from slot 9
[2022-12-12 18:27:21] [SEVERE ] player 3 placing token on slot 6
[2022-12-12 18:27:21] [SEVERE ] setting player 0 freeze to 0
[2022-12-12 18:27:21] [SEVERE ] removing player 2 token from slot 9
[2022-12-12 18:27:21] [SEVERE ] setting player 2 freeze to -16
[2022-12-12 18:27:21] [SEVERE ] removing player 0 token from slot 4
[2022-12-12 18:27:21] [SEVERE ] player 2 placing token on slot 3
[2022-12-12 18:27:21] [SEVERE ] player 3 placing token on slot 9
[2022-12-12 18:27:21] [SEVERE ] setting player 0 freeze to -20
[2022-12-12 18:27:21] [SEVERE ] player 1 placing token on slot 6
[2022-12-12 18:27:21] [SEVERE ] setting player 3 freeze to 0
[2022-12-12 18:27:21] [SEVERE ] player 0 placing token on slot 0
[2022-12-12 18:27:21] [SEVERE ] removing player 3 token from slot 0
[2022-12-12 18:27:21] [SEVERE ] removing player 1 token from slot 2
[2022-12-12 18:27:21] [SEVERE ] setting player 3 freeze to -15
[2022-12-12 18:27:21] [SEVERE ] removing player 2 token from slot 2
[2022-12-12 18:27:21] [SEVERE ] setting player 2 freeze to 0
[2022-12-12 18:27:21] [SEVERE ] removing player 0 token from slot 0
[2022-12-12 18:27:21] [SEVERE ] player 2 placing token on slot 7
[2022-12-12 18:27:21] [SEVERE ] player 1 placing token on slot 3
[2022-12-12 18:27:21] [SEVERE ] player 3 placing token on slot 3
[2022-12-12 18:27:21] [SEVERE ] setting player 2 freeze to -15
[2022-12-12 18:27:21] [SEVERE ] setting player 1 freeze to 0
[2022-12-12 18:27:21] [SEVERE ] removing player 1 token from slot 3
[2022-12-12 18:27:21] [SEVERE ] setting player 3 freeze to 0
[2022-12-12 18:27:21] [SEVERE ] removing player 2 token from slot 3
[2022-12-12 18:27:21] [SEVERE ] setting player 1 freeze to -15
[2022-12-12 18:27:21] [SEVERE ] player 0 placing token on slot 3
[2022-12-12 18:27:21] [SEVERE ] removing player 3 token from slot 3
[2022-12-12 18:27:21] [SEVERE ] player 2 placing token on slot 4
[2022-12-12 18:27:21] [SEVERE ] removing player 0 token from slot 3
[2022-12-12 18:27:21] [SEVERE ] setting player 0 freeze to 0
[2022-12-12 18:27:21] [SEVERE ] player 1 placing token on slot 7
[2022-12-12 18:27:21] [SEVERE ] setting player 3 freeze to -23
[2022-12-12 18:27:21] [SEVERE ] setting player 2 freeze to 0
[2022-12-12 18:27:21] [SEVERE ] removing player 2 token from slot 7
[2022-12-12 18:27:21] [SEVERE ] removing player 1 token from slot 8
[2022-12-12 18:27:21] [SEVERE ] removing player 0 token from slot 8
[2022-12-12 18:27:21] [SEVERE ] setting player 0 freeze to -19
[2022-12-12 18:27:21] [SEVERE ] setting player 2 freeze to -16
[2022-12-12 18:27:21] [SEVERE ] player 3 placing token on slot 11
[2022-12-12 18:27:21] [SEVERE ] player 0 placing token on slot 10
[2022-12-12 18:27:21] [SEVERE ] removing player 3 token from slot 11
[2022-12-12 18:27:21] [SEVERE ] player 1 placing token on slot 9
[2022-12-12 18:27:21] [SEVERE ] player 2 placing token on slot 1
[2022-12-12 18:27:21] [SEVERE ] removing player 1 token from slot 7
[2022-12-12 18:27:21] [SEVERE ] player 3 placing token on slot 1
[2022-12-12 18:27:21] [SEVERE ] setting player 1 freeze to 0
[2022-12-12 18:27:21] [SEVERE ] removing player 0 token from slot 9
[2022-12-12 18:27:21] [SEVERE ] removing player 2 token from slot 4
[2022-12-12 18:27:21] [SEVERE ] player 1 placing token on slot 1
[2022-12-12 18:27:21] [SEVERE ] setting player 3 freeze to 0
[2022-12-12 18:27:21] [SEVERE ] player 2 placing token on slot 8
[2022-12-12 18:27:21] [SEVERE ] player 0 placing token on slot 1
[2022-12-12 18:27:21] [SEVERE ] setting player 1 freeze to -20
[2022-12-12 18:27:21] [SEVERE ] removing player 3 token from slot 9
[2022-12-12 18:27:21] [SEVERE ] setting player 2 freeze to 0
[2022-12-12 18:27:21] [SEVERE ] removing player 2 token from slot 5
[2022-12-12 18:27:21] [SEVERE ] setting player 2 freeze to -14
[2022-12-12 18:27:21] [SEVERE ] setting player 3 freeze to -25
[2022-12-12 18:27:21] [SEVERE ] removing player 1 token from slot 9
[2022-12-12 18:27:21] [SEVERE ] player 0 placing token on slot 9
[2022-12-12 18:27:21] [SEVERE ] player 2 placing token on slot 10
[2022-12-12 18:27:21] [SEVERE ] player 3 placing token on slot 9
[2022-12-12 18:27:21] [SEVERE ] player 1 placing token on slot 10
[2022-12-12 18:27:21] [SEVERE ] removing player 0 token from slot 9
[2022-12-12 18:27:21] [SEVERE ] setting player 1 freeze to 0
[2022-12-12 18:27:21] [SEVERE ] removing player 3 token from slot 9
[2022-12-12 18:27:21] [SEVERE ] removing player 2 token from slot 10
[2022-12-12 18:27:21] [SEVERE ] setting player 2 freeze to 0
[2022-12-12 18:27:21] [SEVERE ] player 0 placing token on slot 3
[2022-12-12 18:27:21] [SEVERE ] removing player 1 token from slot 10
[2022-12-12 18:27:21] [SEVERE ] setting player 1 freeze to -15
[2022-12-12 18:27:21] [SEVERE ] player 3 placing token on slot 8
[2022-12-12 18:27:21] [SEVERE ] setting player 0 freeze to 0
[2022-12-12 18:27:21] [SEVERE ] removing player 3 token from slot 8
[2022-12-12 18:27:21] [SEVERE ] setting player 0 freeze to -15
[2022-12-12 18:27:21] [SEVERE ] removing player 0 token from slot 10
[2022-12-12 18:27:21] [SEVERE ] setting player 2 freeze to -26
[2022-12-12 18:27:21] [SEVERE ] removing player 1 token from slot 6
[2022-12-12 18:27:21] [SEVERE ] player 2 placing token on slot 2
[2022-12-12 18:27:21] [SEVERE ] player 3 placing token on slot 7
[2022-12-12 18:27:21] [SEVERE ] player 1 placing token on slot 10
[2022-12-12 18:27:21] [SEVERE ] player 0 placing token on slot 0
[2022-12-12 18:27:22] [SEVERE ] setting player 2 freeze to 0
[2022-12-12 18:27:22] [SEVERE ] removing player 2 token from slot 2
[2022-12-12 18:27:22] [SEVERE ] setting player 3 freeze to 0
[2022-12-12 18:27:22] [SEVERE ] player 1 placing token on slot 7
[2022-12-12 18:27:22] [SEVERE ] removing player 0 token from slot 0
[2022-12-12 18:27:22] [SEVERE ] setting player 3 freeze to -13
[2022-12-12 18:27:22] [SEVERE ] removing player 3 token from slot 1
[2022-12-12 18:27:22] [SEVERE ] setting player 2 freeze to -17
[2022-12-12 18:27:22] [SEVERE ] setting player 1 freeze to 0
[2022-12-12 18:27:22] [SEVERE ] removing player 1 token from slot 1
[2022-12-12 18:27:22] [SEVERE ] player 0 placing token on slot 9
[2022-12-12 18:27:22] [SEVERE ] setting player 1 freeze to -15
[2022-12-12 18:27:22] [SEVERE ] player 2 placing token on slot 5
[2022-12-12 18:27:22] [SEVERE ] player 3 placing token on slot 0
[2022-12-12 18:27:22] [SEVERE ] player 1 placing token on slot 3
[2022-12-12 18:27:22] [SEVERE ] removing player 0 token from slot 9
[2022-12-12 18:27:22] [SEVERE ] removing player 2 token from slot 5
[2022-12-12 18:27:22] [SEVERE ] removing player 3 token from slot 7
[2022-12-12 18:27:22] [SEVERE ] setting player 1 freeze to 0
[2022-12-12 18:27:22] [SEVERE ] player 0 placing token on slot 6
[2022-12-12 18:27:22] [SEVERE ] removing player 1 token from slot 10
[2022-12-12 18:27:22] [SEVERE ] player 3 placing token on slot 3
[2022-12-12 18:27:22] [SEVERE ] setting player 0 freeze to 0
[2022-12-12 18:27:22] [SEVERE ] player 2 placing token on slot 10
[2022-12-12 18:27:22] [SEVERE ] setting player 3 freeze to 0
[2022-12-12 18:27:22] [SEVERE ] removing player 0 token from slot 1
[2022-12-12 18:27:22] [SEVERE ] setting player 1 freeze to -11
[2022-12-12 18:27:22] [SEVERE ] removing player 3 token from slot 3
[2022-12-12 18:27:22] [SEVERE ] removing player 2 token from slot 8
[2022-12-12 18:27:22] [SEVERE ] setting player 3 freeze to -15
[2022-12-12 18:27:22] [SEVERE ] setting player 0 freeze to -20
[2022-12-12 18:27:22] [SEVERE ] player 1 placing token on slot 4
[2022-12-12 18:27:22] [SEVERE ] removing player 1 token from slot 7
[2022-12-12 18:27:22] [SEVERE ] removing player 0 token from slot 6
[2022-12-12 18:27:22] [SEVERE ] player 3 placing token on slot 11
[2022-12-12 18:27:22] [SEVERE ] player 2 placing token on slot 11
[2022-12-12 18:27:22] [SEVERE ] player 1 placing token on slot 8
[2022-12-12 18:27:22] [SEVERE ] player 0 placing token on slot 2
[2022-12-12 18:27:22] [SEVERE ] setting player 3 freeze to 0
[2022-12-12 18:27:22] [SEVERE ] removing player 2 token from slot 1
[2022-12-12 18:27:22] [SEVERE ] removing player 3 token from slot 0
[2022-12-12 18:27:22] [SEVERE ] setting player 1 freeze to 0
[2022-12-12 18:27:22] [SEVERE ] player 0 placing token on slot 5
[2022-12-12 18:27:22] [SEVERE ] removing player 1 token from slot 3
[2022-12-12 18:27:22] [SEVERE ] player 2 placing token on slot 3
[2022-12-12 18:27:22] [SEVERE ] removing player 0 token from slot 2
[2022-12-12 18:27:22] [SEVERE ] setting player 1 freeze to -15
[2022-12-12 18:27:22] [SEVERE ] setting player 3 freeze to -21
[2022-12-12 18:27:22] [SEVERE ] setting player 2 freeze to 0
[2022-12-12 18:27:22] [SEVERE ] removing player 3 token from slot 11
[2022-12-12 18:27:22] [SEVERE ] setting player 2 freeze to -16
[2022-12-12 18:27:22] [SEVERE ] removing player 2 token from slot 10
[2022-12-12 18:27:22] [SEVERE ] player 0 placing token on slot 0
[2022-12-12 18:27:22] [SEVERE ] player 1 placing token on slot 7
[2022-12-12 18:27:22] [SEVERE ] Exit button pressed
[2022-12-12 18:27:22] [SEVERE ] player 3 placing token on slot 5
[2022-12-12 18:27:22] [SEVERE ] player 2 placing token on slot 10
[2022-12-12 18:27:22] [SEVERE ] setting player 1 freeze to 0
[2022-12-12 18:27:22] [SEVERE ] setting player 0 freeze to 0
[2022-12-12 18:27:22] [SEVERE ] removing player 0 token from slot 3
[2022-12-12 18:27:22] [SEVERE ] removing player 1 token from slot 4
[2022-12-12 18:27:22] [SEVERE ] setting player 2 freeze to 0
[2022-12-12 18:27:22] [SEVERE ] removing card from slot 0
[2022-12-12 18:27:22] [SEVERE ] setting player 0 freeze to -11
[2022-12-12 18:27:22] [SEVERE ] setting player 1 freeze to -13
[2022-12-12 18:27:22] [SEVERE ] setting player 2 freeze to -11
[2022-12-12 18:27:22] [SEVERE ] removing card from slot 1
[2022-12-12 18:27:22] [SEVERE ] removing card from slot 2
[2022-12-12 18:27:22] [SEVERE ] removing card from slot 3
[2022-12-12 18:27:22] [SEVERE ] removing card from slot 4
[2022-12-12 18:27:22] [SEVERE ] removing card from slot 5
[2022-12-12 18:27:22] [SEVERE ] removing card from slot 6
[2022-12-12 18:27:22] [SEVERE ] removing card from slot 7
[2022-12-12 18:27:22] [SEVERE ] removing card from slot 8
[2022-12-12 18:27:22] [SEVERE ] removing card from slot 9
[2022-12-12 18:27:22] [SEVERE ] removing card from slot 10
[2022-12-12 18:27:22] [SEVERE ] removing card from slot 11
[2022-12-12 18:27:22] [SEVERE ] removing player 0 token from slot 5
[2022-12-12 18:27:22] [SEVERE ] removing player 0 token from slot 0
[2022-12-12 18:27:22] [SEVERE ] removing player 1 token from slot 8
[2022-12-12 18:27:22] [SEVERE ] removing player 1 token from slot 7
[2022-12-12 18:27:22] [SEVERE ] removing player 2 token from slot 11
[2022-12-12 18:27:22] [SEVERE ] removing player 2 token from slot 3
[2022-12-12 18:27:22] [SEVERE ] removing player 2 token from slot 10
[2022-12-12 18:27:22] [SEVERE ] removing player 3 token from slot 6
[2022-12-12 18:27:22] [SEVERE ] removing player 3 token from slot 5
[2022-12-12 18:27:22] [SEVERE ] announcing winners: [1, 0]
[2022-12-12 18:27:22] [INFO   ] Thread main terminated.
