[2022-12-11 19:13:13] [INFO   ] cannot read configuration file config.properties trying from resources.
[2022-12-11 19:13:13] [INFO   ] configuration file was loaded from resources directory.
[2022-12-11 19:13:13] [SEVERE ] placing card 67 in slot 3
[2022-12-11 19:13:13] [SEVERE ] placing card 69 in slot 1
[2022-12-11 19:13:13] [SEVERE ] placing card 19 in slot 6
[2022-12-11 19:13:14] [SEVERE ] placing card 5 in slot 11
[2022-12-11 19:13:14] [SEVERE ] placing card 36 in slot 7
[2022-12-11 19:13:14] [SEVERE ] placing card 25 in slot 0
[2022-12-11 19:13:14] [SEVERE ] placing card 55 in slot 8
[2022-12-11 19:13:14] [SEVERE ] placing card 60 in slot 5
[2022-12-11 19:13:14] [SEVERE ] placing card 4 in slot 2
[2022-12-11 19:13:14] [SEVERE ] placing card 42 in slot 10
[2022-12-11 19:13:14] [SEVERE ] placing card 30 in slot 9
[2022-12-11 19:13:14] [SEVERE ] placing card 14 in slot 4
[2022-12-11 19:13:15] [SEVERE ] player 2 placing token on slot 8
[2022-12-11 19:13:15] [SEVERE ] player 3 placing token on slot 9
[2022-12-11 19:13:15] [SEVERE ] player 3 placing token on slot 2
[2022-12-11 19:13:15] [SEVERE ] player 2 placing token on slot 1
[2022-12-11 19:13:15] [SEVERE ] player 3 placing token on slot 1
[2022-12-11 19:13:15] [SEVERE ] player 2 placing token on slot 4
[2022-12-11 19:13:15] [SEVERE ] removing player 2 token from slot 1
[2022-12-11 19:13:15] [SEVERE ] removing player 3 token from slot 1
[2022-12-11 19:13:15] [SEVERE ] setting player 3 freeze to 3000
[2022-12-11 19:13:15] [SEVERE ] player 2 placing token on slot 1
[2022-12-11 19:13:15] [SEVERE ] setting player 3 freeze to 2891
[2022-12-11 19:13:15] [SEVERE ] player 3 placing token on slot 1
[2022-12-11 19:13:15] [SEVERE ] setting player 2 freeze to 3000
[2022-12-11 19:13:15] [SEVERE ] setting player 3 freeze to 2790
[2022-12-11 19:13:15] [SEVERE ] setting player 2 freeze to 2894
[2022-12-11 19:13:15] [SEVERE ] removing player 2 token from slot 4
[2022-12-11 19:13:15] [SEVERE ] setting player 2 freeze to 2785
[2022-12-11 19:13:15] [SEVERE ] setting player 3 freeze to 2675
[2022-12-11 19:13:15] [SEVERE ] setting player 2 freeze to 2674
[2022-12-11 19:13:15] [SEVERE ] setting player 3 freeze to 2564
[2022-12-11 19:13:15] [SEVERE ] setting player 3 freeze to 2455
[2022-12-11 19:13:15] [SEVERE ] setting player 2 freeze to 2565
[2022-12-11 19:13:16] [SEVERE ] setting player 3 freeze to 2344
[2022-12-11 19:13:16] [SEVERE ] setting player 2 freeze to 2454
[2022-12-11 19:13:16] [SEVERE ] setting player 2 freeze to 2343
[2022-12-11 19:13:16] [SEVERE ] setting player 3 freeze to 2233
[2022-12-11 19:13:16] [SEVERE ] setting player 2 freeze to 2241
[2022-12-11 19:13:16] [SEVERE ] setting player 3 freeze to 2124
[2022-12-11 19:13:16] [SEVERE ] setting player 2 freeze to 2140
[2022-12-11 19:13:16] [SEVERE ] setting player 3 freeze to 2016
[2022-12-11 19:13:16] [SEVERE ] setting player 2 freeze to 2032
[2022-12-11 19:13:16] [SEVERE ] setting player 3 freeze to 1907
[2022-12-11 19:13:16] [SEVERE ] setting player 2 freeze to 1923
[2022-12-11 19:13:16] [SEVERE ] setting player 3 freeze to 1798
[2022-12-11 19:13:16] [SEVERE ] setting player 2 freeze to 1815
[2022-12-11 19:13:16] [SEVERE ] setting player 3 freeze to 1689
[2022-12-11 19:13:16] [SEVERE ] setting player 2 freeze to 1704
[2022-12-11 19:13:16] [SEVERE ] setting player 3 freeze to 1578
[2022-12-11 19:13:16] [SEVERE ] setting player 2 freeze to 1593
[2022-12-11 19:13:16] [SEVERE ] setting player 3 freeze to 1467
[2022-12-11 19:13:17] [SEVERE ] setting player 2 freeze to 1483
[2022-12-11 19:13:17] [SEVERE ] setting player 3 freeze to 1357
[2022-12-11 19:13:17] [SEVERE ] setting player 2 freeze to 1373
[2022-12-11 19:13:17] [SEVERE ] setting player 3 freeze to 1248
[2022-12-11 19:13:17] [SEVERE ] setting player 2 freeze to 1263
[2022-12-11 19:13:17] [SEVERE ] setting player 3 freeze to 1137
[2022-12-11 19:13:17] [SEVERE ] setting player 2 freeze to 1152
[2022-12-11 19:13:17] [SEVERE ] setting player 3 freeze to 1026
[2022-12-11 19:13:17] [SEVERE ] setting player 2 freeze to 1041
[2022-12-11 19:13:17] [SEVERE ] setting player 3 freeze to 916
[2022-12-11 19:13:17] [SEVERE ] setting player 2 freeze to 931
[2022-12-11 19:13:17] [SEVERE ] setting player 3 freeze to 805
[2022-12-11 19:13:17] [SEVERE ] setting player 2 freeze to 822
[2022-12-11 19:13:17] [SEVERE ] setting player 3 freeze to 697
[2022-12-11 19:13:17] [SEVERE ] setting player 2 freeze to 712
[2022-12-11 19:13:17] [SEVERE ] setting player 3 freeze to 586
[2022-12-11 19:13:17] [SEVERE ] setting player 2 freeze to 602
[2022-12-11 19:13:17] [SEVERE ] setting player 3 freeze to 476
[2022-12-11 19:13:18] [SEVERE ] setting player 2 freeze to 491
[2022-12-11 19:13:18] [SEVERE ] setting player 3 freeze to 366
[2022-12-11 19:13:18] [SEVERE ] setting player 2 freeze to 382
[2022-12-11 19:13:18] [SEVERE ] setting player 3 freeze to 257
[2022-12-11 19:13:18] [SEVERE ] setting player 2 freeze to 273
[2022-12-11 19:13:18] [SEVERE ] setting player 3 freeze to 147
[2022-12-11 19:13:18] [SEVERE ] setting player 2 freeze to 162
[2022-12-11 19:13:18] [SEVERE ] setting player 3 freeze to 37
[2022-12-11 19:13:18] [SEVERE ] setting player 2 freeze to 52
[2022-12-11 19:13:18] [SEVERE ] setting player 3 freeze to -74
[2022-12-11 19:13:18] [SEVERE ] setting player 2 freeze to -57
[2022-12-11 19:13:18] [SEVERE ] removing player 3 token from slot 2
[2022-12-11 19:13:18] [SEVERE ] player 2 placing token on slot 3
[2022-12-11 19:13:18] [SEVERE ] player 3 placing token on slot 3
[2022-12-11 19:13:18] [SEVERE ] removing player 2 token from slot 8
[2022-12-11 19:13:18] [SEVERE ] removing player 3 token from slot 9
[2022-12-11 19:13:18] [SEVERE ] player 2 placing token on slot 9
[2022-12-11 19:13:18] [SEVERE ] setting player 2 freeze to 3000
[2022-12-11 19:13:18] [SEVERE ] player 3 placing token on slot 8
[2022-12-11 19:13:18] [SEVERE ] setting player 3 freeze to 3000
[2022-12-11 19:13:19] [SEVERE ] removing player 2 token from slot 3
[2022-12-11 19:13:19] [SEVERE ] setting player 2 freeze to 2892
[2022-12-11 19:13:19] [SEVERE ] removing player 3 token from slot 3
[2022-12-11 19:13:19] [SEVERE ] setting player 3 freeze to 2892
[2022-12-11 19:13:19] [SEVERE ] setting player 2 freeze to 2784
[2022-12-11 19:13:19] [SEVERE ] setting player 3 freeze to 2785
[2022-12-11 19:13:19] [SEVERE ] setting player 2 freeze to 2676
[2022-12-11 19:13:19] [SEVERE ] setting player 3 freeze to 2677
[2022-12-11 19:13:19] [SEVERE ] setting player 2 freeze to 2565
[2022-12-11 19:13:19] [SEVERE ] setting player 3 freeze to 2565
[2022-12-11 19:13:19] [SEVERE ] setting player 2 freeze to 2454
[2022-12-11 19:13:19] [SEVERE ] setting player 3 freeze to 2454
[2022-12-11 19:13:19] [SEVERE ] setting player 2 freeze to 2344
[2022-12-11 19:13:19] [SEVERE ] setting player 3 freeze to 2344
[2022-12-11 19:13:19] [SEVERE ] setting player 2 freeze to 2233
[2022-12-11 19:13:19] [SEVERE ] setting player 3 freeze to 2234
[2022-12-11 19:13:19] [SEVERE ] setting player 2 freeze to 2123
[2022-12-11 19:13:19] [SEVERE ] setting player 3 freeze to 2125
[2022-12-11 19:13:19] [SEVERE ] setting player 2 freeze to 2014
[2022-12-11 19:13:19] [SEVERE ] setting player 3 freeze to 2014
[2022-12-11 19:13:20] [SEVERE ] setting player 2 freeze to 1903
[2022-12-11 19:13:20] [SEVERE ] setting player 3 freeze to 1903
[2022-12-11 19:13:20] [SEVERE ] setting player 2 freeze to 1794
[2022-12-11 19:13:20] [SEVERE ] setting player 3 freeze to 1794
[2022-12-11 19:13:20] [SEVERE ] setting player 2 freeze to 1684
[2022-12-11 19:13:20] [SEVERE ] setting player 3 freeze to 1684
[2022-12-11 19:13:20] [SEVERE ] setting player 2 freeze to 1574
[2022-12-11 19:13:20] [SEVERE ] setting player 3 freeze to 1574
[2022-12-11 19:13:20] [SEVERE ] setting player 2 freeze to 1466
[2022-12-11 19:13:20] [SEVERE ] setting player 3 freeze to 1467
[2022-12-11 19:13:20] [SEVERE ] setting player 2 freeze to 1358
[2022-12-11 19:13:20] [SEVERE ] setting player 3 freeze to 1358
[2022-12-11 19:13:20] [SEVERE ] setting player 2 freeze to 1247
[2022-12-11 19:13:20] [SEVERE ] setting player 3 freeze to 1247
[2022-12-11 19:13:20] [SEVERE ] setting player 2 freeze to 1137
[2022-12-11 19:13:20] [SEVERE ] setting player 3 freeze to 1137
[2022-12-11 19:13:20] [SEVERE ] setting player 2 freeze to 1028
[2022-12-11 19:13:20] [SEVERE ] setting player 3 freeze to 1029
[2022-12-11 19:13:20] [SEVERE ] setting player 2 freeze to 918
[2022-12-11 19:13:21] [SEVERE ] setting player 3 freeze to 919
[2022-12-11 19:13:21] [SEVERE ] setting player 2 freeze to 810
[2022-12-11 19:13:21] [SEVERE ] setting player 3 freeze to 810
[2022-12-11 19:13:21] [SEVERE ] setting player 2 freeze to 701
[2022-12-11 19:13:21] [SEVERE ] setting player 3 freeze to 701
[2022-12-11 19:13:21] [SEVERE ] setting player 2 freeze to 591
[2022-12-11 19:13:21] [SEVERE ] setting player 3 freeze to 592
[2022-12-11 19:13:21] [SEVERE ] setting player 2 freeze to 482
[2022-12-11 19:13:21] [SEVERE ] setting player 3 freeze to 482
[2022-12-11 19:13:21] [SEVERE ] setting player 2 freeze to 370
[2022-12-11 19:13:21] [SEVERE ] setting player 3 freeze to 371
[2022-12-11 19:13:21] [SEVERE ] setting player 2 freeze to 259
[2022-12-11 19:13:21] [SEVERE ] setting player 3 freeze to 259
[2022-12-11 19:13:21] [SEVERE ] setting player 2 freeze to 148
[2022-12-11 19:13:21] [SEVERE ] setting player 3 freeze to 149
[2022-12-11 19:13:21] [SEVERE ] setting player 2 freeze to 38
[2022-12-11 19:13:21] [SEVERE ] setting player 3 freeze to 38
[2022-12-11 19:13:21] [SEVERE ] setting player 2 freeze to -72
[2022-12-11 19:13:22] [SEVERE ] setting player 3 freeze to -72
[2022-12-11 19:13:22] [SEVERE ] player 2 placing token on slot 7
[2022-12-11 19:13:22] [SEVERE ] player 3 placing token on slot 0
[2022-12-11 19:13:22] [SEVERE ] removing player 2 token from slot 1
[2022-12-11 19:13:22] [SEVERE ] removing player 3 token from slot 8
[2022-12-11 19:13:22] [SEVERE ] setting player 3 freeze to 3000
[2022-12-11 19:13:22] [SEVERE ] removing player 2 token from slot 9
[2022-12-11 19:13:22] [SEVERE ] player 3 placing token on slot 10
[2022-12-11 19:13:22] [SEVERE ] setting player 3 freeze to 2892
[2022-12-11 19:13:22] [SEVERE ] player 2 placing token on slot 5
[2022-12-11 19:13:22] [SEVERE ] setting player 3 freeze to 2783
[2022-12-11 19:13:22] [SEVERE ] removing player 2 token from slot 5
[2022-12-11 19:13:22] [SEVERE ] setting player 3 freeze to 2674
[2022-12-11 19:13:22] [SEVERE ] player 2 placing token on slot 9
[2022-12-11 19:13:22] [SEVERE ] setting player 3 freeze to 2565
[2022-12-11 19:13:22] [SEVERE ] player 2 placing token on slot 5
[2022-12-11 19:13:22] [SEVERE ] setting player 2 freeze to 3000
[2022-12-11 19:13:22] [SEVERE ] setting player 3 freeze to 2455
[2022-12-11 19:13:22] [SEVERE ] removing player 2 token from slot 7
[2022-12-11 19:13:22] [SEVERE ] setting player 2 freeze to 2892
[2022-12-11 19:13:22] [SEVERE ] setting player 3 freeze to 2347
[2022-12-11 19:13:22] [SEVERE ] setting player 2 freeze to 2782
[2022-12-11 19:13:22] [SEVERE ] setting player 3 freeze to 2237
[2022-12-11 19:13:23] [SEVERE ] setting player 2 freeze to 2671
[2022-12-11 19:13:23] [SEVERE ] setting player 3 freeze to 2126
[2022-12-11 19:13:23] [SEVERE ] setting player 2 freeze to 2560
[2022-12-11 19:13:23] [SEVERE ] setting player 3 freeze to 2016
[2022-12-11 19:13:23] [SEVERE ] setting player 2 freeze to 2451
[2022-12-11 19:13:23] [SEVERE ] setting player 3 freeze to 1906
[2022-12-11 19:13:23] [SEVERE ] setting player 2 freeze to 2341
[2022-12-11 19:13:23] [SEVERE ] setting player 3 freeze to 1796
[2022-12-11 19:13:23] [SEVERE ] setting player 2 freeze to 2231
[2022-12-11 19:13:23] [SEVERE ] setting player 3 freeze to 1687
[2022-12-11 19:13:23] [SEVERE ] setting player 2 freeze to 2120
[2022-12-11 19:13:23] [SEVERE ] setting player 3 freeze to 1575
[2022-12-11 19:13:23] [SEVERE ] setting player 2 freeze to 2010
[2022-12-11 19:13:23] [SEVERE ] setting player 3 freeze to 1466
[2022-12-11 19:13:23] [SEVERE ] setting player 2 freeze to 1901
[2022-12-11 19:13:23] [SEVERE ] setting player 3 freeze to 1356
[2022-12-11 19:13:23] [SEVERE ] setting player 2 freeze to 1791
[2022-12-11 19:13:23] [SEVERE ] setting player 3 freeze to 1246
[2022-12-11 19:13:24] [SEVERE ] setting player 2 freeze to 1681
[2022-12-11 19:13:24] [SEVERE ] setting player 3 freeze to 1136
[2022-12-11 19:13:24] [SEVERE ] setting player 2 freeze to 1571
[2022-12-11 19:13:24] [SEVERE ] setting player 3 freeze to 1028
[2022-12-11 19:13:24] [SEVERE ] setting player 2 freeze to 1464
[2022-12-11 19:13:24] [SEVERE ] setting player 3 freeze to 919
[2022-12-11 19:13:24] [SEVERE ] setting player 2 freeze to 1355
[2022-12-11 19:13:24] [SEVERE ] setting player 3 freeze to 810
[2022-12-11 19:13:24] [SEVERE ] setting player 2 freeze to 1245
[2022-12-11 19:13:24] [SEVERE ] setting player 3 freeze to 701
[2022-12-11 19:13:24] [SEVERE ] setting player 2 freeze to 1135
[2022-12-11 19:13:24] [SEVERE ] setting player 3 freeze to 591
[2022-12-11 19:13:24] [SEVERE ] setting player 2 freeze to 1027
[2022-12-11 19:13:24] [SEVERE ] setting player 3 freeze to 482
[2022-12-11 19:13:24] [SEVERE ] setting player 2 freeze to 918
[2022-12-11 19:13:24] [SEVERE ] setting player 3 freeze to 373
[2022-12-11 19:13:24] [SEVERE ] setting player 2 freeze to 810
[2022-12-11 19:13:24] [SEVERE ] setting player 3 freeze to 266
[2022-12-11 19:13:25] [SEVERE ] setting player 2 freeze to 700
[2022-12-11 19:13:25] [SEVERE ] setting player 3 freeze to 156
[2022-12-11 19:13:25] [SEVERE ] setting player 2 freeze to 591
[2022-12-11 19:13:25] [SEVERE ] setting player 3 freeze to 46
[2022-12-11 19:13:25] [SEVERE ] setting player 2 freeze to 480
[2022-12-11 19:13:25] [SEVERE ] setting player 3 freeze to -65
[2022-12-11 19:13:25] [SEVERE ] setting player 2 freeze to 371
[2022-12-11 19:13:25] [SEVERE ] removing player 3 token from slot 10
[2022-12-11 19:13:25] [SEVERE ] setting player 2 freeze to 262
[2022-12-11 19:13:25] [SEVERE ] player 3 placing token on slot 6
[2022-12-11 19:13:25] [SEVERE ] setting player 2 freeze to 155
[2022-12-11 19:13:25] [SEVERE ] removing player 3 token from slot 0
[2022-12-11 19:13:25] [SEVERE ] setting player 2 freeze to 45
[2022-12-11 19:13:25] [SEVERE ] player 3 placing token on slot 8
[2022-12-11 19:13:25] [SEVERE ] setting player 3 freeze to 3000
[2022-12-11 19:13:25] [SEVERE ] removing player 3 token from slot 1
[2022-12-11 19:13:25] [SEVERE ] setting player 2 freeze to -63
[2022-12-11 19:13:25] [SEVERE ] setting player 3 freeze to 2891
[2022-12-11 19:13:25] [SEVERE ] player 2 placing token on slot 7
[2022-12-11 19:13:25] [SEVERE ] setting player 3 freeze to 2783
[2022-12-11 19:13:26] [SEVERE ] removing player 2 token from slot 9
[2022-12-11 19:13:26] [SEVERE ] setting player 2 freeze to 3000
[2022-12-11 19:13:26] [SEVERE ] setting player 3 freeze to 2672
[2022-12-11 19:13:26] [SEVERE ] player 2 placing token on slot 2
[2022-12-11 19:13:26] [SEVERE ] setting player 2 freeze to 2890
[2022-12-11 19:13:26] [SEVERE ] setting player 3 freeze to 2563
[2022-12-11 19:13:26] [SEVERE ] setting player 2 freeze to 2780
[2022-12-11 19:13:26] [SEVERE ] setting player 3 freeze to 2452
[2022-12-11 19:13:26] [SEVERE ] setting player 2 freeze to 2671
[2022-12-11 19:13:26] [SEVERE ] setting player 3 freeze to 2343
[2022-12-11 19:13:26] [SEVERE ] setting player 2 freeze to 2561
[2022-12-11 19:13:26] [SEVERE ] setting player 3 freeze to 2233
[2022-12-11 19:13:26] [SEVERE ] setting player 2 freeze to 2450
[2022-12-11 19:13:26] [SEVERE ] setting player 3 freeze to 2122
[2022-12-11 19:13:26] [SEVERE ] setting player 2 freeze to 2340
[2022-12-11 19:13:26] [SEVERE ] setting player 3 freeze to 2012
[2022-12-11 19:13:26] [SEVERE ] setting player 2 freeze to 2229
[2022-12-11 19:13:26] [SEVERE ] setting player 3 freeze to 1901
[2022-12-11 19:13:26] [SEVERE ] setting player 2 freeze to 2121
[2022-12-11 19:13:26] [SEVERE ] setting player 3 freeze to 1793
[2022-12-11 19:13:27] [SEVERE ] setting player 3 freeze to 1684
[2022-12-11 19:13:27] [SEVERE ] setting player 2 freeze to 1996
[2022-12-11 19:13:27] [SEVERE ] setting player 2 freeze to 1887
[2022-12-11 19:13:27] [SEVERE ] setting player 3 freeze to 1575
[2022-12-11 19:13:27] [SEVERE ] setting player 2 freeze to 1779
[2022-12-11 19:13:27] [SEVERE ] setting player 3 freeze to 1467
[2022-12-11 19:13:27] [SEVERE ] setting player 2 freeze to 1678
[2022-12-11 19:13:27] [SEVERE ] setting player 3 freeze to 1356
[2022-12-11 19:13:27] [SEVERE ] setting player 2 freeze to 1574
[2022-12-11 19:13:27] [SEVERE ] setting player 3 freeze to 1247
[2022-12-11 19:13:27] [SEVERE ] setting player 2 freeze to 1465
[2022-12-11 19:13:27] [SEVERE ] setting player 3 freeze to 1137
[2022-12-11 19:13:27] [SEVERE ] setting player 2 freeze to 1357
[2022-12-11 19:13:27] [SEVERE ] setting player 3 freeze to 1029
[2022-12-11 19:13:27] [SEVERE ] setting player 2 freeze to 1246
[2022-12-11 19:13:27] [SEVERE ] setting player 3 freeze to 919
[2022-12-11 19:13:27] [SEVERE ] setting player 2 freeze to 1139
[2022-12-11 19:13:27] [SEVERE ] setting player 3 freeze to 811
[2022-12-11 19:13:28] [SEVERE ] setting player 2 freeze to 1029
[2022-12-11 19:13:28] [SEVERE ] setting player 3 freeze to 702
[2022-12-11 19:13:28] [SEVERE ] setting player 2 freeze to 921
[2022-12-11 19:13:28] [SEVERE ] setting player 3 freeze to 593
[2022-12-11 19:13:28] [SEVERE ] setting player 2 freeze to 812
[2022-12-11 19:13:28] [SEVERE ] setting player 3 freeze to 485
[2022-12-11 19:13:28] [SEVERE ] setting player 2 freeze to 703
[2022-12-11 19:13:28] [SEVERE ] setting player 3 freeze to 376
[2022-12-11 19:13:28] [SEVERE ] setting player 2 freeze to 594
[2022-12-11 19:13:28] [SEVERE ] setting player 3 freeze to 266
[2022-12-11 19:13:28] [SEVERE ] setting player 2 freeze to 484
[2022-12-11 19:13:28] [SEVERE ] setting player 3 freeze to 156
[2022-12-11 19:13:28] [SEVERE ] setting player 2 freeze to 376
[2022-12-11 19:13:28] [SEVERE ] setting player 3 freeze to 48
[2022-12-11 19:13:28] [SEVERE ] setting player 2 freeze to 267
[2022-12-11 19:13:28] [SEVERE ] setting player 3 freeze to -60
[2022-12-11 19:13:28] [SEVERE ] removing card from slot 0
[2022-12-11 19:13:28] [SEVERE ] setting player 2 freeze to 157
[2022-12-11 19:13:28] [SEVERE ] removing card from slot 1
[2022-12-11 19:13:28] [SEVERE ] setting player 2 freeze to 46
[2022-12-11 19:13:29] [SEVERE ] removing card from slot 2
[2022-12-11 19:13:29] [SEVERE ] setting player 2 freeze to -63
[2022-12-11 19:13:29] [SEVERE ] removing card from slot 3
[2022-12-11 19:13:29] [SEVERE ] removing card from slot 4
[2022-12-11 19:13:29] [SEVERE ] removing card from slot 5
[2022-12-11 19:13:29] [SEVERE ] removing card from slot 6
[2022-12-11 19:13:29] [SEVERE ] removing card from slot 7
[2022-12-11 19:13:29] [SEVERE ] removing card from slot 8
[2022-12-11 19:13:29] [SEVERE ] removing card from slot 9
[2022-12-11 19:13:29] [SEVERE ] removing card from slot 10
[2022-12-11 19:13:30] [SEVERE ] removing card from slot 11
[2022-12-11 19:13:30] [SEVERE ] removing player 2 token from slot 5
[2022-12-11 19:13:30] [SEVERE ] removing player 2 token from slot 7
[2022-12-11 19:13:30] [SEVERE ] removing player 2 token from slot 2
[2022-12-11 19:13:30] [SEVERE ] removing player 3 token from slot 6
[2022-12-11 19:13:30] [SEVERE ] removing player 3 token from slot 8
[2022-12-11 19:13:30] [SEVERE ] placing card 12 in slot 0
[2022-12-11 19:13:30] [SEVERE ] placing card 11 in slot 3
[2022-12-11 19:13:30] [SEVERE ] placing card 15 in slot 6
[2022-12-11 19:13:30] [SEVERE ] placing card 19 in slot 4
[2022-12-11 19:13:30] [SEVERE ] placing card 13 in slot 10
[2022-12-11 19:13:30] [SEVERE ] placing card 46 in slot 5
[2022-12-11 19:13:30] [SEVERE ] placing card 10 in slot 8
[2022-12-11 19:13:30] [SEVERE ] placing card 37 in slot 1
[2022-12-11 19:13:31] [SEVERE ] placing card 79 in slot 2
[2022-12-11 19:13:31] [SEVERE ] placing card 75 in slot 11
[2022-12-11 19:13:31] [SEVERE ] placing card 39 in slot 7
[2022-12-11 19:13:31] [SEVERE ] placing card 74 in slot 9
[2022-12-11 19:13:31] [SEVERE ] player 2 placing token on slot 7
[2022-12-11 19:13:31] [SEVERE ] player 3 placing token on slot 3
[2022-12-11 19:13:31] [SEVERE ] player 2 placing token on slot 11
[2022-12-11 19:13:31] [SEVERE ] player 3 placing token on slot 11
[2022-12-11 19:13:31] [SEVERE ] player 3 placing token on slot 8
[2022-12-11 19:13:31] [SEVERE ] removing player 2 token from slot 7
[2022-12-11 19:13:31] [SEVERE ] setting player 3 freeze to 3000
[2022-12-11 19:13:31] [SEVERE ] removing player 3 token from slot 3
[2022-12-11 19:13:31] [SEVERE ] removing player 2 token from slot 11
[2022-12-11 19:13:31] [SEVERE ] setting player 3 freeze to 2892
[2022-12-11 19:13:31] [SEVERE ] player 2 placing token on slot 4
[2022-12-11 19:13:31] [SEVERE ] setting player 3 freeze to 2782
[2022-12-11 19:13:32] [SEVERE ] player 2 placing token on slot 2
[2022-12-11 19:13:32] [SEVERE ] setting player 3 freeze to 2674
[2022-12-11 19:13:32] [SEVERE ] player 2 placing token on slot 5
[2022-12-11 19:13:32] [SEVERE ] setting player 2 freeze to 3000
[2022-12-11 19:13:32] [SEVERE ] setting player 3 freeze to 2566
[2022-12-11 19:13:32] [SEVERE ] removing player 2 token from slot 4
[2022-12-11 19:13:32] [SEVERE ] setting player 2 freeze to 2890
[2022-12-11 19:13:32] [SEVERE ] setting player 3 freeze to 2456
[2022-12-11 19:13:32] [SEVERE ] setting player 2 freeze to 2781
[2022-12-11 19:13:32] [SEVERE ] setting player 3 freeze to 2347
[2022-12-11 19:13:32] [SEVERE ] setting player 2 freeze to 2670
[2022-12-11 19:13:32] [SEVERE ] setting player 3 freeze to 2236
[2022-12-11 19:13:32] [SEVERE ] setting player 2 freeze to 2559
[2022-12-11 19:13:32] [SEVERE ] setting player 3 freeze to 2125
[2022-12-11 19:13:32] [SEVERE ] setting player 2 freeze to 2449
[2022-12-11 19:13:32] [SEVERE ] setting player 3 freeze to 2015
[2022-12-11 19:13:32] [SEVERE ] setting player 2 freeze to 2340
[2022-12-11 19:13:32] [SEVERE ] setting player 3 freeze to 1907
[2022-12-11 19:13:32] [SEVERE ] setting player 2 freeze to 2230
[2022-12-11 19:13:32] [SEVERE ] setting player 3 freeze to 1797
[2022-12-11 19:13:33] [SEVERE ] setting player 2 freeze to 2121
[2022-12-11 19:13:33] [SEVERE ] setting player 3 freeze to 1688
[2022-12-11 19:13:33] [SEVERE ] setting player 2 freeze to 2013
[2022-12-11 19:13:33] [SEVERE ] setting player 3 freeze to 1579
[2022-12-11 19:13:33] [SEVERE ] setting player 2 freeze to 1902
[2022-12-11 19:13:33] [SEVERE ] setting player 3 freeze to 1469
[2022-12-11 19:13:33] [SEVERE ] setting player 2 freeze to 1793
[2022-12-11 19:13:33] [SEVERE ] setting player 3 freeze to 1359
[2022-12-11 19:13:33] [SEVERE ] setting player 2 freeze to 1683
[2022-12-11 19:13:33] [SEVERE ] setting player 3 freeze to 1249
[2022-12-11 19:13:33] [SEVERE ] setting player 2 freeze to 1571
[2022-12-11 19:13:33] [SEVERE ] setting player 3 freeze to 1137
[2022-12-11 19:13:33] [SEVERE ] setting player 2 freeze to 1459
[2022-12-11 19:13:33] [SEVERE ] setting player 3 freeze to 1025
[2022-12-11 19:13:33] [SEVERE ] setting player 2 freeze to 1347
[2022-12-11 19:13:33] [SEVERE ] setting player 3 freeze to 913
[2022-12-11 19:13:33] [SEVERE ] setting player 2 freeze to 1236
[2022-12-11 19:13:33] [SEVERE ] setting player 3 freeze to 802
[2022-12-11 19:13:34] [SEVERE ] setting player 2 freeze to 1126
[2022-12-11 19:13:34] [SEVERE ] setting player 3 freeze to 692
[2022-12-11 19:13:34] [SEVERE ] setting player 2 freeze to 1016
[2022-12-11 19:13:34] [SEVERE ] setting player 3 freeze to 583
[2022-12-11 19:13:34] [SEVERE ] setting player 2 freeze to 907
[2022-12-11 19:13:34] [SEVERE ] setting player 3 freeze to 473
[2022-12-11 19:13:34] [SEVERE ] setting player 2 freeze to 798
[2022-12-11 19:13:34] [SEVERE ] setting player 3 freeze to 364
[2022-12-11 19:13:34] [SEVERE ] setting player 2 freeze to 687
[2022-12-11 19:13:34] [SEVERE ] setting player 3 freeze to 253
[2022-12-11 19:13:34] [SEVERE ] setting player 2 freeze to 576
[2022-12-11 19:13:34] [SEVERE ] setting player 3 freeze to 142
[2022-12-11 19:13:34] [SEVERE ] setting player 2 freeze to 466
[2022-12-11 19:13:34] [SEVERE ] setting player 3 freeze to 32
[2022-12-11 19:13:34] [SEVERE ] setting player 2 freeze to 354
[2022-12-11 19:13:34] [SEVERE ] setting player 3 freeze to -79
[2022-12-11 19:13:34] [SEVERE ] setting player 2 freeze to 244
[2022-12-11 19:13:34] [SEVERE ] player 3 placing token on slot 5
[2022-12-11 19:13:35] [SEVERE ] setting player 2 freeze to 136
[2022-12-11 19:13:35] [SEVERE ] removing player 3 token from slot 11
[2022-12-11 19:13:35] [SEVERE ] setting player 2 freeze to 25
[2022-12-11 19:13:35] [SEVERE ] player 3 placing token on slot 10
[2022-12-11 19:13:35] [SEVERE ] setting player 3 freeze to 3000
[2022-12-11 19:13:35] [SEVERE ] setting player 2 freeze to -83
[2022-12-11 19:13:35] [SEVERE ] removing player 3 token from slot 10
[2022-12-11 19:13:35] [SEVERE ] setting player 3 freeze to 2892
[2022-12-11 19:13:35] [SEVERE ] player 2 placing token on slot 7
[2022-12-11 19:13:35] [SEVERE ] setting player 3 freeze to 2782
[2022-12-11 19:13:35] [SEVERE ] removing player 2 token from slot 7
[2022-12-11 19:13:35] [SEVERE ] setting player 3 freeze to 2674
[2022-12-11 19:13:35] [SEVERE ] player 2 placing token on slot 7
[2022-12-11 19:13:35] [SEVERE ] setting player 2 freeze to 3000
[2022-12-11 19:13:35] [SEVERE ] setting player 3 freeze to 2565
[2022-12-11 19:13:35] [SEVERE ] removing player 2 token from slot 2
[2022-12-11 19:13:35] [SEVERE ] setting player 2 freeze to 2891
[2022-12-11 19:13:35] [SEVERE ] setting player 3 freeze to 2455
[2022-12-11 19:13:35] [SEVERE ] setting player 2 freeze to 2781
[2022-12-11 19:13:35] [SEVERE ] setting player 3 freeze to 2345
[2022-12-11 19:13:35] [SEVERE ] setting player 2 freeze to 2670
[2022-12-11 19:13:35] [SEVERE ] setting player 3 freeze to 2234
[2022-12-11 19:13:35] [SEVERE ] setting player 2 freeze to 2560
[2022-12-11 19:13:36] [SEVERE ] setting player 3 freeze to 2124
[2022-12-11 19:13:36] [SEVERE ] setting player 2 freeze to 2449
[2022-12-11 19:13:36] [SEVERE ] setting player 3 freeze to 2014
[2022-12-11 19:13:36] [SEVERE ] Key 77 was pressed by player 1
[2022-12-11 19:13:36] [SEVERE ] setting player 2 freeze to 2341
[2022-12-11 19:13:36] [SEVERE ] setting player 3 freeze to 1905
[2022-12-11 19:13:36] [SEVERE ] player 1 placing token on slot 8
[2022-12-11 19:13:36] [SEVERE ] setting player 2 freeze to 2230
[2022-12-11 19:13:36] [SEVERE ] setting player 3 freeze to 1794
[2022-12-11 19:13:36] [SEVERE ] setting player 2 freeze to 2120
[2022-12-11 19:13:36] [SEVERE ] setting player 3 freeze to 1684
[2022-12-11 19:13:36] [SEVERE ] Key 77 was pressed by player 1
[2022-12-11 19:13:36] [SEVERE ] setting player 2 freeze to 2011
[2022-12-11 19:13:36] [SEVERE ] setting player 3 freeze to 1559
[2022-12-11 19:13:36] [SEVERE ] removing player 1 token from slot 8
[2022-12-11 19:13:36] [SEVERE ] setting player 2 freeze to 1901
[2022-12-11 19:13:36] [SEVERE ] setting player 3 freeze to 1450
[2022-12-11 19:13:36] [SEVERE ] setting player 2 freeze to 1792
[2022-12-11 19:13:36] [SEVERE ] setting player 3 freeze to 1341
[2022-12-11 19:13:36] [SEVERE ] setting player 2 freeze to 1681
[2022-12-11 19:13:36] [SEVERE ] setting player 3 freeze to 1230
[2022-12-11 19:13:36] [SEVERE ] setting player 2 freeze to 1571
[2022-12-11 19:13:37] [SEVERE ] setting player 3 freeze to 1119
[2022-12-11 19:13:37] [SEVERE ] setting player 2 freeze to 1462
[2022-12-11 19:13:37] [SEVERE ] setting player 3 freeze to 1010
[2022-12-11 19:13:37] [SEVERE ] setting player 2 freeze to 1352
[2022-12-11 19:13:37] [SEVERE ] setting player 3 freeze to 900
[2022-12-11 19:13:37] [SEVERE ] Key 81 was pressed by player 0
[2022-12-11 19:13:37] [SEVERE ] setting player 2 freeze to 1241
[2022-12-11 19:13:37] [SEVERE ] setting player 3 freeze to 790
[2022-12-11 19:13:37] [SEVERE ] player 0 placing token on slot 0
[2022-12-11 19:13:37] [SEVERE ] Key 77 was pressed by player 1
[2022-12-11 19:13:37] [SEVERE ] setting player 2 freeze to 1132
[2022-12-11 19:13:37] [SEVERE ] setting player 3 freeze to 682
[2022-12-11 19:13:37] [SEVERE ] player 1 placing token on slot 8
[2022-12-11 19:13:37] [SEVERE ] setting player 2 freeze to 1023
[2022-12-11 19:13:37] [SEVERE ] setting player 3 freeze to 571
[2022-12-11 19:13:37] [SEVERE ] Key 87 was pressed by player 0
[2022-12-11 19:13:37] [SEVERE ] setting player 2 freeze to 913
[2022-12-11 19:13:37] [SEVERE ] setting player 3 freeze to 463
[2022-12-11 19:13:37] [SEVERE ] player 0 placing token on slot 1
[2022-12-11 19:13:37] [SEVERE ] Key 77 was pressed by player 1
[2022-12-11 19:13:37] [SEVERE ] setting player 2 freeze to 806
[2022-12-11 19:13:37] [SEVERE ] setting player 3 freeze to 355
[2022-12-11 19:13:37] [SEVERE ] removing player 1 token from slot 8
[2022-12-11 19:13:37] [SEVERE ] setting player 2 freeze to 697
[2022-12-11 19:13:37] [SEVERE ] setting player 3 freeze to 246
[2022-12-11 19:13:37] [SEVERE ] setting player 2 freeze to 588
[2022-12-11 19:13:37] [SEVERE ] Key 69 was pressed by player 0
[2022-12-11 19:13:37] [SEVERE ] setting player 3 freeze to 137
[2022-12-11 19:13:38] [SEVERE ] player 0 placing token on slot 2
[2022-12-11 19:13:38] [SEVERE ] setting player 2 freeze to 481
[2022-12-11 19:13:38] [SEVERE ] setting player 3 freeze to 29
[2022-12-11 19:13:38] [SEVERE ] setting player 0 freeze to 3000
[2022-12-11 19:13:38] [SEVERE ] setting player 2 freeze to 370
[2022-12-11 19:13:38] [SEVERE ] setting player 3 freeze to -82
[2022-12-11 19:13:38] [SEVERE ] setting player 0 freeze to 2890
[2022-12-11 19:13:38] [SEVERE ] setting player 2 freeze to 260
[2022-12-11 19:13:38] [SEVERE ] player 3 placing token on slot 10
[2022-12-11 19:13:38] [SEVERE ] Key 77 was pressed by player 1
[2022-12-11 19:13:38] [SEVERE ] setting player 0 freeze to 2782
[2022-12-11 19:13:38] [SEVERE ] setting player 2 freeze to 152
[2022-12-11 19:13:38] [SEVERE ] removing player 3 token from slot 8
[2022-12-11 19:13:38] [SEVERE ] setting player 0 freeze to 2674
[2022-12-11 19:13:38] [SEVERE ] player 1 placing token on slot 8
[2022-12-11 19:13:38] [SEVERE ] Key 69 was pressed by player 0
[2022-12-11 19:13:38] [SEVERE ] setting player 2 freeze to 44
[2022-12-11 19:13:38] [SEVERE ] player 3 placing token on slot 9
[2022-12-11 19:13:38] [SEVERE ] setting player 3 freeze to 3000
[2022-12-11 19:13:38] [SEVERE ] setting player 0 freeze to 2572
[2022-12-11 19:13:38] [SEVERE ] setting player 2 freeze to -66
[2022-12-11 19:13:38] [SEVERE ] removing player 3 token from slot 10
[2022-12-11 19:13:38] [SEVERE ] setting player 3 freeze to 2889
[2022-12-11 19:13:38] [SEVERE ] Key 87 was pressed by player 0
[2022-12-11 19:13:38] [SEVERE ] setting player 0 freeze to 2469
[2022-12-11 19:13:38] [SEVERE ] removing player 2 token from slot 5
[2022-12-11 19:13:38] [SEVERE ] setting player 3 freeze to 2780
[2022-12-11 19:13:38] [SEVERE ] setting player 0 freeze to 2360
[2022-12-11 19:13:38] [SEVERE ] removing player 2 token from slot 7
[2022-12-11 19:13:38] [SEVERE ] setting player 3 freeze to 2671
[2022-12-11 19:13:38] [SEVERE ] Key 77 was pressed by player 1
[2022-12-11 19:13:38] [SEVERE ] setting player 0 freeze to 2251
[2022-12-11 19:13:38] [SEVERE ] player 2 placing token on slot 4
[2022-12-11 19:13:38] [SEVERE ] removing player 1 token from slot 8
[2022-12-11 19:13:38] [SEVERE ] setting player 3 freeze to 2561
[2022-12-11 19:13:38] [SEVERE ] Key 81 was pressed by player 0
[2022-12-11 19:13:39] [SEVERE ] setting player 0 freeze to 2141
[2022-12-11 19:13:39] [SEVERE ] player 2 placing token on slot 3
[2022-12-11 19:13:39] [SEVERE ] setting player 3 freeze to 2454
[2022-12-11 19:13:39] [SEVERE ] setting player 0 freeze to 2035
[2022-12-11 19:13:39] [SEVERE ] player 2 placing token on slot 5
[2022-12-11 19:13:39] [SEVERE ] setting player 3 freeze to 2347
[2022-12-11 19:13:39] [SEVERE ] setting player 0 freeze to 1927
[2022-12-11 19:13:39] [SEVERE ] setting player 2 freeze to 3000
[2022-12-11 19:13:39] [SEVERE ] removing player 2 token from slot 3
[2022-12-11 19:13:39] [SEVERE ] setting player 3 freeze to 2237
[2022-12-11 19:13:39] [SEVERE ] Key 77 was pressed by player 1
[2022-12-11 19:13:39] [SEVERE ] setting player 0 freeze to 1818
[2022-12-11 19:13:39] [SEVERE ] setting player 2 freeze to 2892
[2022-12-11 19:13:39] [SEVERE ] setting player 3 freeze to 2129
[2022-12-11 19:13:39] [SEVERE ] player 1 placing token on slot 8
[2022-12-11 19:13:39] [SEVERE ] Key 81 was pressed by player 0
[2022-12-11 19:13:39] [SEVERE ] setting player 0 freeze to 1708
[2022-12-11 19:13:39] [SEVERE ] setting player 2 freeze to 2782
[2022-12-11 19:13:39] [SEVERE ] setting player 3 freeze to 2019
[2022-12-11 19:13:39] [SEVERE ] setting player 0 freeze to 1599
[2022-12-11 19:13:39] [SEVERE ] setting player 2 freeze to 2674
[2022-12-11 19:13:39] [SEVERE ] setting player 3 freeze to 1910
[2022-12-11 19:13:39] [SEVERE ] setting player 0 freeze to 1489
[2022-12-11 19:13:39] [SEVERE ] Key 87 was pressed by player 0
[2022-12-11 19:13:39] [SEVERE ] setting player 2 freeze to 2564
[2022-12-11 19:13:39] [SEVERE ] setting player 3 freeze to 1800
[2022-12-11 19:13:39] [SEVERE ] Key 77 was pressed by player 1
[2022-12-11 19:13:39] [SEVERE ] setting player 0 freeze to 1380
[2022-12-11 19:13:39] [SEVERE ] setting player 2 freeze to 2453
[2022-12-11 19:13:39] [SEVERE ] setting player 3 freeze to 1690
[2022-12-11 19:13:39] [SEVERE ] removing player 1 token from slot 8
[2022-12-11 19:13:39] [SEVERE ] setting player 0 freeze to 1269
[2022-12-11 19:13:39] [SEVERE ] setting player 2 freeze to 2342
[2022-12-11 19:13:39] [SEVERE ] Key 69 was pressed by player 0
[2022-12-11 19:13:39] [SEVERE ] setting player 3 freeze to 1579
[2022-12-11 19:13:40] [SEVERE ] setting player 0 freeze to 1159
[2022-12-11 19:13:40] [SEVERE ] setting player 2 freeze to 2233
[2022-12-11 19:13:40] [SEVERE ] setting player 3 freeze to 1470
[2022-12-11 19:13:40] [SEVERE ] setting player 0 freeze to 1049
[2022-12-11 19:13:40] [SEVERE ] setting player 2 freeze to 2123
[2022-12-11 19:13:40] [SEVERE ] setting player 3 freeze to 1359
[2022-12-11 19:13:40] [SEVERE ] setting player 0 freeze to 940
[2022-12-11 19:13:40] [SEVERE ] setting player 2 freeze to 2014
[2022-12-11 19:13:40] [SEVERE ] setting player 3 freeze to 1251
[2022-12-11 19:13:40] [SEVERE ] setting player 0 freeze to 831
[2022-12-11 19:13:40] [SEVERE ] setting player 2 freeze to 1906
[2022-12-11 19:13:40] [SEVERE ] setting player 3 freeze to 1142
[2022-12-11 19:13:40] [SEVERE ] setting player 0 freeze to 723
[2022-12-11 19:13:40] [SEVERE ] setting player 2 freeze to 1797
[2022-12-11 19:13:40] [SEVERE ] setting player 3 freeze to 1034
[2022-12-11 19:13:40] [SEVERE ] setting player 0 freeze to 613
[2022-12-11 19:13:40] [SEVERE ] setting player 2 freeze to 1688
[2022-12-11 19:13:40] [SEVERE ] setting player 3 freeze to 925
[2022-12-11 19:13:40] [SEVERE ] setting player 0 freeze to 505
[2022-12-11 19:13:40] [SEVERE ] setting player 2 freeze to 1578
[2022-12-11 19:13:40] [SEVERE ] setting player 3 freeze to 816
[2022-12-11 19:13:40] [SEVERE ] setting player 0 freeze to 396
[2022-12-11 19:13:40] [SEVERE ] setting player 2 freeze to 1469
[2022-12-11 19:13:40] [SEVERE ] setting player 3 freeze to 707
[2022-12-11 19:13:40] [SEVERE ] setting player 0 freeze to 287
[2022-12-11 19:13:40] [SEVERE ] setting player 2 freeze to 1360
[2022-12-11 19:13:40] [SEVERE ] setting player 3 freeze to 597
[2022-12-11 19:13:40] [SEVERE ] setting player 0 freeze to 177
[2022-12-11 19:13:41] [SEVERE ] setting player 2 freeze to 1250
[2022-12-11 19:13:41] [SEVERE ] setting player 3 freeze to 486
[2022-12-11 19:13:41] [SEVERE ] setting player 0 freeze to 67
[2022-12-11 19:13:41] [SEVERE ] setting player 2 freeze to 1141
[2022-12-11 19:13:41] [SEVERE ] setting player 3 freeze to 378
[2022-12-11 19:13:41] [SEVERE ] setting player 0 freeze to -41
[2022-12-11 19:13:41] [SEVERE ] setting player 2 freeze to 1032
[2022-12-11 19:13:41] [SEVERE ] setting player 3 freeze to 269
[2022-12-11 19:13:41] [SEVERE ] setting player 2 freeze to 925
[2022-12-11 19:13:41] [SEVERE ] setting player 3 freeze to 162
[2022-12-11 19:13:41] [SEVERE ] setting player 2 freeze to 816
[2022-12-11 19:13:41] [SEVERE ] setting player 3 freeze to 52
[2022-12-11 19:13:41] [SEVERE ] setting player 2 freeze to 706
[2022-12-11 19:13:41] [SEVERE ] setting player 3 freeze to -56
[2022-12-11 19:13:41] [SEVERE ] setting player 2 freeze to 596
[2022-12-11 19:13:41] [SEVERE ] Key 69 was pressed by player 0
[2022-12-11 19:13:41] [SEVERE ] player 3 placing token on slot 8
[2022-12-11 19:13:41] [SEVERE ] setting player 2 freeze to 487
[2022-12-11 19:13:41] [SEVERE ] removing player 0 token from slot 2
[2022-12-11 19:13:41] [SEVERE ] removing player 3 token from slot 9
[2022-12-11 19:13:41] [SEVERE ] setting player 3 freeze to 3000
[2022-12-11 19:13:41] [SEVERE ] setting player 2 freeze to 378
[2022-12-11 19:13:41] [SEVERE ] player 3 placing token on slot 1
[2022-12-11 19:13:41] [SEVERE ] setting player 3 freeze to 2892
[2022-12-11 19:13:41] [SEVERE ] Key 87 was pressed by player 0
[2022-12-11 19:13:42] [SEVERE ] setting player 2 freeze to 253
[2022-12-11 19:13:42] [SEVERE ] setting player 3 freeze to 2782
[2022-12-11 19:13:42] [SEVERE ] removing player 0 token from slot 1
[2022-12-11 19:13:42] [SEVERE ] setting player 2 freeze to 143
[2022-12-11 19:13:42] [SEVERE ] setting player 3 freeze to 2673
[2022-12-11 19:13:42] [SEVERE ] setting player 2 freeze to 35
[2022-12-11 19:13:42] [SEVERE ] setting player 3 freeze to 2565
[2022-12-11 19:13:42] [SEVERE ] setting player 2 freeze to -72
[2022-12-11 19:13:42] [SEVERE ] setting player 3 freeze to 2457
[2022-12-11 19:13:42] [SEVERE ] player 2 placing token on slot 3
[2022-12-11 19:13:42] [SEVERE ] setting player 3 freeze to 2348
[2022-12-11 19:13:42] [SEVERE ] removing player 2 token from slot 3
[2022-12-11 19:13:42] [SEVERE ] setting player 3 freeze to 2239
[2022-12-11 19:13:42] [SEVERE ] player 2 placing token on slot 2
[2022-12-11 19:13:42] [SEVERE ] setting player 2 freeze to 3000
[2022-12-11 19:13:42] [SEVERE ] setting player 3 freeze to 2129
[2022-12-11 19:13:42] [SEVERE ] removing player 2 token from slot 5
[2022-12-11 19:13:42] [SEVERE ] Key 81 was pressed by player 0
[2022-12-11 19:13:42] [SEVERE ] setting player 2 freeze to 2890
[2022-12-11 19:13:42] [SEVERE ] setting player 3 freeze to 2019
[2022-12-11 19:13:42] [SEVERE ] removing player 0 token from slot 0
[2022-12-11 19:13:42] [SEVERE ] setting player 2 freeze to 2779
[2022-12-11 19:13:42] [SEVERE ] setting player 3 freeze to 1909
[2022-12-11 19:13:43] [SEVERE ] setting player 2 freeze to 2670
[2022-12-11 19:13:43] [SEVERE ] setting player 3 freeze to 1800
[2022-12-11 19:13:43] [SEVERE ] setting player 2 freeze to 2563
[2022-12-11 19:13:43] [SEVERE ] setting player 3 freeze to 1691
[2022-12-11 19:13:43] [SEVERE ] setting player 2 freeze to 2454
[2022-12-11 19:13:43] [SEVERE ] setting player 3 freeze to 1583
[2022-12-11 19:13:43] [SEVERE ] setting player 2 freeze to 2344
[2022-12-11 19:13:43] [SEVERE ] setting player 3 freeze to 1474
[2022-12-11 19:13:43] [SEVERE ] setting player 2 freeze to 2235
[2022-12-11 19:13:43] [SEVERE ] setting player 3 freeze to 1364
[2022-12-11 19:13:43] [SEVERE ] setting player 2 freeze to 2127
[2022-12-11 19:13:43] [SEVERE ] setting player 3 freeze to 1257
[2022-12-11 19:13:43] [SEVERE ] setting player 2 freeze to 2017
[2022-12-11 19:13:43] [SEVERE ] setting player 3 freeze to 1147
[2022-12-11 19:13:43] [SEVERE ] setting player 2 freeze to 1907
[2022-12-11 19:13:43] [SEVERE ] setting player 3 freeze to 1036
[2022-12-11 19:13:43] [SEVERE ] setting player 2 freeze to 1798
[2022-12-11 19:13:43] [SEVERE ] setting player 3 freeze to 927
[2022-12-11 19:13:43] [SEVERE ] setting player 2 freeze to 1689
[2022-12-11 19:13:44] [SEVERE ] setting player 3 freeze to 819
[2022-12-11 19:13:44] [SEVERE ] setting player 2 freeze to 1581
[2022-12-11 19:13:44] [SEVERE ] setting player 3 freeze to 710
[2022-12-11 19:13:44] [SEVERE ] setting player 2 freeze to 1471
[2022-12-11 19:13:44] [SEVERE ] setting player 3 freeze to 601
[2022-12-11 19:13:44] [SEVERE ] setting player 2 freeze to 1361
[2022-12-11 19:13:44] [SEVERE ] setting player 3 freeze to 490
[2022-12-11 19:13:44] [SEVERE ] setting player 2 freeze to 1251
[2022-12-11 19:13:44] [SEVERE ] setting player 3 freeze to 381
[2022-12-11 19:13:44] [SEVERE ] setting player 2 freeze to 1142
[2022-12-11 19:13:44] [SEVERE ] setting player 3 freeze to 271
[2022-12-11 19:13:44] [SEVERE ] setting player 2 freeze to 1032
[2022-12-11 19:13:44] [SEVERE ] setting player 3 freeze to 162
[2022-12-11 19:13:44] [SEVERE ] setting player 2 freeze to 924
[2022-12-11 19:13:44] [SEVERE ] setting player 3 freeze to 53
[2022-12-11 19:13:44] [SEVERE ] setting player 2 freeze to 816
[2022-12-11 19:13:44] [SEVERE ] setting player 3 freeze to -55
[2022-12-11 19:13:44] [SEVERE ] setting player 2 freeze to 707
[2022-12-11 19:13:44] [SEVERE ] removing player 3 token from slot 1
[2022-12-11 19:13:45] [SEVERE ] setting player 2 freeze to 598
[2022-12-11 19:13:45] [SEVERE ] player 3 placing token on slot 4
[2022-12-11 19:13:45] [SEVERE ] setting player 2 freeze to 488
[2022-12-11 19:13:45] [SEVERE ] removing player 3 token from slot 4
[2022-12-11 19:13:45] [SEVERE ] removing card from slot 0
[2022-12-11 19:13:45] [SEVERE ] setting player 2 freeze to 378
[2022-12-11 19:13:45] [SEVERE ] removing card from slot 1
[2022-12-11 19:13:45] [SEVERE ] setting player 2 freeze to 271
[2022-12-11 19:13:45] [SEVERE ] removing card from slot 2
[2022-12-11 19:13:45] [SEVERE ] setting player 2 freeze to 162
[2022-12-11 19:13:45] [SEVERE ] removing card from slot 3
[2022-12-11 19:13:45] [SEVERE ] setting player 2 freeze to 52
[2022-12-11 19:13:45] [SEVERE ] removing card from slot 4
[2022-12-11 19:13:45] [SEVERE ] setting player 2 freeze to -58
[2022-12-11 19:13:45] [SEVERE ] removing card from slot 5
[2022-12-11 19:13:45] [SEVERE ] removing card from slot 6
[2022-12-11 19:13:46] [SEVERE ] removing card from slot 7
[2022-12-11 19:13:46] [SEVERE ] removing card from slot 8
[2022-12-11 19:13:46] [SEVERE ] removing card from slot 9
[2022-12-11 19:13:46] [SEVERE ] removing card from slot 10
[2022-12-11 19:13:46] [SEVERE ] removing card from slot 11
[2022-12-11 19:13:46] [SEVERE ] removing player 2 token from slot 4
[2022-12-11 19:13:46] [SEVERE ] removing player 2 token from slot 2
[2022-12-11 19:13:46] [SEVERE ] removing player 3 token from slot 5
[2022-12-11 19:13:46] [SEVERE ] removing player 3 token from slot 8
[2022-12-11 19:13:46] [SEVERE ] placing card 55 in slot 2
[2022-12-11 19:13:46] [SEVERE ] placing card 69 in slot 5
[2022-12-11 19:13:46] [SEVERE ] placing card 41 in slot 8
[2022-12-11 19:13:46] [SEVERE ] placing card 64 in slot 0
[2022-12-11 19:13:46] [SEVERE ] placing card 42 in slot 1
[2022-12-11 19:13:47] [SEVERE ] placing card 43 in slot 7
[2022-12-11 19:13:47] [SEVERE ] placing card 75 in slot 4
[2022-12-11 19:13:47] [SEVERE ] placing card 49 in slot 10
[2022-12-11 19:13:47] [SEVERE ] placing card 79 in slot 11
[2022-12-11 19:13:47] [SEVERE ] placing card 35 in slot 9
[2022-12-11 19:13:47] [SEVERE ] placing card 18 in slot 6
[2022-12-11 19:13:47] [SEVERE ] placing card 10 in slot 3
[2022-12-11 19:13:47] [SEVERE ] player 2 placing token on slot 1
[2022-12-11 19:13:47] [SEVERE ] player 3 placing token on slot 5
[2022-12-11 19:13:47] [SEVERE ] player 2 placing token on slot 8
[2022-12-11 19:13:47] [SEVERE ] player 3 placing token on slot 11
[2022-12-11 19:13:48] [SEVERE ] player 2 placing token on slot 9
[2022-12-11 19:13:48] [SEVERE ] player 3 placing token on slot 4
[2022-12-11 19:13:48] [SEVERE ] setting player 2 freeze to 3000
[2022-12-11 19:13:48] [SEVERE ] setting player 3 freeze to 3000
[2022-12-11 19:13:48] [SEVERE ] removing player 2 token from slot 9
[2022-12-11 19:13:48] [SEVERE ] removing player 3 token from slot 4
[2022-12-11 19:13:48] [SEVERE ] setting player 2 freeze to 2892
[2022-12-11 19:13:48] [SEVERE ] setting player 3 freeze to 2891
[2022-12-11 19:13:48] [SEVERE ] setting player 2 freeze to 2782
[2022-12-11 19:13:48] [SEVERE ] setting player 3 freeze to 2781
[2022-12-11 19:13:48] [SEVERE ] setting player 2 freeze to 2673
[2022-12-11 19:13:48] [SEVERE ] setting player 3 freeze to 2673
[2022-12-11 19:13:48] [SEVERE ] setting player 2 freeze to 2564
[2022-12-11 19:13:48] [SEVERE ] setting player 3 freeze to 2563
[2022-12-11 19:13:48] [SEVERE ] setting player 2 freeze to 2455
[2022-12-11 19:13:48] [SEVERE ] setting player 3 freeze to 2454
[2022-12-11 19:13:48] [SEVERE ] setting player 2 freeze to 2344
[2022-12-11 19:13:48] [SEVERE ] setting player 3 freeze to 2344
[2022-12-11 19:13:48] [SEVERE ] setting player 2 freeze to 2237
[2022-12-11 19:13:48] [SEVERE ] setting player 3 freeze to 2237
[2022-12-11 19:13:49] [SEVERE ] setting player 2 freeze to 2127
[2022-12-11 19:13:49] [SEVERE ] setting player 3 freeze to 2126
[2022-12-11 19:13:49] [SEVERE ] setting player 2 freeze to 2016
[2022-12-11 19:13:49] [SEVERE ] setting player 3 freeze to 2015
[2022-12-11 19:13:49] [SEVERE ] setting player 2 freeze to 1906
[2022-12-11 19:13:49] [SEVERE ] setting player 3 freeze to 1905
[2022-12-11 19:13:49] [SEVERE ] setting player 2 freeze to 1797
[2022-12-11 19:13:49] [SEVERE ] setting player 3 freeze to 1796
[2022-12-11 19:13:49] [SEVERE ] setting player 2 freeze to 1688
[2022-12-11 19:13:49] [SEVERE ] setting player 3 freeze to 1687
[2022-12-11 19:13:49] [SEVERE ] setting player 2 freeze to 1578
[2022-12-11 19:13:49] [SEVERE ] setting player 3 freeze to 1577
[2022-12-11 19:13:49] [SEVERE ] setting player 2 freeze to 1468
[2022-12-11 19:13:49] [SEVERE ] setting player 3 freeze to 1468
[2022-12-11 19:13:49] [SEVERE ] setting player 2 freeze to 1358
[2022-12-11 19:13:49] [SEVERE ] setting player 3 freeze to 1358
[2022-12-11 19:13:49] [SEVERE ] setting player 2 freeze to 1248
[2022-12-11 19:13:49] [SEVERE ] setting player 3 freeze to 1248
[2022-12-11 19:13:49] [SEVERE ] setting player 2 freeze to 1139
[2022-12-11 19:13:50] [SEVERE ] setting player 3 freeze to 1138
[2022-12-11 19:13:50] [SEVERE ] setting player 2 freeze to 1028
[2022-12-11 19:13:50] [SEVERE ] setting player 3 freeze to 1027
[2022-12-11 19:13:50] [SEVERE ] setting player 2 freeze to 920
[2022-12-11 19:13:50] [SEVERE ] setting player 3 freeze to 919
[2022-12-11 19:13:50] [SEVERE ] Key 69 was pressed by player 0
[2022-12-11 19:13:50] [SEVERE ] setting player 2 freeze to 810
[2022-12-11 19:13:50] [SEVERE ] setting player 3 freeze to 810
[2022-12-11 19:13:50] [SEVERE ] player 0 placing token on slot 2
[2022-12-11 19:13:50] [SEVERE ] setting player 2 freeze to 701
[2022-12-11 19:13:50] [SEVERE ] setting player 3 freeze to 700
[2022-12-11 19:13:50] [SEVERE ] Key 81 was pressed by player 0
[2022-12-11 19:13:50] [SEVERE ] setting player 2 freeze to 592
[2022-12-11 19:13:50] [SEVERE ] setting player 3 freeze to 592
[2022-12-11 19:13:50] [SEVERE ] setting player 2 freeze to 483
[2022-12-11 19:13:50] [SEVERE ] player 0 placing token on slot 0
[2022-12-11 19:13:50] [SEVERE ] setting player 3 freeze to 483
[2022-12-11 19:13:50] [SEVERE ] setting player 2 freeze to 376
[2022-12-11 19:13:50] [SEVERE ] setting player 3 freeze to 376
[2022-12-11 19:13:50] [SEVERE ] setting player 2 freeze to 267
[2022-12-11 19:13:50] [SEVERE ] setting player 3 freeze to 267
[2022-12-11 19:13:50] [SEVERE ] setting player 2 freeze to 158
[2022-12-11 19:13:50] [SEVERE ] setting player 3 freeze to 157
[2022-12-11 19:13:51] [SEVERE ] setting player 2 freeze to 47
[2022-12-11 19:13:51] [SEVERE ] setting player 3 freeze to 46
[2022-12-11 19:13:51] [SEVERE ] setting player 2 freeze to -64
[2022-12-11 19:13:51] [SEVERE ] setting player 3 freeze to -65
[2022-12-11 19:13:51] [SEVERE ] removing player 2 token from slot 1
[2022-12-11 19:13:51] [SEVERE ] removing player 3 token from slot 5
[2022-12-11 19:13:51] [SEVERE ] player 2 placing token on slot 5
[2022-12-11 19:13:51] [SEVERE ] player 3 placing token on slot 10
[2022-12-11 19:13:51] [SEVERE ] Key 68 was pressed by player 0
[2022-12-11 19:13:51] [SEVERE ] player 2 placing token on slot 1
[2022-12-11 19:13:51] [SEVERE ] setting player 2 freeze to 3000
[2022-12-11 19:13:51] [SEVERE ] removing player 3 token from slot 11
[2022-12-11 19:13:51] [SEVERE ] player 0 placing token on slot 6
[2022-12-11 19:13:51] [SEVERE ] setting player 0 freeze to 3000
[2022-12-11 19:13:51] [SEVERE ] removing player 2 token from slot 5
[2022-12-11 19:13:51] [SEVERE ] setting player 2 freeze to 2891
[2022-12-11 19:13:51] [SEVERE ] removing player 3 token from slot 10
[2022-12-11 19:13:51] [SEVERE ] setting player 0 freeze to 2889
[2022-12-11 19:13:51] [SEVERE ] setting player 2 freeze to 2780
[2022-12-11 19:13:51] [SEVERE ] player 3 placing token on slot 3
[2022-12-11 19:13:51] [SEVERE ] setting player 0 freeze to 2778
[2022-12-11 19:13:51] [SEVERE ] setting player 2 freeze to 2669
[2022-12-11 19:13:51] [SEVERE ] player 3 placing token on slot 11
[2022-12-11 19:13:51] [SEVERE ] setting player 0 freeze to 2668
[2022-12-11 19:13:51] [SEVERE ] setting player 2 freeze to 2565
[2022-12-11 19:13:51] [SEVERE ] player 3 placing token on slot 0
[2022-12-11 19:13:51] [SEVERE ] setting player 3 freeze to 3000
[2022-12-11 19:13:52] [SEVERE ] setting player 0 freeze to 2557
[2022-12-11 19:13:52] [SEVERE ] removing player 3 token from slot 3
[2022-12-11 19:13:52] [SEVERE ] setting player 2 freeze to 2450
[2022-12-11 19:13:52] [SEVERE ] setting player 3 freeze to 2892
[2022-12-11 19:13:52] [SEVERE ] setting player 0 freeze to 2450
[2022-12-11 19:13:52] [SEVERE ] setting player 2 freeze to 2342
[2022-12-11 19:13:52] [SEVERE ] setting player 3 freeze to 2784
[2022-12-11 19:13:52] [SEVERE ] setting player 0 freeze to 2342
[2022-12-11 19:13:52] [SEVERE ] setting player 2 freeze to 2232
[2022-12-11 19:13:52] [SEVERE ] setting player 3 freeze to 2673
[2022-12-11 19:13:52] [SEVERE ] setting player 0 freeze to 2231
[2022-12-11 19:13:52] [SEVERE ] setting player 2 freeze to 2123
[2022-12-11 19:13:52] [SEVERE ] setting player 3 freeze to 2564
[2022-12-11 19:13:52] [SEVERE ] setting player 0 freeze to 2122
[2022-12-11 19:13:52] [SEVERE ] setting player 2 freeze to 2013
[2022-12-11 19:13:52] [SEVERE ] setting player 3 freeze to 2454
[2022-12-11 19:13:52] [SEVERE ] setting player 0 freeze to 2012
[2022-12-11 19:13:52] [SEVERE ] setting player 2 freeze to 1903
[2022-12-11 19:13:52] [SEVERE ] setting player 3 freeze to 2344
[2022-12-11 19:13:52] [SEVERE ] setting player 0 freeze to 1902
[2022-12-11 19:13:52] [SEVERE ] setting player 2 freeze to 1796
[2022-12-11 19:13:52] [SEVERE ] setting player 3 freeze to 2237
[2022-12-11 19:13:52] [SEVERE ] setting player 0 freeze to 1795
[2022-12-11 19:13:52] [SEVERE ] setting player 2 freeze to 1686
[2022-12-11 19:13:52] [SEVERE ] setting player 3 freeze to 2127
[2022-12-11 19:13:52] [SEVERE ] setting player 0 freeze to 1685
[2022-12-11 19:13:52] [SEVERE ] setting player 2 freeze to 1576
[2022-12-11 19:13:52] [SEVERE ] setting player 3 freeze to 2018
[2022-12-11 19:13:52] [SEVERE ] setting player 0 freeze to 1577
[2022-12-11 19:13:53] [SEVERE ] setting player 2 freeze to 1468
[2022-12-11 19:13:53] [SEVERE ] setting player 3 freeze to 1909
[2022-12-11 19:13:53] [SEVERE ] setting player 0 freeze to 1467
[2022-12-11 19:13:53] [SEVERE ] setting player 2 freeze to 1358
[2022-12-11 19:13:53] [SEVERE ] setting player 3 freeze to 1800
[2022-12-11 19:13:53] [SEVERE ] setting player 0 freeze to 1357
[2022-12-11 19:13:53] [SEVERE ] setting player 2 freeze to 1248
[2022-12-11 19:13:53] [SEVERE ] setting player 3 freeze to 1689
[2022-12-11 19:13:53] [SEVERE ] setting player 0 freeze to 1247
[2022-12-11 19:13:53] [SEVERE ] setting player 2 freeze to 1137
[2022-12-11 19:13:53] [SEVERE ] setting player 3 freeze to 1578
[2022-12-11 19:13:53] [SEVERE ] setting player 0 freeze to 1136
[2022-12-11 19:13:53] [SEVERE ] setting player 2 freeze to 1027
[2022-12-11 19:13:53] [SEVERE ] setting player 3 freeze to 1468
[2022-12-11 19:13:53] [SEVERE ] setting player 0 freeze to 1025
[2022-12-11 19:13:53] [SEVERE ] setting player 2 freeze to 916
[2022-12-11 19:13:53] [SEVERE ] setting player 3 freeze to 1357
[2022-12-11 19:13:53] [SEVERE ] setting player 0 freeze to 915
[2022-12-11 19:13:53] [SEVERE ] setting player 2 freeze to 807
[2022-12-11 19:13:53] [SEVERE ] setting player 3 freeze to 1248
[2022-12-11 19:13:53] [SEVERE ] setting player 0 freeze to 805
[2022-12-11 19:13:53] [SEVERE ] setting player 2 freeze to 697
[2022-12-11 19:13:53] [SEVERE ] setting player 3 freeze to 1138
[2022-12-11 19:13:53] [SEVERE ] setting player 0 freeze to 695
[2022-12-11 19:13:53] [SEVERE ] setting player 2 freeze to 586
[2022-12-11 19:13:53] [SEVERE ] setting player 3 freeze to 1028
[2022-12-11 19:13:53] [SEVERE ] setting player 0 freeze to 586
[2022-12-11 19:13:54] [SEVERE ] setting player 2 freeze to 478
[2022-12-11 19:13:54] [SEVERE ] setting player 3 freeze to 919
[2022-12-11 19:13:54] [SEVERE ] setting player 0 freeze to 478
[2022-12-11 19:13:54] [SEVERE ] setting player 2 freeze to 368
[2022-12-11 19:13:54] [SEVERE ] setting player 3 freeze to 810
[2022-12-11 19:13:54] [SEVERE ] setting player 0 freeze to 368
[2022-12-11 19:13:54] [SEVERE ] setting player 2 freeze to 259
[2022-12-11 19:13:54] [SEVERE ] setting player 3 freeze to 684
[2022-12-11 19:13:54] [SEVERE ] setting player 0 freeze to 258
[2022-12-11 19:13:54] [SEVERE ] setting player 2 freeze to 150
[2022-12-11 19:13:54] [SEVERE ] setting player 3 freeze to 575
[2022-12-11 19:13:54] [SEVERE ] setting player 0 freeze to 148
[2022-12-11 19:13:54] [SEVERE ] setting player 2 freeze to 40
[2022-12-11 19:13:54] [SEVERE ] setting player 3 freeze to 465
[2022-12-11 19:13:54] [SEVERE ] setting player 0 freeze to 38
[2022-12-11 19:13:54] [SEVERE ] setting player 2 freeze to -71
[2022-12-11 19:13:54] [SEVERE ] setting player 3 freeze to 356
[2022-12-11 19:13:54] [SEVERE ] setting player 0 freeze to -70
[2022-12-11 19:13:54] [SEVERE ] player 2 placing token on slot 6
[2022-12-11 19:13:54] [SEVERE ] setting player 3 freeze to 247
[2022-12-11 19:13:54] [SEVERE ] removing player 2 token from slot 8
[2022-12-11 19:13:54] [SEVERE ] setting player 2 freeze to 3000
[2022-12-11 19:13:54] [SEVERE ] setting player 3 freeze to 138
[2022-12-11 19:13:54] [SEVERE ] player 2 placing token on slot 2
[2022-12-11 19:13:54] [SEVERE ] setting player 2 freeze to 2890
[2022-12-11 19:13:54] [SEVERE ] setting player 3 freeze to 27
[2022-12-11 19:13:55] [SEVERE ] setting player 2 freeze to 2780
[2022-12-11 19:13:55] [SEVERE ] setting player 3 freeze to -82
[2022-12-11 19:13:55] [SEVERE ] setting player 2 freeze to 2671
[2022-12-11 19:13:55] [SEVERE ] player 3 placing token on slot 2
[2022-12-11 19:13:55] [SEVERE ] setting player 2 freeze to 2563
[2022-12-11 19:13:55] [SEVERE ] removing player 3 token from slot 11
[2022-12-11 19:13:55] [SEVERE ] setting player 3 freeze to 3000
[2022-12-11 19:13:55] [SEVERE ] setting player 2 freeze to 2453
[2022-12-11 19:13:55] [SEVERE ] setting player 3 freeze to 2890
[2022-12-11 19:13:55] [SEVERE ] player 3 placing token on slot 1
[2022-12-11 19:13:55] [SEVERE ] setting player 2 freeze to 2343
[2022-12-11 19:13:55] [SEVERE ] setting player 3 freeze to 2781
[2022-12-11 19:13:55] [SEVERE ] setting player 2 freeze to 2233
[2022-12-11 19:13:55] [SEVERE ] setting player 3 freeze to 2671
[2022-12-11 19:13:55] [SEVERE ] setting player 2 freeze to 2124
[2022-12-11 19:13:55] [SEVERE ] setting player 3 freeze to 2561
[2022-12-11 19:13:55] [SEVERE ] setting player 2 freeze to 2013
[2022-12-11 19:13:55] [SEVERE ] setting player 3 freeze to 2450
[2022-12-11 19:13:55] [SEVERE ] setting player 2 freeze to 1903
[2022-12-11 19:13:55] [SEVERE ] setting player 3 freeze to 2341
[2022-12-11 19:13:56] [SEVERE ] setting player 2 freeze to 1794
[2022-12-11 19:13:56] [SEVERE ] setting player 3 freeze to 2231
[2022-12-11 19:13:56] [SEVERE ] setting player 2 freeze to 1683
[2022-12-11 19:13:56] [SEVERE ] setting player 3 freeze to 2120
[2022-12-11 19:13:56] [SEVERE ] setting player 2 freeze to 1573
[2022-12-11 19:13:56] [SEVERE ] setting player 3 freeze to 2011
[2022-12-11 19:13:56] [SEVERE ] setting player 2 freeze to 1464
[2022-12-11 19:13:56] [SEVERE ] setting player 3 freeze to 1902
[2022-12-11 19:13:56] [SEVERE ] setting player 2 freeze to 1354
[2022-12-11 19:13:56] [SEVERE ] setting player 3 freeze to 1792
[2022-12-11 19:13:56] [SEVERE ] setting player 2 freeze to 1244
[2022-12-11 19:13:56] [SEVERE ] setting player 3 freeze to 1682
[2022-12-11 19:13:56] [SEVERE ] setting player 2 freeze to 1135
[2022-12-11 19:13:56] [SEVERE ] setting player 3 freeze to 1573
[2022-12-11 19:13:56] [SEVERE ] setting player 2 freeze to 1025
[2022-12-11 19:13:56] [SEVERE ] setting player 3 freeze to 1463
[2022-12-11 19:13:56] [SEVERE ] setting player 2 freeze to 917
[2022-12-11 19:13:56] [SEVERE ] setting player 3 freeze to 1356
[2022-12-11 19:13:57] [SEVERE ] setting player 2 freeze to 793
[2022-12-11 19:13:57] [SEVERE ] setting player 3 freeze to 1246
[2022-12-11 19:13:57] [SEVERE ] setting player 2 freeze to 686
[2022-12-11 19:13:57] [SEVERE ] setting player 3 freeze to 1140
[2022-12-11 19:13:57] [SEVERE ] setting player 2 freeze to 578
[2022-12-11 19:13:57] [SEVERE ] setting player 3 freeze to 1031
[2022-12-11 19:13:57] [SEVERE ] setting player 2 freeze to 468
[2022-12-11 19:13:57] [SEVERE ] setting player 3 freeze to 921
[2022-12-11 19:13:57] [SEVERE ] Key 87 was pressed by player 0
[2022-12-11 19:13:57] [SEVERE ] setting player 2 freeze to 359
[2022-12-11 19:13:57] [SEVERE ] setting player 3 freeze to 812
[2022-12-11 19:13:57] [SEVERE ] setting player 2 freeze to 250
[2022-12-11 19:13:57] [SEVERE ] setting player 3 freeze to 703
[2022-12-11 19:13:57] [SEVERE ] setting player 2 freeze to 141
[2022-12-11 19:13:57] [SEVERE ] setting player 3 freeze to 594
[2022-12-11 19:13:57] [SEVERE ] Key 81 was pressed by player 0
[2022-12-11 19:13:57] [SEVERE ] setting player 2 freeze to 31
[2022-12-11 19:13:57] [SEVERE ] setting player 3 freeze to 484
[2022-12-11 19:13:57] [SEVERE ] removing player 0 token from slot 0
[2022-12-11 19:13:57] [SEVERE ] setting player 2 freeze to -78
[2022-12-11 19:13:57] [SEVERE ] setting player 3 freeze to 376
[2022-12-11 19:13:58] [SEVERE ] removing player 2 token from slot 6
[2022-12-11 19:13:58] [SEVERE ] setting player 3 freeze to 265
[2022-12-11 19:13:58] [SEVERE ] removing player 2 token from slot 2
[2022-12-11 19:13:58] [SEVERE ] setting player 3 freeze to 157
[2022-12-11 19:13:58] [SEVERE ] player 2 placing token on slot 7
[2022-12-11 19:13:58] [SEVERE ] setting player 3 freeze to 48
[2022-12-11 19:13:58] [SEVERE ] removing player 2 token from slot 1
[2022-12-11 19:13:58] [SEVERE ] setting player 3 freeze to -59
[2022-12-11 19:13:58] [SEVERE ] player 2 placing token on slot 1
[2022-12-11 19:13:58] [SEVERE ] removing player 3 token from slot 0
[2022-12-11 19:13:58] [SEVERE ] removing player 2 token from slot 7
[2022-12-11 19:13:58] [SEVERE ] player 3 placing token on slot 6
[2022-12-11 19:13:58] [SEVERE ] player 2 placing token on slot 9
[2022-12-11 19:13:58] [SEVERE ] removing player 3 token from slot 2
[2022-12-11 19:13:58] [SEVERE ] Key 81 was pressed by player 0
[2022-12-11 19:13:58] [SEVERE ] player 2 placing token on slot 6
[2022-12-11 19:13:58] [SEVERE ] setting player 2 freeze to 3000
[2022-12-11 19:13:58] [SEVERE ] player 3 placing token on slot 3
[2022-12-11 19:13:58] [SEVERE ] setting player 3 freeze to 3000
[2022-12-11 19:13:58] [SEVERE ] player 0 placing token on slot 0
[2022-12-11 19:13:58] [SEVERE ] removing player 2 token from slot 6
[2022-12-11 19:13:58] [SEVERE ] setting player 2 freeze to 2892
[2022-12-11 19:13:58] [SEVERE ] removing player 3 token from slot 6
[2022-12-11 19:13:58] [SEVERE ] setting player 3 freeze to 2891
[2022-12-11 19:13:58] [SEVERE ] setting player 0 freeze to 3000
[2022-12-11 19:13:58] [SEVERE ] setting player 2 freeze to 2782
[2022-12-11 19:13:58] [SEVERE ] setting player 3 freeze to 2781
[2022-12-11 19:13:59] [SEVERE ] setting player 0 freeze to 2890
[2022-12-11 19:13:59] [SEVERE ] setting player 2 freeze to 2673
[2022-12-11 19:13:59] [SEVERE ] Key 81 was pressed by player 0
[2022-12-11 19:13:59] [SEVERE ] setting player 3 freeze to 2672
[2022-12-11 19:13:59] [SEVERE ] setting player 0 freeze to 2780
[2022-12-11 19:13:59] [SEVERE ] setting player 2 freeze to 2564
[2022-12-11 19:13:59] [SEVERE ] setting player 3 freeze to 2563
[2022-12-11 19:13:59] [SEVERE ] setting player 0 freeze to 2671
[2022-12-11 19:13:59] [SEVERE ] setting player 2 freeze to 2453
[2022-12-11 19:13:59] [SEVERE ] setting player 3 freeze to 2454
[2022-12-11 19:13:59] [SEVERE ] setting player 0 freeze to 2562
[2022-12-11 19:13:59] [SEVERE ] setting player 2 freeze to 2344
[2022-12-11 19:13:59] [SEVERE ] setting player 3 freeze to 2344
[2022-12-11 19:13:59] [SEVERE ] setting player 0 freeze to 2452
[2022-12-11 19:13:59] [SEVERE ] setting player 2 freeze to 2235
[2022-12-11 19:13:59] [SEVERE ] setting player 3 freeze to 2234
[2022-12-11 19:13:59] [SEVERE ] setting player 0 freeze to 2342
[2022-12-11 19:13:59] [SEVERE ] setting player 2 freeze to 2124
[2022-12-11 19:13:59] [SEVERE ] setting player 3 freeze to 2124
[2022-12-11 19:13:59] [SEVERE ] setting player 0 freeze to 2232
[2022-12-11 19:13:59] [SEVERE ] setting player 2 freeze to 2014
[2022-12-11 19:13:59] [SEVERE ] setting player 3 freeze to 2013
[2022-12-11 19:13:59] [SEVERE ] setting player 0 freeze to 2121
[2022-12-11 19:13:59] [SEVERE ] setting player 2 freeze to 1903
[2022-12-11 19:13:59] [SEVERE ] setting player 3 freeze to 1903
[2022-12-11 19:13:59] [SEVERE ] setting player 0 freeze to 2011
[2022-12-11 19:13:59] [SEVERE ] setting player 2 freeze to 1795
[2022-12-11 19:13:59] [SEVERE ] setting player 3 freeze to 1794
[2022-12-11 19:13:59] [SEVERE ] setting player 0 freeze to 1902
[2022-12-11 19:14:00] [SEVERE ] setting player 2 freeze to 1684
[2022-12-11 19:14:00] [SEVERE ] setting player 3 freeze to 1684
[2022-12-11 19:14:00] [SEVERE ] setting player 0 freeze to 1793
[2022-12-11 19:14:00] [SEVERE ] Key 46 was pressed by player 1
[2022-12-11 19:14:00] [SEVERE ] setting player 2 freeze to 1576
[2022-12-11 19:14:00] [SEVERE ] setting player 3 freeze to 1575
[2022-12-11 19:14:00] [SEVERE ] setting player 0 freeze to 1685
[2022-12-11 19:14:00] [SEVERE ] player 1 placing token on slot 10
[2022-12-11 19:14:00] [SEVERE ] setting player 2 freeze to 1468
[2022-12-11 19:14:00] [SEVERE ] setting player 3 freeze to 1468
[2022-12-11 19:14:00] [SEVERE ] setting player 0 freeze to 1577
[2022-12-11 19:14:00] [SEVERE ] Key 77 was pressed by player 1
[2022-12-11 19:14:00] [SEVERE ] setting player 2 freeze to 1361
[2022-12-11 19:14:00] [SEVERE ] setting player 3 freeze to 1361
[2022-12-11 19:14:00] [SEVERE ] setting player 0 freeze to 1469
[2022-12-11 19:14:00] [SEVERE ] player 1 placing token on slot 8
[2022-12-11 19:14:00] [SEVERE ] Key 44 was pressed by player 1
[2022-12-11 19:14:00] [SEVERE ] setting player 2 freeze to 1253
[2022-12-11 19:14:00] [SEVERE ] setting player 3 freeze to 1253
[2022-12-11 19:14:00] [SEVERE ] setting player 0 freeze to 1361
[2022-12-11 19:14:00] [SEVERE ] player 1 placing token on slot 9
[2022-12-11 19:14:00] [SEVERE ] setting player 1 freeze to 3000
[2022-12-11 19:14:00] [SEVERE ] setting player 2 freeze to 1144
[2022-12-11 19:14:00] [SEVERE ] setting player 3 freeze to 1143
[2022-12-11 19:14:00] [SEVERE ] setting player 0 freeze to 1252
[2022-12-11 19:14:00] [SEVERE ] setting player 1 freeze to 2890
[2022-12-11 19:14:00] [SEVERE ] setting player 2 freeze to 1036
[2022-12-11 19:14:00] [SEVERE ] setting player 3 freeze to 1035
[2022-12-11 19:14:00] [SEVERE ] setting player 0 freeze to 1143
[2022-12-11 19:14:00] [SEVERE ] setting player 1 freeze to 2781
[2022-12-11 19:14:00] [SEVERE ] setting player 2 freeze to 926
[2022-12-11 19:14:00] [SEVERE ] setting player 3 freeze to 925
[2022-12-11 19:14:00] [SEVERE ] setting player 0 freeze to 1033
[2022-12-11 19:14:00] [SEVERE ] setting player 1 freeze to 2672
[2022-12-11 19:14:00] [SEVERE ] setting player 2 freeze to 817
[2022-12-11 19:14:00] [SEVERE ] setting player 3 freeze to 816
[2022-12-11 19:14:00] [SEVERE ] setting player 0 freeze to 925
[2022-12-11 19:14:01] [SEVERE ] setting player 1 freeze to 2564
[2022-12-11 19:14:01] [SEVERE ] setting player 2 freeze to 709
[2022-12-11 19:14:01] [SEVERE ] setting player 3 freeze to 708
[2022-12-11 19:14:01] [SEVERE ] setting player 0 freeze to 817
[2022-12-11 19:14:01] [SEVERE ] setting player 1 freeze to 2455
[2022-12-11 19:14:01] [SEVERE ] setting player 2 freeze to 601
[2022-12-11 19:14:01] [SEVERE ] setting player 3 freeze to 601
[2022-12-11 19:14:01] [SEVERE ] setting player 0 freeze to 710
[2022-12-11 19:14:01] [SEVERE ] setting player 1 freeze to 2349
[2022-12-11 19:14:01] [SEVERE ] setting player 2 freeze to 495
[2022-12-11 19:14:01] [SEVERE ] setting player 3 freeze to 494
[2022-12-11 19:14:01] [SEVERE ] setting player 0 freeze to 603
[2022-12-11 19:14:01] [SEVERE ] setting player 1 freeze to 2241
[2022-12-11 19:14:01] [SEVERE ] setting player 2 freeze to 386
[2022-12-11 19:14:01] [SEVERE ] setting player 3 freeze to 386
[2022-12-11 19:14:01] [SEVERE ] setting player 0 freeze to 494
[2022-12-11 19:14:01] [SEVERE ] setting player 1 freeze to 2132
[2022-12-11 19:14:01] [SEVERE ] setting player 2 freeze to 276
[2022-12-11 19:14:01] [SEVERE ] setting player 3 freeze to 275
[2022-12-11 19:14:01] [SEVERE ] setting player 0 freeze to 384
[2022-12-11 19:14:01] [SEVERE ] setting player 1 freeze to 2022
[2022-12-11 19:14:01] [SEVERE ] setting player 2 freeze to 166
[2022-12-11 19:14:01] [SEVERE ] setting player 3 freeze to 165
[2022-12-11 19:14:01] [SEVERE ] removing card from slot 0
[2022-12-11 19:14:01] [SEVERE ] setting player 0 freeze to 273
[2022-12-11 19:14:01] [SEVERE ] setting player 1 freeze to 1911
[2022-12-11 19:14:01] [SEVERE ] setting player 2 freeze to 56
[2022-12-11 19:14:01] [SEVERE ] setting player 3 freeze to 56
[2022-12-11 19:14:01] [SEVERE ] removing card from slot 1
[2022-12-11 19:14:01] [SEVERE ] setting player 0 freeze to 164
[2022-12-11 19:14:01] [SEVERE ] setting player 1 freeze to 1803
[2022-12-11 19:14:01] [SEVERE ] setting player 2 freeze to -52
[2022-12-11 19:14:01] [SEVERE ] setting player 3 freeze to -52
[2022-12-11 19:14:01] [SEVERE ] setting player 0 freeze to 57
[2022-12-11 19:14:01] [SEVERE ] removing card from slot 2
[2022-12-11 19:14:01] [SEVERE ] setting player 1 freeze to 1696
[2022-12-11 19:14:01] [SEVERE ] removing card from slot 3
[2022-12-11 19:14:01] [SEVERE ] setting player 0 freeze to -51
[2022-12-11 19:14:01] [SEVERE ] setting player 1 freeze to 1587
[2022-12-11 19:14:02] [SEVERE ] removing card from slot 4
[2022-12-11 19:14:02] [SEVERE ] setting player 1 freeze to 1478
[2022-12-11 19:14:02] [SEVERE ] removing card from slot 5
[2022-12-11 19:14:02] [SEVERE ] setting player 1 freeze to 1370
[2022-12-11 19:14:02] [SEVERE ] removing card from slot 6
[2022-12-11 19:14:02] [SEVERE ] setting player 1 freeze to 1262
[2022-12-11 19:14:02] [SEVERE ] removing card from slot 7
[2022-12-11 19:14:02] [SEVERE ] setting player 1 freeze to 1154
[2022-12-11 19:14:02] [SEVERE ] removing card from slot 8
[2022-12-11 19:14:02] [SEVERE ] setting player 1 freeze to 1044
[2022-12-11 19:14:02] [SEVERE ] removing card from slot 9
[2022-12-11 19:14:02] [SEVERE ] setting player 1 freeze to 937
[2022-12-11 19:14:02] [SEVERE ] removing card from slot 10
[2022-12-11 19:14:02] [SEVERE ] setting player 1 freeze to 826
[2022-12-11 19:14:02] [SEVERE ] removing card from slot 11
[2022-12-11 19:14:02] [SEVERE ] removing player 0 token from slot 2
[2022-12-11 19:14:02] [SEVERE ] removing player 0 token from slot 6
[2022-12-11 19:14:02] [SEVERE ] removing player 0 token from slot 0
[2022-12-11 19:14:02] [SEVERE ] removing player 1 token from slot 10
[2022-12-11 19:14:02] [SEVERE ] removing player 1 token from slot 8
[2022-12-11 19:14:02] [SEVERE ] removing player 1 token from slot 9
[2022-12-11 19:14:02] [SEVERE ] removing player 2 token from slot 1
[2022-12-11 19:14:02] [SEVERE ] removing player 2 token from slot 9
[2022-12-11 19:14:02] [SEVERE ] removing player 3 token from slot 1
[2022-12-11 19:14:02] [SEVERE ] removing player 3 token from slot 3
[2022-12-11 19:14:02] [SEVERE ] setting player 1 freeze to 717
[2022-12-11 19:14:02] [SEVERE ] placing card 12 in slot 7
[2022-12-11 19:14:02] [SEVERE ] setting player 1 freeze to 608
[2022-12-11 19:14:03] [SEVERE ] placing card 62 in slot 9
[2022-12-11 19:14:03] [SEVERE ] setting player 1 freeze to 499
[2022-12-11 19:14:03] [SEVERE ] placing card 79 in slot 10
[2022-12-11 19:14:03] [SEVERE ] setting player 1 freeze to 389
[2022-12-11 19:14:03] [SEVERE ] placing card 9 in slot 2
[2022-12-11 19:14:03] [SEVERE ] setting player 1 freeze to 281
[2022-12-11 19:14:03] [SEVERE ] placing card 55 in slot 0
[2022-12-11 19:14:03] [SEVERE ] setting player 1 freeze to 172
[2022-12-11 19:14:03] [SEVERE ] placing card 20 in slot 5
[2022-12-11 19:14:03] [SEVERE ] setting player 1 freeze to 63
[2022-12-11 19:14:03] [SEVERE ] placing card 26 in slot 8
[2022-12-11 19:14:03] [SEVERE ] setting player 1 freeze to -47
[2022-12-11 19:14:03] [SEVERE ] placing card 23 in slot 1
[2022-12-11 19:14:03] [SEVERE ] placing card 44 in slot 4
[2022-12-11 19:14:03] [SEVERE ] placing card 42 in slot 3
[2022-12-11 19:14:04] [SEVERE ] placing card 19 in slot 6
[2022-12-11 19:14:04] [SEVERE ] placing card 72 in slot 11
[2022-12-11 19:14:04] [SEVERE ] player 2 placing token on slot 7
[2022-12-11 19:14:04] [SEVERE ] player 3 placing token on slot 2
[2022-12-11 19:14:04] [SEVERE ] player 3 placing token on slot 11
[2022-12-11 19:14:04] [SEVERE ] removing player 2 token from slot 7
[2022-12-11 19:14:04] [SEVERE ] player 3 placing token on slot 8
[2022-12-11 19:14:04] [SEVERE ] player 2 placing token on slot 4
[2022-12-11 19:14:04] [SEVERE ] setting player 3 freeze to 3000
[2022-12-11 19:14:04] [SEVERE ] removing player 3 token from slot 11
[2022-12-11 19:14:04] [SEVERE ] player 2 placing token on slot 8
[2022-12-11 19:14:04] [SEVERE ] setting player 3 freeze to 2893
[2022-12-11 19:14:04] [SEVERE ] setting player 3 freeze to 2784
[2022-12-11 19:14:04] [SEVERE ] player 2 placing token on slot 9
[2022-12-11 19:14:04] [SEVERE ] removing player 2 token from slot 4
[2022-12-11 19:14:04] [SEVERE ] setting player 3 freeze to 2684
[2022-12-11 19:14:04] [SEVERE ] setting player 3 freeze to 2584
[2022-12-11 19:14:04] [SEVERE ] removing card from slot 4
[2022-12-11 19:14:04] [SEVERE ] removing player 2 token from slot 8
[2022-12-11 19:14:04] [SEVERE ] setting player 3 freeze to 2483
[2022-12-11 19:14:04] [SEVERE ] removing card from slot 8
[2022-12-11 19:14:05] [SEVERE ] setting player 3 freeze to 2382
[2022-12-11 19:14:05] [SEVERE ] removing player 3 token from slot 8
[2022-12-11 19:14:05] [SEVERE ] removing player 2 token from slot 9
[2022-12-11 19:14:05] [SEVERE ] setting player 3 freeze to 2280
[2022-12-11 19:14:05] [SEVERE ] removing card from slot 9
[2022-12-11 19:14:05] [SEVERE ] setting player 2 score to 1
[2022-12-11 19:14:05] [SEVERE ] placing card 46 in slot 4
[2022-12-11 19:14:05] [SEVERE ] setting player 2 freeze to 1000
[2022-12-11 19:14:05] [SEVERE ] removing player 2 token from slot 4
[2022-12-11 19:14:05] [SEVERE ] setting player 3 freeze to 2179
[2022-12-11 19:14:05] [SEVERE ] placing card 2 in slot 8
[2022-12-11 19:14:05] [SEVERE ] setting player 2 freeze to 885
[2022-12-11 19:14:05] [SEVERE ] setting player 3 freeze to 2065
[2022-12-11 19:14:05] [SEVERE ] setting player 2 freeze to 776
[2022-12-11 19:14:05] [SEVERE ] setting player 3 freeze to 1957
[2022-12-11 19:14:05] [SEVERE ] placing card 54 in slot 9
[2022-12-11 19:14:05] [SEVERE ] setting player 2 freeze to 668
[2022-12-11 19:14:05] [SEVERE ] setting player 3 freeze to 1849
[2022-12-11 19:14:05] [SEVERE ] setting player 2 freeze to 560
[2022-12-11 19:14:05] [SEVERE ] setting player 3 freeze to 1740
[2022-12-11 19:14:05] [SEVERE ] setting player 2 freeze to 450
[2022-12-11 19:14:05] [SEVERE ] setting player 3 freeze to 1630
[2022-12-11 19:14:05] [SEVERE ] setting player 2 freeze to 340
[2022-12-11 19:14:05] [SEVERE ] setting player 3 freeze to 1521
[2022-12-11 19:14:05] [SEVERE ] setting player 2 freeze to 232
[2022-12-11 19:14:06] [SEVERE ] setting player 3 freeze to 1412
[2022-12-11 19:14:06] [SEVERE ] setting player 2 freeze to 122
[2022-12-11 19:14:06] [SEVERE ] setting player 3 freeze to 1302
[2022-12-11 19:14:06] [SEVERE ] setting player 2 freeze to 13
[2022-12-11 19:14:06] [SEVERE ] setting player 3 freeze to 1192
[2022-12-11 19:14:06] [SEVERE ] setting player 2 freeze to -97
[2022-12-11 19:14:06] [SEVERE ] setting player 3 freeze to 1084
[2022-12-11 19:14:06] [SEVERE ] player 2 placing token on slot 0
[2022-12-11 19:14:06] [SEVERE ] setting player 3 freeze to 976
[2022-12-11 19:14:06] [SEVERE ] player 2 placing token on slot 3
[2022-12-11 19:14:06] [SEVERE ] setting player 3 freeze to 867
[2022-12-11 19:14:06] [SEVERE ] player 2 placing token on slot 6
[2022-12-11 19:14:06] [SEVERE ] setting player 2 freeze to 3000
[2022-12-11 19:14:06] [SEVERE ] setting player 3 freeze to 757
[2022-12-11 19:14:06] [SEVERE ] removing player 2 token from slot 3
[2022-12-11 19:14:06] [SEVERE ] setting player 2 freeze to 2892
[2022-12-11 19:14:06] [SEVERE ] setting player 3 freeze to 650
[2022-12-11 19:14:06] [SEVERE ] setting player 2 freeze to 2784
[2022-12-11 19:14:06] [SEVERE ] setting player 3 freeze to 540
[2022-12-11 19:14:06] [SEVERE ] setting player 2 freeze to 2673
[2022-12-11 19:14:07] [SEVERE ] setting player 3 freeze to 429
[2022-12-11 19:14:07] [SEVERE ] setting player 2 freeze to 2563
[2022-12-11 19:14:07] [SEVERE ] setting player 3 freeze to 319
[2022-12-11 19:14:07] [SEVERE ] setting player 2 freeze to 2452
[2022-12-11 19:14:07] [SEVERE ] setting player 3 freeze to 209
[2022-12-11 19:14:07] [SEVERE ] setting player 2 freeze to 2343
[2022-12-11 19:14:07] [SEVERE ] setting player 3 freeze to 98
[2022-12-11 19:14:07] [SEVERE ] setting player 2 freeze to 2232
[2022-12-11 19:14:07] [SEVERE ] setting player 3 freeze to -11
[2022-12-11 19:14:07] [SEVERE ] setting player 2 freeze to 2123
[2022-12-11 19:14:07] [SEVERE ] player 3 placing token on slot 6
[2022-12-11 19:14:07] [SEVERE ] setting player 2 freeze to 2014
[2022-12-11 19:14:07] [SEVERE ] player 3 placing token on slot 0
[2022-12-11 19:14:07] [SEVERE ] setting player 3 freeze to 3000
[2022-12-11 19:14:07] [SEVERE ] setting player 2 freeze to 1905
[2022-12-11 19:14:07] [SEVERE ] removing player 3 token from slot 0
[2022-12-11 19:14:07] [SEVERE ] setting player 3 freeze to 2891
[2022-12-11 19:14:07] [SEVERE ] setting player 2 freeze to 1796
[2022-12-11 19:14:07] [SEVERE ] setting player 3 freeze to 2780
[2022-12-11 19:14:07] [SEVERE ] setting player 2 freeze to 1685
[2022-12-11 19:14:07] [SEVERE ] setting player 3 freeze to 2670
[2022-12-11 19:14:08] [SEVERE ] setting player 2 freeze to 1575
[2022-12-11 19:14:08] [SEVERE ] setting player 3 freeze to 2559
[2022-12-11 19:14:08] [SEVERE ] setting player 2 freeze to 1464
[2022-12-11 19:14:08] [SEVERE ] setting player 3 freeze to 2450
[2022-12-11 19:14:08] [SEVERE ] setting player 2 freeze to 1355
[2022-12-11 19:14:08] [SEVERE ] setting player 3 freeze to 2340
[2022-12-11 19:14:08] [SEVERE ] setting player 2 freeze to 1245
[2022-12-11 19:14:08] [SEVERE ] setting player 3 freeze to 2230
[2022-12-11 19:14:08] [SEVERE ] setting player 2 freeze to 1136
[2022-12-11 19:14:08] [SEVERE ] setting player 3 freeze to 2119
[2022-12-11 19:14:08] [SEVERE ] setting player 2 freeze to 1025
[2022-12-11 19:14:08] [SEVERE ] setting player 3 freeze to 2009
[2022-12-11 19:14:08] [SEVERE ] setting player 2 freeze to 914
[2022-12-11 19:14:08] [SEVERE ] setting player 3 freeze to 1900
[2022-12-11 19:14:08] [SEVERE ] setting player 2 freeze to 805
[2022-12-11 19:14:08] [SEVERE ] setting player 3 freeze to 1792
[2022-12-11 19:14:08] [SEVERE ] setting player 2 freeze to 698
[2022-12-11 19:14:08] [SEVERE ] setting player 3 freeze to 1683
[2022-12-11 19:14:08] [SEVERE ] setting player 2 freeze to 588
[2022-12-11 19:14:09] [SEVERE ] setting player 3 freeze to 1572
[2022-12-11 19:14:09] [SEVERE ] setting player 2 freeze to 478
[2022-12-11 19:14:09] [SEVERE ] setting player 3 freeze to 1462
[2022-12-11 19:14:09] [SEVERE ] setting player 2 freeze to 367
[2022-12-11 19:14:09] [SEVERE ] setting player 3 freeze to 1353
[2022-12-11 19:14:09] [SEVERE ] setting player 2 freeze to 258
[2022-12-11 19:14:09] [SEVERE ] setting player 3 freeze to 1243
[2022-12-11 19:14:09] [SEVERE ] setting player 2 freeze to 149
[2022-12-11 19:14:09] [SEVERE ] setting player 3 freeze to 1135
[2022-12-11 19:14:09] [SEVERE ] setting player 2 freeze to 40
[2022-12-11 19:14:09] [SEVERE ] setting player 3 freeze to 1025
[2022-12-11 19:14:09] [SEVERE ] setting player 2 freeze to -70
[2022-12-11 19:14:09] [SEVERE ] setting player 3 freeze to 916
[2022-12-11 19:14:09] [SEVERE ] removing player 2 token from slot 0
[2022-12-11 19:14:09] [SEVERE ] setting player 3 freeze to 806
[2022-12-11 19:14:09] [SEVERE ] player 2 placing token on slot 4
[2022-12-11 19:14:09] [SEVERE ] setting player 3 freeze to 698
[2022-12-11 19:14:09] [SEVERE ] player 2 placing token on slot 5
[2022-12-11 19:14:09] [SEVERE ] setting player 2 freeze to 3000
[2022-12-11 19:14:10] [SEVERE ] setting player 3 freeze to 590
[2022-12-11 19:14:10] [SEVERE ] removing player 2 token from slot 6
[2022-12-11 19:14:10] [SEVERE ] setting player 2 freeze to 2891
[2022-12-11 19:14:10] [SEVERE ] setting player 3 freeze to 481
[2022-12-11 19:14:10] [SEVERE ] setting player 2 freeze to 2783
[2022-12-11 19:14:10] [SEVERE ] setting player 3 freeze to 372
[2022-12-11 19:14:10] [SEVERE ] setting player 2 freeze to 2674
[2022-12-11 19:14:10] [SEVERE ] setting player 3 freeze to 262
[2022-12-11 19:14:10] [SEVERE ] setting player 2 freeze to 2564
[2022-12-11 19:14:10] [SEVERE ] setting player 3 freeze to 152
[2022-12-11 19:14:10] [SEVERE ] setting player 2 freeze to 2453
[2022-12-11 19:14:10] [SEVERE ] setting player 3 freeze to 42
[2022-12-11 19:14:10] [SEVERE ] setting player 2 freeze to 2343
[2022-12-11 19:14:10] [SEVERE ] setting player 3 freeze to -68
[2022-12-11 19:14:10] [SEVERE ] setting player 2 freeze to 2234
[2022-12-11 19:14:10] [SEVERE ] player 3 placing token on slot 7
[2022-12-11 19:14:10] [SEVERE ] setting player 2 freeze to 2126
[2022-12-11 19:14:10] [SEVERE ] removing player 3 token from slot 6
[2022-12-11 19:14:10] [SEVERE ] setting player 2 freeze to 2016
[2022-12-11 19:14:11] [SEVERE ] player 3 placing token on slot 9
[2022-12-11 19:14:11] [SEVERE ] setting player 3 freeze to 3000
[2022-12-11 19:14:11] [SEVERE ] setting player 2 freeze to 1907
[2022-12-11 19:14:11] [SEVERE ] removing player 3 token from slot 9
[2022-12-11 19:14:11] [SEVERE ] setting player 3 freeze to 2892
[2022-12-11 19:14:11] [SEVERE ] setting player 2 freeze to 1799
[2022-12-11 19:14:11] [SEVERE ] setting player 3 freeze to 2783
[2022-12-11 19:14:11] [SEVERE ] setting player 2 freeze to 1690
[2022-12-11 19:14:11] [SEVERE ] setting player 3 freeze to 2674
[2022-12-11 19:14:11] [SEVERE ] setting player 2 freeze to 1581
[2022-12-11 19:14:11] [SEVERE ] setting player 3 freeze to 2563
[2022-12-11 19:14:11] [SEVERE ] setting player 2 freeze to 1471
[2022-12-11 19:14:11] [SEVERE ] setting player 3 freeze to 2453
[2022-12-11 19:14:11] [SEVERE ] setting player 2 freeze to 1360
[2022-12-11 19:14:11] [SEVERE ] setting player 3 freeze to 2342
[2022-12-11 19:14:11] [SEVERE ] setting player 2 freeze to 1249
[2022-12-11 19:14:11] [SEVERE ] setting player 3 freeze to 2233
[2022-12-11 19:14:11] [SEVERE ] setting player 2 freeze to 1141
[2022-12-11 19:14:11] [SEVERE ] setting player 3 freeze to 2124
[2022-12-11 19:14:11] [SEVERE ] setting player 2 freeze to 1031
[2022-12-11 19:14:12] [SEVERE ] setting player 3 freeze to 2014
[2022-12-11 19:14:12] [SEVERE ] setting player 2 freeze to 921
[2022-12-11 19:14:12] [SEVERE ] setting player 3 freeze to 1905
[2022-12-11 19:14:12] [SEVERE ] setting player 2 freeze to 813
[2022-12-11 19:14:12] [SEVERE ] setting player 3 freeze to 1797
[2022-12-11 19:14:12] [SEVERE ] setting player 2 freeze to 705
[2022-12-11 19:14:12] [SEVERE ] setting player 3 freeze to 1688
[2022-12-11 19:14:12] [SEVERE ] setting player 2 freeze to 596
[2022-12-11 19:14:12] [SEVERE ] setting player 3 freeze to 1579
[2022-12-11 19:14:12] [SEVERE ] setting player 2 freeze to 486
[2022-12-11 19:14:12] [SEVERE ] setting player 3 freeze to 1469
[2022-12-11 19:14:12] [SEVERE ] setting player 2 freeze to 377
[2022-12-11 19:14:12] [SEVERE ] setting player 3 freeze to 1360
[2022-12-11 19:14:12] [SEVERE ] setting player 2 freeze to 268
[2022-12-11 19:14:12] [SEVERE ] setting player 3 freeze to 1252
[2022-12-11 19:14:12] [SEVERE ] setting player 2 freeze to 159
[2022-12-11 19:14:12] [SEVERE ] setting player 3 freeze to 1142
[2022-12-11 19:14:12] [SEVERE ] setting player 2 freeze to 49
[2022-12-11 19:14:13] [SEVERE ] setting player 3 freeze to 1031
[2022-12-11 19:14:13] [SEVERE ] setting player 2 freeze to -62
[2022-12-11 19:14:13] [SEVERE ] setting player 3 freeze to 920
[2022-12-11 19:14:13] [SEVERE ] player 2 placing token on slot 3
[2022-12-11 19:14:13] [SEVERE ] setting player 3 freeze to 811
[2022-12-11 19:14:13] [SEVERE ] removing player 2 token from slot 4
[2022-12-11 19:14:13] [SEVERE ] player 2 placing token on slot 11
[2022-12-11 19:14:13] [SEVERE ] setting player 3 freeze to 685
[2022-12-11 19:14:13] [SEVERE ] setting player 2 freeze to 3000
[2022-12-11 19:14:13] [SEVERE ] removing player 2 token from slot 3
[2022-12-11 19:14:13] [SEVERE ] setting player 2 freeze to 2892
[2022-12-11 19:14:13] [SEVERE ] setting player 3 freeze to 577
[2022-12-11 19:14:13] [SEVERE ] Exit button pressed
[2022-12-11 19:14:13] [SEVERE ] setting player 2 freeze to 2783
[2022-12-11 19:14:13] [SEVERE ] setting player 3 freeze to 468
[2022-12-11 19:14:13] [SEVERE ] removing card from slot 0
[2022-12-11 19:14:13] [SEVERE ] setting player 2 freeze to 2675
[2022-12-11 19:14:13] [SEVERE ] setting player 3 freeze to 360
[2022-12-11 19:14:13] [SEVERE ] removing card from slot 1
[2022-12-11 19:14:13] [SEVERE ] setting player 2 freeze to 2574
[2022-12-11 19:14:13] [SEVERE ] setting player 3 freeze to 250
[2022-12-11 19:14:13] [SEVERE ] removing card from slot 2
[2022-12-11 19:14:13] [SEVERE ] setting player 2 freeze to 2472
[2022-12-11 19:14:13] [SEVERE ] setting player 3 freeze to 141
[2022-12-11 19:14:13] [SEVERE ] removing card from slot 3
[2022-12-11 19:14:14] [SEVERE ] setting player 2 freeze to 2362
[2022-12-11 19:14:14] [SEVERE ] setting player 3 freeze to 32
[2022-12-11 19:14:14] [SEVERE ] removing card from slot 4
[2022-12-11 19:14:14] [SEVERE ] setting player 2 freeze to 2253
[2022-12-11 19:14:14] [SEVERE ] setting player 3 freeze to -78
[2022-12-11 19:14:14] [SEVERE ] removing card from slot 5
[2022-12-11 19:14:14] [SEVERE ] setting player 2 freeze to 2143
[2022-12-11 19:14:14] [SEVERE ] removing card from slot 6
[2022-12-11 19:14:14] [SEVERE ] setting player 2 freeze to 2034
[2022-12-11 19:14:14] [SEVERE ] removing card from slot 7
[2022-12-11 19:14:14] [SEVERE ] setting player 2 freeze to 1923
[2022-12-11 19:14:14] [SEVERE ] removing card from slot 8
[2022-12-11 19:14:14] [SEVERE ] setting player 2 freeze to 1815
[2022-12-11 19:14:14] [SEVERE ] removing card from slot 9
[2022-12-11 19:14:14] [SEVERE ] setting player 2 freeze to 1705
[2022-12-11 19:14:14] [SEVERE ] removing card from slot 10
[2022-12-11 19:14:14] [SEVERE ] setting player 2 freeze to 1597
[2022-12-11 19:14:14] [SEVERE ] removing card from slot 11
[2022-12-11 19:14:14] [SEVERE ] removing player 2 token from slot 5
[2022-12-11 19:14:14] [SEVERE ] removing player 2 token from slot 11
[2022-12-11 19:14:14] [SEVERE ] removing player 3 token from slot 2
[2022-12-11 19:14:14] [SEVERE ] removing player 3 token from slot 7
[2022-12-11 19:14:14] [SEVERE ] announcing winners: [0, 1]
[2022-12-11 19:14:14] [INFO   ] Thread main terminated.
