[2022-12-11 16:48:41] [INFO   ] cannot read configuration file config.properties trying from resources.
[2022-12-11 16:48:41] [INFO   ] configuration file was loaded from resources directory.
[2022-12-11 16:48:42] [SEVERE ] placing card 11 in slot 3
[2022-12-11 16:48:42] [SEVERE ] placing card 78 in slot 10
[2022-12-11 16:48:42] [SEVERE ] placing card 24 in slot 1
[2022-12-11 16:48:42] [SEVERE ] placing card 22 in slot 5
[2022-12-11 16:48:43] [SEVERE ] placing card 50 in slot 8
[2022-12-11 16:48:43] [SEVERE ] placing card 64 in slot 7
[2022-12-11 16:48:43] [SEVERE ] placing card 35 in slot 4
[2022-12-11 16:48:43] [SEVERE ] placing card 23 in slot 2
[2022-12-11 16:48:44] [SEVERE ] placing card 46 in slot 0
[2022-12-11 16:48:44] [SEVERE ] placing card 40 in slot 9
[2022-12-11 16:48:44] [SEVERE ] placing card 31 in slot 6
[2022-12-11 16:48:44] [SEVERE ] placing card 49 in slot 11
[2022-12-11 16:48:54] [SEVERE ] Exit button pressed
[2022-12-11 16:48:54] [SEVERE ] removing card from slot 0
[2022-12-11 16:48:54] [SEVERE ] removing card from slot 1
[2022-12-11 16:48:54] [SEVERE ] removing card from slot 2
[2022-12-11 16:48:54] [SEVERE ] removing card from slot 3
[2022-12-11 16:48:54] [SEVERE ] removing card from slot 4
[2022-12-11 16:48:54] [SEVERE ] removing card from slot 5
[2022-12-11 16:48:55] [SEVERE ] removing card from slot 6
[2022-12-11 16:48:55] [SEVERE ] removing card from slot 7
[2022-12-11 16:48:55] [SEVERE ] removing card from slot 8
[2022-12-11 16:48:55] [SEVERE ] removing card from slot 9
[2022-12-11 16:48:55] [SEVERE ] removing card from slot 10
[2022-12-11 16:48:55] [SEVERE ] removing card from slot 11
[2022-12-11 16:48:55] [SEVERE ] removing player 0 token from slot 0
[2022-12-11 16:48:55] [SEVERE ] removing player 0 token from slot 1
[2022-12-11 16:48:55] [SEVERE ] removing player 0 token from slot 2
[2022-12-11 16:48:56] [SEVERE ] removing player 0 token from slot 3
[2022-12-11 16:48:56] [SEVERE ] removing player 0 token from slot 4
[2022-12-11 16:48:56] [SEVERE ] removing player 0 token from slot 5
[2022-12-11 16:48:56] [SEVERE ] removing player 0 token from slot 6
[2022-12-11 16:48:56] [SEVERE ] removing player 0 token from slot 7
[2022-12-11 16:48:56] [SEVERE ] removing player 0 token from slot 8
[2022-12-11 16:48:56] [SEVERE ] removing player 0 token from slot 9
[2022-12-11 16:48:56] [SEVERE ] removing player 0 token from slot 10
[2022-12-11 16:48:56] [SEVERE ] removing player 0 token from slot 11
[2022-12-11 16:48:57] [SEVERE ] removing player 1 token from slot 0
[2022-12-11 16:48:57] [SEVERE ] removing player 1 token from slot 1
[2022-12-11 16:48:57] [SEVERE ] removing player 1 token from slot 2
[2022-12-11 16:48:57] [SEVERE ] removing player 1 token from slot 3
[2022-12-11 16:48:57] [SEVERE ] removing player 1 token from slot 4
[2022-12-11 16:48:57] [SEVERE ] removing player 1 token from slot 5
[2022-12-11 16:48:57] [SEVERE ] removing player 1 token from slot 6
[2022-12-11 16:48:57] [SEVERE ] removing player 1 token from slot 7
[2022-12-11 16:48:57] [SEVERE ] removing player 1 token from slot 8
[2022-12-11 16:48:58] [SEVERE ] removing player 1 token from slot 9
[2022-12-11 16:48:58] [SEVERE ] removing player 1 token from slot 10
[2022-12-11 16:48:58] [SEVERE ] removing player 1 token from slot 11
[2022-12-11 16:48:58] [SEVERE ] removing player 2 token from slot 0
[2022-12-11 16:48:58] [SEVERE ] removing player 2 token from slot 1
[2022-12-11 16:48:58] [SEVERE ] removing player 2 token from slot 2
[2022-12-11 16:48:58] [SEVERE ] removing player 2 token from slot 3
[2022-12-11 16:48:58] [SEVERE ] removing player 2 token from slot 4
[2022-12-11 16:48:58] [SEVERE ] removing player 2 token from slot 5
[2022-12-11 16:48:58] [SEVERE ] removing player 2 token from slot 6
[2022-12-11 16:48:59] [SEVERE ] removing player 2 token from slot 7
[2022-12-11 16:48:59] [SEVERE ] removing player 2 token from slot 8
[2022-12-11 16:48:59] [SEVERE ] removing player 2 token from slot 9
[2022-12-11 16:48:59] [SEVERE ] removing player 2 token from slot 10
[2022-12-11 16:48:59] [SEVERE ] removing player 2 token from slot 11
[2022-12-11 16:48:59] [SEVERE ] removing player 3 token from slot 0
[2022-12-11 16:48:59] [SEVERE ] removing player 3 token from slot 1
[2022-12-11 16:48:59] [SEVERE ] removing player 3 token from slot 2
[2022-12-11 16:48:59] [SEVERE ] removing player 3 token from slot 3
[2022-12-11 16:49:00] [SEVERE ] removing player 3 token from slot 4
[2022-12-11 16:49:00] [SEVERE ] removing player 3 token from slot 5
[2022-12-11 16:49:00] [SEVERE ] removing player 3 token from slot 6
[2022-12-11 16:49:00] [SEVERE ] removing player 3 token from slot 7
[2022-12-11 16:49:00] [SEVERE ] removing player 3 token from slot 8
[2022-12-11 16:49:00] [SEVERE ] removing player 3 token from slot 9
[2022-12-11 16:49:00] [SEVERE ] removing player 3 token from slot 10
[2022-12-11 16:49:00] [SEVERE ] removing player 3 token from slot 11
[2022-12-11 16:49:00] [SEVERE ] announcing winners: [0, 1]
[2022-12-11 16:49:00] [INFO   ] Thread main terminated.
