[2022-12-11 18:53:12] [INFO   ] cannot read configuration file config.properties trying from resources.
[2022-12-11 18:53:12] [INFO   ] configuration file was loaded from resources directory.
[2022-12-11 18:53:12] [SEVERE ] placing card 20 in slot 0
[2022-12-11 18:53:12] [SEVERE ] placing card 3 in slot 4
[2022-12-11 18:53:13] [SEVERE ] placing card 23 in slot 8
[2022-12-11 18:53:13] [SEVERE ] placing card 27 in slot 6
[2022-12-11 18:53:13] [SEVERE ] placing card 43 in slot 3
[2022-12-11 18:53:13] [SEVERE ] placing card 71 in slot 1
[2022-12-11 18:53:13] [SEVERE ] placing card 79 in slot 10
[2022-12-11 18:53:13] [SEVERE ] placing card 57 in slot 5
[2022-12-11 18:53:13] [SEVERE ] placing card 46 in slot 9
[2022-12-11 18:53:13] [SEVERE ] placing card 50 in slot 2
[2022-12-11 18:53:13] [SEVERE ] placing card 8 in slot 7
[2022-12-11 18:53:14] [SEVERE ] placing card 21 in slot 11
[2022-12-11 18:53:14] [SEVERE ] player 2 placing token on slot 2
[2022-12-11 18:53:14] [SEVERE ] player 3 placing token on slot 3
[2022-12-11 18:53:14] [SEVERE ] player 1 placing token on slot 5
[2022-12-11 18:53:14] [SEVERE ] player 0 placing token on slot 10
[2022-12-11 18:53:14] [SEVERE ] removing player 0 token from slot 10
[2022-12-11 18:53:14] [SEVERE ] player 2 placing token on slot 10
[2022-12-11 18:53:14] [SEVERE ] player 3 placing token on slot 5
[2022-12-11 18:53:14] [SEVERE ] player 1 placing token on slot 2
[2022-12-11 18:53:14] [SEVERE ] player 0 placing token on slot 10
[2022-12-11 18:53:14] [SEVERE ] player 2 placing token on slot 5
[2022-12-11 18:53:14] [SEVERE ] player 3 placing token on slot 1
[2022-12-11 18:53:14] [SEVERE ] player 1 placing token on slot 9
[2022-12-11 18:53:14] [SEVERE ] setting player 1 freeze to 0
[2022-12-11 18:53:14] [SEVERE ] setting player 3 freeze to 0
[2022-12-11 18:53:14] [SEVERE ] setting player 2 freeze to 0
[2022-12-11 18:53:14] [SEVERE ] player 0 placing token on slot 5
[2022-12-11 18:53:14] [SEVERE ] removing player 1 token from slot 9
[2022-12-11 18:53:14] [SEVERE ] removing player 2 token from slot 10
[2022-12-11 18:53:14] [SEVERE ] removing player 3 token from slot 3
[2022-12-11 18:53:14] [SEVERE ] setting player 1 freeze to -109
[2022-12-11 18:53:14] [SEVERE ] setting player 3 freeze to -108
[2022-12-11 18:53:14] [SEVERE ] setting player 2 freeze to -107
[2022-12-11 18:53:14] [SEVERE ] player 0 placing token on slot 9
[2022-12-11 18:53:14] [SEVERE ] player 2 placing token on slot 8
[2022-12-11 18:53:14] [SEVERE ] player 3 placing token on slot 6
[2022-12-11 18:53:14] [SEVERE ] player 1 placing token on slot 6
[2022-12-11 18:53:14] [SEVERE ] setting player 1 freeze to 0
[2022-12-11 18:53:14] [SEVERE ] setting player 0 freeze to 0
[2022-12-11 18:53:14] [SEVERE ] setting player 3 freeze to 0
[2022-12-11 18:53:14] [SEVERE ] setting player 2 freeze to 0
[2022-12-11 18:53:14] [SEVERE ] removing player 0 token from slot 9
[2022-12-11 18:53:14] [SEVERE ] removing player 2 token from slot 5
[2022-12-11 18:53:14] [SEVERE ] removing player 3 token from slot 6
[2022-12-11 18:53:14] [SEVERE ] removing player 1 token from slot 5
[2022-12-11 18:53:14] [SEVERE ] setting player 1 freeze to -108
[2022-12-11 18:53:14] [SEVERE ] setting player 0 freeze to -102
[2022-12-11 18:53:14] [SEVERE ] setting player 2 freeze to -109
[2022-12-11 18:53:14] [SEVERE ] setting player 3 freeze to -109
[2022-12-11 18:53:14] [SEVERE ] player 0 placing token on slot 4
[2022-12-11 18:53:14] [SEVERE ] player 2 placing token on slot 3
[2022-12-11 18:53:14] [SEVERE ] player 3 placing token on slot 0
[2022-12-11 18:53:14] [SEVERE ] player 1 placing token on slot 10
[2022-12-11 18:53:14] [SEVERE ] setting player 1 freeze to 0
[2022-12-11 18:53:14] [SEVERE ] setting player 3 freeze to 0
[2022-12-11 18:53:14] [SEVERE ] setting player 2 freeze to 0
[2022-12-11 18:53:14] [SEVERE ] setting player 0 freeze to 0
[2022-12-11 18:53:14] [SEVERE ] removing player 0 token from slot 5
[2022-12-11 18:53:14] [SEVERE ] removing player 2 token from slot 8
[2022-12-11 18:53:14] [SEVERE ] removing player 3 token from slot 5
[2022-12-11 18:53:14] [SEVERE ] removing player 1 token from slot 10
[2022-12-11 18:53:14] [SEVERE ] setting player 1 freeze to -109
[2022-12-11 18:53:14] [SEVERE ] setting player 3 freeze to -101
[2022-12-11 18:53:14] [SEVERE ] setting player 2 freeze to -102
[2022-12-11 18:53:14] [SEVERE ] setting player 0 freeze to -107
[2022-12-11 18:53:14] [SEVERE ] player 0 placing token on slot 6
[2022-12-11 18:53:14] [SEVERE ] player 2 placing token on slot 1
[2022-12-11 18:53:14] [SEVERE ] player 3 placing token on slot 4
[2022-12-11 18:53:14] [SEVERE ] removing player 1 token from slot 2
[2022-12-11 18:53:15] [SEVERE ] setting player 0 freeze to 0
[2022-12-11 18:53:15] [SEVERE ] setting player 2 freeze to 0
[2022-12-11 18:53:15] [SEVERE ] setting player 3 freeze to 0
[2022-12-11 18:53:15] [SEVERE ] removing player 0 token from slot 4
[2022-12-11 18:53:15] [SEVERE ] removing player 2 token from slot 2
[2022-12-11 18:53:15] [SEVERE ] removing player 3 token from slot 4
[2022-12-11 18:53:15] [SEVERE ] player 1 placing token on slot 3
[2022-12-11 18:53:15] [SEVERE ] setting player 3 freeze to -105
[2022-12-11 18:53:15] [SEVERE ] setting player 0 freeze to -105
[2022-12-11 18:53:15] [SEVERE ] setting player 2 freeze to -105
[2022-12-11 18:53:15] [SEVERE ] player 0 placing token on slot 5
[2022-12-11 18:53:15] [SEVERE ] player 2 placing token on slot 9
[2022-12-11 18:53:15] [SEVERE ] player 3 placing token on slot 9
[2022-12-11 18:53:15] [SEVERE ] player 1 placing token on slot 9
[2022-12-11 18:53:15] [SEVERE ] setting player 1 freeze to 0
[2022-12-11 18:53:15] [SEVERE ] setting player 3 freeze to 0
[2022-12-11 18:53:15] [SEVERE ] setting player 0 freeze to 0
[2022-12-11 18:53:15] [SEVERE ] setting player 2 freeze to 0
[2022-12-11 18:53:15] [SEVERE ] removing player 0 token from slot 10
[2022-12-11 18:53:15] [SEVERE ] removing player 2 token from slot 1
[2022-12-11 18:53:15] [SEVERE ] removing player 1 token from slot 3
[2022-12-11 18:53:15] [SEVERE ] removing player 3 token from slot 1
[2022-12-11 18:53:15] [SEVERE ] setting player 1 freeze to -107
[2022-12-11 18:53:15] [SEVERE ] setting player 0 freeze to -102
[2022-12-11 18:53:15] [SEVERE ] setting player 3 freeze to -114
[2022-12-11 18:53:15] [SEVERE ] setting player 2 freeze to -104
[2022-12-11 18:53:15] [SEVERE ] player 0 placing token on slot 1
[2022-12-11 18:53:15] [SEVERE ] player 2 placing token on slot 6
[2022-12-11 18:53:15] [SEVERE ] player 3 placing token on slot 5
[2022-12-11 18:53:15] [SEVERE ] player 1 placing token on slot 11
[2022-12-11 18:53:15] [SEVERE ] setting player 1 freeze to 0
[2022-12-11 18:53:15] [SEVERE ] setting player 2 freeze to 0
[2022-12-11 18:53:15] [SEVERE ] setting player 0 freeze to 0
[2022-12-11 18:53:15] [SEVERE ] setting player 3 freeze to 0
[2022-12-11 18:53:15] [SEVERE ] removing player 0 token from slot 5
[2022-12-11 18:53:15] [SEVERE ] removing player 2 token from slot 3
[2022-12-11 18:53:15] [SEVERE ] removing player 1 token from slot 6
[2022-12-11 18:53:15] [SEVERE ] removing player 3 token from slot 0
[2022-12-11 18:53:15] [SEVERE ] setting player 1 freeze to -109
[2022-12-11 18:53:15] [SEVERE ] setting player 2 freeze to -101
[2022-12-11 18:53:15] [SEVERE ] setting player 0 freeze to -110
[2022-12-11 18:53:15] [SEVERE ] setting player 3 freeze to -110
[2022-12-11 18:53:15] [SEVERE ] player 0 placing token on slot 11
[2022-12-11 18:53:15] [SEVERE ] player 2 placing token on slot 2
[2022-12-11 18:53:15] [SEVERE ] player 1 placing token on slot 2
[2022-12-11 18:53:15] [SEVERE ] player 3 placing token on slot 6
[2022-12-11 18:53:15] [SEVERE ] setting player 1 freeze to 0
[2022-12-11 18:53:15] [SEVERE ] setting player 2 freeze to 0
[2022-12-11 18:53:15] [SEVERE ] setting player 0 freeze to 0
[2022-12-11 18:53:15] [SEVERE ] setting player 3 freeze to 0
[2022-12-11 18:53:15] [SEVERE ] removing player 0 token from slot 6
[2022-12-11 18:53:15] [SEVERE ] removing player 2 token from slot 2
[2022-12-11 18:53:15] [SEVERE ] removing player 1 token from slot 9
[2022-12-11 18:53:15] [SEVERE ] removing player 3 token from slot 5
[2022-12-11 18:53:15] [SEVERE ] setting player 1 freeze to -102
[2022-12-11 18:53:15] [SEVERE ] setting player 2 freeze to -107
[2022-12-11 18:53:15] [SEVERE ] setting player 0 freeze to -102
[2022-12-11 18:53:15] [SEVERE ] setting player 3 freeze to -108
[2022-12-11 18:53:15] [SEVERE ] player 0 placing token on slot 2
[2022-12-11 18:53:15] [SEVERE ] player 2 placing token on slot 5
[2022-12-11 18:53:15] [SEVERE ] player 1 placing token on slot 1
[2022-12-11 18:53:15] [SEVERE ] player 3 placing token on slot 8
[2022-12-11 18:53:15] [SEVERE ] setting player 2 freeze to 0
[2022-12-11 18:53:15] [SEVERE ] setting player 1 freeze to 0
[2022-12-11 18:53:15] [SEVERE ] setting player 0 freeze to 0
[2022-12-11 18:53:15] [SEVERE ] setting player 3 freeze to 0
[2022-12-11 18:53:15] [SEVERE ] removing player 0 token from slot 1
[2022-12-11 18:53:15] [SEVERE ] removing player 2 token from slot 9
[2022-12-11 18:53:15] [SEVERE ] removing player 3 token from slot 6
[2022-12-11 18:53:15] [SEVERE ] removing player 1 token from slot 1
[2022-12-11 18:53:16] [SEVERE ] setting player 2 freeze to -114
[2022-12-11 18:53:16] [SEVERE ] setting player 0 freeze to -108
[2022-12-11 18:53:16] [SEVERE ] setting player 1 freeze to -109
[2022-12-11 18:53:16] [SEVERE ] setting player 3 freeze to -108
[2022-12-11 18:53:16] [SEVERE ] player 0 placing token on slot 8
[2022-12-11 18:53:16] [SEVERE ] removing player 2 token from slot 5
[2022-12-11 18:53:16] [SEVERE ] player 3 placing token on slot 6
[2022-12-11 18:53:16] [SEVERE ] player 1 placing token on slot 7
[2022-12-11 18:53:16] [SEVERE ] setting player 0 freeze to 0
[2022-12-11 18:53:16] [SEVERE ] setting player 1 freeze to 0
[2022-12-11 18:53:16] [SEVERE ] setting player 3 freeze to 0
[2022-12-11 18:53:16] [SEVERE ] removing player 0 token from slot 11
[2022-12-11 18:53:16] [SEVERE ] player 2 placing token on slot 11
[2022-12-11 18:53:16] [SEVERE ] removing player 1 token from slot 7
[2022-12-11 18:53:16] [SEVERE ] removing player 3 token from slot 9
[2022-12-11 18:53:16] [SEVERE ] setting player 0 freeze to -112
[2022-12-11 18:53:16] [SEVERE ] setting player 1 freeze to -105
[2022-12-11 18:53:16] [SEVERE ] setting player 3 freeze to -105
[2022-12-11 18:53:16] [SEVERE ] player 0 placing token on slot 10
[2022-12-11 18:53:16] [SEVERE ] player 2 placing token on slot 4
[2022-12-11 18:53:16] [SEVERE ] removing player 1 token from slot 11
[2022-12-11 18:53:16] [SEVERE ] player 3 placing token on slot 1
[2022-12-11 18:53:16] [SEVERE ] setting player 0 freeze to 0
[2022-12-11 18:53:16] [SEVERE ] setting player 2 freeze to 0
[2022-12-11 18:53:16] [SEVERE ] setting player 3 freeze to 0
[2022-12-11 18:53:16] [SEVERE ] removing player 0 token from slot 8
[2022-12-11 18:53:16] [SEVERE ] removing player 2 token from slot 4
[2022-12-11 18:53:16] [SEVERE ] removing player 3 token from slot 8
[2022-12-11 18:53:16] [SEVERE ] player 1 placing token on slot 5
[2022-12-11 18:53:16] [SEVERE ] setting player 0 freeze to -101
[2022-12-11 18:53:16] [SEVERE ] setting player 2 freeze to -107
[2022-12-11 18:53:16] [SEVERE ] setting player 3 freeze to -106
[2022-12-11 18:53:16] [SEVERE ] player 0 placing token on slot 4
[2022-12-11 18:53:16] [SEVERE ] player 2 placing token on slot 3
[2022-12-11 18:53:16] [SEVERE ] player 3 placing token on slot 11
[2022-12-11 18:53:16] [SEVERE ] player 1 placing token on slot 1
[2022-12-11 18:53:16] [SEVERE ] setting player 0 freeze to 0
[2022-12-11 18:53:16] [SEVERE ] setting player 1 freeze to 0
[2022-12-11 18:53:16] [SEVERE ] setting player 2 freeze to 0
[2022-12-11 18:53:16] [SEVERE ] setting player 3 freeze to 0
[2022-12-11 18:53:16] [SEVERE ] removing player 0 token from slot 10
[2022-12-11 18:53:16] [SEVERE ] removing player 2 token from slot 3
[2022-12-11 18:53:16] [SEVERE ] removing player 3 token from slot 6
[2022-12-11 18:53:16] [SEVERE ] removing player 1 token from slot 2
[2022-12-11 18:53:16] [SEVERE ] setting player 0 freeze to -109
[2022-12-11 18:53:16] [SEVERE ] setting player 2 freeze to -106
[2022-12-11 18:53:16] [SEVERE ] setting player 1 freeze to -107
[2022-12-11 18:53:16] [SEVERE ] setting player 3 freeze to -107
[2022-12-11 18:53:16] [SEVERE ] player 0 placing token on slot 1
[2022-12-11 18:53:16] [SEVERE ] player 2 placing token on slot 4
[2022-12-11 18:53:16] [SEVERE ] removing player 3 token from slot 1
[2022-12-11 18:53:16] [SEVERE ] player 1 placing token on slot 0
[2022-12-11 18:53:16] [SEVERE ] setting player 0 freeze to 0
[2022-12-11 18:53:16] [SEVERE ] setting player 1 freeze to 0
[2022-12-11 18:53:16] [SEVERE ] setting player 2 freeze to 0
[2022-12-11 18:53:16] [SEVERE ] removing player 0 token from slot 2
[2022-12-11 18:53:16] [SEVERE ] removing player 2 token from slot 6
[2022-12-11 18:53:16] [SEVERE ] player 3 placing token on slot 0
[2022-12-11 18:53:16] [SEVERE ] removing player 1 token from slot 5
[2022-12-11 18:53:16] [SEVERE ] setting player 0 freeze to -108
[2022-12-11 18:53:16] [SEVERE ] setting player 1 freeze to -106
[2022-12-11 18:53:16] [SEVERE ] setting player 2 freeze to -104
[2022-12-11 18:53:16] [SEVERE ] player 0 placing token on slot 2
[2022-12-11 18:53:16] [SEVERE ] player 2 placing token on slot 1
[2022-12-11 18:53:16] [SEVERE ] removing player 3 token from slot 11
[2022-12-11 18:53:16] [SEVERE ] removing player 1 token from slot 1
[2022-12-11 18:53:16] [SEVERE ] setting player 0 freeze to 0
[2022-12-11 18:53:16] [SEVERE ] setting player 2 freeze to 0
[2022-12-11 18:53:17] [SEVERE ] removing player 0 token from slot 1
[2022-12-11 18:53:17] [SEVERE ] removing player 2 token from slot 11
[2022-12-11 18:53:17] [SEVERE ] player 3 placing token on slot 1
[2022-12-11 18:53:17] [SEVERE ] player 1 placing token on slot 6
[2022-12-11 18:53:17] [SEVERE ] setting player 0 freeze to -108
[2022-12-11 18:53:17] [SEVERE ] setting player 2 freeze to -108
[2022-12-11 18:53:17] [SEVERE ] player 0 placing token on slot 0
[2022-12-11 18:53:17] [SEVERE ] player 2 placing token on slot 8
[2022-12-11 18:53:17] [SEVERE ] player 3 placing token on slot 7
[2022-12-11 18:53:17] [SEVERE ] player 1 placing token on slot 11
[2022-12-11 18:53:17] [SEVERE ] setting player 0 freeze to 0
[2022-12-11 18:53:17] [SEVERE ] setting player 1 freeze to 0
[2022-12-11 18:53:17] [SEVERE ] setting player 2 freeze to 0
[2022-12-11 18:53:17] [SEVERE ] setting player 3 freeze to 0
[2022-12-11 18:53:17] [SEVERE ] removing player 0 token from slot 0
[2022-12-11 18:53:17] [SEVERE ] removing player 2 token from slot 4
[2022-12-11 18:53:17] [SEVERE ] removing player 3 token from slot 0
[2022-12-11 18:53:17] [SEVERE ] removing player 1 token from slot 6
[2022-12-11 18:53:17] [SEVERE ] setting player 0 freeze to -109
[2022-12-11 18:53:17] [SEVERE ] setting player 1 freeze to -103
[2022-12-11 18:53:17] [SEVERE ] setting player 2 freeze to -109
[2022-12-11 18:53:17] [SEVERE ] setting player 3 freeze to -109
[2022-12-11 18:53:17] [SEVERE ] removing player 0 token from slot 2
[2022-12-11 18:53:17] [SEVERE ] removing player 2 token from slot 8
[2022-12-11 18:53:17] [SEVERE ] player 3 placing token on slot 6
[2022-12-11 18:53:17] [SEVERE ] removing player 1 token from slot 0
[2022-12-11 18:53:17] [SEVERE ] setting player 3 freeze to 0
[2022-12-11 18:53:17] [SEVERE ] player 0 placing token on slot 2
[2022-12-11 18:53:17] [SEVERE ] player 2 placing token on slot 11
[2022-12-11 18:53:17] [SEVERE ] removing player 3 token from slot 7
[2022-12-11 18:53:17] [SEVERE ] player 1 placing token on slot 1
[2022-12-11 18:53:17] [SEVERE ] setting player 3 freeze to -109
[2022-12-11 18:53:17] [SEVERE ] player 0 placing token on slot 11
[2022-12-11 18:53:17] [SEVERE ] player 2 placing token on slot 9
[2022-12-11 18:53:17] [SEVERE ] player 3 placing token on slot 3
[2022-12-11 18:53:17] [SEVERE ] player 1 placing token on slot 0
[2022-12-11 18:53:17] [SEVERE ] setting player 0 freeze to 0
[2022-12-11 18:53:17] [SEVERE ] setting player 1 freeze to 0
[2022-12-11 18:53:17] [SEVERE ] setting player 2 freeze to 0
[2022-12-11 18:53:17] [SEVERE ] setting player 3 freeze to 0
[2022-12-11 18:53:17] [SEVERE ] removing player 0 token from slot 2
[2022-12-11 18:53:17] [SEVERE ] removing player 2 token from slot 1
[2022-12-11 18:53:17] [SEVERE ] removing player 3 token from slot 1
[2022-12-11 18:53:17] [SEVERE ] removing player 1 token from slot 0
[2022-12-11 18:53:17] [SEVERE ] setting player 1 freeze to -107
[2022-12-11 18:53:17] [SEVERE ] setting player 0 freeze to -109
[2022-12-11 18:53:17] [SEVERE ] setting player 2 freeze to -108
[2022-12-11 18:53:17] [SEVERE ] setting player 3 freeze to -108
[2022-12-11 18:53:17] [SEVERE ] removing player 0 token from slot 11
[2022-12-11 18:53:17] [SEVERE ] removing player 2 token from slot 11
[2022-12-11 18:53:17] [SEVERE ] player 3 placing token on slot 11
[2022-12-11 18:53:17] [SEVERE ] removing player 1 token from slot 11
[2022-12-11 18:53:17] [SEVERE ] setting player 3 freeze to 0
[2022-12-11 18:53:17] [SEVERE ] removing player 0 token from slot 4
[2022-12-11 18:53:17] [SEVERE ] player 2 placing token on slot 5
[2022-12-11 18:53:17] [SEVERE ] removing player 3 token from slot 11
[2022-12-11 18:53:17] [SEVERE ] player 1 placing token on slot 2
[2022-12-11 18:53:17] [SEVERE ] setting player 3 freeze to -106
[2022-12-11 18:53:18] [SEVERE ] player 0 placing token on slot 9
[2022-12-11 18:53:18] [SEVERE ] player 2 placing token on slot 11
[2022-12-11 18:53:18] [SEVERE ] player 3 placing token on slot 9
[2022-12-11 18:53:18] [SEVERE ] player 1 placing token on slot 5
[2022-12-11 18:53:18] [SEVERE ] setting player 1 freeze to 0
[2022-12-11 18:53:18] [SEVERE ] setting player 2 freeze to 0
[2022-12-11 18:53:18] [SEVERE ] setting player 3 freeze to 0
[2022-12-11 18:53:18] [SEVERE ] player 0 placing token on slot 1
[2022-12-11 18:53:18] [SEVERE ] removing player 2 token from slot 9
[2022-12-11 18:53:18] [SEVERE ] removing player 3 token from slot 3
[2022-12-11 18:53:18] [SEVERE ] removing player 1 token from slot 1
[2022-12-11 18:53:18] [SEVERE ] setting player 1 freeze to -109
[2022-12-11 18:53:18] [SEVERE ] setting player 2 freeze to -109
[2022-12-11 18:53:18] [SEVERE ] setting player 3 freeze to -109
[2022-12-11 18:53:18] [SEVERE ] player 0 placing token on slot 10
[2022-12-11 18:53:18] [SEVERE ] removing player 2 token from slot 11
[2022-12-11 18:53:18] [SEVERE ] player 3 placing token on slot 5
[2022-12-11 18:53:18] [SEVERE ] player 1 placing token on slot 8
[2022-12-11 18:53:18] [SEVERE ] setting player 0 freeze to 0
[2022-12-11 18:53:18] [SEVERE ] setting player 3 freeze to 0
[2022-12-11 18:53:18] [SEVERE ] removing player 0 token from slot 1
[2022-12-11 18:53:18] [SEVERE ] player 2 placing token on slot 3
[2022-12-11 18:53:18] [SEVERE ] removing player 3 token from slot 6
[2022-12-11 18:53:18] [SEVERE ] removing player 1 token from slot 5
[2022-12-11 18:53:18] [SEVERE ] setting player 1 freeze to 0
[2022-12-11 18:53:18] [SEVERE ] setting player 0 freeze to -109
[2022-12-11 18:53:18] [SEVERE ] setting player 3 freeze to -108
[2022-12-11 18:53:18] [SEVERE ] player 0 placing token on slot 5
[2022-12-11 18:53:18] [SEVERE ] player 2 placing token on slot 1
[2022-12-11 18:53:18] [SEVERE ] player 3 placing token on slot 10
[2022-12-11 18:53:18] [SEVERE ] removing player 1 token from slot 8
[2022-12-11 18:53:18] [SEVERE ] setting player 1 freeze to -109
[2022-12-11 18:53:18] [SEVERE ] setting player 0 freeze to 0
[2022-12-11 18:53:18] [SEVERE ] setting player 2 freeze to 0
[2022-12-11 18:53:18] [SEVERE ] setting player 3 freeze to 0
[2022-12-11 18:53:18] [SEVERE ] removing player 0 token from slot 10
[2022-12-11 18:53:18] [SEVERE ] removing player 2 token from slot 1
[2022-12-11 18:53:18] [SEVERE ] player 1 placing token on slot 10
[2022-12-11 18:53:18] [SEVERE ] removing player 3 token from slot 10
[2022-12-11 18:53:18] [SEVERE ] setting player 0 freeze to -111
[2022-12-11 18:53:18] [SEVERE ] setting player 3 freeze to -109
[2022-12-11 18:53:18] [SEVERE ] setting player 2 freeze to -109
[2022-12-11 18:53:18] [SEVERE ] removing player 0 token from slot 9
[2022-12-11 18:53:18] [SEVERE ] player 2 placing token on slot 10
[2022-12-11 18:53:18] [SEVERE ] player 1 placing token on slot 8
[2022-12-11 18:53:18] [SEVERE ] player 3 placing token on slot 8
[2022-12-11 18:53:18] [SEVERE ] setting player 1 freeze to 0
[2022-12-11 18:53:18] [SEVERE ] setting player 3 freeze to 0
[2022-12-11 18:53:18] [SEVERE ] setting player 2 freeze to 0
[2022-12-11 18:53:18] [SEVERE ] player 0 placing token on slot 9
[2022-12-11 18:53:18] [SEVERE ] removing player 1 token from slot 10
[2022-12-11 18:53:18] [SEVERE ] removing player 2 token from slot 10
[2022-12-11 18:53:18] [SEVERE ] removing player 3 token from slot 5
[2022-12-11 18:53:18] [SEVERE ] setting player 1 freeze to -110
[2022-12-11 18:53:18] [SEVERE ] setting player 3 freeze to -101
[2022-12-11 18:53:18] [SEVERE ] setting player 2 freeze to -107
[2022-12-11 18:53:18] [SEVERE ] player 0 placing token on slot 2
[2022-12-11 18:53:18] [SEVERE ] player 2 placing token on slot 7
[2022-12-11 18:53:18] [SEVERE ] removing player 1 token from slot 2
[2022-12-11 18:53:18] [SEVERE ] removing player 3 token from slot 8
[2022-12-11 18:53:18] [SEVERE ] setting player 0 freeze to 0
[2022-12-11 18:53:18] [SEVERE ] setting player 2 freeze to 0
[2022-12-11 18:53:18] [SEVERE ] removing player 0 token from slot 5
[2022-12-11 18:53:19] [SEVERE ] removing player 1 token from slot 8
[2022-12-11 18:53:19] [SEVERE ] removing player 2 token from slot 7
[2022-12-11 18:53:19] [SEVERE ] player 3 placing token on slot 3
[2022-12-11 18:53:19] [SEVERE ] setting player 0 freeze to -109
[2022-12-11 18:53:19] [SEVERE ] setting player 2 freeze to -108
[2022-12-11 18:53:19] [SEVERE ] player 0 placing token on slot 11
[2022-12-11 18:53:19] [SEVERE ] player 1 placing token on slot 9
[2022-12-11 18:53:19] [SEVERE ] player 2 placing token on slot 7
[2022-12-11 18:53:19] [SEVERE ] player 3 placing token on slot 11
[2022-12-11 18:53:19] [SEVERE ] setting player 0 freeze to 0
[2022-12-11 18:53:19] [SEVERE ] setting player 3 freeze to 0
[2022-12-11 18:53:19] [SEVERE ] setting player 2 freeze to 0
[2022-12-11 18:53:19] [SEVERE ] removing player 0 token from slot 11
[2022-12-11 18:53:19] [SEVERE ] removing player 2 token from slot 5
[2022-12-11 18:53:19] [SEVERE ] player 1 placing token on slot 6
[2022-12-11 18:53:19] [SEVERE ] removing player 3 token from slot 11
[2022-12-11 18:53:19] [SEVERE ] setting player 0 freeze to -110
[2022-12-11 18:53:19] [SEVERE ] setting player 3 freeze to -107
[2022-12-11 18:53:19] [SEVERE ] setting player 2 freeze to -108
[2022-12-11 18:53:19] [SEVERE ] player 0 placing token on slot 11
[2022-12-11 18:53:19] [SEVERE ] removing player 2 token from slot 7
[2022-12-11 18:53:19] [SEVERE ] player 1 placing token on slot 11
[2022-12-11 18:53:19] [SEVERE ] removing player 3 token from slot 9
[2022-12-11 18:53:19] [SEVERE ] setting player 1 freeze to 0
[2022-12-11 18:53:19] [SEVERE ] setting player 0 freeze to 0
[2022-12-11 18:53:19] [SEVERE ] player 2 placing token on slot 5
[2022-12-11 18:53:19] [SEVERE ] removing player 0 token from slot 11
[2022-12-11 18:53:19] [SEVERE ] removing player 1 token from slot 9
[2022-12-11 18:53:19] [SEVERE ] player 3 placing token on slot 1
[2022-12-11 18:53:19] [SEVERE ] setting player 1 freeze to -110
[2022-12-11 18:53:19] [SEVERE ] setting player 0 freeze to -108
[2022-12-11 18:53:19] [SEVERE ] player 2 placing token on slot 6
[2022-12-11 18:53:19] [SEVERE ] player 0 placing token on slot 10
[2022-12-11 18:53:19] [SEVERE ] player 1 placing token on slot 5
[2022-12-11 18:53:19] [SEVERE ] player 3 placing token on slot 5
[2022-12-11 18:53:19] [SEVERE ] setting player 1 freeze to 0
[2022-12-11 18:53:19] [SEVERE ] setting player 0 freeze to 0
[2022-12-11 18:53:19] [SEVERE ] setting player 3 freeze to 0
[2022-12-11 18:53:19] [SEVERE ] setting player 2 freeze to 0
[2022-12-11 18:53:19] [SEVERE ] removing player 2 token from slot 3
[2022-12-11 18:53:19] [SEVERE ] removing player 0 token from slot 9
[2022-12-11 18:53:19] [SEVERE ] removing player 1 token from slot 5
[2022-12-11 18:53:19] [SEVERE ] removing player 3 token from slot 5
[2022-12-11 18:53:19] [SEVERE ] setting player 1 freeze to -108
[2022-12-11 18:53:19] [SEVERE ] setting player 0 freeze to -107
[2022-12-11 18:53:19] [SEVERE ] setting player 3 freeze to -107
[2022-12-11 18:53:19] [SEVERE ] setting player 2 freeze to -107
[2022-12-11 18:53:19] [SEVERE ] player 2 placing token on slot 9
[2022-12-11 18:53:19] [SEVERE ] player 0 placing token on slot 8
[2022-12-11 18:53:19] [SEVERE ] player 1 placing token on slot 3
[2022-12-11 18:53:19] [SEVERE ] player 3 placing token on slot 5
[2022-12-11 18:53:19] [SEVERE ] setting player 1 freeze to 0
[2022-12-11 18:53:19] [SEVERE ] setting player 0 freeze to 0
[2022-12-11 18:53:19] [SEVERE ] setting player 3 freeze to 0
[2022-12-11 18:53:19] [SEVERE ] removing player 2 token from slot 6
[2022-12-11 18:53:19] [SEVERE ] removing player 0 token from slot 10
[2022-12-11 18:53:19] [SEVERE ] removing player 1 token from slot 6
[2022-12-11 18:53:19] [SEVERE ] removing player 3 token from slot 3
[2022-12-11 18:53:19] [SEVERE ] setting player 1 freeze to -109
[2022-12-11 18:53:19] [SEVERE ] setting player 0 freeze to -108
[2022-12-11 18:53:19] [SEVERE ] setting player 3 freeze to -107
[2022-12-11 18:53:19] [SEVERE ] player 2 placing token on slot 11
[2022-12-11 18:53:19] [SEVERE ] setting player 2 freeze to 0
[2022-12-11 18:53:19] [SEVERE ] player 0 placing token on slot 5
[2022-12-11 18:53:19] [SEVERE ] player 1 placing token on slot 7
[2022-12-11 18:53:20] [SEVERE ] player 3 placing token on slot 11
[2022-12-11 18:53:20] [SEVERE ] setting player 1 freeze to 0
[2022-12-11 18:53:20] [SEVERE ] setting player 0 freeze to 0
[2022-12-11 18:53:20] [SEVERE ] removing player 2 token from slot 5
[2022-12-11 18:53:20] [SEVERE ] setting player 3 freeze to 0
[2022-12-11 18:53:20] [SEVERE ] setting player 2 freeze to -109
[2022-12-11 18:53:20] [SEVERE ] removing player 0 token from slot 5
[2022-12-11 18:53:20] [SEVERE ] removing player 1 token from slot 7
[2022-12-11 18:53:20] [SEVERE ] removing player 3 token from slot 5
[2022-12-11 18:53:20] [SEVERE ] setting player 1 freeze to -108
[2022-12-11 18:53:20] [SEVERE ] setting player 0 freeze to -108
[2022-12-11 18:53:20] [SEVERE ] setting player 3 freeze to -107
[2022-12-11 18:53:20] [SEVERE ] player 2 placing token on slot 2
[2022-12-11 18:53:20] [SEVERE ] setting player 2 freeze to 0
[2022-12-11 18:53:20] [SEVERE ] player 0 placing token on slot 0
[2022-12-11 18:53:20] [SEVERE ] player 1 placing token on slot 0
[2022-12-11 18:53:20] [SEVERE ] player 3 placing token on slot 9
[2022-12-11 18:53:20] [SEVERE ] setting player 1 freeze to 0
[2022-12-11 18:53:20] [SEVERE ] setting player 0 freeze to 0
[2022-12-11 18:53:20] [SEVERE ] setting player 3 freeze to 0
[2022-12-11 18:53:20] [SEVERE ] removing player 2 token from slot 2
[2022-12-11 18:53:20] [SEVERE ] setting player 2 freeze to -108
[2022-12-11 18:53:20] [SEVERE ] removing player 0 token from slot 2
[2022-12-11 18:53:20] [SEVERE ] removing player 1 token from slot 0
[2022-12-11 18:53:20] [SEVERE ] removing player 3 token from slot 9
[2022-12-11 18:53:20] [SEVERE ] setting player 1 freeze to -108
[2022-12-11 18:53:20] [SEVERE ] setting player 0 freeze to -108
[2022-12-11 18:53:20] [SEVERE ] player 2 placing token on slot 4
[2022-12-11 18:53:20] [SEVERE ] setting player 3 freeze to -114
[2022-12-11 18:53:20] [SEVERE ] setting player 2 freeze to 0
[2022-12-11 18:53:20] [SEVERE ] player 0 placing token on slot 6
[2022-12-11 18:53:20] [SEVERE ] player 1 placing token on slot 8
[2022-12-11 18:53:20] [SEVERE ] player 3 placing token on slot 5
[2022-12-11 18:53:20] [SEVERE ] setting player 1 freeze to 0
[2022-12-11 18:53:20] [SEVERE ] setting player 0 freeze to 0
[2022-12-11 18:53:20] [SEVERE ] removing player 2 token from slot 4
[2022-12-11 18:53:20] [SEVERE ] setting player 3 freeze to 0
[2022-12-11 18:53:20] [SEVERE ] setting player 2 freeze to -109
[2022-12-11 18:53:20] [SEVERE ] removing player 0 token from slot 0
[2022-12-11 18:53:20] [SEVERE ] removing player 1 token from slot 3
[2022-12-11 18:53:20] [SEVERE ] removing player 3 token from slot 1
[2022-12-11 18:53:20] [SEVERE ] setting player 1 freeze to -109
[2022-12-11 18:53:20] [SEVERE ] setting player 0 freeze to -109
[2022-12-11 18:53:20] [SEVERE ] player 2 placing token on slot 3
[2022-12-11 18:53:20] [SEVERE ] setting player 3 freeze to -109
[2022-12-11 18:53:20] [SEVERE ] setting player 2 freeze to 0
[2022-12-11 18:53:20] [SEVERE ] player 0 placing token on slot 11
[2022-12-11 18:53:20] [SEVERE ] player 1 placing token on slot 7
[2022-12-11 18:53:20] [SEVERE ] player 3 placing token on slot 8
[2022-12-11 18:53:20] [SEVERE ] setting player 1 freeze to 0
[2022-12-11 18:53:20] [SEVERE ] setting player 0 freeze to 0
[2022-12-11 18:53:20] [SEVERE ] removing player 2 token from slot 3
[2022-12-11 18:53:20] [SEVERE ] setting player 3 freeze to 0
[2022-12-11 18:53:20] [SEVERE ] setting player 2 freeze to -109
[2022-12-11 18:53:20] [SEVERE ] removing player 0 token from slot 8
[2022-12-11 18:53:20] [SEVERE ] removing player 1 token from slot 7
[2022-12-11 18:53:20] [SEVERE ] removing player 3 token from slot 8
[2022-12-11 18:53:20] [SEVERE ] setting player 1 freeze to -109
[2022-12-11 18:53:20] [SEVERE ] setting player 0 freeze to -108
[2022-12-11 18:53:20] [SEVERE ] removing player 2 token from slot 9
[2022-12-11 18:53:20] [SEVERE ] setting player 3 freeze to -109
[2022-12-11 18:53:20] [SEVERE ] player 0 placing token on slot 3
[2022-12-11 18:53:20] [SEVERE ] player 1 placing token on slot 10
[2022-12-11 18:53:20] [SEVERE ] player 3 placing token on slot 3
[2022-12-11 18:53:20] [SEVERE ] setting player 1 freeze to 0
[2022-12-11 18:53:20] [SEVERE ] player 2 placing token on slot 10
[2022-12-11 18:53:20] [SEVERE ] setting player 0 freeze to 0
[2022-12-11 18:53:20] [SEVERE ] setting player 3 freeze to 0
[2022-12-11 18:53:20] [SEVERE ] removing player 0 token from slot 6
[2022-12-11 18:53:20] [SEVERE ] removing player 1 token from slot 8
[2022-12-11 18:53:20] [SEVERE ] removing player 3 token from slot 11
[2022-12-11 18:53:20] [SEVERE ] setting player 1 freeze to -108
[2022-12-11 18:53:21] [SEVERE ] player 2 placing token on slot 1
[2022-12-11 18:53:21] [SEVERE ] setting player 0 freeze to -109
[2022-12-11 18:53:21] [SEVERE ] setting player 3 freeze to -110
[2022-12-11 18:53:21] [SEVERE ] setting player 2 freeze to 0
[2022-12-11 18:53:21] [SEVERE ] removing player 0 token from slot 3
[2022-12-11 18:53:21] [SEVERE ] player 1 placing token on slot 4
[2022-12-11 18:53:21] [SEVERE ] removing player 3 token from slot 5
[2022-12-11 18:53:21] [SEVERE ] setting player 1 freeze to 0
[2022-12-11 18:53:21] [SEVERE ] removing player 2 token from slot 1
[2022-12-11 18:53:21] [SEVERE ] setting player 2 freeze to -108
[2022-12-11 18:53:21] [SEVERE ] player 0 placing token on slot 4
[2022-12-11 18:53:21] [SEVERE ] removing player 1 token from slot 10
[2022-12-11 18:53:21] [SEVERE ] player 3 placing token on slot 10
[2022-12-11 18:53:21] [SEVERE ] setting player 1 freeze to -108
[2022-12-11 18:53:21] [SEVERE ] player 2 placing token on slot 9
[2022-12-11 18:53:21] [SEVERE ] setting player 2 freeze to 0
[2022-12-11 18:53:21] [SEVERE ] removing player 0 token from slot 4
[2022-12-11 18:53:21] [SEVERE ] removing player 1 token from slot 4
[2022-12-11 18:53:21] [SEVERE ] player 3 placing token on slot 1
[2022-12-11 18:53:21] [SEVERE ] removing player 2 token from slot 10
[2022-12-11 18:53:21] [SEVERE ] setting player 3 freeze to 0
[2022-12-11 18:53:21] [SEVERE ] setting player 2 freeze to -108
[2022-12-11 18:53:21] [SEVERE ] player 0 placing token on slot 1
[2022-12-11 18:53:21] [SEVERE ] player 1 placing token on slot 8
[2022-12-11 18:53:21] [SEVERE ] removing player 3 token from slot 1
[2022-12-11 18:53:21] [SEVERE ] player 2 placing token on slot 8
[2022-12-11 18:53:21] [SEVERE ] setting player 3 freeze to -107
[2022-12-11 18:53:21] [SEVERE ] setting player 2 freeze to 0
[2022-12-11 18:53:21] [SEVERE ] player 0 placing token on slot 10
[2022-12-11 18:53:21] [SEVERE ] removing player 1 token from slot 8
[2022-12-11 18:53:21] [SEVERE ] removing player 3 token from slot 3
[2022-12-11 18:53:21] [SEVERE ] removing player 2 token from slot 9
[2022-12-11 18:53:21] [SEVERE ] setting player 0 freeze to 0
[2022-12-11 18:53:21] [SEVERE ] setting player 2 freeze to -108
[2022-12-11 18:53:21] [SEVERE ] removing player 0 token from slot 11
[2022-12-11 18:53:21] [SEVERE ] player 1 placing token on slot 2
[2022-12-11 18:53:21] [SEVERE ] player 3 placing token on slot 2
[2022-12-11 18:53:21] [SEVERE ] player 2 placing token on slot 5
[2022-12-11 18:53:21] [SEVERE ] setting player 0 freeze to -108
[2022-12-11 18:53:21] [SEVERE ] setting player 2 freeze to 0
[2022-12-11 18:53:21] [SEVERE ] player 0 placing token on slot 4
[2022-12-11 18:53:21] [SEVERE ] player 1 placing token on slot 1
[2022-12-11 18:53:21] [SEVERE ] player 3 placing token on slot 1
[2022-12-11 18:53:21] [SEVERE ] setting player 1 freeze to 0
[2022-12-11 18:53:21] [SEVERE ] removing player 2 token from slot 11
[2022-12-11 18:53:21] [SEVERE ] setting player 0 freeze to 0
[2022-12-11 18:53:21] [SEVERE ] setting player 3 freeze to 0
[2022-12-11 18:53:21] [SEVERE ] setting player 2 freeze to -108
[2022-12-11 18:53:21] [SEVERE ] removing player 0 token from slot 4
[2022-12-11 18:53:21] [SEVERE ] removing player 1 token from slot 1
[2022-12-11 18:53:21] [SEVERE ] removing player 3 token from slot 10
[2022-12-11 18:53:21] [SEVERE ] setting player 1 freeze to -108
[2022-12-11 18:53:21] [SEVERE ] player 2 placing token on slot 1
[2022-12-11 18:53:21] [SEVERE ] setting player 0 freeze to -107
[2022-12-11 18:53:21] [SEVERE ] setting player 3 freeze to -106
[2022-12-11 18:53:21] [SEVERE ] setting player 2 freeze to 0
[2022-12-11 18:53:21] [SEVERE ] player 0 placing token on slot 8
[2022-12-11 18:53:21] [SEVERE ] player 1 placing token on slot 10
[2022-12-11 18:53:21] [SEVERE ] player 3 placing token on slot 6
[2022-12-11 18:53:21] [SEVERE ] setting player 1 freeze to 0
[2022-12-11 18:53:21] [SEVERE ] removing player 2 token from slot 5
[2022-12-11 18:53:21] [SEVERE ] setting player 0 freeze to 0
[2022-12-11 18:53:22] [SEVERE ] setting player 3 freeze to 0
[2022-12-11 18:53:22] [SEVERE ] setting player 2 freeze to -108
[2022-12-11 18:53:22] [SEVERE ] removing player 0 token from slot 10
[2022-12-11 18:53:22] [SEVERE ] removing player 1 token from slot 11
[2022-12-11 18:53:22] [SEVERE ] removing player 3 token from slot 2
[2022-12-11 18:53:22] [SEVERE ] setting player 1 freeze to -107
[2022-12-11 18:53:22] [SEVERE ] player 2 placing token on slot 2
[2022-12-11 18:53:22] [SEVERE ] setting player 0 freeze to -107
[2022-12-11 18:53:22] [SEVERE ] setting player 3 freeze to -107
[2022-12-11 18:53:22] [SEVERE ] setting player 2 freeze to 0
[2022-12-11 18:53:22] [SEVERE ] player 0 placing token on slot 3
[2022-12-11 18:53:22] [SEVERE ] player 1 placing token on slot 9
[2022-12-11 18:53:22] [SEVERE ] removing player 3 token from slot 6
[2022-12-11 18:53:22] [SEVERE ] setting player 1 freeze to 0
[2022-12-11 18:53:22] [SEVERE ] removing player 2 token from slot 8
[2022-12-11 18:53:22] [SEVERE ] setting player 0 freeze to 0
[2022-12-11 18:53:22] [SEVERE ] setting player 2 freeze to -107
[2022-12-11 18:53:22] [SEVERE ] removing player 0 token from slot 1
[2022-12-11 18:53:22] [SEVERE ] removing player 1 token from slot 10
[2022-12-11 18:53:22] [SEVERE ] removing player 3 token from slot 1
[2022-12-11 18:53:22] [SEVERE ] setting player 1 freeze to -101
[2022-12-11 18:53:22] [SEVERE ] player 2 placing token on slot 11
[2022-12-11 18:53:22] [SEVERE ] setting player 0 freeze to -109
[2022-12-11 18:53:22] [SEVERE ] setting player 2 freeze to 0
[2022-12-11 18:53:22] [SEVERE ] player 0 placing token on slot 4
[2022-12-11 18:53:22] [SEVERE ] removing player 1 token from slot 2
[2022-12-11 18:53:22] [SEVERE ] player 3 placing token on slot 1
[2022-12-11 18:53:22] [SEVERE ] removing player 2 token from slot 11
[2022-12-11 18:53:22] [SEVERE ] setting player 0 freeze to 0
[2022-12-11 18:53:22] [SEVERE ] setting player 2 freeze to -108
[2022-12-11 18:53:22] [SEVERE ] removing player 0 token from slot 3
[2022-12-11 18:53:22] [SEVERE ] player 1 placing token on slot 1
[2022-12-11 18:53:22] [SEVERE ] player 3 placing token on slot 3
[2022-12-11 18:53:22] [SEVERE ] player 2 placing token on slot 0
[2022-12-11 18:53:22] [SEVERE ] setting player 0 freeze to -110
[2022-12-11 18:53:22] [SEVERE ] setting player 2 freeze to 0
[2022-12-11 18:53:22] [SEVERE ] player 0 placing token on slot 1
[2022-12-11 18:53:22] [SEVERE ] player 1 placing token on slot 3
[2022-12-11 18:53:22] [SEVERE ] player 3 placing token on slot 0
[2022-12-11 18:53:22] [SEVERE ] setting player 1 freeze to 0
[2022-12-11 18:53:22] [SEVERE ] removing player 2 token from slot 1
[2022-12-11 18:53:22] [SEVERE ] setting player 0 freeze to 0
[2022-12-11 18:53:22] [SEVERE ] setting player 3 freeze to 0
[2022-12-11 18:53:22] [SEVERE ] setting player 2 freeze to -107
[2022-12-11 18:53:22] [SEVERE ] removing player 0 token from slot 8
[2022-12-11 18:53:22] [SEVERE ] removing player 1 token from slot 3
[2022-12-11 18:53:22] [SEVERE ] removing player 3 token from slot 1
[2022-12-11 18:53:22] [SEVERE ] setting player 1 freeze to -106
[2022-12-11 18:53:22] [SEVERE ] player 2 placing token on slot 6
[2022-12-11 18:53:22] [SEVERE ] setting player 0 freeze to -108
[2022-12-11 18:53:22] [SEVERE ] setting player 3 freeze to -108
[2022-12-11 18:53:22] [SEVERE ] setting player 2 freeze to 0
[2022-12-11 18:53:22] [SEVERE ] player 0 placing token on slot 7
[2022-12-11 18:53:22] [SEVERE ] player 1 placing token on slot 6
[2022-12-11 18:53:22] [SEVERE ] player 3 placing token on slot 11
[2022-12-11 18:53:22] [SEVERE ] setting player 1 freeze to 0
[2022-12-11 18:53:22] [SEVERE ] removing player 2 token from slot 0
[2022-12-11 18:53:22] [SEVERE ] setting player 0 freeze to 0
[2022-12-11 18:53:22] [SEVERE ] setting player 3 freeze to 0
[2022-12-11 18:53:22] [SEVERE ] setting player 2 freeze to -108
[2022-12-11 18:53:22] [SEVERE ] removing player 0 token from slot 4
[2022-12-11 18:53:22] [SEVERE ] removing player 1 token from slot 1
[2022-12-11 18:53:22] [SEVERE ] removing player 3 token from slot 0
[2022-12-11 18:53:22] [SEVERE ] setting player 1 freeze to -108
[2022-12-11 18:53:22] [SEVERE ] player 2 placing token on slot 9
[2022-12-11 18:53:22] [SEVERE ] setting player 0 freeze to -110
[2022-12-11 18:53:22] [SEVERE ] setting player 3 freeze to -108
[2022-12-11 18:53:22] [SEVERE ] setting player 2 freeze to 0
[2022-12-11 18:53:23] [SEVERE ] player 0 placing token on slot 11
[2022-12-11 18:53:23] [SEVERE ] player 3 placing token on slot 5
[2022-12-11 18:53:23] [SEVERE ] player 1 placing token on slot 3
[2022-12-11 18:53:23] [SEVERE ] setting player 1 freeze to 0
[2022-12-11 18:53:23] [SEVERE ] removing player 2 token from slot 6
[2022-12-11 18:53:23] [SEVERE ] setting player 0 freeze to 0
[2022-12-11 18:53:23] [SEVERE ] setting player 3 freeze to 0
[2022-12-11 18:53:23] [SEVERE ] setting player 2 freeze to -109
[2022-12-11 18:53:23] [SEVERE ] removing player 0 token from slot 1
[2022-12-11 18:53:23] [SEVERE ] removing player 3 token from slot 11
[2022-12-11 18:53:23] [SEVERE ] removing player 1 token from slot 6
[2022-12-11 18:53:23] [SEVERE ] setting player 1 freeze to -110
[2022-12-11 18:53:23] [SEVERE ] removing player 2 token from slot 2
[2022-12-11 18:53:23] [SEVERE ] setting player 0 freeze to -111
[2022-12-11 18:53:23] [SEVERE ] setting player 3 freeze to -110
[2022-12-11 18:53:23] [SEVERE ] player 3 placing token on slot 6
[2022-12-11 18:53:23] [SEVERE ] player 0 placing token on slot 0
[2022-12-11 18:53:23] [SEVERE ] player 1 placing token on slot 10
[2022-12-11 18:53:23] [SEVERE ] setting player 1 freeze to 0
[2022-12-11 18:53:23] [SEVERE ] player 2 placing token on slot 10
[2022-12-11 18:53:23] [SEVERE ] setting player 0 freeze to 0
[2022-12-11 18:53:23] [SEVERE ] setting player 3 freeze to 0
[2022-12-11 18:53:23] [SEVERE ] removing player 0 token from slot 11
[2022-12-11 18:53:23] [SEVERE ] removing player 3 token from slot 5
[2022-12-11 18:53:23] [SEVERE ] removing player 1 token from slot 9
[2022-12-11 18:53:23] [SEVERE ] setting player 1 freeze to -108
[2022-12-11 18:53:23] [SEVERE ] player 2 placing token on slot 2
[2022-12-11 18:53:23] [SEVERE ] setting player 0 freeze to -110
[2022-12-11 18:53:23] [SEVERE ] setting player 3 freeze to -110
[2022-12-11 18:53:23] [SEVERE ] setting player 2 freeze to 0
[2022-12-11 18:53:23] [SEVERE ] player 0 placing token on slot 2
[2022-12-11 18:53:23] [SEVERE ] player 3 placing token on slot 11
[2022-12-11 18:53:23] [SEVERE ] removing player 1 token from slot 10
[2022-12-11 18:53:23] [SEVERE ] removing player 2 token from slot 9
[2022-12-11 18:53:23] [SEVERE ] setting player 0 freeze to 0
[2022-12-11 18:53:23] [SEVERE ] setting player 3 freeze to 0
[2022-12-11 18:53:23] [SEVERE ] removing player 0 token from slot 7
[2022-12-11 18:53:23] [SEVERE ] setting player 2 freeze to -108
[2022-12-11 18:53:23] [SEVERE ] removing player 3 token from slot 3
[2022-12-11 18:53:23] [SEVERE ] player 1 placing token on slot 4
[2022-12-11 18:53:23] [SEVERE ] player 2 placing token on slot 0
[2022-12-11 18:53:23] [SEVERE ] setting player 0 freeze to -109
[2022-12-11 18:53:23] [SEVERE ] setting player 3 freeze to -108
[2022-12-11 18:53:23] [SEVERE ] player 0 placing token on slot 3
[2022-12-11 18:53:23] [SEVERE ] setting player 2 freeze to 0
[2022-12-11 18:53:23] [SEVERE ] player 3 placing token on slot 7
[2022-12-11 18:53:23] [SEVERE ] player 1 placing token on slot 1
[2022-12-11 18:53:23] [SEVERE ] setting player 1 freeze to 0
[2022-12-11 18:53:23] [SEVERE ] removing player 2 token from slot 0
[2022-12-11 18:53:23] [SEVERE ] setting player 0 freeze to 0
[2022-12-11 18:53:23] [SEVERE ] setting player 3 freeze to 0
[2022-12-11 18:53:23] [SEVERE ] setting player 2 freeze to -108
[2022-12-11 18:53:23] [SEVERE ] removing player 0 token from slot 0
[2022-12-11 18:53:23] [SEVERE ] removing player 3 token from slot 11
[2022-12-11 18:53:23] [SEVERE ] removing player 1 token from slot 4
[2022-12-11 18:53:23] [SEVERE ] setting player 1 freeze to -110
[2022-12-11 18:53:23] [SEVERE ] setting player 0 freeze to -109
[2022-12-11 18:53:23] [SEVERE ] player 2 placing token on slot 6
[2022-12-11 18:53:23] [SEVERE ] setting player 3 freeze to -109
[2022-12-11 18:53:23] [SEVERE ] setting player 2 freeze to 0
[2022-12-11 18:53:23] [SEVERE ] player 0 placing token on slot 4
[2022-12-11 18:53:23] [SEVERE ] player 3 placing token on slot 1
[2022-12-11 18:53:23] [SEVERE ] player 1 placing token on slot 7
[2022-12-11 18:53:23] [SEVERE ] setting player 1 freeze to 0
[2022-12-11 18:53:23] [SEVERE ] setting player 0 freeze to 0
[2022-12-11 18:53:23] [SEVERE ] removing player 2 token from slot 10
[2022-12-11 18:53:23] [SEVERE ] setting player 2 freeze to -101
[2022-12-11 18:53:23] [SEVERE ] setting player 3 freeze to 0
[2022-12-11 18:53:23] [SEVERE ] removing player 0 token from slot 3
[2022-12-11 18:53:23] [SEVERE ] removing player 3 token from slot 6
[2022-12-11 18:53:24] [SEVERE ] removing player 1 token from slot 3
[2022-12-11 18:53:24] [SEVERE ] setting player 1 freeze to -109
[2022-12-11 18:53:24] [SEVERE ] setting player 0 freeze to -110
[2022-12-11 18:53:24] [SEVERE ] setting player 3 freeze to -110
[2022-12-11 18:53:24] [SEVERE ] player 2 placing token on slot 5
[2022-12-11 18:53:24] [SEVERE ] player 0 placing token on slot 5
[2022-12-11 18:53:24] [SEVERE ] removing player 1 token from slot 7
[2022-12-11 18:53:24] [SEVERE ] setting player 0 freeze to 0
[2022-12-11 18:53:24] [SEVERE ] setting player 2 freeze to 0
[2022-12-11 18:53:24] [SEVERE ] player 3 placing token on slot 8
[2022-12-11 18:53:24] [SEVERE ] removing player 2 token from slot 2
[2022-12-11 18:53:24] [SEVERE ] setting player 3 freeze to 0
[2022-12-11 18:53:24] [SEVERE ] removing player 0 token from slot 4
[2022-12-11 18:53:24] [SEVERE ] player 1 placing token on slot 11
[2022-12-11 18:53:24] [SEVERE ] setting player 2 freeze to -102
[2022-12-11 18:53:24] [SEVERE ] setting player 0 freeze to -102
[2022-12-11 18:53:24] [SEVERE ] removing player 3 token from slot 8
[2022-12-11 18:53:24] [SEVERE ] player 2 placing token on slot 4
[2022-12-11 18:53:24] [SEVERE ] setting player 3 freeze to -109
[2022-12-11 18:53:24] [SEVERE ] player 0 placing token on slot 8
[2022-12-11 18:53:24] [SEVERE ] player 1 placing token on slot 2
[2022-12-11 18:53:24] [SEVERE ] setting player 1 freeze to 0
[2022-12-11 18:53:24] [SEVERE ] setting player 2 freeze to 0
[2022-12-11 18:53:24] [SEVERE ] setting player 0 freeze to 0
[2022-12-11 18:53:24] [SEVERE ] player 3 placing token on slot 6
[2022-12-11 18:53:24] [SEVERE ] removing player 2 token from slot 5
[2022-12-11 18:53:24] [SEVERE ] setting player 3 freeze to 0
[2022-12-11 18:53:24] [SEVERE ] removing player 0 token from slot 8
[2022-12-11 18:53:24] [SEVERE ] removing player 1 token from slot 1
[2022-12-11 18:53:24] [SEVERE ] setting player 1 freeze to -110
[2022-12-11 18:53:24] [SEVERE ] setting player 2 freeze to -111
[2022-12-11 18:53:24] [SEVERE ] setting player 0 freeze to -110
[2022-12-11 18:53:24] [SEVERE ] removing player 3 token from slot 7
[2022-12-11 18:53:24] [SEVERE ] setting player 3 freeze to -110
[2022-12-11 18:53:24] [SEVERE ] player 2 placing token on slot 8
[2022-12-11 18:53:24] [SEVERE ] removing player 0 token from slot 5
[2022-12-11 18:53:24] [SEVERE ] player 1 placing token on slot 3
[2022-12-11 18:53:24] [SEVERE ] setting player 1 freeze to 0
[2022-12-11 18:53:24] [SEVERE ] setting player 2 freeze to 0
[2022-12-11 18:53:24] [SEVERE ] player 3 placing token on slot 5
[2022-12-11 18:53:24] [SEVERE ] setting player 3 freeze to 0
[2022-12-11 18:53:24] [SEVERE ] removing player 2 token from slot 4
[2022-12-11 18:53:24] [SEVERE ] player 0 placing token on slot 6
[2022-12-11 18:53:24] [SEVERE ] removing player 1 token from slot 11
[2022-12-11 18:53:24] [SEVERE ] setting player 1 freeze to -112
[2022-12-11 18:53:24] [SEVERE ] setting player 2 freeze to -115
[2022-12-11 18:53:24] [SEVERE ] removing player 3 token from slot 5
[2022-12-11 18:53:24] [SEVERE ] setting player 3 freeze to -115
[2022-12-11 18:53:24] [SEVERE ] player 2 placing token on slot 7
[2022-12-11 18:53:24] [SEVERE ] removing player 0 token from slot 2
[2022-12-11 18:53:24] [SEVERE ] player 1 placing token on slot 10
[2022-12-11 18:53:24] [SEVERE ] setting player 1 freeze to 0
[2022-12-11 18:53:24] [SEVERE ] setting player 2 freeze to 0
[2022-12-11 18:53:24] [SEVERE ] removing player 3 token from slot 1
[2022-12-11 18:53:24] [SEVERE ] removing player 2 token from slot 7
[2022-12-11 18:53:24] [SEVERE ] player 0 placing token on slot 2
[2022-12-11 18:53:24] [SEVERE ] removing player 1 token from slot 2
[2022-12-11 18:53:24] [SEVERE ] setting player 1 freeze to -108
[2022-12-11 18:53:24] [SEVERE ] setting player 2 freeze to -109
[2022-12-11 18:53:24] [SEVERE ] player 3 placing token on slot 8
[2022-12-11 18:53:24] [SEVERE ] removing player 2 token from slot 6
[2022-12-11 18:53:24] [SEVERE ] player 0 placing token on slot 7
[2022-12-11 18:53:24] [SEVERE ] player 1 placing token on slot 0
[2022-12-11 18:53:25] [SEVERE ] setting player 1 freeze to 0
[2022-12-11 18:53:25] [SEVERE ] setting player 0 freeze to 0
[2022-12-11 18:53:25] [SEVERE ] player 3 placing token on slot 5
[2022-12-11 18:53:25] [SEVERE ] setting player 3 freeze to 0
[2022-12-11 18:53:25] [SEVERE ] removing player 2 token from slot 8
[2022-12-11 18:53:25] [SEVERE ] removing player 0 token from slot 7
[2022-12-11 18:53:25] [SEVERE ] removing player 1 token from slot 0
[2022-12-11 18:53:25] [SEVERE ] setting player 1 freeze to -110
[2022-12-11 18:53:25] [SEVERE ] setting player 0 freeze to -110
[2022-12-11 18:53:25] [SEVERE ] removing player 3 token from slot 8
[2022-12-11 18:53:25] [SEVERE ] setting player 3 freeze to -109
[2022-12-11 18:53:25] [SEVERE ] player 2 placing token on slot 1
[2022-12-11 18:53:25] [SEVERE ] player 0 placing token on slot 9
[2022-12-11 18:53:25] [SEVERE ] player 1 placing token on slot 2
[2022-12-11 18:53:25] [SEVERE ] setting player 1 freeze to 0
[2022-12-11 18:53:25] [SEVERE ] player 3 placing token on slot 0
[2022-12-11 18:53:25] [SEVERE ] setting player 0 freeze to 0
[2022-12-11 18:53:25] [SEVERE ] setting player 3 freeze to 0
[2022-12-11 18:53:25] [SEVERE ] player 2 placing token on slot 7
[2022-12-11 18:53:25] [SEVERE ] removing player 0 token from slot 2
[2022-12-11 18:53:25] [SEVERE ] removing player 1 token from slot 10
[2022-12-11 18:53:25] [SEVERE ] setting player 1 freeze to -110
[2022-12-11 18:53:25] [SEVERE ] removing player 3 token from slot 0
[2022-12-11 18:53:25] [SEVERE ] setting player 0 freeze to -108
[2022-12-11 18:53:25] [SEVERE ] setting player 3 freeze to -107
[2022-12-11 18:53:25] [SEVERE ] player 2 placing token on slot 8
[2022-12-11 18:53:25] [SEVERE ] player 1 placing token on slot 4
[2022-12-11 18:53:25] [SEVERE ] player 0 placing token on slot 8
[2022-12-11 18:53:25] [SEVERE ] player 3 placing token on slot 3
[2022-12-11 18:53:25] [SEVERE ] setting player 1 freeze to 0
[2022-12-11 18:53:25] [SEVERE ] setting player 2 freeze to 0
[2022-12-11 18:53:25] [SEVERE ] setting player 0 freeze to 0
[2022-12-11 18:53:25] [SEVERE ] setting player 3 freeze to 0
[2022-12-11 18:53:25] [SEVERE ] removing player 2 token from slot 1
[2022-12-11 18:53:25] [SEVERE ] removing player 1 token from slot 2
[2022-12-11 18:53:25] [SEVERE ] removing player 3 token from slot 5
[2022-12-11 18:53:25] [SEVERE ] removing player 0 token from slot 6
[2022-12-11 18:53:25] [SEVERE ] setting player 1 freeze to -101
[2022-12-11 18:53:25] [SEVERE ] setting player 2 freeze to -110
[2022-12-11 18:53:25] [SEVERE ] setting player 0 freeze to -109
[2022-12-11 18:53:25] [SEVERE ] setting player 3 freeze to -109
[2022-12-11 18:53:25] [SEVERE ] player 2 placing token on slot 1
[2022-12-11 18:53:25] [SEVERE ] player 1 placing token on slot 2
[2022-12-11 18:53:25] [SEVERE ] player 0 placing token on slot 2
[2022-12-11 18:53:25] [SEVERE ] player 3 placing token on slot 4
[2022-12-11 18:53:25] [SEVERE ] setting player 2 freeze to 0
[2022-12-11 18:53:25] [SEVERE ] setting player 0 freeze to 0
[2022-12-11 18:53:25] [SEVERE ] setting player 3 freeze to 0
[2022-12-11 18:53:25] [SEVERE ] removing player 1 token from slot 2
[2022-12-11 18:53:25] [SEVERE ] removing player 2 token from slot 7
[2022-12-11 18:53:25] [SEVERE ] removing player 3 token from slot 6
[2022-12-11 18:53:25] [SEVERE ] removing player 0 token from slot 9
[2022-12-11 18:53:25] [SEVERE ] setting player 2 freeze to -107
[2022-12-11 18:53:25] [SEVERE ] setting player 0 freeze to -105
[2022-12-11 18:53:25] [SEVERE ] setting player 3 freeze to -108
[2022-12-11 18:53:25] [SEVERE ] player 1 placing token on slot 2
[2022-12-11 18:53:25] [SEVERE ] player 0 placing token on slot 5
[2022-12-11 18:53:25] [SEVERE ] player 2 placing token on slot 4
[2022-12-11 18:53:25] [SEVERE ] setting player 1 freeze to 0
[2022-12-11 18:53:25] [SEVERE ] player 3 placing token on slot 5
[2022-12-11 18:53:25] [SEVERE ] setting player 2 freeze to 0
[2022-12-11 18:53:25] [SEVERE ] setting player 0 freeze to 0
[2022-12-11 18:53:25] [SEVERE ] setting player 3 freeze to 0
[2022-12-11 18:53:25] [SEVERE ] removing player 1 token from slot 3
[2022-12-11 18:53:25] [SEVERE ] removing player 0 token from slot 2
[2022-12-11 18:53:25] [SEVERE ] setting player 1 freeze to -114
[2022-12-11 18:53:25] [SEVERE ] removing player 3 token from slot 4
[2022-12-11 18:53:25] [SEVERE ] removing player 2 token from slot 8
[2022-12-11 18:53:25] [SEVERE ] setting player 2 freeze to -109
[2022-12-11 18:53:26] [SEVERE ] setting player 0 freeze to -108
[2022-12-11 18:53:26] [SEVERE ] setting player 3 freeze to -108
[2022-12-11 18:53:26] [SEVERE ] player 1 placing token on slot 1
[2022-12-11 18:53:26] [SEVERE ] removing player 0 token from slot 5
[2022-12-11 18:53:26] [SEVERE ] setting player 1 freeze to 0
[2022-12-11 18:53:26] [SEVERE ] removing player 2 token from slot 4
[2022-12-11 18:53:26] [SEVERE ] player 3 placing token on slot 0
[2022-12-11 18:53:26] [SEVERE ] removing player 3 token from slot 3
[2022-12-11 18:53:26] [SEVERE ] setting player 1 freeze to -101
[2022-12-11 18:53:26] [SEVERE ] removing card from slot 3
[2022-12-11 18:53:26] [SEVERE ] removing player 3 token from slot 3
[2022-12-11 18:53:26] [SEVERE ] removing player 3 token from slot 3
[2022-12-11 18:53:26] [SEVERE ] player 2 placing token on slot 11
[2022-12-11 18:53:26] [SEVERE ] removing player 0 token from slot 8
[2022-12-11 18:53:26] [SEVERE ] removing player 1 token from slot 4
[2022-12-11 18:53:26] [SEVERE ] placing card 74 in slot 3
[2022-12-11 18:53:26] [SEVERE ] player 0 placing token on slot 4
[2022-12-11 18:53:26] [SEVERE ] player 3 placing token on slot 4
[2022-12-11 18:53:26] [SEVERE ] player 2 placing token on slot 4
[2022-12-11 18:53:26] [SEVERE ] player 1 placing token on slot 4
[2022-12-11 18:53:26] [SEVERE ] player 0 placing token on slot 8
[2022-12-11 18:53:26] [SEVERE ] removing player 3 token from slot 5
[2022-12-11 18:53:26] [SEVERE ] removing player 2 token from slot 1
[2022-12-11 18:53:26] [SEVERE ] removing player 1 token from slot 2
[2022-12-11 18:53:26] [SEVERE ] player 0 placing token on slot 0
[2022-12-11 18:53:26] [SEVERE ] player 2 placing token on slot 2
[2022-12-11 18:53:26] [SEVERE ] player 3 placing token on slot 9
[2022-12-11 18:53:26] [SEVERE ] player 1 placing token on slot 2
[2022-12-11 18:53:26] [SEVERE ] removing player 0 token from slot 8
[2022-12-11 18:53:26] [SEVERE ] removing player 3 token from slot 4
[2022-12-11 18:53:26] [SEVERE ] removing player 2 token from slot 4
[2022-12-11 18:53:26] [SEVERE ] removing player 1 token from slot 2
[2022-12-11 18:53:26] [SEVERE ] removing player 0 token from slot 0
[2022-12-11 18:53:26] [SEVERE ] player 1 placing token on slot 2
[2022-12-11 18:53:26] [SEVERE ] player 2 placing token on slot 4
[2022-12-11 18:53:26] [SEVERE ] player 3 placing token on slot 4
[2022-12-11 18:53:27] [SEVERE ] player 0 placing token on slot 2
[2022-12-11 18:53:27] [SEVERE ] removing player 1 token from slot 1
[2022-12-11 18:53:27] [SEVERE ] removing player 2 token from slot 11
[2022-12-11 18:53:27] [SEVERE ] removing player 3 token from slot 4
[2022-12-11 18:53:27] [SEVERE ] player 1 placing token on slot 5
[2022-12-11 18:53:27] [SEVERE ] player 0 placing token on slot 10
[2022-12-11 18:53:27] [SEVERE ] player 2 placing token on slot 3
[2022-12-11 18:53:27] [SEVERE ] player 3 placing token on slot 3
[2022-12-11 18:53:27] [SEVERE ] removing player 0 token from slot 2
[2022-12-11 18:53:27] [SEVERE ] removing player 1 token from slot 4
[2022-12-11 18:53:27] [SEVERE ] removing player 2 token from slot 2
[2022-12-11 18:53:27] [SEVERE ] removing player 3 token from slot 0
[2022-12-11 18:53:27] [SEVERE ] player 0 placing token on slot 8
[2022-12-11 18:53:27] [SEVERE ] player 2 placing token on slot 5
[2022-12-11 18:53:27] [SEVERE ] removing player 1 token from slot 5
[2022-12-11 18:53:27] [SEVERE ] player 3 placing token on slot 10
[2022-12-11 18:53:27] [SEVERE ] removing player 0 token from slot 10
[2022-12-11 18:53:27] [SEVERE ] removing player 2 token from slot 3
[2022-12-11 18:53:27] [SEVERE ] player 1 placing token on slot 8
[2022-12-11 18:53:27] [SEVERE ] removing player 3 token from slot 3
[2022-12-11 18:53:27] [SEVERE ] player 0 placing token on slot 1
[2022-12-11 18:53:27] [SEVERE ] player 2 placing token on slot 10
[2022-12-11 18:53:27] [SEVERE ] player 1 placing token on slot 7
[2022-12-11 18:53:27] [SEVERE ] player 3 placing token on slot 4
[2022-12-11 18:53:27] [SEVERE ] removing player 0 token from slot 1
[2022-12-11 18:53:27] [SEVERE ] removing player 2 token from slot 10
[2022-12-11 18:53:27] [SEVERE ] removing player 1 token from slot 8
[2022-12-11 18:53:27] [SEVERE ] removing player 3 token from slot 10
[2022-12-11 18:53:27] [SEVERE ] removing player 0 token from slot 4
[2022-12-11 18:53:27] [SEVERE ] player 2 placing token on slot 2
[2022-12-11 18:53:27] [SEVERE ] player 1 placing token on slot 5
[2022-12-11 18:53:27] [SEVERE ] removing card from slot 0
[2022-12-11 18:53:27] [SEVERE ] removing card from slot 1
[2022-12-11 18:53:27] [SEVERE ] removing card from slot 2
[2022-12-11 18:53:28] [SEVERE ] removing player 1 token from slot 2
[2022-12-11 18:53:28] [SEVERE ] removing player 2 token from slot 2
[2022-12-11 18:53:28] [SEVERE ] removing card from slot 3
[2022-12-11 18:53:28] [SEVERE ] removing card from slot 4
[2022-12-11 18:53:28] [SEVERE ] removing player 2 token from slot 4
[2022-12-11 18:53:28] [SEVERE ] removing player 3 token from slot 4
[2022-12-11 18:53:28] [SEVERE ] removing card from slot 5
[2022-12-11 18:53:28] [SEVERE ] removing player 1 token from slot 5
[2022-12-11 18:53:28] [SEVERE ] removing player 2 token from slot 5
[2022-12-11 18:53:29] [SEVERE ] removing card from slot 6
[2022-12-11 18:53:29] [SEVERE ] removing card from slot 7
[2022-12-11 18:53:29] [SEVERE ] removing player 1 token from slot 7
[2022-12-11 18:53:29] [SEVERE ] removing card from slot 8
[2022-12-11 18:53:29] [SEVERE ] removing player 0 token from slot 8
[2022-12-11 18:53:29] [SEVERE ] removing card from slot 9
[2022-12-11 18:53:29] [SEVERE ] removing player 3 token from slot 9
[2022-12-11 18:53:29] [SEVERE ] removing card from slot 10
[2022-12-11 18:53:29] [SEVERE ] removing card from slot 11
[2022-12-11 18:53:30] [SEVERE ] placing card 48 in slot 4
[2022-12-11 18:53:30] [SEVERE ] placing card 25 in slot 1
[2022-12-11 18:53:30] [SEVERE ] placing card 30 in slot 10
[2022-12-11 18:53:30] [SEVERE ] placing card 63 in slot 0
[2022-12-11 18:53:30] [SEVERE ] placing card 56 in slot 6
[2022-12-11 18:53:30] [SEVERE ] placing card 9 in slot 3
[2022-12-11 18:53:30] [SEVERE ] placing card 78 in slot 11
[2022-12-11 18:53:30] [SEVERE ] placing card 57 in slot 2
[2022-12-11 18:53:30] [SEVERE ] placing card 77 in slot 8
[2022-12-11 18:53:31] [SEVERE ] placing card 22 in slot 9
[2022-12-11 18:53:31] [SEVERE ] placing card 65 in slot 7
[2022-12-11 18:53:31] [SEVERE ] placing card 71 in slot 5
[2022-12-11 18:53:31] [SEVERE ] player 0 placing token on slot 1
[2022-12-11 18:53:31] [SEVERE ] player 1 placing token on slot 2
[2022-12-11 18:53:31] [SEVERE ] player 3 placing token on slot 7
[2022-12-11 18:53:31] [SEVERE ] player 2 placing token on slot 3
[2022-12-11 18:53:31] [SEVERE ] player 3 placing token on slot 2
[2022-12-11 18:53:31] [SEVERE ] player 1 placing token on slot 10
[2022-12-11 18:53:31] [SEVERE ] player 2 placing token on slot 6
[2022-12-11 18:53:31] [SEVERE ] player 0 placing token on slot 3
[2022-12-11 18:53:31] [SEVERE ] player 3 placing token on slot 6
[2022-12-11 18:53:31] [SEVERE ] player 2 placing token on slot 10
[2022-12-11 18:53:31] [SEVERE ] player 0 placing token on slot 8
[2022-12-11 18:53:31] [SEVERE ] player 1 placing token on slot 11
[2022-12-11 18:53:31] [SEVERE ] removing player 3 token from slot 2
[2022-12-11 18:53:31] [SEVERE ] removing player 0 token from slot 8
[2022-12-11 18:53:31] [SEVERE ] removing player 2 token from slot 6
[2022-12-11 18:53:31] [SEVERE ] removing player 1 token from slot 2
[2022-12-11 18:53:31] [SEVERE ] player 3 placing token on slot 2
[2022-12-11 18:53:31] [SEVERE ] player 0 placing token on slot 5
[2022-12-11 18:53:31] [SEVERE ] removing player 2 token from slot 3
[2022-12-11 18:53:31] [SEVERE ] removing player 1 token from slot 11
[2022-12-11 18:53:31] [SEVERE ] removing player 3 token from slot 2
[2022-12-11 18:53:31] [SEVERE ] removing player 2 token from slot 10
[2022-12-11 18:53:31] [SEVERE ] removing player 0 token from slot 3
[2022-12-11 18:53:31] [SEVERE ] player 1 placing token on slot 1
[2022-12-11 18:53:32] [SEVERE ] removing player 3 token from slot 6
[2022-12-11 18:53:32] [SEVERE ] player 2 placing token on slot 7
[2022-12-11 18:53:32] [SEVERE ] player 0 placing token on slot 2
[2022-12-11 18:53:32] [SEVERE ] player 1 placing token on slot 7
[2022-12-11 18:53:32] [SEVERE ] player 3 placing token on slot 9
[2022-12-11 18:53:32] [SEVERE ] player 2 placing token on slot 0
[2022-12-11 18:53:32] [SEVERE ] removing player 0 token from slot 1
[2022-12-11 18:53:32] [SEVERE ] removing player 1 token from slot 1
[2022-12-11 18:53:32] [SEVERE ] player 3 placing token on slot 11
[2022-12-11 18:53:32] [SEVERE ] player 2 placing token on slot 11
[2022-12-11 18:53:32] [SEVERE ] removing player 0 token from slot 2
[2022-12-11 18:53:32] [SEVERE ] player 1 placing token on slot 9
[2022-12-11 18:53:32] [SEVERE ] removing player 3 token from slot 7
[2022-12-11 18:53:32] [SEVERE ] removing player 2 token from slot 0
[2022-12-11 18:53:32] [SEVERE ] player 0 placing token on slot 9
[2022-12-11 18:53:32] [SEVERE ] removing player 1 token from slot 10
[2022-12-11 18:53:32] [SEVERE ] removing player 3 token from slot 11
[2022-12-11 18:53:32] [SEVERE ] player 2 placing token on slot 10
[2022-12-11 18:53:32] [SEVERE ] player 0 placing token on slot 7
[2022-12-11 18:53:32] [SEVERE ] player 1 placing token on slot 11
[2022-12-11 18:53:32] [SEVERE ] player 3 placing token on slot 3
[2022-12-11 18:53:32] [SEVERE ] removing player 2 token from slot 7
[2022-12-11 18:53:32] [SEVERE ] removing player 0 token from slot 7
[2022-12-11 18:53:32] [SEVERE ] removing player 1 token from slot 7
[2022-12-11 18:53:32] [SEVERE ] player 3 placing token on slot 6
[2022-12-11 18:53:32] [SEVERE ] player 2 placing token on slot 6
[2022-12-11 18:53:32] [SEVERE ] player 0 placing token on slot 11
[2022-12-11 18:53:32] [SEVERE ] player 1 placing token on slot 1
[2022-12-11 18:53:32] [SEVERE ] removing player 3 token from slot 3
[2022-12-11 18:53:32] [SEVERE ] removing player 2 token from slot 6
[2022-12-11 18:53:32] [SEVERE ] removing player 0 token from slot 9
[2022-12-11 18:53:32] [SEVERE ] removing player 1 token from slot 11
[2022-12-11 18:53:32] [SEVERE ] player 3 placing token on slot 1
[2022-12-11 18:53:32] [SEVERE ] player 2 placing token on slot 1
[2022-12-11 18:53:32] [SEVERE ] player 0 placing token on slot 7
[2022-12-11 18:53:32] [SEVERE ] player 1 placing token on slot 10
[2022-12-11 18:53:32] [SEVERE ] removing player 3 token from slot 6
[2022-12-11 18:53:32] [SEVERE ] removing player 2 token from slot 11
[2022-12-11 18:53:33] [SEVERE ] removing player 0 token from slot 5
[2022-12-11 18:53:33] [SEVERE ] removing player 1 token from slot 10
[2022-12-11 18:53:33] [SEVERE ] player 2 placing token on slot 3
[2022-12-11 18:53:33] [SEVERE ] player 3 placing token on slot 10
[2022-12-11 18:53:33] [SEVERE ] player 0 placing token on slot 5
[2022-12-11 18:53:33] [SEVERE ] player 1 placing token on slot 7
[2022-12-11 18:53:33] [SEVERE ] removing player 2 token from slot 10
[2022-12-11 18:53:33] [SEVERE ] removing player 3 token from slot 10
[2022-12-11 18:53:33] [SEVERE ] removing player 0 token from slot 11
[2022-12-11 18:53:33] [SEVERE ] removing player 1 token from slot 7
[2022-12-11 18:53:33] [SEVERE ] removing player 2 token from slot 3
[2022-12-11 18:53:33] [SEVERE ] player 3 placing token on slot 3
[2022-12-11 18:53:33] [SEVERE ] player 0 placing token on slot 2
[2022-12-11 18:53:33] [SEVERE ] removing player 1 token from slot 1
[2022-12-11 18:53:33] [SEVERE ] player 2 placing token on slot 11
[2022-12-11 18:53:33] [SEVERE ] removing player 3 token from slot 9
[2022-12-11 18:53:33] [SEVERE ] removing player 0 token from slot 2
[2022-12-11 18:53:33] [SEVERE ] player 1 placing token on slot 5
[2022-12-11 18:53:33] [SEVERE ] player 2 placing token on slot 10
[2022-12-11 18:53:33] [SEVERE ] player 3 placing token on slot 2
[2022-12-11 18:53:33] [SEVERE ] player 0 placing token on slot 8
[2022-12-11 18:53:33] [SEVERE ] player 1 placing token on slot 11
[2022-12-11 18:53:33] [SEVERE ] removing player 2 token from slot 11
[2022-12-11 18:53:33] [SEVERE ] removing player 3 token from slot 2
[2022-12-11 18:53:33] [SEVERE ] removing player 0 token from slot 5
[2022-12-11 18:53:33] [SEVERE ] removing player 1 token from slot 5
[2022-12-11 18:53:33] [SEVERE ] removing player 2 token from slot 1
[2022-12-11 18:53:33] [SEVERE ] player 3 placing token on slot 5
[2022-12-11 18:53:33] [SEVERE ] removing player 0 token from slot 8
[2022-12-11 18:53:33] [SEVERE ] player 1 placing token on slot 1
[2022-12-11 18:53:33] [SEVERE ] player 2 placing token on slot 4
[2022-12-11 18:53:33] [SEVERE ] removing player 3 token from slot 3
[2022-12-11 18:53:33] [SEVERE ] player 0 placing token on slot 3
[2022-12-11 18:53:33] [SEVERE ] removing player 1 token from slot 11
[2022-12-11 18:53:33] [SEVERE ] player 2 placing token on slot 5
[2022-12-11 18:53:33] [SEVERE ] player 3 placing token on slot 11
[2022-12-11 18:53:33] [SEVERE ] player 0 placing token on slot 10
[2022-12-11 18:53:34] [SEVERE ] player 1 placing token on slot 8
[2022-12-11 18:53:34] [SEVERE ] removing player 2 token from slot 4
[2022-12-11 18:53:34] [SEVERE ] removing player 3 token from slot 1
[2022-12-11 18:53:34] [SEVERE ] removing player 0 token from slot 3
[2022-12-11 18:53:34] [SEVERE ] removing player 1 token from slot 9
[2022-12-11 18:53:34] [SEVERE ] player 2 placing token on slot 0
[2022-12-11 18:53:34] [SEVERE ] player 3 placing token on slot 4
[2022-12-11 18:53:34] [SEVERE ] player 0 placing token on slot 8
[2022-12-11 18:53:34] [SEVERE ] player 1 placing token on slot 9
[2022-12-11 18:53:34] [SEVERE ] removing player 2 token from slot 10
[2022-12-11 18:53:34] [SEVERE ] removing player 3 token from slot 5
[2022-12-11 18:53:34] [SEVERE ] removing player 0 token from slot 8
[2022-12-11 18:53:34] [SEVERE ] removing player 1 token from slot 9
[2022-12-11 18:53:34] [SEVERE ] player 2 placing token on slot 3
[2022-12-11 18:53:34] [SEVERE ] player 3 placing token on slot 6
[2022-12-11 18:53:34] [SEVERE ] player 0 placing token on slot 5
[2022-12-11 18:53:34] [SEVERE ] player 1 placing token on slot 3
[2022-12-11 18:53:34] [SEVERE ] removing player 2 token from slot 0
[2022-12-11 18:53:34] [SEVERE ] removing player 3 token from slot 6
[2022-12-11 18:53:34] [SEVERE ] removing player 0 token from slot 7
[2022-12-11 18:53:34] [SEVERE ] removing player 1 token from slot 3
[2022-12-11 18:53:34] [SEVERE ] player 2 placing token on slot 0
[2022-12-11 18:53:34] [SEVERE ] player 3 placing token on slot 0
[2022-12-11 18:53:34] [SEVERE ] player 0 placing token on slot 6
[2022-12-11 18:53:34] [SEVERE ] player 1 placing token on slot 10
[2022-12-11 18:53:34] [SEVERE ] removing player 2 token from slot 3
[2022-12-11 18:53:34] [SEVERE ] removing player 3 token from slot 4
[2022-12-11 18:53:34] [SEVERE ] removing player 0 token from slot 6
[2022-12-11 18:53:34] [SEVERE ] removing player 1 token from slot 8
[2022-12-11 18:53:34] [SEVERE ] player 2 placing token on slot 9
[2022-12-11 18:53:34] [SEVERE ] player 3 placing token on slot 2
[2022-12-11 18:53:34] [SEVERE ] removing player 0 token from slot 5
[2022-12-11 18:53:34] [SEVERE ] player 1 placing token on slot 11
[2022-12-11 18:53:34] [SEVERE ] removing player 2 token from slot 0
[2022-12-11 18:53:34] [SEVERE ] removing player 3 token from slot 2
[2022-12-11 18:53:34] [SEVERE ] player 0 placing token on slot 9
[2022-12-11 18:53:34] [SEVERE ] removing player 1 token from slot 11
[2022-12-11 18:53:35] [SEVERE ] player 2 placing token on slot 11
[2022-12-11 18:53:35] [SEVERE ] player 3 placing token on slot 1
[2022-12-11 18:53:35] [SEVERE ] removing player 0 token from slot 9
[2022-12-11 18:53:35] [SEVERE ] player 1 placing token on slot 0
[2022-12-11 18:53:35] [SEVERE ] removing player 2 token from slot 5
[2022-12-11 18:53:35] [SEVERE ] removing player 3 token from slot 1
[2022-12-11 18:53:35] [SEVERE ] player 0 placing token on slot 5
[2022-12-11 18:53:35] [SEVERE ] removing player 1 token from slot 0
[2022-12-11 18:53:35] [SEVERE ] player 2 placing token on slot 7
[2022-12-11 18:53:35] [SEVERE ] player 3 placing token on slot 1
[2022-12-11 18:53:35] [SEVERE ] player 0 placing token on slot 4
[2022-12-11 18:53:35] [SEVERE ] player 1 placing token on slot 5
[2022-12-11 18:53:35] [SEVERE ] removing player 2 token from slot 11
[2022-12-11 18:53:35] [SEVERE ] removing player 3 token from slot 0
[2022-12-11 18:53:35] [SEVERE ] removing player 0 token from slot 5
[2022-12-11 18:53:35] [SEVERE ] removing player 1 token from slot 1
[2022-12-11 18:53:35] [SEVERE ] player 2 placing token on slot 4
[2022-12-11 18:53:35] [SEVERE ] player 3 placing token on slot 4
[2022-12-11 18:53:35] [SEVERE ] player 0 placing token on slot 3
[2022-12-11 18:53:35] [SEVERE ] removing player 1 token from slot 5
[2022-12-11 18:53:35] [SEVERE ] removing player 2 token from slot 4
[2022-12-11 18:53:35] [SEVERE ] removing player 3 token from slot 1
[2022-12-11 18:53:35] [SEVERE ] removing player 0 token from slot 10
[2022-12-11 18:53:35] [SEVERE ] player 1 placing token on slot 9
[2022-12-11 18:53:35] [SEVERE ] player 2 placing token on slot 11
[2022-12-11 18:53:35] [SEVERE ] player 3 placing token on slot 1
[2022-12-11 18:53:35] [SEVERE ] player 0 placing token on slot 8
[2022-12-11 18:53:35] [SEVERE ] player 1 placing token on slot 0
[2022-12-11 18:53:35] [SEVERE ] removing player 2 token from slot 7
[2022-12-11 18:53:35] [SEVERE ] removing player 3 token from slot 4
[2022-12-11 18:53:35] [SEVERE ] removing player 0 token from slot 8
[2022-12-11 18:53:35] [SEVERE ] removing player 1 token from slot 9
[2022-12-11 18:53:35] [SEVERE ] player 2 placing token on slot 0
[2022-12-11 18:53:35] [SEVERE ] player 3 placing token on slot 8
[2022-12-11 18:53:35] [SEVERE ] player 0 placing token on slot 0
[2022-12-11 18:53:35] [SEVERE ] player 1 placing token on slot 7
[2022-12-11 18:53:36] [SEVERE ] removing player 2 token from slot 0
[2022-12-11 18:53:36] [SEVERE ] removing player 3 token from slot 8
[2022-12-11 18:53:36] [SEVERE ] removing player 0 token from slot 3
[2022-12-11 18:53:36] [SEVERE ] removing player 1 token from slot 10
[2022-12-11 18:53:36] [SEVERE ] player 2 placing token on slot 6
[2022-12-11 18:53:36] [SEVERE ] player 3 placing token on slot 10
[2022-12-11 18:53:36] [SEVERE ] removing player 0 token from slot 0
[2022-12-11 18:53:36] [SEVERE ] removing player 1 token from slot 7
[2022-12-11 18:53:36] [SEVERE ] removing player 2 token from slot 6
[2022-12-11 18:53:36] [SEVERE ] removing player 3 token from slot 10
[2022-12-11 18:53:36] [SEVERE ] player 0 placing token on slot 2
[2022-12-11 18:53:36] [SEVERE ] player 1 placing token on slot 9
[2022-12-11 18:53:36] [SEVERE ] player 2 placing token on slot 6
[2022-12-11 18:53:36] [SEVERE ] player 3 placing token on slot 3
[2022-12-11 18:53:36] [SEVERE ] removing player 0 token from slot 2
[2022-12-11 18:53:36] [SEVERE ] player 1 placing token on slot 2
[2022-12-11 18:53:36] [SEVERE ] removing player 2 token from slot 9
[2022-12-11 18:53:36] [SEVERE ] removing player 3 token from slot 11
[2022-12-11 18:53:36] [SEVERE ] player 0 placing token on slot 7
[2022-12-11 18:53:36] [SEVERE ] removing player 1 token from slot 9
[2022-12-11 18:53:36] [SEVERE ] player 2 placing token on slot 4
[2022-12-11 18:53:36] [SEVERE ] player 3 placing token on slot 0
[2022-12-11 18:53:36] [SEVERE ] player 0 placing token on slot 1
[2022-12-11 18:53:36] [SEVERE ] player 1 placing token on slot 10
[2022-12-11 18:53:36] [SEVERE ] removing player 2 token from slot 6
[2022-12-11 18:53:36] [SEVERE ] removing player 3 token from slot 0
[2022-12-11 18:53:36] [SEVERE ] removing player 0 token from slot 4
[2022-12-11 18:53:36] [SEVERE ] removing player 1 token from slot 10
[2022-12-11 18:53:36] [SEVERE ] player 2 placing token on slot 2
[2022-12-11 18:53:36] [SEVERE ] player 3 placing token on slot 2
[2022-12-11 18:53:36] [SEVERE ] removing player 0 token from slot 7
[2022-12-11 18:53:36] [SEVERE ] player 1 placing token on slot 1
[2022-12-11 18:53:36] [SEVERE ] removing player 2 token from slot 2
[2022-12-11 18:53:36] [SEVERE ] removing player 3 token from slot 1
[2022-12-11 18:53:36] [SEVERE ] player 0 placing token on slot 6
[2022-12-11 18:53:36] [SEVERE ] removing player 1 token from slot 0
[2022-12-11 18:53:37] [SEVERE ] player 2 placing token on slot 1
[2022-12-11 18:53:37] [SEVERE ] player 3 placing token on slot 1
[2022-12-11 18:53:37] [SEVERE ] player 0 placing token on slot 5
[2022-12-11 18:53:37] [SEVERE ] player 1 placing token on slot 6
[2022-12-11 18:53:37] [SEVERE ] removing player 2 token from slot 4
[2022-12-11 18:53:37] [SEVERE ] removing player 3 token from slot 3
[2022-12-11 18:53:37] [SEVERE ] removing player 0 token from slot 1
[2022-12-11 18:53:37] [SEVERE ] removing player 1 token from slot 6
[2022-12-11 18:53:37] [SEVERE ] player 2 placing token on slot 8
[2022-12-11 18:53:37] [SEVERE ] player 3 placing token on slot 0
[2022-12-11 18:53:37] [SEVERE ] player 0 placing token on slot 4
[2022-12-11 18:53:37] [SEVERE ] player 1 placing token on slot 4
[2022-12-11 18:53:37] [SEVERE ] removing player 2 token from slot 8
[2022-12-11 18:53:37] [SEVERE ] removing player 3 token from slot 0
[2022-12-11 18:53:37] [SEVERE ] removing player 0 token from slot 6
[2022-12-11 18:53:37] [SEVERE ] removing player 1 token from slot 1
[2022-12-11 18:53:37] [SEVERE ] removing player 2 token from slot 1
[2022-12-11 18:53:37] [SEVERE ] player 3 placing token on slot 6
[2022-12-11 18:53:37] [SEVERE ] player 0 placing token on slot 2
[2022-12-11 18:53:37] [SEVERE ] player 1 placing token on slot 11
[2022-12-11 18:53:37] [SEVERE ] player 2 placing token on slot 3
[2022-12-11 18:53:37] [SEVERE ] removing player 3 token from slot 6
[2022-12-11 18:53:37] [SEVERE ] removing player 0 token from slot 2
[2022-12-11 18:53:37] [SEVERE ] removing player 1 token from slot 11
[2022-12-11 18:53:37] [SEVERE ] player 2 placing token on slot 9
[2022-12-11 18:53:37] [SEVERE ] player 3 placing token on slot 4
[2022-12-11 18:53:37] [SEVERE ] player 0 placing token on slot 7
[2022-12-11 18:53:37] [SEVERE ] player 1 placing token on slot 9
[2022-12-11 18:53:37] [SEVERE ] removing player 2 token from slot 11
[2022-12-11 18:53:37] [SEVERE ] removing player 3 token from slot 1
[2022-12-11 18:53:37] [SEVERE ] removing player 0 token from slot 4
[2022-12-11 18:53:37] [SEVERE ] removing player 1 token from slot 9
[2022-12-11 18:53:37] [SEVERE ] player 2 placing token on slot 11
[2022-12-11 18:53:37] [SEVERE ] player 3 placing token on slot 8
[2022-12-11 18:53:37] [SEVERE ] player 0 placing token on slot 6
[2022-12-11 18:53:37] [SEVERE ] removing player 1 token from slot 2
[2022-12-11 18:53:37] [SEVERE ] removing player 2 token from slot 9
[2022-12-11 18:53:38] [SEVERE ] removing player 3 token from slot 2
[2022-12-11 18:53:38] [SEVERE ] removing player 0 token from slot 5
[2022-12-11 18:53:38] [SEVERE ] player 1 placing token on slot 11
[2022-12-11 18:53:38] [SEVERE ] player 2 placing token on slot 6
[2022-12-11 18:53:38] [SEVERE ] removing player 3 token from slot 4
[2022-12-11 18:53:38] [SEVERE ] removing player 0 token from slot 7
[2022-12-11 18:53:38] [SEVERE ] removing player 1 token from slot 4
[2022-12-11 18:53:38] [SEVERE ] removing player 2 token from slot 11
[2022-12-11 18:53:38] [SEVERE ] player 3 placing token on slot 4
[2022-12-11 18:53:38] [SEVERE ] player 0 placing token on slot 4
[2022-12-11 18:53:38] [SEVERE ] player 1 placing token on slot 0
[2022-12-11 18:53:38] [SEVERE ] player 2 placing token on slot 8
[2022-12-11 18:53:38] [SEVERE ] player 3 placing token on slot 2
[2022-12-11 18:53:38] [SEVERE ] player 0 placing token on slot 5
[2022-12-11 18:53:38] [SEVERE ] player 1 placing token on slot 3
[2022-12-11 18:53:38] [SEVERE ] removing player 2 token from slot 6
[2022-12-11 18:53:38] [SEVERE ] removing player 3 token from slot 8
[2022-12-11 18:53:38] [SEVERE ] removing player 0 token from slot 6
[2022-12-11 18:53:38] [SEVERE ] removing player 1 token from slot 11
[2022-12-11 18:53:38] [SEVERE ] player 2 placing token on slot 2
[2022-12-11 18:53:38] [SEVERE ] player 3 placing token on slot 10
[2022-12-11 18:53:38] [SEVERE ] player 0 placing token on slot 1
[2022-12-11 18:53:38] [SEVERE ] player 1 placing token on slot 4
[2022-12-11 18:53:38] [SEVERE ] removing player 3 token from slot 2
[2022-12-11 18:53:38] [SEVERE ] removing player 2 token from slot 3
[2022-12-11 18:53:38] [SEVERE ] removing player 0 token from slot 5
[2022-12-11 18:53:38] [SEVERE ] removing player 1 token from slot 3
[2022-12-11 18:53:38] [SEVERE ] removing player 3 token from slot 4
[2022-12-11 18:53:38] [SEVERE ] player 2 placing token on slot 5
[2022-12-11 18:53:38] [SEVERE ] player 0 placing token on slot 0
[2022-12-11 18:53:38] [SEVERE ] player 1 placing token on slot 5
[2022-12-11 18:53:38] [SEVERE ] player 3 placing token on slot 0
[2022-12-11 18:53:38] [SEVERE ] removing player 2 token from slot 8
[2022-12-11 18:53:38] [SEVERE ] removing player 0 token from slot 4
[2022-12-11 18:53:38] [SEVERE ] removing player 1 token from slot 4
[2022-12-11 18:53:38] [SEVERE ] player 3 placing token on slot 7
[2022-12-11 18:53:38] [SEVERE ] player 2 placing token on slot 8
[2022-12-11 18:53:39] [SEVERE ] player 0 placing token on slot 8
[2022-12-11 18:53:39] [SEVERE ] player 1 placing token on slot 1
[2022-12-11 18:53:39] [SEVERE ] removing player 3 token from slot 10
[2022-12-11 18:53:39] [SEVERE ] removing player 2 token from slot 5
[2022-12-11 18:53:39] [SEVERE ] removing player 0 token from slot 0
[2022-12-11 18:53:39] [SEVERE ] removing player 1 token from slot 5
[2022-12-11 18:53:39] [SEVERE ] removing player 3 token from slot 7
[2022-12-11 18:53:39] [SEVERE ] player 2 placing token on slot 6
[2022-12-11 18:53:39] [SEVERE ] player 0 placing token on slot 9
[2022-12-11 18:53:39] [SEVERE ] removing player 1 token from slot 0
[2022-12-11 18:53:39] [SEVERE ] player 3 placing token on slot 6
[2022-12-11 18:53:39] [SEVERE ] removing player 2 token from slot 6
[2022-12-11 18:53:39] [SEVERE ] removing player 0 token from slot 8
[2022-12-11 18:53:39] [SEVERE ] player 1 placing token on slot 6
[2022-12-11 18:53:39] [SEVERE ] player 3 placing token on slot 10
[2022-12-11 18:53:39] [SEVERE ] player 2 placing token on slot 11
[2022-12-11 18:53:39] [SEVERE ] player 0 placing token on slot 10
[2022-12-11 18:53:39] [SEVERE ] player 1 placing token on slot 0
[2022-12-11 18:53:39] [SEVERE ] removing player 3 token from slot 10
[2022-12-11 18:53:39] [SEVERE ] removing player 2 token from slot 8
[2022-12-11 18:53:39] [SEVERE ] removing player 0 token from slot 9
[2022-12-11 18:53:39] [SEVERE ] removing player 1 token from slot 1
[2022-12-11 18:53:39] [SEVERE ] player 3 placing token on slot 8
[2022-12-11 18:53:39] [SEVERE ] player 2 placing token on slot 3
[2022-12-11 18:53:39] [SEVERE ] player 0 placing token on slot 6
[2022-12-11 18:53:39] [SEVERE ] player 1 placing token on slot 5
[2022-12-11 18:53:39] [SEVERE ] removing player 3 token from slot 6
[2022-12-11 18:53:39] [SEVERE ] removing player 2 token from slot 3
[2022-12-11 18:53:39] [SEVERE ] removing player 0 token from slot 6
[2022-12-11 18:53:39] [SEVERE ] removing player 1 token from slot 6
[2022-12-11 18:53:39] [SEVERE ] player 3 placing token on slot 6
[2022-12-11 18:53:39] [SEVERE ] player 2 placing token on slot 3
[2022-12-11 18:53:39] [SEVERE ] player 0 placing token on slot 7
[2022-12-11 18:53:39] [SEVERE ] player 1 placing token on slot 8
[2022-12-11 18:53:39] [SEVERE ] removing player 3 token from slot 6
[2022-12-11 18:53:39] [SEVERE ] removing player 2 token from slot 3
[2022-12-11 18:53:39] [SEVERE ] removing player 0 token from slot 1
[2022-12-11 18:53:40] [SEVERE ] removing player 1 token from slot 5
[2022-12-11 18:53:40] [SEVERE ] player 3 placing token on slot 11
[2022-12-11 18:53:40] [SEVERE ] player 2 placing token on slot 1
[2022-12-11 18:53:40] [SEVERE ] player 0 placing token on slot 9
[2022-12-11 18:53:40] [SEVERE ] player 1 placing token on slot 7
[2022-12-11 18:53:40] [SEVERE ] removing player 3 token from slot 8
[2022-12-11 18:53:40] [SEVERE ] removing player 2 token from slot 1
[2022-12-11 18:53:40] [SEVERE ] removing player 0 token from slot 9
[2022-12-11 18:53:40] [SEVERE ] removing player 1 token from slot 7
[2022-12-11 18:53:40] [SEVERE ] player 3 placing token on slot 1
[2022-12-11 18:53:40] [SEVERE ] player 2 placing token on slot 10
[2022-12-11 18:53:40] [SEVERE ] Exit button pressed
[2022-12-11 18:53:40] [SEVERE ] player 0 placing token on slot 11
[2022-12-11 18:53:40] [SEVERE ] player 1 placing token on slot 5
[2022-12-11 18:53:40] [SEVERE ] removing player 3 token from slot 0
[2022-12-11 18:53:40] [SEVERE ] removing player 2 token from slot 10
[2022-12-11 18:53:40] [SEVERE ] removing card from slot 0
[2022-12-11 18:53:40] [SEVERE ] removing player 1 token from slot 0
[2022-12-11 18:53:40] [SEVERE ] removing card from slot 1
[2022-12-11 18:53:40] [SEVERE ] removing player 3 token from slot 1
[2022-12-11 18:53:40] [SEVERE ] removing card from slot 2
[2022-12-11 18:53:40] [SEVERE ] removing player 2 token from slot 2
[2022-12-11 18:53:41] [SEVERE ] removing card from slot 3
[2022-12-11 18:53:41] [SEVERE ] removing card from slot 4
[2022-12-11 18:53:41] [SEVERE ] removing card from slot 5
[2022-12-11 18:53:41] [SEVERE ] removing player 1 token from slot 5
[2022-12-11 18:53:41] [SEVERE ] removing card from slot 6
[2022-12-11 18:53:41] [SEVERE ] removing card from slot 7
[2022-12-11 18:53:41] [SEVERE ] removing player 0 token from slot 7
[2022-12-11 18:53:41] [SEVERE ] removing card from slot 8
[2022-12-11 18:53:41] [SEVERE ] removing player 1 token from slot 8
[2022-12-11 18:53:42] [SEVERE ] removing card from slot 9
[2022-12-11 18:53:42] [SEVERE ] removing card from slot 10
[2022-12-11 18:53:42] [SEVERE ] removing player 0 token from slot 10
[2022-12-11 18:53:42] [SEVERE ] removing card from slot 11
[2022-12-11 18:53:42] [SEVERE ] removing player 0 token from slot 11
[2022-12-11 18:53:42] [SEVERE ] removing player 2 token from slot 11
[2022-12-11 18:53:42] [SEVERE ] removing player 3 token from slot 11
[2022-12-11 18:53:42] [SEVERE ] announcing winners: [0, 1]
[2022-12-11 18:53:42] [INFO   ] Thread main terminated.
