[2022-12-11 19:18:51] [INFO   ] cannot read configuration file config.properties trying from resources.
[2022-12-11 19:18:51] [INFO   ] configuration file was loaded from resources directory.
[2022-12-11 19:18:51] [SEVERE ] placing card 35 in slot 5
[2022-12-11 19:18:51] [SEVERE ] placing card 70 in slot 8
[2022-12-11 19:18:52] [SEVERE ] placing card 22 in slot 3
[2022-12-11 19:18:52] [SEVERE ] placing card 26 in slot 7
[2022-12-11 19:18:52] [SEVERE ] placing card 24 in slot 11
[2022-12-11 19:18:52] [SEVERE ] placing card 48 in slot 10
[2022-12-11 19:18:52] [SEVERE ] placing card 63 in slot 4
[2022-12-11 19:18:52] [SEVERE ] placing card 39 in slot 9
[2022-12-11 19:18:52] [SEVERE ] placing card 10 in slot 2
[2022-12-11 19:18:52] [SEVERE ] placing card 12 in slot 0
[2022-12-11 19:18:52] [SEVERE ] placing card 1 in slot 1
[2022-12-11 19:18:53] [SEVERE ] placing card 53 in slot 6
[2022-12-11 19:18:53] [SEVERE ] player 3 placing token on slot 2
[2022-12-11 19:18:53] [SEVERE ] player 2 placing token on slot 9
[2022-12-11 19:18:53] [SEVERE ] player 3 placing token on slot 10
[2022-12-11 19:18:53] [SEVERE ] removing player 2 token from slot 9
[2022-12-11 19:18:53] [SEVERE ] player 2 placing token on slot 11
[2022-12-11 19:18:53] [SEVERE ] removing player 3 token from slot 10
[2022-12-11 19:18:53] [SEVERE ] player 2 placing token on slot 1
[2022-12-11 19:18:53] [SEVERE ] player 3 placing token on slot 9
[2022-12-11 19:18:53] [SEVERE ] player 2 placing token on slot 4
[2022-12-11 19:18:53] [SEVERE ] player 3 placing token on slot 11
[2022-12-11 19:18:53] [SEVERE ] setting player 2 freeze to 0
[2022-12-11 19:18:53] [SEVERE ] setting player 3 freeze to 0
[2022-12-11 19:18:54] [SEVERE ] setting player 2 freeze to -101
[2022-12-11 19:18:54] [SEVERE ] setting player 3 freeze to -102
[2022-12-11 19:18:54] [SEVERE ] removing player 2 token from slot 4
[2022-12-11 19:18:54] [SEVERE ] removing player 3 token from slot 2
[2022-12-11 19:18:54] [SEVERE ] player 2 placing token on slot 10
[2022-12-11 19:18:54] [SEVERE ] setting player 2 freeze to 0
[2022-12-11 19:18:54] [SEVERE ] removing player 3 token from slot 9
[2022-12-11 19:18:54] [SEVERE ] setting player 2 freeze to -102
[2022-12-11 19:18:54] [SEVERE ] player 3 placing token on slot 9
[2022-12-11 19:18:54] [SEVERE ] removing player 3 token from slot 9
[2022-12-11 19:18:55] [SEVERE ] removing player 2 token from slot 11
[2022-12-11 19:18:55] [SEVERE ] player 3 placing token on slot 7
[2022-12-11 19:18:55] [SEVERE ] player 2 placing token on slot 2
[2022-12-11 19:18:55] [SEVERE ] setting player 2 freeze to 0
[2022-12-11 19:18:55] [SEVERE ] player 3 placing token on slot 4
[2022-12-11 19:18:55] [SEVERE ] setting player 3 freeze to 0
[2022-12-11 19:18:55] [SEVERE ] setting player 2 freeze to -101
[2022-12-11 19:18:55] [SEVERE ] setting player 3 freeze to -101
[2022-12-11 19:18:55] [SEVERE ] removing player 3 token from slot 7
[2022-12-11 19:18:55] [SEVERE ] removing player 2 token from slot 10
[2022-12-11 19:18:55] [SEVERE ] player 3 placing token on slot 3
[2022-12-11 19:18:55] [SEVERE ] player 2 placing token on slot 4
[2022-12-11 19:18:55] [SEVERE ] setting player 2 freeze to 0
[2022-12-11 19:18:55] [SEVERE ] setting player 3 freeze to 0
[2022-12-11 19:18:56] [SEVERE ] setting player 2 freeze to -101
[2022-12-11 19:18:56] [SEVERE ] setting player 3 freeze to -101
[2022-12-11 19:18:56] [SEVERE ] removing player 2 token from slot 4
[2022-12-11 19:18:56] [SEVERE ] removing player 3 token from slot 11
[2022-12-11 19:18:56] [SEVERE ] player 2 placing token on slot 8
[2022-12-11 19:18:56] [SEVERE ] setting player 2 freeze to 0
[2022-12-11 19:18:56] [SEVERE ] player 3 placing token on slot 11
[2022-12-11 19:18:56] [SEVERE ] setting player 3 freeze to 0
[2022-12-11 19:18:56] [SEVERE ] setting player 2 freeze to -103
[2022-12-11 19:18:56] [SEVERE ] setting player 3 freeze to -102
[2022-12-11 19:18:56] [SEVERE ] removing player 2 token from slot 1
[2022-12-11 19:18:56] [SEVERE ] removing player 3 token from slot 3
[2022-12-11 19:18:57] [SEVERE ] removing player 2 token from slot 8
[2022-12-11 19:18:57] [SEVERE ] player 3 placing token on slot 10
[2022-12-11 19:18:57] [SEVERE ] setting player 3 freeze to 0
[2022-12-11 19:18:57] [SEVERE ] removing player 2 token from slot 2
[2022-12-11 19:18:57] [SEVERE ] setting player 3 freeze to -103
[2022-12-11 19:18:57] [SEVERE ] player 2 placing token on slot 6
[2022-12-11 19:18:57] [SEVERE ] player 2 placing token on slot 7
[2022-12-11 19:18:57] [SEVERE ] player 2 placing token on slot 3
[2022-12-11 19:18:57] [SEVERE ] setting player 2 freeze to 0
[2022-12-11 19:18:57] [SEVERE ] removing player 3 token from slot 4
[2022-12-11 19:18:57] [SEVERE ] setting player 2 freeze to -103
[2022-12-11 19:18:58] [SEVERE ] player 3 placing token on slot 8
[2022-12-11 19:18:58] [SEVERE ] removing player 2 token from slot 3
[2022-12-11 19:18:58] [SEVERE ] setting player 3 freeze to 0
[2022-12-11 19:18:58] [SEVERE ] setting player 3 freeze to -101
[2022-12-11 19:18:58] [SEVERE ] player 2 placing token on slot 11
[2022-12-11 19:18:58] [SEVERE ] setting player 2 freeze to 0
[2022-12-11 19:18:58] [SEVERE ] setting player 2 freeze to -102
[2022-12-11 19:18:58] [SEVERE ] removing player 3 token from slot 8
[2022-12-11 19:18:58] [SEVERE ] removing player 2 token from slot 11
[2022-12-11 19:18:58] [SEVERE ] player 3 placing token on slot 4
[2022-12-11 19:18:58] [SEVERE ] setting player 3 freeze to 0
[2022-12-11 19:18:59] [SEVERE ] removing player 2 token from slot 6
[2022-12-11 19:18:59] [SEVERE ] setting player 3 freeze to -103
[2022-12-11 19:18:59] [SEVERE ] player 2 placing token on slot 1
[2022-12-11 19:18:59] [SEVERE ] player 2 placing token on slot 8
[2022-12-11 19:18:59] [SEVERE ] removing player 3 token from slot 4
[2022-12-11 19:18:59] [SEVERE ] setting player 2 freeze to 0
[2022-12-11 19:18:59] [SEVERE ] setting player 2 freeze to -102
[2022-12-11 19:18:59] [SEVERE ] player 3 placing token on slot 7
[2022-12-11 19:18:59] [SEVERE ] setting player 3 freeze to 0
[2022-12-11 19:18:59] [SEVERE ] setting player 3 freeze to -101
[2022-12-11 19:18:59] [SEVERE ] removing player 2 token from slot 1
[2022-12-11 19:19:00] [SEVERE ] removing player 2 token from slot 8
[2022-12-11 19:19:00] [SEVERE ] removing player 3 token from slot 11
[2022-12-11 19:19:00] [SEVERE ] player 2 placing token on slot 6
[2022-12-11 19:19:00] [SEVERE ] player 3 placing token on slot 5
[2022-12-11 19:19:00] [SEVERE ] setting player 3 freeze to 0
[2022-12-11 19:19:00] [SEVERE ] removing player 2 token from slot 7
[2022-12-11 19:19:00] [SEVERE ] setting player 3 freeze to -104
[2022-12-11 19:19:00] [SEVERE ] player 2 placing token on slot 3
[2022-12-11 19:19:01] [SEVERE ] player 2 placing token on slot 0
[2022-12-11 19:19:01] [SEVERE ] setting player 2 freeze to 0
[2022-12-11 19:19:01] [SEVERE ] setting player 2 freeze to -102
[2022-12-11 19:19:01] [SEVERE ] removing player 3 token from slot 10
[2022-12-11 19:19:01] [SEVERE ] removing player 2 token from slot 6
[2022-12-11 19:19:01] [SEVERE ] removing player 3 token from slot 5
[2022-12-11 19:19:01] [SEVERE ] player 2 placing token on slot 7
[2022-12-11 19:19:01] [SEVERE ] player 3 placing token on slot 1
[2022-12-11 19:19:01] [SEVERE ] setting player 2 freeze to 0
[2022-12-11 19:19:01] [SEVERE ] setting player 2 freeze to -102
[2022-12-11 19:19:01] [SEVERE ] player 3 placing token on slot 8
[2022-12-11 19:19:02] [SEVERE ] setting player 3 freeze to 0
[2022-12-11 19:19:02] [SEVERE ] setting player 3 freeze to -101
[2022-12-11 19:19:02] [SEVERE ] removing player 2 token from slot 0
[2022-12-11 19:19:02] [SEVERE ] removing player 2 token from slot 7
[2022-12-11 19:19:03] [SEVERE ] player 2 placing token on slot 10
[2022-12-11 19:19:03] [SEVERE ] removing player 3 token from slot 7
[2022-12-11 19:19:03] [SEVERE ] player 2 placing token on slot 5
[2022-12-11 19:19:03] [SEVERE ] player 3 placing token on slot 4
[2022-12-11 19:19:03] [SEVERE ] setting player 2 freeze to 0
[2022-12-11 19:19:03] [SEVERE ] setting player 3 freeze to 0
[2022-12-11 19:19:03] [SEVERE ] setting player 2 freeze to -102
[2022-12-11 19:19:03] [SEVERE ] setting player 3 freeze to -101
[2022-12-11 19:19:03] [SEVERE ] removing player 2 token from slot 10
[2022-12-11 19:19:04] [SEVERE ] player 2 placing token on slot 1
[2022-12-11 19:19:04] [SEVERE ] setting player 2 freeze to 0
[2022-12-11 19:19:04] [SEVERE ] setting player 2 freeze to -101
[2022-12-11 19:19:04] [SEVERE ] removing player 2 token from slot 5
[2022-12-11 19:19:04] [SEVERE ] player 2 placing token on slot 2
[2022-12-11 19:19:04] [SEVERE ] removing player 3 token from slot 1
[2022-12-11 19:19:04] [SEVERE ] setting player 2 freeze to 0
[2022-12-11 19:19:05] [SEVERE ] setting player 2 freeze to -101
[2022-12-11 19:19:05] [SEVERE ] removing player 3 token from slot 4
[2022-12-11 19:19:05] [SEVERE ] removing player 3 token from slot 8
[2022-12-11 19:19:05] [SEVERE ] removing player 2 token from slot 3
[2022-12-11 19:19:05] [SEVERE ] player 3 placing token on slot 0
[2022-12-11 19:19:05] [SEVERE ] player 2 placing token on slot 6
[2022-12-11 19:19:05] [SEVERE ] player 3 placing token on slot 3
[2022-12-11 19:19:05] [SEVERE ] setting player 2 freeze to 0
[2022-12-11 19:19:05] [SEVERE ] setting player 2 freeze to -102
[2022-12-11 19:19:05] [SEVERE ] player 3 placing token on slot 9
[2022-12-11 19:19:05] [SEVERE ] removing player 2 token from slot 1
[2022-12-11 19:19:06] [SEVERE ] setting player 3 freeze to 0
[2022-12-11 19:19:06] [SEVERE ] setting player 3 freeze to -101
[2022-12-11 19:19:06] [SEVERE ] player 2 placing token on slot 0
[2022-12-11 19:19:06] [SEVERE ] setting player 2 freeze to 0
[2022-12-11 19:19:06] [SEVERE ] setting player 2 freeze to -101
[2022-12-11 19:19:06] [SEVERE ] removing player 3 token from slot 0
[2022-12-11 19:19:06] [SEVERE ] removing player 2 token from slot 0
[2022-12-11 19:19:06] [SEVERE ] player 3 placing token on slot 0
[2022-12-11 19:19:06] [SEVERE ] setting player 3 freeze to 0
[2022-12-11 19:19:06] [SEVERE ] player 2 placing token on slot 0
[2022-12-11 19:19:06] [SEVERE ] removing card from slot 0
[2022-12-11 19:19:06] [SEVERE ] setting player 3 freeze to -111
[2022-12-11 19:19:06] [SEVERE ] setting player 2 freeze to 0
[2022-12-11 19:19:06] [SEVERE ] removing card from slot 1
[2022-12-11 19:19:06] [SEVERE ] setting player 2 freeze to -109
[2022-12-11 19:19:07] [SEVERE ] removing card from slot 2
[2022-12-11 19:19:07] [SEVERE ] removing card from slot 3
[2022-12-11 19:19:07] [SEVERE ] removing card from slot 4
[2022-12-11 19:19:07] [SEVERE ] removing card from slot 5
[2022-12-11 19:19:07] [SEVERE ] removing card from slot 6
[2022-12-11 19:19:07] [SEVERE ] removing card from slot 7
[2022-12-11 19:19:07] [SEVERE ] removing card from slot 8
[2022-12-11 19:19:07] [SEVERE ] removing card from slot 9
[2022-12-11 19:19:07] [SEVERE ] removing card from slot 10
[2022-12-11 19:19:08] [SEVERE ] removing card from slot 11
[2022-12-11 19:19:08] [SEVERE ] removing player 2 token from slot 2
[2022-12-11 19:19:08] [SEVERE ] removing player 2 token from slot 6
[2022-12-11 19:19:08] [SEVERE ] removing player 2 token from slot 0
[2022-12-11 19:19:08] [SEVERE ] removing player 3 token from slot 3
[2022-12-11 19:19:08] [SEVERE ] removing player 3 token from slot 9
[2022-12-11 19:19:08] [SEVERE ] removing player 3 token from slot 0
[2022-12-11 19:19:08] [SEVERE ] placing card 24 in slot 1
[2022-12-11 19:19:08] [SEVERE ] placing card 3 in slot 8
[2022-12-11 19:19:08] [SEVERE ] placing card 40 in slot 0
[2022-12-11 19:19:08] [SEVERE ] placing card 79 in slot 10
[2022-12-11 19:19:08] [SEVERE ] placing card 10 in slot 4
[2022-12-11 19:19:08] [SEVERE ] placing card 58 in slot 2
[2022-12-11 19:19:08] [SEVERE ] placing card 77 in slot 9
[2022-12-11 19:19:08] [SEVERE ] placing card 62 in slot 11
[2022-12-11 19:19:09] [SEVERE ] placing card 74 in slot 3
[2022-12-11 19:19:09] [SEVERE ] placing card 43 in slot 6
[2022-12-11 19:19:09] [SEVERE ] placing card 63 in slot 5
[2022-12-11 19:19:09] [SEVERE ] placing card 36 in slot 7
[2022-12-11 19:19:09] [SEVERE ] player 3 placing token on slot 11
[2022-12-11 19:19:09] [SEVERE ] player 2 placing token on slot 0
[2022-12-11 19:19:09] [SEVERE ] player 2 placing token on slot 6
[2022-12-11 19:19:09] [SEVERE ] player 3 placing token on slot 3
[2022-12-11 19:19:09] [SEVERE ] player 2 placing token on slot 9
[2022-12-11 19:19:09] [SEVERE ] player 3 placing token on slot 5
[2022-12-11 19:19:09] [SEVERE ] setting player 3 freeze to 0
[2022-12-11 19:19:09] [SEVERE ] setting player 2 freeze to 0
[2022-12-11 19:19:09] [SEVERE ] setting player 3 freeze to -101
[2022-12-11 19:19:09] [SEVERE ] setting player 2 freeze to -102
[2022-12-11 19:19:10] [SEVERE ] removing player 3 token from slot 11
[2022-12-11 19:19:10] [SEVERE ] player 3 placing token on slot 10
[2022-12-11 19:19:10] [SEVERE ] setting player 3 freeze to 0
[2022-12-11 19:19:10] [SEVERE ] removing player 2 token from slot 9
[2022-12-11 19:19:10] [SEVERE ] setting player 3 freeze to -102
[2022-12-11 19:19:10] [SEVERE ] player 2 placing token on slot 8
[2022-12-11 19:19:10] [SEVERE ] setting player 2 freeze to 0
[2022-12-11 19:19:10] [SEVERE ] removing player 3 token from slot 3
[2022-12-11 19:19:10] [SEVERE ] setting player 2 freeze to -101
[2022-12-11 19:19:11] [SEVERE ] player 3 placing token on slot 7
[2022-12-11 19:19:11] [SEVERE ] setting player 3 freeze to 0
[2022-12-11 19:19:11] [SEVERE ] Exit button pressed
[2022-12-11 19:19:11] [SEVERE ] setting player 3 freeze to -102
[2022-12-11 19:19:23] [SEVERE ] removing card from slot 0
[2022-12-11 19:19:23] [SEVERE ] removing card from slot 1
[2022-12-11 19:19:23] [SEVERE ] removing card from slot 2
[2022-12-11 19:19:23] [SEVERE ] removing card from slot 3
[2022-12-11 19:19:23] [SEVERE ] removing card from slot 4
[2022-12-11 19:19:23] [SEVERE ] removing card from slot 5
[2022-12-11 19:19:23] [SEVERE ] removing card from slot 6
[2022-12-11 19:19:23] [SEVERE ] removing card from slot 7
[2022-12-11 19:19:24] [SEVERE ] removing card from slot 8
[2022-12-11 19:19:24] [SEVERE ] removing card from slot 9
[2022-12-11 19:19:24] [SEVERE ] removing card from slot 10
[2022-12-11 19:19:24] [SEVERE ] removing card from slot 11
[2022-12-11 19:19:24] [SEVERE ] removing player 2 token from slot 0
[2022-12-11 19:19:24] [SEVERE ] removing player 2 token from slot 6
[2022-12-11 19:19:24] [SEVERE ] removing player 2 token from slot 8
[2022-12-11 19:19:24] [SEVERE ] removing player 3 token from slot 5
[2022-12-11 19:19:24] [SEVERE ] removing player 3 token from slot 10
[2022-12-11 19:19:24] [SEVERE ] removing player 3 token from slot 7
[2022-12-11 19:19:24] [SEVERE ] announcing winners: [0, 1]
[2022-12-11 19:19:24] [INFO   ] Thread main terminated.
